2022-10-22 21:59:52,965 mloop                INFO     M-LOOP version 3.3.1
2022-10-22 21:59:52,965 mloop                DEBUG    M-LOOP Logger configured.
2022-10-22 21:59:52,965 mloop.interfaces     DEBUG    Creating interface.
2022-10-22 21:59:52,966 mloop.controllers    DEBUG    Controller init completed.
2022-10-22 21:59:52,967 mloop.learners.1     DEBUG    Learner init completed.
2022-10-22 21:59:52,967 mloop.learners.1     DEBUG    Random learner init completed.
2022-10-22 21:59:52,967 mloop.learners.2     DEBUG    Learner init completed.
2022-10-22 21:59:52,968 mloop.controllers    INFO     Optimization started.
2022-10-22 21:59:52,968 mloop.learners.1     DEBUG    Starting Random Learner
2022-10-22 21:59:52,968 mloop.interfaces     DEBUG    Entering main loop of interface.
2022-10-22 21:59:52,968 mloop.controllers    DEBUG    ML learner started.
2022-10-22 21:59:52,974 mloop.controllers    DEBUG    Starting training optimization.
2022-10-22 21:59:52,974 mloop.controllers    INFO     Run:1 (training)
2022-10-22 21:59:52,975 mloop.controllers    INFO     params [0.27995706 0.73038453]
2022-10-22 21:59:59,359 mloop.controllers    INFO     cost -1.282511210762332 +/- 0.0
2022-10-22 21:59:59,360 mloop.controllers    INFO     Run:2 (training)
2022-10-22 21:59:59,361 mloop.controllers    INFO     params [0.85808683 0.60276551]
2022-10-22 22:00:05,042 mloop.controllers    INFO     cost -1.3197099538562955 +/- 0.0
2022-10-22 22:00:05,042 mloop.controllers    INFO     Run:3 (training)
2022-10-22 22:00:05,043 mloop.controllers    INFO     params [0.96166735 0.2146961 ]
2022-10-22 22:00:10,644 mloop.controllers    INFO     cost -1.3970690858339148 +/- 0.0
2022-10-22 22:00:10,644 mloop.controllers    INFO     Run:4 (training)
2022-10-22 22:00:10,646 mloop.controllers    INFO     params [0.2443241  0.07215486]
2022-10-22 22:00:16,097 mloop.controllers    INFO     cost -1.2957928802588998 +/- 0.0
2022-10-22 22:00:16,098 mloop.controllers    INFO     Run:5 (training)
2022-10-22 22:00:16,099 mloop.controllers    INFO     params [0.36142525 0.02547481]
2022-10-22 22:00:21,647 mloop.controllers    INFO     cost -1.3591310251188051 +/- 0.0
2022-10-22 22:00:21,648 mloop.controllers    INFO     Run:6 (training)
2022-10-22 22:00:21,649 mloop.controllers    INFO     params [0.11122007 0.3456946 ]
2022-10-22 22:00:27,156 mloop.controllers    INFO     cost -1.3320026613439788 +/- 0.0
2022-10-22 22:00:27,156 mloop.controllers    INFO     Run:7 (training)
2022-10-22 22:00:27,157 mloop.controllers    INFO     params [0.99332651 0.56935596]
2022-10-22 22:00:32,621 mloop.controllers    INFO     cost -1.3231989424983477 +/- 0.0
2022-10-22 22:00:32,621 mloop.controllers    INFO     Run:8 (training)
2022-10-22 22:00:32,622 mloop.controllers    INFO     params [0.79579333 0.37638783]
2022-10-22 22:00:37,310 mloop.controllers    WARNING  !!! Do not give the interrupt signal again !!! 
 M-LOOP stopped with keyboard interupt or system exit. Please wait at least 1 minute for the threads to safely shut down. 
 
2022-10-22 22:00:37,313 mloop.controllers    WARNING  Closing down controller.
2022-10-22 22:00:37,313 mloop.controllers    DEBUG    ML learner end set.
2022-10-22 22:00:37,313 mloop.controllers    DEBUG    ML learner joined
2022-10-22 22:00:37,314 mloop.controllers    INFO     Machine learning learner did not provide best and/or all minima.
2022-10-22 22:00:37,314 mloop.controllers    DEBUG    Learner end event set.
2022-10-22 22:00:37,314 mloop.controllers    DEBUG    Interface end event set.
2022-10-22 22:00:37,603 mloop.interfaces     DEBUG    Interface ended
2022-10-22 22:00:37,629 mloop.learners.1     DEBUG    Learner end signal received. Ending
2022-10-22 22:00:38,631 mloop.learners.1     DEBUG    Performing shut down of learner.
2022-10-22 22:00:38,632 mloop.learners.1     DEBUG    Ended Random Learner
2022-10-22 22:00:38,632 mloop.controllers    DEBUG    Learner joined.
2022-10-22 22:00:38,632 mloop.controllers    DEBUG    Interface joined.
2022-10-22 22:00:38,634 mloop.controllers    INFO     Optimization ended because:
2022-10-22 22:00:38,634 mloop.controllers    INFO     Results:
2022-10-22 22:00:38,635 mloop.controllers    INFO     	* Best parameters found:[0.96166735 0.2146961 ]
2022-10-22 22:00:38,635 mloop.controllers    INFO     	* Best cost returned:-1.3970690858339148 +/- 0.0
2022-10-22 22:00:38,635 mloop.controllers    INFO     	* Best run number:3
2022-10-22 22:00:38,635 mloop.controllers    INFO     M-LOOP Done.
