2022-10-22 22:34:43,375 mloop                INFO     M-LOOP version 3.3.1
2022-10-22 22:34:43,375 mloop                DEBUG    M-LOOP Logger configured.
2022-10-22 22:34:43,375 mloop.interfaces     DEBUG    Creating interface.
2022-10-22 22:34:43,376 mloop.controllers    DEBUG    Controller init completed.
2022-10-22 22:34:43,377 mloop.learners.1     DEBUG    Learner init completed.
2022-10-22 22:34:43,377 mloop.learners.1     DEBUG    Random learner init completed.
2022-10-22 22:34:43,377 mloop.learners.2     DEBUG    Learner init completed.
2022-10-22 22:34:43,378 mloop.controllers    INFO     Optimization started.
2022-10-22 22:34:43,378 mloop.learners.1     DEBUG    Starting Random Learner
2022-10-22 22:34:43,378 mloop.interfaces     DEBUG    Entering main loop of interface.
2022-10-22 22:34:43,378 mloop.controllers    DEBUG    ML learner started.
2022-10-22 22:34:43,384 mloop.controllers    DEBUG    Starting training optimization.
2022-10-22 22:34:43,384 mloop.controllers    INFO     Run:1 (training)
2022-10-22 22:34:43,385 mloop.controllers    INFO     params [0.4285109  0.53463993]
2022-10-22 22:34:49,371 mloop.controllers    INFO     cost -1.0654603512506653 +/- 0.0
2022-10-22 22:34:49,371 mloop.controllers    INFO     Run:2 (training)
2022-10-22 22:34:49,374 mloop.controllers    INFO     params [0.54350633 0.76795549]
2022-10-22 22:34:54,959 mloop.controllers    INFO     cost -1.054239073196419 +/- 0.0
2022-10-22 22:34:54,959 mloop.controllers    INFO     Run:3 (training)
2022-10-22 22:34:54,960 mloop.controllers    INFO     params [0.16452452 0.59153917]
2022-10-22 22:34:54,960 mloop.controllers    DEBUG    Starting ML optimization.
2022-10-22 22:35:00,199 mloop.controllers    INFO     cost -1.1190609278926775 +/- 0.0
2022-10-22 22:35:00,201 mloop.controllers    DEBUG    End training runs.
2022-10-22 22:35:00,201 mloop.controllers    INFO     Run:4 (machine learner)
2022-10-22 22:39:25,708 mloop.controllers    WARNING  !!! Do not give the interrupt signal again !!! 
 M-LOOP stopped with keyboard interupt or system exit. Please wait at least 1 minute for the threads to safely shut down. 
 
2022-10-22 22:39:25,708 mloop.controllers    WARNING  Closing down controller.
2022-10-22 22:39:25,709 mloop.controllers    DEBUG    ML learner end set.
2022-10-22 22:39:25,710 mloop.controllers    DEBUG    ML learner joined
2022-10-22 22:39:25,710 mloop.controllers    INFO     Machine learning learner did not provide best and/or all minima.
2022-10-22 22:39:25,711 mloop.controllers    DEBUG    Learner end event set.
2022-10-22 22:39:25,711 mloop.controllers    DEBUG    Interface end event set.
2022-10-22 22:39:26,277 mloop.learners.1     DEBUG    Learner end signal received. Ending
2022-10-22 22:39:26,479 mloop.interfaces     DEBUG    Interface ended
