2022-10-23 15:51:45,590 mloop                INFO     M-LOOP version 3.3.1
2022-10-23 15:51:45,590 mloop                DEBUG    M-LOOP Logger configured.
2022-10-23 15:51:45,590 mloop.interfaces     DEBUG    Creating interface.
2022-10-23 15:51:45,591 mloop.controllers    DEBUG    Controller init completed.
2022-10-23 15:51:45,591 mloop.learners.1     DEBUG    Learner init completed.
2022-10-23 15:51:45,591 mloop.learners.1     DEBUG    Random learner init completed.
2022-10-23 15:51:45,592 mloop.learners.2     DEBUG    Learner init completed.
2022-10-23 15:51:45,592 mloop.controllers    INFO     Optimization started.
2022-10-23 15:51:45,592 mloop.learners.1     DEBUG    Starting Random Learner
2022-10-23 15:51:45,593 mloop.interfaces     DEBUG    Entering main loop of interface.
2022-10-23 15:51:45,593 mloop.controllers    DEBUG    ML learner started.
2022-10-23 15:51:45,599 mloop.controllers    DEBUG    Starting training optimization.
2022-10-23 15:51:45,599 mloop.controllers    INFO     Run:1 (training)
2022-10-23 15:51:45,601 mloop.controllers    INFO     params [0.53902579 0.52657023 0.13158148 0.22488459 0.48015759 0.97119404]
2022-10-23 15:51:51,352 mloop.controllers    INFO     cost -1.0969863013698629 +/- 0.0
2022-10-23 15:51:51,352 mloop.controllers    INFO     Run:2 (training)
2022-10-23 15:51:51,353 mloop.controllers    INFO     params [0.4187614  0.02835384 0.49862979 0.70516132 0.46623375 0.86150067]
2022-10-23 15:51:56,690 mloop.controllers    INFO     cost -1.0620689655172413 +/- 0.0
2022-10-23 15:51:56,691 mloop.controllers    INFO     Run:3 (training)
2022-10-23 15:51:56,692 mloop.controllers    INFO     params [0.36294478 0.58586928 0.41718911 0.55587157 0.37819313 0.56572051]
2022-10-23 15:51:56,692 mloop.controllers    DEBUG    Starting ML optimization.
2022-10-23 15:52:01,991 mloop.controllers    INFO     cost -1.0520231213872833 +/- 0.0
2022-10-23 15:52:02,002 mloop.controllers    DEBUG    End training runs.
2022-10-23 15:52:02,002 mloop.controllers    INFO     Run:4 (machine learner)
2022-10-23 15:52:09,475 mloop.controllers    INFO     params [0.44150034 1.         0.69898946 0.         0.57998694 0.61656544]
2022-10-23 15:52:15,234 mloop.controllers    INFO     cost -1.0432516935904117 +/- 0.0
2022-10-23 15:52:15,235 mloop.controllers    INFO     Run:5 (machine learner)
2022-10-23 15:52:16,675 mloop.controllers    INFO     params [0.52439616 0.3874868  0.08233539 0.20168694 0.55896828 0.93104828]
2022-10-23 15:52:22,339 mloop.controllers    INFO     cost -1.0945872061235649 +/- 0.0
2022-10-23 15:52:22,339 mloop.controllers    INFO     Controller finished. Closing down M-LOOP. Please wait a moment...
2022-10-23 15:52:22,340 mloop.controllers    DEBUG    ML learner end set.
2022-10-23 15:52:31,907 mloop.controllers    DEBUG    ML learner joined
2022-10-23 15:52:31,907 mloop.controllers    DEBUG    Learner end event set.
2022-10-23 15:52:31,907 mloop.controllers    DEBUG    Interface end event set.
2022-10-23 15:52:32,349 mloop.interfaces     DEBUG    Interface ended
2022-10-23 15:52:32,732 mloop.learners.1     DEBUG    Learner end signal received. Ending
2022-10-23 15:52:33,734 mloop.learners.1     DEBUG    Performing shut down of learner.
2022-10-23 15:52:33,736 mloop.learners.1     DEBUG    Ended Random Learner
2022-10-23 15:52:33,736 mloop.controllers    DEBUG    Learner joined.
2022-10-23 15:52:33,737 mloop.controllers    DEBUG    Interface joined.
2022-10-23 15:52:33,741 mloop.controllers    INFO     Optimization ended because:
2022-10-23 15:52:33,741 mloop.controllers    INFO     	* Maximum number of runs reached.
2022-10-23 15:52:33,741 mloop.controllers    INFO     Results:
2022-10-23 15:52:33,742 mloop.controllers    INFO     	* Best parameters found:[0.53902579 0.52657023 0.13158148 0.22488459 0.48015759 0.97119404]
2022-10-23 15:52:33,742 mloop.controllers    INFO     	* Best cost returned:-1.0969863013698629 +/- 0.0
2022-10-23 15:52:33,742 mloop.controllers    INFO     	* Best run number:1
2022-10-23 15:52:33,742 mloop.controllers    INFO     	* Predicted best parameters:[0.52063166 0.20042733 0.05263376 0.2856176  0.51593536 0.87254335]
2022-10-23 15:52:33,742 mloop.controllers    INFO     	* Predicted best cost:-1.1002312807133745
2022-10-23 15:52:33,742 mloop.controllers    INFO     M-LOOP Done.
2022-10-23 15:52:44,738 mloop.interfaces     DEBUG    Creating interface.
2022-10-23 15:52:44,739 mloop.controllers    DEBUG    Controller init completed.
2022-10-23 15:52:44,739 mloop.learners.3     DEBUG    Learner init completed.
2022-10-23 15:52:44,739 mloop.learners.3     DEBUG    Random learner init completed.
2022-10-23 15:52:44,740 mloop.learners.4     DEBUG    Learner init completed.
2022-10-23 15:52:44,740 mloop.controllers    INFO     Optimization started.
2022-10-23 15:52:44,740 mloop.learners.3     DEBUG    Starting Random Learner
2022-10-23 15:52:44,740 mloop.interfaces     DEBUG    Entering main loop of interface.
2022-10-23 15:52:44,740 mloop.controllers    DEBUG    ML learner started.
2022-10-23 15:52:44,743 mloop.controllers    DEBUG    Starting training optimization.
2022-10-23 15:52:44,744 mloop.controllers    INFO     Run:1 (training)
2022-10-23 15:52:44,745 mloop.controllers    INFO     params [0.55939904 0.36466166 0.96989625 0.60549905 0.87240952 0.64316683]
2022-10-23 15:52:50,665 mloop.controllers    INFO     cost -1.0688734650293645 +/- 0.0
2022-10-23 15:52:50,665 mloop.controllers    INFO     Run:2 (training)
2022-10-23 15:52:50,667 mloop.controllers    INFO     params [0.48208349 0.9259654  0.38512829 0.52604372 0.30994579 0.23431248]
2022-10-23 15:52:53,295 mloop.controllers    WARNING  !!! Do not give the interrupt signal again !!! 
 M-LOOP stopped with keyboard interupt or system exit. Please wait at least 1 minute for the threads to safely shut down. 
 
2022-10-23 15:52:53,300 mloop.controllers    WARNING  Closing down controller.
2022-10-23 15:52:53,300 mloop.controllers    DEBUG    ML learner end set.
2022-10-23 15:52:53,434 mloop.interfaces     DEBUG    Interface ended
2022-10-23 15:52:53,670 mloop.controllers    DEBUG    ML learner joined
2022-10-23 15:52:53,670 mloop.controllers    INFO     Machine learning learner did not provide best and/or all minima.
2022-10-23 15:52:53,670 mloop.controllers    DEBUG    Learner end event set.
2022-10-23 15:52:53,670 mloop.controllers    DEBUG    Interface end event set.
2022-10-23 15:52:54,671 mloop.learners.3     DEBUG    Learner end signal received. Ending
