2022-10-22 22:39:56,647 mloop                INFO     M-LOOP version 3.3.1
2022-10-22 22:39:56,647 mloop                DEBUG    M-LOOP Logger configured.
2022-10-22 22:39:56,647 mloop.interfaces     DEBUG    Creating interface.
2022-10-22 22:39:56,648 mloop.controllers    DEBUG    Controller init completed.
2022-10-22 22:39:56,649 mloop.learners.1     DEBUG    Learner init completed.
2022-10-22 22:39:56,649 mloop.learners.1     DEBUG    Random learner init completed.
2022-10-22 22:39:56,649 mloop.learners.2     DEBUG    Learner init completed.
2022-10-22 22:39:56,650 mloop.controllers    INFO     Optimization started.
2022-10-22 22:39:56,650 mloop.learners.1     DEBUG    Starting Random Learner
2022-10-22 22:39:56,651 mloop.interfaces     DEBUG    Entering main loop of interface.
2022-10-22 22:39:56,651 mloop.controllers    DEBUG    ML learner started.
2022-10-22 22:39:56,657 mloop.controllers    DEBUG    Starting training optimization.
2022-10-22 22:39:56,657 mloop.controllers    INFO     Run:1 (training)
2022-10-22 22:39:56,659 mloop.controllers    INFO     params [0.28875416 0.49844501]
2022-10-22 22:40:02,362 mloop.controllers    INFO     cost -1.0564643799472295 +/- 0.0
2022-10-22 22:40:02,363 mloop.controllers    INFO     Run:2 (training)
2022-10-22 22:40:02,364 mloop.controllers    INFO     params [0.20749186 0.000526  ]
2022-10-22 22:40:07,558 mloop.controllers    INFO     cost -1.0520231213872833 +/- 0.0
2022-10-22 22:40:07,559 mloop.controllers    INFO     Run:3 (training)
2022-10-22 22:40:07,559 mloop.controllers    INFO     params [0.80598223 0.94980161]
2022-10-22 22:40:07,560 mloop.controllers    DEBUG    Starting ML optimization.
2022-10-22 22:40:12,866 mloop.controllers    INFO     cost -1.0553505535055352 +/- 0.0
2022-10-22 22:40:12,867 mloop.controllers    DEBUG    End training runs.
2022-10-22 22:40:12,867 mloop.controllers    INFO     Run:4 (machine learner)
2022-10-22 22:42:29,762 mloop.controllers    WARNING  !!! Do not give the interrupt signal again !!! 
 M-LOOP stopped with keyboard interupt or system exit. Please wait at least 1 minute for the threads to safely shut down. 
 
2022-10-22 22:42:29,762 mloop.controllers    WARNING  Closing down controller.
2022-10-22 22:42:29,762 mloop.controllers    DEBUG    ML learner end set.
2022-10-22 22:42:29,762 mloop.controllers    DEBUG    ML learner joined
2022-10-22 22:42:29,763 mloop.controllers    INFO     Machine learning learner did not provide best and/or all minima.
2022-10-22 22:42:29,763 mloop.controllers    DEBUG    Learner end event set.
2022-10-22 22:42:29,763 mloop.controllers    DEBUG    Interface end event set.
2022-10-22 22:42:30,019 mloop.interfaces     DEBUG    Interface ended
2022-10-22 22:42:30,745 mloop.learners.1     DEBUG    Learner end signal received. Ending
2022-10-22 22:42:31,747 mloop.learners.1     DEBUG    Performing shut down of learner.
2022-10-22 22:42:31,748 mloop.learners.1     DEBUG    Ended Random Learner
