2022-10-22 22:06:29,734 mloop                INFO     M-LOOP version 3.3.1
2022-10-22 22:06:29,734 mloop                DEBUG    M-LOOP Logger configured.
2022-10-22 22:06:29,734 mloop.interfaces     DEBUG    Creating interface.
2022-10-22 22:06:29,735 mloop.controllers    DEBUG    Controller init completed.
2022-10-22 22:06:29,736 mloop.learners.1     DEBUG    Learner init completed.
2022-10-22 22:06:29,736 mloop.learners.1     DEBUG    Random learner init completed.
2022-10-22 22:06:29,736 mloop.learners.2     DEBUG    Learner init completed.
2022-10-22 22:06:29,737 mloop.controllers    INFO     Optimization started.
2022-10-22 22:06:29,737 mloop.learners.1     DEBUG    Starting Random Learner
2022-10-22 22:06:29,737 mloop.interfaces     DEBUG    Entering main loop of interface.
2022-10-22 22:06:29,737 mloop.controllers    DEBUG    ML learner started.
2022-10-22 22:06:29,743 mloop.controllers    DEBUG    Starting training optimization.
2022-10-22 22:06:29,743 mloop.controllers    INFO     Run:1 (training)
2022-10-22 22:06:29,744 mloop.controllers    INFO     params [0.69165776 0.03238748]
2022-10-22 22:06:35,780 mloop.controllers    INFO     cost -1.066595631326585 +/- 0.0
2022-10-22 22:06:35,780 mloop.controllers    INFO     Run:2 (training)
2022-10-22 22:06:35,782 mloop.controllers    INFO     params [0.89972568 0.33127719]
2022-10-22 22:06:41,270 mloop.controllers    INFO     cost -1.0886351277868407 +/- 0.0
2022-10-22 22:06:41,270 mloop.controllers    INFO     Run:3 (training)
2022-10-22 22:06:41,271 mloop.controllers    INFO     params [0.42825278 0.90652339]
2022-10-22 22:06:41,271 mloop.controllers    DEBUG    Starting ML optimization.
2022-10-22 22:06:46,872 mloop.controllers    INFO     cost -1.0654603512506653 +/- 0.0
2022-10-22 22:06:46,873 mloop.controllers    DEBUG    End training runs.
2022-10-22 22:06:46,873 mloop.controllers    INFO     Run:4 (machine learner)
2022-10-22 22:14:55,014 mloop.controllers    WARNING  !!! Do not give the interrupt signal again !!! 
 M-LOOP stopped with keyboard interupt or system exit. Please wait at least 1 minute for the threads to safely shut down. 
 
2022-10-22 22:14:55,015 mloop.controllers    WARNING  Closing down controller.
2022-10-22 22:14:55,015 mloop.controllers    DEBUG    ML learner end set.
2022-10-22 22:14:55,015 mloop.controllers    DEBUG    ML learner joined
2022-10-22 22:14:55,015 mloop.controllers    INFO     Machine learning learner did not provide best and/or all minima.
2022-10-22 22:14:55,016 mloop.controllers    DEBUG    Learner end event set.
2022-10-22 22:14:55,016 mloop.controllers    DEBUG    Interface end event set.
2022-10-22 22:14:55,501 mloop.interfaces     DEBUG    Interface ended
2022-10-22 22:14:55,908 mloop.learners.1     DEBUG    Learner end signal received. Ending
2022-10-22 22:14:56,910 mloop.learners.1     DEBUG    Performing shut down of learner.
2022-10-22 22:14:56,911 mloop.learners.1     DEBUG    Ended Random Learner
2022-10-22 22:14:56,911 mloop.controllers    DEBUG    Learner joined.
2022-10-22 22:14:56,911 mloop.controllers    DEBUG    Interface joined.
2022-10-22 22:14:56,914 mloop.controllers    INFO     Optimization ended because:
2022-10-22 22:14:56,914 mloop.controllers    INFO     Results:
2022-10-22 22:14:56,915 mloop.controllers    INFO     	* Best parameters found:[0.89972568 0.33127719]
2022-10-22 22:14:56,915 mloop.controllers    INFO     	* Best cost returned:-1.0886351277868407 +/- 0.0
2022-10-22 22:14:56,915 mloop.controllers    INFO     	* Best run number:2
2022-10-22 22:14:56,915 mloop.controllers    INFO     M-LOOP Done.
