2022-10-22 21:58:45,016 mloop                INFO     M-LOOP version 3.3.1
2022-10-22 21:58:45,017 mloop                DEBUG    M-LOOP Logger configured.
2022-10-22 21:58:45,017 mloop.interfaces     DEBUG    Creating interface.
2022-10-22 21:58:45,018 mloop.controllers    DEBUG    Controller init completed.
2022-10-22 21:58:45,019 mloop.learners.1     DEBUG    Learner init completed.
2022-10-22 21:58:45,019 mloop.learners.1     DEBUG    Random learner init completed.
2022-10-22 21:58:45,020 mloop.learners.2     DEBUG    Learner init completed.
2022-10-22 21:58:45,020 mloop.controllers    INFO     Optimization started.
2022-10-22 21:58:45,020 mloop.learners.1     DEBUG    Starting Random Learner
2022-10-22 21:58:45,021 mloop.interfaces     DEBUG    Entering main loop of interface.
2022-10-22 21:58:45,022 mloop.controllers    DEBUG    ML learner started.
2022-10-22 21:58:45,029 mloop.controllers    DEBUG    Starting training optimization.
2022-10-22 21:58:45,029 mloop.controllers    INFO     Run:1 (training)
2022-10-22 21:58:45,032 mloop.controllers    INFO     params [0.46139343 0.43763394]
2022-10-22 21:58:45,034 mloop.interfaces     DEBUG    Interface ended
2022-10-22 21:58:46,036 mloop.controllers    ERROR    The interface raised an error with traceback:
  File "/Users/jluke/Documents/Harvard/Rotations/NiGroup/MLOptimization/M-LOOP/mloop/interfaces.py", line 133, in run
    cost_dict = self.get_next_cost_dict(params_dict)

  File "/Users/jluke/Documents/Harvard/Rotations/NiGroup/MLOptimization/MLSequenceMaker/MLSequenceBuilder.py", line 103, in get_next_cost_dict
    cost = self.eval(seq)

2022-10-22 21:58:46,036 mloop.controllers    WARNING  Controller ended due to exception of some kind. Starting shut down...
2022-10-22 21:58:46,036 mloop.controllers    DEBUG    ML learner end set.
2022-10-22 21:58:48,333 mloop.controllers    DEBUG    ML learner joined
2022-10-22 21:58:48,333 mloop.controllers    INFO     Machine learning learner did not provide best and/or all minima.
2022-10-22 21:58:48,333 mloop.controllers    DEBUG    Learner end event set.
2022-10-22 21:58:48,333 mloop.controllers    DEBUG    Interface end event set.
2022-10-22 21:58:49,026 mloop.learners.1     DEBUG    Learner end signal received. Ending
2022-10-22 21:58:50,028 mloop.learners.1     DEBUG    Performing shut down of learner.
2022-10-22 21:58:50,028 mloop.learners.1     DEBUG    Ended Random Learner
2022-10-22 21:58:50,028 mloop.controllers    DEBUG    Learner joined.
2022-10-22 21:58:50,028 mloop.controllers    DEBUG    Interface joined.
2022-10-22 21:58:50,029 mloop.controllers    WARNING  Safely shut down. Below are results found before exception.
2022-10-22 21:58:50,029 mloop.controllers    INFO     Optimization ended because:
2022-10-22 21:58:50,029 mloop.controllers    INFO     	* Error occurred.
2022-10-22 21:58:50,029 mloop.controllers    INFO     Results:
2022-10-22 21:58:50,029 mloop.controllers    INFO     	* Best parameters found:nan
2022-10-22 21:58:50,029 mloop.controllers    INFO     	* Best cost returned:inf +/- nan
2022-10-22 21:58:50,029 mloop.controllers    INFO     	* Best run number:nan
