2022-10-22 22:32:44,900 mloop                INFO     M-LOOP version 3.3.1
2022-10-22 22:32:44,900 mloop                DEBUG    M-LOOP Logger configured.
2022-10-22 22:32:44,900 mloop.interfaces     DEBUG    Creating interface.
2022-10-22 22:32:44,901 mloop.controllers    DEBUG    Controller init completed.
2022-10-22 22:32:44,902 mloop.learners.1     DEBUG    Learner init completed.
2022-10-22 22:32:44,902 mloop.learners.1     DEBUG    Random learner init completed.
2022-10-22 22:32:44,903 mloop.learners.2     DEBUG    Learner init completed.
2022-10-22 22:32:44,903 mloop.controllers    INFO     Optimization started.
2022-10-22 22:32:44,903 mloop.learners.1     DEBUG    Starting Random Learner
2022-10-22 22:32:44,904 mloop.interfaces     DEBUG    Entering main loop of interface.
2022-10-22 22:32:44,904 mloop.controllers    DEBUG    ML learner started.
2022-10-22 22:32:44,911 mloop.controllers    DEBUG    Starting training optimization.
2022-10-22 22:32:44,911 mloop.controllers    INFO     Run:1 (training)
2022-10-22 22:32:44,913 mloop.controllers    INFO     params [0.75411704 0.59148761]
2022-10-22 22:32:50,880 mloop.controllers    INFO     cost -1.0957854406130267 +/- 0.0
2022-10-22 22:32:50,880 mloop.controllers    INFO     Run:2 (training)
2022-10-22 22:32:50,882 mloop.controllers    INFO     params [0.72329516 0.06971884]
2022-10-22 22:32:56,507 mloop.controllers    INFO     cost -1.07576571735626 +/- 0.0
2022-10-22 22:32:56,508 mloop.controllers    INFO     Run:3 (training)
2022-10-22 22:32:56,509 mloop.controllers    INFO     params [0.28787197 0.2597281 ]
2022-10-22 22:32:56,509 mloop.controllers    DEBUG    Starting ML optimization.
2022-10-22 22:33:02,054 mloop.controllers    INFO     cost -1.0886351277868407 +/- 0.0
2022-10-22 22:33:02,055 mloop.controllers    DEBUG    End training runs.
2022-10-22 22:33:02,055 mloop.controllers    INFO     Run:4 (machine learner)
2022-10-22 22:33:39,715 mloop.controllers    WARNING  !!! Do not give the interrupt signal again !!! 
 M-LOOP stopped with keyboard interupt or system exit. Please wait at least 1 minute for the threads to safely shut down. 
 
2022-10-22 22:33:39,715 mloop.controllers    WARNING  Closing down controller.
2022-10-22 22:33:39,715 mloop.controllers    DEBUG    ML learner end set.
2022-10-22 22:33:39,715 mloop.controllers    DEBUG    ML learner joined
2022-10-22 22:33:39,716 mloop.controllers    INFO     Machine learning learner did not provide best and/or all minima.
2022-10-22 22:33:39,716 mloop.controllers    DEBUG    Learner end event set.
2022-10-22 22:33:39,716 mloop.controllers    DEBUG    Interface end event set.
2022-10-22 22:33:40,107 mloop.interfaces     DEBUG    Interface ended
2022-10-22 22:33:40,575 mloop.learners.1     DEBUG    Learner end signal received. Ending
2022-10-22 22:33:41,576 mloop.learners.1     DEBUG    Performing shut down of learner.
2022-10-22 22:33:41,577 mloop.learners.1     DEBUG    Ended Random Learner
