2022-10-22 22:49:52,356 mloop                INFO     M-LOOP version 3.3.1
2022-10-22 22:49:52,356 mloop                DEBUG    M-LOOP Logger configured.
2022-10-22 22:49:52,356 mloop.interfaces     DEBUG    Creating interface.
2022-10-22 22:49:52,357 mloop.controllers    DEBUG    Controller init completed.
2022-10-22 22:49:52,358 mloop.learners.1     DEBUG    Learner init completed.
2022-10-22 22:49:52,358 mloop.learners.1     DEBUG    Random learner init completed.
2022-10-22 22:49:52,358 mloop.learners.2     DEBUG    Learner init completed.
2022-10-22 22:49:52,358 mloop.controllers    INFO     Optimization started.
2022-10-22 22:49:52,358 mloop.learners.1     DEBUG    Starting Random Learner
2022-10-22 22:49:52,359 mloop.interfaces     DEBUG    Entering main loop of interface.
2022-10-22 22:49:52,359 mloop.controllers    DEBUG    ML learner started.
2022-10-22 22:49:52,365 mloop.controllers    DEBUG    Starting training optimization.
2022-10-22 22:49:52,365 mloop.controllers    INFO     Run:1 (training)
2022-10-22 22:49:52,366 mloop.controllers    INFO     params [0.70240062 0.53489047]
2022-10-22 22:49:58,367 mloop.controllers    INFO     cost -1.0620689655172413 +/- 0.0
2022-10-22 22:49:58,367 mloop.controllers    INFO     Run:2 (training)
2022-10-22 22:49:58,368 mloop.controllers    INFO     params [0.75952664 0.37344828]
2022-10-22 22:50:03,969 mloop.controllers    INFO     cost -1.0531299316149396 +/- 0.0
2022-10-22 22:50:03,969 mloop.controllers    INFO     Run:3 (training)
2022-10-22 22:50:03,971 mloop.controllers    INFO     params [0.4299501  0.07906661]
2022-10-22 22:50:03,971 mloop.controllers    DEBUG    Starting ML optimization.
2022-10-22 22:50:09,661 mloop.controllers    INFO     cost -1.0531299316149396 +/- 0.0
2022-10-22 22:50:09,682 mloop.controllers    DEBUG    End training runs.
2022-10-22 22:50:09,683 mloop.controllers    INFO     Run:4 (machine learner)
2022-10-22 22:50:15,700 mloop.controllers    INFO     params [0.86534238 1.        ]
2022-10-22 22:50:21,610 mloop.controllers    INFO     cost -1.0746108427267849 +/- 0.0
2022-10-22 22:50:21,610 mloop.controllers    INFO     Run:5 (machine learner)
2022-10-22 22:50:22,373 mloop.controllers    INFO     params [0.83012168 1.        ]
2022-10-22 22:50:28,026 mloop.controllers    INFO     cost -1.0520231213872833 +/- 0.0
2022-10-22 22:50:28,026 mloop.controllers    INFO     Run:6 (machine learner)
2022-10-22 22:50:28,899 mloop.controllers    INFO     params [0.9139045 1.       ]
2022-10-22 22:50:34,557 mloop.controllers    INFO     cost -1.078082929456112 +/- 0.0
2022-10-22 22:50:34,563 mloop.controllers    INFO     Run:7 (trainer)
2022-10-22 22:50:34,564 mloop.controllers    INFO     params [0.65960296 0.32472924]
2022-10-22 22:50:40,227 mloop.controllers    INFO     cost -1.060943296237414 +/- 0.0
2022-10-22 22:50:40,227 mloop.controllers    INFO     Run:8 (machine learner)
2022-10-22 22:50:40,792 mloop.controllers    INFO     params [0.89522334 1.        ]
2022-10-22 22:50:46,422 mloop.controllers    INFO     cost -1.0454308093994777 +/- 0.0
2022-10-22 22:50:46,423 mloop.controllers    INFO     Run:9 (machine learner)
2022-10-22 22:50:46,424 mloop.controllers    INFO     params [0.96508267 1.        ]
2022-10-22 22:50:52,035 mloop.controllers    INFO     cost -1.0553505535055352 +/- 0.0
2022-10-22 22:50:52,035 mloop.controllers    INFO     Run:10 (machine learner)
2022-10-22 22:50:52,035 mloop.controllers    INFO     params [0.89958655 1.        ]
2022-10-22 22:50:56,088 mloop.controllers    WARNING  !!! Do not give the interrupt signal again !!! 
 M-LOOP stopped with keyboard interupt or system exit. Please wait at least 1 minute for the threads to safely shut down. 
 
2022-10-22 22:50:56,090 mloop.controllers    WARNING  Closing down controller.
2022-10-22 22:50:56,091 mloop.controllers    DEBUG    ML learner end set.
2022-10-22 22:50:56,409 mloop.interfaces     DEBUG    Interface ended
2022-10-22 22:50:56,526 mloop.controllers    DEBUG    ML learner joined
2022-10-22 22:50:56,526 mloop.controllers    INFO     Machine learning learner did not provide best and/or all minima.
2022-10-22 22:50:56,526 mloop.controllers    DEBUG    Learner end event set.
2022-10-22 22:50:56,526 mloop.controllers    DEBUG    Interface end event set.
2022-10-22 22:50:56,603 mloop.learners.1     DEBUG    Learner end signal received. Ending
