2022-09-12 18:03:35,261 mloop                INFO     M-LOOP version 3.3.1
2022-09-12 18:03:35,262 mloop                DEBUG    M-LOOP Logger configured.
2022-09-12 18:03:35,262 mloop.interfaces     DEBUG    Creating interface.
2022-09-12 18:03:35,263 mloop.controllers    DEBUG    Controller init completed.
2022-09-12 18:03:35,264 mloop.learners.1     DEBUG    Learner init completed.
2022-09-12 18:03:35,265 mloop.learners.2     DEBUG    Learner init completed.
2022-09-12 18:03:35,267 mloop.controllers    INFO     Optimization started.
2022-09-12 18:03:35,268 mloop.interfaces     DEBUG    Entering main loop of interface.
2022-09-12 18:03:35,269 mloop.controllers    DEBUG    ML learner started.
2022-09-12 18:03:35,272 mloop.controllers    DEBUG    Starting training optimization.
2022-09-12 18:03:35,273 mloop.controllers    INFO     Run:1 (training)
2022-09-12 18:03:35,275 mloop.controllers    INFO     params [19.55334755  6.71118678 14.24060851  3.08792636  4.3436439  15.1585864
  0.19875855  0.2505451   0.22984824  0.15983992  0.39924839  5.19960275
  2.07431982 -0.99310115  0.25534063  5.95198053 -1.87631762 -7.78918211
  2.82210439  6.63002456 -6.51808713  0.22034725  0.55387938 -0.68041635
  2.6500063  -2.25020736]
2022-09-12 18:03:35,378 mloop.controllers    INFO     cost 0.04595740758077807 +/- 0.0
2022-09-12 18:03:35,379 mloop.controllers    INFO     Run:2 (training)
2022-09-12 18:03:35,382 mloop.controllers    INFO     params [19.77417602 16.3258096   5.76115724  1.78921026 19.90095167  4.1462356
  0.14961828  0.20636514  0.17531968  0.24308347  0.24099937 -7.31053539
 -7.07298441  2.52658271  4.90070465 -3.37061195 -1.9287464   3.93759539
 -6.38219001 -1.05365631  2.86603338  2.82009248 -1.08535578 -4.7980365
  5.02105694 -1.91128373]
2022-09-12 18:03:35,482 mloop.controllers    INFO     cost 0.04053628778535186 +/- 0.0
2022-09-12 18:03:35,483 mloop.controllers    INFO     Run:3 (training)
2022-09-12 18:03:35,484 mloop.controllers    INFO     params [11.73468907 14.41008771  9.69139681  8.63089254  8.53797247  4.93603088
  0.44115421  0.3396657   0.0869545   0.31124449  0.31101862  1.71023977
  7.17015103 -5.38709871  3.91701551 -3.57189895  7.24204807 -5.71446621
 -7.53113847  7.51705304 -5.42524744  1.28066946 -5.53158893  2.37210217
 -6.82704903 -3.29893416]
2022-09-12 18:03:35,585 mloop.controllers    INFO     cost 0.04538513366575394 +/- 0.0
2022-09-12 18:03:35,585 mloop.controllers    INFO     Run:4 (training)
2022-09-12 18:03:35,587 mloop.controllers    INFO     params [ 6.29333041 13.57072669 13.08390353  8.97636578 19.25127995  4.09850818
  0.07090434  0.46955671  0.12257016  0.19345527  0.40789433  6.81898021
  3.20060398 -0.12336765 -1.0345884  -5.43407845  2.27613665 -0.05565519
  7.54695507 -7.58563722  7.20718879 -7.03729883 -7.5044199  -6.87353604
 -6.05168891 -4.31542914]
2022-09-12 18:03:35,688 mloop.controllers    INFO     cost 0.04052421298274814 +/- 0.0
2022-09-12 18:03:35,688 mloop.controllers    INFO     Run:5 (training)
2022-09-12 18:03:35,690 mloop.controllers    INFO     params [18.4309089   7.39224983 10.60778011  4.26276219 16.8339707  14.25781775
  0.20423475  0.22259441  0.26543099  0.41165533  0.07699366 -1.14276537
 -1.90715874 -2.56403916 -7.78735652 -0.08252826  6.63991212  5.76084072
  5.76322523  5.42874226 -4.81132563  4.09709106 -1.62390655 -7.97306373
  0.45132967  0.35589404]
2022-09-12 18:03:35,791 mloop.controllers    INFO     cost 0.04539810533644602 +/- 0.0
2022-09-12 18:03:35,792 mloop.controllers    INFO     Run:6 (training)
2022-09-12 18:03:35,794 mloop.controllers    INFO     params [13.5558788  15.91155647 12.87155315  9.10669926  2.84825621 12.53577857
  0.420506    0.05868535  0.4822279   0.11746412  0.31712684 -1.25162218
  1.45079257 -0.47645257 -3.50541862  6.53489612 -3.61853534 -2.34354568
 -0.79890391 -3.08466196  1.51763668 -4.24550613  5.56449279 -4.77889824
  4.59738983  2.21726189]
2022-09-12 18:03:35,895 mloop.controllers    INFO     cost 0.05788148120036694 +/- 0.0
2022-09-12 18:03:35,896 mloop.controllers    INFO     Run:7 (training)
2022-09-12 18:03:35,898 mloop.controllers    INFO     params [ 8.52281926 16.9227229  14.52148366 11.40444801 12.67304092  4.65052263
  0.07530659  0.10195075  0.47004145  0.02302547  0.09921243  5.52782859
 -4.460163   -7.80708602 -1.71533659 -4.37370328  5.09698932  7.82537667
 -3.7199119   0.23491786 -2.72775099 -5.43282537 -2.8014045  -1.48089819
 -7.04496017 -1.60835462]
2022-09-12 18:03:35,999 mloop.controllers    INFO     cost 0.048727221948872676 +/- 0.0
2022-09-12 18:03:36,000 mloop.controllers    INFO     Run:8 (training)
2022-09-12 18:03:36,001 mloop.controllers    INFO     params [18.93469565 10.64889253  6.96556118 17.4930424   7.40986083  7.618137
  0.0423937   0.40650607  0.30879254  0.04266815  0.487436   -5.67012662
 -0.67647461 -3.88394854  7.89946072  4.25223806 -0.9592332   1.18428894
 -5.94799342 -6.70913869  0.73062107 -3.03338514 -3.42745926  3.49552384
  1.51231021  3.32410333]
2022-09-12 18:03:36,102 mloop.controllers    INFO     cost 0.05002347149642979 +/- 0.0
2022-09-12 18:03:36,103 mloop.controllers    INFO     Run:9 (training)
2022-09-12 18:03:36,105 mloop.controllers    INFO     params [14.36441614  7.22643387 18.62383038 13.35177814  3.18886662  6.27317715
  0.37347525  0.06179847  0.34293193  0.28186842  0.38347686 -4.60581871
  2.04586461  0.48487753  0.38970334  6.87137673 -3.31100809  4.2552295
 -4.51421134  1.43753086 -0.41627062  7.35917454 -3.59922008 -2.17416871
  1.40866552  5.6019966 ]
2022-09-12 18:03:36,206 mloop.controllers    INFO     cost 0.050345793534227454 +/- 0.0
2022-09-12 18:03:36,207 mloop.controllers    INFO     Run:10 (training)
2022-09-12 18:03:36,208 mloop.controllers    INFO     params [ 1.48525767e+01  1.08729426e+01  5.52194206e+00  1.18493446e+01
  1.04151311e+01  6.71286367e+00  1.79318227e-01  2.18837694e-01
  2.40917136e-04  1.02186465e-01  4.50609856e-01 -1.41580998e+00
 -6.34261613e+00  4.04211190e+00 -7.10082595e+00  2.19915241e+00
 -4.89324537e-01 -8.57450253e-01  5.83910081e-01 -6.12999020e+00
 -3.95455477e+00  5.96527601e+00 -2.26849654e-01 -1.20912156e+00
 -9.01166531e-01  1.51556114e+00]
2022-09-12 18:03:36,309 mloop.controllers    INFO     cost 0.06140953239323755 +/- 0.0
2022-09-12 18:03:36,310 mloop.controllers    INFO     Run:11 (training)
2022-09-12 18:03:36,312 mloop.controllers    INFO     params [10.36896773  9.96365466  2.72074256 16.19728294  7.1583717  13.43906443
  0.21961079  0.42912655  0.14488649  0.32599303  0.36180389 -7.69115676
 -2.91199655  5.24374031 -5.28399928  5.33360258 -4.32228134  7.30793311
  2.87021912  7.15770542 -0.80530967  1.23008532 -2.94705864  5.37634457
  3.67728738  0.12056955]
2022-09-12 18:03:36,413 mloop.controllers    INFO     cost 0.04671497147247044 +/- 0.0
2022-09-12 18:03:36,414 mloop.controllers    INFO     Run:12 (training)
2022-09-12 18:03:36,415 mloop.controllers    INFO     params [12.62591546  8.00097609 15.94571489 17.87389893 16.14906775  7.7995813
  0.23129299  0.48560822  0.31172112  0.35886511  0.04265743 -5.23858643
 -5.60230423 -0.16783565 -3.79563726 -0.37305    -1.81723354  7.00427717
  4.57325651  5.88604357  0.93198609  3.59638896  1.91691892  6.51996269
 -6.44975573 -7.67054143]
2022-09-12 18:03:36,516 mloop.controllers    INFO     cost 0.046626391493396674 +/- 0.0
2022-09-12 18:03:36,517 mloop.controllers    INFO     Run:13 (training)
2022-09-12 18:03:36,518 mloop.controllers    INFO     params [ 8.71880728e+00  1.14346942e+01  8.28323193e+00  1.15922485e+01
  5.20723394e+00  7.03331742e+00  2.34305731e-01  3.34772132e-01
  1.14798896e-02  3.87837565e-01  3.84212164e-01  4.74895999e+00
 -5.51609951e+00 -1.35157168e-01 -3.53424585e-01  7.21996412e+00
  5.07806706e+00  2.04534714e+00  7.75358428e+00  2.40996307e+00
  7.61306100e+00  2.54144762e+00 -2.76754090e+00 -1.46754187e+00
 -4.40649370e+00 -1.15877589e+00]
2022-09-12 18:03:36,620 mloop.controllers    INFO     cost 0.053476743826435115 +/- 0.0
2022-09-12 18:03:36,620 mloop.controllers    INFO     Run:14 (training)
2022-09-12 18:03:36,622 mloop.controllers    INFO     params [ 7.08215583e+00  4.83049276e+00  1.42931275e+01  4.55397270e+00
  1.39960620e+01  4.34162240e+00  4.63369194e-01  1.76303767e-01
  8.33817034e-03  2.27612572e-01  8.02316602e-03 -7.12347968e+00
 -4.82301884e+00  5.08191600e+00  6.52673684e+00 -7.70671581e+00
 -3.00417048e+00 -5.95793277e+00 -3.98433901e+00  2.41297753e+00
  5.24213299e+00  1.18859636e+00  5.02646806e+00  5.49086737e+00
 -5.48339990e+00  7.93134766e+00]
2022-09-12 18:03:36,723 mloop.controllers    INFO     cost 0.041164123080101866 +/- 0.0
2022-09-12 18:03:36,724 mloop.controllers    INFO     Run:15 (training)
2022-09-12 18:03:36,726 mloop.controllers    INFO     params [ 8.73437013  7.1521753   6.55686813  4.2967339  13.19624229 13.43393996
  0.17899293  0.14926379  0.05201595  0.32109152  0.09155604  5.90049896
  2.28708828 -2.67278826 -2.88543681 -6.99247317 -2.45020774 -7.0260552
  4.7280224  -3.11949234 -5.38322461  5.51174278 -1.25050172  1.47251452
  0.14404015  0.41441479]
2022-09-12 18:03:36,827 mloop.controllers    INFO     cost 0.053203431918600455 +/- 0.0
2022-09-12 18:03:36,827 mloop.controllers    INFO     Run:16 (training)
2022-09-12 18:03:36,829 mloop.controllers    INFO     params [ 6.76329614 15.38892149 19.28454829 11.48902872  9.42191062  4.71077862
  0.2497661   0.14914161  0.21392226  0.38459749  0.37372698 -3.418818
  1.91823603 -2.07283589 -2.17521848 -7.32181761  5.57322739  0.92884209
 -1.07242137  0.29286278  3.96897703  4.86757497  7.89242662 -7.89038315
  3.85751768 -5.96468289]
2022-09-12 18:03:36,930 mloop.controllers    INFO     cost 0.046431290629285235 +/- 0.0
2022-09-12 18:03:36,931 mloop.controllers    INFO     Run:17 (training)
2022-09-12 18:03:36,932 mloop.controllers    INFO     params [12.14125799  3.65779122  6.19413513  3.7180296  13.52871819  6.57736256
  0.2425315   0.22881839  0.46235295  0.39635358  0.17651903 -1.09972877
  6.30507864 -5.14163646 -1.19960031 -1.69992973  6.70600062  4.69479363
  6.41695713 -7.4077979   5.43242696  6.26650354  6.85076432  1.54766307
  0.20291446  3.02207173]
2022-09-12 18:03:37,034 mloop.controllers    INFO     cost 0.044356466366504865 +/- 0.0
2022-09-12 18:03:37,034 mloop.controllers    INFO     Run:18 (training)
2022-09-12 18:03:37,036 mloop.controllers    INFO     params [ 4.45613009  5.27043103  8.17991082 10.05040818  6.63166499  5.43945419
  0.16388142  0.46185915  0.06100837  0.01192029  0.36447182 -7.77203104
  0.89584554 -2.91689617  4.4976884  -2.21729182 -5.24232492  7.03282936
 -1.56786913  0.94361474  5.27972719 -6.20004302 -5.6359295   1.11450758
  2.41724301 -7.91090383]
2022-09-12 18:03:37,137 mloop.controllers    INFO     cost 0.04646830254506507 +/- 0.0
2022-09-12 18:03:37,138 mloop.controllers    INFO     Run:19 (training)
2022-09-12 18:03:37,140 mloop.controllers    INFO     params [ 1.51920114e+01  1.54885030e+01  9.28479175e+00  1.01515115e+01
  1.57711122e+01  1.08935362e+01  2.91082569e-03  4.10014332e-01
  1.24844670e-01  4.44220784e-02  1.76936242e-01  2.62020587e+00
  2.77501915e+00  3.80275040e+00 -5.91096852e+00  6.18677328e+00
 -9.35147194e-01 -6.20462253e+00 -6.38072853e+00  6.51454465e-01
  1.70649211e+00  3.79404567e+00  1.52464367e+00  6.16169688e-01
 -4.11726580e+00  7.50831962e+00]
2022-09-12 18:03:37,241 mloop.controllers    INFO     cost 0.05394912480410388 +/- 0.0
2022-09-12 18:03:37,241 mloop.controllers    INFO     Run:20 (training)
2022-09-12 18:03:37,243 mloop.controllers    INFO     params [ 8.60068296e+00  5.30979849e+00  1.83046272e+01  1.95343729e+01
  8.32670957e+00  8.97140906e+00  1.04569774e-01  7.65437756e-02
  1.74282434e-01  1.69867694e-01  9.81283152e-03  6.64424018e+00
  7.34847143e+00  9.30641082e-02  6.60255025e+00 -6.29204294e-01
 -4.85603266e+00  3.68346780e+00  7.56002374e+00  7.48784349e+00
  6.10288359e+00 -3.89450173e+00  8.45004266e-01 -5.97751606e+00
  2.95971643e+00 -2.01847289e+00]
2022-09-12 18:03:37,344 mloop.controllers    INFO     cost 0.04195873209690528 +/- 0.0
2022-09-12 18:03:37,345 mloop.controllers    INFO     Run:21 (training)
2022-09-12 18:03:37,346 mloop.controllers    INFO     params [ 6.16827163  4.47680384 15.62760465 15.56981001  2.78130765  7.910631
  0.218483    0.26863809  0.33944582  0.09833279  0.29755679 -2.57015427
 -5.18252409 -5.37753004  2.68605765  5.83510981  2.2926681   2.10563535
 -7.36118017  5.85087998 -3.496746    3.76605404 -5.79158337  5.45114847
  4.09423194 -0.60592531]
2022-09-12 18:03:37,448 mloop.controllers    INFO     cost 0.045336558498797475 +/- 0.0
2022-09-12 18:03:37,448 mloop.controllers    INFO     Run:22 (training)
2022-09-12 18:03:37,450 mloop.controllers    INFO     params [ 5.12047862e+00  1.58772251e+01  1.46425779e+01  4.44362885e+00
  3.01306835e+00  1.59334960e+01  3.65712063e-01  2.77264117e-01
  9.65383938e-03  4.34538446e-01  3.68015199e-01 -1.60401616e-01
  5.71169460e+00 -3.18152111e+00 -3.84010296e+00  7.95772939e+00
  2.03861559e+00  1.83944070e+00  1.98910590e+00 -8.87435752e-01
 -2.73041468e+00  3.39761193e+00 -5.98268539e+00  2.51476380e+00
  2.18409525e+00 -3.98525680e+00]
2022-09-12 18:03:37,551 mloop.controllers    INFO     cost 0.04844326975371988 +/- 0.0
2022-09-12 18:03:37,552 mloop.controllers    INFO     Run:23 (training)
2022-09-12 18:03:37,553 mloop.controllers    INFO     params [14.02659069  8.69787092  2.20847679 18.92155108  7.92740819  9.81624216
  0.38705465  0.22517739  0.33024093  0.15182014  0.38383977 -3.95644693
  6.02690621  6.453953    6.06376151 -3.00258095  7.93266394  0.48404295
 -5.54695111  4.97002447  0.29599638  7.9164291  -0.02128034 -1.51347194
  5.1705827  -5.06846482]
2022-09-12 18:03:37,654 mloop.controllers    INFO     cost 0.04307644254442839 +/- 0.0
2022-09-12 18:03:37,655 mloop.controllers    INFO     Run:24 (training)
2022-09-12 18:03:37,657 mloop.controllers    INFO     params [ 1.84809838e+01  1.58725649e+01  1.49944898e+01  1.64334746e+01
  1.57402933e+01  1.04520788e+01  2.80740519e-01  3.38786521e-01
  1.89976914e-01  6.39038529e-02  1.04755952e-02 -3.89860119e-01
 -7.61145684e+00 -6.58766842e-01 -6.33261449e-01  2.40649585e+00
 -1.94825116e+00 -2.39019903e+00  4.41856599e+00  2.48803750e+00
  2.47172634e+00  3.11297237e+00  4.43145559e-01 -3.93541599e+00
  5.45213935e+00 -2.14711308e+00]
2022-09-12 18:03:37,758 mloop.controllers    INFO     cost 0.055947187488086816 +/- 0.0
2022-09-12 18:03:37,759 mloop.controllers    INFO     Run:25 (training)
2022-09-12 18:03:37,761 mloop.controllers    INFO     params [17.05727288 11.35033981 18.6991223   5.67989852  4.76360761  8.0472832
  0.14179824  0.15175747  0.41176969  0.34749736  0.4594266  -4.82747175
  6.52579089 -7.75591606  1.67332923 -4.53140929 -3.03558321 -1.06130702
  5.50264961  5.51436787  3.35891385  7.98612985 -5.93409069 -2.72538008
 -1.3383136   6.48086635]
2022-09-12 18:03:37,862 mloop.controllers    INFO     cost 0.04265149595856007 +/- 0.0
2022-09-12 18:03:37,863 mloop.controllers    INFO     Run:26 (training)
2022-09-12 18:03:37,865 mloop.controllers    INFO     params [16.95205484 10.90613587  5.26138487  3.29930533 15.68621046 15.20960903
  0.49475191  0.1803769   0.35465253  0.33880961  0.34823555 -2.40284883
  2.82592267  3.89070096  5.70147311  2.59265581 -1.09117259  5.77269447
  1.26446443 -2.03017131  2.53655141 -4.1438058  -5.8149376   7.93573158
 -3.38064286 -7.16032521]
2022-09-12 18:03:37,966 mloop.controllers    INFO     cost 0.04623727884891046 +/- 0.0
2022-09-12 18:03:37,967 mloop.controllers    INFO     Run:27 (training)
2022-09-12 18:03:37,968 mloop.controllers    INFO     params [ 6.90884071  2.82496356 14.33933452  2.83601104  6.96828411 11.83823831
  0.41225142  0.34119002  0.36857057  0.03424608  0.26402786  1.604987
  3.1235621  -4.63454256 -4.0818133   5.99583602  7.88149464 -5.20536695
  6.85484726  1.35210315 -2.33055247  6.78954542 -5.29732512 -1.78428003
 -6.70136434  4.41679581]
2022-09-12 18:03:38,069 mloop.controllers    INFO     cost 0.04270770364546713 +/- 0.0
2022-09-12 18:03:38,070 mloop.controllers    INFO     Run:28 (training)
2022-09-12 18:03:38,072 mloop.controllers    INFO     params [ 7.18729523 19.65905791 19.46359387 14.3813379   5.74862642 12.69187066
  0.35050207  0.43743819  0.43867193  0.06005581  0.09372493  7.81644937
 -7.60713522 -5.43037973 -7.69159452  5.70497804 -6.61763019 -7.19370512
  4.11762262 -0.18740395  5.04185182  1.14721593  6.13327823 -3.01745056
  4.14003678 -7.51630649]
2022-09-12 18:03:38,173 mloop.controllers    INFO     cost 0.03753326777174929 +/- 0.0
2022-09-12 18:03:38,174 mloop.controllers    INFO     Run:29 (training)
2022-09-12 18:03:38,175 mloop.controllers    INFO     params [15.12144479  4.73619773 16.92238667  1.84031479 17.7027874   4.58917785
  0.09395856  0.24515203  0.49918128  0.23198224  0.28192159 -4.04093108
  7.90112584 -2.64987676  5.19091219 -1.65479301 -7.59027823 -0.12190353
 -4.29105081 -2.36226147  3.14145025  2.24105545 -5.15444563  1.39188395
 -4.21233042 -0.97642627]
2022-09-12 18:03:38,276 mloop.controllers    INFO     cost 0.0443238934796111 +/- 0.0
2022-09-12 18:03:38,277 mloop.controllers    INFO     Run:30 (training)
2022-09-12 18:03:38,279 mloop.controllers    INFO     params [ 6.44441975 11.89409853  7.10165039 17.35588551  2.3678278   4.91298903
  0.24041244  0.11693913  0.2342083   0.15228987  0.33360194 -0.03605163
  7.34274398  7.52823205 -4.67209807 -3.04650282  2.15713376 -1.31688768
  0.59522928  0.60900874 -1.83593582 -3.49670743  6.99098919  1.19536335
  5.75098856  1.86677397]
2022-09-12 18:03:38,380 mloop.controllers    INFO     cost 0.048405311767118854 +/- 0.0
2022-09-12 18:03:38,380 mloop.controllers    INFO     Run:31 (training)
2022-09-12 18:03:38,382 mloop.controllers    INFO     params [13.15956294 13.4261181  16.64968009 17.28825013 17.35642802 15.68681154
  0.19277483  0.25388756  0.37995638  0.16786977  0.46188887  0.71140117
  5.18548272  0.6786507   4.89247289  3.8255524   6.48761452 -4.72428317
 -5.08047711 -2.97794274  2.743796    5.59976618  0.31835362 -0.76202048
  7.96190511  2.23893616]
2022-09-12 18:03:38,483 mloop.controllers    INFO     cost 0.04804081746381713 +/- 0.0
2022-09-12 18:03:38,484 mloop.controllers    INFO     Run:32 (training)
2022-09-12 18:03:38,485 mloop.controllers    INFO     params [18.986282    5.60610329  8.03590807  3.56728243 12.92069093  4.97422953
  0.38293502  0.18509594  0.37127303  0.48760131  0.17205553 -6.59544132
  1.86545576  7.03477146  2.05575016  5.44849249  7.06004794 -6.88948079
  4.04519047 -2.35293591 -7.30766128 -3.30595005  1.62804409  0.41246201
 -5.93360786 -2.33955898]
2022-09-12 18:03:38,586 mloop.controllers    INFO     cost 0.04294704460274151 +/- 0.0
2022-09-12 18:03:38,587 mloop.controllers    INFO     Run:33 (training)
2022-09-12 18:03:38,589 mloop.controllers    INFO     params [ 9.61876138  5.32147943 15.164279   17.5098263  14.7802427   9.63888776
  0.2734109   0.44129125  0.3584618   0.3653746   0.1879379   4.25317083
 -4.00099041 -5.06056445 -4.77534776  0.98229025 -4.29415672  5.40920793
  3.39457759  6.1362634  -0.35517622  4.24240777  0.25221119 -1.20011967
  6.14015499 -1.0022749 ]
2022-09-12 18:03:38,690 mloop.controllers    INFO     cost 0.053552357628042696 +/- 0.0
2022-09-12 18:03:38,691 mloop.controllers    INFO     Run:34 (training)
2022-09-12 18:03:38,692 mloop.controllers    INFO     params [ 9.05780270e+00  7.88992832e+00  2.28671686e+00  7.61360945e+00
  4.57431112e+00  1.05346204e+01  5.91236154e-02  4.14450347e-01
  5.35524592e-02  3.08101196e-01  5.65972847e-03 -2.75904716e+00
  5.68492219e+00 -7.38026585e+00 -2.96130948e+00 -4.99475077e+00
 -1.87000950e+00 -4.62321450e-01  5.31931988e+00 -7.00791283e+00
 -4.28852502e+00 -3.53293438e+00  6.88427254e+00  7.36107195e+00
 -3.10796456e+00 -2.86267240e+00]
2022-09-12 18:03:38,793 mloop.controllers    INFO     cost 0.044851562894823956 +/- 0.0
2022-09-12 18:03:38,794 mloop.controllers    INFO     Run:35 (training)
2022-09-12 18:03:38,795 mloop.controllers    INFO     params [15.48420319 15.5110374   4.96767506 14.01864583  9.23398755  5.88406669
  0.38752848  0.03769434  0.17144925  0.09865211  0.48765249  6.30261691
 -2.06208254 -3.92853925  5.70014923  0.48030615 -7.18388394  4.23093598
  0.68282374 -6.40189512  2.45750347 -4.53760474 -7.19332447 -6.90758431
 -5.18093704  2.38191603]
2022-09-12 18:03:38,897 mloop.controllers    INFO     cost 0.046184276426563135 +/- 0.0
2022-09-12 18:03:38,897 mloop.controllers    INFO     Run:36 (training)
2022-09-12 18:03:38,899 mloop.controllers    INFO     params [ 7.60387715e+00  1.64788808e+01  2.39596444e+00  1.28394620e+01
  2.40131513e+00  1.18468505e+01  1.97113252e-01  1.07363784e-01
  3.85995226e-01  1.34011644e-03  1.21150696e-01 -6.06241090e+00
  2.67007823e+00  2.90039777e+00 -5.13988645e+00 -4.83593117e-01
 -7.49372381e+00  1.09680412e+00  1.63018262e+00 -6.39666086e+00
  7.75810172e+00  7.37209494e+00  3.54188136e+00 -3.65275591e+00
 -1.18768574e-01 -6.19468932e+00]
2022-09-12 18:03:39,000 mloop.controllers    INFO     cost 0.042550195926525904 +/- 0.0
2022-09-12 18:03:39,001 mloop.controllers    INFO     Run:37 (training)
2022-09-12 18:03:39,002 mloop.controllers    INFO     params [14.6739358   5.06958463  4.01290648  5.83586186 17.41068544 10.49741995
  0.34739143  0.33366322  0.20871132  0.35349923  0.0202198  -0.74332392
  6.58317136  4.61917303  5.52803659  3.17597819  5.9931293  -7.73486949
 -1.42560401 -1.59795223  7.42301205  0.54597012 -7.84950362 -2.81085471
 -7.03202668  2.94851199]
2022-09-12 18:03:39,103 mloop.controllers    INFO     cost 0.042517296810434584 +/- 0.0
2022-09-12 18:03:39,104 mloop.controllers    INFO     Run:38 (training)
2022-09-12 18:03:39,106 mloop.controllers    INFO     params [ 9.60775919 14.06309472 13.79077389 12.45464288 16.70634235  9.84951448
  0.07639622  0.0595124   0.48955874  0.28626831  0.3162072   0.29533625
  3.48788007  6.26131432  0.76733935 -1.47854011  5.68566514  0.91230343
 -3.38418273  0.72479989 -2.80278151  4.5337428   1.57018443  3.74384933
  0.21752705 -4.66166131]
2022-09-12 18:03:39,207 mloop.controllers    INFO     cost 0.06703477132020254 +/- 0.0
2022-09-12 18:03:39,207 mloop.controllers    INFO     Run:39 (training)
2022-09-12 18:03:39,209 mloop.controllers    INFO     params [ 2.53308859 13.04480394 13.81446304  4.07600991 10.49489197 12.36172983
  0.23514232  0.19556864  0.2973913   0.03793542  0.21098345  4.06009959
 -1.63182055  5.99516632 -1.38006827 -5.13671511 -3.17961972 -2.87818743
 -3.29285486  1.83005293  5.59928245 -2.44468985 -1.81985243  5.2241408
  2.98498546  6.83356986]
2022-09-12 18:03:39,310 mloop.controllers    INFO     cost 0.05165301759285411 +/- 0.0
2022-09-12 18:03:39,311 mloop.controllers    INFO     Run:40 (training)
2022-09-12 18:03:39,312 mloop.controllers    INFO     params [13.68929089 18.39629449  2.85620157  3.83672371  9.32165879  6.22398136
  0.03248854  0.09130721  0.47576152  0.30807747  0.24536778  6.6068611
  4.41767439  5.95979234  7.10222795  3.70128387 -5.23288129 -5.04158482
 -2.54513244  0.3133039   4.28880471 -2.97746772  7.43543623 -2.49270528
 -0.97271664 -5.74800843]
2022-09-12 18:03:39,413 mloop.controllers    INFO     cost 0.04302139069223538 +/- 0.0
2022-09-12 18:03:39,414 mloop.controllers    INFO     Run:41 (training)
2022-09-12 18:03:39,416 mloop.controllers    INFO     params [ 8.52896987 14.77815689  5.59155872  8.63451042 18.21153004  6.5909009
  0.44047273  0.10524795  0.24266615  0.33014843  0.20357755  4.26021844
  3.95848581  0.36290622  5.43424576 -6.27242461 -1.46102976 -0.15438344
 -7.16135356  7.11875518 -0.09045129  4.64356086 -0.85687126 -3.56566832
  2.87826239 -0.44375442]
2022-09-12 18:03:39,517 mloop.controllers    INFO     cost 0.05201672499912839 +/- 0.0
2022-09-12 18:03:39,517 mloop.controllers    INFO     Run:42 (training)
2022-09-12 18:03:39,519 mloop.controllers    INFO     params [19.6205143  14.40974688 16.9659907  10.68701169  3.53235466 12.87385037
  0.35397627  0.05022377  0.48179174  0.1828046   0.39625258 -6.32155868
  5.63549338  7.11637279 -7.99142169  7.92195949  4.2861449  -5.1634441
 -3.71588204  2.93261171 -2.22622022  0.03996925  4.46675265 -3.55808366
 -6.05174382  1.82572698]
2022-09-12 18:03:39,620 mloop.controllers    INFO     cost 0.04145167704497849 +/- 0.0
2022-09-12 18:03:39,621 mloop.controllers    INFO     Run:43 (training)
2022-09-12 18:03:39,622 mloop.controllers    INFO     params [10.02061586  4.21105056 18.28555797  6.36792496  7.54554527 11.2888116
  0.40121773  0.08792067  0.35829586  0.04280688  0.1309789   6.12620989
 -5.94194419  1.1719386   3.06416288 -1.95533812  6.62698758  1.79086029
  6.56379197  1.3833077   7.3728032   4.58746635 -5.57353671 -3.79403737
  3.59893524 -4.27435113]
2022-09-12 18:03:39,723 mloop.controllers    INFO     cost 0.046366873607251655 +/- 0.0
2022-09-12 18:03:39,724 mloop.controllers    INFO     Run:44 (training)
2022-09-12 18:03:39,726 mloop.controllers    INFO     params [ 5.67897254 13.89942296  8.92416173 17.65044646 15.59607892  4.20258879
  0.43996696  0.469178    0.07841821  0.38708935  0.33113872 -3.56382733
 -7.17831399 -4.49491229 -6.34842569  6.41015052  5.24165815  3.87658293
  7.31508857 -0.75533338  7.19901439  3.34700391 -7.97853394 -1.90515998
 -4.41582013  3.26980983]
2022-09-12 18:03:39,827 mloop.controllers    INFO     cost 0.04208689396695544 +/- 0.0
2022-09-12 18:03:39,828 mloop.controllers    INFO     Run:45 (training)
2022-09-12 18:03:39,829 mloop.controllers    INFO     params [ 9.58865072  5.82324325  2.34897201  3.48007653  8.86775112  5.09301239
  0.16691874  0.42907425  0.0641518   0.32224081  0.10005096 -6.60141428
  1.40946759  3.85897193 -2.03045527  2.98111122  6.089447   -5.00479323
  6.15095721  1.0755579  -5.32125923 -2.68409529 -4.90108375  0.7119645
 -7.5871239   0.78429341]
2022-09-12 18:03:39,930 mloop.controllers    INFO     cost 0.04581438028457156 +/- 0.0
2022-09-12 18:03:39,931 mloop.controllers    INFO     Run:46 (training)
2022-09-12 18:03:39,932 mloop.controllers    INFO     params [ 2.48385188e+00  1.96159935e+01  1.16968476e+01  1.22543271e+01
  1.41590498e+01  7.39408686e+00  3.24926532e-02  1.48535038e-01
  7.41569720e-02  2.53449178e-01  4.25901633e-01 -2.39231942e+00
  7.85852344e+00 -7.98476172e+00  3.95487605e+00 -4.55965296e+00
  4.45639813e+00 -6.90426063e+00 -1.51978578e+00  1.22312823e-01
  5.25838124e-01 -7.32173845e+00 -5.14230786e+00  5.59783214e-03
 -2.34508724e+00  1.22556565e+00]
2022-09-12 18:03:40,033 mloop.controllers    INFO     cost 0.04509555848691952 +/- 0.0
2022-09-12 18:03:40,034 mloop.controllers    INFO     Run:47 (training)
2022-09-12 18:03:40,036 mloop.controllers    INFO     params [ 8.79296138 15.34708082 17.51992486 12.75208153 15.18705388  8.78629618
  0.16483277  0.08218792  0.23854006  0.36008319  0.28352938 -2.17081696
  0.45399725  0.44538702 -5.91567496  4.86837726 -2.89762233 -6.65397478
 -2.46038213 -3.43507366 -6.80180054  4.29441468 -1.54426633 -0.87523327
 -1.75001313 -6.16910689]
2022-09-12 18:03:40,137 mloop.controllers    INFO     cost 0.05464293530917294 +/- 0.0
2022-09-12 18:03:40,137 mloop.controllers    INFO     Run:48 (training)
2022-09-12 18:03:40,139 mloop.controllers    INFO     params [ 8.88228568e+00  1.85338909e+01  1.25291340e+01  5.89563661e+00
  9.12124414e+00  1.18938624e+01  4.94120852e-01  4.00268839e-01
  2.48271034e-01  7.96154172e-02  2.45509035e-03  2.98997735e+00
 -1.26544211e+00  7.70266985e+00  6.43562627e+00 -6.47356850e+00
  2.00123948e-01 -2.63114960e+00 -7.11300704e+00  5.09039876e-02
 -6.49540207e-01 -7.28228956e-01 -6.08224496e+00  2.97673591e+00
  4.10761691e+00  5.11501387e+00]
2022-09-12 18:03:40,240 mloop.controllers    INFO     cost 0.050152216726382655 +/- 0.0
2022-09-12 18:03:40,241 mloop.controllers    INFO     Run:49 (training)
2022-09-12 18:03:40,242 mloop.controllers    INFO     params [ 5.82438808  7.76148293 19.96856002 16.79936399 15.66851731  7.92866247
  0.20672306  0.45649658  0.12610226  0.34063462  0.45112561 -3.75382972
 -4.70147158  5.85963929  5.47336359 -4.26507911  0.40466147  0.05746707
  2.86273014  4.20880649  7.87757555 -0.43021946  2.65447968  4.82550453
  3.12445999 -6.36056337]
2022-09-12 18:03:40,343 mloop.controllers    INFO     cost 0.04624915093860306 +/- 0.0
2022-09-12 18:03:40,344 mloop.controllers    INFO     Run:50 (training)
2022-09-12 18:03:40,346 mloop.controllers    INFO     params [18.99755164  3.42228604 11.09255628 12.90922703  1.93331138 12.84971667
  0.46144122  0.03239728  0.25509583  0.36976509  0.13080796  5.33887067
 -3.01520695 -1.35081462  1.56205823  6.21872043  5.54330809  6.66371588
  5.21841163  1.55553184 -0.15345671  7.97712918  7.81743585  1.32275158
 -1.65028975  1.05688418]
2022-09-12 18:03:40,447 mloop.controllers    INFO     cost 0.04344585610118561 +/- 0.0
2022-09-12 18:03:40,448 mloop.controllers    INFO     Run:51 (training)
2022-09-12 18:03:40,449 mloop.controllers    INFO     params [ 6.89209425 15.93064952  6.08650822 18.8195309  18.48673387  4.11784133
  0.49728794  0.022199    0.3059886   0.03537556  0.10961127  5.4285272
 -4.26435825 -4.38801276 -5.54400818  3.23196274  4.98686151  3.04098703
 -2.03443949 -0.55180197 -3.76349332 -3.00109042 -0.8279138   3.73597931
 -5.06577782 -4.39118654]
2022-09-12 18:03:40,550 mloop.controllers    INFO     cost 0.04718327829418952 +/- 0.0
2022-09-12 18:03:40,551 mloop.controllers    INFO     Run:52 (training)
2022-09-12 18:03:40,553 mloop.controllers    INFO     params [ 8.89324758e+00  1.73779059e+01  5.35643269e+00  7.20158003e+00
  1.26491795e+01  1.57130959e+01  3.92273889e-01  4.92633542e-01
  4.26163397e-01  4.70709383e-03  2.37357214e-01 -6.49719639e+00
  1.18824947e+00 -3.35595732e+00 -4.78507013e+00  3.18842158e+00
 -6.80950357e-01  1.41280084e-01 -5.78756553e+00 -2.16330952e+00
  7.94703596e+00 -2.37975248e-01 -7.35275747e+00 -6.12973439e+00
 -5.23916574e-01  5.53511903e+00]
2022-09-12 18:03:40,654 mloop.controllers    INFO     cost 0.04774940628222694 +/- 0.0
2022-09-12 18:03:40,654 mloop.controllers    INFO     Run:53 (training)
2022-09-12 18:03:40,656 mloop.controllers    INFO     params [ 6.37587984  9.79430354 13.63377919  2.10501804 19.7527639   5.16855822
  0.22890952  0.08319473  0.29050783  0.32283335  0.37199095  2.67931697
  3.21786147  4.41773337 -7.40806676 -2.28933007 -4.36564006  4.15975875
 -6.68196653  1.90401021 -7.64861918 -4.57780656 -5.72519006  6.02683139
  1.45277863  5.43373364]
2022-09-12 18:03:40,656 mloop.controllers    DEBUG    Starting ML optimization.
2022-09-12 18:03:40,757 mloop.controllers    INFO     cost 0.04187663724711703 +/- 0.0
2022-09-12 18:03:40,771 mloop.controllers    DEBUG    End training runs.
2022-09-12 18:03:40,771 mloop.controllers    INFO     Run:54 (machine learner)
2022-09-12 18:03:44,527 mloop.controllers    INFO     params [ 4.564337   20.         20.         14.53943831  3.8970708  13.23530511
  0.35833925  0.49480492  0.48056838  0.03601434  0.07545568  8.
 -8.         -6.79243136 -8.          6.31801194 -7.8695143  -8.
  4.74241179 -0.5959372   6.21705249  1.35476267  7.44051495 -2.83335926
  3.8041262  -8.        ]
2022-09-12 18:03:44,628 mloop.controllers    INFO     cost 0.03355742139841019 +/- 0.0
2022-09-12 18:03:44,628 mloop.controllers    INFO     Run:55 (machine learner)
2022-09-12 18:03:48,810 mloop.controllers    INFO     params [ 2.08818596e+00  2.00000000e+01  2.00000000e+01  1.48934645e+01
  2.44283211e+00  1.36737884e+01  3.59044161e-01  5.00000000e-01
  5.00000000e-01  1.13840349e-02  4.96367478e-02  8.00000000e+00
 -8.00000000e+00 -7.92104696e+00 -8.00000000e+00  6.71119389e+00
 -8.00000000e+00 -8.00000000e+00  5.45705406e+00 -9.09470453e-01
  7.38848054e+00  1.89559831e+00  8.00000000e+00 -2.61222454e+00
  3.40953790e+00 -8.00000000e+00]
2022-09-12 18:03:48,911 mloop.controllers    INFO     cost 0.03150382777114925 +/- 0.0
2022-09-12 18:03:48,912 mloop.controllers    INFO     Run:56 (machine learner)
2022-09-12 18:03:53,222 mloop.controllers    INFO     params [ 1.78500000e+00  2.00000000e+01  2.00000000e+01  1.53564619e+01
  1.78500000e+00  1.47885303e+01  3.68134645e-01  5.00000000e-01
  5.00000000e-01  0.00000000e+00  5.34406650e-03  8.00000000e+00
 -8.00000000e+00 -8.00000000e+00 -8.00000000e+00  7.58942107e+00
 -8.00000000e+00 -8.00000000e+00  6.87819028e+00 -2.07508285e+00
  8.00000000e+00  2.96510096e+00  8.00000000e+00 -2.04411195e+00
  2.28421150e+00 -8.00000000e+00]
2022-09-12 18:03:53,323 mloop.controllers    INFO     cost 0.03045290725798677 +/- 0.0
2022-09-12 18:03:53,324 mloop.controllers    INFO     Run:57 (machine learner)
2022-09-12 18:03:56,277 mloop.controllers    INFO     params [ 6.8736403  19.84562095 19.64646551 14.38882861  5.5106043  12.76002516
  0.35182998  0.44387386  0.4441895   0.05742998  0.09211008  8.
 -7.72620769 -5.59574746 -7.89658573  5.78612245 -6.76756392 -7.40051117
  4.18411332 -0.23770871  5.17790156  1.1532238   6.29660884 -2.99838583
  4.10557873 -7.7785999 ]
2022-09-12 18:03:56,379 mloop.controllers    INFO     cost 0.03663693446805568 +/- 0.0
2022-09-12 18:03:56,380 mloop.controllers    INFO     Run:58 (trainer)
2022-09-12 18:03:56,382 mloop.controllers    INFO     params [ 2.06057226 11.56839767 16.60428859 19.56679705 17.40015506  8.05076815
  0.34238507  0.19140523  0.18942303  0.15216638  0.35860065 -3.70629437
 -5.31988163  3.9067179  -0.46555305  2.44549092 -2.91559373 -6.26641157
  0.45925331  6.22129308  2.7228165  -4.57350191  1.91294743  7.6958658
  1.73269449  1.22216423]
2022-09-12 18:03:56,519 mloop.controllers    INFO     cost 0.04571945231465267 +/- 0.0
2022-09-12 18:03:56,527 mloop.controllers    INFO     Run:59 (machine learner)
2022-09-12 18:04:01,389 mloop.controllers    INFO     params [ 1.785      20.         20.         16.55410569  1.785      15.18390554
  0.37152213  0.36057976  0.5         0.          0.          8.
 -8.         -8.         -8.          8.         -6.35260539 -8.
  8.         -0.78105917  8.          3.75537758  8.         -2.46546592
  2.51782454 -8.        ]
2022-09-12 18:04:01,491 mloop.controllers    INFO     cost 0.03017289630300335 +/- 0.0
2022-09-12 18:04:01,492 mloop.controllers    INFO     Run:60 (machine learner)
2022-09-12 18:04:06,696 mloop.controllers    INFO     params [ 1.785      20.         20.         18.87057189  1.785      16.
  0.44729066  0.3125761   0.5         0.          0.          8.
 -8.         -8.         -8.          8.         -8.         -8.
  8.          1.99035236  8.          3.93958167  8.         -3.26297205
  2.0959077  -8.        ]
2022-09-12 18:04:06,798 mloop.controllers    INFO     cost 0.029232921057203376 +/- 0.0
2022-09-12 18:04:06,798 mloop.controllers    INFO     Run:61 (machine learner)
2022-09-12 18:04:11,446 mloop.controllers    INFO     params [ 1.785      20.         20.         19.96963661  1.785      16.
  0.5         0.30764642  0.5         0.          0.          8.
 -8.         -8.         -8.          8.         -8.         -8.
  8.          4.26112881  8.          3.45581223  8.         -4.16990913
 -0.43353337 -8.        ]
2022-09-12 18:04:11,547 mloop.controllers    INFO     cost 0.028842168636153794 +/- 0.0
2022-09-12 18:04:11,548 mloop.controllers    INFO     Run:62 (machine learner)
2022-09-12 18:04:15,126 mloop.controllers    INFO     params [ 1.785      20.         20.         15.5727034   1.785      14.84866868
  0.36493223  0.45906754  0.49646991  0.          0.          8.
 -8.         -8.         -8.          7.57744839 -7.20429732 -8.
  7.13697119 -2.06156479  8.          3.28521542  7.75365964 -1.98865121
  2.17012573 -8.        ]
2022-09-12 18:04:15,227 mloop.controllers    INFO     cost 0.03057768171839592 +/- 0.0
2022-09-12 18:04:15,228 mloop.controllers    INFO     Run:63 (trainer)
2022-09-12 18:04:15,230 mloop.controllers    INFO     params [ 6.32585795 15.53922846  3.25767614 17.41129004 14.5667467   7.14740549
  0.26768397  0.39190933  0.15973904  0.42589301  0.23432688 -1.57066613
 -3.00950496 -2.55067546 -1.53371699 -4.16700222  0.74532996  4.52509302
  7.25206942  6.24571893  7.66344519  6.37462611 -2.97311456  0.230596
  3.80336623 -0.41260652]
2022-09-12 18:04:15,331 mloop.controllers    INFO     cost 0.04777088531985082 +/- 0.0
2022-09-12 18:04:15,331 mloop.controllers    INFO     Run:64 (machine learner)
2022-09-12 18:04:18,515 mloop.controllers    INFO     params [ 1.785      20.         20.         18.41683025  1.785      16.
  0.3793904   0.5         0.5         0.          0.          8.
 -8.         -8.         -8.          8.         -8.         -8.
  8.          4.98461252  8.          4.1753608   8.         -7.56017817
 -0.7858733  -8.        ]
2022-09-12 18:04:18,616 mloop.controllers    INFO     cost 0.028528117303954707 +/- 0.0
2022-09-12 18:04:18,617 mloop.controllers    INFO     Run:65 (machine learner)
2022-09-12 18:04:21,435 mloop.controllers    INFO     params [ 1.785      20.         20.         16.34668676  1.785      16.
  0.29645331  0.5         0.5         0.          0.          8.
 -8.         -8.         -8.          8.         -8.         -8.
  8.          7.85411642  8.          8.          8.         -8.
 -1.23305257 -8.        ]
2022-09-12 18:04:21,536 mloop.controllers    INFO     cost 0.027810047361058406 +/- 0.0
2022-09-12 18:04:21,536 mloop.controllers    INFO     Run:66 (machine learner)
2022-09-12 18:04:24,446 mloop.controllers    INFO     params [ 1.785      20.         20.         20.          1.785      16.
  0.13991262  0.5         0.5         0.          0.          8.
 -8.         -8.         -8.          8.         -8.         -8.
  8.          8.          8.          8.          8.         -8.
 -2.55157403 -8.        ]
2022-09-12 18:04:24,547 mloop.controllers    INFO     cost 0.027181285906436266 +/- 0.0
2022-09-12 18:04:24,547 mloop.controllers    INFO     Run:67 (machine learner)
2022-09-12 18:04:26,705 mloop.controllers    INFO     params [ 1.785      20.         20.         18.3306328   1.785      15.77091917
  0.45725158  0.42630315  0.5         0.          0.          8.
 -8.         -8.         -8.          8.         -8.         -8.
  8.          3.49846949  8.          2.66485731  8.         -4.43114751
 -0.71240529 -8.        ]
2022-09-12 18:04:26,806 mloop.controllers    INFO     cost 0.029308499397237384 +/- 0.0
2022-09-12 18:04:26,807 mloop.controllers    INFO     Run:68 (trainer)
2022-09-12 18:04:26,808 mloop.controllers    INFO     params [ 8.67394344  6.38400782  9.33715728  6.58677374  4.78568701 12.08842385
  0.10845904  0.42845996  0.48933409  0.35201956  0.15563232  1.07970036
  0.68128712  7.63552357  4.83702518 -1.01055611  7.56049551  1.8411425
  1.96496958  6.32366498  2.35467801  1.24924669  5.2287319   6.63040288
 -6.45935642 -3.42100025]
2022-09-12 18:04:26,909 mloop.controllers    INFO     cost 0.049472621706913564 +/- 0.0
2022-09-12 18:04:26,910 mloop.controllers    INFO     Run:69 (machine learner)
2022-09-12 18:04:29,751 mloop.controllers    INFO     params [ 1.785      20.         20.         20.          1.785      16.
  0.23072871  0.19202672  0.5         0.          0.          8.
 -3.65299656 -8.         -8.          8.         -8.         -8.
  8.          7.59404282  8.          8.          8.         -8.
 -5.04147513 -8.        ]
2022-09-12 18:04:29,852 mloop.controllers    INFO     cost 0.027572656880928543 +/- 0.0
2022-09-12 18:04:29,852 mloop.controllers    INFO     Run:70 (machine learner)
2022-09-12 18:04:33,081 mloop.controllers    INFO     params [ 1.785      20.         20.         20.          1.785      16.
  0.2224003   0.17766822  0.5         0.          0.          8.
  4.05463672 -8.         -8.          8.         -8.         -8.
  8.          7.9235278   8.          8.          8.         -8.
 -5.94495716 -8.        ]
2022-09-12 18:04:33,182 mloop.controllers    INFO     cost 0.027384507148902254 +/- 0.0
2022-09-12 18:04:33,183 mloop.controllers    INFO     Run:71 (machine learner)
2022-09-12 18:04:36,895 mloop.controllers    INFO     params [ 1.785      20.         20.         20.          1.785      16.
  0.21283105  0.1493864   0.5         0.          0.          8.
  8.         -8.         -8.          8.         -8.         -8.
  8.          8.          8.          8.          8.         -8.
 -7.16725623 -8.        ]
2022-09-12 18:04:36,996 mloop.controllers    INFO     cost 0.02674235267199472 +/- 0.0
2022-09-12 18:04:36,997 mloop.controllers    INFO     Run:72 (machine learner)
2022-09-12 18:04:39,032 mloop.controllers    INFO     params [ 1.785      20.         20.         20.          1.785      15.95260252
  0.24849501  0.34427921  0.5         0.          0.          8.
 -7.9214931  -8.         -8.          8.         -8.         -8.
  8.          6.80270102  8.          8.          8.         -6.66642348
 -2.21573967 -8.        ]
2022-09-12 18:04:39,133 mloop.controllers    INFO     cost 0.027600097503085907 +/- 0.0
2022-09-12 18:04:39,134 mloop.controllers    INFO     Run:73 (trainer)
2022-09-12 18:04:39,135 mloop.controllers    INFO     params [ 8.07880477e+00  7.94275045e+00  1.60327350e+01  9.36162696e+00
  1.07315802e+01  4.99601673e+00  1.30726594e-01  1.40317349e-01
  3.38796126e-01  4.26875219e-03  2.69502919e-01  1.43910303e+00
  4.23657641e+00 -4.58148204e+00 -7.60437420e+00 -1.42364286e+00
  7.88205513e+00  5.82138843e+00 -1.67489751e+00 -5.54732346e+00
  7.76150743e+00  3.71023373e+00 -2.75640007e+00  3.39509897e+00
 -5.94485293e+00  3.86914710e+00]
2022-09-12 18:04:39,236 mloop.controllers    INFO     cost 0.047434227966150974 +/- 0.0
2022-09-12 18:04:39,237 mloop.controllers    INFO     Run:74 (machine learner)
2022-09-12 18:04:43,450 mloop.controllers    INFO     params [ 1.785      11.85804241 20.         20.          1.785      16.
  0.33270339  0.          0.37307394  0.          0.          8.
  8.         -8.         -8.          8.         -8.         -8.
  8.          8.          8.          4.33828539  8.         -8.
 -8.         -8.        ]
2022-09-12 18:04:43,552 mloop.controllers    INFO     cost 0.02791000992081599 +/- 0.0
2022-09-12 18:04:43,552 mloop.controllers    INFO     Run:75 (machine learner)
2022-09-12 18:04:46,735 mloop.controllers    INFO     params [ 1.785       2.3683296  20.         20.          1.785      16.
  0.42260834  0.          0.39847714  0.          0.          8.
  8.         -8.         -8.          8.         -2.39747479 -8.
  8.          8.          8.          6.69650738  8.         -8.
 -8.         -8.        ]
2022-09-12 18:04:46,836 mloop.controllers    INFO     cost 0.027489980427305633 +/- 0.0
2022-09-12 18:04:46,837 mloop.controllers    INFO     Run:76 (machine learner)
2022-09-12 18:04:50,862 mloop.controllers    INFO     params [ 9.13385272  1.785      20.         20.          1.785      16.
  0.46949679  0.          0.40463436  0.02403288  0.         -3.66528601
  8.         -6.9965648  -8.          8.          5.85668065 -8.
  8.          8.          8.          8.          8.         -8.
 -8.         -8.        ]
2022-09-12 18:04:50,963 mloop.controllers    INFO     cost 0.02844614473657889 +/- 0.0
2022-09-12 18:04:50,964 mloop.controllers    INFO     Run:77 (machine learner)
2022-09-12 18:04:52,938 mloop.controllers    INFO     params [ 1.785      20.         20.         20.          1.785      16.
  0.22372939  0.04938659  0.49033974  0.          0.          8.
  8.         -8.         -8.          8.         -8.         -8.
  8.          8.          8.          6.88674849  8.         -8.
 -8.         -8.        ]
2022-09-12 18:04:53,039 mloop.controllers    INFO     cost 0.02677989303984622 +/- 0.0
2022-09-12 18:04:53,040 mloop.controllers    INFO     Run:78 (trainer)
2022-09-12 18:04:53,042 mloop.controllers    INFO     params [ 1.81634103e+00  5.46852941e+00  8.92479945e+00  1.24683342e+01
  9.80813515e+00  4.23824094e+00  4.55835418e-01  1.80295173e-01
  3.54544534e-01  4.09593862e-01  9.23364389e-03  7.10017975e+00
 -7.29649467e+00  6.01164196e+00  4.59656288e+00 -4.00555009e+00
  4.50654717e-01 -4.99026477e+00 -5.99968868e+00  6.09525499e+00
  6.67079278e+00 -1.67550182e+00 -5.49774988e+00  7.85341015e+00
  1.66209312e-01 -1.51706181e+00]
2022-09-12 18:04:53,143 mloop.controllers    INFO     cost 0.0419066438191875 +/- 0.0
2022-09-12 18:04:53,143 mloop.controllers    INFO     Run:79 (machine learner)
2022-09-12 18:04:56,530 mloop.controllers    INFO     params [ 9.94973182 13.93433434 20.         20.          1.785      16.
  0.40409382  0.          0.5         0.          0.          8.
  8.         -8.         -8.          8.          4.7585863  -8.
  8.          8.          8.          8.          8.         -8.
 -8.         -8.        ]
2022-09-12 18:04:56,631 mloop.controllers    INFO     cost 0.028701771378556992 +/- 0.0
2022-09-12 18:04:56,631 mloop.controllers    INFO     Run:80 (machine learner)
2022-09-12 18:05:00,703 mloop.controllers    INFO     params [17.80656372 12.63661034 20.         20.          1.785      16.
  0.5         0.          0.5         0.          0.37579475  8.
  8.         -8.         -8.          8.          8.         -8.
  8.          8.          8.          8.          8.         -8.
 -8.         -8.        ]
2022-09-12 18:05:00,804 mloop.controllers    INFO     cost 0.027778295505727767 +/- 0.0
2022-09-12 18:05:00,805 mloop.controllers    INFO     Run:81 (machine learner)
2022-09-12 18:05:05,954 mloop.controllers    INFO     params [20.         13.70432127 20.         20.          1.785      16.
  0.5         0.          0.5         0.          0.5         8.
  8.         -8.         -8.          8.          8.         -8.
  8.          8.          8.          8.          8.         -8.
 -8.         -8.        ]
2022-09-12 18:05:06,055 mloop.controllers    INFO     cost 0.027358730909349985 +/- 0.0
2022-09-12 18:05:06,055 mloop.controllers    INFO     Run:82 (machine learner)
2022-09-12 18:05:07,939 mloop.controllers    INFO     params [ 2.34725043 13.29115323 20.         20.          1.785      16.
  0.29464647  0.0555775   0.5         0.          0.          8.
  8.         -8.         -8.          8.         -2.64777397 -8.
  8.          8.          8.          8.          8.         -8.
 -8.         -8.        ]
2022-09-12 18:05:08,040 mloop.controllers    INFO     cost 0.028095513505449695 +/- 0.0
2022-09-12 18:05:08,041 mloop.controllers    INFO     Run:83 (trainer)
2022-09-12 18:05:08,043 mloop.controllers    INFO     params [17.77944159 19.5256878   3.65283403  6.12822209 11.10928527 11.07746067
  0.16924163  0.46581385  0.24710508  0.23794478  0.36405715  0.37728866
  3.0327526  -3.0920258   4.96086555 -0.94670723  7.22957201  0.53943201
  2.99673118 -3.0855908   3.54335565  4.95558356 -7.35682125 -1.04698827
  6.74580579 -3.44104801]
2022-09-12 18:05:08,144 mloop.controllers    INFO     cost 0.04644926665320529 +/- 0.0
2022-09-12 18:05:08,145 mloop.controllers    INFO     Run:84 (machine learner)
2022-09-12 18:05:11,667 mloop.controllers    INFO     params [19.52145049 20.         20.         20.          1.785      16.
  0.06847768  0.15715872  0.5         0.          0.37571359  8.
  8.         -8.         -8.          8.         -8.         -8.
  8.          8.          8.          8.          8.         -8.
 -8.         -8.        ]
2022-09-12 18:05:11,768 mloop.controllers    INFO     cost 0.026702984776548817 +/- 0.0
2022-09-12 18:05:11,769 mloop.controllers    INFO     Run:85 (machine learner)
2022-09-12 18:05:15,984 mloop.controllers    INFO     params [20.        20.        20.        20.         1.785     16.
  0.         0.2713865  0.5        0.         0.5        8.
  8.        -8.        -8.         8.        -8.        -8.
  8.         8.         8.         8.         8.        -8.
 -8.        -8.       ]
2022-09-12 18:05:16,085 mloop.controllers    INFO     cost 0.026621901525434883 +/- 0.0
2022-09-12 18:05:16,086 mloop.controllers    INFO     Run:86 (machine learner)
2022-09-12 18:05:22,369 mloop.controllers    INFO     params [20.          1.785      20.         20.          1.785      16.
  0.5         0.          0.12289724  0.          0.5        -4.45063174
  8.         -8.          8.          8.          8.         -8.
 -8.          8.          8.          8.          8.         -8.
 -8.         -8.        ]
2022-09-12 18:05:22,470 mloop.controllers    INFO     cost 0.0270486997695084 +/- 0.0
2022-09-12 18:05:22,470 mloop.controllers    INFO     Run:87 (machine learner)
2022-09-12 18:05:24,948 mloop.controllers    INFO     params [ 5.47459831 20.         20.         20.          1.785      16.
  0.13805319  0.1796751   0.49703684  0.          0.          8.
  8.         -8.         -8.          8.         -8.         -8.
  8.          8.          8.          8.          8.         -8.
 -8.         -8.        ]
2022-09-12 18:05:25,050 mloop.controllers    INFO     cost 0.027142830463332393 +/- 0.0
2022-09-12 18:05:25,051 mloop.controllers    INFO     Run:88 (trainer)
2022-09-12 18:05:25,053 mloop.controllers    INFO     params [13.67281109  9.98889338  5.09922938 12.44591855 12.35128013  5.00819044
  0.34948072  0.25673678  0.01373313  0.23749463  0.40564405 -3.95553278
 -4.72709357  3.31488079  5.49130247 -5.09783288 -0.97303778 -6.61352833
 -6.97757431 -3.61199624 -5.75946647 -0.48843175  3.82722942  5.60720873
 -2.57962087  6.3099545 ]
2022-09-12 18:05:25,154 mloop.controllers    INFO     cost 0.04943669262124356 +/- 0.0
2022-09-12 18:05:25,155 mloop.controllers    INFO     Run:89 (machine learner)
2022-09-12 18:05:30,186 mloop.controllers    INFO     params [20.          1.785      20.         20.          1.785      16.
  0.5         0.20598185  0.30802867  0.14069244  0.5        -8.
  8.          1.81463904 -6.62577902  8.          8.         -8.
 -5.02133834  8.          8.          8.          8.         -8.
 -8.         -8.        ]
2022-09-12 18:05:30,288 mloop.controllers    INFO     cost 0.02782846987918848 +/- 0.0
2022-09-12 18:05:30,288 mloop.controllers    INFO     Run:90 (machine learner)
2022-09-12 18:05:34,783 mloop.controllers    INFO     params [20.          1.785      20.         20.          1.785      16.
  0.5         0.47568987  0.34359005  0.19253325  0.5        -8.
  8.          5.7509318  -8.          8.          8.         -8.
 -8.          8.          8.          8.          8.         -8.
 -8.         -8.        ]
2022-09-12 18:05:34,884 mloop.controllers    INFO     cost 0.02691915366945097 +/- 0.0
2022-09-12 18:05:34,885 mloop.controllers    INFO     Run:91 (machine learner)
2022-09-12 18:05:38,150 mloop.controllers    INFO     params [20.          1.785      20.         20.          1.785      16.
  0.5         0.5         0.31479779  0.5         0.5        -8.
  8.          6.71395221 -8.          8.          8.         -8.
 -8.          8.          8.          8.          8.         -8.
 -8.         -8.        ]
2022-09-12 18:05:38,251 mloop.controllers    INFO     cost 0.02680219594342096 +/- 0.0
2022-09-12 18:05:38,252 mloop.controllers    INFO     Run:92 (machine learner)
2022-09-12 18:05:39,998 mloop.controllers    INFO     params [ 2.00000000e+01  1.78500000e+00  2.00000000e+01  2.00000000e+01
  1.78500000e+00  1.60000000e+01  5.00000000e-01  1.61350651e-02
  2.76888956e-01  2.40005053e-02  5.00000000e-01 -1.59089476e+00
  8.00000000e+00 -5.88993982e+00  4.74427884e-01  8.00000000e+00
  8.00000000e+00 -8.00000000e+00 -1.07810656e+00  8.00000000e+00
  8.00000000e+00  8.00000000e+00  8.00000000e+00 -8.00000000e+00
 -8.00000000e+00 -8.00000000e+00]
2022-09-12 18:05:40,100 mloop.controllers    INFO     cost 0.0289451179772127 +/- 0.0
2022-09-12 18:05:40,101 mloop.controllers    INFO     Run:93 (trainer)
2022-09-12 18:05:40,102 mloop.controllers    INFO     params [17.71776624 19.47726633 12.86158748 11.52677946  5.27354215  9.96700281
  0.25312191  0.36367931  0.42990226  0.49003612  0.06610879  1.23062359
  7.47262303 -1.65920456 -1.20127605  6.7911977  -7.96109218 -1.76314148
  4.38665279  3.30843947  4.95903902  5.2349696  -5.93906319 -7.19436734
 -3.0337361   2.40830459]
2022-09-12 18:05:40,203 mloop.controllers    INFO     cost 0.044080181145121876 +/- 0.0
2022-09-12 18:05:40,203 mloop.controllers    INFO     Run:94 (machine learner)
2022-09-12 18:05:44,096 mloop.controllers    INFO     params [20.          1.785      20.         20.          1.785      16.
  0.5         0.5         0.13417003  0.30820646  0.5        -8.
  8.         -0.36746716  8.          8.          8.         -8.
 -8.          8.          8.          8.          8.         -5.36477909
  1.31448937 -8.        ]
2022-09-12 18:05:44,197 mloop.controllers    INFO     cost 0.028289014525591013 +/- 0.0
2022-09-12 18:05:44,197 mloop.controllers    INFO     Run:95 (machine learner)
2022-09-12 18:05:48,266 mloop.controllers    INFO     params [20.          1.785      20.         20.          1.785      16.
  0.5         0.5         0.06539944  0.28718196  0.5        -8.
  8.         -5.91440202  8.          8.          8.         -8.
 -8.          8.          8.          8.          8.          8.
  8.         -8.        ]
2022-09-12 18:05:48,367 mloop.controllers    INFO     cost 0.02690023361519086 +/- 0.0
2022-09-12 18:05:48,368 mloop.controllers    INFO     Run:96 (machine learner)
2022-09-12 18:05:51,856 mloop.controllers    INFO     params [20.          1.785      20.         20.          1.785      16.
  0.5         0.5         0.28144334  0.5         0.5        -8.
  8.          8.         -8.          8.          8.         -8.
 -8.          8.         -8.         -8.         -8.          8.
 -8.          8.        ]
2022-09-12 18:05:51,958 mloop.controllers    INFO     cost 0.026621896513241768 +/- 0.0
2022-09-12 18:05:51,958 mloop.controllers    INFO     Run:97 (machine learner)
2022-09-12 18:05:53,865 mloop.controllers    INFO     params [20.         20.         20.         20.          1.785      16.
  0.35318782  0.12127142  0.5         0.          0.5         8.
  8.         -8.         -8.          8.         -2.60790752 -8.
  8.          8.          8.          8.          8.         -8.
 -8.         -8.        ]
2022-09-12 18:05:53,967 mloop.controllers    INFO     cost 0.027178843733757296 +/- 0.0
2022-09-12 18:05:53,968 mloop.controllers    INFO     Run:98 (trainer)
2022-09-12 18:05:53,969 mloop.controllers    INFO     params [15.74933227 13.74870983  4.60241191 14.02189148  9.27765919  7.880113
  0.20823165  0.15500523  0.33758796  0.25739268  0.36684447  5.61305231
 -2.50124348  1.05086029  6.50830072 -5.55760918 -1.70686648  0.45280311
 -5.4356055   3.58982266  1.50364075  1.80996241 -4.93395847  3.50280669
 -6.48555511  2.38725149]
2022-09-12 18:05:54,071 mloop.controllers    INFO     cost 0.05456960584783517 +/- 0.0
2022-09-12 18:05:54,071 mloop.controllers    INFO     Run:99 (machine learner)
2022-09-12 18:06:32,672 mloop.controllers    INFO     params [20.          1.785      20.         20.          1.785      16.
  0.5         0.5         0.35739276  0.40681308  0.5        -8.
  8.         -0.27443012 -8.          8.          8.         -8.
 -8.          8.          7.95213502  5.85428435 -0.79750587  8.
 -8.          2.60833394]
2022-09-12 18:06:32,776 mloop.controllers    INFO     cost 0.028915985533002942 +/- 0.0
2022-09-12 18:06:32,779 mloop.controllers    INFO     Run:100 (machine learner)
2022-09-12 18:07:11,374 mloop.controllers    INFO     params [20.          1.785      20.         20.          1.785      16.
  0.5         0.5         0.5         0.44263913  0.5        -8.
  8.         -8.         -8.          8.          8.         -8.
 -8.          8.          8.          8.         -8.          8.
 -8.          3.85836011]
2022-09-12 18:07:11,489 mloop.controllers    INFO     cost 0.027097317527585707 +/- 0.0
2022-09-12 18:07:11,489 mloop.controllers    INFO     Controller finished. Closing down M-LOOP. Please wait a moment...
2022-09-12 18:07:11,490 mloop.controllers    DEBUG    ML learner end set.
2022-09-12 18:39:40,002 mloop.controllers    DEBUG    ML learner joined
2022-09-12 18:39:40,025 mloop.controllers    DEBUG    Learner end event set.
2022-09-12 18:39:40,035 mloop.controllers    DEBUG    Interface end event set.
2022-09-12 18:39:40,235 mloop.interfaces     DEBUG    Interface ended
2022-09-12 18:39:40,318 mloop.learners.1     DEBUG    Learner end signal received. Ending
2022-09-12 18:39:41,320 mloop.controllers    DEBUG    Learner joined.
2022-09-12 18:39:41,321 mloop.controllers    DEBUG    Interface joined.
2022-09-12 18:39:41,381 mloop.controllers    INFO     Optimization ended because:
2022-09-12 18:39:41,382 mloop.controllers    INFO     	* Maximum number of runs reached.
2022-09-12 18:39:41,382 mloop.controllers    INFO     Results:
2022-09-12 18:39:41,383 mloop.controllers    INFO     	* Best parameters found:[20.          1.785      20.         20.          1.785      16.
  0.5         0.5         0.28144334  0.5         0.5        -8.
  8.          8.         -8.          8.          8.         -8.
 -8.          8.         -8.         -8.         -8.          8.
 -8.          8.        ]
2022-09-12 18:39:41,384 mloop.controllers    INFO     	* Best cost returned:0.026621896513241768 +/- 0.0
2022-09-12 18:39:41,384 mloop.controllers    INFO     	* Best run number:96
2022-09-12 18:39:41,386 mloop.controllers    INFO     	* Predicted best parameters:[20.          1.785      20.         20.          1.785      16.
  0.5         0.5         0.47941263  0.45950018  0.5        -8.
  8.         -3.72255253 -8.          8.          8.         -8.
 -8.          8.         -1.8477475   3.32046571 -8.         -0.37636695
 -8.          0.1514934 ]
2022-09-12 18:39:41,386 mloop.controllers    INFO     	* Predicted best cost:0.025676705983187144 +/- 0.003852040417602941
2022-09-12 18:39:41,387 mloop.controllers    INFO     M-LOOP Done.
2022-09-12 18:39:41,389 mloop.visualizations DEBUG    Creating controller visualizations.
2022-09-12 18:39:43,150 mloop.visualizations DEBUG    Creating learner visualizations.
2022-09-12 18:39:43,172 mloop.visualizations DEBUG    Creating Gaussian process visualizer.
2022-09-12 18:39:43,194 mloop.learners.3     DEBUG    Learner init completed.
2022-09-12 18:39:43,204 mloop.visualizations DEBUG    Fitting Gaussian process.
2022-09-12 18:39:43,971 mloop.visualizations INFO     Showing visualizations, close all to end M-LOOP.
