2022-09-12 17:33:19,983 mloop                INFO     M-LOOP version 3.3.1
2022-09-12 17:33:19,983 mloop                DEBUG    M-LOOP Logger configured.
2022-09-12 17:33:19,983 mloop.interfaces     DEBUG    Creating interface.
2022-09-12 17:33:19,986 mloop.controllers    DEBUG    Controller init completed.
2022-09-12 17:33:19,988 mloop.learners.1     DEBUG    Learner init completed.
2022-09-12 17:33:19,990 mloop.learners.2     DEBUG    Learner init completed.
2022-09-12 17:33:19,993 mloop.controllers    INFO     Optimization started.
2022-09-12 17:33:19,996 mloop.interfaces     DEBUG    Entering main loop of interface.
2022-09-12 17:33:19,996 mloop.controllers    DEBUG    ML learner started.
2022-09-12 17:33:20,008 mloop.controllers    DEBUG    Starting training optimization.
2022-09-12 17:33:20,009 mloop.controllers    INFO     Run:1 (training)
2022-09-12 17:33:20,013 mloop.controllers    INFO     params [ 2.7380018   5.89124336 14.69084393  7.52942352  2.92650213 10.82658602
  0.27963113  0.36908625  0.06351705  0.02426693  0.14289722  4.97242378
  3.85761845  0.43141831  1.91048322  1.59479922  7.50782545 -0.79938813
 -1.5113913   3.67492285  7.38510401  4.07228404 -1.30797042 -3.81626548
 -1.33658019 -0.47832276]
2022-09-12 17:33:20,021 mloop.controllers    INFO     cost -74.43459291657052 +/- 0.0
2022-09-12 17:33:20,022 mloop.controllers    INFO     Controller finished. Closing down M-LOOP. Please wait a moment...
2022-09-12 17:33:20,023 mloop.controllers    DEBUG    ML learner end set.
2022-09-12 17:33:21,402 mloop.controllers    DEBUG    ML learner joined
2022-09-12 17:33:21,402 mloop.controllers    DEBUG    Learner end event set.
2022-09-12 17:33:21,403 mloop.controllers    DEBUG    Interface end event set.
2022-09-12 17:33:22,001 mloop.learners.1     DEBUG    Learner end signal received. Ending
2022-09-12 17:33:22,018 mloop.interfaces     DEBUG    Interface ended
2022-09-12 17:33:23,003 mloop.controllers    DEBUG    Learner joined.
2022-09-12 17:33:23,025 mloop.controllers    DEBUG    Interface joined.
2022-09-12 17:33:23,031 mloop.controllers    INFO     Optimization ended because:
2022-09-12 17:33:23,031 mloop.controllers    INFO     	* Target cost reached.
2022-09-12 17:33:23,031 mloop.controllers    INFO     	* Target cost reached.
2022-09-12 17:33:23,032 mloop.controllers    INFO     	* Target cost reached.
2022-09-12 17:33:23,032 mloop.controllers    INFO     Results:
2022-09-12 17:33:23,033 mloop.controllers    INFO     	* Best parameters found:[ 2.7380018   5.89124336 14.69084393  7.52942352  2.92650213 10.82658602
  0.27963113  0.36908625  0.06351705  0.02426693  0.14289722  4.97242378
  3.85761845  0.43141831  1.91048322  1.59479922  7.50782545 -0.79938813
 -1.5113913   3.67492285  7.38510401  4.07228404 -1.30797042 -3.81626548
 -1.33658019 -0.47832276]
2022-09-12 17:33:23,033 mloop.controllers    INFO     	* Best cost returned:-74.43459291657052 +/- 0.0
2022-09-12 17:33:23,033 mloop.controllers    INFO     	* Best run number:1
2022-09-12 17:33:23,034 mloop.controllers    INFO     	* Predicted best parameters:[ 2.7380018   5.89124336 14.69084393  7.52942352  2.92650213 10.82658602
  0.27963113  0.36908625  0.06351705  0.02426693  0.14289722  4.97242378
  3.85761845  0.43141831  1.91048322  1.59479922  7.50782545 -0.79938813
 -1.5113913   3.67492285  7.38510401  4.07228404 -1.30797042 -3.81626548
 -1.33658019 -0.47832276]
2022-09-12 17:33:23,034 mloop.controllers    INFO     	* Predicted best cost:-74.43459291657052 +/- 0.00447212477474633
2022-09-12 17:33:23,034 mloop.controllers    INFO     M-LOOP Done.
2022-09-12 17:33:23,035 mloop.visualizations DEBUG    Creating controller visualizations.
2022-09-12 17:33:40,644 mloop                INFO     M-LOOP version 3.3.1
2022-09-12 17:33:40,645 mloop                DEBUG    M-LOOP Logger configured.
2022-09-12 17:33:40,646 mloop.interfaces     DEBUG    Creating interface.
2022-09-12 17:33:40,648 mloop.controllers    DEBUG    Controller init completed.
2022-09-12 17:33:40,649 mloop.learners.1     DEBUG    Learner init completed.
2022-09-12 17:33:40,651 mloop.learners.2     DEBUG    Learner init completed.
2022-09-12 17:33:40,653 mloop.controllers    INFO     Optimization started.
2022-09-12 17:33:40,793 mloop.interfaces     DEBUG    Entering main loop of interface.
2022-09-12 17:33:40,793 mloop.controllers    DEBUG    ML learner started.
2022-09-12 17:33:40,797 mloop.controllers    DEBUG    Starting training optimization.
2022-09-12 17:33:40,798 mloop.controllers    INFO     Run:1 (training)
2022-09-12 17:33:40,801 mloop.controllers    INFO     params [ 7.48753294  5.10000398  2.19067447  4.17217277  4.20786424  6.29161486
  0.4498289   0.13711165  0.15491479  0.42768409  0.20729573  5.93935313
 -2.4562776   5.48004173  4.07129727  6.54930279 -3.5230114  -3.64770541
  5.02550441 -5.3224974  -5.9121292  -1.32980934 -6.18005678 -7.18427315
 -7.73377521 -0.49367197]
2022-09-12 17:33:40,810 mloop.controllers    INFO     cost -106.48953432961903 +/- 0.0
2022-09-12 17:33:40,812 mloop.controllers    INFO     Run:2 (training)
2022-09-12 17:33:40,814 mloop.controllers    INFO     params [11.51138793 18.73693913  6.9101387  16.4593987  11.32533906 13.98725112
  0.22439326  0.05852377  0.38280421  0.20310466  0.32054642  6.64446098
 -1.81447492 -0.59580867 -0.28944719  5.56585022 -0.75829442 -2.41450838
 -4.79210844  5.52559885  6.54888863  7.14612992 -2.54454373 -0.21253384
  4.22388446  5.3170977 ]
2022-09-12 17:33:40,818 mloop.controllers    INFO     cost -77.29363654740649 +/- 0.0
2022-09-12 17:33:40,818 mloop.controllers    INFO     Run:3 (training)
2022-09-12 17:33:40,820 mloop.controllers    INFO     params [ 2.31901406  1.80831031 19.10524244 12.24603706 11.51835412 12.10925577
  0.16930313  0.49169222  0.43797092  0.26864245  0.11772162 -0.34476735
 -3.80458717  6.42406609  3.86736846  1.99866688 -1.9660002  -3.34132571
  7.37373072  0.27649237  6.02280751 -1.29595006  1.47598205  7.69945257
 -6.41653167 -6.25540176]
2022-09-12 17:33:40,826 mloop.controllers    INFO     cost -89.18347643875873 +/- 0.0
2022-09-12 17:33:40,826 mloop.controllers    INFO     Run:4 (training)
2022-09-12 17:33:40,828 mloop.controllers    INFO     params [18.08360023  3.84976355  5.2992922  13.31437999  8.60122157  5.8769612
  0.14676809  0.12045091  0.22278995  0.32742725  0.18492042  2.57707917
 -6.327272   -3.0000219   5.87304471 -0.69706521  4.00035618  7.65486988
 -0.74832559  3.55429788  7.71999026 -3.00670103  1.55137604  7.38021095
  7.21651136 -5.69659969]
2022-09-12 17:33:40,833 mloop.controllers    INFO     cost -96.0694614581403 +/- 0.0
2022-09-12 17:33:40,833 mloop.controllers    INFO     Run:5 (training)
2022-09-12 17:33:40,835 mloop.controllers    INFO     params [17.4853764   2.73378481 19.63819698 13.34630555  7.24928627 12.67008642
  0.46308379  0.44199986  0.33629398  0.3812525   0.4735651   2.41194562
  5.59623897  1.13437739 -2.52200009 -3.62167584  0.19189666  2.88755601
  7.56298441  3.7714928  -5.07051959  3.68485031 -2.98997496 -0.06711369
  6.75480481 -0.79783756]
2022-09-12 17:33:40,840 mloop.controllers    INFO     cost -82.17585823822479 +/- 0.0
2022-09-12 17:33:40,841 mloop.controllers    INFO     Run:6 (training)
2022-09-12 17:33:40,843 mloop.controllers    INFO     params [ 7.89741849  1.8678216   3.33458921  7.36376252 16.44966159 11.39104213
  0.38582819  0.11327037  0.06190436  0.38906093  0.35757858 -5.07252214
 -3.43641767 -5.85294518 -0.81062807 -3.82904144 -2.93430044 -2.83036277
  0.57293123 -2.42349111 -5.77156514  5.47220851  3.3066609  -2.80738559
 -1.16763038 -1.06796329]
2022-09-12 17:33:40,848 mloop.controllers    INFO     cost -78.11795874623229 +/- 0.0
2022-09-12 17:33:40,848 mloop.controllers    INFO     Run:7 (training)
2022-09-12 17:33:40,850 mloop.controllers    INFO     params [ 1.76557965e+01  1.83087434e+01  5.11658138e+00  9.40501386e+00
  1.58544862e+01  4.94657057e+00  2.76473845e-02  3.60951426e-02
  1.24251684e-01  9.15348194e-03  7.32791845e-02  5.43943036e+00
  6.53766851e-01 -1.57227241e+00  4.54786931e-01 -7.18553149e+00
 -1.92677048e+00  7.88866312e+00  1.54513085e+00  2.20293583e+00
 -6.83217803e+00  4.87576034e+00  6.08881063e-01  2.60954475e+00
 -2.87889139e+00  7.11957634e+00]
2022-09-12 17:33:40,857 mloop.controllers    INFO     cost -86.23205365062461 +/- 0.0
2022-09-12 17:33:40,857 mloop.controllers    INFO     Run:8 (training)
2022-09-12 17:33:40,860 mloop.controllers    INFO     params [18.95412747  9.40609432 16.71578429 15.84105311  5.50223085 10.80156782
  0.33724209  0.08865454  0.1394303   0.09930687  0.1083055  -2.94859826
 -4.62696416 -3.29564306 -4.00900751  3.36454601 -0.35076391 -6.76458509
  0.14863416 -6.81201855 -5.45016175 -0.41932307 -1.24380802  2.21779325
 -7.33775486  3.32403367]
2022-09-12 17:33:40,867 mloop.controllers    INFO     cost -79.47688771038091 +/- 0.0
2022-09-12 17:33:40,868 mloop.controllers    INFO     Run:9 (training)
2022-09-12 17:33:40,870 mloop.controllers    INFO     params [14.88937444 14.73541082  7.3032545   3.74233026 15.30235658 11.02101652
  0.47373592  0.28014883  0.31575441  0.38840768  0.11000266  7.06065765
  5.84264201 -0.55533228  5.52527252  0.77669163  4.08776854  5.14346219
  3.11972439  4.77343389  3.56093249 -3.51876471 -5.10725873 -0.87216256
  6.15168736 -2.05281191]
2022-09-12 17:33:40,876 mloop.controllers    INFO     cost -82.75672063911715 +/- 0.0
2022-09-12 17:33:40,877 mloop.controllers    INFO     Run:10 (training)
2022-09-12 17:33:40,878 mloop.controllers    INFO     params [18.75962785  6.73974906 15.8071766   3.47524261 16.92143914 14.54110113
  0.29946031  0.25176095  0.17904735  0.32352752  0.07590493 -4.60164445
 -1.93473717  6.63690629  3.79727821  7.58934589 -4.3862312  -5.47902392
 -3.84367079 -4.91892758 -4.28737379 -1.25736371  5.07482409 -7.1348312
  4.51379785 -3.80264675]
2022-09-12 17:33:40,884 mloop.controllers    INFO     cost -104.55025245182283 +/- 0.0
2022-09-12 17:33:40,884 mloop.controllers    INFO     Run:11 (training)
2022-09-12 17:33:40,886 mloop.controllers    INFO     params [ 8.59904735 12.59416594  3.93427074  7.02806963 14.7503052  11.0348203
  0.45630589  0.25582727  0.13885995  0.23554763  0.06517707  0.99563195
 -4.99077076 -2.2182084   6.39384001 -4.50409566 -2.94042653 -2.10798747
 -2.13992375  6.73475472  5.43432754  7.68044007  6.24004903 -3.59979588
  0.49797611  6.24397196]
2022-09-12 17:33:40,892 mloop.controllers    INFO     cost -82.9551520682073 +/- 0.0
2022-09-12 17:33:40,893 mloop.controllers    INFO     Run:12 (training)
2022-09-12 17:33:40,896 mloop.controllers    INFO     params [ 2.47230574e+00  3.08196306e+00  6.73759094e+00  1.81262934e+01
  7.29605154e+00  1.40043879e+01  3.95846919e-01  5.06146456e-02
  3.44477142e-01  8.55336541e-02  2.05322693e-01 -5.43335496e+00
  4.26225413e+00  7.41440002e+00 -3.24256959e+00 -6.23735149e+00
  4.02753868e+00 -7.17268210e+00  2.87434407e+00 -4.15931080e-03
  2.41204309e+00  6.51989572e-01  4.01166404e+00  7.98997393e+00
  1.17566954e+00  7.95016362e+00]
2022-09-12 17:33:40,903 mloop.controllers    INFO     cost -100.729281234387 +/- 0.0
2022-09-12 17:33:40,903 mloop.controllers    INFO     Run:13 (training)
2022-09-12 17:33:40,905 mloop.controllers    INFO     params [ 1.70290555e+01  1.99078865e+01  1.60008388e+01  2.40091466e+00
  1.58765023e+01  6.01081287e+00  1.19358751e-03  4.82687219e-01
  7.66168970e-03  4.66468508e-01  4.96227064e-01 -6.95591149e+00
  1.78559324e+00 -6.17548954e+00 -3.53680951e+00 -2.87926987e-02
 -4.37455205e+00 -6.17380175e+00  6.54770205e-01  9.90224962e-01
 -7.60044731e+00  1.35797159e+00  4.94544404e+00 -1.57296514e+00
  4.01418907e+00 -5.64344716e+00]
2022-09-12 17:33:40,912 mloop.controllers    INFO     cost -94.72199280801026 +/- 0.0
2022-09-12 17:33:40,912 mloop.controllers    INFO     Run:14 (training)
2022-09-12 17:33:40,913 mloop.controllers    INFO     params [ 7.21275155 14.52715362  3.68521664 11.77000157 12.81658517 13.76840382
  0.20017109  0.33158342  0.09276743  0.40862664  0.16504004 -3.16462678
 -5.38321153 -5.238968    0.61643179 -2.64697437 -6.17078092  7.47589732
 -4.629477   -3.60643771 -2.71234791  2.18976295 -6.99683918 -6.90993083
  6.67279286 -6.15015698]
2022-09-12 17:33:40,921 mloop.controllers    INFO     cost -92.188543622234 +/- 0.0
2022-09-12 17:33:40,922 mloop.controllers    INFO     Run:15 (training)
2022-09-12 17:33:40,924 mloop.controllers    INFO     params [ 9.40161283e+00  1.71062966e+01  6.67463586e+00  3.71795280e+00
  1.72627193e+01  9.90972341e+00  2.70721645e-01  8.92835523e-03
  4.18646367e-01  1.66052413e-01  4.92639996e-01 -7.27126338e+00
 -4.46416709e+00  3.84182591e+00  6.41309718e-01 -6.49164297e+00
 -5.06302679e+00 -3.62416556e-02  6.86522733e+00 -3.11327196e+00
 -2.35472653e-01 -6.12950871e+00  1.27012690e+00  4.40699900e+00
  6.77826809e+00 -4.60977110e+00]
2022-09-12 17:33:40,932 mloop.controllers    INFO     cost -87.5327415108697 +/- 0.0
2022-09-12 17:33:40,933 mloop.controllers    INFO     Run:16 (training)
2022-09-12 17:33:40,934 mloop.controllers    INFO     params [ 3.42486716  5.23968651  5.05093242 17.74874926  8.07275327 14.53464643
  0.10778804  0.31995008  0.48799447  0.23340498  0.40890556  0.63754984
 -4.47870286  5.62025351 -1.15685084 -6.4804961   6.23518752  1.76632294
 -4.4671645  -5.36211328 -5.97418209  6.81714063 -5.05730811 -5.71554727
 -7.28768376  4.8673526 ]
2022-09-12 17:33:40,942 mloop.controllers    INFO     cost -105.72216926633166 +/- 0.0
2022-09-12 17:33:40,943 mloop.controllers    INFO     Run:17 (training)
2022-09-12 17:33:40,944 mloop.controllers    INFO     params [11.00456908  4.33224162  8.0582663  12.87677005 19.02166346 15.68468848
  0.41316444  0.48629661  0.32638023  0.19405647  0.33690781 -5.75258522
 -5.29951552 -6.1353513   1.97775903 -4.9675625  -1.81719238 -0.80809049
 -6.70475511 -1.16334447  7.10783743  5.44695696 -0.85947673  5.21788337
 -4.9945227  -1.28325592]
2022-09-12 17:33:40,951 mloop.controllers    INFO     cost -85.45946491176896 +/- 0.0
2022-09-12 17:33:40,951 mloop.controllers    INFO     Run:18 (training)
2022-09-12 17:33:40,953 mloop.controllers    INFO     params [ 6.73512578 17.70892042  3.84649919  9.42070563 16.61054062  7.78416461
  0.42327179  0.10752229  0.14216182  0.23539825  0.06392371 -7.7252764
  2.5468711   1.54443631  4.36000317  7.8741198   2.15423357  2.61847444
 -4.36269571  0.11323074  4.50960289  4.65289298  1.43213221 -6.07788822
  0.82841953  3.957831  ]
2022-09-12 17:33:40,961 mloop.controllers    INFO     cost -82.8078396356802 +/- 0.0
2022-09-12 17:33:40,962 mloop.controllers    INFO     Run:19 (training)
2022-09-12 17:33:40,963 mloop.controllers    INFO     params [ 4.5655005   4.52499431  6.23760728  8.59349    11.80671973 15.05905615
  0.39841182  0.13534908  0.03790832  0.10372089  0.42639218 -5.87232618
  3.00874283 -6.12389654  1.30572464 -3.17655657  0.13525865 -3.87606305
 -4.85457    -2.90797974 -2.64605128  2.5725341  -0.79471991  1.16788518
  7.22398082  6.43600958]
2022-09-12 17:33:40,972 mloop.controllers    INFO     cost -78.52180859871143 +/- 0.0
2022-09-12 17:33:40,972 mloop.controllers    INFO     Run:20 (training)
2022-09-12 17:33:40,974 mloop.controllers    INFO     params [ 4.96725447 19.95322104 16.49738066 12.67347628 19.47470856  5.38701586
  0.06364677  0.34583289  0.03767614  0.23852501  0.03631159 -5.3371808
 -1.42948886  1.27586807 -0.26300708 -4.89210368 -5.29254092 -3.32655804
 -7.37433114 -3.84363564  6.58889729 -2.90553094  5.99747542  1.45717696
 -2.89457634 -7.56902686]
2022-09-12 17:33:40,981 mloop.controllers    INFO     cost -96.73408761707051 +/- 0.0
2022-09-12 17:33:40,982 mloop.controllers    INFO     Run:21 (training)
2022-09-12 17:33:40,983 mloop.controllers    INFO     params [11.2652505   1.92082022 10.33975077 13.65436894  9.0968889   5.07431633
  0.31048924  0.41459151  0.13459979  0.17673293  0.26985627 -0.19051822
  7.07928598 -0.99940357 -0.15641145 -2.95252941 -6.83875344  1.63812638
  5.18437714  4.69266988  7.38972696 -1.27468394  4.84668914  6.15396414
 -7.52523086 -0.83229439]
2022-09-12 17:33:40,992 mloop.controllers    INFO     cost -77.56861242562104 +/- 0.0
2022-09-12 17:33:40,992 mloop.controllers    INFO     Run:22 (training)
2022-09-12 17:33:40,994 mloop.controllers    INFO     params [ 6.18769967 10.09448149  3.11217986  4.75691304 10.64559229  9.61706198
  0.46849981  0.259765    0.29209754  0.08608021  0.39461463 -1.43516794
  7.17846066 -1.83205089  6.34551613  1.19245615  6.40058522 -5.12392995
 -7.1897529   0.79906385  7.0105106  -5.83140043  5.19171034  6.4436927
  1.06609455 -6.70472586]
2022-09-12 17:33:41,005 mloop.controllers    INFO     cost -90.37258662752953 +/- 0.0
2022-09-12 17:33:41,005 mloop.controllers    INFO     Run:23 (training)
2022-09-12 17:33:41,007 mloop.controllers    INFO     params [18.88414016  4.38797179 18.38120621 19.5537627   9.16951402 13.74116562
  0.35773215  0.3354045   0.12736029  0.31039441  0.17401305  0.53366284
  4.75439504  7.46383043  1.50250542  5.61951115 -3.93806618 -7.69889823
  1.41584317 -4.26586513 -5.62914267 -0.03430421 -7.59991853 -7.41183183
 -7.00111558  1.70413198]
2022-09-12 17:33:41,016 mloop.controllers    INFO     cost -103.13546899272468 +/- 0.0
2022-09-12 17:33:41,016 mloop.controllers    INFO     Run:24 (training)
2022-09-12 17:33:41,018 mloop.controllers    INFO     params [17.54671862 15.12957026 18.08144711 19.08969123  6.36996514  9.22314617
  0.2378777   0.33814097  0.33306416  0.08379984  0.45022089 -2.24308541
 -1.4198468  -4.84189296  1.48762856  3.28469189 -4.79523423  3.90662413
  2.52371023  0.22878001 -4.96466494 -3.29738121  0.30423657 -3.56578938
  6.59633465  1.7369957 ]
2022-09-12 17:33:41,028 mloop.controllers    INFO     cost -77.32346107294289 +/- 0.0
2022-09-12 17:33:41,029 mloop.controllers    INFO     Run:25 (training)
2022-09-12 17:33:41,030 mloop.controllers    INFO     params [16.66240852 12.14678899  7.13615048 14.83398759 13.57412483  5.60264858
  0.31289984  0.4233579   0.49488523  0.38260283  0.19260302 -1.46081398
  3.71064889 -0.8644362   6.3124626  -6.72836185  1.52326366 -6.71097592
  7.85433679 -1.42882962 -5.76563651  2.53205892 -1.33416807  0.33598799
  5.87605729  4.70855498]
2022-09-12 17:33:41,039 mloop.controllers    INFO     cost -79.61874691679111 +/- 0.0
2022-09-12 17:33:41,040 mloop.controllers    INFO     Run:26 (training)
2022-09-12 17:33:41,042 mloop.controllers    INFO     params [11.81598977  7.6157137   3.68710912 15.22830637 13.60528824 14.79127481
  0.37855241  0.16866963  0.34233826  0.310517    0.255165   -7.62285017
  5.98888641 -5.84719827  7.32194793 -0.08366058  0.75493871  1.98765371
  6.63450248  4.53981065 -3.48574841  0.64823831  1.40428347 -7.81395266
 -1.58588142  5.50918229]
2022-09-12 17:33:41,050 mloop.controllers    INFO     cost -84.84217486822803 +/- 0.0
2022-09-12 17:33:41,051 mloop.controllers    INFO     Run:27 (training)
2022-09-12 17:33:41,052 mloop.controllers    INFO     params [19.08883183  7.8608459  11.76872159  6.65378175 14.29666083 11.53080031
  0.2464581   0.29156101  0.15270427  0.02137054  0.14667946 -4.78025951
  4.80395402 -1.48268402 -0.83431935 -1.62691701 -7.7357128  -1.62975574
  4.01419408  2.29021597 -3.8645376   3.10379629  7.87170361 -3.56214843
  5.98704138 -1.33180781]
2022-09-12 17:33:41,064 mloop.controllers    INFO     cost -76.67128319886393 +/- 0.0
2022-09-12 17:33:41,064 mloop.controllers    INFO     Run:28 (training)
2022-09-12 17:33:41,066 mloop.controllers    INFO     params [ 6.58959135e+00  9.66503164e+00  3.57664215e+00  1.21693156e+01
  1.97082041e+01  6.49528779e+00  4.60750640e-01  1.32632490e-01
  4.20584327e-01  3.35593166e-01  5.93652892e-03  2.94936790e+00
  5.94773628e+00 -8.84585827e-01  6.44401576e+00  7.06641663e+00
  3.69490286e+00  2.37360673e+00 -1.50782810e+00  3.61057246e+00
 -2.85466577e-01  7.69720160e-02  6.20061058e+00  5.39813476e+00
  7.98071108e+00 -1.35669756e+00]
2022-09-12 17:33:41,077 mloop.controllers    INFO     cost -83.04945095709888 +/- 0.0
2022-09-12 17:33:41,077 mloop.controllers    INFO     Run:29 (training)
2022-09-12 17:33:41,079 mloop.controllers    INFO     params [ 8.71264219e+00  1.82999685e+01  5.17162859e+00  9.90783529e+00
  3.85532547e+00  1.43154668e+01  4.79845674e-01  1.61922635e-01
  1.46475136e-01  1.69219135e-02  2.55035625e-01 -2.09004360e+00
  5.40710262e+00 -7.58985999e+00  5.00323351e+00  7.73969530e+00
 -3.80655633e+00  3.68385373e+00  4.89228977e+00  2.73436127e+00
  7.86836578e+00  3.80704921e+00  8.90248911e-01 -7.43828589e+00
 -5.22150317e+00  6.76596820e+00]
2022-09-12 17:33:41,090 mloop.controllers    INFO     cost -103.24348261789547 +/- 0.0
2022-09-12 17:33:41,090 mloop.controllers    INFO     Run:30 (training)
2022-09-12 17:33:41,092 mloop.controllers    INFO     params [ 7.3785263   5.56050381  4.47477721 13.74449408  3.72365486  4.47641165
  0.12099569  0.31913415  0.4755165   0.38680831  0.19088644  3.72932441
  4.62436045  2.29543911  6.41472893  2.09663834  4.76725147  5.67909486
 -6.63665461 -3.48619101  6.35185138 -3.59100462  2.63842174  5.95636313
 -4.2162291  -1.08014284]
2022-09-12 17:33:41,144 mloop.controllers    INFO     cost -94.99139308493854 +/- 0.0
2022-09-12 17:33:41,144 mloop.controllers    INFO     Run:31 (training)
2022-09-12 17:33:41,146 mloop.controllers    INFO     params [14.12125353 14.09273079  6.01576033 18.03259793 11.06899575 14.6479275
  0.22068679  0.34296778  0.36406543  0.27391504  0.15657002 -5.64889532
 -0.18803214  6.22698324 -1.40179374  6.13707437  3.06929129  0.88326795
 -1.94539008  2.0004416   5.41871194 -5.55801252  0.95094865  2.10692139
 -4.15952808 -4.23612387]
2022-09-12 17:33:41,159 mloop.controllers    INFO     cost -73.55535279468043 +/- 0.0
2022-09-12 17:33:41,160 mloop.controllers    INFO     Run:32 (training)
2022-09-12 17:33:41,161 mloop.controllers    INFO     params [ 4.82733031e+00  7.44190382e+00  1.90530233e+01  1.30852038e+01
  4.41034514e+00  1.21953464e+01  3.87318114e-01  2.51044165e-01
  4.77618700e-01  4.65340392e-01  5.40323400e-03  5.12708560e+00
  2.78081415e+00  1.03506158e+00 -3.06199118e+00 -1.52229979e+00
 -3.86796318e+00 -5.96339737e+00 -4.40636992e+00  1.55136368e+00
  6.24557369e+00 -7.53738302e+00 -3.26546302e+00  2.63330778e+00
  2.75666276e+00 -3.99281612e+00]
2022-09-12 17:33:41,177 mloop.controllers    INFO     cost -85.11996519958257 +/- 0.0
2022-09-12 17:33:41,177 mloop.controllers    INFO     Run:33 (training)
2022-09-12 17:33:41,179 mloop.controllers    INFO     params [ 5.72440618  5.63901382  9.75164691 10.4296499  18.71377763  6.6260141
  0.06847038  0.28102143  0.13798174  0.36362567  0.02554198 -2.44981841
 -2.38408188 -5.44349668 -2.41775122  3.52472235 -0.62305405 -1.46879518
  1.93951255  1.71910887  2.21643946  3.00316512 -4.0655619   1.32036902
  4.96970444  4.61275982]
2022-09-12 17:33:41,192 mloop.controllers    INFO     cost -66.04154066535008 +/- 0.0
2022-09-12 17:33:41,193 mloop.controllers    INFO     Run:34 (training)
2022-09-12 17:33:41,194 mloop.controllers    INFO     params [12.54114033 10.57245807 17.78403086 17.9212706  11.89943187  6.73295413
  0.06596068  0.16702519  0.44017059  0.3443862   0.2364832  -1.36169978
 -5.91798144  1.64340086  7.85087324 -3.74395438  3.99837197 -3.11207936
 -7.13631415 -3.06564235  1.9911093   4.86739775  6.10070717  5.66118371
  2.81611759 -2.53587481]
2022-09-12 17:33:41,209 mloop.controllers    INFO     cost -82.53075703040736 +/- 0.0
2022-09-12 17:33:41,209 mloop.controllers    INFO     Run:35 (training)
2022-09-12 17:33:41,214 mloop.controllers    INFO     params [14.15519866 16.95851101 13.97490484 11.55634341 17.22499237 14.54104957
  0.36113092  0.46958844  0.07029262  0.30416406  0.30363688 -7.91789014
  6.35767592 -3.47952153  3.02115756  7.29756787  2.37181269 -7.63425094
  2.5850862   3.2942028   5.46610385 -1.87574512  5.14734355 -6.94433152
  3.67141076 -2.56860733]
2022-09-12 17:33:41,231 mloop.controllers    INFO     cost -94.19943533295132 +/- 0.0
2022-09-12 17:33:41,231 mloop.controllers    INFO     Run:36 (training)
2022-09-12 17:33:41,233 mloop.controllers    INFO     params [15.03377546 13.04823279  4.14641196 16.20151336 15.76384349  9.47149336
  0.35721199  0.29367345  0.23715644  0.17780085  0.23009334  5.53038371
 -5.14330606 -2.64238016 -4.99381852  3.06234005  4.2345027  -4.36544224
 -1.41664235 -4.82429692  4.55402562 -3.56227662  0.62765108  6.69310906
  2.86959719 -0.62298832]
2022-09-12 17:33:41,248 mloop.controllers    INFO     cost -79.15055519869244 +/- 0.0
2022-09-12 17:33:41,249 mloop.controllers    INFO     Run:37 (training)
2022-09-12 17:33:41,251 mloop.controllers    INFO     params [ 2.11942893e+00  1.14094724e+01  1.13351216e+01  1.55629550e+01
  2.56908046e+00  8.85322441e+00  2.34164868e-01  3.42257042e-01
  3.29707447e-01  3.98355334e-01  1.37176170e-02 -5.92006396e+00
  1.40357870e-01  3.48188103e+00 -2.87706872e+00 -3.61447738e+00
 -7.70723183e+00  7.12814840e+00  2.26131120e+00 -2.13009325e+00
 -3.99475043e+00 -6.79370904e+00  5.37345882e+00  1.22427642e+00
 -2.78193039e-01 -7.45132909e-01]
2022-09-12 17:33:41,264 mloop.controllers    INFO     cost -78.11590682462958 +/- 0.0
2022-09-12 17:33:41,264 mloop.controllers    INFO     Run:38 (training)
2022-09-12 17:33:41,266 mloop.controllers    INFO     params [ 3.22018574 12.44047796  8.47110599  4.89004348 15.36067072 13.47464611
  0.27925506  0.36211035  0.08827589  0.49417501  0.38714037  5.47072233
  3.15456477 -1.88216573  5.5241919  -0.74483081  0.11348225  2.66022306
  5.39803106 -1.04134799  2.72257546  2.31037573 -4.94714984 -5.04844068
 -2.88694255 -7.44989202]
2022-09-12 17:33:41,279 mloop.controllers    INFO     cost -77.62630066197654 +/- 0.0
2022-09-12 17:33:41,280 mloop.controllers    INFO     Run:39 (training)
2022-09-12 17:33:41,281 mloop.controllers    INFO     params [ 4.88758154  2.51288859 15.71972778 14.80080194  3.32515485 15.43147967
  0.22726587  0.37578867  0.4703244   0.15438331  0.32809224 -1.37103199
  1.69641318  4.36315962  1.07922022  5.10690111  2.26057393  5.89764984
  3.00140212 -6.1774543   7.49345938 -1.21992901  0.62734609  1.72763766
  5.87033466  6.82234809]
2022-09-12 17:33:41,296 mloop.controllers    INFO     cost -91.3763017572906 +/- 0.0
2022-09-12 17:33:41,296 mloop.controllers    INFO     Run:40 (training)
2022-09-12 17:33:41,298 mloop.controllers    INFO     params [18.37311238 10.08020407 15.50202146  9.36707402 11.52912804 10.32409422
  0.27007883  0.17283539  0.33817588  0.48522057  0.05064838 -3.65402136
  0.30979622 -6.56017328  6.34233461  3.19502126 -4.15985775 -2.49713582
 -0.75594887 -6.29512473  4.93576868  0.2249561   3.68706122  0.54127895
 -5.71435284  5.11264307]
2022-09-12 17:33:41,315 mloop.controllers    INFO     cost -69.99404428692483 +/- 0.0
2022-09-12 17:33:41,315 mloop.controllers    INFO     Run:41 (training)
2022-09-12 17:33:41,318 mloop.controllers    INFO     params [13.35743775  2.24363709 18.83941644 16.9380522  10.14344753 10.80846276
  0.07623388  0.46277642  0.46997665  0.33313645  0.3512843   1.36541887
  4.06653415 -2.78002162 -0.62297839  2.20082613  0.17711909  3.99920116
  0.42412973 -5.49091365  0.8580204   6.15606908 -1.84792725  3.88671353
  2.3605571  -3.34331585]
2022-09-12 17:33:41,332 mloop.controllers    INFO     cost -67.03447046797295 +/- 0.0
2022-09-12 17:33:41,332 mloop.controllers    INFO     Run:42 (training)
2022-09-12 17:33:41,334 mloop.controllers    INFO     params [17.50339082  3.52730348  9.12218085  4.95582074  9.89073401 13.97225022
  0.26530457  0.15290826  0.30384152  0.12948288  0.21075258  0.62564699
  2.56752389 -5.39097623  6.60881963 -1.47167814  6.41700946 -5.69132281
 -6.182701    7.10927917  7.95438778  3.87286596  7.39276328  1.77329949
 -2.23947698 -4.05524295]
2022-09-12 17:33:41,348 mloop.controllers    INFO     cost -96.3360981000889 +/- 0.0
2022-09-12 17:33:41,349 mloop.controllers    INFO     Run:43 (training)
2022-09-12 17:33:41,351 mloop.controllers    INFO     params [ 4.42675824  8.63721339  8.61420415 15.61284138 16.11973177 14.16923813
  0.45978496  0.18475286  0.49157525  0.35224558  0.33043897  0.62173268
  1.03865955  7.36723785  5.51705765  4.73881642  1.01109068 -6.41017993
 -2.13877115  1.45972203  0.47315834 -6.86226371 -2.39694802 -5.01310901
  3.83114103 -0.29935209]
2022-09-12 17:33:41,365 mloop.controllers    INFO     cost -74.99466754894358 +/- 0.0
2022-09-12 17:33:41,365 mloop.controllers    INFO     Run:44 (training)
2022-09-12 17:33:41,367 mloop.controllers    INFO     params [ 2.46163969 11.57814744 19.07496265  2.02454688  5.64091237 12.32273992
  0.38090972  0.19499756  0.26209151  0.16570587  0.36318283  3.66957772
  7.73876015 -5.87413656  1.95091528 -5.59137449 -1.33015753  1.74243584
 -6.5959546   1.24910441  5.55093371  1.98893198  1.54037641  7.30237695
 -7.97119081 -5.44724291]
2022-09-12 17:33:41,382 mloop.controllers    INFO     cost -99.68020105234054 +/- 0.0
2022-09-12 17:33:41,382 mloop.controllers    INFO     Run:45 (training)
2022-09-12 17:33:41,384 mloop.controllers    INFO     params [ 7.86908002 12.51232865  4.04656899 14.67648508  4.50358375 14.20589064
  0.1625501   0.41344929  0.49273083  0.29633614  0.04511932 -2.99168808
 -7.04620252  6.61868301 -1.06091594  2.15856495 -5.14546566  4.14943458
  1.96915547 -0.92463246 -0.56788557  4.48379125 -4.76795605  7.43593924
 -5.80695757  7.08386304]
2022-09-12 17:33:41,401 mloop.controllers    INFO     cost -88.82395385472691 +/- 0.0
2022-09-12 17:33:41,401 mloop.controllers    INFO     Run:46 (training)
2022-09-12 17:33:41,403 mloop.controllers    INFO     params [ 3.31997883e+00  1.63878599e+01  1.92239479e+01  9.35040734e+00
  1.60038849e+01  6.66248096e+00  1.56391237e-01  3.76044307e-03
  4.26485234e-01  3.51137306e-01  1.50018232e-01  5.06104151e+00
  1.21267363e+00  6.47379264e-01 -6.50058968e+00 -4.47789901e+00
 -1.50061593e+00  3.37860335e+00  6.46989208e-01 -4.05647636e+00
 -5.10042910e+00 -4.70462266e+00  7.91054008e+00  3.21182902e+00
 -5.56559744e+00 -9.98983514e-01]
2022-09-12 17:33:41,419 mloop.controllers    INFO     cost -87.0820480004871 +/- 0.0
2022-09-12 17:33:41,420 mloop.controllers    INFO     Run:47 (training)
2022-09-12 17:33:41,422 mloop.controllers    INFO     params [ 8.11147778 12.38059791  8.54755483 13.14013009  4.08696253 13.1271616
  0.2266877   0.37630429  0.2809027   0.17435321  0.08288776  6.15358559
  4.1938196  -1.35555741 -0.79291229  3.31079544 -7.99074431 -7.29758601
 -0.79736709 -2.61614874 -7.12929795 -7.09069861 -7.16495924  5.80672817
  7.43242537 -4.89042672]
2022-09-12 17:33:41,437 mloop.controllers    INFO     cost -93.2407253023503 +/- 0.0
2022-09-12 17:33:41,438 mloop.controllers    INFO     Run:48 (training)
2022-09-12 17:33:41,440 mloop.controllers    INFO     params [ 6.55502494 10.04879063 13.35153491 13.40862417 12.03507737  6.32410118
  0.47212116  0.47791891  0.37017878  0.28492237  0.15135773  3.10164011
 -3.63397597 -0.83698265  2.04898575  4.00322252 -4.18015463 -3.37262347
 -2.78730362 -3.91458045 -6.48760054 -1.06543039 -1.66831408  6.21278076
 -1.45552432  0.54065309]
2022-09-12 17:33:41,457 mloop.controllers    INFO     cost -60.9883755288975 +/- 0.0
2022-09-12 17:33:41,457 mloop.controllers    INFO     Run:49 (training)
2022-09-12 17:33:41,459 mloop.controllers    INFO     params [15.63421943  9.11695749  5.27366225 19.06739598  3.22794492  9.07870114
  0.09991926  0.05329651  0.47863324  0.0632488   0.05662    -2.37455426
  7.00386738 -3.76283534  3.12108229  2.1218168  -5.19926029  3.79586081
  1.42269616 -5.01262846  4.03382284 -3.67426497  0.92045013 -1.55184679
  7.00622463 -6.78793461]
2022-09-12 17:33:41,477 mloop.controllers    INFO     cost -87.6415440337891 +/- 0.0
2022-09-12 17:33:41,477 mloop.controllers    INFO     Run:50 (training)
2022-09-12 17:33:41,479 mloop.controllers    INFO     params [14.57648773  5.10631677  4.50169155  7.63033909 19.86309497 13.5417883
  0.25372473  0.4027291   0.1686787   0.23751295  0.11105413  0.18450513
  4.45453452 -1.13755599  7.49923689 -0.40279955  1.29996206  2.60331903
  5.66371455  7.32660738 -7.87238586 -0.91876473  3.24648686  4.82781182
 -0.21616093  1.66639379]
2022-09-12 17:33:41,504 mloop.controllers    INFO     cost -81.3449707353706 +/- 0.0
2022-09-12 17:33:41,509 mloop.controllers    INFO     Run:51 (training)
2022-09-12 17:33:41,512 mloop.controllers    INFO     params [ 3.56152145 19.62179757  5.89762197  3.92280367 13.67583111  8.75018563
  0.32116019  0.4927517   0.11934995  0.12414188  0.44609665  6.71450311
 -0.98907043 -3.27908459 -2.01755045  0.67705866 -5.64260029  4.02320095
  6.25240735  3.67140002  3.02740183 -5.65482034 -2.41299084  6.84339905
 -4.92497345  2.24308981]
2022-09-12 17:33:41,555 mloop.controllers    INFO     cost -91.19806381892603 +/- 0.0
2022-09-12 17:33:41,556 mloop.controllers    INFO     Run:52 (training)
2022-09-12 17:33:41,558 mloop.controllers    INFO     params [ 2.50478215 10.28192032 19.97251028 14.40278327 11.41635203  8.64041034
  0.07104693  0.47253887  0.05017433  0.25490577  0.39642651  0.97719143
  2.91013775 -6.36680495 -2.56094977 -3.19889895  3.98616215 -1.06935537
  2.10190448 -1.43234571  5.61084846  0.10515133 -4.13276864 -1.5178262
  3.33883616  7.07404117]
2022-09-12 17:33:41,582 mloop.controllers    INFO     cost -70.60790521410318 +/- 0.0
2022-09-12 17:33:41,582 mloop.controllers    INFO     Run:53 (training)
2022-09-12 17:33:41,585 mloop.controllers    INFO     params [ 4.63364072 12.06485765 14.43155538  9.70899931  5.95527057  7.10722723
  0.01512308  0.14897228  0.16636688  0.04585698  0.32322417 -6.3703285
  4.48867898 -6.0586913  -3.43375528  4.55627482  2.37527133 -0.21718874
  0.37236789 -3.77679377  3.19540521  6.7475     -1.15133721  5.95284432
  2.8688904  -2.77182227]
2022-09-12 17:33:41,586 mloop.controllers    DEBUG    Starting ML optimization.
2022-09-12 17:33:41,587 mloop.controllers    INFO     cost -75.01783016540098 +/- 0.0
2022-09-12 17:33:41,608 mloop.controllers    DEBUG    End training runs.
2022-09-12 17:33:41,609 mloop.controllers    INFO     Run:54 (trainer)
2022-09-12 17:33:41,612 mloop.controllers    INFO     params [10.47181292  6.44049127  6.47657082 13.46923362  9.05933307  9.93518553
  0.25761033  0.33702751  0.20887892  0.19137833  0.22842795  1.76449125
  6.24874136 -1.16054026 -5.59973535 -4.62318133  4.44050026  3.7967285
 -1.81028665 -3.53904236 -5.07793842 -5.82712971 -6.46659376  0.45826938
 -7.8606996   1.02525511]
2022-09-12 17:33:41,633 mloop.controllers    INFO     cost -73.67842595981003 +/- 0.0
2022-09-12 17:33:41,633 mloop.controllers    INFO     Run:55 (trainer)
2022-09-12 17:33:41,635 mloop.controllers    INFO     params [18.77509148  5.3988263  15.19262667  6.88822683  4.7668254   7.13445049
  0.49890386  0.39743038  0.13666656  0.14531816  0.44426664  2.42571944
 -6.89504509 -5.91416791  5.48969174  5.71274032  5.98804674  6.81322181
  0.07311923  6.97573857  3.32037082  4.34825619  3.44461081 -5.18434222
  4.7610267  -0.71837518]
2022-09-12 17:33:41,654 mloop.controllers    INFO     cost -99.54497807628543 +/- 0.0
2022-09-12 17:33:41,654 mloop.controllers    INFO     Run:56 (trainer)
2022-09-12 17:33:41,656 mloop.controllers    INFO     params [ 3.30399766  9.80849092 19.12363713  6.12760216 13.742466    9.52027207
  0.32121345  0.14571151  0.23398929  0.21734538  0.14040586 -4.19382338
  5.75296968  3.39046744  6.29427531 -7.04992424 -5.89652567  0.47826498
 -2.18702592 -4.30224383  2.28633977  0.86187205  5.34708357  5.62369761
  7.98002113 -7.34044236]
2022-09-12 17:33:41,677 mloop.controllers    INFO     cost -94.31697867667484 +/- 0.0
2022-09-12 17:33:41,678 mloop.controllers    INFO     Run:57 (trainer)
2022-09-12 17:33:41,681 mloop.controllers    INFO     params [ 3.67918392 14.18089848 11.30993202 15.25421773 11.48735102 11.00712099
  0.0564135   0.43169011  0.04421735  0.24185748  0.15408873 -3.81286453
  0.06211797  2.94812101  0.10569127 -1.92587308  6.17926993  0.77976666
  4.39978256  6.06870395  6.34651725  5.04151578  4.10278725 -0.14224616
  2.51999518  7.00279972]
2022-09-12 17:33:41,701 mloop.controllers    INFO     cost -69.00600165338855 +/- 0.0
2022-09-12 17:33:41,701 mloop.controllers    INFO     Run:58 (trainer)
2022-09-12 17:33:41,704 mloop.controllers    INFO     params [18.36077466  9.08100949  6.92508608 11.24026729 11.2934581   5.72789583
  0.05715174  0.14531125  0.21103459  0.22664227  0.17659573  3.64842997
 -7.77526632 -5.40698186  4.74693233 -2.93183669  2.98296922 -7.41902864
  2.15558266 -6.90040954 -2.86297853  4.19487215 -7.95257176 -0.20419244
 -6.16823521  2.86916235]
2022-09-12 17:33:41,729 mloop.controllers    INFO     cost -86.9207227542039 +/- 0.0
2022-09-12 17:33:41,730 mloop.controllers    INFO     Run:59 (trainer)
2022-09-12 17:33:41,732 mloop.controllers    INFO     params [12.99951963 17.65503085 19.79692376 14.42515734 10.01657833 15.89152688
  0.07316793  0.40391102  0.34890686  0.178514    0.26881856  7.75723967
  5.25057178  1.66836546 -3.24920689 -1.56604785  1.24065564  6.63934336
  7.36133818  7.90302495  0.30489703 -4.49706447 -5.52338678 -0.54740818
  0.07346675 -2.66619703]
2022-09-12 17:33:41,761 mloop.controllers    INFO     cost -84.8422486704305 +/- 0.0
2022-09-12 17:33:41,761 mloop.controllers    INFO     Run:60 (trainer)
2022-09-12 17:33:41,764 mloop.controllers    INFO     params [ 3.59286631  3.57598627 14.5352379  16.31749134 17.65872372 10.57508564
  0.3742354   0.25288029  0.38849816  0.42762679  0.21704523 -7.12471474
 -2.71380337 -5.0491775   1.95424401 -0.21589201  1.62166493  3.52580557
 -6.26471344 -0.66360692  1.01174973  6.75538541 -5.97472672 -0.88019493
 -4.7797433   7.05912702]
2022-09-12 17:33:41,804 mloop.controllers    INFO     cost -87.09593102132354 +/- 0.0
2022-09-12 17:33:41,804 mloop.controllers    INFO     Run:61 (trainer)
2022-09-12 17:33:41,806 mloop.controllers    INFO     params [15.21453076 16.71986765 17.70256636 12.46401149 15.56709676  7.1454069
  0.37028554  0.05058293  0.37722705  0.22247116  0.10363632  4.03548637
  1.77993126 -6.80576392 -6.90875658  3.46433198 -1.06652386  0.66276306
  0.97184378 -0.22969202 -2.11564267 -4.08855318  3.39272062  5.3343343
  2.6917384  -2.87648511]
2022-09-12 17:33:41,895 mloop.controllers    INFO     cost -73.10555540588526 +/- 0.0
2022-09-12 17:33:41,896 mloop.controllers    INFO     Run:62 (trainer)
2022-09-12 17:33:41,898 mloop.controllers    INFO     params [11.62895154 16.87782967 13.30094592  8.21266202 13.64026906  4.59937925
  0.4105346   0.2986984   0.4962216   0.15453642  0.10311713  5.86993503
 -2.53834756 -1.59900334  3.63689514  3.61412148  3.72986374 -2.67337225
 -0.20641033 -6.0117773  -2.68292087  0.08783903 -1.02091581  0.80453641
 -2.13816751 -0.87026623]
2022-09-12 17:33:41,923 mloop.controllers    INFO     cost -58.140627993633494 +/- 0.0
2022-09-12 17:33:41,924 mloop.controllers    INFO     Run:63 (trainer)
2022-09-12 17:33:41,926 mloop.controllers    INFO     params [17.55719864 13.57211112 14.01130907 16.13741413  5.43155509  6.57914807
  0.32957697  0.07277389  0.15434126  0.18698958  0.18136275 -7.27601021
 -4.62413395 -3.01012838 -6.55036014  2.34056873  6.26357342  7.49478755
 -5.27624659  3.32107034  0.242149    6.52058925 -4.38272032 -4.39006477
  5.98573481 -0.29010893]
2022-09-12 17:33:41,952 mloop.controllers    INFO     cost -95.04218567164972 +/- 0.0
2022-09-12 17:33:41,953 mloop.controllers    INFO     Run:64 (trainer)
2022-09-12 17:33:41,955 mloop.controllers    INFO     params [ 2.00931158  9.00151533 14.9755441   3.72512538 18.32108541 10.23660732
  0.47994536  0.37141225  0.28217167  0.36937411  0.47682644 -5.01132129
 -2.55374846  1.68381274  7.13688322 -0.80372547 -4.92160375 -6.46840017
  3.46667931 -4.77788963  0.59488015 -4.71367813 -5.38757922 -3.36438837
 -6.41692217 -1.61526012]
2022-09-12 17:33:41,997 mloop.controllers    INFO     cost -89.33628655519718 +/- 0.0
2022-09-12 17:33:41,998 mloop.controllers    INFO     Run:65 (trainer)
2022-09-12 17:33:42,000 mloop.controllers    INFO     params [12.24049413  2.17151375  9.87127433 19.59691255 15.97857701 10.65197181
  0.26370491  0.07620377  0.41771782  0.42393065  0.08870191  7.72671808
  0.60377442 -3.03634802 -4.85321729  4.26290347 -6.00239672 -1.75068134
 -3.16237406  3.87176767  6.53026959  6.16186703  1.23654714 -0.5753916
 -1.24549885  2.82308618]
2022-09-12 17:33:42,024 mloop.controllers    INFO     cost -80.06595658753501 +/- 0.0
2022-09-12 17:33:42,025 mloop.controllers    INFO     Run:66 (trainer)
2022-09-12 17:33:42,028 mloop.controllers    INFO     params [ 1.71860471e+01  5.91827660e+00  7.87839806e+00  3.76724063e+00
  1.83011175e+01  6.50938192e+00  4.92036903e-01  1.49404336e-01
  1.64677591e-02  9.73040812e-02  4.44143023e-01  7.00593306e+00
 -8.07154632e-01 -6.59773726e+00  5.60856725e+00 -9.92031461e-01
 -1.99584980e+00  6.18069717e+00  6.56972519e+00 -5.09527032e+00
  5.35484063e+00  1.54811234e+00 -3.16163542e+00  4.91070530e+00
 -5.05739667e+00  6.81766010e+00]
2022-09-12 17:33:42,056 mloop.controllers    INFO     cost -100.93268776035288 +/- 0.0
2022-09-12 17:33:42,056 mloop.controllers    INFO     Run:67 (trainer)
2022-09-12 17:33:42,059 mloop.controllers    INFO     params [ 2.5578429  12.95984896  5.27872547  8.36844686 13.45030449  4.32446374
  0.20358938  0.4838443   0.21347335  0.30615281  0.12409087 -0.61608981
 -5.88459905  3.07487386 -1.84153032 -7.62202    -2.81896207 -1.17701962
 -1.81447241 -2.6750778   3.41913737 -1.54800984  4.69782442 -4.98149325
 -1.56764403 -5.63273837]
2022-09-12 17:33:42,080 mloop.controllers    INFO     cost -76.64351018815535 +/- 0.0
2022-09-12 17:33:42,080 mloop.controllers    INFO     Run:68 (trainer)
2022-09-12 17:33:42,082 mloop.controllers    INFO     params [ 1.38465525e+01  1.08576645e+01  1.82325198e+01  1.56636638e+01
  5.35278709e+00  9.82282257e+00  1.25237485e-01  1.56536043e-01
  3.93573834e-01  1.28888713e-02  2.64846142e-01 -2.24837430e+00
 -3.51926660e+00 -9.81133183e-01 -7.39014619e+00  6.70074093e+00
  1.38209736e+00  7.10262487e+00 -5.53634560e+00  2.27141684e+00
  4.33887880e+00  7.71783522e+00 -3.99279486e+00  5.40103564e+00
 -6.60436749e+00 -4.10154486e+00]
2022-09-12 17:33:42,111 mloop.controllers    INFO     cost -90.71932226023871 +/- 0.0
2022-09-12 17:33:42,112 mloop.controllers    INFO     Run:69 (trainer)
2022-09-12 17:33:42,115 mloop.controllers    INFO     params [19.06096513  5.87565279 13.37991545  3.16801776 19.67861769 11.98091761
  0.38992486  0.27568186  0.46707272  0.32129476  0.20128018 -6.2666903
  4.11623693  5.20791972 -7.77136475 -5.59676009 -5.93890309  0.50792615
 -0.79585244 -1.50757689 -0.75132756 -0.50776414  3.18377845  2.17515755
 -7.05290075  4.30995514]
2022-09-12 17:33:42,140 mloop.controllers    INFO     cost -90.35705330362671 +/- 0.0
2022-09-12 17:33:42,140 mloop.controllers    INFO     Run:70 (trainer)
2022-09-12 17:33:42,143 mloop.controllers    INFO     params [ 7.96542559  8.72130585 14.09237559 11.91022771 13.03269143 10.92430504
  0.01629976  0.39083759  0.42677663  0.10871408  0.2385461  -7.03603571
  6.70548705  3.88176306 -3.5503648   4.22183402 -3.98487146  1.19517883
 -1.62595293  2.82941026  6.5857535   5.3532457   1.0363406   1.94701461
  7.12944225  6.25859105]
2022-09-12 17:33:42,166 mloop.controllers    INFO     cost -76.42570843567918 +/- 0.0
2022-09-12 17:33:42,166 mloop.controllers    INFO     Run:71 (trainer)
2022-09-12 17:33:42,168 mloop.controllers    INFO     params [16.41938052 15.87927927 11.72131659  8.28477063 18.29985898  4.66704428
  0.43067736  0.11985821  0.30831066  0.1395296   0.07113381 -4.34822813
  2.24054127 -6.39437165  5.69234463  6.61109201 -3.97756254  6.99119111
 -3.90843636  6.41040724  4.39331269 -2.03422896  2.13745079 -0.94898959
  7.85321952 -3.07998262]
2022-09-12 17:33:42,191 mloop.controllers    INFO     cost -94.37034598175877 +/- 0.0
2022-09-12 17:33:42,191 mloop.controllers    INFO     Run:72 (trainer)
2022-09-12 17:33:42,193 mloop.controllers    INFO     params [ 8.82902648e+00  1.09935351e+01  3.18419933e+00  1.02467860e+01
  7.90350854e+00  8.97479193e+00  4.23137633e-01  2.07670605e-01
  4.00510594e-03  4.79903821e-01  3.43862718e-03  2.65118336e+00
  6.05100325e+00  2.20975935e+00  3.48057066e+00 -2.16638902e+00
  7.75345098e+00  3.46638007e+00 -7.83138834e+00 -4.46470084e-01
 -3.18696126e+00  4.54070408e+00  1.64543439e+00  4.55341999e+00
  2.78650353e+00  5.91988749e-01]
2022-09-12 17:33:42,225 mloop.controllers    INFO     cost -68.83225699550398 +/- 0.0
2022-09-12 17:33:42,226 mloop.controllers    INFO     Run:73 (trainer)
2022-09-12 17:33:42,228 mloop.controllers    INFO     params [19.85520747  2.71081885  8.4474208   9.51593636  3.40253342  5.07791092
  0.24570979  0.48695846  0.04933827  0.33468431  0.24897231 -0.66462278
  6.56678533  5.23545089  1.62697338  0.16455993  7.58754036 -1.59575517
  6.64898279 -5.88034581 -0.78377875  3.06758721 -2.54654523  6.71994751
  4.03171906 -0.58455488]
2022-09-12 17:33:42,267 mloop.controllers    INFO     cost -87.61085860829704 +/- 0.0
2022-09-12 17:33:42,267 mloop.controllers    INFO     Run:74 (trainer)
2022-09-12 17:33:42,270 mloop.controllers    INFO     params [ 5.69880908e+00  1.72576445e+01  1.38517717e+01  1.58543951e+01
  1.11547549e+01  1.37243258e+01  3.41340209e-01  3.23769328e-03
  3.80285813e-01  6.79518678e-03  2.44026201e-01 -2.02906257e+00
 -2.64970764e+00 -3.50260472e+00  3.87268632e+00  7.10350351e+00
 -5.97956878e+00 -2.93986266e+00 -1.16764511e+00  3.06308658e+00
  7.92136877e+00  9.41293314e-01 -3.77898278e+00 -6.94907043e+00
  5.49814666e+00 -7.36306721e+00]
2022-09-12 17:33:42,317 mloop.controllers    INFO     cost -88.94380689630728 +/- 0.0
2022-09-12 17:33:42,317 mloop.controllers    INFO     Run:75 (trainer)
2022-09-12 17:33:42,319 mloop.controllers    INFO     params [19.36189709 14.24266263 17.58480423  5.2458045  14.03558905  8.03467744
  0.12780931  0.35140864  0.41402244  0.40927435  0.08350063 -6.26514538
  0.09439991  4.60898629  4.62037461 -4.86373432  3.80818978 -4.40022315
  3.58465414 -7.72827838 -1.6783963   0.52388185  1.85237556 -4.7490304
 -3.37781999  7.91589581]
2022-09-12 17:33:42,342 mloop.controllers    INFO     cost -90.05175243390903 +/- 0.0
2022-09-12 17:33:42,343 mloop.controllers    INFO     Run:76 (trainer)
2022-09-12 17:33:42,345 mloop.controllers    INFO     params [18.2793387  18.65140947  6.49740663 19.90472227 18.66697143  8.34725535
  0.12008046  0.4718207   0.25278042  0.20481491  0.48914348  4.1952636
  7.95577551 -3.14380422 -2.1210191   6.52283738 -7.89276506  6.38814157
  5.42834212  5.53292573 -5.47541276  3.43113157 -0.22669554  3.9188931
  2.49850508 -2.74155703]
2022-09-12 17:33:42,370 mloop.controllers    INFO     cost -106.09219850654179 +/- 0.0
2022-09-12 17:33:42,371 mloop.controllers    INFO     Run:77 (trainer)
2022-09-12 17:33:42,373 mloop.controllers    INFO     params [10.76216783  7.25041214  2.45383764 13.90203544 12.01999254  8.63425808
  0.20541106  0.30750682  0.16478165  0.03141759  0.4560485  -0.98518227
  1.76392729  2.52151889 -4.6446147  -2.98678777 -2.504095   -7.9955252
 -3.84086679  1.37675858  1.91779115  6.02943733  0.63242842 -6.82814376
 -2.82680038 -6.37622063]
2022-09-12 17:33:42,406 mloop.controllers    INFO     cost -71.55589547617797 +/- 0.0
2022-09-12 17:33:42,406 mloop.controllers    INFO     Run:78 (trainer)
2022-09-12 17:33:42,408 mloop.controllers    INFO     params [17.06646508 11.83115444 11.84884037  4.89473062 11.57675277 14.67803183
  0.20892519  0.46806684  0.46785315  0.32552343  0.46701224 -2.78611692
 -7.23270722 -5.39013765 -5.33321027  6.22296592  3.14029168  1.47725458
  4.76032185  0.80036576 -1.30661314 -3.01774734  7.89307067 -0.04707455
 -7.74291541 -6.93277602]
2022-09-12 17:33:42,436 mloop.controllers    INFO     cost -84.28211330412685 +/- 0.0
2022-09-12 17:33:42,437 mloop.controllers    INFO     Run:79 (trainer)
2022-09-12 17:33:42,439 mloop.controllers    INFO     params [ 9.0743819  18.84995572  9.9484481  16.84943651 14.34077833 12.69658945
  0.4418298   0.46106587  0.48220259  0.19769797  0.26486642 -5.41811999
 -4.68378775 -0.73550217  6.37654368  0.1502499  -4.89574967  4.02153484
 -1.37649478  0.11454426  4.77997702  5.51837682  6.49454618 -2.35531415
 -3.38027874 -5.26647453]
2022-09-12 17:33:42,464 mloop.controllers    INFO     cost -79.0911911816522 +/- 0.0
2022-09-12 17:33:42,464 mloop.controllers    INFO     Run:80 (trainer)
2022-09-12 17:33:42,466 mloop.controllers    INFO     params [14.87451184  3.11182806 17.66826565 16.93840101 10.68110776 15.09322776
  0.01914477  0.09266801  0.17076296  0.4060831   0.43308246  4.60025086
  5.32120465 -2.2957898  -4.26779284  1.48785633 -5.83770812 -2.69619061
  3.54482808  4.94119214 -3.23383732 -3.78115176 -5.95208322  5.09185164
 -6.42759603 -3.30223293]
2022-09-12 17:33:42,502 mloop.controllers    INFO     cost -93.47712658975351 +/- 0.0
2022-09-12 17:33:42,503 mloop.controllers    INFO     Run:81 (trainer)
2022-09-12 17:33:42,506 mloop.controllers    INFO     params [13.00743864  2.17598584  3.64153794 17.27362386  8.33633398  9.22465707
  0.10944643  0.4919279   0.45772163  0.09099826  0.43981447 -6.65980543
  1.58961558  2.59943414  2.42731281 -6.12516026  7.57975009  0.13118084
  4.54311488 -7.93756409  5.65947938 -5.13286913  6.23973942 -6.45688694
  6.71001404  5.61313083]
2022-09-12 17:33:42,541 mloop.controllers    INFO     cost -104.13912482565257 +/- 0.0
2022-09-12 17:33:42,542 mloop.controllers    INFO     Run:82 (trainer)
2022-09-12 17:33:42,544 mloop.controllers    INFO     params [14.99156503 11.58070086  2.48440886  5.61332145 17.92217742 13.79356913
  0.26989873  0.36257799  0.14693124  0.31806341  0.08469719  7.80258139
 -1.17758369 -3.13559421  7.6635565  -2.31968923  6.192672   -5.11982691
  0.34586481 -5.16218163 -0.15247519  4.26299614 -6.8476403   3.3371708
  5.40395891  2.58269381]
2022-09-12 17:33:42,583 mloop.controllers    INFO     cost -91.27317934223316 +/- 0.0
2022-09-12 17:33:42,583 mloop.controllers    INFO     Run:83 (trainer)
2022-09-12 17:33:42,586 mloop.controllers    INFO     params [16.08292272 19.37495166  9.73012818 14.99460351  3.78008332 10.41619183
  0.10917627  0.19669262  0.13561395  0.22391571  0.34736062  3.92380154
  6.90716619  7.23333926 -1.75107017 -6.31740232 -5.39486319 -6.30826741
  1.21653825  1.36682682  0.5441008  -2.76608918 -1.53273376  4.17439102
 -3.70788094  1.45820532]
2022-09-12 17:33:42,613 mloop.controllers    INFO     cost -81.50059645800002 +/- 0.0
2022-09-12 17:33:42,613 mloop.controllers    INFO     Run:84 (trainer)
2022-09-12 17:33:42,615 mloop.controllers    INFO     params [ 4.07256758  9.52654238  7.02478766 15.04444535  8.74749889  5.45095883
  0.13003784  0.34320868  0.42123065  0.4809702   0.46621419 -1.32045551
 -5.8560096   5.71558022  6.01383389 -7.84286179  6.35288414  4.60313181
 -1.3239294   2.25356052 -4.17314869  7.04120525  0.77155844 -7.46983718
 -5.00451795  0.64859661]
2022-09-12 17:33:42,655 mloop.controllers    INFO     cost -90.12228691076966 +/- 0.0
2022-09-12 17:33:42,655 mloop.controllers    INFO     Run:85 (trainer)
2022-09-12 17:33:42,657 mloop.controllers    INFO     params [16.87481786  9.97668628 19.77573825 11.53349004 13.94233819  9.80010583
  0.43208975  0.22412728  0.18315396  0.40498438  0.45748153  4.21728324
 -7.64775511  1.65078081  0.26635452 -2.2505405   7.00400244  3.5523098
 -0.95887244  3.45542471 -7.33410528  3.86862742  5.01243076  6.93034003
  2.58217947  1.82370371]
2022-09-12 17:33:42,694 mloop.controllers    INFO     cost -78.86407688524932 +/- 0.0
2022-09-12 17:33:42,695 mloop.controllers    INFO     Run:86 (trainer)
2022-09-12 17:33:42,697 mloop.controllers    INFO     params [ 1.43814195e+01  1.77183036e+01  3.53911959e+00  1.81790602e+01
  8.75864287e+00  1.32978510e+01  1.97653976e-01  4.45541636e-02
  7.71208647e-03  3.57180658e-01  1.60114786e-01 -7.11558883e+00
 -1.91707159e+00  4.44640985e-01 -2.16423913e+00 -7.27785637e+00
  2.65922955e-01 -3.37498827e-01 -2.23148065e+00  7.47477035e+00
 -4.44581421e+00 -1.23323500e+00 -5.20801951e+00 -1.40461176e+00
  4.60396099e+00 -4.83104145e+00]
2022-09-12 17:33:42,730 mloop.controllers    INFO     cost -82.03927012292867 +/- 0.0
2022-09-12 17:33:42,730 mloop.controllers    INFO     Run:87 (trainer)
2022-09-12 17:33:42,733 mloop.controllers    INFO     params [ 2.7434041  19.66432691  9.72828182 10.83449047 12.0335065   6.14500842
  0.45433078  0.49631125  0.41289498  0.25988852  0.35650863 -7.55353498
 -4.41248171  2.64937673 -3.10177923  1.16326415  2.31761368  3.41801991
  0.19828467 -2.51175119  0.02449341 -0.35941581 -1.17639405 -3.27911466
 -3.01271646  1.998675  ]
2022-09-12 17:33:42,824 mloop.controllers    INFO     cost -61.04599840250095 +/- 0.0
2022-09-12 17:33:42,824 mloop.controllers    INFO     Run:88 (trainer)
2022-09-12 17:33:42,827 mloop.controllers    INFO     params [ 3.0983305  19.92783651 11.92910154  9.23721395 19.52215625 10.8320591
  0.12187411  0.33670207  0.03509162  0.49451066  0.42300124 -5.84795018
 -3.59353494 -0.79819126 -0.67866645 -6.49872224 -5.26555235  0.28618757
  6.31504532 -3.35102263 -7.73445502 -2.05499523 -7.15441574 -0.74536909
  0.20387232 -4.66811334]
2022-09-12 17:33:42,865 mloop.controllers    INFO     cost -85.02645087563626 +/- 0.0
2022-09-12 17:33:42,865 mloop.controllers    INFO     Run:89 (trainer)
2022-09-12 17:33:42,868 mloop.controllers    INFO     params [18.63273663  6.19187934  5.42693653 19.35481464 10.20262216 15.43192722
  0.40010347  0.04208327  0.33011715  0.03868145  0.27403337 -6.70060855
 -7.72830763  0.05522353 -5.0760494  -3.5004654  -2.99194809 -3.56929639
  0.7663308  -6.67147203 -6.58107313  7.15169764 -7.46818171  6.00088936
  4.32013305  4.70168002]
2022-09-12 17:33:42,903 mloop.controllers    INFO     cost -106.44738643172803 +/- 0.0
2022-09-12 17:33:42,903 mloop.controllers    INFO     Run:90 (trainer)
2022-09-12 17:33:42,906 mloop.controllers    INFO     params [12.2738578  18.63268614 15.26969958 16.8842519   2.27857603 10.24885177
  0.2863292   0.21713516  0.10588288  0.0794284   0.20626874 -7.91597622
  5.25282686 -2.21526167 -3.04242618  6.34810874 -3.34214514 -2.81424338
  4.48632125 -1.92447163  5.76534137  1.93251688 -4.73031641  0.64389983
  2.8523309   3.79552775]
2022-09-12 17:33:42,945 mloop.controllers    INFO     cost -85.84259937412592 +/- 0.0
2022-09-12 17:33:42,945 mloop.controllers    INFO     Run:91 (trainer)
2022-09-12 17:33:42,948 mloop.controllers    INFO     params [ 9.67487507  2.74847166 13.07611743 14.94708625 13.82912087 11.00032658
  0.20127623  0.07303697  0.35142331  0.20274635  0.42809898  1.93038589
  2.09431014 -6.27962534  3.31571265 -6.23782089 -7.48004492 -0.91693224
 -1.92442537 -3.67637633  7.25968622  3.88394439  3.7610639   3.56086016
  4.53894057 -4.90947873]
2022-09-12 17:33:42,983 mloop.controllers    INFO     cost -81.85887485590425 +/- 0.0
2022-09-12 17:33:42,984 mloop.controllers    INFO     Run:92 (trainer)
2022-09-12 17:33:42,988 mloop.controllers    INFO     params [ 1.46368443e+01  5.39275954e+00  2.34184845e+00  1.07487298e+01
  1.01311523e+01  1.58502084e+01  1.30791061e-01  6.40878488e-03
  2.04215916e-01  4.27026799e-01  4.82732952e-01 -6.10768738e+00
  5.09963042e+00 -6.51107235e+00  5.40897927e+00  1.70586589e+00
 -6.55564700e+00  2.26215525e+00  6.18234669e+00  1.28435666e+00
  6.99397133e+00  4.15976178e+00 -5.30826893e+00  7.10089476e+00
  7.38828152e+00  1.70185987e+00]
2022-09-12 17:33:43,112 mloop.controllers    INFO     cost -99.13918571103268 +/- 0.0
2022-09-12 17:33:43,112 mloop.controllers    INFO     Run:93 (trainer)
2022-09-12 17:33:43,115 mloop.controllers    INFO     params [ 8.41514721 11.91056897 14.12534965  2.7073903   9.79061039 15.64794856
  0.10654871  0.2460556   0.33548529  0.2827003   0.33523058 -3.18738706
  3.93625163  4.75230594  1.22059464 -1.59820573 -7.06206964 -5.72040925
 -2.61907376  7.84237531  5.78401869 -5.05785027  2.06161108 -4.25855358
 -3.6466606   2.46195299]
2022-09-12 17:33:43,170 mloop.controllers    INFO     cost -83.22335129336423 +/- 0.0
2022-09-12 17:33:43,170 mloop.controllers    INFO     Run:94 (trainer)
2022-09-12 17:33:43,173 mloop.controllers    INFO     params [ 4.8066361  15.26781624  4.0363876  14.74198849  6.34994346 14.56269063
  0.4110938   0.29774619  0.47423996  0.25908439  0.49937982 -7.20861365
  6.44063658 -6.87255784  1.45438237 -7.88780103  0.49345846 -7.48054836
 -7.00669421 -3.71624476  2.28382809  1.55879181  6.4578634  -3.39696596
  5.46065709 -3.71761863]
2022-09-12 17:33:43,237 mloop.controllers    INFO     cost -102.40023462098567 +/- 0.0
2022-09-12 17:33:43,238 mloop.controllers    INFO     Run:95 (trainer)
2022-09-12 17:33:43,243 mloop.controllers    INFO     params [15.12967185  2.50537642 11.68662678  5.4460903  13.56767177  7.28691866
  0.26459255  0.27505143  0.05263503  0.0676154   0.47387304 -0.09701207
  7.73180446 -2.56653623 -6.81603653 -0.06199072 -5.57190936 -0.7132915
  3.0605952   5.90944562 -5.91926547  5.68850576  5.59904839  2.22291375
 -1.8669311  -2.30309092]
2022-09-12 17:33:43,320 mloop.controllers    INFO     cost -81.02472868075962 +/- 0.0
2022-09-12 17:33:43,321 mloop.controllers    INFO     Run:96 (trainer)
2022-09-12 17:33:43,324 mloop.controllers    INFO     params [ 5.22615138 11.03818279  6.75247196  4.07575375 10.68078065  7.47426204
  0.20165145  0.17266983  0.01711374  0.3826703   0.12097043  6.74617076
 -5.68848348  4.49528036  1.648378    3.38081167 -7.2551365  -2.35458497
 -2.61224957 -3.80523724  2.44473399 -1.44640158  2.14751045 -7.46319665
 -7.81098849  5.93071703]
2022-09-12 17:33:43,380 mloop.controllers    INFO     cost -85.35640856756253 +/- 0.0
2022-09-12 17:33:43,381 mloop.controllers    INFO     Run:97 (trainer)
2022-09-12 17:33:43,383 mloop.controllers    INFO     params [ 8.98790536  8.85159223  6.7257576   2.47637347  7.15894111 15.03204248
  0.19443341  0.48072713  0.44345333  0.17085816  0.03067648  6.2418947
 -1.65281174 -4.3851563   0.70956417 -3.83747488 -6.5398385   3.5830138
  7.84191412  1.43840191  1.92134391  1.31179965  3.97439579 -4.00684697
  4.75836194 -1.09544371]
2022-09-12 17:33:43,434 mloop.controllers    INFO     cost -79.37044720004756 +/- 0.0
2022-09-12 17:33:43,435 mloop.controllers    INFO     Run:98 (trainer)
2022-09-12 17:33:43,438 mloop.controllers    INFO     params [18.44013931  9.68597329  9.39517867 10.80677254 12.19151046  7.50711251
  0.25221959  0.2542005   0.3150807   0.31675222  0.27406921  2.60013478
  3.22591614 -2.4057882   0.71400953  5.41269656  5.11106945  5.98147625
 -4.22285279  5.22353257  1.88640898  3.25538589 -0.03082915 -1.27507513
  2.8748888   6.94383015]
2022-09-12 17:33:43,487 mloop.controllers    INFO     cost -65.45532934010046 +/- 0.0
2022-09-12 17:33:43,487 mloop.controllers    INFO     Run:99 (trainer)
2022-09-12 17:33:43,489 mloop.controllers    INFO     params [ 3.86958621  3.00418731  3.1925526  16.76906662 16.45219368  4.30298015
  0.18425008  0.44696705  0.15432862  0.23354226  0.39530231  7.98037594
 -7.11402657  1.53211253 -3.27402639  1.33126868 -6.7687654   1.08460572
 -1.57361442 -5.10170226 -4.08193624  7.94635324  1.72297446 -0.83190971
 -0.9209092  -2.87561449]
2022-09-12 17:33:43,539 mloop.controllers    INFO     cost -94.40479768609916 +/- 0.0
2022-09-12 17:33:43,540 mloop.controllers    INFO     Run:100 (trainer)
2022-09-12 17:33:43,543 mloop.controllers    INFO     params [ 1.11115505e+01  1.90179919e+01  1.54267414e+01  1.78046432e+01
  7.94420276e+00  6.82143343e+00  1.92490898e-01  2.97509530e-01
  2.05445840e-01  2.60375972e-01  3.49596547e-01 -5.19516213e+00
 -4.43310820e+00 -1.52797191e-02  3.07456815e+00  1.26683706e+00
 -3.27373597e+00  3.32793957e+00 -3.85950859e+00  1.98260021e+00
  4.41722251e+00 -3.27366210e+00  5.97416941e+00  1.66967972e+00
 -5.23904507e+00 -4.49042789e+00]
2022-09-12 17:33:43,591 mloop.controllers    INFO     cost -77.67028253875787 +/- 0.0
2022-09-12 17:33:43,592 mloop.controllers    INFO     Controller finished. Closing down M-LOOP. Please wait a moment...
2022-09-12 17:33:43,593 mloop.controllers    DEBUG    ML learner end set.
2022-09-12 17:33:47,676 mloop.controllers    DEBUG    ML learner joined
2022-09-12 17:33:47,677 mloop.controllers    DEBUG    Learner end event set.
2022-09-12 17:33:47,677 mloop.controllers    DEBUG    Interface end event set.
2022-09-12 17:33:48,548 mloop.learners.1     DEBUG    Learner end signal received. Ending
2022-09-12 17:33:48,549 mloop.interfaces     DEBUG    Interface ended
2022-09-12 17:33:49,550 mloop.controllers    DEBUG    Learner joined.
2022-09-12 17:33:49,550 mloop.controllers    DEBUG    Interface joined.
2022-09-12 17:33:49,574 mloop.controllers    INFO     Optimization ended because:
2022-09-12 17:33:49,575 mloop.controllers    INFO     	* Maximum number of runs reached.
2022-09-12 17:33:49,575 mloop.controllers    INFO     Results:
2022-09-12 17:33:49,576 mloop.controllers    INFO     	* Best parameters found:[ 7.48753294  5.10000398  2.19067447  4.17217277  4.20786424  6.29161486
  0.4498289   0.13711165  0.15491479  0.42768409  0.20729573  5.93935313
 -2.4562776   5.48004173  4.07129727  6.54930279 -3.5230114  -3.64770541
  5.02550441 -5.3224974  -5.9121292  -1.32980934 -6.18005678 -7.18427315
 -7.73377521 -0.49367197]
2022-09-12 17:33:49,576 mloop.controllers    INFO     	* Best cost returned:-106.48953432961903 +/- 0.0
2022-09-12 17:33:49,577 mloop.controllers    INFO     	* Best run number:1
2022-09-12 17:33:49,577 mloop.controllers    INFO     	* Predicted best parameters:[ 8.02081511  4.29758974  2.16477541  4.17537508  3.77006039  6.61330685
  0.44815946  0.12960481  0.14050279  0.42901868  0.21412644  5.99341558
 -2.45679343  6.11236084  4.3722761   6.86532833 -3.971615   -3.94586282
  5.46819006 -5.63060825 -6.15307886 -1.25367454 -6.75276382 -7.73915999
 -8.         -0.43697179]
2022-09-12 17:33:49,578 mloop.controllers    INFO     	* Predicted best cost:-106.85473007526363 +/- 1.7099203667271508
2022-09-12 17:33:49,578 mloop.controllers    INFO     M-LOOP Done.
2022-09-12 17:33:49,579 mloop.visualizations DEBUG    Creating controller visualizations.
2022-09-12 17:33:49,834 mloop.visualizations DEBUG    Creating learner visualizations.
2022-09-12 17:33:49,845 mloop.visualizations DEBUG    Creating Gaussian process visualizer.
2022-09-12 17:33:49,874 mloop.learners.3     DEBUG    Learner init completed.
2022-09-12 17:33:49,876 mloop.visualizations DEBUG    Fitting Gaussian process.
2022-09-12 17:33:50,151 mloop.visualizations INFO     Showing visualizations, close all to end M-LOOP.
