2022-09-16 19:56:34,547 mloop                INFO     M-LOOP version 3.3.1
2022-09-16 19:56:34,548 mloop                DEBUG    M-LOOP Logger configured.
2022-09-16 19:56:34,548 mloop.interfaces     DEBUG    Creating interface.
2022-09-16 19:56:34,619 mloop.controllers    DEBUG    Controller init completed.
2022-09-16 19:56:34,620 mloop.learners.1     DEBUG    Learner init completed.
2022-09-16 19:56:34,620 mloop.learners.1     DEBUG    Random learner init completed.
2022-09-16 19:56:34,621 mloop.learners.2     DEBUG    Learner init completed.
2022-09-16 19:56:34,621 mloop.controllers    INFO     Optimization started.
2022-09-16 19:56:34,624 mloop.learners.1     DEBUG    Starting Random Learner
2022-09-16 19:56:34,625 mloop.interfaces     DEBUG    Entering main loop of interface.
2022-09-16 19:56:34,625 mloop.controllers    DEBUG    ML learner started.
2022-09-16 19:56:34,752 mloop.controllers    DEBUG    Starting training optimization.
2022-09-16 19:56:34,752 mloop.controllers    INFO     Run:1 (training)
2022-09-16 19:56:34,754 mloop.controllers    INFO     params [10.    5.    3.    2.3   2.21  0.15  0.1   0.15  0.1   0.05  0.    0.
  0.    0.    0.    0.    0.    0.    0.    0.    0.    0.    0.    0.
  0.  ]
2022-09-16 19:57:40,636 mloop.controllers    INFO     cost -4.858115959206086 +/- 0.0
2022-09-16 19:57:40,637 mloop.controllers    INFO     Run:2 (training)
2022-09-16 19:57:40,638 mloop.controllers    INFO     params [ 1.20310445e+01  5.46750885e+00  5.53817868e+00  1.86956345e+01
  1.74809822e+01  2.35664711e-02  1.39294873e-02  3.50464931e-02
  3.97148437e-02  2.99366630e-02  4.05861666e+00  2.48774566e+00
  5.72980000e+00  3.89506841e-01  6.38069225e+00  3.46734544e-02
  6.67357766e+00 -2.41883419e-01  7.08963993e+00 -5.01525052e+00
 -5.91231948e+00  6.15672712e+00  7.77215662e+00  3.50648674e+00
  4.30737828e+00]
2022-09-16 19:58:46,433 mloop.controllers    INFO     cost -0.03787639733747734 +/- 0.0
2022-09-16 19:58:46,433 mloop.controllers    INFO     Run:3 (training)
2022-09-16 19:58:46,434 mloop.controllers    INFO     params [13.19106513 13.29125151  8.40199928 10.39627215 18.02074487  0.04402671
  0.05379245  0.16253998  0.08315186  0.13908572  0.47646489 -2.73050907
  7.89451056  7.76016    -6.79298935  2.58541586  2.33829772 -0.53101992
  7.00301012  4.16857857  1.73975212 -7.80242961 -2.36211601  6.48131942
 -6.2211912 ]
2022-09-16 19:59:52,767 mloop.controllers    INFO     cost -0.025656382065121906 +/- 0.0
2022-09-16 19:59:52,767 mloop.controllers    INFO     Run:4 (training)
2022-09-16 19:59:52,769 mloop.controllers    INFO     params [ 2.25534064 16.42754644 10.4818268  19.10548781 18.53693298  0.10617699
  0.10076243  0.12201468  0.13778169  0.05439212 -1.40239979  0.1581905
 -7.07405425  0.69149158  7.71024979 -0.46351752  7.08925952 -5.78207664
  7.92856548 -0.69041279 -1.17612706 -7.32193725  7.86633928 -2.22139031
  1.63914601]
2022-09-16 20:00:52,045 mloop.controllers    INFO     cost -0.014926574112245175 +/- 0.0
2022-09-16 20:00:52,046 mloop.controllers    INFO     Run:5 (training)
2022-09-16 20:00:52,047 mloop.controllers    INFO     params [ 2.48101859e+00  1.74539280e+01  1.83401980e+01  1.70377031e+01
  1.87041711e+01  1.43997255e-01  3.74105656e-03  1.81443891e-01
  1.42674053e-01  1.90815934e-02 -7.01580041e+00  3.30920731e+00
 -7.75953065e-01 -6.40411527e+00 -5.62431450e+00  1.22092989e+00
  7.93058376e+00  5.47437486e+00 -6.01757283e+00 -1.08856218e-01
 -2.02378613e+00 -3.19554792e+00 -7.03084266e+00 -3.32064660e+00
  1.45722803e-01]
2022-09-16 20:01:50,750 mloop.controllers    INFO     cost -0.020999336365309637 +/- 0.0
2022-09-16 20:01:50,750 mloop.controllers    INFO     Run:6 (training)
2022-09-16 20:01:50,751 mloop.controllers    INFO     params [ 8.63142262 15.72401367 11.1373743  14.5426169  12.07822703  0.10567099
  0.13155563  0.064528    0.02705743  0.15047763  2.68524282 -7.79708854
  5.35713379  7.19494025 -6.43109313 -2.22723891  0.93862187 -6.79445666
  0.36486217 -1.64172393  7.06620292  5.08906663 -2.97122578 -6.26204868
 -3.26744293]
2022-09-16 20:02:55,950 mloop.controllers    INFO     cost -0.017625608724436297 +/- 0.0
2022-09-16 20:02:55,951 mloop.controllers    INFO     Run:7 (training)
2022-09-16 20:02:55,952 mloop.controllers    INFO     params [ 1.15933273e+01  1.99691967e+01  9.31816112e+00  1.43306257e+01
  2.85635968e+00  1.40778039e-01  1.96746069e-01  5.19618016e-04
  1.45127841e-01  1.00994561e-01  3.33779748e+00 -2.65488747e-01
 -3.21094444e+00  4.29001836e+00 -3.45880242e-01  3.71902964e+00
  6.49222788e+00  1.86273055e-01  6.20114132e+00  1.68480647e+00
  3.74236787e-01  7.20779372e+00 -4.03564848e+00  1.59404819e+00
 -1.93059007e+00]
2022-09-16 21:12:48,691 mloop.controllers    INFO     cost -0.055313434485932754 +/- 0.0
2022-09-16 21:12:48,691 mloop.controllers    INFO     Run:8 (training)
2022-09-16 21:12:48,692 mloop.controllers    INFO     params [ 5.06696386e+00  1.06928048e+01  6.74875058e+00  1.75671340e+01
  1.36045129e+01  1.51463322e-01  4.81807938e-03  8.88220548e-02
  8.26489446e-02  9.19084040e-02  2.75055136e+00  4.46457370e-01
 -7.74912740e+00 -4.75059273e-01 -4.15205349e+00  3.10695888e+00
 -3.62310038e+00  7.82527354e+00  1.08483403e-01 -4.58360364e+00
  9.77343125e-01  6.93917047e+00 -7.84666925e+00  6.82527400e+00
  3.00838998e+00]
2022-09-16 21:13:51,831 mloop.controllers    INFO     cost -0.02392193453527104 +/- 0.0
2022-09-16 21:13:51,831 mloop.controllers    INFO     Run:9 (training)
2022-09-16 21:13:51,832 mloop.controllers    INFO     params [ 2.76913408 14.4165659   1.8263614  13.96802444 16.63991823  0.15529595
  0.12950139  0.14741441  0.10784659  0.1676882   7.66263967  7.87806832
 -1.13961428  0.83096417  1.05787225  5.82876435 -6.25043018  3.21634834
 -3.82581827 -5.07401366  0.38532595  1.44699821 -7.37075042  5.41010255
 -0.84455214]
2022-09-16 21:14:42,535 mloop.controllers    INFO     cost -0.009026077854440132 +/- 0.0
2022-09-16 21:14:42,535 mloop.controllers    INFO     Run:10 (training)
2022-09-16 21:14:42,536 mloop.controllers    INFO     params [ 2.49374859 17.1169216  15.31808347 15.75024164  5.4968057   0.16391366
  0.04498458  0.16962037  0.14366009  0.08037472  6.73353961 -4.88576732
  2.58605054 -0.07454016  4.5536206   6.07078606  0.63546075  0.46260683
 -2.27834185 -6.16455844 -1.69107332 -2.55178341 -7.60220717  5.52969357
  6.79607005]
2022-09-16 21:15:40,844 mloop.controllers    INFO     cost -0.025556774668651163 +/- 0.0
2022-09-16 21:15:40,844 mloop.controllers    INFO     Run:11 (training)
2022-09-16 21:15:40,845 mloop.controllers    INFO     params [ 2.04229328e+00  3.66588510e+00  1.44525266e+01  1.87601702e+01
  1.15773096e+01  4.09526732e-03  1.52328469e-01  1.27793016e-01
  1.51547307e-01  1.77811773e-01 -7.10954693e+00  2.53495919e+00
  4.97876078e+00 -7.35404113e+00 -3.32169551e+00 -6.22770423e-01
 -1.75551476e+00 -2.68147331e+00 -6.48181956e+00 -4.92297667e-01
 -7.66865678e+00 -4.05135401e+00 -4.04963492e+00  6.07107101e+00
  4.62964129e+00]
2022-09-16 21:16:36,797 mloop.controllers    INFO     cost -8.842587440654457 +/- 0.0
2022-09-16 21:16:36,797 mloop.controllers    INFO     Run:12 (training)
2022-09-16 21:16:36,798 mloop.controllers    INFO     params [ 2.58260138e+00  1.78732495e+01  8.57497561e+00  4.55603003e+00
  1.56551128e+01  1.90576831e-01  5.34705844e-02  5.22118467e-02
  1.47550098e-02  1.76169087e-01 -3.58650321e+00  7.64474488e+00
 -5.06647890e-01  7.15330307e+00  5.39994621e+00 -5.23956165e+00
  1.26268800e+00 -2.73974879e+00  1.22405095e+00  3.50828361e+00
 -5.85036264e+00  6.94872915e+00 -3.03812404e+00 -5.55064399e+00
 -5.11049017e+00]
2022-09-16 21:17:40,109 mloop.controllers    INFO     cost -0.03657097935899724 +/- 0.0
2022-09-16 21:17:40,109 mloop.controllers    INFO     Run:13 (training)
2022-09-16 21:17:40,110 mloop.controllers    INFO     params [ 2.64358533e+00  8.69901899e+00  1.25848181e+01  1.36962844e+01
  1.18119052e+01  5.10830831e-03  8.72557929e-02  1.45341709e-01
  1.53468865e-01  1.29296129e-01 -3.47595211e+00 -5.69931817e-01
  7.57989727e+00 -5.75619064e+00  1.92550525e+00 -2.32340218e-01
  1.04841488e+00  8.62820568e-01 -1.28559104e+00  2.31900380e+00
  4.74758394e+00 -7.93524029e+00  2.87159466e+00  6.27193095e+00
  7.98755771e+00]
2022-09-16 21:18:30,985 mloop.controllers    INFO     cost -0.014362082193254234 +/- 0.0
2022-09-16 21:18:30,986 mloop.controllers    INFO     Run:14 (training)
2022-09-16 21:18:30,987 mloop.controllers    INFO     params [ 4.0390898   7.77306863 18.12971388 15.48918497 16.94997702  0.13948831
  0.06259342  0.05807176  0.1803749   0.09881813  6.56428232  5.2429307
 -5.35086966 -1.93711984 -5.94805668 -1.58538676  3.98061864  1.17119176
 -6.72645596 -1.13836175 -7.04329123 -5.34622732 -2.8573259   1.42995334
  5.74675314]
2022-09-16 21:19:44,636 mloop.controllers    INFO     cost -0.02902337225053514 +/- 0.0
2022-09-16 21:19:44,636 mloop.controllers    INFO     Run:15 (training)
2022-09-16 21:19:44,638 mloop.controllers    INFO     params [ 1.33569582e+01  7.02341368e+00  1.16960922e+01  7.67316105e+00
  1.30618640e+01  1.26161054e-01  6.82726561e-03  9.37099119e-02
  9.34935849e-03  9.52828657e-02 -2.10764892e+00 -7.96415087e+00
 -7.46807061e+00  7.30141315e+00 -5.59293924e+00  2.60202678e+00
 -1.01022977e+00  3.78124811e+00  7.35886913e+00 -4.96901603e+00
  5.19516946e+00 -3.96505694e+00  5.94463712e+00  3.97457483e+00
 -6.92309333e+00]
2022-09-16 21:20:57,928 mloop.controllers    INFO     cost -0.02129215062243635 +/- 0.0
2022-09-16 21:20:57,929 mloop.controllers    INFO     Run:16 (training)
2022-09-16 21:20:57,930 mloop.controllers    INFO     params [ 1.38801262e+01  9.51279208e+00  4.22663706e+00  2.77936329e+00
  1.00989943e+01  1.19714320e-01  1.58287938e-01  1.79439318e-01
  3.81236639e-03  1.50354315e-01  2.56441268e-01  3.96362951e+00
 -4.08763680e+00 -1.51369678e+00  6.90094630e-01 -4.55311996e+00
 -3.51149505e+00 -3.66482537e+00 -2.61866506e+00 -5.49834352e-01
  6.53699777e+00 -6.74628757e+00  1.47423687e+00 -1.94787338e+00
  4.66172265e-01]
2022-09-16 21:22:03,826 mloop.controllers    INFO     cost -0.20280354750319501 +/- 0.0
2022-09-16 21:22:03,827 mloop.controllers    INFO     Run:17 (training)
2022-09-16 21:22:03,828 mloop.controllers    INFO     params [ 7.15932699 10.02032573 19.70033764  8.4190343  16.18858983  0.18099699
  0.15418003  0.02280594  0.17045148  0.07177816 -2.53600539 -6.7716519
  5.44765209  4.94406456 -3.36684858  4.87463903 -6.289778    4.96167963
 -7.98323804 -7.22090286 -5.35035794  7.4182685  -5.49008753  1.23863147
 -6.49705039]
2022-09-16 21:23:10,472 mloop.controllers    INFO     cost -0.02248670722243572 +/- 0.0
2022-09-16 21:23:10,472 mloop.controllers    INFO     Run:18 (training)
2022-09-16 21:23:10,473 mloop.controllers    INFO     params [11.70233619  3.90161768  2.96909929 10.03480982 11.30821209  0.02023108
  0.03698226  0.13929281  0.07078801  0.0328542   2.97473838  3.48794191
 -4.12781455 -4.33938223 -0.53175337 -4.18250429 -7.40885071  5.71773011
  2.55249814  4.02293325  0.88931534  5.67093739 -4.7176934  -1.74090365
 -0.28070355]
2022-09-16 21:24:12,614 mloop.controllers    INFO     cost -0.23163014015326328 +/- 0.0
2022-09-16 21:24:12,615 mloop.controllers    INFO     Run:19 (training)
2022-09-16 21:24:12,616 mloop.controllers    INFO     params [ 1.63682440e+01  1.05975853e+01  8.43538326e+00  9.96803604e+00
  1.55414525e+01  4.78542802e-02  1.28307760e-01  1.16208731e-02
  1.43101690e-01  3.96826959e-02 -2.37976198e+00  2.81836683e+00
  5.65396005e+00  6.40404786e+00 -4.05468232e+00  5.35454090e+00
 -1.96660968e+00 -5.38754680e+00 -5.02909827e+00  5.03404744e+00
 -7.99327242e+00  2.79690429e+00 -2.25612477e+00 -3.87692829e+00
  3.27239812e+00]
2022-09-16 21:25:16,217 mloop.controllers    INFO     cost -0.02416884562246793 +/- 0.0
2022-09-16 21:25:16,218 mloop.controllers    INFO     Run:20 (training)
2022-09-16 21:25:16,219 mloop.controllers    INFO     params [ 4.15360307 14.68778628  4.47286135  9.24377315  4.28479547  0.18813078
  0.13712465  0.06909095  0.06180708  0.04365105  5.4478724  -2.91771112
 -1.13977531 -4.85840586  2.48211339 -1.74060991 -3.50948842  0.62570573
  3.22905303  6.26988491 -7.40497589  2.4468826  -5.72290475 -6.18461038
 -0.5806562 ]
2022-09-16 21:26:19,321 mloop.controllers    INFO     cost -0.041434659651780587 +/- 0.0
2022-09-16 21:26:19,321 mloop.controllers    INFO     Run:21 (training)
2022-09-16 21:26:19,322 mloop.controllers    INFO     params [ 4.45714058e+00  1.43141204e+01  1.44241319e+01  4.33305604e+00
  1.79278866e+01  1.00536941e-01  2.17345264e-03  1.42607249e-01
  1.60074692e-01  6.42504255e-02  3.08828648e+00  9.91214267e-01
 -4.28237579e+00  4.09073974e+00 -4.91806601e+00 -1.62209091e+00
 -1.30149680e+00  6.60976479e+00  1.39337498e+00 -5.97443781e+00
  6.84621000e+00  4.46838451e+00 -3.49338197e+00  2.18908595e+00
 -2.03949896e+00]
2022-09-16 21:27:25,307 mloop.controllers    INFO     cost -0.031016479751026883 +/- 0.0
2022-09-16 21:27:25,307 mloop.controllers    INFO     Run:22 (training)
2022-09-16 21:27:25,308 mloop.controllers    INFO     params [ 1.60802392e+01  1.03720271e+01  5.40975975e+00  1.66700811e+01
  5.92957242e+00  1.22599807e-01  1.83173522e-01  1.98487729e-01
  1.85501281e-01  1.10075259e-02  1.43812953e+00 -7.94021735e+00
  6.90385554e-02 -3.60523537e+00 -4.02134202e+00  8.45667023e-01
 -2.88101572e-01  2.26952644e+00 -4.79157838e+00 -7.64979522e+00
 -5.46120989e-01 -4.16296530e+00 -6.46798691e+00 -6.51705598e-01
  3.19840587e+00]
2022-09-16 21:28:31,506 mloop.controllers    INFO     cost -0.04643175795749782 +/- 0.0
2022-09-16 21:28:31,506 mloop.controllers    INFO     Run:23 (training)
2022-09-16 21:28:31,508 mloop.controllers    INFO     params [ 7.16492275e+00  4.02102148e+00  1.99280216e+01  8.21008532e+00
  1.87177948e+01  1.88355511e-01  9.29766720e-02  1.07465823e-01
  9.87028411e-03  3.10384937e-02  3.25162531e+00  2.49685830e+00
  1.14554934e+00  5.33224512e+00 -5.46902123e+00  4.16308842e+00
  1.89148016e+00  6.17626022e+00 -6.93656233e+00 -4.37161660e+00
 -6.45824798e+00 -4.60704235e+00 -5.10701051e+00 -5.36802451e+00
  1.84236384e+00]
2022-09-16 21:29:45,500 mloop.controllers    INFO     cost -0.06588512020851302 +/- 0.0
2022-09-16 21:29:45,500 mloop.controllers    INFO     Run:24 (training)
2022-09-16 21:29:45,501 mloop.controllers    INFO     params [19.89525661 16.65781706 12.02599365 14.94212876 14.19314675  0.05551669
  0.16225702  0.18320592  0.02927156  0.17514002  2.18857424  5.33286213
 -2.83724437  1.24452272  1.43723864 -7.56999338  6.27711521  5.87391295
  2.02235044 -0.75885036  5.55817748  3.08085169  5.11978294 -5.91238257
  7.63018908]
2022-09-16 21:30:50,379 mloop.controllers    INFO     cost -0.013648105666381853 +/- 0.0
2022-09-16 21:30:50,380 mloop.controllers    INFO     Run:25 (training)
2022-09-16 21:30:50,381 mloop.controllers    INFO     params [ 5.25119689  8.37986458 11.19760684  6.73044208  8.46953242  0.17303915
  0.0370796   0.18771018  0.14855666  0.16327056 -5.60093424 -3.33904801
 -7.25121475  1.9408122   1.30897281  1.53788951 -2.56396712  0.73616512
 -6.63777943  1.83371735 -3.28009913  3.55417959  6.11194671  3.44856498
 -3.22928181]
2022-09-16 21:32:00,351 mloop.controllers    INFO     cost -0.028925084203410886 +/- 0.0
2022-09-16 21:32:00,351 mloop.controllers    INFO     Run:26 (training)
2022-09-16 21:32:00,352 mloop.controllers    INFO     params [16.98969532 18.81684872  7.04043731 10.94006614 10.96555409  0.02314876
  0.06995151  0.03574701  0.0636971   0.04439939 -1.89685684  4.4049022
  2.03592071  5.70562307  1.65997146 -7.57454448 -3.79162289 -4.8018776
  7.03629281  3.23855323  4.92332931 -4.43497899 -7.70375899 -3.83584364
  7.04152152]
2022-09-16 21:33:06,544 mloop.controllers    INFO     cost -0.019955183700160178 +/- 0.0
2022-09-16 21:33:06,545 mloop.controllers    INFO     Run:27 (training)
2022-09-16 21:33:06,546 mloop.controllers    INFO     params [ 2.92240969  2.49432006 17.69213562  2.81821455  8.42422244  0.09188437
  0.04626372  0.14149192  0.14674008  0.1655736  -3.52836292  0.06339319
 -6.06414661 -7.37512507 -3.96219418 -5.5948954   7.5448715  -0.78039686
 -4.67061423 -1.38263456 -7.86192311 -6.44581295  6.43603749  2.04402099
 -2.68628486]
2022-09-16 21:34:03,546 mloop.controllers    INFO     cost -0.10647591907273429 +/- 0.0
2022-09-16 21:34:03,547 mloop.controllers    INFO     Run:28 (training)
2022-09-16 21:34:03,548 mloop.controllers    INFO     params [ 8.73348874 17.1428501  12.54219257  9.53177834  7.33302997  0.10139446
  0.12475603  0.1254479   0.13990895  0.14523392 -1.89969242 -4.81337468
  7.95746048  5.44149807  6.16036714  1.11200206 -3.98272936  3.19302379
  0.8108607  -6.47999778  6.69287876 -0.885194   -7.4946334  -2.69663159
  7.54649585]
2022-09-16 21:35:11,474 mloop.controllers    INFO     cost -0.02508419729367201 +/- 0.0
2022-09-16 21:35:11,475 mloop.controllers    INFO     Run:29 (training)
2022-09-16 21:35:11,476 mloop.controllers    INFO     params [ 5.39345748  7.87707009 14.81933356  7.66276032  8.22095543  0.1286849
  0.14707576  0.15521279  0.12129807  0.14024003 -0.60905897 -6.12456059
  2.02053863 -2.39615745 -7.953091    5.71718818  0.96215108 -2.45855172
  1.10914318  6.37506771  7.72774742 -4.08596288 -5.88318413 -2.59168256
  2.00530989]
2022-09-16 21:36:19,479 mloop.controllers    INFO     cost -0.028981151221888764 +/- 0.0
2022-09-16 21:36:19,479 mloop.controllers    INFO     Run:30 (training)
2022-09-16 21:36:19,480 mloop.controllers    INFO     params [ 4.12042776 19.73993249 11.75732423  3.67469239 17.83646019  0.10810807
  0.1723409   0.03102474  0.19345673  0.1068523  -1.54026301  3.25865451
 -3.59585774 -4.479483   -6.0818267  -1.09400336  5.03103255  5.99494451
 -7.1363088  -6.23973917  4.17947157  2.84930441 -7.71990327 -1.23186296
  4.32875666]
2022-09-16 21:37:21,837 mloop.controllers    INFO     cost -0.03536532760463338 +/- 0.0
2022-09-16 21:37:21,838 mloop.controllers    INFO     Run:31 (training)
2022-09-16 21:37:21,839 mloop.controllers    INFO     params [ 8.26113644 12.52167655 15.50700204  6.83513115 19.02607922  0.13749741
  0.18166841  0.02409271  0.1330268   0.16520223  3.44697972 -5.47627119
  7.77795348  6.69957671  0.74114648 -6.02640903  5.18282548  0.73315105
 -3.85984979 -2.38877913 -0.94374173 -2.7054222   7.49761711  2.52758801
 -3.16878429]
2022-09-16 21:38:33,402 mloop.controllers    INFO     cost -0.02282314109428779 +/- 0.0
2022-09-16 21:38:33,402 mloop.controllers    INFO     Run:32 (training)
2022-09-16 21:38:33,404 mloop.controllers    INFO     params [ 1.63958963e+01  1.60914801e+01  1.74709699e+01  6.79366173e+00
  5.51459350e+00  2.01050648e-03  1.02199626e-01  1.83078042e-01
  8.05101849e-02  4.89573216e-02 -3.43596293e+00  6.03654004e+00
  3.84339407e+00  6.01110741e+00 -5.70424287e+00  2.75100515e+00
  7.53475389e+00  6.11991889e+00  2.24271505e+00 -4.62634081e+00
 -4.24799546e+00  6.46834762e+00 -4.60224998e+00  2.90357469e+00
  3.26861224e+00]
2022-09-16 21:39:38,045 mloop.controllers    INFO     cost -0.043716823162426297 +/- 0.0
2022-09-16 21:39:38,046 mloop.controllers    INFO     Run:33 (training)
2022-09-16 21:39:38,047 mloop.controllers    INFO     params [13.87613231 11.58563336 16.60498487  9.32082175  7.83503169  0.15342977
  0.0749808   0.15384373  0.08366914  0.02057528 -1.01401617  2.37931314
  6.8327318  -0.10841178  4.36560818  2.67914241 -2.20694489  0.53404179
  5.42229447 -1.84139842 -1.08645726  4.50245277  3.71562693  6.2478019
 -3.86689178]
2022-09-16 21:40:48,615 mloop.controllers    INFO     cost -0.022234140248238558 +/- 0.0
2022-09-16 21:40:48,616 mloop.controllers    INFO     Run:34 (training)
2022-09-16 21:40:48,617 mloop.controllers    INFO     params [ 6.03027286 11.35940839  8.56116342  3.93870049  2.33001426  0.08766916
  0.18286502  0.03533719  0.1441182   0.19493383 -5.06719453  0.17875637
 -0.13303255 -6.12981608  0.09155814 -2.75704249 -6.22871028 -2.80575224
 -4.45227721 -7.69949082 -0.87076486 -2.48848482 -0.86263106 -2.6073764
 -1.12086792]
2022-09-16 21:41:53,722 mloop.controllers    INFO     cost -0.6224276756387931 +/- 0.0
2022-09-16 21:41:53,722 mloop.controllers    INFO     Run:35 (training)
2022-09-16 21:41:53,723 mloop.controllers    INFO     params [ 9.50634365e+00  1.20431333e+01  6.13839760e+00  6.20899898e+00
  1.81381005e+01  9.08875557e-02  1.84716198e-01  1.32028844e-03
  1.71756061e-01  8.71439095e-02 -7.56796508e-01 -4.60173955e+00
  4.45907826e+00 -2.74341243e+00  4.25220179e-01  6.90006109e+00
  7.61687590e+00 -6.03912333e+00  3.87732210e+00 -3.98373449e+00
  6.85656535e+00  6.95012716e+00  4.14698053e+00 -1.29136834e+00
  2.56344558e+00]
2022-09-16 21:42:58,429 mloop.controllers    INFO     cost -0.04230636242077514 +/- 0.0
2022-09-16 21:42:58,430 mloop.controllers    INFO     Run:36 (training)
2022-09-16 21:42:58,430 mloop.controllers    INFO     params [ 1.09097250e+01  1.00995233e+01  1.21377953e+01  4.42053229e+00
  1.11248689e+01  1.17228057e-01  1.02033710e-02  3.86671334e-02
  8.18279747e-02  4.23075154e-02 -1.62190405e+00  4.90988932e+00
  7.74852374e+00 -4.39868782e+00 -5.82827764e+00  3.59626195e+00
 -4.08731523e+00 -5.85450935e+00 -6.89627464e+00 -7.34520785e+00
 -5.87609972e+00 -2.32913567e-01 -5.14894651e-01  5.28988024e-01
  5.85974040e+00]
2022-09-16 21:44:03,458 mloop.controllers    INFO     cost -0.05716706987241383 +/- 0.0
2022-09-16 21:44:03,458 mloop.controllers    INFO     Run:37 (training)
2022-09-16 21:44:03,460 mloop.controllers    INFO     params [ 9.04939979 17.02507955  4.53193937  2.02785599 17.54705621  0.01809859
  0.0484299   0.0236976   0.12588528  0.05203439  4.36396814 -1.900905
 -1.45027595  0.58068642 -7.26096352  3.11124376  5.19251035 -7.41839949
  1.93282962 -4.56998887 -2.04828519 -2.30865159 -6.4451272  -2.58376364
  6.59740298]
2022-09-16 21:45:00,526 mloop.controllers    INFO     cost -0.7642078367307052 +/- 0.0
2022-09-16 21:45:00,527 mloop.controllers    INFO     Run:38 (training)
2022-09-16 21:45:00,528 mloop.controllers    INFO     params [ 2.78934637 19.35357207 19.03667371  5.24346747  6.83223815  0.16603059
  0.05346318  0.05554492  0.13088883  0.06860883 -3.86843209  4.43348238
  4.57692297 -2.9352729   1.18448465  5.14899951 -1.3686117   3.51214498
 -0.42183895  1.12550246 -7.80695158  6.40899034 -4.46109594 -4.6251111
  0.04058128]
2022-09-16 21:46:07,896 mloop.controllers    INFO     cost -0.023768860286899274 +/- 0.0
2022-09-16 21:46:07,897 mloop.controllers    INFO     Run:39 (training)
2022-09-16 21:46:07,897 mloop.controllers    INFO     params [ 4.84242635  9.20059204  7.08734948 11.54845957 19.47812222  0.07936953
  0.0233584   0.08582085  0.08864568  0.1210355   7.62039458 -0.04649939
 -0.21501933 -7.48816787  1.84135385  5.91454095  2.49732237 -2.29252049
  2.68144525 -0.06546959 -6.95577627  3.75564979 -1.24285723 -5.73294834
 -3.43438433]
2022-09-16 21:47:12,105 mloop.controllers    INFO     cost -0.02657821208402614 +/- 0.0
2022-09-16 21:47:12,106 mloop.controllers    INFO     Run:40 (training)
2022-09-16 21:47:12,107 mloop.controllers    INFO     params [ 3.48013754  3.43596452 10.52234929 11.21351929  2.34938409  0.02813753
  0.13407481  0.09076524  0.02166201  0.18304117 -4.64805581 -4.82388474
 -3.01459779 -7.82670527  4.44897056  3.03630598 -5.86384151  3.89630807
 -4.27095772  7.73914334  7.36726858  7.80908476  7.50904363  1.71073152
  7.44071326]
2022-09-16 21:48:10,991 mloop.controllers    INFO     cost -0.04668416850508739 +/- 0.0
2022-09-16 21:48:10,992 mloop.controllers    INFO     Run:41 (training)
2022-09-16 21:48:10,993 mloop.controllers    INFO     params [ 1.05384630e+01  3.21279850e+00  1.51979808e+01  5.26287332e+00
  1.46662071e+01  5.51811143e-04  6.23842248e-02  1.99170551e-01
  7.52518873e-02  1.80763656e-01 -1.04870325e-02 -2.44824495e+00
  1.94429243e+00  5.17978094e-01 -3.36442419e-01 -2.30606110e+00
 -2.15251754e+00  7.16333523e+00 -2.46248405e+00 -4.32912533e-01
 -7.96878428e+00  4.41757004e+00  7.23755829e+00  2.30213772e+00
 -2.61317233e+00]
2022-09-16 21:49:19,977 mloop.controllers    INFO     cost -0.05927958531027423 +/- 0.0
2022-09-16 21:49:19,977 mloop.controllers    INFO     Run:42 (training)
2022-09-16 21:49:19,978 mloop.controllers    INFO     params [18.86691418  8.30621042  7.00613151  5.26472032 18.67085557  0.02614318
  0.11360164  0.15884118  0.11682049  0.18874566  0.7298366   6.11387999
 -0.75450512  4.77374697 -6.13756104  7.88198026  0.53413224 -3.67124863
 -7.41802586  1.05573797  3.34644182  2.25482893  3.75798084  6.35240798
  7.96070904]
2022-09-16 21:50:26,709 mloop.controllers    INFO     cost -0.0543546522869902 +/- 0.0
2022-09-16 21:50:26,709 mloop.controllers    INFO     Run:43 (training)
2022-09-16 21:50:26,710 mloop.controllers    INFO     params [ 2.54042575  9.96867632  4.00322819 15.53496253 15.10274509  0.18994786
  0.12026903  0.03517451  0.13056191  0.13510414 -1.71951835  3.08718072
  4.14726111 -3.75194144  2.38978288  3.08767332  3.64834358  3.92211325
 -1.4245833  -2.7180737  -1.55191287 -7.22650551  0.57110356  4.38511762
 -5.66291033]
2022-09-16 21:51:24,929 mloop.controllers    INFO     cost -0.02561908313293522 +/- 0.0
2022-09-16 21:51:24,930 mloop.controllers    INFO     Run:44 (training)
2022-09-16 21:51:24,931 mloop.controllers    INFO     params [ 9.44667414  2.42377892 10.90527616  2.23826544  5.96283087  0.16249972
  0.19558731  0.06811409  0.13292864  0.12047669 -6.61767146  4.39118636
  6.96299901  4.16036806  0.14188171 -1.40088997 -6.27877612  7.22675126
  0.1514339   1.43201061  0.5046972   5.03675443 -2.42256986  7.47781224
  4.18453295]
2022-09-16 21:52:33,655 mloop.controllers    INFO     cost -0.3914424862741145 +/- 0.0
2022-09-16 21:52:33,656 mloop.controllers    INFO     Run:45 (training)
2022-09-16 21:52:33,657 mloop.controllers    INFO     params [ 1.15090469e+01  1.91000644e+00  5.30023167e+00  4.53748265e+00
  1.36917756e+01  5.53950613e-02  1.26324667e-01  8.00141019e-02
  1.10482525e-02  7.96770734e-02  6.01983523e+00 -2.53300948e+00
  5.62323609e+00  5.30790134e+00  2.89530311e+00  7.40885068e+00
 -3.32490704e+00 -2.72464961e+00  2.89607358e+00  2.67586604e+00
 -2.03626887e+00  1.31528870e+00  4.38675221e+00  7.43387475e+00
 -5.92039978e+00]
2022-09-16 21:53:34,629 mloop.controllers    INFO     cost -0.10954565652368635 +/- 0.0
2022-09-16 21:53:34,629 mloop.controllers    INFO     Run:46 (training)
2022-09-16 21:53:34,630 mloop.controllers    INFO     params [14.72624461  3.85571146  6.72666231  9.22915783  7.44636563  0.05935481
  0.14266292  0.05417403  0.06525506  0.07265246 -2.97050681  7.89175351
 -3.02968692 -7.12545732  3.78443125 -6.1923043  -6.33381564 -7.94714277
  6.18761868 -5.79678953 -5.8477812  -0.83753906 -5.99717932 -6.31470047
 -3.46987981]
2022-09-16 21:54:37,766 mloop.controllers    INFO     cost -0.04853624252560775 +/- 0.0
2022-09-16 21:54:37,767 mloop.controllers    INFO     Run:47 (training)
2022-09-16 21:54:37,768 mloop.controllers    INFO     params [ 1.99808296e+01  1.94064724e+01  9.04375637e+00  1.99598950e+01
  1.63954074e+01  1.85234362e-01  1.32147256e-01  6.79228816e-03
  1.23083959e-01  1.12246644e-01  5.50432362e+00 -2.68264612e+00
 -3.64262799e+00 -1.97743820e+00  5.84693884e+00 -6.25398186e+00
 -5.91897967e+00 -6.83681769e+00 -7.63796134e+00  1.26662271e+00
  3.92099034e-01  4.19078711e+00  3.89219302e+00 -3.11181293e+00
 -3.58264383e+00]
2022-09-16 21:55:43,364 mloop.controllers    INFO     cost -0.011819721172391778 +/- 0.0
2022-09-16 21:55:43,364 mloop.controllers    INFO     Run:48 (training)
2022-09-16 21:55:43,365 mloop.controllers    INFO     params [18.3215133   3.44344598 11.59644998 16.21913962 16.56653618  0.14543091
  0.11297299  0.11971173  0.03858554  0.1491141  -3.47618713  7.87177419
 -6.83206021  7.6325148   6.21310104 -1.91965953 -4.51550209  0.7664226
 -6.06244219 -2.02740348  3.8955436  -0.34119168 -3.00340049  1.07045533
  7.18277055]
2022-09-16 21:56:53,179 mloop.controllers    INFO     cost -0.0322346957334795 +/- 0.0
2022-09-16 21:56:53,179 mloop.controllers    INFO     Run:49 (training)
2022-09-16 21:56:53,180 mloop.controllers    INFO     params [ 3.88567107e+00  9.87828695e+00  1.91088686e+01  1.38003167e+01
  1.46910258e+01  1.97732390e-01  4.51835977e-02  1.01171592e-01
  1.28419137e-01  1.81263711e-02  5.79578229e+00  7.46718400e+00
  4.24098562e+00 -3.97678577e-01  6.32881183e+00  5.14964767e+00
 -6.61103441e-01 -3.64354659e+00  2.90706419e-01 -6.07580531e+00
  5.37609780e+00 -6.46413129e+00 -9.69119555e-02 -7.00901522e+00
 -7.42167265e+00]
2022-09-16 21:58:04,566 mloop.controllers    INFO     cost -0.027058010112504527 +/- 0.0
2022-09-16 21:58:04,566 mloop.controllers    INFO     Run:50 (training)
2022-09-16 21:58:04,567 mloop.controllers    INFO     params [ 4.72862056 11.9493304   1.98253507  2.95393907 13.96402489  0.19932868
  0.08290277  0.14403961  0.03824047  0.05045009  1.62054348 -4.10202295
 -1.55075986 -3.94029403 -1.31380455  4.41548793  7.47809227  7.71899234
  5.58897981 -3.60990505 -5.98187668 -0.28892991 -5.01220069  7.45958887
  4.23777892]
2022-09-16 21:58:58,647 mloop.controllers    INFO     cost -0.1142272249215534 +/- 0.0
2022-09-16 21:58:58,648 mloop.controllers    INFO     Run:51 (training)
2022-09-16 21:58:58,649 mloop.controllers    INFO     params [17.3591075  14.43662624 16.86362958 12.12189828 11.50149441  0.12482989
  0.19265616  0.17067825  0.06149407  0.14198944 -2.87357372 -7.79087232
 -5.68609218 -0.13274756  1.59249661 -2.89087533 -4.01527572 -5.45384772
 -1.15654904 -7.40397079  7.52934183 -6.68644614 -3.86370703 -5.97892297
 -3.20231422]
2022-09-16 22:00:03,397 mloop.controllers    INFO     cost -0.01601987731567969 +/- 0.0
2022-09-16 22:00:03,398 mloop.controllers    INFO     Run:52 (training)
2022-09-16 22:00:03,399 mloop.controllers    INFO     params [14.68051835 19.77822554  3.60401607 12.09769878  8.66310673  0.04655807
  0.16355583  0.1842681   0.08772622  0.02094527  0.52457519  5.60186582
  4.49446485 -4.59844292  1.12691418 -3.45153468  7.14543885  2.7127186
  4.99926108  6.44200709 -2.31389421 -6.78854418 -0.88511604 -4.06390261
 -7.805274  ]
2022-09-16 22:01:07,362 mloop.controllers    INFO     cost -0.03286446359706198 +/- 0.0
2022-09-16 22:01:07,362 mloop.controllers    INFO     Run:53 (training)
2022-09-16 22:01:07,364 mloop.controllers    INFO     params [12.91148927 13.39599254 12.47448097  3.36431597  8.19337951  0.14070354
  0.04354075  0.11788855  0.07926902  0.03258336  1.22589039  6.31270107
 -3.11222378  6.28024103  5.93825531 -0.50932949 -2.69443019 -7.45353392
 -1.92860674  3.07651005  3.93495618 -0.45671339 -4.63018991 -4.07999496
  4.47967664]
2022-09-16 22:02:10,226 mloop.controllers    INFO     cost -0.08111498792735203 +/- 0.0
2022-09-16 22:02:10,226 mloop.controllers    INFO     Run:54 (training)
2022-09-16 22:02:10,227 mloop.controllers    INFO     params [ 1.63332770e+01  5.15247336e+00  1.37316223e+01  5.06948795e+00
  1.57406238e+01  6.76529995e-02  1.31479104e-01  6.20772571e-02
  8.23521917e-02  4.41345099e-03 -2.74350518e+00 -2.33961192e+00
 -4.17283504e+00  6.14115257e-01  2.30096082e+00  7.13364855e+00
  4.27065435e+00  4.65986582e+00 -2.30039433e+00  6.09206732e+00
 -5.71437263e-01 -3.98745103e-01  6.18342564e+00 -5.48137137e+00
  2.10951428e+00]
2022-09-16 22:03:15,373 mloop.controllers    INFO     cost -0.03450304543570984 +/- 0.0
2022-09-16 22:03:15,374 mloop.controllers    INFO     Run:55 (training)
2022-09-16 22:03:15,375 mloop.controllers    INFO     params [ 9.63573564  3.79460466  4.11809947 14.02090812 10.04537383  0.07693112
  0.05362527  0.17227553  0.0303872   0.194228    5.17961209 -6.68630712
  0.87729223 -7.26425896 -2.07632878  2.01507858  6.62677384 -4.87246086
 -2.03000007 -7.11368933 -4.59452744 -5.58834341 -4.43983662  4.60311371
 -3.44138285]
2022-09-16 22:04:19,350 mloop.controllers    INFO     cost -0.1253814045559394 +/- 0.0
2022-09-16 22:04:19,351 mloop.controllers    INFO     Run:56 (training)
2022-09-16 22:04:19,352 mloop.controllers    INFO     params [ 4.35103500e+00  1.83531883e+01  1.22514593e+01  5.27170600e+00
  4.80153031e+00  1.94188485e-01  2.96123168e-03  8.56010845e-02
  1.68488488e-01  1.97303935e-04 -2.13570563e+00 -7.57619479e-01
 -2.60954162e+00 -9.72031718e-01 -6.96387090e+00  6.80209832e-01
  2.13832462e+00 -5.84946989e+00 -1.80918739e+00  5.99602018e-01
 -4.01141398e+00 -1.08642915e+00  7.09604828e+00 -4.02995898e+00
 -2.06823429e+00]
2022-09-16 22:05:32,671 mloop.controllers    INFO     cost -0.023487537662486534 +/- 0.0
2022-09-16 22:05:32,671 mloop.controllers    INFO     Run:57 (training)
2022-09-16 22:05:32,673 mloop.controllers    INFO     params [ 4.988359   19.64954215 10.44256627 18.01806488 13.56280986  0.13442929
  0.14730972  0.12206706  0.08000834  0.04239519  7.73083033  7.03362126
 -6.93297711  0.4318669   3.88440997  0.31526391  5.00932742 -4.04764658
  0.36498395 -7.00502613  4.4953129  -1.64226265 -1.12239151  6.22040547
 -6.38377854]
2022-09-16 22:06:38,647 mloop.controllers    INFO     cost -0.019913625791717234 +/- 0.0
2022-09-16 22:06:38,648 mloop.controllers    INFO     Run:58 (training)
2022-09-16 22:06:38,649 mloop.controllers    INFO     params [ 6.48060823e+00  4.10418754e+00  1.86551987e+01  6.53669652e+00
  1.90834237e+01  5.79351203e-03  1.77425750e-01  1.67621890e-01
  1.03337187e-01  1.27061702e-01 -2.89803887e+00 -3.31365701e+00
  1.17294614e+00 -4.99209009e-01 -2.69309988e+00 -6.67343287e+00
 -3.19276607e+00 -2.41453887e+00  2.45638940e+00 -4.03857942e+00
  1.79275366e+00  7.49051578e+00  6.86310644e+00 -5.64029600e+00
 -6.78119130e+00]
2022-09-16 22:07:46,180 mloop.controllers    INFO     cost -0.03101778072697202 +/- 0.0
2022-09-16 22:07:46,180 mloop.controllers    INFO     Run:59 (training)
2022-09-16 22:07:46,181 mloop.controllers    INFO     params [ 1.08710901e+01  8.14180891e+00  1.09654519e+01  1.08023785e+01
  1.71164043e+01  5.33954698e-02  1.03622047e-01  1.15041215e-01
  4.95551241e-03  4.85101690e-02 -3.61904296e+00 -5.50555969e+00
 -2.91330325e+00 -5.49935441e+00  1.43101210e+00  7.97726082e+00
 -7.29772813e+00 -3.57713230e-01  3.53416683e+00 -5.93633730e+00
 -3.49353820e+00  6.01729580e+00 -4.20263256e+00 -5.33630876e+00
  6.38107094e+00]
2022-09-16 22:09:02,532 mloop.controllers    INFO     cost -0.024270189150766792 +/- 0.0
2022-09-16 22:09:02,532 mloop.controllers    INFO     Run:60 (training)
2022-09-16 22:09:02,535 mloop.controllers    INFO     params [ 1.57657980e+01  1.33880410e+01  1.35112578e+01  1.29806758e+01
  1.79367049e+01  8.93747584e-02  1.69855286e-01  1.68710600e-01
  1.00710233e-01  1.38505854e-02  6.91536338e-01  6.81276968e+00
  7.88086951e+00  7.76007924e+00  2.03540777e+00  3.82153241e+00
 -1.29121306e+00 -7.22464462e+00 -1.84766547e+00 -7.75047703e+00
  6.07157807e+00 -2.04752783e+00  2.87040992e+00 -3.70591108e-01
  7.14604268e+00]
2022-09-16 22:10:10,038 mloop.controllers    INFO     cost -0.016108393358176338 +/- 0.0
2022-09-16 22:10:10,038 mloop.controllers    INFO     Run:61 (training)
2022-09-16 22:10:10,039 mloop.controllers    INFO     params [ 3.09410643e+00  1.88568307e+01  1.79887631e+01  1.46941783e+01
  2.19369326e+00  5.17723375e-03  1.93222449e-02  1.21317340e-01
  4.73054060e-02  2.82495494e-02  2.37313872e+00 -4.78027068e+00
  4.37495495e+00  6.58312574e+00 -7.44572437e-01 -2.38931924e+00
  2.81952942e-02  5.96715577e+00  2.10048756e+00 -3.13585547e+00
 -2.64573888e+00 -4.19292741e+00 -1.72090240e+00 -1.72623543e+00
 -2.63736942e+00]
2022-09-16 22:11:02,738 mloop.controllers    INFO     cost 0.0 +/- 0.0
2022-09-16 22:11:02,738 mloop.controllers    INFO     Run:62 (training)
2022-09-16 22:11:02,740 mloop.controllers    INFO     params [ 7.37239721 19.76183533 10.14113431 16.52270633  4.14338612  0.12072075
  0.1241698   0.16303792  0.09024436  0.11212838 -6.58574832 -0.87037045
  7.02016206  4.00394258  1.22347077  4.9729117   0.25895496  2.31915774
  6.09199871 -2.5919826  -6.84008374  0.59201304 -3.28217248  6.56249348
  4.38642253]
2022-09-16 22:12:08,749 mloop.controllers    INFO     cost -0.02705665766199872 +/- 0.0
2022-09-16 22:12:08,750 mloop.controllers    INFO     Run:63 (training)
2022-09-16 22:12:08,751 mloop.controllers    INFO     params [ 8.90189516 15.12358131 10.04437151 19.65222773 16.71484907  0.10088873
  0.1952387   0.07101865  0.16943801  0.17028695  0.36197806  2.14395581
  2.6135369  -5.38861816  1.8321233   7.43066624 -5.3776419   4.91066464
  3.74036255  4.45094088 -7.85841112 -3.83240609 -6.2278046  -1.98847002
  4.67942601]
2022-09-16 22:13:13,619 mloop.controllers    INFO     cost -0.017109723957418343 +/- 0.0
2022-09-16 22:13:13,619 mloop.controllers    INFO     Run:64 (training)
2022-09-16 22:13:13,620 mloop.controllers    INFO     params [17.95156258 19.16567196  3.03536987  7.67880524 17.92246398  0.16282563
  0.12175252  0.03609204  0.13604212  0.11638847 -2.45086719  6.99565146
 -5.95450356  0.88784738 -0.33520644 -6.83992149  4.75327717 -2.38622783
  0.95955147  2.69823232  5.88173942  4.21426479  3.2616115  -1.36575898
 -1.64256706]
2022-09-16 22:14:22,197 mloop.controllers    INFO     cost -0.04520410450419249 +/- 0.0
2022-09-16 22:14:22,197 mloop.controllers    INFO     Run:65 (training)
2022-09-16 22:14:22,198 mloop.controllers    INFO     params [14.28476309 16.71372844 19.86516552 15.19320736 11.74759045  0.1786527
  0.09682476  0.11965381  0.11151495  0.11321281 -2.36818976 -0.92059784
 -5.57600594 -0.34141161 -0.71833027 -3.83189097 -6.3315614  -1.0183298
  3.62277937  0.92254625 -5.34166376 -3.10494691 -4.09343622 -6.50753526
  5.82251509]
2022-09-16 22:15:29,387 mloop.controllers    INFO     cost -0.012969940131956263 +/- 0.0
2022-09-16 22:15:29,387 mloop.controllers    INFO     Run:66 (training)
2022-09-16 22:15:29,388 mloop.controllers    INFO     params [ 6.23596806 16.94916796 18.06950029  6.48211393 18.25568753  0.03362626
  0.06206289  0.02946247  0.04520676  0.01833354  5.57158163  2.67379495
  3.35248384 -6.04879613  0.67912973  0.26553817  1.07088646 -1.49600464
  2.12451568  0.1138123  -3.83714414 -7.82905092 -3.53543438  5.26717259
 -3.42533015]
2022-09-16 22:16:34,239 mloop.controllers    INFO     cost -0.01886720827623303 +/- 0.0
2022-09-16 22:16:34,240 mloop.controllers    INFO     Run:67 (training)
2022-09-16 22:16:34,241 mloop.controllers    INFO     params [ 1.79920168e+01  2.40470967e+00  3.00471974e+00  6.43860698e+00
  8.01814331e+00  7.36903265e-02  1.46485276e-01  3.51697984e-02
  3.45184228e-03  1.83805507e-01 -2.13762399e+00  3.49847753e+00
  2.28866386e+00  4.03980055e-01  4.62576061e+00 -7.33739403e+00
  2.42827211e+00  2.04318903e+00  2.66726587e+00  5.03068825e+00
  1.21567827e+00 -3.57334790e+00 -1.16032852e+00 -7.11394501e+00
  2.61102177e+00]
2022-09-16 22:17:43,028 mloop.controllers    INFO     cost -0.05996705147971936 +/- 0.0
2022-09-16 22:17:43,028 mloop.controllers    INFO     Run:68 (training)
2022-09-16 22:17:43,029 mloop.controllers    INFO     params [ 3.9647251  19.80537336 19.22331675  9.51262408 10.47209755  0.07766548
  0.1419307   0.15877578  0.0641168   0.04368493  5.99850375 -5.05131696
  5.50369142  2.95322883 -2.30126159 -1.63548538 -7.38094148 -3.79206861
  3.93538131  6.91135443  5.71600072 -0.63399432  7.94654821 -7.12548014
 -2.06708985]
2022-09-16 22:18:48,100 mloop.controllers    INFO     cost -0.024680324516169357 +/- 0.0
2022-09-16 22:18:48,100 mloop.controllers    INFO     Run:69 (training)
2022-09-16 22:18:48,101 mloop.controllers    INFO     params [ 1.98335055e+01  1.17798675e+01  5.70272808e+00  1.57687623e+01
  1.36580377e+01  3.11055036e-03  1.20984408e-01  7.99291135e-02
  8.79873402e-02  3.55192714e-04  4.00001289e+00 -1.69702530e+00
 -5.70078987e-01  7.23843354e+00  5.86496780e-01  3.51610600e+00
 -7.62768720e+00 -6.01733565e+00  2.45910803e+00  3.42218128e+00
  2.46349093e+00 -7.61064010e+00  2.81506657e+00  7.98922524e-01
 -2.71090696e-01]
2022-09-16 22:19:53,924 mloop.controllers    INFO     cost -0.03492640587413569 +/- 0.0
2022-09-16 22:19:53,925 mloop.controllers    INFO     Run:70 (training)
2022-09-16 22:19:53,925 mloop.controllers    INFO     params [17.57152923  8.59494913  5.66605863  2.2466459   8.81858837  0.19803305
  0.09934208  0.19232299  0.14253703  0.02594317 -7.46912627  7.66731615
  7.33339224 -6.49193912 -2.35001718 -7.56036504 -7.60651466  4.59574389
  6.59470233  3.37958631  7.30263403  1.29797771 -3.15762307 -3.96528361
 -4.97361696]
2022-09-16 22:20:52,850 mloop.controllers    INFO     cost -0.9854475887022209 +/- 0.0
2022-09-16 22:20:52,850 mloop.controllers    INFO     Run:71 (training)
2022-09-16 22:20:52,851 mloop.controllers    INFO     params [ 1.40084130e+01  8.59011276e+00  1.02733348e+01  1.88575223e+00
  1.23216290e+01  1.60568530e-01  3.65972381e-03  2.04374550e-02
  4.19882882e-02  1.18745190e-01 -3.22567125e+00  4.12143318e+00
  8.37206444e-01  5.04776229e+00  8.65618043e-01 -8.04740136e-03
 -4.57788536e+00  5.58684396e+00 -1.99945278e+00 -2.08813486e+00
 -3.77296361e+00 -7.49839572e+00 -5.80953975e+00 -5.10439344e+00
 -6.18331601e+00]
2022-09-16 22:21:47,893 mloop.controllers    INFO     cost -0.04851439724103214 +/- 0.0
2022-09-16 22:21:47,893 mloop.controllers    INFO     Run:72 (training)
2022-09-16 22:21:47,895 mloop.controllers    INFO     params [ 1.44300396e+01  1.85889126e+01  1.53354681e+01  1.83380062e+00
  1.28595599e+01  1.41665167e-03  5.25264974e-02  4.53764720e-02
  1.06423770e-01  1.37068718e-01 -6.74544682e+00 -5.77992396e+00
  2.73682078e+00 -7.53672913e+00  5.68225183e+00  6.85405893e+00
 -4.64792287e+00 -7.89400055e+00  6.15818685e+00 -3.50813125e+00
  7.58450120e+00  6.36682266e+00  5.61322441e+00  5.03193383e+00
  2.26844701e+00]
2022-09-16 22:22:41,604 mloop.controllers    INFO     cost -0.876019122693606 +/- 0.0
2022-09-16 22:22:41,605 mloop.controllers    INFO     Run:73 (training)
2022-09-16 22:22:41,606 mloop.controllers    INFO     params [ 5.17463513e+00  4.95575922e+00  6.44170257e+00  2.29282349e+00
  1.81922910e+01  1.19160870e-01  1.41351751e-01  1.43342260e-03
  1.90484172e-01  4.48301791e-02 -7.93278196e+00  4.56783942e+00
  5.89078394e-01  7.08467207e+00 -5.16315968e+00 -1.79788797e+00
  7.98654325e+00 -6.59522596e+00 -2.16869657e+00  3.82472816e+00
  3.71750008e+00  3.33936880e+00  6.51205988e+00  6.61848104e+00
 -1.23860739e+00]
2022-09-16 22:23:37,900 mloop.controllers    INFO     cost -0.3541280227929982 +/- 0.0
2022-09-16 22:23:37,901 mloop.controllers    INFO     Run:74 (training)
2022-09-16 22:23:37,902 mloop.controllers    INFO     params [11.23500586  8.3084782  10.47602539  4.82000604  9.14520462  0.03186864
  0.08980391  0.07034146  0.01943901  0.16058368 -4.79048645  2.28838188
  4.71869808 -7.62950132 -1.13317248 -3.53780005  6.67783598  2.71294843
  3.974544   -1.63104031  2.73358434  2.01924714  7.7381074  -2.88525057
  6.20166201]
2022-09-16 22:24:45,110 mloop.controllers    INFO     cost -0.06051088263942983 +/- 0.0
2022-09-16 22:24:45,110 mloop.controllers    INFO     Run:75 (training)
2022-09-16 22:24:45,111 mloop.controllers    INFO     params [10.39696799 16.57199347  4.78791329  3.17864092  2.45044292  0.14549762
  0.18046606  0.07496924  0.18731875  0.09381056  3.62985441  6.62417114
  6.36212009  5.00348491  5.09305078  4.46635506 -4.93000881  5.70073798
  6.30595728  7.08952251 -5.38593565 -0.04412806  7.58141352  5.05698346
  3.80257144]
2022-09-16 22:25:45,809 mloop.controllers    INFO     cost -0.9466603958918693 +/- 0.0
2022-09-16 22:25:45,809 mloop.controllers    INFO     Run:76 (training)
2022-09-16 22:25:45,810 mloop.controllers    INFO     params [ 6.11497869  9.25184087  5.62570756  6.06373319 15.40055019  0.11921097
  0.03406627  0.06482292  0.07709978  0.17954614 -2.91178471  4.33066014
  4.34386435  2.3071709  -2.53832413 -4.21863092 -1.28216445 -7.21426251
 -4.12008176 -5.5245515  -1.86467834  1.08280761 -3.36911374 -7.68710886
 -2.1972706 ]
2022-09-16 22:27:04,270 mloop.controllers    INFO     cost -0.04774512344366222 +/- 0.0
2022-09-16 22:27:04,270 mloop.controllers    INFO     Run:77 (training)
2022-09-16 22:27:04,271 mloop.controllers    INFO     params [ 1.86385902e+01  1.50466221e+01  3.77231567e+00  5.13340553e+00
  1.36649306e+01  1.35600275e-01  6.69962876e-02  1.12921007e-02
  1.49588671e-01  1.75642874e-02  2.86712878e+00 -4.53426942e+00
 -4.94146873e+00 -4.20712941e+00 -7.02398790e+00  3.12537766e+00
 -2.05421763e+00  6.89772286e+00  5.26007757e-01  6.77629563e+00
  4.93855879e+00 -2.24667746e+00  9.07179301e-01  1.63884776e+00
 -2.40748811e+00]
2022-09-16 22:28:03,012 mloop.controllers    INFO     cost -0.01611777767448862 +/- 0.0
2022-09-16 22:28:03,012 mloop.controllers    INFO     Run:78 (training)
2022-09-16 22:28:03,013 mloop.controllers    INFO     params [19.01494358  4.19327177  7.09316625 14.09346209 10.2166053   0.04734857
  0.16864064  0.02607804  0.18890218  0.06631562 -0.40040224 -0.86935029
  2.13114712 -0.59210655 -1.00400566  7.0243916   4.28852537 -7.17359236
 -0.55598293  3.61974965  1.92966827  1.6016478   5.57389018 -5.97412414
 -4.51407341]
2022-09-16 22:29:11,220 mloop.controllers    INFO     cost -0.03673726111077796 +/- 0.0
2022-09-16 22:29:11,220 mloop.controllers    INFO     Run:79 (training)
2022-09-16 22:29:11,221 mloop.controllers    INFO     params [18.61808636 15.08422987  7.37097804  9.00409502 13.87175099  0.1316182
  0.08550799  0.13834678  0.12327386  0.04561863 -0.3884548   1.1839762
 -2.84766111  6.8449556   2.98321163 -5.46003619 -6.73493215 -5.11777699
  2.5122331  -5.34837967 -0.17582777 -4.75687827  3.51322643  4.87936783
 -1.14622453]
2022-09-16 22:30:17,315 mloop.controllers    INFO     cost -0.02992678443182959 +/- 0.0
2022-09-16 22:30:17,316 mloop.controllers    INFO     Run:80 (training)
2022-09-16 22:30:17,317 mloop.controllers    INFO     params [ 1.76896400e+01  1.35721728e+01  1.95849051e+01  1.39231235e+01
  1.96173871e+01  1.75280886e-01  9.60411001e-03  7.97413927e-02
  9.83987763e-02  1.38028648e-01 -5.32698857e-01  5.25050591e+00
 -7.03906085e-01  3.60090282e+00 -6.15094034e+00  9.65388792e-01
  4.29239044e+00 -3.29454523e-01  3.93402785e+00 -1.73428881e-01
  6.92814887e+00  5.43032821e+00 -2.83595659e-01  4.70224073e+00
 -6.48113178e+00]
2022-09-16 22:31:22,748 mloop.controllers    INFO     cost -0.01312151042791693 +/- 0.0
2022-09-16 22:31:22,749 mloop.controllers    INFO     Run:81 (training)
2022-09-16 22:31:22,750 mloop.controllers    INFO     params [ 1.29896582e+01  1.56652415e+01  1.35888145e+01  1.66079640e+01
  9.50800094e+00  5.38097525e-02  5.45327426e-02  1.31768049e-01
  1.90818254e-01  1.27474699e-02  3.63553261e+00  1.09215799e+00
 -5.33547697e-01 -8.43509634e-01  2.37688512e+00  3.79875454e+00
 -2.16187108e+00 -3.92270096e+00 -1.71639177e+00 -5.00469632e+00
 -1.59324866e+00  2.23186146e+00  5.38144440e+00  4.16918348e+00
 -7.66456101e+00]
2022-09-16 22:32:28,922 mloop.controllers    INFO     cost -0.014648625156264382 +/- 0.0
2022-09-16 22:32:28,922 mloop.controllers    INFO     Run:82 (training)
2022-09-16 22:32:28,923 mloop.controllers    INFO     params [ 5.77140321  2.59884239 11.9740194  12.82572732  3.97363502  0.16595225
  0.14406119  0.15417651  0.06649525  0.10322652 -7.29329468  5.8839272
 -2.51806986 -6.7775458   1.81509019  4.30371387  6.53365717  5.5171399
 -3.08376854  2.7027004  -2.19938302 -4.18156461  7.10523509 -7.12085242
 -5.74025961]
2022-09-16 22:33:32,431 mloop.controllers    INFO     cost -0.22986568119235543 +/- 0.0
2022-09-16 22:33:32,431 mloop.controllers    INFO     Run:83 (training)
2022-09-16 22:33:32,433 mloop.controllers    INFO     params [ 5.50246707e+00  1.99081026e+01  4.02358188e+00  4.57250588e+00
  4.48807794e+00  1.64193760e-01  6.14039494e-03  5.35353351e-02
  1.40642302e-02  3.90048982e-02 -7.72048947e+00  2.72105959e+00
 -7.12157125e+00  2.24572126e+00 -2.01896893e+00 -6.62308903e+00
 -1.56569429e+00  3.44529316e+00 -1.92988779e+00 -2.48133169e-02
 -2.68578964e-01 -4.87296033e+00  2.42730968e+00 -7.61075138e+00
 -9.83072094e-02]
2022-09-16 22:34:36,728 mloop.controllers    INFO     cost -0.07923400381845999 +/- 0.0
2022-09-16 22:34:36,728 mloop.controllers    INFO     Run:84 (training)
2022-09-16 22:34:36,729 mloop.controllers    INFO     params [ 7.57389454e+00  1.54964738e+01  1.17489960e+01  2.60934624e+00
  2.50999482e+00  2.98316578e-02  1.27133963e-03  1.72250391e-01
  2.44019607e-02  1.21932636e-01 -4.16183201e+00  5.39798238e+00
 -4.39451863e+00 -6.00287498e+00  4.80773222e+00  1.44710152e+00
  5.02722722e+00 -4.53106134e+00  3.66383426e+00 -1.76058225e+00
  2.64386424e+00  5.41681042e+00  7.01506786e+00  5.57329692e+00
  3.99326605e+00]
2022-09-16 22:35:40,038 mloop.controllers    INFO     cost -0.27940311093906645 +/- 0.0
2022-09-16 22:35:40,038 mloop.controllers    INFO     Run:85 (training)
2022-09-16 22:35:40,039 mloop.controllers    INFO     params [15.38074946  7.13025118  1.83039168  2.11943761  5.67690205  0.11249601
  0.11325511  0.11148735  0.06255449  0.02848362  5.95443314 -3.72579183
  2.10104092 -2.21634163 -2.38420903 -7.9424877  -2.92682121 -1.6161619
 -4.58578182 -7.47145014 -2.01411322 -3.95094334 -3.17068859  5.5365361
 -6.89311474]
2022-09-16 22:36:30,453 mloop.controllers    INFO     cost -2.404485066296117e-120 +/- 0.0
2022-09-16 22:36:30,453 mloop.controllers    INFO     Run:86 (training)
2022-09-16 22:36:30,454 mloop.controllers    INFO     params [ 9.04884648 18.95614904  7.41050837  5.60497512 11.21824449  0.07522127
  0.16656806  0.16897223  0.07299585  0.05484959  3.60366017  3.89741672
 -7.70570663  0.32835614  1.00721955 -3.05308483 -4.66097415 -6.72553652
 -7.16301579 -6.13932263 -7.72341852 -5.51573576 -3.38686044  6.38623506
  0.18188078]
2022-09-16 22:37:38,506 mloop.controllers    INFO     cost -0.052071961931174894 +/- 0.0
2022-09-16 22:37:38,506 mloop.controllers    INFO     Run:87 (training)
2022-09-16 22:37:38,507 mloop.controllers    INFO     params [ 1.68557532e+01  1.75568836e+01  3.69837853e+00  1.82536273e+01
  1.58411921e+01  1.13558711e-01  4.98584930e-03  1.45287097e-01
  6.63183386e-02  1.83321652e-01 -2.88815903e-01 -5.95884255e-01
 -4.91517299e+00  3.35829450e+00 -7.89899305e+00 -5.57004638e+00
 -2.00605315e+00  4.63695085e+00 -4.05191838e+00 -7.80551443e-01
  1.39113688e+00 -7.60545206e+00  3.06501621e+00  7.13520342e+00
 -1.75658523e-01]
2022-09-16 22:38:49,844 mloop.controllers    INFO     cost -0.037507840844271424 +/- 0.0
2022-09-16 22:38:49,844 mloop.controllers    INFO     Run:88 (training)
2022-09-16 22:38:49,845 mloop.controllers    INFO     params [ 1.90954151e+01  1.79071688e+01  5.60535762e+00  9.64202603e+00
  1.07571461e+01  1.38362203e-03  2.41337080e-02  1.66026182e-02
  1.98800551e-01  1.82160294e-01 -1.53736012e+00  3.76413068e+00
  2.37868445e+00  3.96800997e+00  4.92071060e+00  3.78319681e+00
  1.08350934e+00  4.86266948e-01  5.07311779e+00  4.63044030e+00
 -4.35298530e+00  4.54454876e+00  2.14762655e+00  6.99054039e+00
 -5.83549054e+00]
2022-09-16 22:40:02,028 mloop.controllers    INFO     cost -0.02051632344592341 +/- 0.0
2022-09-16 22:40:02,028 mloop.controllers    INFO     Run:89 (training)
2022-09-16 22:40:02,029 mloop.controllers    INFO     params [ 1.53959582e+01  5.76615376e+00  1.39349531e+01  1.31110662e+01
  4.45955396e+00  5.35565513e-02  1.38820884e-02  1.88246935e-02
  2.84022914e-02  1.04504228e-01 -7.80387605e+00 -1.41715624e+00
 -6.48192870e+00  4.20319134e+00  9.19022133e-01  4.05745616e+00
 -4.28207105e+00 -6.62681050e+00 -3.65382314e+00  4.77035130e+00
 -2.47820712e+00 -1.49393414e+00 -4.06770681e+00 -3.18449631e+00
  7.58959956e+00]
2022-09-16 22:41:10,675 mloop.controllers    INFO     cost -0.026077952417096324 +/- 0.0
2022-09-16 22:41:10,675 mloop.controllers    INFO     Run:90 (training)
2022-09-16 22:41:10,676 mloop.controllers    INFO     params [13.62885217  7.0802667  11.4099668   2.79242081  8.31846222  0.10549929
  0.06429841  0.18100671  0.01522766  0.0734392  -1.42774708  6.15188969
  5.3890062  -4.49283679 -1.89707289  7.78779386 -7.45088706  0.82872033
 -5.4309868   2.61477796  2.94391583  7.32234559  5.00068278 -2.60068832
  7.83420309]
2022-09-16 22:42:14,973 mloop.controllers    INFO     cost -0.12364176760809263 +/- 0.0
2022-09-16 22:42:14,973 mloop.controllers    INFO     Run:91 (training)
2022-09-16 22:42:14,974 mloop.controllers    INFO     params [ 6.57815004 17.75932634 19.58979875 14.44498268 19.37426808  0.08433719
  0.05843918  0.05544309  0.13289228  0.15100691  5.00525054 -2.74890954
  5.88266936  1.45698435 -2.68466279 -2.71017424 -7.81064006  7.45546936
 -6.58506417 -3.6020585  -2.39292125 -1.20863275 -5.56224875  5.6315994
 -0.71934265]
2022-09-16 22:43:23,287 mloop.controllers    INFO     cost -0.017104201209077 +/- 0.0
2022-09-16 22:43:23,287 mloop.controllers    INFO     Run:92 (training)
2022-09-16 22:43:23,288 mloop.controllers    INFO     params [ 7.62911471  6.0818026  12.60376523  4.02720949 10.67299272  0.17139064
  0.16492673  0.14071886  0.14641373  0.0470625   0.09368108 -0.21928145
 -4.22899739  1.98029223 -6.55169392 -1.27918902 -2.87985234  5.91184035
 -7.14256883  2.19427334 -5.85677172 -1.89767487 -3.11197357 -7.64120252
 -6.85154798]
2022-09-16 22:44:29,812 mloop.controllers    INFO     cost -0.07893008872316833 +/- 0.0
2022-09-16 22:44:29,812 mloop.controllers    INFO     Run:93 (training)
2022-09-16 22:44:29,813 mloop.controllers    INFO     params [ 7.99935969 16.20174233 17.55348058  2.88132179 17.59959703  0.16521044
  0.05190663  0.13758201  0.15611468  0.11406992  2.75418043  6.76226974
 -4.46282293 -6.96270388 -3.73213258  5.79769364 -1.24185399 -4.09569784
 -6.01032298  5.65462256  7.57632441 -6.92464967 -7.45076826 -6.86840141
 -4.01333311]
2022-09-16 22:45:34,583 mloop.controllers    INFO     cost -0.051813149718014206 +/- 0.0
2022-09-16 22:45:34,584 mloop.controllers    INFO     Run:94 (training)
2022-09-16 22:45:34,585 mloop.controllers    INFO     params [ 6.80302017 11.04921123 14.54024917 17.11781414 18.03269958  0.04498622
  0.09391768  0.12310807  0.06671128  0.12087191  2.54285754  1.32164279
 -1.07169458  7.27329042 -6.47623466 -3.40658109  5.59984578 -2.78533094
  1.15200671 -4.48913831 -7.89083973  7.53809684 -6.90664646 -7.61715714
 -4.18763337]
2022-09-16 22:46:39,848 mloop.controllers    INFO     cost -0.01960849043773608 +/- 0.0
2022-09-16 22:46:39,848 mloop.controllers    INFO     Run:95 (training)
2022-09-16 22:46:39,849 mloop.controllers    INFO     params [15.03051817  6.52162007 12.96456108  5.80312036 16.36808614  0.1300736
  0.16999216  0.14750894  0.08613918  0.04635855  1.93303404  2.97425353
 -7.03695108 -4.55572694 -0.7295809  -6.83902936 -1.09764916 -1.41427261
 -4.92839865  3.05343476  1.04707418 -6.53737234 -3.84295492 -2.98364137
  3.70561922]
2022-09-16 22:47:47,175 mloop.controllers    INFO     cost -0.037389604562762684 +/- 0.0
2022-09-16 22:47:47,175 mloop.controllers    INFO     Run:96 (training)
2022-09-16 22:47:47,176 mloop.controllers    INFO     params [ 1.98128546  4.27983336 14.97412118 13.92846816 10.08400201  0.02757179
  0.18728379  0.19414895  0.1461207   0.14357405  1.29726446 -6.26042449
  4.36779474  3.85155072 -2.88200528 -5.78832544 -4.91473512 -4.09982283
  3.74444303  6.99870916 -4.67778861  1.59888089  1.17995159 -3.29982524
  0.37128789]
2022-09-16 22:48:38,072 mloop.controllers    INFO     cost -4.276114959459956 +/- 0.0
2022-09-16 22:48:38,072 mloop.controllers    INFO     Run:97 (training)
2022-09-16 22:48:38,073 mloop.controllers    INFO     params [ 5.53643145  5.67954317 11.53112758 14.72187898 19.43767401  0.04497037
  0.05042443  0.10706465  0.0854563   0.16966969 -6.7383797   7.28748565
 -3.88930509  5.17422351 -7.33689778 -1.98651395  0.98048374  3.81658725
  1.27096905 -6.24173193  0.81182334  7.23276674  3.21689143 -4.312531
  0.92332589]
2022-09-16 22:49:51,548 mloop.controllers    INFO     cost -0.034544586065222586 +/- 0.0
2022-09-16 22:49:51,548 mloop.controllers    INFO     Run:98 (training)
2022-09-16 22:49:51,549 mloop.controllers    INFO     params [10.63901115  3.97343617 17.66195948  8.53288453 16.19906504  0.08492703
  0.19687642  0.04287146  0.15337119  0.12579187  5.24492534  2.28248133
  2.50298293  5.86823993  4.47188355  0.25162075 -0.40476701 -5.32631826
  1.45466329 -4.81810795  0.91915965  3.35223608 -1.74335281 -1.22218354
 -1.05202796]
2022-09-16 22:50:58,646 mloop.controllers    INFO     cost -0.06272517402830552 +/- 0.0
2022-09-16 22:50:58,646 mloop.controllers    INFO     Run:99 (training)
2022-09-16 22:50:58,647 mloop.controllers    INFO     params [ 1.49704297e+01  9.08843911e+00  1.43831090e+01  8.64855394e+00
  1.29208026e+01  2.90719444e-02  3.68169157e-03  1.95892214e-01
  1.33695369e-01  1.94204392e-01  7.60577282e+00 -1.37962300e+00
 -3.86968331e+00  7.25460620e+00  9.55008869e-01 -6.92104361e+00
 -4.15350356e-01 -7.03459942e+00 -1.34096956e+00  7.08464888e+00
  3.24072611e+00 -2.98351579e+00 -2.52406918e+00 -1.07887953e+00
  5.47789663e+00]
2022-09-16 22:52:03,362 mloop.controllers    INFO     cost -0.020383672305661245 +/- 0.0
2022-09-16 22:52:03,362 mloop.controllers    INFO     Run:100 (training)
2022-09-16 22:52:03,363 mloop.controllers    INFO     params [ 6.16478122e+00  1.70276820e+01  1.58053122e+01  6.92957061e+00
  1.87690274e+01  8.12627002e-02  1.83622053e-01  1.99300155e-01
  1.76055286e-01  4.03839559e-02  6.38371187e+00  1.46262508e+00
  7.97475043e+00  3.32302595e+00  1.49746476e+00  7.68302780e-01
  2.09379402e+00 -6.05186329e+00  6.44921551e+00  2.96357172e-03
 -4.51551969e+00  3.03315390e-02  3.84894974e+00 -1.64551012e+00
 -2.44971455e+00]
2022-09-16 22:53:10,383 mloop.controllers    INFO     cost -0.021852917298926175 +/- 0.0
2022-09-16 22:53:10,384 mloop.controllers    INFO     Run:101 (training)
2022-09-16 22:53:10,385 mloop.controllers    INFO     params [ 1.94380973e+01  5.49170745e+00  4.44391361e+00  4.35163425e+00
  1.76404050e+01  9.55290749e-02  1.92826974e-01  1.19103064e-01
  3.88230595e-03  7.59742266e-02  2.24148516e-01  3.88570691e+00
 -9.68795101e-01  3.15652243e+00  1.94376845e+00  6.38315700e+00
 -1.83507192e+00  3.59003712e+00 -4.30026493e+00  3.59575084e+00
  3.92257043e+00 -1.26182877e+00 -5.76941025e+00 -2.26490467e+00
 -6.55584283e+00]
2022-09-16 22:53:10,385 mloop.controllers    DEBUG    Starting ML optimization.
2022-09-16 22:54:25,020 mloop.controllers    INFO     cost -0.07218413145603621 +/- 0.0
2022-09-16 22:54:25,059 mloop.controllers    DEBUG    End training runs.
2022-09-16 22:54:25,059 mloop.controllers    INFO     Run:102 (machine learner)
2022-09-16 22:54:28,008 mloop.controllers    INFO     params [ 1.785       1.785      17.01784455 19.63285474  8.68968659  0.
  0.16604815  0.02262572  0.2         0.2        -8.          8.
 -6.73625093 -8.         -8.         -4.09939428 -4.52860419 -8.
 -8.          5.40736982 -8.          8.         -8.          8.
  8.        ]
2022-09-16 22:55:19,003 mloop.controllers    INFO     cost -86.00383698118807 +/- 0.0
2022-09-16 22:55:19,004 mloop.controllers    INFO     Run:103 (machine learner)
2022-09-16 22:55:19,004 mloop.controllers    INFO     params [ 1.785       1.785      15.62305148 20.         20.          0.
  0.2         0.2         0.16224144  0.2        -8.          8.
  8.         -8.         -0.46231555  8.         -3.50378685 -8.
 -8.          0.29124255 -8.         -8.         -8.          8.
  5.62918216]
2022-09-16 23:09:32,671 mloop.controllers    WARNING  !!! Do not give the interrupt signal again !!! 
 M-LOOP stopped with keyboard interupt or system exit. Please wait at least 1 minute for the threads to safely shut down. 
 
2022-09-16 23:09:32,672 mloop.controllers    WARNING  Closing down controller.
2022-09-16 23:09:32,672 mloop.controllers    DEBUG    ML learner end set.
2022-09-16 23:09:33,034 mloop.controllers    DEBUG    ML learner joined
2022-09-16 23:09:33,034 mloop.controllers    INFO     Machine learning learner did not provide best and/or all minima.
2022-09-16 23:09:33,047 mloop.controllers    DEBUG    Learner end event set.
2022-09-16 23:09:33,047 mloop.controllers    DEBUG    Interface end event set.
2022-09-16 23:09:33,816 mloop.learners.1     DEBUG    Learner end signal received. Ending
2022-09-16 23:09:34,816 mloop.learners.1     DEBUG    Performing shut down of learner.
2022-09-16 23:09:34,816 mloop.learners.1     DEBUG    Ended Random Learner
2022-09-16 23:09:34,816 mloop.controllers    DEBUG    Learner joined.
