2022-09-16 18:52:19,164 mloop                INFO     M-LOOP version 3.3.1
2022-09-16 18:52:19,164 mloop                DEBUG    M-LOOP Logger configured.
2022-09-16 18:52:19,164 mloop.interfaces     DEBUG    Creating interface.
2022-09-16 18:52:19,189 mloop.controllers    DEBUG    Controller init completed.
2022-09-16 18:52:19,190 mloop.learners.1     DEBUG    Learner init completed.
2022-09-16 18:52:19,190 mloop.learners.1     DEBUG    Random learner init completed.
2022-09-16 18:52:19,192 mloop.learners.2     DEBUG    Learner init completed.
2022-09-16 18:52:19,192 mloop.controllers    INFO     Optimization started.
2022-09-16 18:52:19,193 mloop.learners.1     DEBUG    Starting Random Learner
2022-09-16 18:52:19,194 mloop.interfaces     DEBUG    Entering main loop of interface.
2022-09-16 18:52:19,194 mloop.controllers    DEBUG    ML learner started.
2022-09-16 18:52:19,364 mloop.controllers    DEBUG    Starting training optimization.
2022-09-16 18:52:19,364 mloop.controllers    INFO     Run:1 (training)
2022-09-16 18:52:19,366 mloop.controllers    INFO     params [10.    5.    3.    2.3   2.21  0.15  0.1   0.15  0.1   0.05  0.    0.
  0.    0.    0.    0.    0.    0.    0.    0.    0.    0.    0.    0.
  0.  ]
2022-09-16 18:53:29,739 mloop.controllers    INFO     cost -1.6333328851774758 +/- 0.0
2022-09-16 18:53:29,740 mloop.controllers    INFO     Run:2 (training)
2022-09-16 18:53:29,741 mloop.controllers    INFO     params [ 3.54550554e+00  1.53141235e+01  1.70372011e+01  5.77972159e+00
  7.78507409e+00  1.64733146e-01  5.42704467e-02  1.64702641e-01
  4.00673345e-02  1.18104672e-01  2.58744760e+00  6.84101497e-01
  1.74166866e+00  2.72219203e+00  5.40344357e+00  6.07610339e+00
  8.35929958e-03 -3.91704628e+00  2.18086683e+00 -7.62171067e+00
 -6.32487757e+00  2.96556271e+00  4.95215069e+00 -1.59824977e+00
 -1.71625458e+00]
2022-09-16 18:54:21,541 mloop.controllers    WARNING  !!! Do not give the interrupt signal again !!! 
 M-LOOP stopped with keyboard interupt or system exit. Please wait at least 1 minute for the threads to safely shut down. 
 
2022-09-16 18:54:21,541 mloop.controllers    WARNING  Closing down controller.
2022-09-16 18:54:21,542 mloop.controllers    DEBUG    ML learner end set.
2022-09-16 18:54:21,918 mloop.controllers    DEBUG    ML learner joined
2022-09-16 18:54:21,918 mloop.controllers    INFO     Machine learning learner did not provide best and/or all minima.
2022-09-16 18:54:21,918 mloop.controllers    DEBUG    Learner end event set.
2022-09-16 18:54:21,919 mloop.controllers    DEBUG    Interface end event set.
2022-09-16 18:54:22,761 mloop.learners.1     DEBUG    Learner end signal received. Ending
2022-09-16 18:54:23,761 mloop.learners.1     DEBUG    Performing shut down of learner.
2022-09-16 18:54:23,761 mloop.learners.1     DEBUG    Ended Random Learner
2022-09-16 18:54:23,761 mloop.controllers    DEBUG    Learner joined.
2022-09-16 19:04:55,943 mloop.interfaces     DEBUG    Interface ended
