2022-09-18 15:12:50,022 mloop                INFO     M-LOOP version 3.3.1
2022-09-18 15:12:50,022 mloop                DEBUG    M-LOOP Logger configured.
2022-09-18 15:12:50,022 mloop.interfaces     DEBUG    Creating interface.
2022-09-18 15:12:50,023 mloop.controllers    DEBUG    Controller init completed.
2022-09-18 15:12:50,024 mloop.learners.1     DEBUG    Learner init completed.
2022-09-18 15:12:50,025 mloop.learners.2     DEBUG    Learner init completed.
2022-09-18 15:12:50,025 mloop.controllers    INFO     Optimization started.
2022-09-18 15:12:50,029 mloop.interfaces     DEBUG    Entering main loop of interface.
2022-09-18 15:12:50,029 mloop.controllers    DEBUG    ML learner started.
2022-09-18 15:12:50,110 mloop.controllers    DEBUG    Starting training optimization.
2022-09-18 15:12:50,110 mloop.controllers    INFO     Run:1 (training)
2022-09-18 15:12:50,112 mloop.controllers    INFO     params [ 3.58750443e+00  1.26230840e+01  7.95742966e+00  1.32247419e+01
  6.69111047e+00  6.98792783e+00  8.59747532e-02  1.49847378e-02
  1.00609058e-01  1.28568637e-02  3.57158792e-01 -2.80777063e+00
  3.68050547e+00 -5.78875505e+00 -5.47266804e+00 -3.84472332e+00
 -7.02166517e+00 -4.60345352e+00 -1.64168334e+00  6.64974082e+00
  3.06165949e+00  2.12091204e+00  3.90499025e+00 -6.34054721e+00
  5.73596130e+00 -5.50868721e+00]
2022-09-18 15:12:50,235 mloop.controllers    INFO     cost -4.47810304114877 +/- 0.0
2022-09-18 15:12:50,236 mloop.controllers    INFO     Run:2 (training)
2022-09-18 15:12:50,238 mloop.controllers    INFO     params [13.09977341  9.18360549  2.82378931 15.27977686 10.79416522  8.83103772
  0.41210163  0.21294932  0.11386955  0.15179368  0.4650947  -3.08046801
 -5.75238856 -1.44274441 -4.52831513 -0.57639124  2.80538097  3.6913759
 -5.77684799 -4.93015657  2.55732987  6.6614517  -2.4363176  -1.4485413
  6.99370405 -7.0751425 ]
2022-09-18 15:12:50,347 mloop.controllers    INFO     cost -6.060341539664437 +/- 0.0
2022-09-18 15:12:50,347 mloop.controllers    INFO     Run:3 (training)
2022-09-18 15:12:50,349 mloop.controllers    INFO     params [17.26914474 11.28193328 16.7386304  19.40561947  9.6143347   4.17452516
  0.38981565  0.15726629  0.18532991  0.18082361  0.33130719 -1.70582463
  0.87732701 -5.44520155  2.85140057  2.96546595  2.60103319  7.09374898
 -3.69442488  1.33764972 -7.52132993  7.35685802  0.25465092 -5.49362233
  3.33275064  4.95156772]
2022-09-18 15:12:50,466 mloop.controllers    INFO     cost -6.03728275561257 +/- 0.0
2022-09-18 15:12:50,466 mloop.controllers    INFO     Run:4 (training)
2022-09-18 15:12:50,468 mloop.controllers    INFO     params [14.36117952  7.49304266  8.29976493 19.53394805 19.80931825  6.93416588
  0.16364237  0.10487656  0.26719176  0.13963065  0.15054852 -3.4392825
 -4.97027888  5.90484167  5.6888443   5.26597011 -4.37363821  1.04931098
 -1.9101734   6.02460953 -0.49242178  6.93957451 -1.14766493  2.36232309
 -3.22994294  5.40615042]
2022-09-18 15:12:50,586 mloop.controllers    INFO     cost -5.192945509837138 +/- 0.0
2022-09-18 15:12:50,587 mloop.controllers    INFO     Run:5 (training)
2022-09-18 15:12:50,588 mloop.controllers    INFO     params [18.51976292  7.20687497 10.84530328 12.23537966 16.42348693 10.75326344
  0.09593364  0.26406958  0.49352827  0.04462644  0.31403114  4.22125666
  2.07323295  0.59576582 -4.4093146  -7.48322257  5.845135    2.83184206
 -0.04704052  6.56190644  5.79224484 -2.20577386 -7.28930365 -1.05527348
  2.57264627  4.12211037]
2022-09-18 15:12:50,706 mloop.controllers    INFO     cost -7.519142550477436 +/- 0.0
2022-09-18 15:12:50,707 mloop.controllers    INFO     Run:6 (training)
2022-09-18 15:12:50,708 mloop.controllers    INFO     params [ 1.88871727e+01  1.89372208e+01  9.01565827e+00  1.81042004e+01
  6.37855057e+00  8.71842266e+00  3.68728759e-01  4.88517646e-01
  1.28227143e-01  2.20405798e-01  4.66241638e-02 -5.33712713e-01
 -1.24443500e+00 -1.37765257e-02 -3.30287417e+00  4.89618263e+00
  5.30274286e+00 -2.97396061e+00  2.75411809e+00 -5.39403871e+00
  6.74678872e+00 -7.15288492e-01 -2.46712361e+00 -4.47646013e+00
  2.49179321e-01  2.92443211e+00]
2022-09-18 15:12:50,827 mloop.controllers    INFO     cost -7.434333468431995 +/- 0.0
2022-09-18 15:12:50,828 mloop.controllers    INFO     Run:7 (training)
2022-09-18 15:12:50,829 mloop.controllers    INFO     params [ 1.72937090e+01  3.57026687e+00  8.05869262e+00  5.63650272e+00
  7.36341315e+00  7.00438006e+00  2.98534617e-01  2.45467782e-01
  8.94183677e-03  3.89788490e-03  1.07049298e-01 -7.54993414e-01
 -7.25264838e+00 -5.23776298e+00 -7.13825330e+00  6.45252733e+00
  6.11628984e+00  1.08335603e+00 -4.12423643e+00 -3.01619150e+00
  5.35204274e+00 -4.51900226e+00 -9.71742388e-01 -7.86475159e+00
 -1.08059594e+00 -5.87466806e+00]
2022-09-18 15:12:50,949 mloop.controllers    INFO     cost -4.860066716559208 +/- 0.0
2022-09-18 15:12:50,950 mloop.controllers    INFO     Run:8 (training)
2022-09-18 15:12:50,951 mloop.controllers    INFO     params [ 1.97157360e+00  1.42852803e+01  5.14177793e+00  1.83354417e+01
  3.18428770e+00  1.12686262e+01  3.66356369e-01  2.60792098e-01
  2.61742770e-01  5.81735181e-03  4.60671039e-01 -3.00848942e+00
  6.37887429e+00 -1.44160712e+00  4.69079755e+00 -7.83839780e+00
 -3.45603774e+00 -2.34597250e+00  1.13822034e+00  4.96053037e+00
 -6.86013012e-01 -3.47219445e+00 -7.19774776e+00 -4.62369180e+00
  5.26134595e+00 -4.97248821e-01]
2022-09-18 15:12:51,067 mloop.controllers    INFO     cost -5.140982236190463 +/- 0.0
2022-09-18 15:12:51,068 mloop.controllers    INFO     Run:9 (training)
2022-09-18 15:12:51,069 mloop.controllers    INFO     params [17.26684463  5.55602711 16.18299877  5.47965181  5.21658234  7.09002976
  0.06271503  0.27289284  0.4857351   0.26775181  0.18876227  1.9235014
  2.25745021 -6.73485755  5.71929385  7.57352818 -3.18193131 -1.04241539
 -2.39805138  4.89480459  0.08408997  1.26799326 -0.82847375  1.95254146
  2.71162034 -1.38886997]
2022-09-18 15:12:51,188 mloop.controllers    INFO     cost -5.636802690834319 +/- 0.0
2022-09-18 15:12:51,188 mloop.controllers    INFO     Run:10 (training)
2022-09-18 15:12:51,190 mloop.controllers    INFO     params [ 7.54815956  6.94272302  9.19125533  6.6278954  18.74849665  4.05317569
  0.34500354  0.18982145  0.4809865   0.14923451  0.02315258  3.31225644
 -2.04480978  0.08632505 -5.94636467 -2.17617244 -5.12360816 -6.24523231
 -4.20333344  7.58783254 -6.08853843 -0.5517621   1.31188352  2.80198439
 -4.06739519  4.89913973]
2022-09-18 15:12:51,308 mloop.controllers    INFO     cost -6.075034959121393 +/- 0.0
2022-09-18 15:12:51,308 mloop.controllers    INFO     Run:11 (training)
2022-09-18 15:12:51,310 mloop.controllers    INFO     params [ 1.87046016  8.12183348 11.62049919  2.40654301 10.99772102 12.83571342
  0.32885864  0.45715915  0.17237443  0.10550094  0.17570922  1.98056409
  2.95163161 -2.61873151  7.75768139  4.15801194 -7.08947946 -4.80320306
  6.984938    6.20576425 -1.62654092  4.71630474  7.3073105   0.94992928
  6.87537522  1.79645246]
2022-09-18 15:12:51,431 mloop.controllers    INFO     cost -6.3331939361927585 +/- 0.0
2022-09-18 15:12:51,432 mloop.controllers    INFO     Run:12 (training)
2022-09-18 15:12:51,433 mloop.controllers    INFO     params [13.88282527  3.40353735 14.69761629 15.71424001  8.84094872 14.38279951
  0.4589093   0.36333775  0.04602509  0.39798244  0.41277227 -7.8489647
  2.38159703 -7.34373711  6.47783313 -2.89537251 -7.41949944  7.76900449
 -4.48741346  0.53758098  1.50291603 -7.10980332 -5.19550146  1.80647623
 -6.46697503  2.4897853 ]
2022-09-18 15:12:51,550 mloop.controllers    INFO     cost -5.359837660326328 +/- 0.0
2022-09-18 15:12:51,550 mloop.controllers    INFO     Run:13 (training)
2022-09-18 15:12:51,552 mloop.controllers    INFO     params [13.32501597  8.28364214 10.55063443  2.02145577  6.53666682  7.56971721
  0.4738612   0.22869625  0.47829352  0.3467554   0.48096642  5.25112604
  4.17836752 -4.5578181   2.94094839 -6.00004982 -4.84171488 -4.75267501
  6.52611541 -0.5977252   4.09226207 -7.10142528  7.73570314  7.863975
  1.49856241 -0.08505908]
2022-09-18 15:12:51,669 mloop.controllers    INFO     cost -7.461072135694473 +/- 0.0
2022-09-18 15:12:51,670 mloop.controllers    INFO     Run:14 (training)
2022-09-18 15:12:51,671 mloop.controllers    INFO     params [16.8384148  10.84792544  7.2392862   6.13823882 11.13466964  7.51859423
  0.4210475   0.01852486  0.45953915  0.49639287  0.2390428  -6.87472698
 -1.24305723 -4.11491796  0.5053629  -4.44667783  1.13328944 -1.51564626
 -4.60345765  4.39568024 -2.72352494 -3.57658323 -4.99296831  0.30388926
 -2.22771458  7.21122984]
2022-09-18 15:12:51,788 mloop.controllers    INFO     cost -7.994513627756641 +/- 0.0
2022-09-18 15:12:51,789 mloop.controllers    INFO     Run:15 (training)
2022-09-18 15:12:51,790 mloop.controllers    INFO     params [12.48851513  2.62393878  2.04483501  9.40895344 16.15065537 14.33187618
  0.32368589  0.23939936  0.28488929  0.110474    0.02422607  6.35238871
 -4.87789589 -3.32347122  5.95906806  0.1509908  -5.1644662   1.01637681
  6.038045   -6.16526448  7.38196429 -2.78081151  4.55423663 -6.83916127
  7.90276036 -2.48193656]
2022-09-18 15:12:51,908 mloop.controllers    INFO     cost -5.704750433048685 +/- 0.0
2022-09-18 15:12:51,908 mloop.controllers    INFO     Run:16 (training)
2022-09-18 15:12:51,910 mloop.controllers    INFO     params [13.36481411 16.59271624  9.59125199 17.54029928  4.28822333  7.32733932
  0.0185857   0.27605733  0.36239175  0.10092766  0.37110634 -7.88810455
  0.21537445 -4.05932156  6.13407954 -4.17745183 -1.47094858 -0.37005068
 -1.92096698 -7.52082031 -0.9445012  -1.44097184  0.62111311  2.8333461
  1.52167966  0.28552529]
2022-09-18 15:12:52,028 mloop.controllers    INFO     cost -7.421898158076453 +/- 0.0
2022-09-18 15:12:52,029 mloop.controllers    INFO     Run:17 (training)
2022-09-18 15:12:52,030 mloop.controllers    INFO     params [ 1.10150419e+01  1.39229582e+01  1.42118789e+01  2.17185317e+00
  9.09610315e+00  4.37303707e+00  6.81896910e-02  2.78036409e-01
  1.43639890e-01  1.91365277e-01  1.24305534e-02 -5.12459653e+00
 -2.42249646e+00  4.80624194e+00 -2.53601533e+00  4.51969940e+00
  5.22357093e+00  2.52708248e+00  6.51813763e+00 -1.42064290e+00
  3.32896694e+00  3.81240258e-01  6.29136326e+00  1.72206751e-01
  5.99897917e+00 -1.13518317e+00]
2022-09-18 15:12:52,150 mloop.controllers    INFO     cost -7.411675275503229 +/- 0.0
2022-09-18 15:12:52,151 mloop.controllers    INFO     Run:18 (training)
2022-09-18 15:12:52,152 mloop.controllers    INFO     params [ 2.63261673  2.7849427  12.76096091  6.91203817 11.05677736  7.42812833
  0.24672477  0.37482049  0.36105606  0.48057714  0.22927105  1.81793114
 -5.45311859  4.90803571  6.53142592  5.59867588 -7.07218534 -5.97863063
  0.54382459 -6.93840136  2.27907158  2.80173202  7.93233689 -0.3740336
 -0.0268899  -7.21155408]
2022-09-18 15:12:52,270 mloop.controllers    INFO     cost -8.270313889590854 +/- 0.0
2022-09-18 15:12:52,270 mloop.controllers    INFO     Run:19 (training)
2022-09-18 15:12:52,272 mloop.controllers    INFO     params [ 8.37221325  3.26080412  4.59912818  2.22731309  3.29831153 12.3319355
  0.46183663  0.42594244  0.30948383  0.47178177  0.36291438 -3.50685584
  5.07795231 -7.09073364  0.50413412 -0.20528021 -4.41197046 -1.02799195
 -4.63336542  2.88016201  2.51645945 -5.852223    0.3713829   5.54263233
 -3.91661351  6.47619236]
2022-09-18 15:12:52,390 mloop.controllers    INFO     cost -7.461473844950957 +/- 0.0
2022-09-18 15:12:52,390 mloop.controllers    INFO     Run:20 (training)
2022-09-18 15:12:52,392 mloop.controllers    INFO     params [ 1.23005703e+01  9.51075262e+00  1.66930021e+01  5.27347000e+00
  1.85013177e+01  1.40443587e+01  4.86702925e-01  3.52003407e-01
  2.88527125e-01  3.96733887e-01  2.70784074e-03  5.72465348e+00
 -4.38660683e+00 -3.91593872e+00  6.18966143e-02 -4.74000265e-03
  2.94094148e+00 -7.82259706e+00 -5.64939035e+00 -5.58286067e+00
  1.81644819e+00 -8.82021697e-01  8.80053287e-01  4.48780888e+00
 -6.38796626e+00  5.05127045e+00]
2022-09-18 15:12:52,510 mloop.controllers    INFO     cost -6.380542488982603 +/- 0.0
2022-09-18 15:12:52,511 mloop.controllers    INFO     Run:21 (training)
2022-09-18 15:12:52,513 mloop.controllers    INFO     params [ 8.40160770e+00  1.46088675e+01  1.28591823e+01  1.92083291e+01
  1.65264241e+01  1.24786832e+01  9.37709060e-03  8.44499956e-02
  4.05251615e-01  2.70290853e-01  6.43584191e-02  3.61274141e+00
  5.45308148e+00  4.75065111e+00  3.75501803e-01 -3.26603968e-01
  7.15934078e+00 -3.13524855e+00 -4.56842420e+00 -1.24052574e+00
  2.72937052e+00 -4.32589355e+00 -1.90042206e+00  3.11055403e+00
  4.13642026e+00  3.15438871e+00]
2022-09-18 15:12:52,514 mloop.controllers    DEBUG    Starting ML optimization.
2022-09-18 15:12:52,630 mloop.controllers    INFO     cost -6.322278423481695 +/- 0.0
2022-09-18 15:12:52,636 mloop.controllers    DEBUG    End training runs.
2022-09-18 15:12:52,637 mloop.controllers    INFO     Run:22 (machine learner)
2022-09-18 15:12:58,456 mloop.controllers    INFO     params [ 1.785      20.         20.         20.          7.87668465  4.
  0.03380552  0.          0.          0.5         0.         -8.
  4.28838045  7.95454216  8.         -2.7330654   8.         -8.
  8.         -8.          8.         -8.          8.          8.
 -8.          8.        ]
2022-09-18 15:12:58,571 mloop.controllers    INFO     cost -4.613911031266786 +/- 0.0
2022-09-18 15:12:58,572 mloop.controllers    INFO     Run:23 (machine learner)
2022-09-18 15:13:00,962 mloop.controllers    INFO     params [ 1.785       7.87042806 20.          7.07233465  1.785       4.
  0.08739816  0.5         0.          0.5         0.06880368 -2.52159031
  8.          8.          8.         -8.         -8.          8.
  8.         -4.87477101 -8.         -8.         -8.          5.50058446
  8.         -8.        ]
2022-09-18 15:13:01,081 mloop.controllers    INFO     cost -4.611341118725468 +/- 0.0
2022-09-18 15:13:01,082 mloop.controllers    INFO     Run:24 (machine learner)
2022-09-18 15:13:03,597 mloop.controllers    INFO     params [20.          1.785      17.19561454 18.92639916 20.         16.
  0.          0.24589296  0.5         0.27365907  0.06127781 -0.25955719
 -8.          8.          4.69271635  8.         -8.         -8.
  5.69430949 -3.23249999  8.          8.          8.          8.
  8.         -8.        ]
2022-09-18 15:13:03,720 mloop.controllers    INFO     cost -5.589812895510154 +/- 0.0
2022-09-18 15:13:03,721 mloop.controllers    INFO     Run:25 (trainer)
2022-09-18 15:13:03,723 mloop.controllers    INFO     params [ 3.1144359   5.77895937  3.76652558 18.60791415 19.69686006 14.8126858
  0.20592032  0.42219402  0.22999195  0.45038695  0.31482187  3.7152358
  2.20903871 -2.41136501  7.62315699  3.35488702 -4.34014112  0.196461
 -1.22771362 -1.72370937  6.77196249 -3.53926023  2.62382873  4.28516046
 -4.90075761 -3.53139059]
2022-09-18 15:13:03,842 mloop.controllers    INFO     cost -5.593915414760104 +/- 0.0
2022-09-18 15:13:03,843 mloop.controllers    INFO     Run:26 (machine learner)
2022-09-18 15:13:05,348 mloop.controllers    INFO     params [ 1.785       2.08164534  1.785       1.785       1.785      16.
  0.          0.5         0.5         0.05137331  0.         -8.
 -8.         -4.91423651 -8.          0.32258441 -8.         -8.
 -8.          8.          1.33505369 -1.23732642 -2.78749095  8.
  4.84272679  8.        ]
2022-09-18 15:13:05,462 mloop.controllers    INFO     cost -5.086394966847067 +/- 0.0
2022-09-18 15:13:05,463 mloop.controllers    INFO     Run:27 (machine learner)
2022-09-18 15:13:07,501 mloop.controllers    INFO     params [ 6.76337098  4.89984697  9.13789032  3.88087452 16.00826045 16.
  0.5         0.          0.          0.5         0.5         8.
  7.51425523 -1.72303165 -8.         -8.          6.96548103 -0.08651496
  8.         -8.          8.          2.16605688  8.         -8.
  8.          5.8620395 ]
2022-09-18 15:13:07,625 mloop.controllers    INFO     cost -5.240153635411832 +/- 0.0
2022-09-18 15:13:07,625 mloop.controllers    INFO     Run:28 (machine learner)
2022-09-18 15:13:09,438 mloop.controllers    INFO     params [20.         18.95998048  3.93037065 20.          1.785      16.
  0.          0.29259234  0.5         0.          0.5        -6.22498222
 -5.02535265 -8.          1.00162896  5.75596421 -6.60364301  8.
 -8.          8.          6.85540803  3.45203158  1.48725764  6.87713378
 -8.          8.        ]
2022-09-18 15:13:09,557 mloop.controllers    INFO     cost -4.343899481270725 +/- 0.0
2022-09-18 15:13:09,558 mloop.controllers    INFO     Run:29 (trainer)
2022-09-18 15:13:09,559 mloop.controllers    INFO     params [ 6.9364829  11.90522075 11.54746068 17.29573463  4.87070268  5.54643964
  0.16297286  0.14034941  0.41931164  0.4691581   0.1993889  -2.04118748
  0.95818492 -3.51476727 -7.52582576  3.71978456 -1.40971993  3.2163764
 -0.23061606 -4.86077282 -1.10517295  2.99583687  6.30067943  5.83506263
 -1.33791629 -6.74034546]
2022-09-18 15:13:09,680 mloop.controllers    INFO     cost -5.644832174307779 +/- 0.0
2022-09-18 15:13:09,680 mloop.controllers    INFO     Run:30 (machine learner)
2022-09-18 15:13:11,299 mloop.controllers    INFO     params [20.         20.          1.785      14.85148495 11.6221964   4.
  0.36740783  0.          0.5         0.38539848  0.49939397 -8.
 -8.          1.65250925  7.8385655  -8.          8.         -6.9857375
  3.6159602   3.22703589 -8.          8.         -8.          2.59004008
  8.          4.15459442]
2022-09-18 15:13:11,422 mloop.controllers    INFO     cost -4.749801076311456 +/- 0.0
2022-09-18 15:13:11,422 mloop.controllers    INFO     Controller finished. Closing down M-LOOP. Please wait a moment...
2022-09-18 15:13:11,423 mloop.controllers    DEBUG    ML learner end set.
2022-09-18 15:13:16,468 mloop.controllers    DEBUG    ML learner joined
2022-09-18 15:13:16,468 mloop.controllers    DEBUG    Learner end event set.
2022-09-18 15:13:16,468 mloop.controllers    DEBUG    Interface end event set.
2022-09-18 15:13:16,600 mloop.learners.1     DEBUG    Learner end signal received. Ending
2022-09-18 15:13:17,460 mloop.interfaces     DEBUG    Interface ended
2022-09-18 15:13:17,611 mloop.controllers    DEBUG    Learner joined.
2022-09-18 15:13:17,611 mloop.controllers    DEBUG    Interface joined.
2022-09-18 15:13:17,622 mloop.controllers    INFO     Optimization ended because:
2022-09-18 15:13:17,622 mloop.controllers    INFO     	* Maximum number of runs reached.
2022-09-18 15:13:17,622 mloop.controllers    INFO     Results:
2022-09-18 15:13:17,623 mloop.controllers    INFO     	* Best parameters found:[ 2.63261673  2.7849427  12.76096091  6.91203817 11.05677736  7.42812833
  0.24672477  0.37482049  0.36105606  0.48057714  0.22927105  1.81793114
 -5.45311859  4.90803571  6.53142592  5.59867588 -7.07218534 -5.97863063
  0.54382459 -6.93840136  2.27907158  2.80173202  7.93233689 -0.3740336
 -0.0268899  -7.21155408]
2022-09-18 15:13:17,624 mloop.controllers    INFO     	* Best cost returned:-8.270313889590854 +/- 0.0
2022-09-18 15:13:17,624 mloop.controllers    INFO     	* Best run number:18
2022-09-18 15:13:17,625 mloop.controllers    INFO     	* Predicted best parameters:[ 1.785      13.30385542  7.31502119  1.785       6.02496635  4.34900417
  0.11312226  0.5         0.5         0.19932038  0.44685132 -0.41127119
 -8.          0.13239203  8.          8.         -8.         -8.
  3.36336792 -8.          0.06669318  8.          8.          8.
 -8.         -8.        ]
2022-09-18 15:13:17,626 mloop.controllers    INFO     	* Predicted best cost:-9.131653653456393
2022-09-18 15:13:17,626 mloop.controllers    INFO     M-LOOP Done.
2022-09-18 15:13:17,630 mloop.visualizations DEBUG    Creating controller visualizations.
2022-09-18 15:13:17,781 mloop.visualizations DEBUG    Creating learner visualizations.
2022-09-18 15:13:17,789 mloop.visualizations DEBUG    Creating neural net visualizer.
2022-09-18 15:13:17,798 mloop.learners.3     DEBUG    Learner init completed.
2022-09-18 15:13:17,799 mloop.neuralnet      INFO     Initialising neural network impl
2022-09-18 15:13:17,800 mloop.neuralnet      INFO     Initialising neural network impl
2022-09-18 15:13:17,800 mloop.neuralnet      INFO     Initialising neural network impl
2022-09-18 15:13:17,801 mloop.neuralnet      INFO     Constructing net
2022-09-18 15:13:18,492 mloop.neuralnet      DEBUG    Finished constructing net in: 0.6910021305084229
2022-09-18 15:13:18,493 mloop.neuralnet      INFO     Loading neural network
2022-09-18 15:13:18,561 mloop.neuralnet      INFO     Constructing net
2022-09-18 15:13:19,474 mloop.neuralnet      DEBUG    Finished constructing net in: 0.9129154682159424
2022-09-18 15:13:19,474 mloop.neuralnet      INFO     Loading neural network
2022-09-18 15:13:19,542 mloop.neuralnet      INFO     Constructing net
2022-09-18 15:13:20,423 mloop.neuralnet      DEBUG    Finished constructing net in: 0.8819644451141357
2022-09-18 15:13:20,423 mloop.neuralnet      INFO     Loading neural network
2022-09-18 15:13:25,127 mloop.visualizations INFO     Showing visualizations, close all to end M-LOOP.
