2022-09-17 14:38:38,295 mloop                INFO     M-LOOP version 3.3.1
2022-09-17 14:38:38,295 mloop                DEBUG    M-LOOP Logger configured.
2022-09-17 14:38:38,295 mloop.interfaces     DEBUG    Creating interface.
2022-09-17 14:38:38,904 mloop.controllers    DEBUG    Controller init completed.
2022-09-17 14:38:38,905 mloop.learners.1     DEBUG    Learner init completed.
2022-09-17 14:38:38,905 mloop.learners.1     DEBUG    Random learner init completed.
2022-09-17 14:38:38,906 mloop.learners.2     DEBUG    Learner init completed.
2022-09-17 14:38:38,906 mloop.controllers    INFO     Optimization started.
2022-09-17 14:38:38,907 mloop.learners.1     DEBUG    Starting Random Learner
2022-09-17 14:38:38,908 mloop.interfaces     DEBUG    Entering main loop of interface.
2022-09-17 14:38:38,908 mloop.controllers    DEBUG    ML learner started.
2022-09-17 14:38:39,047 mloop.controllers    DEBUG    Starting training optimization.
2022-09-17 14:38:39,047 mloop.controllers    INFO     Run:1 (training)
2022-09-17 14:38:39,049 mloop.controllers    INFO     params [10.    5.    3.    2.3   2.21  0.15  0.1   0.15  0.1   0.05  0.    0.
  0.    0.    0.    0.    0.    0.    0.    0.    0.    0.    0.    0.
  0.  ]
2022-09-17 14:39:59,090 mloop.controllers    INFO     cost -5.219456609875551 +/- 0.0
2022-09-17 14:39:59,096 mloop.controllers    INFO     Run:2 (training)
2022-09-17 14:39:59,098 mloop.controllers    INFO     params [ 1.10356248e+01  1.36123851e+01  5.60927526e+00  4.33121580e+00
  7.39036597e+00  1.06173873e-01  1.42170841e-01  5.19164842e-02
  3.94622272e-03  1.66255956e-01 -6.63463477e+00 -7.53359644e+00
 -5.26021035e+00 -3.56070609e+00  2.98038259e-01  6.69761794e+00
 -3.48846704e+00 -2.50518796e+00  5.70873049e+00  8.72694318e-01
  3.51996391e+00 -4.25909977e+00 -5.14336969e+00  3.77522922e+00
 -6.96893455e+00]
2022-09-17 14:41:05,715 mloop.controllers    INFO     cost -0.06871673639266579 +/- 0.0
2022-09-17 14:41:05,715 mloop.controllers    INFO     Run:3 (training)
2022-09-17 14:41:05,717 mloop.controllers    INFO     params [18.05975322 16.37199345 10.88030617 12.60912851 14.70400128  0.07996386
  0.15569394  0.15860801  0.16952081  0.09745767  5.6954429  -5.50870639
 -1.26029494 -4.98069202  1.9885923   7.54466131  4.15477839  7.32200505
 -7.15586809 -3.39390761  6.45897351 -4.07044093 -4.36552343  1.97756324
 -7.96500248]
2022-09-17 14:42:10,651 mloop.controllers    INFO     cost -0.01930663766383609 +/- 0.0
2022-09-17 14:42:10,651 mloop.controllers    INFO     Run:4 (training)
2022-09-17 14:42:10,652 mloop.controllers    INFO     params [ 5.0732769  13.04403999  8.72203279  9.48880694 11.98106037  0.17199396
  0.1975447   0.17222698  0.1662866   0.10666939 -3.30436898 -1.62541071
  4.36584846 -1.58835154  6.3757658  -1.45678153  1.60952108  6.19487063
  0.59085759 -4.62486422 -4.62755517 -0.98224101 -6.40999851 -5.45432928
 -4.20116666]
2022-09-17 14:43:17,986 mloop.controllers    INFO     cost -0.026890540943580732 +/- 0.0
2022-09-17 14:43:17,987 mloop.controllers    INFO     Run:5 (training)
2022-09-17 14:43:17,988 mloop.controllers    INFO     params [ 1.02019885e+01  6.62513617e+00  1.65974337e+01  1.85825720e+01
  1.44990019e+01  1.14319960e-02  5.01052354e-02  3.26824928e-02
  6.69337388e-02  3.54594715e-02 -6.02696246e+00  4.84553424e+00
 -7.08226556e+00  6.09526415e+00 -4.56919479e+00 -2.90547218e-01
 -6.23179760e+00  4.33774531e-01  3.54983258e+00  3.49660142e-01
 -5.57443113e+00  3.99042912e+00 -5.57798995e+00  7.86797466e+00
  3.69664783e+00]
2022-09-17 14:44:24,769 mloop.controllers    INFO     cost -0.024291729765921154 +/- 0.0
2022-09-17 14:44:24,769 mloop.controllers    INFO     Run:6 (training)
2022-09-17 14:44:24,770 mloop.controllers    INFO     params [10.00645338 18.93639212  6.74537048  8.84651433  5.59618044  0.09252002
  0.0372575   0.03463732  0.10924649  0.0342816   1.79870934  5.73433796
  4.12932006  6.0123994  -1.17729874  3.71517622 -6.92224259  5.79528481
  2.30288359  1.30549597 -4.16903959  7.16287522 -7.73925616 -4.43411963
  4.93887961]
2022-09-17 14:45:35,355 mloop.controllers    INFO     cost -0.04080665773622843 +/- 0.0
2022-09-17 14:45:35,356 mloop.controllers    INFO     Run:7 (training)
2022-09-17 14:45:35,357 mloop.controllers    INFO     params [19.79780752 14.13644104 14.46802852 16.93290061 14.6323276   0.06876912
  0.14314241  0.14639247  0.12838459  0.17626734  2.08443607 -3.39041827
 -3.28235703  7.02425499  3.15619588 -3.98739711 -7.8362732   0.32468737
  5.71905615 -2.76997973  6.68770371 -7.68458029 -1.52639324  4.40501744
 -7.02632064]
2022-09-17 14:46:43,151 mloop.controllers    INFO     cost -0.01308729183942375 +/- 0.0
2022-09-17 14:46:43,151 mloop.controllers    INFO     Run:8 (training)
2022-09-17 14:46:43,152 mloop.controllers    INFO     params [ 4.87853939 12.38318729  5.53575313 16.49121822  6.84132025  0.09590793
  0.19973687  0.11306042  0.1426505   0.10768184  1.79771538  6.54224996
  7.74107223  5.43202847 -5.078214   -2.42465566 -1.89821665  4.23809175
 -0.86129154  1.62725006  7.46173529  3.12709224 -0.42268765  2.0222594
  3.74598763]
2022-09-17 14:47:47,992 mloop.controllers    INFO     cost -0.031240921555471257 +/- 0.0
2022-09-17 14:47:47,992 mloop.controllers    INFO     Run:9 (training)
2022-09-17 14:47:47,993 mloop.controllers    INFO     params [ 4.91537062  9.45152094 14.23000038 18.87023209 15.59787885  0.18944005
  0.04599887  0.16958064  0.14459047  0.19932246  1.85165636 -1.60566379
  3.31919048 -5.73751305  6.16758533 -7.11662857 -3.44405162 -3.24827255
 -1.76931312  2.44274584  3.85225006  3.40595833 -1.70808344 -5.88201247
  4.96419908]
2022-09-17 14:48:56,695 mloop.controllers    INFO     cost -0.025955963295183637 +/- 0.0
2022-09-17 14:48:56,695 mloop.controllers    INFO     Run:10 (training)
2022-09-17 14:48:56,696 mloop.controllers    INFO     params [14.07377548  2.62637171  7.87090994 13.6979412  18.0355861   0.15379287
  0.02449089  0.059641    0.16324543  0.18176779  0.3973909   3.03823937
  5.93381548 -0.91400057  2.89133809  1.9511927  -2.9088924  -3.84046391
  3.97088725  6.10244194 -3.98170332  2.12026518 -2.20187605 -5.39387283
 -7.59200461]
2022-09-17 14:49:54,622 mloop.controllers    INFO     cost -0.040706173341374975 +/- 0.0
2022-09-17 14:49:54,622 mloop.controllers    INFO     Run:11 (training)
2022-09-17 14:49:54,623 mloop.controllers    INFO     params [17.4992077  12.81553874  5.39805704 19.89590173 14.44319627  0.04005334
  0.14403976  0.02697829  0.06195012  0.08953635 -5.08022044  2.7986433
  0.53841848  1.18292439  0.94096105  2.64916218 -2.42667051 -6.04944371
 -7.16708209  2.71437052 -4.47771629  3.50371678  5.45176362  3.813853
 -7.70435953]
2022-09-17 14:50:59,642 mloop.controllers    INFO     cost -0.02955087654670506 +/- 0.0
2022-09-17 14:50:59,642 mloop.controllers    INFO     Run:12 (training)
2022-09-17 14:50:59,643 mloop.controllers    INFO     params [ 6.75949593e+00  2.24571223e+00  3.49341458e+00  1.95251566e+01
  1.92576478e+01  1.57513292e-01  1.89469660e-01  1.42492767e-01
  1.78373180e-02  1.07476501e-01 -1.61635033e+00 -7.98787246e+00
  7.04061099e+00  2.89213848e+00 -2.92755300e+00  3.55494019e+00
  5.21609329e-01  2.77873528e+00 -7.94399399e+00 -1.57257464e+00
  5.16117713e+00  6.73322542e-04 -2.84932906e+00  6.17209267e+00
 -4.33001902e+00]
2022-09-17 14:51:56,210 mloop.controllers    INFO     cost -0.3640432613136726 +/- 0.0
2022-09-17 14:51:56,211 mloop.controllers    INFO     Run:13 (training)
2022-09-17 14:51:56,212 mloop.controllers    INFO     params [ 1.58639547e+01  6.31261333e+00  1.63657842e+01  1.65230826e+01
  6.93139614e+00  2.25161470e-04  5.26856723e-02  7.44154197e-02
  7.94455904e-02  1.70071564e-01  7.60327550e+00  6.92476654e+00
 -4.35705028e+00  3.81624972e+00  2.51411157e+00 -7.53273078e+00
  4.23241445e-01 -5.52329780e-01  3.70481153e+00 -3.45842037e+00
  1.56542892e+00  5.89067271e+00  6.77373582e+00  7.23633422e+00
 -5.81045450e+00]
2022-09-17 14:53:00,576 mloop.controllers    INFO     cost -0.022361405404560313 +/- 0.0
2022-09-17 14:53:00,576 mloop.controllers    INFO     Run:14 (training)
2022-09-17 14:53:00,577 mloop.controllers    INFO     params [ 7.60046508 10.13627111  2.76770876 15.34834095 13.67768434  0.02852214
  0.01604381  0.01888765  0.04802783  0.11981735 -2.78234191 -1.69022094
 -4.01614665  6.03610681 -1.76072287  3.36891599  7.07134587  6.42005123
  0.6497137   1.62468034  7.95752235 -6.54852365  6.8566741   1.41292794
  0.93030246]
2022-09-17 14:54:00,802 mloop.controllers    INFO     cost -0.09237732074944946 +/- 0.0
2022-09-17 14:54:00,803 mloop.controllers    INFO     Run:15 (training)
2022-09-17 14:54:00,804 mloop.controllers    INFO     params [ 5.05903904e+00  2.33493131e+00  1.13298834e+01  1.47738797e+01
  1.38243811e+01  1.40777903e-02  1.15680452e-01  1.49464442e-01
  1.85564018e-01  1.09528595e-01 -4.27366624e+00 -7.05359381e+00
  4.96605875e+00  3.86655020e+00 -3.91595421e+00 -4.53900890e-01
 -2.21081399e+00 -1.58552685e+00 -6.82194836e+00  2.12708643e+00
  2.23540857e+00  2.72500506e+00 -7.53114558e+00 -2.44300177e+00
  1.59783983e-01]
2022-09-17 14:55:05,027 mloop.controllers    INFO     cost -0.11848166036994846 +/- 0.0
2022-09-17 14:55:05,027 mloop.controllers    INFO     Run:16 (training)
2022-09-17 14:55:05,028 mloop.controllers    INFO     params [ 1.96202841e+01  1.79434619e+01  2.46709207e+00  1.97364453e+01
  1.19611042e+01  6.70229330e-02  7.84599026e-02  8.36945697e-02
  1.27306429e-01  1.46510714e-02  8.53638614e-01 -1.53288323e+00
  7.61808636e+00  4.98843887e+00  2.80382704e+00 -7.34708093e+00
  6.70570802e+00 -5.42773292e+00 -2.78394128e+00 -7.80284092e+00
  6.74571026e+00 -2.94167384e+00 -1.95725136e+00  1.55350366e+00
  1.05252964e+00]
2022-09-17 14:56:14,350 mloop.controllers    INFO     cost -0.03318263754851457 +/- 0.0
2022-09-17 14:56:14,350 mloop.controllers    INFO     Run:17 (training)
2022-09-17 14:56:14,351 mloop.controllers    INFO     params [16.75194835  7.86004463  5.48336501 19.074572   18.52693548  0.14210559
  0.12234082  0.16324569  0.04750523  0.08206827 -3.88923034  4.07672847
 -5.16026976  2.00514716 -4.21007259 -6.5384376  -2.88925054 -5.24936979
 -4.86921113  0.77552166  3.93993182  1.35475649  6.10801788 -2.53993941
  0.3666877 ]
2022-09-17 14:57:19,596 mloop.controllers    INFO     cost -0.046454791080226446 +/- 0.0
2022-09-17 14:57:19,596 mloop.controllers    INFO     Run:18 (training)
2022-09-17 14:57:19,597 mloop.controllers    INFO     params [ 3.40995355e+00  3.09806567e+00  1.09721901e+01  7.61963488e+00
  4.30597205e+00  1.71332855e-02  8.88834225e-02  1.63052046e-01
  2.61502912e-03  9.39048813e-02  3.34547620e+00 -6.61021585e+00
 -5.64755809e+00  3.40425257e+00  1.49488277e+00 -1.62811788e-01
  4.75568242e+00  1.02912341e+00 -7.32992962e+00  6.50635391e+00
  3.15025678e+00 -6.80893260e+00  5.49635141e+00  4.59889069e+00
  6.06768704e+00]
2022-09-17 14:58:26,664 mloop.controllers    INFO     cost -0.030573591584167233 +/- 0.0
2022-09-17 14:58:26,665 mloop.controllers    INFO     Run:19 (training)
2022-09-17 14:58:26,666 mloop.controllers    INFO     params [15.33742742  5.81950664  6.96115467  4.32327116 11.28871048  0.16381723
  0.02847788  0.17590753  0.09991251  0.05105558  0.72350441  5.87936868
 -6.3483063  -4.85834969  5.34532893  5.67287648 -4.93785    -1.82855123
  3.08658515  5.1394194  -7.37659439  2.6895646   2.73773898  0.07477901
  6.10690361]
2022-09-17 14:59:37,353 mloop.controllers    INFO     cost -0.0672858202203891 +/- 0.0
2022-09-17 14:59:37,353 mloop.controllers    INFO     Run:20 (training)
2022-09-17 14:59:37,354 mloop.controllers    INFO     params [18.31943101 13.02276282  6.32482837 17.12559455  2.42258598  0.04613052
  0.18027666  0.11011217  0.17434251  0.11667305 -1.2401529   6.37455172
  4.94195755  0.08854051  0.20060184  7.37817993  4.35800939 -0.86823334
  1.20391951 -7.62189474  1.61709307 -1.23617722 -1.70355855  4.41193317
 -6.96077817]
2022-09-17 15:00:37,921 mloop.controllers    INFO     cost -0.07359579746171457 +/- 0.0
2022-09-17 15:00:37,921 mloop.controllers    INFO     Run:21 (training)
2022-09-17 15:00:37,922 mloop.controllers    INFO     params [ 3.85749252e+00  1.06403654e+01  7.06412740e+00  1.76659223e+01
  1.69824018e+01  1.24016663e-02  1.09363011e-01  1.01423928e-01
  9.45288612e-02  1.10888148e-01 -4.10044112e-01 -7.72481257e+00
  4.88137220e+00 -2.53550612e+00 -4.16685294e-01 -7.81458927e+00
  7.78789308e+00 -2.35236365e+00 -6.51970397e+00  3.65929376e+00
  2.22665305e+00  4.71600156e+00  8.48835458e-01 -7.93546337e+00
  4.80502098e+00]
2022-09-17 15:00:37,923 mloop.controllers    DEBUG    Starting ML optimization.
2022-09-17 15:01:40,729 mloop.controllers    INFO     cost -0.008545578128515186 +/- 0.0
2022-09-17 15:01:40,739 mloop.controllers    DEBUG    End training runs.
2022-09-17 15:01:40,739 mloop.controllers    INFO     Run:22 (machine learner)
2022-09-17 15:01:42,608 mloop.controllers    INFO     params [ 1.785      20.          1.785       1.785       1.785       0.2
  0.2         0.2         0.          0.          8.         -8.
  8.          8.          8.          8.          8.         -2.43449756
  8.          8.         -3.08410154  8.          8.          8.
 -7.07579147]
2022-09-17 15:08:27,401 mloop.controllers    WARNING  !!! Do not give the interrupt signal again !!! 
 M-LOOP stopped with keyboard interupt or system exit. Please wait at least 1 minute for the threads to safely shut down. 
 
2022-09-17 15:08:27,402 mloop.controllers    WARNING  Closing down controller.
2022-09-17 15:08:27,402 mloop.controllers    DEBUG    ML learner end set.
2022-09-17 15:08:27,749 mloop.controllers    DEBUG    ML learner joined
2022-09-17 15:08:27,749 mloop.controllers    INFO     Machine learning learner did not provide best and/or all minima.
2022-09-17 15:08:27,749 mloop.controllers    DEBUG    Learner end event set.
2022-09-17 15:08:27,749 mloop.controllers    DEBUG    Interface end event set.
2022-09-17 15:08:28,167 mloop.learners.1     DEBUG    Learner end signal received. Ending
2022-09-17 15:08:29,167 mloop.learners.1     DEBUG    Performing shut down of learner.
2022-09-17 15:08:29,167 mloop.learners.1     DEBUG    Ended Random Learner
2022-09-17 15:08:29,167 mloop.controllers    DEBUG    Learner joined.
