2022-09-17 20:08:33,953 mloop                INFO     M-LOOP version 3.3.1
2022-09-17 20:08:33,953 mloop                DEBUG    M-LOOP Logger configured.
2022-09-17 20:08:33,953 mloop.interfaces     DEBUG    Creating interface.
2022-09-17 20:08:34,018 mloop.controllers    DEBUG    Controller init completed.
2022-09-17 20:08:34,019 mloop.learners.1     DEBUG    Learner init completed.
2022-09-17 20:08:34,019 mloop.learners.1     DEBUG    Random learner init completed.
2022-09-17 20:08:34,020 mloop.learners.2     DEBUG    Learner init completed.
2022-09-17 20:08:34,020 mloop.controllers    INFO     Optimization started.
2022-09-17 20:08:34,022 mloop.learners.1     DEBUG    Starting Random Learner
2022-09-17 20:08:34,022 mloop.interfaces     DEBUG    Entering main loop of interface.
2022-09-17 20:08:34,022 mloop.controllers    DEBUG    ML learner started.
2022-09-17 20:08:34,145 mloop.controllers    DEBUG    Starting training optimization.
2022-09-17 20:08:34,145 mloop.controllers    INFO     Run:1 (training)
2022-09-17 20:08:34,146 mloop.controllers    INFO     params [10.    5.    3.    2.3   2.21]
2022-09-17 20:13:42,980 mloop.controllers    INFO     cost -4.04686387377895 +/- 0.0
2022-09-17 20:13:42,981 mloop.controllers    INFO     Run:2 (training)
2022-09-17 20:13:42,985 mloop.controllers    INFO     params [ 2.59130988 11.09092125 13.23341787 18.27999774 12.67349941]
2022-09-17 20:14:45,146 mloop.controllers    INFO     cost -0.0196957954848481 +/- 0.0
2022-09-17 20:14:45,147 mloop.controllers    INFO     Run:3 (training)
2022-09-17 20:14:45,148 mloop.controllers    INFO     params [ 2.24461669  7.10887952 19.64710652  7.25865899 16.5975331 ]
2022-09-17 20:15:52,042 mloop.controllers    INFO     cost -0.02630968699197018 +/- 0.0
2022-09-17 20:15:52,042 mloop.controllers    INFO     Run:4 (training)
2022-09-17 20:15:52,043 mloop.controllers    INFO     params [17.14853782 13.79752264 18.78008393 14.79508125  4.67547003]
2022-09-17 20:17:01,927 mloop.controllers    INFO     cost -0.02450710384163391 +/- 0.0
2022-09-17 20:17:01,928 mloop.controllers    INFO     Run:5 (training)
2022-09-17 20:17:01,928 mloop.controllers    INFO     params [15.56303112  8.04315557 14.92147609 18.2490436  19.77935511]
2022-09-17 20:18:13,774 mloop.controllers    INFO     cost -0.019062354008332633 +/- 0.0
2022-09-17 20:18:13,774 mloop.controllers    INFO     Run:6 (training)
2022-09-17 20:18:13,775 mloop.controllers    INFO     params [17.18219249  6.84439634  3.91278312 14.6207704  11.3661686 ]
2022-09-17 20:19:21,507 mloop.controllers    INFO     cost -0.08422786629310185 +/- 0.0
2022-09-17 20:19:21,507 mloop.controllers    INFO     Run:7 (training)
2022-09-17 20:19:21,508 mloop.controllers    INFO     params [ 5.61533408 17.64132249  3.85259434 18.78430634  7.67016465]
2022-09-17 20:20:33,231 mloop.controllers    INFO     cost -0.03914152774926506 +/- 0.0
2022-09-17 20:20:33,231 mloop.controllers    INFO     Run:8 (training)
2022-09-17 20:20:33,232 mloop.controllers    INFO     params [18.28423252 14.65515858 10.37592049 10.85483529 18.15399083]
2022-09-17 20:21:37,275 mloop.controllers    INFO     cost -0.01754516929609198 +/- 0.0
2022-09-17 20:21:37,276 mloop.controllers    INFO     Run:9 (training)
2022-09-17 20:21:37,277 mloop.controllers    INFO     params [15.58940618 11.44948432 13.97311664  6.09395211  9.96357032]
2022-09-17 20:22:45,505 mloop.controllers    INFO     cost -0.03760466050521979 +/- 0.0
2022-09-17 20:22:45,505 mloop.controllers    INFO     Run:10 (training)
2022-09-17 20:22:45,506 mloop.controllers    INFO     params [19.56930029 12.94876652  4.98653705  2.6095243   2.83542369]
2022-09-17 20:23:47,226 mloop.controllers    INFO     cost -0.7658514802945926 +/- 0.0
2022-09-17 20:23:47,226 mloop.controllers    INFO     Run:11 (training)
2022-09-17 20:23:47,227 mloop.controllers    INFO     params [17.53418207 16.29390367 11.41616225  4.03760175  7.74919883]
2022-09-17 20:24:56,061 mloop.controllers    INFO     cost -0.06391260308608769 +/- 0.0
2022-09-17 20:24:56,062 mloop.controllers    INFO     Run:12 (training)
2022-09-17 20:24:56,063 mloop.controllers    INFO     params [18.06232797 12.92065875  5.67312456  3.68888993  3.1920303 ]
2022-09-17 20:26:02,894 mloop.controllers    INFO     cost -0.3188622265790733 +/- 0.0
2022-09-17 20:26:02,895 mloop.controllers    INFO     Run:13 (training)
2022-09-17 20:26:02,896 mloop.controllers    INFO     params [11.74452409 10.26990752 12.7843895  10.68472126  5.71780542]
2022-09-17 20:27:11,766 mloop.controllers    INFO     cost -0.03453748970491722 +/- 0.0
2022-09-17 20:27:11,767 mloop.controllers    INFO     Run:14 (training)
2022-09-17 20:27:11,767 mloop.controllers    INFO     params [ 6.1538587  11.93176742 11.80051211 13.59524671 16.25089035]
2022-09-17 20:28:19,218 mloop.controllers    INFO     cost -0.01915750090658251 +/- 0.0
2022-09-17 20:28:19,218 mloop.controllers    INFO     Run:15 (training)
2022-09-17 20:28:19,219 mloop.controllers    INFO     params [ 9.95040001 11.81928856  2.99209618  4.51574943 17.96586617]
2022-09-17 20:29:25,060 mloop.controllers    INFO     cost -0.15351294780030078 +/- 0.0
2022-09-17 20:29:25,060 mloop.controllers    INFO     Run:16 (training)
2022-09-17 20:29:25,061 mloop.controllers    INFO     params [ 1.9579131  17.89121247 18.29257162  9.51670386 12.31034538]
2022-09-17 20:30:19,924 mloop.controllers    INFO     cost -0.0 +/- 0.0
2022-09-17 20:30:19,925 mloop.controllers    INFO     Run:17 (training)
2022-09-17 20:30:19,925 mloop.controllers    INFO     params [ 3.96599922 14.05771806 10.70464533  9.34082641  3.23697395]
2022-09-17 20:31:25,885 mloop.controllers    INFO     cost -0.03485924074622275 +/- 0.0
2022-09-17 20:31:25,885 mloop.controllers    INFO     Run:18 (training)
2022-09-17 20:31:25,886 mloop.controllers    INFO     params [ 5.79024595 13.90839115  7.2840299  17.9660939  16.36039173]
2022-09-17 20:32:39,184 mloop.controllers    INFO     cost -0.018993130743835428 +/- 0.0
2022-09-17 20:32:39,184 mloop.controllers    INFO     Run:19 (training)
2022-09-17 20:32:39,185 mloop.controllers    INFO     params [11.52747811  5.95462783  2.80428192  6.24434747 12.47352859]
2022-09-17 20:33:39,205 mloop.controllers    INFO     cost -0.29253138290117014 +/- 0.0
2022-09-17 20:33:39,205 mloop.controllers    INFO     Run:20 (training)
2022-09-17 20:33:39,206 mloop.controllers    INFO     params [13.10427135 16.4599788   7.17928367  3.58273188  5.75277968]
2022-09-17 20:34:55,640 mloop.controllers    INFO     cost -0.14311092465835534 +/- 0.0
2022-09-17 20:34:55,640 mloop.controllers    INFO     Run:21 (training)
2022-09-17 20:34:55,641 mloop.controllers    INFO     params [17.39909746 13.19931412  4.64928683  6.71491026 10.21096913]
2022-09-17 20:35:58,838 mloop.controllers    INFO     cost -0.05869268774211278 +/- 0.0
2022-09-17 20:35:58,838 mloop.controllers    INFO     Run:22 (training)
2022-09-17 20:35:58,839 mloop.controllers    INFO     params [ 4.37301349  9.76980861 10.03549305 12.07068746  3.42877577]
2022-09-17 20:37:02,993 mloop.controllers    INFO     cost -0.03172038410840904 +/- 0.0
2022-09-17 20:37:02,994 mloop.controllers    INFO     Run:23 (training)
2022-09-17 20:37:02,995 mloop.controllers    INFO     params [ 8.13138878  7.52128216  2.38007957 14.10789972  6.73330972]
2022-09-17 20:38:03,357 mloop.controllers    INFO     cost -0.34671616494504814 +/- 0.0
2022-09-17 20:38:03,357 mloop.controllers    INFO     Run:24 (training)
2022-09-17 20:38:03,358 mloop.controllers    INFO     params [15.02085324  2.37880751 18.00504097 11.38047487 17.40211088]
2022-09-17 20:39:08,957 mloop.controllers    INFO     cost -0.05597177258421925 +/- 0.0
2022-09-17 20:39:08,957 mloop.controllers    INFO     Run:25 (training)
2022-09-17 20:39:08,958 mloop.controllers    INFO     params [4.39952129 4.76311735 9.21472836 9.53595579 4.41828583]
2022-09-17 20:40:13,074 mloop.controllers    INFO     cost -0.05226965537295449 +/- 0.0
2022-09-17 20:40:13,074 mloop.controllers    INFO     Run:26 (training)
2022-09-17 20:40:13,075 mloop.controllers    INFO     params [ 8.95296106 11.09853385  1.81686809 16.38121684 15.26489877]
2022-09-17 20:41:03,991 mloop.controllers    INFO     cost -0.0 +/- 0.0
2022-09-17 20:41:03,991 mloop.controllers    INFO     Run:27 (training)
2022-09-17 20:41:03,992 mloop.controllers    INFO     params [ 5.59331075 18.70370472  5.30607123  8.75572563  8.77461722]
2022-09-17 20:42:11,511 mloop.controllers    INFO     cost -0.03215757569386895 +/- 0.0
2022-09-17 20:42:11,512 mloop.controllers    INFO     Run:28 (training)
2022-09-17 20:42:11,513 mloop.controllers    INFO     params [17.3879516   6.51573168  3.37004252  2.0765565  12.28758644]
2022-09-17 20:43:15,812 mloop.controllers    INFO     cost -2.411268076330746 +/- 0.0
2022-09-17 20:43:15,812 mloop.controllers    INFO     Run:29 (training)
2022-09-17 20:43:15,813 mloop.controllers    INFO     params [19.20642565  3.46012376  8.23964605  7.81362121 16.80809961]
2022-09-17 20:44:20,024 mloop.controllers    INFO     cost -0.035568917112746797 +/- 0.0
2022-09-17 20:44:20,024 mloop.controllers    INFO     Run:30 (training)
2022-09-17 20:44:20,025 mloop.controllers    INFO     params [14.41551706  8.21731388 15.47772883  5.59520517 16.86906873]
2022-09-17 20:45:29,298 mloop.controllers    INFO     cost -0.03404962639945251 +/- 0.0
2022-09-17 20:45:29,299 mloop.controllers    INFO     Run:31 (training)
2022-09-17 20:45:29,299 mloop.controllers    INFO     params [18.06030739 14.73381862 18.57329281 10.4122206  14.18856674]
2022-09-17 20:46:34,279 mloop.controllers    INFO     cost -0.014226861053188782 +/- 0.0
2022-09-17 20:46:34,279 mloop.controllers    INFO     Run:32 (training)
2022-09-17 20:46:34,280 mloop.controllers    INFO     params [ 6.29943472  8.05153352  4.57947881 18.05996575  5.0218669 ]
2022-09-17 20:47:39,799 mloop.controllers    INFO     cost -0.05618564762344856 +/- 0.0
2022-09-17 20:47:39,800 mloop.controllers    INFO     Run:33 (training)
2022-09-17 20:47:39,801 mloop.controllers    INFO     params [ 4.41726232 16.87301473 19.11230726  6.28845058  5.11467309]
2022-09-17 20:48:44,101 mloop.controllers    INFO     cost -0.02841089323072445 +/- 0.0
2022-09-17 20:48:44,106 mloop.controllers    INFO     Run:34 (training)
2022-09-17 20:48:44,107 mloop.controllers    INFO     params [ 3.35761779  7.33589905  7.8151733  10.97464433 19.49332205]
2022-09-17 20:49:45,441 mloop.controllers    INFO     cost -0.03196964825603574 +/- 0.0
2022-09-17 20:49:45,441 mloop.controllers    INFO     Run:35 (training)
2022-09-17 20:49:45,442 mloop.controllers    INFO     params [ 5.60214078 19.85379131 14.45289288  5.23498032 13.89713451]
2022-09-17 20:50:51,528 mloop.controllers    INFO     cost -0.027070549865818073 +/- 0.0
2022-09-17 20:50:51,529 mloop.controllers    INFO     Run:36 (training)
2022-09-17 20:50:51,530 mloop.controllers    INFO     params [17.39628063  6.91125795 13.04134075 13.24038519 12.56254838]
2022-09-17 20:51:55,509 mloop.controllers    INFO     cost -0.02054641752680902 +/- 0.0
2022-09-17 20:51:55,509 mloop.controllers    INFO     Run:37 (training)
2022-09-17 20:51:55,510 mloop.controllers    INFO     params [16.15502685 16.03894052 15.43745871 15.42130512  4.68639896]
2022-09-17 20:53:04,940 mloop.controllers    INFO     cost -0.02381839963697451 +/- 0.0
2022-09-17 20:53:04,941 mloop.controllers    INFO     Run:38 (training)
2022-09-17 20:53:04,942 mloop.controllers    INFO     params [ 3.20052132 17.17551255 14.6309766   3.4205511  19.71408339]
2022-09-17 20:54:09,589 mloop.controllers    INFO     cost -0.03835813044385166 +/- 0.0
2022-09-17 20:54:09,589 mloop.controllers    INFO     Run:39 (training)
2022-09-17 20:54:09,590 mloop.controllers    INFO     params [16.93000561  3.16395167  9.5245824  16.60596566 13.17804886]
2022-09-17 20:55:13,888 mloop.controllers    INFO     cost -0.04036254450479108 +/- 0.0
2022-09-17 20:55:13,893 mloop.controllers    INFO     Run:40 (training)
2022-09-17 20:55:13,894 mloop.controllers    INFO     params [ 7.8898242   3.65492232  5.72995379 12.90413396 17.20899592]
2022-09-17 20:56:20,533 mloop.controllers    INFO     cost -0.0997038727841448 +/- 0.0
2022-09-17 20:56:20,533 mloop.controllers    INFO     Run:41 (training)
2022-09-17 20:56:20,534 mloop.controllers    INFO     params [10.13880029  2.63433119  7.85808701  2.99641223  9.27825055]
2022-09-17 20:57:22,427 mloop.controllers    INFO     cost -0.15922317967321672 +/- 0.0
2022-09-17 20:57:22,427 mloop.controllers    INFO     Run:42 (training)
2022-09-17 20:57:22,428 mloop.controllers    INFO     params [10.11032801  2.50100788  6.06417809  3.02102842 11.25786392]
2022-09-17 20:58:26,202 mloop.controllers    INFO     cost -0.19697137706934364 +/- 0.0
2022-09-17 20:58:26,202 mloop.controllers    INFO     Run:43 (training)
2022-09-17 20:58:26,203 mloop.controllers    INFO     params [ 6.67997091  3.73509617  1.78941393  3.72901691 12.26968996]
2022-09-17 20:59:21,662 mloop.controllers    INFO     cost -0.0 +/- 0.0
2022-09-17 20:59:21,662 mloop.controllers    INFO     Run:44 (training)
2022-09-17 20:59:21,663 mloop.controllers    INFO     params [ 6.36803223  5.42841652 16.81684165 16.31393822  7.62671797]
2022-09-17 21:00:28,173 mloop.controllers    INFO     cost -0.037552689263387555 +/- 0.0
2022-09-17 21:00:28,173 mloop.controllers    INFO     Run:45 (training)
2022-09-17 21:00:28,174 mloop.controllers    INFO     params [18.58780877  7.05417894 18.82191935  4.01110594 15.34044962]
2022-09-17 21:01:35,382 mloop.controllers    INFO     cost -0.04070154455436827 +/- 0.0
2022-09-17 21:01:35,383 mloop.controllers    INFO     Run:46 (training)
2022-09-17 21:01:35,383 mloop.controllers    INFO     params [ 7.73787637 10.21954103  4.68695745 17.63546381  8.68561   ]
2022-09-17 21:02:42,415 mloop.controllers    INFO     cost -0.04514202524694175 +/- 0.0
2022-09-17 21:02:42,415 mloop.controllers    INFO     Run:47 (training)
2022-09-17 21:02:42,416 mloop.controllers    INFO     params [10.9591091  15.5198241  16.16525921  8.20417604 16.2825628 ]
2022-09-17 21:03:50,738 mloop.controllers    INFO     cost -0.019041300359671207 +/- 0.0
2022-09-17 21:03:50,738 mloop.controllers    INFO     Run:48 (training)
2022-09-17 21:03:50,739 mloop.controllers    INFO     params [10.28150032 15.97651092  7.59190999 16.27449157  8.0680481 ]
2022-09-17 21:05:00,759 mloop.controllers    INFO     cost -0.021184990304992563 +/- 0.0
2022-09-17 21:05:00,759 mloop.controllers    INFO     Run:49 (training)
2022-09-17 21:05:00,760 mloop.controllers    INFO     params [18.05771252 11.36611639 17.7263036  13.04761267 17.46396702]
2022-09-17 21:06:13,189 mloop.controllers    INFO     cost -0.014513925311529017 +/- 0.0
2022-09-17 21:06:13,189 mloop.controllers    INFO     Run:50 (training)
2022-09-17 21:06:13,190 mloop.controllers    INFO     params [ 6.82451744 11.09475513 13.37390855 11.66257653  5.20909814]
2022-09-17 21:07:18,567 mloop.controllers    INFO     cost -0.027448113649879573 +/- 0.0
2022-09-17 21:07:18,567 mloop.controllers    INFO     Run:51 (training)
2022-09-17 21:07:18,568 mloop.controllers    INFO     params [4.00270053 7.70643833 2.50366257 6.00873833 4.92612611]
2022-09-17 21:07:18,568 mloop.controllers    DEBUG    Starting ML optimization.
2022-09-17 21:08:18,714 mloop.controllers    INFO     cost -0.14468415532420534 +/- 0.0
2022-09-17 21:08:18,723 mloop.controllers    DEBUG    End training runs.
2022-09-17 21:08:18,724 mloop.controllers    INFO     Run:52 (machine learner)
2022-09-17 21:08:21,586 mloop.controllers    INFO     params [11.07498884  4.76523314  1.786       1.786       1.786     ]
2022-09-17 21:09:19,477 mloop.controllers    INFO     cost -0.0 +/- 0.0
2022-09-17 21:09:19,482 mloop.controllers    INFO     Run:53 (machine learner)
2022-09-17 21:09:19,483 mloop.controllers    INFO     params [10.64693972  4.31181727  1.786       1.786       1.786     ]
2022-09-17 21:10:10,830 mloop.controllers    INFO     cost -0.0 +/- 0.0
2022-09-17 21:10:10,830 mloop.controllers    INFO     Run:54 (machine learner)
2022-09-17 21:10:10,831 mloop.controllers    INFO     params [11.03862839  2.3144046   1.786       1.786       1.786     ]
2022-09-17 21:11:03,691 mloop.controllers    INFO     cost -0.0 +/- 0.0
2022-09-17 21:11:03,691 mloop.controllers    INFO     Run:55 (trainer)
2022-09-17 21:11:03,692 mloop.controllers    INFO     params [11.99802504 12.32639455 15.86076907  8.72872952  2.31541331]
2022-09-17 21:12:08,926 mloop.controllers    INFO     cost -0.1871980721950538 +/- 0.0
2022-09-17 21:12:08,927 mloop.controllers    INFO     Run:56 (machine learner)
2022-09-17 21:12:08,927 mloop.controllers    INFO     params [9.14632971 5.89417571 3.89346101 1.786      1.786     ]
2022-09-17 21:13:00,402 mloop.controllers    INFO     cost -0.0 +/- 0.0
2022-09-17 21:13:00,402 mloop.controllers    INFO     Run:57 (machine learner)
2022-09-17 21:13:00,403 mloop.controllers    INFO     params [9.4043733  4.78823874 2.65393281 1.786      1.786     ]
2022-09-17 21:14:01,430 mloop.controllers    INFO     cost -0.0 +/- 0.0
2022-09-17 21:14:01,430 mloop.controllers    INFO     Run:58 (machine learner)
2022-09-17 21:14:01,431 mloop.controllers    INFO     params [19.9         8.38356275  1.786       1.786      17.17472313]
2022-09-17 21:14:53,731 mloop.controllers    INFO     cost -0.0 +/- 0.0
2022-09-17 21:14:53,732 mloop.controllers    INFO     Run:59 (trainer)
2022-09-17 21:14:53,733 mloop.controllers    INFO     params [16.90400709 15.56129014 14.85589761 12.65519051  7.91610282]
2022-09-17 21:16:06,956 mloop.controllers    INFO     cost -0.01873941472936398 +/- 0.0
2022-09-17 21:16:06,957 mloop.controllers    INFO     Run:60 (machine learner)
2022-09-17 21:16:06,957 mloop.controllers    INFO     params [10.91854903  5.61356284  4.27320574  1.786       1.786     ]
2022-09-17 21:17:09,445 mloop.controllers    INFO     cost -0.0 +/- 0.0
2022-09-17 21:17:09,445 mloop.controllers    INFO     Run:61 (machine learner)
2022-09-17 21:17:09,445 mloop.controllers    INFO     params [11.356978    3.96857014  4.29927689  3.98651577  1.786     ]
2022-09-17 21:18:00,880 mloop.controllers    INFO     cost -0.0 +/- 0.0
2022-09-17 21:18:00,880 mloop.controllers    INFO     Run:62 (machine learner)
2022-09-17 21:18:00,881 mloop.controllers    INFO     params [11.37518858  5.52000938  4.40961445  1.786       2.26781705]
2022-09-17 21:18:54,631 mloop.controllers    INFO     cost 0.0 +/- 0.0
2022-09-17 21:18:54,631 mloop.controllers    INFO     Run:63 (trainer)
2022-09-17 21:18:54,632 mloop.controllers    INFO     params [16.3775367   7.92947789  6.18867147  5.16672372  3.04879592]
2022-09-17 21:20:03,514 mloop.controllers    INFO     cost -0.25407947804702913 +/- 0.0
2022-09-17 21:20:03,514 mloop.controllers    INFO     Run:64 (machine learner)
2022-09-17 21:20:03,515 mloop.controllers    INFO     params [9.76609022 3.94761815 2.91675205 1.786      1.786     ]
2022-09-17 21:20:57,299 mloop.controllers    INFO     cost -0.0 +/- 0.0
2022-09-17 21:20:57,299 mloop.controllers    INFO     Run:65 (machine learner)
2022-09-17 21:20:57,299 mloop.controllers    INFO     params [10.06662987  5.72104556  2.91693261  2.86699073  2.24163611]
2022-09-17 21:21:55,036 mloop.controllers    INFO     cost -1.8794785921588433 +/- 0.0
2022-09-17 21:21:55,036 mloop.controllers    INFO     Run:66 (machine learner)
2022-09-17 21:21:55,037 mloop.controllers    INFO     params [9.93912023 5.34407503 2.600708   2.59734692 1.786     ]
2022-09-17 21:23:03,276 mloop.controllers    INFO     cost -8.458986147681763e-05 +/- 0.0
2022-09-17 21:23:03,277 mloop.controllers    INFO     Run:67 (trainer)
2022-09-17 21:23:03,277 mloop.controllers    INFO     params [11.74145025  4.13788945 13.76984063  7.80977955  9.71531679]
2022-09-17 21:24:09,619 mloop.controllers    INFO     cost -0.05275059658978239 +/- 0.0
2022-09-17 21:24:09,624 mloop.controllers    INFO     Run:68 (machine learner)
2022-09-17 21:24:09,624 mloop.controllers    INFO     params [19.9         6.74718716  1.786       1.786      12.78900096]
2022-09-17 21:25:00,602 mloop.controllers    INFO     cost -0.0 +/- 0.0
2022-09-17 21:25:00,602 mloop.controllers    INFO     Run:69 (machine learner)
2022-09-17 21:25:00,603 mloop.controllers    INFO     params [18.52304727  3.83699811  3.6123665   1.786       9.95946273]
2022-09-17 21:25:51,623 mloop.controllers    INFO     cost -0.0 +/- 0.0
2022-09-17 21:25:51,623 mloop.controllers    INFO     Run:70 (machine learner)
2022-09-17 21:25:51,624 mloop.controllers    INFO     params [19.9         5.76669372  4.12381958  1.786       9.66582051]
2022-09-17 21:26:45,983 mloop.controllers    INFO     cost -0.0 +/- 0.0
2022-09-17 21:26:45,984 mloop.controllers    INFO     Run:71 (trainer)
2022-09-17 21:26:45,984 mloop.controllers    INFO     params [ 7.49208916 18.44991319  1.90968415 10.1394426   3.56877538]
2022-09-17 21:27:40,211 mloop.controllers    INFO     cost -1.0206408557515654e-294 +/- 0.0
2022-09-17 21:27:40,211 mloop.controllers    INFO     Run:72 (machine learner)
2022-09-17 21:27:40,212 mloop.controllers    INFO     params [16.53751682  5.51928831  4.08135929  1.786      12.64358984]
2022-09-17 21:28:31,378 mloop.controllers    INFO     cost -0.0 +/- 0.0
2022-09-17 21:28:31,378 mloop.controllers    INFO     Run:73 (machine learner)
2022-09-17 21:28:31,379 mloop.controllers    INFO     params [10.08802959  6.0811934   2.79828091  1.85136775  3.08954887]
2022-09-17 21:29:23,509 mloop.controllers    INFO     cost -13.156484838435242 +/- 0.0
2022-09-17 21:29:23,509 mloop.controllers    INFO     Run:74 (machine learner)
2022-09-17 21:29:23,511 mloop.controllers    INFO     params [10.37397084  7.1215598   3.86201141  2.89391312  4.33070135]
2022-09-17 21:30:29,355 mloop.controllers    INFO     cost -0.5427195533793089 +/- 0.0
2022-09-17 21:30:29,355 mloop.controllers    INFO     Run:75 (trainer)
2022-09-17 21:30:29,356 mloop.controllers    INFO     params [18.86610739  6.57767595 15.09882702  8.05896931 16.52658829]
2022-09-17 21:31:34,948 mloop.controllers    INFO     cost -0.021932249441522778 +/- 0.0
2022-09-17 21:31:34,948 mloop.controllers    INFO     Run:76 (machine learner)
2022-09-17 21:31:34,948 mloop.controllers    INFO     params [9.41975332 5.82475218 1.786      1.786      4.44875137]
2022-09-17 21:32:32,609 mloop.controllers    INFO     cost -0.0 +/- 0.0
2022-09-17 21:32:32,609 mloop.controllers    INFO     Run:77 (machine learner)
2022-09-17 21:32:32,609 mloop.controllers    INFO     params [8.90754907 9.24419777 1.786      2.07958088 8.52258278]
2022-09-17 21:33:26,242 mloop.controllers    INFO     cost -0.0 +/- 0.0
2022-09-17 21:33:26,243 mloop.controllers    INFO     Run:78 (machine learner)
2022-09-17 21:33:26,243 mloop.controllers    INFO     params [8.93616361 6.20298098 2.66419809 1.786      4.51870044]
2022-09-17 21:34:17,758 mloop.controllers    INFO     cost -0.0 +/- 0.0
2022-09-17 21:34:17,759 mloop.controllers    INFO     Run:79 (trainer)
2022-09-17 21:34:17,760 mloop.controllers    INFO     params [ 7.95537297 11.31219503  3.22369345 12.01852549 13.80792037]
2022-09-17 21:35:21,746 mloop.controllers    INFO     cost -0.09368283611985548 +/- 0.0
2022-09-17 21:35:21,747 mloop.controllers    INFO     Run:80 (machine learner)
2022-09-17 21:35:21,747 mloop.controllers    INFO     params [10.19089818  6.00797195  2.55020266  1.786       2.90705013]
2022-09-17 21:36:22,506 mloop.controllers    INFO     cost -0.0 +/- 0.0
2022-09-17 21:36:22,506 mloop.controllers    INFO     Run:81 (machine learner)
2022-09-17 21:36:22,506 mloop.controllers    INFO     params [10.29679024  5.86063818  2.77305024  1.786       3.47184284]
2022-09-17 21:37:14,140 mloop.controllers    INFO     cost -0.0 +/- 0.0
2022-09-17 21:37:14,143 mloop.controllers    INFO     Run:82 (machine learner)
2022-09-17 21:37:14,144 mloop.controllers    INFO     params [10.21595921  5.81449034  3.06736221  1.786       3.67101059]
2022-09-17 21:38:07,853 mloop.controllers    INFO     cost 0.0 +/- 0.0
2022-09-17 21:38:07,854 mloop.controllers    INFO     Run:83 (trainer)
2022-09-17 21:38:07,855 mloop.controllers    INFO     params [14.258442   13.43323933  9.65852164 14.67831386  5.6095277 ]
2022-09-17 21:39:14,051 mloop.controllers    INFO     cost -0.028363413272118363 +/- 0.0
2022-09-17 21:39:14,051 mloop.controllers    INFO     Run:84 (machine learner)
2022-09-17 21:39:14,052 mloop.controllers    INFO     params [10.13701579  6.75551609  1.786       1.786       2.66338894]
2022-09-17 21:40:06,293 mloop.controllers    INFO     cost -0.0 +/- 0.0
2022-09-17 21:40:06,293 mloop.controllers    INFO     Run:85 (machine learner)
2022-09-17 21:40:06,294 mloop.controllers    INFO     params [15.95736396  8.2632917   2.46825653  1.786      12.54644318]
2022-09-17 21:41:00,150 mloop.controllers    INFO     cost -0.0 +/- 0.0
2022-09-17 21:41:00,150 mloop.controllers    INFO     Run:86 (machine learner)
2022-09-17 21:41:00,151 mloop.controllers    INFO     params [9.86080031 6.43205063 2.84518191 2.31183653 3.04002175]
2022-09-17 21:42:00,233 mloop.controllers    INFO     cost -1.7560682563441166 +/- 0.0
2022-09-17 21:42:00,233 mloop.controllers    INFO     Run:87 (trainer)
2022-09-17 21:42:00,234 mloop.controllers    INFO     params [ 1.99333754 11.8006783  19.0197198   7.44312749 12.54554957]
2022-09-17 21:42:52,380 mloop.controllers    INFO     cost -0.0 +/- 0.0
2022-09-17 21:42:52,380 mloop.controllers    INFO     Run:88 (machine learner)
2022-09-17 21:42:52,380 mloop.controllers    INFO     params [9.87323587 5.49893851 4.07498048 1.786      2.8887914 ]
2022-09-17 21:43:49,879 mloop.controllers    INFO     cost -0.0 +/- 0.0
2022-09-17 21:43:49,880 mloop.controllers    INFO     Run:89 (machine learner)
2022-09-17 21:43:49,880 mloop.controllers    INFO     params [9.31699797 6.63063844 2.09943278 1.786      1.786     ]
2022-09-17 21:45:05,934 mloop.controllers    INFO     cost -4.5003458065332724e-05 +/- 0.0
2022-09-17 21:45:05,934 mloop.controllers    INFO     Run:90 (machine learner)
2022-09-17 21:45:05,934 mloop.controllers    INFO     params [9.93688041 6.27603859 3.00571034 2.25983474 3.05330074]
2022-09-17 21:46:08,654 mloop.controllers    INFO     cost -2.040434634639093 +/- 0.0
2022-09-17 21:46:08,654 mloop.controllers    INFO     Run:91 (trainer)
2022-09-17 21:46:08,655 mloop.controllers    INFO     params [ 7.10817678  6.20019024 10.40678386  8.85427859 18.80442234]
2022-09-17 21:47:17,380 mloop.controllers    INFO     cost -0.036428170177518364 +/- 0.0
2022-09-17 21:47:17,381 mloop.controllers    INFO     Run:92 (machine learner)
2022-09-17 21:47:17,381 mloop.controllers    INFO     params [9.96281719 6.09162522 2.81085807 1.786      3.31106661]
2022-09-17 21:48:11,578 mloop.controllers    INFO     cost -0.0 +/- 0.0
2022-09-17 21:48:11,578 mloop.controllers    INFO     Run:93 (machine learner)
2022-09-17 21:48:11,578 mloop.controllers    INFO     params [9.80044111 6.6510035  3.07219376 1.786      1.97382516]
2022-09-17 21:49:18,848 mloop.controllers    INFO     cost -0.00015206523011832828 +/- 0.0
2022-09-17 21:49:18,849 mloop.controllers    INFO     Run:94 (machine learner)
2022-09-17 21:49:18,849 mloop.controllers    INFO     params [9.71700986 5.93472803 2.587202   2.63523904 3.64301392]
2022-09-17 21:50:21,926 mloop.controllers    INFO     cost -0.9836585617217729 +/- 0.0
2022-09-17 21:50:21,926 mloop.controllers    INFO     Run:95 (trainer)
2022-09-17 21:50:21,927 mloop.controllers    INFO     params [16.22700361 17.01504487  2.4309495   7.17213224  6.696397  ]
2022-09-17 21:51:20,809 mloop.controllers    INFO     cost -0.058912984579896424 +/- 0.0
2022-09-17 21:51:20,809 mloop.controllers    INFO     Run:96 (machine learner)
2022-09-17 21:51:20,810 mloop.controllers    INFO     params [10.07856828  5.95591909  2.9826556   1.786       2.78578841]
2022-09-17 21:52:13,255 mloop.controllers    INFO     cost -0.0 +/- 0.0
2022-09-17 21:52:13,255 mloop.controllers    INFO     Run:97 (machine learner)
2022-09-17 21:52:13,256 mloop.controllers    INFO     params [10.19914745  5.69305043  2.87936553  1.786       2.41447691]
2022-09-17 21:53:07,317 mloop.controllers    INFO     cost -0.0 +/- 0.0
2022-09-17 21:53:07,317 mloop.controllers    INFO     Run:98 (machine learner)
2022-09-17 21:53:07,317 mloop.controllers    INFO     params [10.23528667  5.83549817  3.30268396  2.05230304  3.09923513]
2022-09-17 21:54:06,587 mloop.controllers    INFO     cost -4.803471667417941 +/- 0.0
2022-09-17 21:54:06,588 mloop.controllers    INFO     Run:99 (trainer)
2022-09-17 21:54:06,589 mloop.controllers    INFO     params [19.56268507  1.86208022 13.99483581 15.8197029   8.64407044]
2022-09-17 21:54:58,940 mloop.controllers    INFO     cost -0.0 +/- 0.0
2022-09-17 21:54:58,941 mloop.controllers    INFO     Run:100 (machine learner)
2022-09-17 21:54:58,941 mloop.controllers    INFO     params [10.54413511  6.23196816  2.56215177  1.94934958  3.48532405]
2022-09-17 21:55:56,445 mloop.controllers    INFO     cost -8.064250519421524 +/- 0.0
2022-09-17 21:55:56,446 mloop.controllers    INFO     Run:101 (machine learner)
2022-09-17 21:55:56,446 mloop.controllers    INFO     params [10.39185017  5.35620636  3.06373471  1.94206578  2.88660722]
2022-09-17 21:56:51,513 mloop.controllers    INFO     cost -9.547467963364726 +/- 0.0
2022-09-17 21:56:51,514 mloop.controllers    INFO     Run:102 (machine learner)
2022-09-17 21:56:51,514 mloop.controllers    INFO     params [8.31102044 4.65567796 4.36672934 4.78104581 5.53741649]
2022-09-17 21:58:01,839 mloop.controllers    INFO     cost -0.11966445460798142 +/- 0.0
2022-09-17 21:58:01,840 mloop.controllers    INFO     Run:103 (trainer)
2022-09-17 21:58:01,841 mloop.controllers    INFO     params [13.40206918  2.1437798   5.73159949 14.97147926 13.82073445]
2022-09-17 21:59:02,632 mloop.controllers    INFO     cost -0.07470209700282539 +/- 0.0
2022-09-17 21:59:02,633 mloop.controllers    INFO     Run:104 (machine learner)
2022-09-17 21:59:02,633 mloop.controllers    INFO     params [10.42669748  6.49614652  3.26837383  4.14023964  4.11508492]
2022-09-17 22:00:17,094 mloop.controllers    INFO     cost -0.26359061669570255 +/- 0.0
2022-09-17 22:00:17,094 mloop.controllers    INFO     Run:105 (machine learner)
2022-09-17 22:00:17,095 mloop.controllers    INFO     params [11.05163028  5.29737472  2.56096989  2.11350029  3.6964585 ]
2022-09-17 22:01:22,694 mloop.controllers    INFO     cost -3.9648782374299927 +/- 0.0
2022-09-17 22:01:22,694 mloop.controllers    INFO     Run:106 (machine learner)
2022-09-17 22:01:22,695 mloop.controllers    INFO     params [9.51710402 7.90850954 1.786      5.96981412 2.66827449]
2022-09-17 22:02:15,985 mloop.controllers    INFO     cost -0.0 +/- 0.0
2022-09-17 22:02:15,986 mloop.controllers    INFO     Run:107 (trainer)
2022-09-17 22:02:15,987 mloop.controllers    INFO     params [ 2.93962672 10.59096534 13.54022378 15.59280846 17.03272702]
2022-09-17 22:03:17,917 mloop.controllers    INFO     cost -0.03325221719441458 +/- 0.0
2022-09-17 22:03:17,917 mloop.controllers    INFO     Run:108 (machine learner)
2022-09-17 22:03:17,917 mloop.controllers    INFO     params [10.70042253  5.1478246   3.10691567  1.786       4.04966769]
2022-09-17 22:04:10,201 mloop.controllers    INFO     cost -0.0 +/- 0.0
2022-09-17 22:04:10,202 mloop.controllers    INFO     Run:109 (machine learner)
2022-09-17 22:04:10,202 mloop.controllers    INFO     params [11.43832981  4.76522783  2.83486556  1.81922349  3.68591426]
2022-09-17 22:05:01,047 mloop.controllers    INFO     cost -0.001141957912979073 +/- 0.0
2022-09-17 22:05:01,047 mloop.controllers    INFO     Run:110 (machine learner)
2022-09-17 22:05:01,047 mloop.controllers    INFO     params [11.67122412  3.10125858  4.92163626  1.786       3.56694049]
2022-09-17 22:05:55,057 mloop.controllers    INFO     cost -0.0 +/- 0.0
2022-09-17 22:05:55,057 mloop.controllers    INFO     Run:111 (trainer)
2022-09-17 22:05:55,058 mloop.controllers    INFO     params [11.58592717 12.81039492 15.61394747  2.82950063 18.18029212]
2022-09-17 22:07:00,273 mloop.controllers    INFO     cost -0.0704421840079383 +/- 0.0
2022-09-17 22:07:00,273 mloop.controllers    INFO     Run:112 (machine learner)
2022-09-17 22:07:00,273 mloop.controllers    INFO     params [10.06329808  6.06111673  2.73851997  1.79120123  3.14624436]
2022-09-17 22:08:00,728 mloop.controllers    INFO     cost -0.0 +/- 0.0
2022-09-17 22:08:00,732 mloop.controllers    INFO     Run:113 (machine learner)
2022-09-17 22:08:00,733 mloop.controllers    INFO     params [10.74704501  4.84983225  3.27778952  1.85581345  2.74757046]
2022-09-17 22:09:02,153 mloop.controllers    INFO     cost -14.849931364922503 +/- 0.0
2022-09-17 22:09:02,153 mloop.controllers    INFO     Run:114 (machine learner)
2022-09-17 22:09:02,154 mloop.controllers    INFO     params [10.86477616  6.28153318  2.38973625  1.786       3.42041306]
2022-09-17 22:09:59,905 mloop.controllers    INFO     cost -0.0 +/- 0.0
2022-09-17 22:09:59,907 mloop.controllers    INFO     Run:115 (trainer)
2022-09-17 22:09:59,909 mloop.controllers    INFO     params [ 6.97398105 19.22334178 18.0534495  10.90324354 15.63645675]
2022-09-17 22:11:06,597 mloop.controllers    INFO     cost -0.017260881074242486 +/- 0.0
2022-09-17 22:11:06,597 mloop.controllers    INFO     Run:116 (machine learner)
2022-09-17 22:11:06,597 mloop.controllers    INFO     params [10.75704212  4.86654959  3.13063386  1.786       2.76879055]
2022-09-17 22:11:59,825 mloop.controllers    INFO     cost -0.0 +/- 0.0
2022-09-17 22:11:59,825 mloop.controllers    INFO     Run:117 (machine learner)
2022-09-17 22:11:59,825 mloop.controllers    INFO     params [10.57965212  4.57927724  3.50298054  2.22697275  1.95598357]
2022-09-17 22:12:56,773 mloop.controllers    INFO     cost -16.46012679282365 +/- 0.0
2022-09-17 22:12:56,774 mloop.controllers    INFO     Run:118 (machine learner)
2022-09-17 22:12:56,774 mloop.controllers    INFO     params [10.90540137  4.95449978  3.43393396  1.786       2.70108101]
2022-09-17 22:13:48,910 mloop.controllers    INFO     cost -0.0 +/- 0.0
2022-09-17 22:13:48,910 mloop.controllers    INFO     Run:119 (trainer)
2022-09-17 22:13:48,911 mloop.controllers    INFO     params [ 2.02789817 16.97798984  3.69634876 10.61805347 19.87791046]
2022-09-17 22:14:51,080 mloop.controllers    INFO     cost -0.004980108010545138 +/- 0.0
2022-09-17 22:14:51,080 mloop.controllers    INFO     Run:120 (machine learner)
2022-09-17 22:14:51,081 mloop.controllers    INFO     params [10.55918917  4.35035355  3.54241964  1.97172133  1.786     ]
2022-09-17 22:15:42,386 mloop.controllers    INFO     cost -0.0 +/- 0.0
2022-09-17 22:15:42,386 mloop.controllers    INFO     Run:121 (machine learner)
2022-09-17 22:15:42,387 mloop.controllers    INFO     params [10.40084554  3.99611901  4.50264579  3.1274113   1.786     ]
2022-09-17 22:16:40,051 mloop.controllers    INFO     cost -0.0 +/- 0.0
2022-09-17 22:16:40,051 mloop.controllers    INFO     Run:122 (machine learner)
2022-09-17 22:16:40,051 mloop.controllers    INFO     params [10.59695425  4.12969047  3.59774741  2.38178956  1.786     ]
2022-09-17 22:17:35,132 mloop.controllers    INFO     cost -0.0 +/- 0.0
2022-09-17 22:17:35,132 mloop.controllers    INFO     Run:123 (trainer)
2022-09-17 22:17:35,133 mloop.controllers    INFO     params [17.35079441  4.68511495 15.22685959 12.19493038 15.44332764]
2022-09-17 22:18:42,472 mloop.controllers    INFO     cost -0.028796362843823965 +/- 0.0
2022-09-17 22:18:42,472 mloop.controllers    INFO     Run:124 (machine learner)
2022-09-17 22:18:42,473 mloop.controllers    INFO     params [10.56372153  4.91930197  3.28414067  2.23434864  2.21325368]
2022-09-17 22:19:40,730 mloop.controllers    INFO     cost -4.612599629677503 +/- 0.0
2022-09-17 22:19:40,730 mloop.controllers    INFO     Run:125 (machine learner)
2022-09-17 22:19:40,730 mloop.controllers    INFO     params [10.51363923  5.13877044  3.23325302  2.19196823  2.71662814]
2022-09-17 22:20:50,989 mloop.controllers    INFO     cost -3.5250620900941665 +/- 0.0
2022-09-17 22:20:50,989 mloop.controllers    INFO     Run:126 (machine learner)
2022-09-17 22:20:50,990 mloop.controllers    INFO     params [10.60785295  4.73795323  3.10816034  1.90946097  1.89625372]
2022-09-17 22:21:45,816 mloop.controllers    INFO     cost -37.89183273253667 +/- 0.0
2022-09-17 22:21:45,817 mloop.controllers    INFO     Run:127 (trainer)
2022-09-17 22:21:45,817 mloop.controllers    INFO     params [14.71277828 10.68150464 15.14013371  5.94518401  2.02636856]
2022-09-17 22:22:46,371 mloop.controllers    INFO     cost -1.0214036330991636 +/- 0.0
2022-09-17 22:22:46,372 mloop.controllers    INFO     Run:128 (machine learner)
2022-09-17 22:22:46,372 mloop.controllers    INFO     params [10.7046037   4.80549678  3.06889449  2.10534364  1.786     ]
2022-09-17 22:23:40,801 mloop.controllers    INFO     cost 0.0 +/- 0.0
2022-09-17 22:23:40,801 mloop.controllers    INFO     Run:129 (machine learner)
2022-09-17 22:23:40,801 mloop.controllers    INFO     params [10.54651202  4.76529982  3.02553216  1.786       1.786     ]
2022-09-17 22:24:31,582 mloop.controllers    INFO     cost -0.0 +/- 0.0
2022-09-17 22:24:31,583 mloop.controllers    INFO     Run:130 (machine learner)
2022-09-17 22:24:31,583 mloop.controllers    INFO     params [10.60020688  4.64794388  2.86745088  1.81555412  1.786     ]
2022-09-17 22:25:25,384 mloop.controllers    INFO     cost -0.0 +/- 0.0
2022-09-17 22:25:25,384 mloop.controllers    INFO     Run:131 (trainer)
2022-09-17 22:25:25,385 mloop.controllers    INFO     params [ 6.22140304  4.3965484   5.18891611  9.5218682  18.06610252]
2022-09-17 22:26:32,242 mloop.controllers    INFO     cost -0.08747865022440474 +/- 0.0
2022-09-17 22:26:32,243 mloop.controllers    INFO     Run:132 (machine learner)
2022-09-17 22:26:32,243 mloop.controllers    INFO     params [10.83472567  4.91320085  2.91668822  1.786       2.2335084 ]
2022-09-17 22:27:35,552 mloop.controllers    INFO     cost -0.0 +/- 0.0
2022-09-17 22:27:35,552 mloop.controllers    INFO     Run:133 (machine learner)
2022-09-17 22:27:35,552 mloop.controllers    INFO     params [10.50911067  4.67484657  3.15974527  1.88489905  1.786     ]
2022-09-17 22:28:30,402 mloop.controllers    INFO     cost -0.0 +/- 0.0
2022-09-17 22:28:30,406 mloop.controllers    INFO     Run:134 (machine learner)
2022-09-17 22:28:30,406 mloop.controllers    INFO     params [10.71068983  3.81942597  4.56483325  1.786       3.43178017]
2022-09-17 22:29:24,243 mloop.controllers    INFO     cost 0.0 +/- 0.0
2022-09-17 22:29:24,244 mloop.controllers    INFO     Run:135 (trainer)
2022-09-17 22:29:24,245 mloop.controllers    INFO     params [13.19395689  1.80786083  5.13372892 18.90788685 19.10369593]
2022-09-17 22:30:20,478 mloop.controllers    INFO     cost -0.0 +/- 0.0
2022-09-17 22:30:20,478 mloop.controllers    INFO     Run:136 (machine learner)
2022-09-17 22:30:20,479 mloop.controllers    INFO     params [10.61495942  4.69849637  2.89623782  1.786       2.15378768]
2022-09-17 22:31:11,271 mloop.controllers    INFO     cost -0.0 +/- 0.0
2022-09-17 22:31:11,271 mloop.controllers    INFO     Run:137 (machine learner)
2022-09-17 22:31:11,271 mloop.controllers    INFO     params [10.67377474  4.7797582   2.88950695  1.85428733  2.03653411]
2022-09-17 22:32:06,826 mloop.controllers    INFO     cost -17.324144492525875 +/- 0.0
2022-09-17 22:32:06,826 mloop.controllers    INFO     Run:138 (machine learner)
2022-09-17 22:32:06,826 mloop.controllers    INFO     params [11.97961152  6.95004612  3.28108684  7.04494135  7.26222617]
2022-09-17 22:33:11,176 mloop.controllers    INFO     cost -0.19319404382529548 +/- 0.0
2022-09-17 22:33:11,177 mloop.controllers    INFO     Run:139 (trainer)
2022-09-17 22:33:11,178 mloop.controllers    INFO     params [ 1.87684126  7.10609576  9.28023998 18.03632216 17.34225427]
2022-09-17 22:34:04,810 mloop.controllers    INFO     cost -0.0 +/- 0.0
2022-09-17 22:34:04,810 mloop.controllers    INFO     Run:140 (machine learner)
2022-09-17 22:34:04,811 mloop.controllers    INFO     params [10.6813832   4.64039027  3.18954355  1.83629518  1.89882132]
2022-09-17 22:34:58,570 mloop.controllers    INFO     cost -0.0 +/- 0.0
2022-09-17 22:34:58,570 mloop.controllers    INFO     Run:141 (machine learner)
2022-09-17 22:34:58,571 mloop.controllers    INFO     params [10.17649352  4.5441964   4.10583674  2.23364453  1.786     ]
2022-09-17 22:36:05,411 mloop.controllers    INFO     cost -3.7942610156311466e-05 +/- 0.0
2022-09-17 22:36:05,412 mloop.controllers    INFO     Run:142 (machine learner)
2022-09-17 22:36:05,412 mloop.controllers    INFO     params [10.71279781  4.44077884  3.14699907  1.786       1.82943399]
2022-09-17 22:36:54,446 mloop.controllers    INFO     cost -0.0 +/- 0.0
2022-09-17 22:36:54,447 mloop.controllers    INFO     Run:143 (trainer)
2022-09-17 22:36:54,447 mloop.controllers    INFO     params [ 4.60712633 16.8978162  15.0117114  14.63699662 13.51779142]
2022-09-17 22:37:59,754 mloop.controllers    INFO     cost -0.022864373381239273 +/- 0.0
2022-09-17 22:37:59,754 mloop.controllers    INFO     Run:144 (machine learner)
2022-09-17 22:37:59,755 mloop.controllers    INFO     params [10.61620311  4.73124007  2.9317305   1.786       1.786     ]
2022-09-17 22:38:54,924 mloop.controllers    INFO     cost 0.0 +/- 0.0
2022-09-17 22:38:54,924 mloop.controllers    INFO     Run:145 (machine learner)
2022-09-17 22:38:54,925 mloop.controllers    INFO     params [10.56961291  4.70094579  3.15341852  1.94280886  1.88787463]
2022-09-17 22:39:48,285 mloop.controllers    INFO     cost -44.63438380485799 +/- 0.0
2022-09-17 22:39:48,285 mloop.controllers    INFO     Run:146 (machine learner)
2022-09-17 22:39:48,286 mloop.controllers    INFO     params [10.90205461  4.79606379  2.94859678  1.786       1.79706201]
2022-09-17 22:40:42,083 mloop.controllers    INFO     cost -0.0 +/- 0.0
2022-09-17 22:40:42,083 mloop.controllers    INFO     Run:147 (trainer)
2022-09-17 22:40:42,084 mloop.controllers    INFO     params [19.57866619  6.70263077  9.85344043 18.96948013  6.81635051]
2022-09-17 22:41:52,426 mloop.controllers    INFO     cost -0.022552709171815594 +/- 0.0
2022-09-17 22:41:52,426 mloop.controllers    INFO     Run:148 (machine learner)
2022-09-17 22:41:52,427 mloop.controllers    INFO     params [10.57365044  5.00502276  3.52772728  1.786       2.38719012]
2022-09-17 22:42:53,471 mloop.controllers    INFO     cost -0.0 +/- 0.0
2022-09-17 22:42:53,471 mloop.controllers    INFO     Run:149 (machine learner)
2022-09-17 22:42:53,472 mloop.controllers    INFO     params [11.51685193  5.47508471  3.49373264  1.786       2.12764546]
2022-09-17 22:43:51,208 mloop.controllers    INFO     cost -0.0 +/- 0.0
2022-09-17 22:43:51,208 mloop.controllers    INFO     Run:150 (machine learner)
2022-09-17 22:43:51,209 mloop.controllers    INFO     params [10.48939443  4.81880638  3.32290118  1.8910129   1.786     ]
2022-09-17 22:44:45,213 mloop.controllers    INFO     cost 0.0 +/- 0.0
2022-09-17 22:44:45,215 mloop.controllers    INFO     Run:151 (trainer)
2022-09-17 22:44:45,215 mloop.controllers    INFO     params [17.21459315  8.38321934  6.20544431 11.95200254  7.23157427]
2022-09-17 22:45:50,843 mloop.controllers    INFO     cost -0.038466501474525676 +/- 0.0
2022-09-17 22:45:50,843 mloop.controllers    INFO     Run:152 (machine learner)
2022-09-17 22:45:50,844 mloop.controllers    INFO     params [10.47729061  4.85108043  3.16542059  1.786       2.07989208]
2022-09-17 22:46:43,845 mloop.controllers    INFO     cost -0.0 +/- 0.0
2022-09-17 22:46:43,845 mloop.controllers    INFO     Run:153 (machine learner)
2022-09-17 22:46:43,845 mloop.controllers    INFO     params [10.25812762  5.18230232  3.69311211  2.8241763   2.86148039]
2022-09-17 22:47:46,851 mloop.controllers    INFO     cost -0.8686429184998696 +/- 0.0
2022-09-17 22:47:46,851 mloop.controllers    INFO     Run:154 (machine learner)
2022-09-17 22:47:46,852 mloop.controllers    INFO     params [10.50171404  4.472728    3.04947777  1.92215698  1.786     ]
2022-09-17 22:48:42,712 mloop.controllers    INFO     cost -0.0 +/- 0.0
2022-09-17 22:48:42,712 mloop.controllers    INFO     Run:155 (trainer)
2022-09-17 22:48:42,713 mloop.controllers    INFO     params [ 3.57359952  7.99879428 14.73517266 16.73142741  6.39752848]
2022-09-17 22:49:49,749 mloop.controllers    INFO     cost -0.02891329909211072 +/- 0.0
2022-09-17 22:49:49,749 mloop.controllers    INFO     Run:156 (machine learner)
2022-09-17 22:49:49,750 mloop.controllers    INFO     params [10.6659846   4.92322016  3.24918767  2.32914339  2.25334427]
2022-09-17 22:50:48,960 mloop.controllers    INFO     cost -3.7175068531880324 +/- 0.0
2022-09-17 22:50:48,960 mloop.controllers    INFO     Run:157 (machine learner)
2022-09-17 22:50:48,961 mloop.controllers    INFO     params [10.49610642  4.96133203  3.54612836  2.45223135  2.34259815]
2022-09-17 22:51:46,286 mloop.controllers    INFO     cost -2.37012055586708 +/- 0.0
2022-09-17 22:51:46,287 mloop.controllers    INFO     Run:158 (machine learner)
2022-09-17 22:51:46,287 mloop.controllers    INFO     params [10.6586286   4.65480266  3.24918959  2.01645318  1.786     ]
2022-09-17 22:52:40,788 mloop.controllers    INFO     cost -0.0 +/- 0.0
2022-09-17 22:52:40,789 mloop.controllers    INFO     Run:159 (trainer)
2022-09-17 22:52:40,790 mloop.controllers    INFO     params [ 2.58700614  6.84778037  6.41632696 11.4664888  18.72769332]
2022-09-17 22:53:43,515 mloop.controllers    INFO     cost -0.027390561995194292 +/- 0.0
2022-09-17 22:53:43,515 mloop.controllers    INFO     Run:160 (machine learner)
2022-09-17 22:53:43,516 mloop.controllers    INFO     params [10.68109691  4.89961068  3.43005182  2.92873845  2.66831488]
2022-09-17 22:54:44,161 mloop.controllers    INFO     cost -0.9064675913742763 +/- 0.0
2022-09-17 22:54:44,161 mloop.controllers    INFO     Run:161 (machine learner)
2022-09-17 22:54:44,162 mloop.controllers    INFO     params [10.38718735  4.87956557  3.47241645  2.37927273  2.30620379]
2022-09-17 22:55:45,068 mloop.controllers    INFO     cost -2.685243892966409 +/- 0.0
2022-09-17 22:55:45,068 mloop.controllers    INFO     Run:162 (machine learner)
2022-09-17 22:55:45,068 mloop.controllers    INFO     params [13.06161264 10.84647361  1.88662689  1.786       9.57560976]
2022-09-17 22:56:37,257 mloop.controllers    INFO     cost -0.0 +/- 0.0
2022-09-17 22:56:37,258 mloop.controllers    INFO     Run:163 (trainer)
2022-09-17 22:56:37,258 mloop.controllers    INFO     params [16.25669651  7.10181944 12.67692812 17.3076309  11.33782913]
2022-09-17 22:57:44,443 mloop.controllers    INFO     cost -0.02006005541457698 +/- 0.0
2022-09-17 22:57:44,443 mloop.controllers    INFO     Run:164 (machine learner)
2022-09-17 22:57:44,444 mloop.controllers    INFO     params [10.6015076   5.86101792  3.50130583  3.11605075  3.76836194]
2022-09-17 22:58:50,334 mloop.controllers    INFO     cost -0.48285581670834166 +/- 0.0
2022-09-17 22:58:50,334 mloop.controllers    INFO     Run:165 (machine learner)
2022-09-17 22:58:50,334 mloop.controllers    INFO     params [10.54119461  4.9748205   3.25308527  2.06068179  1.84569306]
2022-09-17 22:59:43,982 mloop.controllers    INFO     cost -61.467668638696466 +/- 0.0
2022-09-17 22:59:43,982 mloop.controllers    INFO     Run:166 (machine learner)
2022-09-17 22:59:43,983 mloop.controllers    INFO     params [10.71992568  4.64369487  3.31164476  1.79932407  2.03630372]
2022-09-17 23:00:46,012 mloop.controllers    INFO     cost -0.0 +/- 0.0
2022-09-17 23:00:46,012 mloop.controllers    INFO     Run:167 (trainer)
2022-09-17 23:00:46,013 mloop.controllers    INFO     params [18.07530959  7.96218206 17.42130794  2.41878633 15.63786819]
2022-09-17 23:01:44,708 mloop.controllers    INFO     cost -0.05426788389250624 +/- 0.0
2022-09-17 23:01:44,708 mloop.controllers    INFO     Run:168 (machine learner)
2022-09-17 23:01:44,709 mloop.controllers    INFO     params [10.71471613  5.21243097  2.95152239  2.79485712  1.786     ]
2022-09-17 23:02:41,519 mloop.controllers    INFO     cost -0.0 +/- 0.0
2022-09-17 23:02:41,520 mloop.controllers    INFO     Run:169 (machine learner)
2022-09-17 23:02:41,520 mloop.controllers    INFO     params [10.57355456  5.19334417  3.44658199  2.32529939  1.786     ]
2022-09-17 23:03:39,561 mloop.controllers    INFO     cost -0.0 +/- 0.0
2022-09-17 23:03:39,561 mloop.controllers    INFO     Run:170 (machine learner)
2022-09-17 23:03:39,562 mloop.controllers    INFO     params [10.67457719  5.16853206  3.42628317  2.07667056  1.786     ]
2022-09-17 23:04:34,757 mloop.controllers    INFO     cost -0.0 +/- 0.0
2022-09-17 23:04:34,762 mloop.controllers    INFO     Run:171 (trainer)
2022-09-17 23:04:34,763 mloop.controllers    INFO     params [10.07315991 10.81248118  6.64156293  6.36612767 15.71840591]
2022-09-17 23:05:42,258 mloop.controllers    INFO     cost -0.053568066694112834 +/- 0.0
2022-09-17 23:05:42,258 mloop.controllers    INFO     Run:172 (machine learner)
2022-09-17 23:05:42,259 mloop.controllers    INFO     params [10.5929915   5.05365189  3.26708539  2.87659754  1.786     ]
2022-09-17 23:06:43,079 mloop.controllers    INFO     cost -0.0 +/- 0.0
2022-09-17 23:06:43,079 mloop.controllers    INFO     Run:173 (machine learner)
2022-09-17 23:06:43,080 mloop.controllers    INFO     params [10.47966637  5.23068365  3.68431128  2.50354453  1.786     ]
2022-09-17 23:07:58,713 mloop.controllers    INFO     cost -6.326992227523012e-05 +/- 0.0
2022-09-17 23:07:58,714 mloop.controllers    INFO     Run:174 (machine learner)
2022-09-17 23:07:58,714 mloop.controllers    INFO     params [10.61775777  4.97661255  3.35288191  2.08272852  1.786     ]
2022-09-17 23:09:08,641 mloop.controllers    INFO     cost -6.616300518882045e-05 +/- 0.0
2022-09-17 23:09:08,642 mloop.controllers    INFO     Run:175 (trainer)
2022-09-17 23:09:08,642 mloop.controllers    INFO     params [15.21488471  6.49264779  9.85639657  4.98469524  9.86664699]
2022-09-17 23:10:18,042 mloop.controllers    INFO     cost -0.04858515242026421 +/- 0.0
2022-09-17 23:10:18,043 mloop.controllers    INFO     Run:176 (machine learner)
2022-09-17 23:10:18,043 mloop.controllers    INFO     params [10.73788005  5.36851658  3.0328411   1.97730349  1.786     ]
2022-09-17 23:11:11,904 mloop.controllers    INFO     cost -0.0 +/- 0.0
2022-09-17 23:11:11,904 mloop.controllers    INFO     Run:177 (machine learner)
2022-09-17 23:11:11,905 mloop.controllers    INFO     params [10.45600521  4.97231064  3.14589245  2.00367002  1.786     ]
2022-09-17 23:12:03,203 mloop.controllers    INFO     cost -0.0 +/- 0.0
2022-09-17 23:12:03,203 mloop.controllers    INFO     Run:178 (machine learner)
2022-09-17 23:12:03,205 mloop.controllers    INFO     params [10.58680756  5.00760927  3.1725803   2.00519686  1.786     ]
2022-09-17 23:12:54,705 mloop.controllers    INFO     cost 0.0 +/- 0.0
2022-09-17 23:12:54,705 mloop.controllers    INFO     Run:179 (trainer)
2022-09-17 23:12:54,706 mloop.controllers    INFO     params [14.26623218  2.30088632 16.80115726  4.44738704  2.37268387]
2022-09-17 23:13:52,422 mloop.controllers    INFO     cost -0.0989979011263234 +/- 0.0
2022-09-17 23:13:52,422 mloop.controllers    INFO     Run:180 (machine learner)
2022-09-17 23:13:52,423 mloop.controllers    INFO     params [10.54688411  4.82054423  3.11073375  1.786       1.786     ]
2022-09-17 23:14:44,402 mloop.controllers    INFO     cost -0.0 +/- 0.0
2022-09-17 23:14:44,402 mloop.controllers    INFO     Run:181 (machine learner)
2022-09-17 23:14:44,402 mloop.controllers    INFO     params [10.49261544  4.93231784  3.45295313  2.11270211  1.786     ]
2022-09-17 23:15:38,148 mloop.controllers    INFO     cost -0.0 +/- 0.0
2022-09-17 23:15:38,148 mloop.controllers    INFO     Run:182 (machine learner)
2022-09-17 23:15:38,149 mloop.controllers    INFO     params [10.74562418  4.86186199  3.70579776  1.87275605  1.79007491]
2022-09-17 23:16:30,950 mloop.controllers    INFO     cost -0.0 +/- 0.0
2022-09-17 23:16:30,951 mloop.controllers    INFO     Run:183 (trainer)
2022-09-17 23:16:30,952 mloop.controllers    INFO     params [ 6.92033706 15.78735533  6.19806889  6.53222879 15.26310383]
2022-09-17 23:17:36,642 mloop.controllers    INFO     cost -0.039233494673879474 +/- 0.0
2022-09-17 23:17:36,642 mloop.controllers    INFO     Run:184 (machine learner)
2022-09-17 23:17:36,642 mloop.controllers    INFO     params [10.54256346  4.91494656  2.98407377  1.786       1.786     ]
2022-09-17 23:18:30,140 mloop.controllers    INFO     cost 0.0 +/- 0.0
2022-09-17 23:18:30,140 mloop.controllers    INFO     Run:185 (machine learner)
2022-09-17 23:18:30,140 mloop.controllers    INFO     params [10.41426889  4.82308304  3.53849416  2.2627364   1.786     ]
2022-09-17 23:19:21,411 mloop.controllers    INFO     cost -0.0 +/- 0.0
2022-09-17 23:19:21,412 mloop.controllers    INFO     Run:186 (machine learner)
2022-09-17 23:19:21,412 mloop.controllers    INFO     params [10.28416531  4.43446023  2.55324453  2.02124074  1.786     ]
2022-09-17 23:20:11,605 mloop.controllers    INFO     cost -0.0 +/- 0.0
2022-09-17 23:20:11,606 mloop.controllers    INFO     Run:187 (trainer)
2022-09-17 23:20:11,607 mloop.controllers    INFO     params [ 9.18545103 14.10917455  9.75230638  8.85252653 12.05493955]
2022-09-17 23:21:20,551 mloop.controllers    INFO     cost -0.02260362198698586 +/- 0.0
2022-09-17 23:21:20,552 mloop.controllers    INFO     Run:188 (machine learner)
2022-09-17 23:21:20,552 mloop.controllers    INFO     params [10.55574615  4.88074083  3.28702739  1.786       1.86193724]
2022-09-17 23:22:14,269 mloop.controllers    INFO     cost -0.0 +/- 0.0
2022-09-17 23:22:14,269 mloop.controllers    INFO     Run:189 (machine learner)
2022-09-17 23:22:14,269 mloop.controllers    INFO     params [10.62050409  4.76459554  3.13614915  1.96209278  1.786     ]
2022-09-17 23:23:06,092 mloop.controllers    INFO     cost -0.0 +/- 0.0
2022-09-17 23:23:06,092 mloop.controllers    INFO     Run:190 (machine learner)
2022-09-17 23:23:06,093 mloop.controllers    INFO     params [10.58602283  5.04754308  3.12645042  2.23869507  1.786     ]
2022-09-17 23:23:58,281 mloop.controllers    INFO     cost -0.0 +/- 0.0
2022-09-17 23:23:58,282 mloop.controllers    INFO     Run:191 (trainer)
2022-09-17 23:23:58,283 mloop.controllers    INFO     params [14.85889936  5.229245    8.47655296 17.22402469  9.50114153]
2022-09-17 23:25:09,429 mloop.controllers    INFO     cost -0.03509967123107159 +/- 0.0
2022-09-17 23:25:09,430 mloop.controllers    INFO     Run:192 (machine learner)
2022-09-17 23:25:09,430 mloop.controllers    INFO     params [10.53713184  4.888708    2.95771273  1.786       1.786     ]
2022-09-17 23:26:05,216 mloop.controllers    INFO     cost -0.0 +/- 0.0
2022-09-17 23:26:05,219 mloop.controllers    INFO     Run:193 (machine learner)
2022-09-17 23:26:05,219 mloop.controllers    INFO     params [10.58643476  4.95438532  3.04701717  1.94527214  1.98058217]
2022-09-17 23:26:58,797 mloop.controllers    INFO     cost -21.279908456008467 +/- 0.0
2022-09-17 23:26:58,797 mloop.controllers    INFO     Run:194 (machine learner)
2022-09-17 23:26:58,797 mloop.controllers    INFO     params [10.7092713   5.32936606  3.16867867  2.37797353  1.786     ]
2022-09-17 23:27:55,307 mloop.controllers    INFO     cost -0.0 +/- 0.0
2022-09-17 23:27:55,308 mloop.controllers    INFO     Run:195 (trainer)
2022-09-17 23:27:55,309 mloop.controllers    INFO     params [ 5.18808603 19.88829711 19.89438972 17.97766958 15.11529356]
2022-09-17 23:29:02,995 mloop.controllers    INFO     cost -0.019258886873220138 +/- 0.0
2022-09-17 23:29:02,995 mloop.controllers    INFO     Run:196 (machine learner)
2022-09-17 23:29:02,996 mloop.controllers    INFO     params [10.3752187   4.80190968  1.786       1.786       1.786     ]
2022-09-17 23:30:01,159 mloop.controllers    INFO     cost -0.0 +/- 0.0
2022-09-17 23:30:01,160 mloop.controllers    INFO     Run:197 (machine learner)
2022-09-17 23:30:01,160 mloop.controllers    INFO     params [10.05370501  5.95599528  6.18251916  2.74086359  1.786     ]
2022-09-17 23:30:54,462 mloop.controllers    INFO     cost -0.0 +/- 0.0
2022-09-17 23:30:54,462 mloop.controllers    INFO     Run:198 (machine learner)
2022-09-17 23:30:54,463 mloop.controllers    INFO     params [10.68648468  4.90774437  3.04090449  2.16033601  1.786     ]
2022-09-17 23:31:46,553 mloop.controllers    INFO     cost -0.0 +/- 0.0
2022-09-17 23:31:46,554 mloop.controllers    INFO     Run:199 (trainer)
2022-09-17 23:31:46,555 mloop.controllers    INFO     params [ 6.42228748 15.6924994  10.95805411  4.64498176 14.69532173]
2022-09-17 23:32:55,233 mloop.controllers    INFO     cost -0.04121060941279445 +/- 0.0
2022-09-17 23:32:55,233 mloop.controllers    INFO     Run:200 (machine learner)
2022-09-17 23:32:55,234 mloop.controllers    INFO     params [10.55561106  4.47997318  1.786       1.786       2.16319911]
2022-09-17 23:33:46,844 mloop.controllers    INFO     cost -0.0 +/- 0.0
2022-09-17 23:33:46,844 mloop.controllers    INFO     Run:201 (machine learner)
2022-09-17 23:33:46,845 mloop.controllers    INFO     params [10.53895248  4.92516096  3.30707895  1.81745971  1.786     ]
2022-09-17 23:34:39,296 mloop.controllers    INFO     cost -0.0 +/- 0.0
2022-09-17 23:34:39,296 mloop.controllers    INFO     Run:202 (machine learner)
2022-09-17 23:34:39,296 mloop.controllers    INFO     params [10.49741564  4.70519377  2.73355657  2.22083685  1.786     ]
2022-09-17 23:35:31,093 mloop.controllers    INFO     cost -0.0 +/- 0.0
2022-09-17 23:35:31,094 mloop.controllers    INFO     Run:203 (trainer)
2022-09-17 23:35:31,095 mloop.controllers    INFO     params [ 4.70575562 18.01501765 16.67967092 13.67411683  9.44881394]
2022-09-17 23:36:37,461 mloop.controllers    INFO     cost -0.02188981986460065 +/- 0.0
2022-09-17 23:36:37,462 mloop.controllers    INFO     Run:204 (machine learner)
2022-09-17 23:36:37,462 mloop.controllers    INFO     params [10.60359539  5.10406775  2.28307935  1.786       2.40631618]
2022-09-17 23:37:29,619 mloop.controllers    INFO     cost 0.0 +/- 0.0
2022-09-17 23:37:29,619 mloop.controllers    INFO     Run:205 (machine learner)
2022-09-17 23:37:29,620 mloop.controllers    INFO     params [10.71073794  5.14652156  2.97285089  2.12069295  2.29562578]
2022-09-17 23:38:29,874 mloop.controllers    INFO     cost -4.544450516950712 +/- 0.0
2022-09-17 23:38:29,879 mloop.controllers    INFO     Run:206 (machine learner)
2022-09-17 23:38:29,879 mloop.controllers    INFO     params [10.60227596  4.7464536   3.24437275  1.90784755  1.786     ]
2022-09-17 23:39:24,717 mloop.controllers    INFO     cost 0.0 +/- 0.0
2022-09-17 23:39:24,717 mloop.controllers    INFO     Run:207 (trainer)
2022-09-17 23:39:24,718 mloop.controllers    INFO     params [ 3.84086534  2.93291403 11.88640829  8.8319265   1.94477985]
2022-09-17 23:40:31,454 mloop.controllers    INFO     cost -0.11162179961469387 +/- 0.0
2022-09-17 23:40:31,454 mloop.controllers    INFO     Run:208 (machine learner)
2022-09-17 23:40:31,455 mloop.controllers    INFO     params [10.50729008  4.85681034  3.23180437  1.786       1.87322884]
2022-09-17 23:41:24,434 mloop.controllers    INFO     cost -0.0 +/- 0.0
2022-09-17 23:41:24,434 mloop.controllers    INFO     Run:209 (machine learner)
2022-09-17 23:41:24,435 mloop.controllers    INFO     params [10.57197427  5.02657997  3.35083547  2.17769338  2.12324554]
2022-09-17 23:42:24,205 mloop.controllers    INFO     cost -5.876343708703398 +/- 0.0
2022-09-17 23:42:24,205 mloop.controllers    INFO     Run:210 (machine learner)
2022-09-17 23:42:24,206 mloop.controllers    INFO     params [10.43136209  4.65250045  2.96039463  2.14626628  1.79937043]
2022-09-17 23:43:17,700 mloop.controllers    INFO     cost -0.0 +/- 0.0
2022-09-17 23:43:17,701 mloop.controllers    INFO     Run:211 (trainer)
2022-09-17 23:43:17,702 mloop.controllers    INFO     params [18.65451985 11.55587373 10.40408843 17.89195843  2.79029454]
2022-09-17 23:44:20,306 mloop.controllers    INFO     cost -0.032324075569436346 +/- 0.0
2022-09-17 23:44:20,306 mloop.controllers    INFO     Run:212 (machine learner)
2022-09-17 23:44:20,307 mloop.controllers    INFO     params [11.48515745 12.99676289  5.60465032 12.24797332 13.02545138]
2022-09-17 23:45:31,343 mloop.controllers    INFO     cost -0.03589134375135852 +/- 0.0
2022-09-17 23:45:31,343 mloop.controllers    INFO     Run:213 (machine learner)
2022-09-17 23:45:31,343 mloop.controllers    INFO     params [10.45905252  5.0552292   3.15676401  2.31191826  2.3746556 ]
2022-09-17 23:46:28,990 mloop.controllers    INFO     cost -2.8092973488532538 +/- 0.0
2022-09-17 23:46:28,990 mloop.controllers    INFO     Run:214 (machine learner)
2022-09-17 23:46:28,991 mloop.controllers    INFO     params [10.62875097  4.93103208  3.01398919  1.786       1.89828541]
2022-09-17 23:47:20,163 mloop.controllers    INFO     cost -0.0 +/- 0.0
2022-09-17 23:47:20,163 mloop.controllers    INFO     Run:215 (trainer)
2022-09-17 23:47:20,164 mloop.controllers    INFO     params [18.36879371  3.54600826  8.71489001 13.91483838 19.30143001]
2022-09-17 23:48:24,331 mloop.controllers    INFO     cost -0.032096606048666196 +/- 0.0
2022-09-17 23:48:24,331 mloop.controllers    INFO     Run:216 (machine learner)
2022-09-17 23:48:24,332 mloop.controllers    INFO     params [10.5402729   5.07614937  3.3693332   2.01671868  1.80011793]
2022-09-17 23:49:15,482 mloop.controllers    INFO     cost -0.0 +/- 0.0
2022-09-17 23:49:15,482 mloop.controllers    INFO     Run:217 (machine learner)
2022-09-17 23:49:15,483 mloop.controllers    INFO     params [10.61525698  4.87093417  3.28704953  2.44313437  2.44483462]
2022-09-17 23:50:16,336 mloop.controllers    INFO     cost -2.038599974425653 +/- 0.0
2022-09-17 23:50:16,336 mloop.controllers    INFO     Run:218 (machine learner)
2022-09-17 23:50:16,336 mloop.controllers    INFO     params [10.53449719  4.94270751  3.15632126  1.9174053   1.786     ]
2022-09-17 23:51:07,721 mloop.controllers    INFO     cost -0.0 +/- 0.0
2022-09-17 23:51:07,722 mloop.controllers    INFO     Run:219 (trainer)
2022-09-17 23:51:07,723 mloop.controllers    INFO     params [15.41984694 10.16187408  1.85298758  5.19540683 13.63497541]
2022-09-17 23:52:01,008 mloop.controllers    INFO     cost -0.0 +/- 0.0
2022-09-17 23:52:01,008 mloop.controllers    INFO     Run:220 (machine learner)
2022-09-17 23:52:01,009 mloop.controllers    INFO     params [10.60747194  5.02667727  3.19018878  1.93976813  2.15118038]
2022-09-17 23:52:56,127 mloop.controllers    INFO     cost -13.161525948041083 +/- 0.0
2022-09-17 23:52:56,127 mloop.controllers    INFO     Run:221 (machine learner)
2022-09-17 23:52:56,128 mloop.controllers    INFO     params [10.59697595  4.8832182   3.12467876  2.43166639  2.57810366]
2022-09-17 23:54:03,303 mloop.controllers    INFO     cost -1.8562344739681642 +/- 0.0
2022-09-17 23:54:03,303 mloop.controllers    INFO     Run:222 (machine learner)
2022-09-17 23:54:03,303 mloop.controllers    INFO     params [10.51609832  4.80455464  3.11171394  1.88317645  1.786     ]
2022-09-17 23:54:56,443 mloop.controllers    INFO     cost -0.0 +/- 0.0
2022-09-17 23:54:56,444 mloop.controllers    INFO     Run:223 (trainer)
2022-09-17 23:54:56,445 mloop.controllers    INFO     params [19.77382889 14.366971   12.918754    8.59575697 11.02465961]
2022-09-17 23:56:01,847 mloop.controllers    INFO     cost -0.02188982437490768 +/- 0.0
2022-09-17 23:56:01,847 mloop.controllers    INFO     Run:224 (machine learner)
2022-09-17 23:56:01,847 mloop.controllers    INFO     params [10.58021707  4.95297731  3.0234244   1.829075    1.95507581]
2022-09-17 23:56:55,727 mloop.controllers    INFO     cost -0.0 +/- 0.0
2022-09-17 23:56:55,727 mloop.controllers    INFO     Run:225 (machine learner)
2022-09-17 23:56:55,728 mloop.controllers    INFO     params [10.5293228   5.0005531   3.28127715  2.67921774  2.67248517]
2022-09-17 23:57:57,235 mloop.controllers    INFO     cost -1.1605414048840172 +/- 0.0
2022-09-17 23:57:57,235 mloop.controllers    INFO     Run:226 (machine learner)
2022-09-17 23:57:57,236 mloop.controllers    INFO     params [10.53588758  4.9077098   3.06380193  1.97919746  1.82240503]
2022-09-17 23:58:56,841 mloop.controllers    INFO     cost -0.0 +/- 0.0
2022-09-17 23:58:56,842 mloop.controllers    INFO     Run:227 (trainer)
2022-09-17 23:58:56,843 mloop.controllers    INFO     params [12.61661985  4.54958419 11.71740116  6.15279674  7.37398504]
2022-09-18 00:03:47,492 mloop.controllers    WARNING  !!! Do not give the interrupt signal again !!! 
 M-LOOP stopped with keyboard interupt or system exit. Please wait at least 1 minute for the threads to safely shut down. 
 
2022-09-18 00:03:47,493 mloop.controllers    WARNING  Closing down controller.
2022-09-18 00:03:47,494 mloop.controllers    DEBUG    ML learner end set.
2022-09-18 00:03:48,025 mloop.controllers    DEBUG    ML learner joined
2022-09-18 00:03:48,025 mloop.controllers    INFO     Machine learning learner did not provide best and/or all minima.
2022-09-18 00:03:48,026 mloop.controllers    DEBUG    Learner end event set.
2022-09-18 00:03:48,026 mloop.controllers    DEBUG    Interface end event set.
2022-09-18 00:03:48,256 mloop.learners.1     DEBUG    Learner end signal received. Ending
2022-09-18 00:03:49,256 mloop.learners.1     DEBUG    Performing shut down of learner.
2022-09-18 00:03:49,256 mloop.learners.1     DEBUG    Ended Random Learner
2022-09-18 00:03:49,256 mloop.controllers    DEBUG    Learner joined.
