2022-09-12 17:55:43,976 mloop                INFO     M-LOOP version 3.3.1
2022-09-12 17:55:43,976 mloop                DEBUG    M-LOOP Logger configured.
2022-09-12 17:55:43,976 mloop.interfaces     DEBUG    Creating interface.
2022-09-12 17:55:43,979 mloop.controllers    DEBUG    Controller init completed.
2022-09-12 17:55:43,980 mloop.learners.1     DEBUG    Learner init completed.
2022-09-12 17:55:43,983 mloop.learners.2     DEBUG    Learner init completed.
2022-09-12 17:55:43,986 mloop.controllers    INFO     Optimization started.
2022-09-12 17:55:43,988 mloop.interfaces     DEBUG    Entering main loop of interface.
2022-09-12 17:55:43,989 mloop.controllers    DEBUG    ML learner started.
2022-09-12 17:55:44,006 mloop.controllers    DEBUG    Starting training optimization.
2022-09-12 17:55:44,007 mloop.controllers    INFO     Run:1 (training)
2022-09-12 17:55:44,011 mloop.controllers    INFO     params [ 1.79216081e+01  8.71760852e+00  9.68642123e+00  2.84096301e+00
  1.54258833e+01  1.49823961e+01  4.51898340e-01  4.75675120e-03
  4.97334620e-02  3.33263821e-01  1.35156733e-01 -4.25708264e+00
 -4.59438792e+00  3.04895254e+00 -4.51412186e+00  5.90120802e+00
 -6.02443961e+00 -1.79508913e+00  5.46006558e+00 -4.19636650e+00
 -6.88566906e+00 -6.49808012e+00  4.25025406e-01 -7.84867443e+00
 -3.15484200e+00  3.25343028e+00]
2022-09-12 17:55:44,115 mloop.controllers    INFO     cost 26.842882058115364 +/- 0.0
2022-09-12 17:55:44,116 mloop.controllers    INFO     Run:2 (training)
2022-09-12 17:55:44,119 mloop.controllers    INFO     params [ 1.27707022e+01  1.29648695e+01  2.42961979e+00  1.23571637e+01
  3.34448573e+00  1.52308052e+01  1.05871134e-01  1.99813771e-02
  4.13155439e-02  2.59763267e-01  3.09438198e-01  5.31567775e-01
  4.05943636e+00 -5.59880890e+00 -4.49325740e-01 -1.01982534e-02
 -1.94237310e-01  3.12798330e-01  5.18779460e-01 -5.12410883e+00
  1.79329934e+00  2.00607809e+00  1.02688197e+00 -5.97133483e+00
  7.14826533e+00 -6.98223687e+00]
2022-09-12 17:55:44,220 mloop.controllers    INFO     cost 12.811628459316779 +/- 0.0
2022-09-12 17:55:44,220 mloop.controllers    INFO     Run:3 (training)
2022-09-12 17:55:44,222 mloop.controllers    INFO     params [16.41037134  9.23176651 19.15308758  9.87831048 14.73913184 13.32419339
  0.20904665  0.39299333  0.17370484  0.06510208  0.47011859  2.52769446
  2.4635626   4.77672199 -2.33958745  7.867294    7.35751081 -7.0608918
  0.97740069  4.28094752 -0.20455717  3.04890223 -6.69577782 -6.27885062
  4.17243333 -7.91274802]
2022-09-12 17:55:44,324 mloop.controllers    INFO     cost -25.315381378060504 +/- 0.0
2022-09-12 17:55:44,324 mloop.controllers    INFO     Run:4 (training)
2022-09-12 17:55:44,326 mloop.controllers    INFO     params [ 2.32220768 11.84293863 18.64906713 11.20338072  7.27332143 10.1792597
  0.06491144  0.26147222  0.499103    0.25436261  0.2453415  -7.11312414
 -1.27496038 -3.57197704 -5.47460099 -0.98002397 -0.22865572  4.56070505
  5.96139926  0.41017256 -3.38224052 -4.06139787  7.79731249 -6.01618179
 -2.71784274 -5.61720567]
2022-09-12 17:55:44,427 mloop.controllers    INFO     cost 24.62575542674167 +/- 0.0
2022-09-12 17:55:44,428 mloop.controllers    INFO     Run:5 (training)
2022-09-12 17:55:44,430 mloop.controllers    INFO     params [ 1.48081757e+01  1.15040975e+01  6.32215416e+00  4.66627354e+00
  4.51812378e+00  8.84265071e+00  4.14052076e-01  4.06488894e-03
  2.11570631e-01  4.54669392e-02  5.29525525e-02 -6.88978847e+00
  8.30944889e-01  7.70815908e+00  5.47178548e+00  3.18414009e-02
  1.89386936e+00 -6.06943697e+00  1.38511364e+00 -2.48447149e-02
  5.65131476e+00 -3.97395759e+00 -3.93346016e+00  9.66153449e-01
  1.45283170e+00  6.16321356e+00]
2022-09-12 17:55:44,531 mloop.controllers    INFO     cost 3.6591781386599678 +/- 0.0
2022-09-12 17:55:44,532 mloop.controllers    INFO     Run:6 (training)
2022-09-12 17:55:44,533 mloop.controllers    INFO     params [17.7642324   6.02719814  3.833268   11.80768219  6.92344559  7.84945481
  0.44575936  0.04556212  0.14750398  0.03323838  0.19740445 -1.9702565
 -7.761662   -3.05807033  5.43907347  3.69175911  4.75747489  2.19502041
 -4.64217594 -0.90249193  6.57728385 -1.76287539  0.26723446  6.84965656
  2.96786138  6.40361022]
2022-09-12 17:55:44,635 mloop.controllers    INFO     cost -8.413691697835455 +/- 0.0
2022-09-12 17:55:44,635 mloop.controllers    INFO     Run:7 (training)
2022-09-12 17:55:44,637 mloop.controllers    INFO     params [ 1.34737874e+01  1.81706916e+00  9.87477596e+00  1.56033101e+01
  6.51869300e+00  7.19496519e+00  2.74655795e-01  5.26266806e-03
  3.44400914e-01  3.78622974e-01  2.03314802e-01 -6.36720554e+00
 -5.98559391e+00  5.55438817e+00 -5.08871480e+00 -3.79312052e+00
  3.90617776e+00  1.72621189e+00 -1.77239661e+00  2.57550762e-01
 -1.21832933e+00 -1.86453755e+00 -3.56294408e+00  1.21540836e+00
 -6.77808006e+00 -6.44043019e+00]
2022-09-12 17:55:44,738 mloop.controllers    INFO     cost 40.23525764427943 +/- 0.0
2022-09-12 17:55:44,739 mloop.controllers    INFO     Run:8 (training)
2022-09-12 17:55:44,740 mloop.controllers    INFO     params [10.93879558  8.832137   12.32727078 13.22798338 13.62004429 10.17659183
  0.24759483  0.49375948  0.15946547  0.37277669  0.30124323  5.53082549
 -3.84100387  6.44716559 -3.14321022 -4.95767091  5.47378845 -4.27906106
 -0.73853366  6.11998554 -5.11183388  0.9097148   2.24851196 -1.95373368
  5.58673316 -1.6209439 ]
2022-09-12 17:55:44,842 mloop.controllers    INFO     cost -11.655896362731461 +/- 0.0
2022-09-12 17:55:44,842 mloop.controllers    INFO     Run:9 (training)
2022-09-12 17:55:44,846 mloop.controllers    INFO     params [11.00705162  8.62424604  8.32576117 13.82778239 14.77374283  9.07829099
  0.42072454  0.04982435  0.27152523  0.09834005  0.1524889   7.36922516
 -5.36292888 -3.40161563  5.53677431 -4.86855187  3.86471169 -3.36624154
 -7.43299237  7.45714411 -1.33766123 -2.47972894 -7.40575009 -0.86239334
  1.77076863 -0.66091716]
2022-09-12 17:55:44,947 mloop.controllers    INFO     cost 10.262879051365593 +/- 0.0
2022-09-12 17:55:44,948 mloop.controllers    INFO     Run:10 (training)
2022-09-12 17:55:44,950 mloop.controllers    INFO     params [ 6.60921584e+00  3.93145865e+00  1.25834392e+01  1.61468705e+01
  1.31269710e+01  6.47254167e+00  1.12224251e-01  1.18113333e-01
  2.88787930e-01  3.27851327e-01  1.03762393e-01 -7.08315091e+00
  8.19587744e-01  7.69750995e+00 -7.44068171e+00  5.42225703e+00
  1.98058960e+00  3.20349132e-01 -1.40746012e-03  5.94976648e+00
 -1.40638325e+00  5.54785046e+00 -5.15600187e+00 -1.82078085e+00
 -8.50798201e-01  3.19587389e-01]
2022-09-12 17:55:45,051 mloop.controllers    INFO     cost 1.5929703967502 +/- 0.0
2022-09-12 17:55:45,051 mloop.controllers    INFO     Run:11 (training)
2022-09-12 17:55:45,053 mloop.controllers    INFO     params [ 4.96781421  7.37508585 14.19838396 10.47308212 14.3302687   8.06187877
  0.33118705  0.02680315  0.15335592  0.22425771  0.10202247  7.47413804
  6.60124952  4.52932544 -1.31557498  2.13381133 -6.47941693  6.11996559
 -4.94634377 -1.37229799  2.05955258 -1.23390856  4.94519675 -6.76458082
  7.80254311 -0.89021115]
2022-09-12 17:55:45,154 mloop.controllers    INFO     cost -13.195088094383758 +/- 0.0
2022-09-12 17:55:45,157 mloop.controllers    INFO     Run:12 (training)
2022-09-12 17:55:45,162 mloop.controllers    INFO     params [ 2.83372265  2.32579994  2.60237148 19.68529851 18.54325796  7.08671278
  0.40294331  0.04722547  0.15179101  0.47055666  0.30985303  2.50476491
 -3.9964574   1.66718628 -0.81086192 -3.66632988  5.28325274 -4.12144342
 -3.51672561  5.33811183 -6.77917025  1.54827368  4.66514592  6.59186485
  3.1258485   5.80221822]
2022-09-12 17:55:45,264 mloop.controllers    INFO     cost -2.382711250675941 +/- 0.0
2022-09-12 17:55:45,264 mloop.controllers    INFO     Run:13 (training)
2022-09-12 17:55:45,267 mloop.controllers    INFO     params [14.94793198  9.70272001 12.18873893 15.76181305 15.99778633 15.53812396
  0.2063548   0.45455944  0.08383788  0.18093332  0.38284316  3.61206127
  1.41125359 -4.84806857  7.64535366  0.92023386 -6.22688665  4.70436092
 -2.38530042  1.53941251 -6.28274578 -4.37564788 -5.10467545  5.85201223
 -6.12167701 -4.51221041]
2022-09-12 17:55:45,368 mloop.controllers    INFO     cost -5.560618746953704 +/- 0.0
2022-09-12 17:55:45,369 mloop.controllers    INFO     Run:14 (training)
2022-09-12 17:55:45,372 mloop.controllers    INFO     params [12.40533885 10.0721509   2.64505274 12.0706474   8.73595751  9.52313879
  0.39111233  0.16777362  0.10646702  0.33737759  0.40836645 -2.62726679
  2.93075089 -0.70788943 -6.0754561  -7.84581026 -1.31800943  7.84096358
 -3.92593289  7.55735649  5.27552948  7.93383168 -0.68277046  3.65821996
  3.68801362 -7.22959684]
2022-09-12 17:55:45,473 mloop.controllers    INFO     cost 0.37718329398826267 +/- 0.0
2022-09-12 17:55:45,474 mloop.controllers    INFO     Run:15 (training)
2022-09-12 17:55:45,476 mloop.controllers    INFO     params [ 2.83506799  2.43300228  3.83099181  5.39078989 13.10055673  4.95380763
  0.43598168  0.43186402  0.39980463  0.44558048  0.23533115 -2.21574467
 -4.82309605 -2.89152356 -2.6225735  -5.13727851  5.09933209 -4.78314668
 -3.97689826  5.19146302 -5.39067489 -5.88816817 -0.84465724  5.50311278
 -6.00668443  7.15267775]
2022-09-12 17:55:45,578 mloop.controllers    INFO     cost 52.85358203328907 +/- 0.0
2022-09-12 17:55:45,579 mloop.controllers    INFO     Run:16 (training)
2022-09-12 17:55:45,581 mloop.controllers    INFO     params [15.86168872 11.21644596 17.92607719 16.37028169  9.68262029 10.70121031
  0.27300328  0.44431724  0.28834514  0.17440368  0.41085263  7.37801456
  4.24721468 -4.31646984  2.7842707   7.77689617  3.31743324  5.94216647
  5.63578181  3.06546599 -6.97069244  6.34439595 -5.99183403 -7.98055855
 -7.42689438  3.80484212]
2022-09-12 17:55:45,682 mloop.controllers    INFO     cost -35.24677856746335 +/- 0.0
2022-09-12 17:55:45,683 mloop.controllers    INFO     Run:17 (training)
2022-09-12 17:55:45,685 mloop.controllers    INFO     params [ 2.27007927 15.27408516  8.58665375  9.93058401  3.75310414  6.57387813
  0.44449742  0.36715703  0.49354266  0.37995522  0.41132826 -3.69429478
  3.36257388 -3.42788711  6.4035904   0.70445585  7.54759119  1.7857462
  3.44587121  4.54551665 -7.65921438  2.21165924 -3.06923554  0.99552906
 -5.12609583 -1.29621578]
2022-09-12 17:55:45,786 mloop.controllers    INFO     cost 10.498044688554991 +/- 0.0
2022-09-12 17:55:45,787 mloop.controllers    INFO     Run:18 (training)
2022-09-12 17:55:45,789 mloop.controllers    INFO     params [14.1738419  12.08166493 13.11815334  5.22873695 18.39177296 14.32374394
  0.33898481  0.05400893  0.09255947  0.07020758  0.45313828 -5.90211489
  7.17848962  3.90252816  4.31868571  5.65502138 -4.46357536  3.72125018
 -5.20969799 -1.77200737 -4.71372021 -1.92058923  3.84197783  5.94374295
  3.73486657 -6.2852931 ]
2022-09-12 17:55:45,890 mloop.controllers    INFO     cost -20.643877301834333 +/- 0.0
2022-09-12 17:55:45,891 mloop.controllers    INFO     Run:19 (training)
2022-09-12 17:55:45,893 mloop.controllers    INFO     params [ 9.00265161  1.99775212  5.10127958 10.10889947 18.86711961 12.12982114
  0.41150231  0.2074804   0.13314987  0.04631227  0.32307411 -6.59147
  3.28176634  3.04484799  7.18993523  7.13487002  1.18021296  2.50905337
  6.08107466  0.7745037   5.56028398 -1.8004251  -1.95400914  5.30321475
 -0.42547586 -1.88388053]
2022-09-12 17:55:45,994 mloop.controllers    INFO     cost -22.021044871897022 +/- 0.0
2022-09-12 17:55:45,995 mloop.controllers    INFO     Run:20 (training)
2022-09-12 17:55:45,997 mloop.controllers    INFO     params [11.74721508  7.02378991 15.32223961 15.24904848 14.24515027 13.29179478
  0.17743531  0.14079843  0.47380044  0.44536495  0.10970431  6.63485074
 -5.11913711 -5.93595168  6.74105997 -2.25829196 -6.39917016 -3.92178466
  6.00026416 -3.49450676  6.93490433  4.69829373 -3.49463801 -4.12077973
 -2.49258282 -4.00427624]
2022-09-12 17:55:46,098 mloop.controllers    INFO     cost -2.282095363528942 +/- 0.0
2022-09-12 17:55:46,099 mloop.controllers    INFO     Run:21 (training)
2022-09-12 17:55:46,101 mloop.controllers    INFO     params [ 7.98831025 16.00969389  2.18136251  3.10889726  9.1082002  13.43755138
  0.29344873  0.15827243  0.25968903  0.4645066   0.31053521  0.055263
 -0.11550056  1.05016333  1.92207541 -0.41198609  5.73262213  7.34483379
  7.26737198 -6.31298561  3.75284654  6.47627129 -3.23191717  5.90301494
  5.50739952 -4.04336687]
2022-09-12 17:55:46,202 mloop.controllers    INFO     cost -18.50407311477284 +/- 0.0
2022-09-12 17:55:46,203 mloop.controllers    INFO     Run:22 (training)
2022-09-12 17:55:46,205 mloop.controllers    INFO     params [10.29382622 14.70964412 16.16903028 16.00564746  7.99443907 13.87212058
  0.14035448  0.12664849  0.34805996  0.23761426  0.4313968   3.13868547
  2.53872319 -1.89413762  0.57762652  4.13079138  7.56430548  2.42143343
 -6.14326755  0.99030805 -1.07532996 -2.96543821  1.13402511 -4.36767851
 -7.17137416 -2.75719188]
2022-09-12 17:55:46,307 mloop.controllers    INFO     cost -10.737762446182954 +/- 0.0
2022-09-12 17:55:46,308 mloop.controllers    INFO     Run:23 (training)
2022-09-12 17:55:46,309 mloop.controllers    INFO     params [ 7.79885850e+00  1.93330245e+00  1.33989517e+01  1.56257440e+01
  1.29124247e+01  9.18522173e+00  1.22768668e-01  2.46816571e-01
  3.04129711e-01  3.33609979e-01  2.91745403e-02 -5.13633414e+00
  4.47532757e-03  1.21889936e+00  2.57138204e+00 -6.91158545e+00
 -6.83516564e+00 -6.25210019e+00  1.54036842e+00  6.48730716e+00
 -2.64094605e+00 -1.31802403e+00 -1.92161242e-01  1.25782975e+00
 -5.59777673e-01  1.54778317e+00]
2022-09-12 17:55:46,411 mloop.controllers    INFO     cost 19.039546649902608 +/- 0.0
2022-09-12 17:55:46,411 mloop.controllers    INFO     Run:24 (training)
2022-09-12 17:55:46,413 mloop.controllers    INFO     params [ 5.88609123 19.0371037   5.52265644 18.21354988  2.71825271  9.97641962
  0.25193807  0.30689274  0.06130895  0.04973487  0.33575347 -7.42746143
  5.35820305 -4.10353097  5.35091728 -3.11786737 -7.39891462  2.66761058
  5.18920445  4.01293501 -7.39108635 -0.31884245  6.81360799 -7.48216119
  2.48224872 -2.38185033]
2022-09-12 17:55:46,514 mloop.controllers    INFO     cost 11.099785962934059 +/- 0.0
2022-09-12 17:55:46,515 mloop.controllers    INFO     Run:25 (training)
2022-09-12 17:55:46,517 mloop.controllers    INFO     params [15.86804745 19.74220794 10.7922277   8.21968928 17.29338537 11.71473074
  0.48716272  0.46501812  0.03003529  0.40430689  0.44949572 -4.25659441
 -2.31858433  1.66077004  2.8379083   0.73761213  2.60308884 -1.60720684
 -0.27394476  7.81758013 -1.62485719  2.87695204  0.14058576 -5.78804161
 -5.06752564  2.18030582]
2022-09-12 17:55:46,618 mloop.controllers    INFO     cost -19.671855480624608 +/- 0.0
2022-09-12 17:55:46,619 mloop.controllers    INFO     Run:26 (training)
2022-09-12 17:55:46,620 mloop.controllers    INFO     params [17.96974763  8.05050964  5.99424673  3.73194278  5.77521647 14.29113956
  0.45700696  0.03955506  0.36426242  0.35664932  0.44776335  0.10780478
 -7.14155576  7.29406109  5.50086664 -3.14010432  0.2387384   2.24244976
 -6.56550566  1.77536905 -4.12033686  3.68766375  1.91329591  2.13579828
 -7.03087029  4.67585472]
2022-09-12 17:55:46,722 mloop.controllers    INFO     cost 6.660930592110736 +/- 0.0
2022-09-12 17:55:46,722 mloop.controllers    INFO     Run:27 (training)
2022-09-12 17:55:46,724 mloop.controllers    INFO     params [16.21896464 16.44457178  7.97698299 16.32967317  4.21796085 11.88533366
  0.33641302  0.24209965  0.47321174  0.37007102  0.16341559 -1.98936823
  0.58299403 -6.98536154 -5.35495418 -1.45256412  5.02700943  3.00416859
 -5.98269178  5.06306025  1.58172279  2.87053603 -6.14926858 -6.52495521
  0.50814649 -7.19815212]
2022-09-12 17:55:46,825 mloop.controllers    INFO     cost 14.053480032243886 +/- 0.0
2022-09-12 17:55:46,825 mloop.controllers    INFO     Run:28 (training)
2022-09-12 17:55:46,827 mloop.controllers    INFO     params [ 1.85198454  6.51114448 10.31713959  3.64224262 16.19147567 15.63990916
  0.27338144  0.05995452  0.47756844  0.49829496  0.09003259 -0.86785005
  7.7694446  -3.96797113 -2.60390789 -0.98020634  7.97606692  0.78130749
  2.80233163  5.34643443 -0.8577524   6.31758495 -6.56690515 -5.07108746
  4.49201544 -5.92131879]
2022-09-12 17:55:46,928 mloop.controllers    INFO     cost 1.5111857316927164 +/- 0.0
2022-09-12 17:55:46,929 mloop.controllers    INFO     Run:29 (training)
2022-09-12 17:55:46,930 mloop.controllers    INFO     params [ 2.8568776  14.159512   13.44171537  6.5148816   6.59249578  9.9956477
  0.32013222  0.06338397  0.3058319   0.1343867   0.21393731 -6.54004528
 -1.69528653  7.80479778 -1.83264333 -6.51542077  0.66712009 -6.42701725
  0.81848364 -7.01439176 -0.26894529 -4.91746254  0.98769099  6.91151027
  7.795004    4.21267971]
2022-09-12 17:55:47,032 mloop.controllers    INFO     cost 17.127624127428447 +/- 0.0
2022-09-12 17:55:47,033 mloop.controllers    INFO     Run:30 (training)
2022-09-12 17:55:47,034 mloop.controllers    INFO     params [14.78542814 11.58972287  6.49041774 11.84506483  4.77940209  8.01543839
  0.4348392   0.27319728  0.03505401  0.26528497  0.18868722 -5.79996551
 -7.09769071 -0.78959613 -7.59080621 -0.3584639   3.88706706  4.15241011
  3.91006892 -3.27607472 -2.13421061  5.77901143 -0.91784902  5.50007053
 -4.62130947 -2.12007111]
2022-09-12 17:55:47,135 mloop.controllers    INFO     cost 18.48737260327908 +/- 0.0
2022-09-12 17:55:47,136 mloop.controllers    INFO     Run:31 (training)
2022-09-12 17:55:47,138 mloop.controllers    INFO     params [12.93778282 16.10407907 12.12446574  8.04943978  3.44214359  8.93625929
  0.32334273  0.264283    0.12631791  0.2843136   0.18830551  3.23656458
 -3.52082897  4.43571945 -5.3417561   2.16143822 -7.91155207 -1.90796992
  6.11773315  2.97631283 -5.51431078 -2.72131771  0.2760405   2.30301381
  0.4777282  -3.64825913]
2022-09-12 17:55:47,239 mloop.controllers    INFO     cost 11.51321090095763 +/- 0.0
2022-09-12 17:55:47,239 mloop.controllers    INFO     Run:32 (training)
2022-09-12 17:55:47,241 mloop.controllers    INFO     params [ 3.19222184e+00  1.02673373e+01  2.50017740e+00  4.12375994e+00
  1.43001288e+01  1.55338382e+01  4.91384082e-01  7.69385008e-02
  3.89708224e-01  2.50585287e-01  6.61217614e-04  7.52930250e+00
  4.51983655e+00  2.82874584e+00 -3.02493478e+00  6.29356217e+00
  5.71484108e+00  3.07297968e-01 -4.21929987e+00  3.04318390e+00
 -6.93946014e-01  8.30926074e-01 -1.06287244e+00 -1.91854031e+00
  3.72965763e+00  2.84799666e+00]
2022-09-12 17:55:47,342 mloop.controllers    INFO     cost -12.139997856565023 +/- 0.0
2022-09-12 17:55:47,343 mloop.controllers    INFO     Run:33 (training)
2022-09-12 17:55:47,345 mloop.controllers    INFO     params [ 4.88092793 13.5818592  12.58069703  5.93161664 16.03005436  7.9802006
  0.08337358  0.2279388   0.43768073  0.12578933  0.48803801 -5.40394777
 -6.17031437 -5.31793243 -5.01420151  3.34932466 -0.87160437 -3.53633124
 -6.50593873  2.39105615 -1.73185645 -5.06885469 -4.73048926  5.55190212
 -2.14672991 -5.17792512]
2022-09-12 17:55:47,446 mloop.controllers    INFO     cost 43.748166697243974 +/- 0.0
2022-09-12 17:55:47,446 mloop.controllers    INFO     Run:34 (training)
2022-09-12 17:55:47,448 mloop.controllers    INFO     params [ 2.76149873e+00  1.03774288e+01  4.73151055e+00  8.80679037e+00
  1.97051762e+01  8.41588558e+00  4.00755796e-03  2.44033912e-01
  1.18891767e-01  1.19432524e-01  3.87268516e-01 -1.98642346e+00
  7.33845260e+00 -1.63324280e+00 -2.53306837e+00  4.58548160e+00
  6.80383976e+00 -7.06700859e-01  5.05270662e+00 -4.36094622e+00
 -1.17734245e+00  2.41047581e+00 -7.75208285e+00  2.94464071e+00
  4.86977759e+00 -6.51928187e+00]
2022-09-12 17:55:47,549 mloop.controllers    INFO     cost 2.7042896880304372 +/- 0.0
2022-09-12 17:55:47,550 mloop.controllers    INFO     Run:35 (training)
2022-09-12 17:55:47,552 mloop.controllers    INFO     params [ 5.20272486 12.73765738 15.30949032 11.28745177 17.51557167 12.85133335
  0.49416861  0.41731188  0.37816575  0.40820653  0.46691302 -2.44509753
 -4.28095056 -2.27250825  2.11767473  6.15518187  3.45730757 -0.45864901
 -2.43861134 -7.72961066  3.59360807  6.24152157  6.86750246  2.22792709
 -6.76415126 -5.95388889]
2022-09-12 17:55:47,653 mloop.controllers    INFO     cost -9.67375102148949 +/- 0.0
2022-09-12 17:55:47,653 mloop.controllers    INFO     Run:36 (training)
2022-09-12 17:55:47,655 mloop.controllers    INFO     params [ 4.08061446 13.68406338 17.12334031 14.65040798  1.86171711 13.77876766
  0.34250358  0.43007837  0.13159736  0.28492279  0.21817364  6.51544855
  3.29153021 -2.59629908  0.13279489 -6.01587716  2.54239695  4.95206494
  1.55586242 -0.97048986  0.14824336 -6.04980285  1.39300781 -2.26941336
 -0.06707484 -7.86014305]
2022-09-12 17:55:47,756 mloop.controllers    INFO     cost 4.424064429317118 +/- 0.0
2022-09-12 17:55:47,757 mloop.controllers    INFO     Run:37 (training)
2022-09-12 17:55:47,759 mloop.controllers    INFO     params [ 5.31651804 15.8298419  12.26940318  7.49213527  9.295892   11.83954161
  0.40642927  0.43878665  0.37386879  0.45070028  0.11808526  1.17406206
 -1.58635073  6.42711519 -2.81000623 -3.98966269  4.20905741  7.35403517
  7.06181011  2.54571333  3.17150303 -2.54861486  2.82636256 -3.3274591
  0.84461341 -6.17604477]
2022-09-12 17:55:47,860 mloop.controllers    INFO     cost -13.29483613366871 +/- 0.0
2022-09-12 17:55:47,861 mloop.controllers    INFO     Run:38 (training)
2022-09-12 17:55:47,862 mloop.controllers    INFO     params [18.64291176  8.29509355 16.59986067  9.56455     6.80979084  5.25952186
  0.38032877  0.13573687  0.03570281  0.24267621  0.45018468  4.23985541
 -7.86084091  3.90738008  0.77273183 -0.82464416 -3.80005998 -5.6147765
 -5.71401368 -0.20465506  4.08133339  1.47190453  2.20873985  7.92970397
  7.17893864 -2.64141791]
2022-09-12 17:55:47,963 mloop.controllers    INFO     cost -5.834037512518954 +/- 0.0
2022-09-12 17:55:47,964 mloop.controllers    INFO     Run:39 (training)
2022-09-12 17:55:47,966 mloop.controllers    INFO     params [17.68934228 14.05826953  7.32712724 15.09967353 14.61071109 13.7260995
  0.33737877  0.07048872  0.43279278  0.42511107  0.27411858 -3.7050899
 -2.16668956  1.20190753 -4.61203341  0.15898651  7.734305    4.72146991
  6.80170672 -4.54973007  6.53783467  5.42138301 -3.84834181  1.78971025
  1.59892419  6.15861395]
2022-09-12 17:55:48,067 mloop.controllers    INFO     cost -41.58157007764734 +/- 0.0
2022-09-12 17:55:48,068 mloop.controllers    INFO     Run:40 (training)
2022-09-12 17:55:48,069 mloop.controllers    INFO     params [ 1.84038162e+01  2.40591574e+00  7.49374090e+00  1.69114825e+01
  3.00959290e+00  1.31706049e+01  3.89835078e-01  2.24324440e-01
  5.76908944e-02  1.20135331e-01  1.48054440e-03 -2.47128895e+00
  7.38588420e+00  7.18242774e+00  2.49624556e+00  5.07043173e-01
 -5.10768556e+00 -5.55277997e+00  7.07446745e+00  3.10983198e+00
 -6.80682266e+00 -1.08969177e+00 -7.05615904e+00 -3.41569057e-02
 -1.02329023e+00  6.71327055e+00]
2022-09-12 17:55:48,170 mloop.controllers    INFO     cost -1.8034149415800353 +/- 0.0
2022-09-12 17:55:48,171 mloop.controllers    INFO     Run:41 (training)
2022-09-12 17:55:48,173 mloop.controllers    INFO     params [19.1480251  12.92106096  9.15707645 11.85287845 12.75295606 14.74200567
  0.35552164  0.18213942  0.119886    0.47411925  0.15060387 -6.17292099
 -1.95889758  3.59466188 -5.68749212  7.2481471  -3.18720691 -7.56497645
  5.82292808 -1.25168983 -7.53296634 -6.80699542  0.39482435  5.37614466
  5.75578087  4.28711973]
2022-09-12 17:55:48,274 mloop.controllers    INFO     cost -8.460233916836994 +/- 0.0
2022-09-12 17:55:48,275 mloop.controllers    INFO     Run:42 (training)
2022-09-12 17:55:48,276 mloop.controllers    INFO     params [10.62528034  5.66600939  5.30743816 14.76611129  8.38295743  8.16958399
  0.18551288  0.12299373  0.19248508  0.46974238  0.46368147 -2.76224154
 -1.98810489  0.05760657  1.72950521 -5.1438754   5.2946491   6.58549793
  0.03185498  3.90633325  0.30885947 -0.941213   -7.21732899 -4.05452055
  2.17079147  3.81879346]
2022-09-12 17:55:48,378 mloop.controllers    INFO     cost 9.564096805462206 +/- 0.0
2022-09-12 17:55:48,676 mloop.controllers    INFO     Run:43 (training)
2022-09-12 17:55:48,678 mloop.controllers    INFO     params [17.92624623 18.65119153 19.2692328  15.79329566 17.24471361 14.66820759
  0.43232154  0.28005255  0.3175039   0.43137331  0.17317379 -5.30021948
 -1.60525201 -4.99659038  6.32122893 -6.78519465 -3.214378   -4.7315319
 -1.43744704  2.27721988 -7.1372475   1.19706582 -2.40157168  5.3478095
  5.70032777  2.07587584]
2022-09-12 17:55:49,546 mloop.controllers    INFO     cost -24.784907575246287 +/- 0.0
2022-09-12 17:55:49,547 mloop.controllers    INFO     Run:44 (training)
2022-09-12 17:55:49,548 mloop.controllers    INFO     params [ 1.01679384e+01  1.70734328e+01  1.76861071e+01  6.40993618e+00
  3.43363543e+00  1.19904313e+01  1.44081914e-02  1.21553894e-01
  4.64542226e-01  1.91841065e-01  1.36901590e-01 -9.44737246e-01
 -4.44467925e+00  3.27962083e+00 -2.00117194e-01 -4.31886300e+00
 -1.62393801e+00  7.04904572e+00 -1.18518249e+00  5.58152180e-01
  7.74832807e+00  6.81097210e-01 -6.76301473e+00 -3.74099365e+00
  5.96747184e+00  4.71571403e+00]
2022-09-12 17:55:49,650 mloop.controllers    INFO     cost -8.756132569739997 +/- 0.0
2022-09-12 17:55:49,650 mloop.controllers    INFO     Run:45 (training)
2022-09-12 17:55:49,652 mloop.controllers    INFO     params [ 3.32130723e+00  2.05398995e+00  7.55163343e+00  3.15041484e+00
  1.17681339e+01  6.31550861e+00  4.05963128e-01  2.91724122e-01
  3.16507095e-01  1.57313928e-01  1.10447022e-01 -7.93310791e-04
  3.56273117e+00  6.90720988e+00 -4.98395903e+00  2.97198191e+00
 -1.11070066e+00 -4.68776518e+00 -3.37674393e+00 -2.47254669e+00
  4.46648016e+00 -2.86379476e+00  1.44617091e+00  8.27093035e-02
 -3.75608380e+00 -7.08293960e-01]
2022-09-12 17:55:49,753 mloop.controllers    INFO     cost 34.79295472892311 +/- 0.0
2022-09-12 17:55:49,754 mloop.controllers    INFO     Run:46 (training)
2022-09-12 17:55:49,755 mloop.controllers    INFO     params [17.33250737 18.99471808 10.72295804 15.69083335 10.47686322 12.67625905
  0.16833197  0.07960531  0.43919548  0.48867124  0.24092292 -7.39907706
  3.58228515  1.86924897  3.95581306 -6.13077577  4.13747135 -7.68206921
  2.69559987  2.53685737  0.79676732  3.57284719 -4.73234718 -3.39524909
  4.27310392 -7.47492198]
2022-09-12 17:55:49,856 mloop.controllers    INFO     cost -12.20391994402133 +/- 0.0
2022-09-12 17:55:49,857 mloop.controllers    INFO     Run:47 (training)
2022-09-12 17:55:49,859 mloop.controllers    INFO     params [11.43461706 19.61900869 11.83140529  8.60865315  7.63622494  7.99415062
  0.49655863  0.09547123  0.07481123  0.19535564  0.2256188  -7.14568706
 -2.50296272  4.88127473  0.19651483 -6.91524893 -6.9847133   3.11923817
 -0.71281184  6.99262551 -5.24755374  4.25850236 -3.15934138  0.93413434
 -0.82143095 -2.05643873]
2022-09-12 17:55:49,960 mloop.controllers    INFO     cost 12.664523431250366 +/- 0.0
2022-09-12 17:55:49,961 mloop.controllers    INFO     Run:48 (training)
2022-09-12 17:55:49,962 mloop.controllers    INFO     params [12.10955683  4.36181644  9.30538061  2.06909912 10.37076166  9.17376403
  0.49599703  0.22606356  0.07218659  0.02744969  0.14792174  3.02004189
 -1.48068209 -1.32721189  5.68483263  6.28349396 -4.24785694 -6.83562625
  2.34377457  0.94387549 -6.71378884  1.80870834 -3.16152968 -2.29615962
 -7.43572517 -7.22875893]
2022-09-12 17:55:50,063 mloop.controllers    INFO     cost 37.99511520313758 +/- 0.0
2022-09-12 17:55:50,064 mloop.controllers    INFO     Run:49 (training)
2022-09-12 17:55:50,066 mloop.controllers    INFO     params [19.61706098 10.95810708  9.33498298  9.69208421  9.18422515 10.78311361
  0.11026828  0.13431889  0.3544891   0.128817    0.28971576  2.12674206
 -5.93427338 -1.78058805  7.52454081 -3.99983507  2.28962566 -7.45127861
  4.2523792  -2.04847637  5.30948591  2.02646116 -2.11744401  0.24932203
 -0.68683468  0.833784  ]
2022-09-12 17:55:50,167 mloop.controllers    INFO     cost -5.468293700242647 +/- 0.0
2022-09-12 17:55:50,168 mloop.controllers    INFO     Run:50 (training)
2022-09-12 17:55:50,170 mloop.controllers    INFO     params [19.57718234  2.47392601  5.12415698 12.17905582  8.81758598 13.09721295
  0.21760951  0.41988531  0.04406749  0.0946095   0.32048616 -2.01384679
 -6.07675471  6.86736572 -7.72594738  0.42736299 -0.63619375  4.88654978
  2.79315883 -1.48363964 -5.7364959  -1.06232156  3.62556559 -6.42272332
 -7.41205197  5.79558694]
2022-09-12 17:55:50,271 mloop.controllers    INFO     cost 17.521107125517634 +/- 0.0
2022-09-12 17:55:50,272 mloop.controllers    INFO     Run:51 (training)
2022-09-12 17:55:50,275 mloop.controllers    INFO     params [14.30392333  3.37625527 13.87119043 18.77447832 18.98349281  9.17160776
  0.20190561  0.17164618  0.04292637  0.16282128  0.12462924 -1.03590387
 -5.13175103 -6.47442646  6.1946962  -3.43916894 -4.88275466 -3.32033153
 -3.7415256   2.65233534 -1.51374894 -2.69588386 -4.32838777 -4.97331122
  5.71994183 -5.6796922 ]
2022-09-12 17:55:50,377 mloop.controllers    INFO     cost 19.177536100263932 +/- 0.0
2022-09-12 17:55:50,379 mloop.controllers    INFO     Run:52 (training)
2022-09-12 17:55:50,382 mloop.controllers    INFO     params [12.68872224 11.19597095 15.25758167 13.48165114 13.35007528 11.37225035
  0.34937656  0.44133121  0.31963461  0.36450025  0.3236456  -1.68124163
 -4.61882403  4.31045055  1.81029    -7.2482405  -4.04481487 -7.40443836
 -4.12506293  5.72576152 -6.53620732  1.43718465  3.45454004 -2.97089044
  2.10175418  7.20146918]
2022-09-12 17:55:50,861 mloop.controllers    INFO     cost -0.8439698701847078 +/- 0.0
2022-09-12 17:55:50,862 mloop.controllers    INFO     Run:53 (training)
2022-09-12 17:55:50,863 mloop.controllers    INFO     params [ 5.54642247 12.63694598  3.57108555  9.8041467   3.20819716 14.18460958
  0.47663959  0.38993099  0.46881233  0.28674122  0.19397225 -3.81558431
  0.13918234  2.66079912  1.99085203  6.66703834 -6.24300491 -0.98896014
  2.2976471   5.39238678 -5.09022482  4.46356309 -0.83924296 -7.03053993
 -1.5237487   4.63467376]
2022-09-12 17:55:50,864 mloop.controllers    DEBUG    Starting ML optimization.
2022-09-12 17:55:50,965 mloop.controllers    INFO     cost 12.230159400763192 +/- 0.0
2022-09-12 17:55:50,982 mloop.controllers    DEBUG    End training runs.
2022-09-12 17:55:50,983 mloop.controllers    INFO     Run:54 (machine learner)
2022-09-12 17:55:53,378 mloop.controllers    INFO     params [20.         20.         20.         20.         20.         16.
  0.38064865  0.24266165  0.28061196  0.29489162  0.33128616  6.5672797
  7.59042161  8.          7.24215681  8.          8.          7.92529429
  7.89670146  6.39348573  6.94938784  8.          3.54609484  6.71736565
  7.51814517  8.        ]
2022-09-12 17:55:55,835 mloop.controllers    INFO     cost -160.1639331462341 +/- 0.0
2022-09-12 17:55:55,835 mloop.controllers    INFO     Run:55 (machine learner)
2022-09-12 17:55:55,836 mloop.controllers    INFO     params [20.         20.         20.         20.         20.         16.
  0.38212646  0.24313087  0.27660311  0.29518074  0.33136469  7.44821409
  8.          8.          8.          8.          8.          8.
  8.          7.44326218  7.6616841   8.          4.52637965  7.68534173
  8.          8.        ]
2022-09-12 17:55:57,240 mloop.controllers    INFO     cost -166.580787633685 +/- 0.0
2022-09-12 17:55:57,241 mloop.controllers    INFO     Run:56 (machine learner)
2022-09-12 17:55:57,241 mloop.controllers    INFO     params [20.         20.         20.         20.         20.         16.
  0.38288342  0.24537825  0.27380441  0.29711969  0.33419812  8.
  8.          8.          8.          8.          8.          8.
  8.          8.          8.          8.          5.85055704  8.
  8.          8.        ]
2022-09-12 17:55:57,342 mloop.controllers    INFO     cost -169.67144093687557 +/- 0.0
2022-09-12 17:55:57,343 mloop.controllers    INFO     Run:57 (machine learner)
2022-09-12 17:55:57,344 mloop.controllers    INFO     params [20.         19.6403752  19.32783908 20.         20.         15.82364715
  0.37939453  0.24062062  0.28476813  0.29606235  0.33260247  5.85019522
  6.93913577  8.          6.41227433  8.          8.          7.40914805
  7.51459307  5.54602665  6.45732617  8.          2.75717725  5.94396692
  6.85737409  7.58273952]
2022-09-12 17:55:57,445 mloop.controllers    INFO     cost -151.88276657383219 +/- 0.0
2022-09-12 17:55:57,447 mloop.controllers    INFO     Run:58 (trainer)
2022-09-12 17:55:57,450 mloop.controllers    INFO     params [ 7.60702066  6.95790276 16.77441564 16.35447803  1.89154725 14.38336104
  0.33371991  0.33637175  0.36834258  0.2272931   0.31175829 -3.07498158
 -5.10888544 -2.68121112 -4.76934261 -7.59866879 -1.34782666  1.29606486
  0.64762534 -5.84902726 -0.90722111 -7.09388839  3.27129637  7.39808078
 -2.01601089  3.15294467]
2022-09-12 17:55:57,913 mloop.controllers    INFO     cost 24.84734082086834 +/- 0.0
2022-09-12 17:55:57,914 mloop.controllers    INFO     Run:59 (machine learner)
2022-09-12 17:56:00,324 mloop.controllers    INFO     params [20.         20.         20.         20.         20.         16.
  0.5         0.43223555  0.2835304   0.5         0.5         8.
  8.          8.          8.          8.          8.          8.
  8.          8.          8.          8.          8.          8.
  8.          8.        ]
2022-09-12 17:56:00,425 mloop.controllers    INFO     cost -172.50326595864655 +/- 0.0
2022-09-12 17:56:00,426 mloop.controllers    INFO     Run:60 (machine learner)
2022-09-12 17:56:02,949 mloop.controllers    INFO     params [2.00000000e+01 2.00000000e+01 2.00000000e+01 2.00000000e+01
 2.00000000e+01 1.60000000e+01 3.27503244e-04 4.82959639e-01
 0.00000000e+00 5.00000000e-01 3.97436838e-01 8.00000000e+00
 8.00000000e+00 8.00000000e+00 8.00000000e+00 8.00000000e+00
 8.00000000e+00 8.00000000e+00 8.00000000e+00 8.00000000e+00
 8.00000000e+00 8.00000000e+00 8.00000000e+00 8.00000000e+00
 8.00000000e+00 8.00000000e+00]
2022-09-12 17:56:03,050 mloop.controllers    INFO     cost -171.66822398094877 +/- 0.0
2022-09-12 17:56:03,051 mloop.controllers    INFO     Run:61 (machine learner)
2022-09-12 17:56:04,888 mloop.controllers    INFO     params [20.  20.  20.  20.  20.  16.   0.   0.5  0.5  0.5  0.   8.   8.   8.
  8.   8.   8.   8.   8.   8.   8.   8.   8.   8.   8.   8. ]
2022-09-12 17:56:05,345 mloop.controllers    INFO     cost -171.78749999961488 +/- 0.0
2022-09-12 17:56:05,346 mloop.controllers    INFO     Run:62 (machine learner)
2022-09-12 17:56:05,487 mloop.controllers    INFO     params [20.         20.         20.         20.         20.         16.
  0.40619188  0.27875676  0.27834429  0.35857125  0.38531971  8.
  8.          8.          8.          8.          8.          8.
  8.          8.          8.          8.          8.          8.
  8.          8.        ]
2022-09-12 17:56:05,589 mloop.controllers    INFO     cost -171.99468389215195 +/- 0.0
2022-09-12 17:56:05,591 mloop.controllers    INFO     Run:63 (trainer)
2022-09-12 17:56:05,594 mloop.controllers    INFO     params [ 1.66339869e+01  1.30465691e+01  4.69292131e+00  3.12138062e+00
  1.12713904e+01  6.49598116e+00  3.45162875e-01  4.70592163e-02
  1.02631345e-02  2.09116345e-01  1.00039686e-01 -7.73970252e+00
 -4.94618109e+00  5.09736206e+00  7.06408469e+00 -5.59116623e-01
  7.28712926e+00 -6.80658878e+00  7.54685783e+00 -7.59981562e+00
 -1.54754185e+00  2.58838417e+00 -6.18546442e+00  3.28574378e+00
  5.13630762e+00 -3.61173467e+00]
2022-09-12 17:56:05,695 mloop.controllers    INFO     cost 10.728905462368376 +/- 0.0
2022-09-12 17:56:05,696 mloop.controllers    INFO     Run:64 (machine learner)
2022-09-12 17:56:08,420 mloop.controllers    INFO     params [20.         20.         20.         20.         20.         16.
  0.07875443  0.5         0.49434716  0.31736092  0.40444963  8.
  8.          8.          8.          8.          8.          8.
  8.          8.          8.          8.          8.          8.
  8.          8.        ]
2022-09-12 17:56:08,521 mloop.controllers    INFO     cost -172.08241214328913 +/- 0.0
2022-09-12 17:56:08,521 mloop.controllers    INFO     Run:65 (machine learner)
2022-09-12 17:56:11,657 mloop.controllers    INFO     params [2.00000000e+01 2.00000000e+01 2.00000000e+01 2.00000000e+01
 2.00000000e+01 1.59571343e+01 3.94967236e-01 1.10546375e-01
 1.42718445e-01 4.71112311e-01 1.64081943e-03 8.00000000e+00
 8.00000000e+00 8.00000000e+00 8.00000000e+00 8.00000000e+00
 8.00000000e+00 8.00000000e+00 8.00000000e+00 8.00000000e+00
 8.00000000e+00 8.00000000e+00 8.00000000e+00 8.00000000e+00
 8.00000000e+00 8.00000000e+00]
2022-09-12 17:56:11,758 mloop.controllers    INFO     cost -171.36561948232875 +/- 0.0
2022-09-12 17:56:11,759 mloop.controllers    INFO     Run:66 (machine learner)
2022-09-12 17:56:14,413 mloop.controllers    INFO     params [2.00000000e+01 2.00000000e+01 2.00000000e+01 2.00000000e+01
 2.00000000e+01 1.60000000e+01 4.25604093e-03 0.00000000e+00
 0.00000000e+00 1.56690016e-03 0.00000000e+00 8.00000000e+00
 8.00000000e+00 7.96591855e+00 7.94891582e+00 8.00000000e+00
 8.00000000e+00 7.96067373e+00 8.00000000e+00 8.00000000e+00
 8.00000000e+00 8.00000000e+00 8.00000000e+00 8.00000000e+00
 8.00000000e+00 8.00000000e+00]
2022-09-12 17:56:14,514 mloop.controllers    INFO     cost -170.16883103830614 +/- 0.0
2022-09-12 17:56:14,515 mloop.controllers    INFO     Run:67 (machine learner)
2022-09-12 17:56:15,108 mloop.controllers    INFO     params [20.         20.         20.         20.         20.         16.
  0.31086826  0.5         0.37671861  0.5         0.36300277  8.
  8.          8.          8.          8.          8.          8.
  8.          8.          8.          8.          8.          8.
  8.          8.        ]
2022-09-12 17:56:15,210 mloop.controllers    INFO     cost -172.33808963868236 +/- 0.0
2022-09-12 17:56:15,211 mloop.controllers    INFO     Run:68 (trainer)
2022-09-12 17:56:15,217 mloop.controllers    INFO     params [ 7.98049551 17.99755793 18.44269385  5.680034   10.89327582  6.46247642
  0.06407403  0.46262441  0.06393855  0.23480383  0.43253536 -5.07695534
 -7.1332496  -7.61012032  4.81000571  3.74315221  1.45487406  4.13679463
  2.47662286  0.77150008 -1.81706833  7.87807101  4.09070028  1.5868511
 -2.95023349  7.79388988]
2022-09-12 17:56:15,368 mloop.controllers    INFO     cost -17.156844451758218 +/- 0.0
2022-09-12 17:56:15,369 mloop.controllers    INFO     Run:69 (machine learner)
2022-09-12 17:56:20,248 mloop.controllers    INFO     params [20.         20.         20.         20.         20.         16.
  0.5         0.43223555  0.2835304   0.5         0.5         8.
  8.          8.          8.          8.          8.          8.
  8.          8.          8.          8.          8.          8.
  8.          8.        ]
2022-09-12 17:56:20,349 mloop.controllers    INFO     cost -172.50326595858954 +/- 0.0
2022-09-12 17:56:20,350 mloop.controllers    INFO     Run:70 (machine learner)
2022-09-12 17:56:22,658 mloop.controllers    INFO     params [20.         20.         20.         20.         20.         16.
  0.5         0.43223555  0.2835304   0.5         0.5         8.
  8.          8.          8.          8.          8.          8.
  8.          8.          8.          8.          8.          8.
  8.          8.        ]
2022-09-12 17:56:22,759 mloop.controllers    INFO     cost -172.50326595864647 +/- 0.0
2022-09-12 17:56:22,760 mloop.controllers    INFO     Run:71 (machine learner)
2022-09-12 17:56:24,668 mloop.controllers    INFO     params [20.         20.         20.         20.         20.         16.
  0.5         0.43223555  0.2835304   0.5         0.5         8.
  8.          8.          8.          8.          8.          8.
  8.          8.          8.          8.          8.          8.
  8.          8.        ]
2022-09-12 17:56:24,769 mloop.controllers    INFO     cost -172.50326595864655 +/- 0.0
2022-09-12 17:56:24,770 mloop.controllers    INFO     Run:72 (machine learner)
2022-09-12 17:56:25,466 mloop.controllers    INFO     params [20.         20.         20.         20.         20.         16.
  0.48358927  0.5         0.31235869  0.5         0.5         8.
  8.          8.          8.          8.          8.          8.
  8.          8.          8.          8.          8.          8.
  8.          8.        ]
2022-09-12 17:56:25,568 mloop.controllers    INFO     cost -172.5834479527541 +/- 0.0
2022-09-12 17:56:25,568 mloop.controllers    INFO     Run:73 (trainer)
2022-09-12 17:56:25,570 mloop.controllers    INFO     params [12.80099522 15.27765246 11.80504457  2.15274172 19.75209231  4.23568388
  0.08715594  0.27303561  0.36692365  0.19141214  0.46860761 -0.36432037
  7.36194946 -2.27973931 -0.08822164 -2.20577077 -5.86211557 -3.9152562
  1.07176933 -7.74590184 -4.27280019  2.4228764  -2.46222621  2.0688001
  4.37478608  4.43035109]
2022-09-12 17:56:25,671 mloop.controllers    INFO     cost 5.766974497565714 +/- 0.0
2022-09-12 17:56:25,671 mloop.controllers    INFO     Run:74 (machine learner)
2022-09-12 17:56:27,951 mloop.controllers    INFO     params [20.         20.         20.         20.         20.         16.
  0.48358927  0.5         0.31235869  0.5         0.5         8.
  8.          8.          8.          8.          8.          8.
  8.          8.          8.          8.          8.          8.
  8.          8.        ]
2022-09-12 17:56:28,053 mloop.controllers    INFO     cost -172.58344795271947 +/- 0.0
2022-09-12 17:56:28,053 mloop.controllers    INFO     Run:75 (machine learner)
2022-09-12 17:56:30,239 mloop.controllers    INFO     params [20.         20.         20.         20.         20.         16.
  0.48358927  0.5         0.31235869  0.5         0.5         8.
  8.          8.          8.          8.          8.          8.
  8.          8.          8.          8.          8.          8.
  8.          8.        ]
2022-09-12 17:56:30,340 mloop.controllers    INFO     cost -172.5834479527541 +/- 0.0
2022-09-12 17:56:30,341 mloop.controllers    INFO     Run:76 (machine learner)
2022-09-12 17:56:32,407 mloop.controllers    INFO     params [20.         20.         20.         20.         20.         16.
  0.48358927  0.5         0.31235869  0.5         0.5         8.
  8.          8.          8.          8.          8.          8.
  8.          8.          8.          8.          8.          8.
  8.          8.        ]
2022-09-12 17:56:35,494 mloop.controllers    INFO     cost -172.5834479527541 +/- 0.0
2022-09-12 17:56:35,494 mloop.controllers    INFO     Run:77 (machine learner)
2022-09-12 17:56:35,495 mloop.controllers    INFO     params [20.         20.         20.         20.         20.         16.
  0.5         0.5         0.31667557  0.5         0.5         8.
  8.          8.          8.          8.          8.          8.
  8.          8.          8.          8.          8.          8.
  8.          8.        ]
2022-09-12 17:56:35,596 mloop.controllers    INFO     cost -172.60417557081098 +/- 0.0
2022-09-12 17:56:35,597 mloop.controllers    INFO     Run:78 (trainer)
2022-09-12 17:56:35,599 mloop.controllers    INFO     params [14.44772523 15.36225879 15.26703924 14.72526761 19.91716458  9.48659219
  0.08134155  0.41080803  0.38003521  0.31231328  0.49224779 -1.2136171
  4.99501685  7.43977506 -4.40592346  7.73454722  3.70804    -6.25094004
 -3.77324694 -0.59695573  3.34135423  6.33727739  4.51560208 -6.45355669
 -7.34387399  0.25294745]
2022-09-12 17:56:35,926 mloop.controllers    INFO     cost -33.45673979984089 +/- 0.0
2022-09-12 17:56:35,927 mloop.controllers    INFO     Run:79 (machine learner)
2022-09-12 17:56:37,862 mloop.controllers    INFO     params [20.         20.         20.         20.         20.         16.
  0.5         0.5         0.31667557  0.5         0.5         8.
  8.          8.          8.          8.          8.          8.
  8.          8.          8.          8.          8.          8.
  8.          8.        ]
2022-09-12 17:56:37,963 mloop.controllers    INFO     cost -172.60417557081098 +/- 0.0
2022-09-12 17:56:37,964 mloop.controllers    INFO     Run:80 (machine learner)
2022-09-12 17:56:39,721 mloop.controllers    INFO     params [20.         20.         20.         20.         20.         16.
  0.5         0.5         0.31667557  0.5         0.5         8.
  8.          8.          8.          8.          8.          8.
  8.          8.          8.          8.          8.          8.
  8.          8.        ]
2022-09-12 17:56:39,822 mloop.controllers    INFO     cost -172.60417557081098 +/- 0.0
2022-09-12 17:56:39,822 mloop.controllers    INFO     Run:81 (machine learner)
2022-09-12 17:56:41,495 mloop.controllers    INFO     params [20.  20.  20.  20.  20.  16.   0.5  0.5  0.5  0.5  0.5  8.   8.   8.
  8.   8.   8.   8.   8.   8.   8.   8.   8.   8.   8.   8. ]
2022-09-12 17:56:41,596 mloop.controllers    INFO     cost -172.78749999925853 +/- 0.0
2022-09-12 17:56:41,597 mloop.controllers    INFO     Run:82 (machine learner)
2022-09-12 17:56:42,440 mloop.controllers    INFO     params [20.         20.         20.         20.         20.         16.
  0.5         0.5         0.32024409  0.5         0.5         8.
  8.          8.          8.          8.          8.          8.
  8.          8.          8.          8.          8.          8.
  8.          8.        ]
2022-09-12 17:56:42,542 mloop.controllers    INFO     cost -172.60774409419452 +/- 0.0
2022-09-12 17:56:42,544 mloop.controllers    INFO     Run:83 (trainer)
2022-09-12 17:56:42,547 mloop.controllers    INFO     params [ 3.09212277  3.68404661  6.20664644  6.92496975 10.93464769 10.45222102
  0.17821664  0.02295571  0.47203155  0.0393013   0.02962621 -2.81813539
 -2.15743034 -3.74356089  0.39061632  5.37550213 -1.66755539 -7.53747463
  7.7780316  -0.98593937  2.65356831  7.24471713  0.57575769  6.20913587
 -7.79658664 -0.74358757]
2022-09-12 17:56:42,648 mloop.controllers    INFO     cost 20.898655481191618 +/- 0.0
2022-09-12 17:56:42,648 mloop.controllers    INFO     Run:84 (machine learner)
2022-09-12 17:56:44,772 mloop.controllers    INFO     params [20.         20.         20.         20.         20.         16.
  0.5         0.5         0.5         0.5         0.5         8.
  8.          8.          8.          8.          8.          8.
  8.          8.          8.          8.          8.          7.99999972
  7.99999972  8.        ]
2022-09-12 17:56:44,874 mloop.controllers    INFO     cost -172.78749943143518 +/- 0.0
2022-09-12 17:56:44,874 mloop.controllers    INFO     Run:85 (machine learner)
2022-09-12 17:56:46,748 mloop.controllers    INFO     params [20.  20.  20.  20.  20.  16.   0.5  0.5  0.5  0.5  0.5  8.   8.   8.
  8.   8.   8.   8.   8.   8.   8.   8.   8.   8.   8.   8. ]
2022-09-12 17:56:46,849 mloop.controllers    INFO     cost -172.78749999925853 +/- 0.0
2022-09-12 17:56:46,850 mloop.controllers    INFO     Run:86 (machine learner)
2022-09-12 17:56:48,702 mloop.controllers    INFO     params [20.         19.99999959 19.99999957 20.         19.99999969 16.
  0.49999999  0.5         0.          0.5         0.42674395  7.99999971
  7.99999984  7.99999946  7.99999991  7.99999981  7.99999999  8.
  7.99999996  7.99999942  7.99999945  7.99999911  8.          8.
  8.          8.        ]
2022-09-12 17:56:48,803 mloop.controllers    INFO     cost -172.21423945199805 +/- 0.0
2022-09-12 17:56:48,824 mloop.controllers    INFO     Run:87 (machine learner)
2022-09-12 17:56:49,366 mloop.controllers    INFO     params [20.  20.  20.  20.  20.  16.   0.5  0.5  0.5  0.5  0.5  8.   8.   8.
  8.   8.   8.   8.   8.   8.   8.   8.   8.   8.   8.   8. ]
2022-09-12 17:56:49,468 mloop.controllers    INFO     cost -172.78750000000002 +/- 0.0
2022-09-12 17:56:49,470 mloop.controllers    INFO     Run:88 (trainer)
2022-09-12 17:56:49,473 mloop.controllers    INFO     params [ 1.16684480e+01  5.48175661e+00  1.28115764e+01  1.63911714e+01
  1.23621587e+01  1.38182107e+01  3.93020863e-01  1.84952830e-01
  2.60195264e-01  3.76612958e-03  1.66268643e-01 -3.29096226e+00
 -6.46471274e+00  5.90341355e+00 -4.01270502e+00 -6.35145150e+00
  5.42137461e+00 -3.05454360e+00 -6.20237672e+00 -5.73679547e+00
  5.79179934e+00  8.93829344e-01  4.16150078e+00 -2.84927365e+00
  4.30254794e-01  2.79869385e+00]
2022-09-12 17:56:49,575 mloop.controllers    INFO     cost 4.732929155508417 +/- 0.0
2022-09-12 17:56:49,575 mloop.controllers    INFO     Run:89 (machine learner)
2022-09-12 17:56:51,493 mloop.controllers    INFO     params [19.99999931 20.         19.99999931 19.99999931 19.99999931 15.99999954
  0.5         0.5         0.49999998  0.49999999  0.49999998  7.99999939
  8.          7.99999939  7.99999939  7.99999939  7.99999939  7.99999939
  7.99999939  7.99999939  7.99999939  7.99999939  7.99999939  7.99999939
  7.99999939  7.99999939]
2022-09-12 17:56:51,594 mloop.controllers    INFO     cost -172.78748822711594 +/- 0.0
2022-09-12 17:56:51,595 mloop.controllers    INFO     Run:90 (machine learner)
2022-09-12 17:56:53,508 mloop.controllers    INFO     params [19.99999982 20.         19.99999982 19.99999982 19.99999982 15.99999988
  0.5         0.5         0.49999999  0.49999999  0.49999999  7.99999984
  8.          7.99999984  7.99999984  7.99999984  7.99999984  7.99999984
  7.99999984  7.99999984  7.99999984  7.99999984  7.99999984  7.99999984
  7.99999984  7.99999984]
2022-09-12 17:56:53,609 mloop.controllers    INFO     cost -172.78749685043795 +/- 0.0
2022-09-12 17:56:53,610 mloop.controllers    INFO     Run:91 (machine learner)
2022-09-12 17:56:55,482 mloop.controllers    INFO     params [19.99999865 20.         19.99999865 19.99999865 19.99999865 15.99999911
  0.5         0.5         0.49999996  0.49999996  0.49999996  7.99999881
  8.          7.99999881  7.99999881  7.99999881  7.99999881  7.99999881
  7.99999881  7.99999881  7.99999881  7.99999881  7.99999881  7.99999881
  7.99999881  7.99999881]
2022-09-12 17:56:55,583 mloop.controllers    INFO     cost -172.78747693128412 +/- 0.0
2022-09-12 17:56:55,583 mloop.controllers    INFO     Run:92 (machine learner)
2022-09-12 17:56:56,256 mloop.controllers    INFO     params [20.  20.  20.  20.  20.  16.   0.5  0.5  0.5  0.5  0.5  8.   8.   8.
  8.   8.   8.   8.   8.   8.   8.   8.   8.   8.   8.   8. ]
2022-09-12 17:56:56,358 mloop.controllers    INFO     cost -172.78750000000002 +/- 0.0
2022-09-12 17:56:56,359 mloop.controllers    INFO     Run:93 (trainer)
2022-09-12 17:56:56,361 mloop.controllers    INFO     params [ 8.33212753e+00  1.93779338e+01  1.77441844e+01  2.76384710e+00
  1.93245255e+01  8.63617081e+00  3.01016452e-01  1.48175859e-03
  1.64773705e-01  4.56033556e-01  9.66233590e-02  3.63474480e-01
  2.07017804e+00 -3.38228929e+00  3.83648323e+00  2.18878848e+00
 -7.90182198e+00 -5.62266790e+00  3.97256294e+00  4.85348241e+00
 -1.57790302e+00 -3.82557892e+00 -2.44124434e+00  3.03264109e+00
 -4.00716286e-01 -4.06349433e+00]
2022-09-12 17:56:56,462 mloop.controllers    INFO     cost -2.588112572757291 +/- 0.0
2022-09-12 17:56:56,463 mloop.controllers    INFO     Run:94 (machine learner)
2022-09-12 17:56:59,568 mloop.controllers    INFO     params [19.99999788 19.99999788 19.99999788 19.99999788 20.         15.9999986
  0.49999994  0.49999994  0.49999994  0.49999994  0.49999994  7.99999814
  7.99999814  7.99999814  7.99999814  7.99999814  7.99999814  7.99999814
  7.99999814  7.99999814  7.99999814  7.99999814  7.99999814  7.99999814
  7.99999814  7.99999814]
2022-09-12 17:56:59,669 mloop.controllers    INFO     cost -172.78746184846642 +/- 0.0
2022-09-12 17:56:59,670 mloop.controllers    INFO     Run:95 (machine learner)
2022-09-12 17:57:02,232 mloop.controllers    INFO     params [19.99999792 19.99999738 19.99999726 19.99999763 20.         15.99999854
  0.49999994  0.49999992  0.49999992  0.49999994  0.49999994  7.99999784
  7.99999816  7.99999815  7.99999778  7.99999756  7.99999781  7.99999752
  7.99999782  7.99999799  7.99999794  7.9999978   7.99999772  7.99999793
  7.99999768  7.99999794]
2022-09-12 17:57:02,333 mloop.controllers    INFO     cost -172.7874560304939 +/- 0.0
2022-09-12 17:57:02,334 mloop.controllers    INFO     Run:96 (machine learner)
2022-09-12 17:57:05,058 mloop.controllers    INFO     params [19.99999877 19.9999988  19.99999879 19.99999878 19.99999999 15.9999992
  0.49999997  0.49999997  0.49999997  0.49999997  0.49999997  7.99999892
  7.99999893  7.99999894  7.99999892  7.99999891  7.99999891  7.99999894
  7.99999892  7.99999894  7.99999893  7.99999893  7.99999894  7.99999892
  7.99999893  7.99999892]
2022-09-12 17:57:05,160 mloop.controllers    INFO     cost -172.78747807277355 +/- 0.0
2022-09-12 17:57:05,160 mloop.controllers    INFO     Run:97 (machine learner)
2022-09-12 17:57:05,774 mloop.controllers    INFO     params [20.  20.  20.  20.  20.  16.   0.5  0.5  0.5  0.5  0.5  8.   8.   8.
  8.   8.   8.   8.   8.   8.   8.   8.   8.   8.   8.   8. ]
2022-09-12 17:57:05,875 mloop.controllers    INFO     cost -172.78750000000002 +/- 0.0
2022-09-12 17:57:05,876 mloop.controllers    INFO     Run:98 (trainer)
2022-09-12 17:57:05,878 mloop.controllers    INFO     params [ 8.82655409 14.82289935  4.68462431  4.38261905 10.82525181 11.51600473
  0.1466424   0.4878762   0.40381854  0.42430929  0.43280864 -2.55907592
  5.72243162  6.13950831 -3.06868901 -2.43277281  4.47612565 -1.7777644
 -2.24335659 -1.5698428   6.76488999  3.88599833 -1.7757679   5.95556563
  1.4953645   2.288946  ]
2022-09-12 17:57:05,979 mloop.controllers    INFO     cost -12.542469010768647 +/- 0.0
2022-09-12 17:57:05,985 mloop.controllers    INFO     Run:99 (machine learner)
2022-09-12 17:57:39,486 mloop.controllers    INFO     params [20.  20.  20.  20.  20.  16.   0.5  0.5  0.5  0.5  0.5  8.   8.   8.
  8.   8.   8.   8.   8.   8.   8.   8.   8.   8.   8.   8. ]
2022-09-12 17:57:39,587 mloop.controllers    INFO     cost -172.78750000000002 +/- 0.0
2022-09-12 17:57:39,588 mloop.controllers    INFO     Run:100 (machine learner)
2022-09-12 17:57:57,915 mloop.controllers    INFO     params [20.         20.         19.99999947 20.         19.99999968 15.99999965
  0.49999999  0.49999999  0.5         0.35084207  0.5         8.
  8.          8.          7.99999954  7.99999954  7.99999954  8.
  7.99999954  8.          8.          8.          7.99999954  8.
  7.99999954  8.        ]
2022-09-12 17:57:58,029 mloop.controllers    INFO     cost -172.63833807822857 +/- 0.0
2022-09-12 17:57:58,030 mloop.controllers    INFO     Controller finished. Closing down M-LOOP. Please wait a moment...
2022-09-12 17:57:58,034 mloop.controllers    DEBUG    ML learner end set.
2022-09-12 17:58:22,552 mloop.controllers    DEBUG    ML learner joined
2022-09-12 17:58:22,553 mloop.controllers    DEBUG    Learner end event set.
2022-09-12 17:58:22,553 mloop.controllers    DEBUG    Interface end event set.
2022-09-12 17:58:23,035 mloop.learners.1     DEBUG    Learner end signal received. Ending
2022-09-12 17:58:23,065 mloop.interfaces     DEBUG    Interface ended
2022-09-12 17:58:24,037 mloop.controllers    DEBUG    Learner joined.
2022-09-12 17:58:24,038 mloop.controllers    DEBUG    Interface joined.
2022-09-12 17:58:24,059 mloop.controllers    INFO     Optimization ended because:
2022-09-12 17:58:24,059 mloop.controllers    INFO     	* Maximum number of runs reached.
2022-09-12 17:58:24,060 mloop.controllers    INFO     Results:
2022-09-12 17:58:24,061 mloop.controllers    INFO     	* Best parameters found:[20.  20.  20.  20.  20.  16.   0.5  0.5  0.5  0.5  0.5  8.   8.   8.
  8.   8.   8.   8.   8.   8.   8.   8.   8.   8.   8.   8. ]
2022-09-12 17:58:24,061 mloop.controllers    INFO     	* Best cost returned:-172.78750000000002 +/- 0.0
2022-09-12 17:58:24,061 mloop.controllers    INFO     	* Best run number:87
2022-09-12 17:58:24,062 mloop.controllers    INFO     	* Predicted best parameters:[20.  20.  20.  20.  20.  16.   0.5  0.5  0.5  0.5  0.5  8.   8.   8.
  8.   8.   8.   8.   8.   8.   8.   8.   8.   8.   8.   8. ]
2022-09-12 17:58:24,062 mloop.controllers    INFO     	* Predicted best cost:-172.78624278916402 +/- 0.06381557177353206
2022-09-12 17:58:24,063 mloop.controllers    INFO     M-LOOP Done.
2022-09-12 17:58:24,064 mloop.visualizations DEBUG    Creating controller visualizations.
2022-09-12 17:58:24,299 mloop.visualizations DEBUG    Creating learner visualizations.
2022-09-12 17:58:24,317 mloop.visualizations DEBUG    Creating Gaussian process visualizer.
2022-09-12 17:58:24,332 mloop.learners.3     DEBUG    Learner init completed.
2022-09-12 17:58:24,334 mloop.visualizations DEBUG    Fitting Gaussian process.
2022-09-12 17:58:24,781 mloop.visualizations INFO     Showing visualizations, close all to end M-LOOP.
