2022-09-19 09:37:47,261 mloop                INFO     M-LOOP version 3.3.1
2022-09-19 09:37:47,261 mloop                DEBUG    M-LOOP Logger configured.
2022-09-19 09:37:47,261 mloop.interfaces     DEBUG    Creating interface.
2022-09-19 09:37:47,261 mloop.controllers    DEBUG    Controller init completed.
2022-09-19 09:37:47,261 mloop.learners.1     DEBUG    Learner init completed.
2022-09-19 09:37:47,261 mloop.learners.2     DEBUG    Learner init completed.
2022-09-19 09:37:47,261 mloop.controllers    INFO     Optimization started.
2022-09-19 09:37:47,261 mloop.interfaces     DEBUG    Entering main loop of interface.
2022-09-19 09:37:47,261 mloop.controllers    DEBUG    ML learner started.
2022-09-19 09:37:47,354 mloop.controllers    DEBUG    Starting training optimization.
2022-09-19 09:37:47,354 mloop.controllers    INFO     Run:1 (training)
2022-09-19 09:37:47,354 mloop.controllers    INFO     params [ 7.82209625 12.73656954 14.76279938]
2022-09-19 09:37:47,369 mloop.controllers    INFO     cost 0.1365516516741789 +/- 0.0
2022-09-19 09:37:47,370 mloop.controllers    INFO     Run:2 (training)
2022-09-19 09:37:47,372 mloop.controllers    INFO     params [ 8.66660394 11.36157218 12.57805354]
2022-09-19 09:37:47,373 mloop.controllers    INFO     cost -0.610914559292234 +/- 0.0
2022-09-19 09:37:47,373 mloop.controllers    INFO     Run:3 (training)
2022-09-19 09:37:47,382 mloop.controllers    INFO     params [13.0449257   5.01408223  9.80421562]
2022-09-19 09:37:47,388 mloop.controllers    INFO     cost 0.032129795018356375 +/- 0.0
2022-09-19 09:37:47,388 mloop.controllers    INFO     Run:4 (training)
2022-09-19 09:37:47,392 mloop.controllers    INFO     params [12.14048464  4.57868261  9.99464499]
2022-09-19 09:37:47,400 mloop.controllers    INFO     cost 0.025351498720618232 +/- 0.0
2022-09-19 09:37:47,400 mloop.controllers    INFO     Run:5 (training)
2022-09-19 09:37:47,402 mloop.controllers    INFO     params [15.67022453  8.66659328 10.44822061]
2022-09-19 09:37:47,411 mloop.controllers    INFO     cost -0.841529441645068 +/- 0.0
2022-09-19 09:37:47,412 mloop.controllers    INFO     Run:6 (training)
2022-09-19 09:37:47,413 mloop.controllers    INFO     params [ 3.40653655 15.24026079 11.64031518]
2022-09-19 09:37:47,423 mloop.controllers    INFO     cost -0.3255587163687661 +/- 0.0
2022-09-19 09:37:47,423 mloop.controllers    INFO     Run:7 (training)
2022-09-19 09:37:47,423 mloop.controllers    INFO     params [18.02092261 19.33524707  9.7949572 ]
2022-09-19 09:37:47,435 mloop.controllers    INFO     cost 0.06792620340594777 +/- 0.0
2022-09-19 09:37:47,436 mloop.controllers    INFO     Run:8 (training)
2022-09-19 09:37:47,439 mloop.controllers    INFO     params [ 4.91874616 19.85038894 14.2274384 ]
2022-09-19 09:37:47,443 mloop.controllers    INFO     cost 0.08260042439132455 +/- 0.0
2022-09-19 09:37:47,449 mloop.controllers    INFO     Run:9 (training)
2022-09-19 09:37:47,450 mloop.controllers    INFO     params [ 5.27271475 17.68787902 10.54916475]
2022-09-19 09:37:47,463 mloop.controllers    INFO     cost -0.792471620135898 +/- 0.0
2022-09-19 09:37:47,463 mloop.controllers    INFO     Run:10 (training)
2022-09-19 09:37:47,463 mloop.controllers    INFO     params [13.88354669  2.31594545  3.97996742]
2022-09-19 09:37:47,477 mloop.controllers    INFO     cost -0.05153354274562987 +/- 0.0
2022-09-19 09:37:47,477 mloop.controllers    INFO     Run:11 (training)
2022-09-19 09:37:47,479 mloop.controllers    INFO     params [ 5.77723303 18.28385972 18.97726719]
2022-09-19 09:37:47,491 mloop.controllers    INFO     cost 0.05226442774007631 +/- 0.0
2022-09-19 09:37:47,492 mloop.controllers    INFO     Run:12 (training)
2022-09-19 09:37:47,493 mloop.controllers    INFO     params [ 8.3717282  10.67863803 13.5684359 ]
2022-09-19 09:37:47,519 mloop.controllers    INFO     cost -1.1536923669149322 +/- 0.0
2022-09-19 09:37:47,519 mloop.controllers    INFO     Run:13 (training)
2022-09-19 09:37:47,524 mloop.controllers    INFO     params [3.60791645 5.31020625 3.98981381]
2022-09-19 09:37:47,548 mloop.controllers    INFO     cost 0.0753131222329232 +/- 0.0
2022-09-19 09:37:47,550 mloop.controllers    INFO     Run:14 (training)
2022-09-19 09:37:47,550 mloop.controllers    INFO     params [11.20404722 14.49598236 12.5335127 ]
2022-09-19 09:37:47,561 mloop.controllers    INFO     cost -0.5888611659565706 +/- 0.0
2022-09-19 09:37:47,561 mloop.controllers    INFO     Run:15 (training)
2022-09-19 09:37:47,563 mloop.controllers    INFO     params [16.66020409 13.29571893 15.0346478 ]
2022-09-19 09:37:47,574 mloop.controllers    INFO     cost -0.12277007220909456 +/- 0.0
2022-09-19 09:37:47,574 mloop.controllers    INFO     Run:16 (training)
2022-09-19 09:37:47,579 mloop.controllers    INFO     params [ 9.5302495   9.6976946  18.07984908]
2022-09-19 09:37:47,592 mloop.controllers    INFO     cost 0.38976636795639746 +/- 0.0
2022-09-19 09:37:47,593 mloop.controllers    INFO     Run:17 (training)
2022-09-19 09:37:47,594 mloop.controllers    INFO     params [ 7.08963336  5.05532683 14.60481967]
2022-09-19 09:37:47,603 mloop.controllers    INFO     cost 0.1426478603967533 +/- 0.0
2022-09-19 09:37:47,603 mloop.controllers    INFO     Run:18 (training)
2022-09-19 09:37:47,609 mloop.controllers    INFO     params [ 9.05074728 12.42713069 12.80938823]
2022-09-19 09:37:47,622 mloop.controllers    INFO     cost 0.3314844683590944 +/- 0.0
2022-09-19 09:37:47,623 mloop.controllers    INFO     Run:19 (training)
2022-09-19 09:37:47,625 mloop.controllers    INFO     params [16.25873989 10.50303252 11.47446315]
2022-09-19 09:37:47,637 mloop.controllers    INFO     cost -1.2432827087967757 +/- 0.0
2022-09-19 09:37:47,638 mloop.controllers    INFO     Run:20 (training)
2022-09-19 09:37:47,638 mloop.controllers    INFO     params [10.7717644  18.56402552  4.97307859]
2022-09-19 09:37:47,643 mloop.controllers    INFO     cost -0.9271132953076239 +/- 0.0
2022-09-19 09:37:47,643 mloop.controllers    INFO     Run:21 (training)
2022-09-19 09:37:47,653 mloop.controllers    INFO     params [11.91270277 14.15472246 15.0706916 ]
2022-09-19 09:37:47,653 mloop.controllers    DEBUG    Starting ML optimization.
2022-09-19 09:37:47,662 mloop.controllers    INFO     cost 0.05092767475130335 +/- 0.0
2022-09-19 09:37:47,664 mloop.controllers    DEBUG    End training runs.
2022-09-19 09:37:47,664 mloop.controllers    INFO     Run:22 (machine learner)
2022-09-19 09:37:55,554 mloop.controllers    INFO     params [ 8.36387954  9.6328031  12.63377787]
2022-09-19 09:37:55,576 mloop.controllers    INFO     cost 0.19141610088982514 +/- 0.0
2022-09-19 09:37:55,576 mloop.controllers    INFO     Run:23 (machine learner)
2022-09-19 09:37:57,868 mloop.controllers    INFO     params [ 8.67647223  9.21619883 12.54462623]
2022-09-19 09:37:57,886 mloop.controllers    INFO     cost 0.24240746227448556 +/- 0.0
2022-09-19 09:37:57,886 mloop.controllers    INFO     Run:24 (machine learner)
2022-09-19 09:38:01,333 mloop.controllers    INFO     params [ 9.4221934   9.04211442 11.82424535]
2022-09-19 09:38:01,344 mloop.controllers    INFO     cost 0.22076770419751268 +/- 0.0
2022-09-19 09:38:01,344 mloop.controllers    INFO     Run:25 (trainer)
2022-09-19 09:38:01,348 mloop.controllers    INFO     params [13.7482895   6.64265385 11.84502541]
2022-09-19 09:38:01,366 mloop.controllers    INFO     cost -0.15138003725235671 +/- 0.0
2022-09-19 09:38:01,367 mloop.controllers    INFO     Run:26 (machine learner)
2022-09-19 09:38:02,851 mloop.controllers    INFO     params [15.60079181 10.82719549 11.36059593]
2022-09-19 09:38:02,863 mloop.controllers    INFO     cost -1.7232377578475147 +/- 0.0
2022-09-19 09:38:02,864 mloop.controllers    INFO     Run:27 (machine learner)
2022-09-19 09:38:03,862 mloop.controllers    INFO     params [15.58647404 11.03797897 10.88746856]
2022-09-19 09:38:03,880 mloop.controllers    INFO     cost -2.0211126779283735 +/- 0.0
2022-09-19 09:38:03,882 mloop.controllers    INFO     Run:28 (machine learner)
2022-09-19 09:38:05,274 mloop.controllers    INFO     params [ 8.35684542 10.48753595 14.446009  ]
2022-09-19 09:38:05,296 mloop.controllers    INFO     cost -0.787679800600618 +/- 0.0
2022-09-19 09:38:05,300 mloop.controllers    INFO     Run:29 (trainer)
2022-09-19 09:38:05,303 mloop.controllers    INFO     params [19.6259565  15.99877041 17.53740423]
2022-09-19 09:38:05,331 mloop.controllers    INFO     cost -0.04967324259397532 +/- 0.0
2022-09-19 09:38:05,332 mloop.controllers    INFO     Run:30 (machine learner)
2022-09-19 09:38:06,083 mloop.controllers    INFO     params [14.56970061 11.14390512 10.4077799 ]
2022-09-19 09:38:06,101 mloop.controllers    INFO     cost -1.481666556822315 +/- 0.0
2022-09-19 09:38:06,102 mloop.controllers    INFO     Controller finished. Closing down M-LOOP. Please wait a moment...
2022-09-19 09:38:06,103 mloop.controllers    DEBUG    ML learner end set.
2022-09-19 09:38:08,620 mloop.controllers    DEBUG    ML learner joined
2022-09-19 09:38:08,620 mloop.controllers    DEBUG    Learner end event set.
2022-09-19 09:38:08,620 mloop.controllers    DEBUG    Interface end event set.
2022-09-19 09:38:09,113 mloop.interfaces     DEBUG    Interface ended
2022-09-19 09:38:09,322 mloop.learners.1     DEBUG    Learner end signal received. Ending
2022-09-19 09:38:10,323 mloop.controllers    DEBUG    Learner joined.
2022-09-19 09:38:10,323 mloop.controllers    DEBUG    Interface joined.
2022-09-19 09:38:10,324 mloop.controllers    INFO     Optimization ended because:
2022-09-19 09:38:10,324 mloop.controllers    INFO     	* Maximum number of runs reached.
2022-09-19 09:38:10,328 mloop.controllers    INFO     Results:
2022-09-19 09:38:10,329 mloop.controllers    INFO     	* Best parameters found:[15.58647404 11.03797897 10.88746856]
2022-09-19 09:38:10,329 mloop.controllers    INFO     	* Best cost returned:-2.0211126779283735 +/- 0.0
2022-09-19 09:38:10,329 mloop.controllers    INFO     	* Best run number:27
2022-09-19 09:38:10,329 mloop.controllers    INFO     	* Predicted best parameters:[16.01665684 11.21592465 10.72644979]
2022-09-19 09:38:10,329 mloop.controllers    INFO     	* Predicted best cost:-2.061053916665433
2022-09-19 09:38:10,329 mloop.controllers    INFO     M-LOOP Done.
2022-09-19 09:38:10,332 mloop.visualizations DEBUG    Creating controller visualizations.
2022-09-19 09:38:10,474 mloop.visualizations DEBUG    Creating learner visualizations.
2022-09-19 09:38:10,474 mloop.visualizations DEBUG    Creating neural net visualizer.
2022-09-19 09:38:10,482 mloop.learners.3     DEBUG    Learner init completed.
2022-09-19 09:38:10,483 mloop.neuralnet      INFO     Initialising neural network impl
2022-09-19 09:38:10,483 mloop.neuralnet      INFO     Initialising neural network impl
2022-09-19 09:38:10,484 mloop.neuralnet      INFO     Initialising neural network impl
2022-09-19 09:38:10,486 mloop.neuralnet      INFO     Constructing net
2022-09-19 09:38:11,248 mloop.neuralnet      DEBUG    Finished constructing net in: 0.7618217468261719
2022-09-19 09:38:11,248 mloop.neuralnet      INFO     Loading neural network
2022-09-19 09:38:11,323 mloop.neuralnet      INFO     Constructing net
2022-09-19 09:38:11,921 mloop.neuralnet      DEBUG    Finished constructing net in: 0.5981113910675049
2022-09-19 09:38:11,921 mloop.neuralnet      INFO     Loading neural network
2022-09-19 09:38:12,000 mloop.neuralnet      INFO     Constructing net
2022-09-19 09:38:12,683 mloop.neuralnet      DEBUG    Finished constructing net in: 0.6835522651672363
2022-09-19 09:38:12,683 mloop.neuralnet      INFO     Loading neural network
2022-09-19 09:38:13,798 mloop.visualizations INFO     Showing visualizations, close all to end M-LOOP.
