2022-09-18 14:15:36,218 mloop                INFO     M-LOOP version 3.3.1
2022-09-18 14:15:36,218 mloop                DEBUG    M-LOOP Logger configured.
2022-09-18 14:15:36,219 mloop.interfaces     DEBUG    Creating interface.
2022-09-18 14:15:36,220 mloop.controllers    DEBUG    Controller init completed.
2022-09-18 14:15:36,221 mloop.learners.1     DEBUG    Learner init completed.
2022-09-18 14:15:36,221 mloop.learners.2     DEBUG    Learner init completed.
2022-09-18 14:15:36,222 mloop.controllers    INFO     Optimization started.
2022-09-18 14:15:36,224 mloop.interfaces     DEBUG    Entering main loop of interface.
2022-09-18 14:15:36,224 mloop.controllers    DEBUG    ML learner started.
2022-09-18 14:15:36,304 mloop.controllers    DEBUG    Starting training optimization.
2022-09-18 14:15:36,304 mloop.controllers    INFO     Run:1 (training)
2022-09-18 14:15:36,306 mloop.controllers    INFO     params [ 7.69598118  9.8346389   2.63412844  8.76303402  5.75948091 10.17705128
  0.14782636  0.27463295  0.14563917  0.19868359  0.1034818  -2.1239526
  0.25233813 -4.33801038  3.14827335  0.74986025  1.56386641  0.91400051
  0.43158793  6.18249188 -0.37952259  7.86276468  0.94099161  7.54262107
 -7.59603646 -6.50130468]
2022-09-18 14:15:36,419 mloop.controllers    INFO     cost -8.532195809823731 +/- 0.0
2022-09-18 14:15:36,421 mloop.controllers    INFO     Run:2 (training)
2022-09-18 14:15:36,423 mloop.controllers    INFO     params [13.16635054  4.13179288  7.4540931   5.62003529 12.87025234  5.29348319
  0.21627464  0.42785238  0.19920379  0.29448549  0.46623769  7.11915655
  0.0290657  -5.48037231  2.34427137  0.87717777  3.50185385 -0.4217786
  2.85962308 -2.5508849   2.21272622 -6.91959595  4.01784303  3.62909649
 -0.48202932  4.88598886]
2022-09-18 14:15:36,536 mloop.controllers    INFO     cost -7.607892711181604 +/- 0.0
2022-09-18 14:15:36,536 mloop.controllers    INFO     Run:3 (training)
2022-09-18 14:15:36,538 mloop.controllers    INFO     params [19.52080482 12.70930465 18.00224477  7.22648811  6.05499409  4.58237105
  0.07856198  0.25954539  0.10251654  0.49375987  0.47799288 -4.67821704
  5.14710018 -7.63073019  6.32142188  7.16742864 -7.48490334 -4.35747643
  1.39657569 -5.73036198 -1.6910389  -1.43386756  3.53968437  5.76689903
  0.62135419 -1.88763383]
2022-09-18 14:15:36,657 mloop.controllers    INFO     cost -4.258497909898966 +/- 0.0
2022-09-18 14:15:36,657 mloop.controllers    INFO     Run:4 (training)
2022-09-18 14:15:36,659 mloop.controllers    INFO     params [14.19396344 13.12364561 16.35714353 11.41680135  8.90138467  6.38155972
  0.11562399  0.0222928   0.40896632  0.32607277  0.25191377 -6.15365076
 -1.28354457 -3.02872388 -3.92505758  0.69435638 -4.03603614 -3.01490627
  1.95522945  0.70447818  2.06402967  2.59364074  0.40297553 -6.95137841
 -5.03789814 -5.70228596]
2022-09-18 14:15:36,776 mloop.controllers    INFO     cost -6.691984041435643 +/- 0.0
2022-09-18 14:15:36,776 mloop.controllers    INFO     Run:5 (training)
2022-09-18 14:15:36,777 mloop.controllers    INFO     params [13.46403151  6.5210067  13.5130314  18.10731008  8.64869504 14.07646399
  0.44680859  0.1217304   0.03063409  0.29150384  0.02786486 -4.35711144
 -1.64090106  5.81818158 -3.66509597 -4.53475221  3.79824454 -6.78993125
  1.82292051 -0.20211753 -2.02645539  3.54582668 -0.31112451  4.81090873
 -6.70396216 -7.64351752]
2022-09-18 14:15:36,898 mloop.controllers    INFO     cost -6.627516260563334 +/- 0.0
2022-09-18 14:15:36,898 mloop.controllers    INFO     Run:6 (training)
2022-09-18 14:15:36,900 mloop.controllers    INFO     params [17.72453721 18.68378781 12.1446622   5.62405976 17.59348785 14.94745594
  0.12316768  0.38700854  0.38542025  0.46190159  0.06680652  3.26538089
 -2.72602623  7.92483564 -4.0715844   7.07574424  3.7998168  -1.86057109
 -1.22154341 -5.74785481  3.42840069  1.83435933  3.1737662  -6.31691777
  4.5492385  -1.66552071]
2022-09-18 14:15:37,021 mloop.controllers    INFO     cost -4.010264352535737 +/- 0.0
2022-09-18 14:15:37,021 mloop.controllers    INFO     Run:7 (training)
2022-09-18 14:15:37,023 mloop.controllers    INFO     params [15.20829624 12.2267657   2.03623459 15.72087711 18.09079728 15.63110141
  0.40402241  0.44033372  0.42074405  0.12980327  0.29369664  6.659671
  6.31904208 -1.73019358 -0.17933931 -4.22767368  0.66700071  3.72023167
  1.974176    6.55180522  6.4136384  -1.13083331 -6.0115106  -3.8159615
  6.55992928  7.12333369]
2022-09-18 14:15:37,138 mloop.controllers    INFO     cost -5.90383991935009 +/- 0.0
2022-09-18 14:15:37,139 mloop.controllers    INFO     Run:8 (training)
2022-09-18 14:15:37,140 mloop.controllers    INFO     params [16.53863847  5.6848256   8.51385833  2.46861817  9.64917514  9.83635501
  0.38065363  0.34586027  0.02072626  0.42755611  0.48396087  5.97506325
 -0.2840412  -5.70542511  7.02418686  1.48022158 -6.33001368  7.87058271
 -0.73928893 -6.27381111  3.77931864  2.0841624   5.33428706  7.40727228
  6.55252426  0.52686836]
2022-09-18 14:15:37,259 mloop.controllers    INFO     cost -7.115785546032496 +/- 0.0
2022-09-18 14:15:37,260 mloop.controllers    INFO     Run:9 (training)
2022-09-18 14:15:37,261 mloop.controllers    INFO     params [19.0701898   6.84373218 16.25460774  2.72403237  6.05812464  5.26239054
  0.26443269  0.04233395  0.35990462  0.47176329  0.45735563  0.96463444
  7.11082225 -7.71277946  5.4663242   2.77499072 -7.72107931 -4.97217109
  2.87785281  7.49785448 -0.56395176  2.87408148  7.2155391  -2.41516713
 -1.88209382  5.32337922]
2022-09-18 14:15:37,377 mloop.controllers    INFO     cost -5.404332985564496 +/- 0.0
2022-09-18 14:15:37,378 mloop.controllers    INFO     Run:10 (training)
2022-09-18 14:15:37,379 mloop.controllers    INFO     params [ 5.47497039  6.30578413 13.67564006 19.86604227 13.5867113  12.6864274
  0.33946939  0.14232918  0.45827815  0.17476614  0.30475492  6.38721882
  1.84122263 -3.33661219 -4.83025413  4.18173302 -7.17144461 -3.74552727
  0.94453194 -4.75031079 -7.51428019 -7.89440511  4.69661979  2.58623488
 -4.85722899 -2.13927836]
2022-09-18 14:15:37,499 mloop.controllers    INFO     cost -5.351947970150221 +/- 0.0
2022-09-18 14:15:37,500 mloop.controllers    INFO     Run:11 (training)
2022-09-18 14:15:37,501 mloop.controllers    INFO     params [ 1.26735871e+01  1.37036234e+01  4.29599436e+00  1.06913871e+01
  7.92401341e+00  8.94857592e+00  2.91557957e-01  4.62934519e-01
  4.58579788e-01  6.93982221e-02  3.08861848e-03  1.54229645e+00
  1.16242284e+00  1.05465227e-01 -4.43131929e+00  4.59529602e+00
  1.90034736e+00 -7.41184429e+00  3.78050181e+00 -6.74629329e+00
  2.90191238e+00  3.61685390e+00 -2.92807414e+00 -6.23415047e+00
 -1.13255676e+00  2.20122421e+00]
2022-09-18 14:15:37,619 mloop.controllers    INFO     cost -6.245322856874786 +/- 0.0
2022-09-18 14:15:37,620 mloop.controllers    INFO     Run:12 (training)
2022-09-18 14:15:37,621 mloop.controllers    INFO     params [17.77388915 10.91163411 14.06945357  7.1267775  12.31520902  8.55162836
  0.35504272  0.10479591  0.47318343  0.08843983  0.12083475 -2.98561995
  6.17971617  5.6456083   4.72228711  6.81103343  2.51353395  1.86468276
  2.04302418  6.78779252  4.7815667  -3.41098918  1.4464672   1.3075981
 -2.57630557 -4.1391348 ]
2022-09-18 14:15:37,741 mloop.controllers    INFO     cost -5.124117198628902 +/- 0.0
2022-09-18 14:15:37,741 mloop.controllers    INFO     Run:13 (training)
2022-09-18 14:15:37,743 mloop.controllers    INFO     params [14.48211302 15.46241348 17.72805253  9.4900411  18.66883537 15.19050168
  0.32847142  0.364165    0.01867589  0.0305822   0.22572208  2.18044136
  6.15304741  6.37617033  3.78819069  3.38040843 -6.47090563  6.71789039
  0.70146369 -4.52480789 -3.8561069   6.00476795 -7.37319759 -0.82396392
  1.86468806 -0.63471185]
2022-09-18 14:15:37,860 mloop.controllers    INFO     cost -5.578447820470063 +/- 0.0
2022-09-18 14:15:37,860 mloop.controllers    INFO     Run:14 (training)
2022-09-18 14:15:37,862 mloop.controllers    INFO     params [14.25022745  2.82312118 16.76802205 17.9948022  14.1095839  13.55147519
  0.33512058  0.12514081  0.33009539  0.36759847  0.37430862 -0.4484512
 -3.15861046  0.75690593 -3.78809785 -6.76190305 -0.87103593  6.49223232
  0.62318285 -4.14120939 -4.48001246 -5.08486514 -7.89024811 -7.37108898
  7.50928934  5.29771136]
2022-09-18 14:15:37,981 mloop.controllers    INFO     cost -6.174485093824297 +/- 0.0
2022-09-18 14:15:37,982 mloop.controllers    INFO     Run:15 (training)
2022-09-18 14:15:37,983 mloop.controllers    INFO     params [ 6.54598428 12.33674437 10.13098763 14.59873411 18.75380447 11.02277498
  0.31254631  0.37950141  0.22992103  0.08252777  0.11503163 -1.26828128
  7.22566812  2.47317416  4.20959631  7.89749698 -2.20114818  7.51640749
  2.07107067 -7.74258456 -4.71332684  6.7479748  -6.11638665 -2.46189979
 -6.6705846   0.50847444]
2022-09-18 14:15:38,102 mloop.controllers    INFO     cost -5.8085101930871925 +/- 0.0
2022-09-18 14:15:38,102 mloop.controllers    INFO     Run:16 (training)
2022-09-18 14:15:38,104 mloop.controllers    INFO     params [ 4.55599283e+00  6.19639136e+00  1.59290733e+01  1.97538178e+01
  1.73261299e+01  1.24597886e+01  3.15360192e-01  1.65354781e-02
  2.04276859e-01  1.70223554e-01  4.10576454e-01  1.51913014e+00
  7.48519252e+00 -6.69632167e+00 -4.51522731e+00 -3.80312101e+00
  3.33201857e-01  4.89708969e+00 -5.56302914e+00  6.39336930e-01
 -5.82847863e+00  5.06625183e+00 -6.35409265e+00  2.96735721e+00
 -1.55030754e+00 -2.35750049e+00]
2022-09-18 14:15:38,221 mloop.controllers    INFO     cost -6.1192085180623765 +/- 0.0
2022-09-18 14:15:38,222 mloop.controllers    INFO     Run:17 (training)
2022-09-18 14:15:38,223 mloop.controllers    INFO     params [ 6.77573361 19.95282936 19.97132346 17.08948761 18.43503744 12.48496868
  0.37240684  0.32616707  0.38956227  0.49861652  0.18845672  1.00474589
 -5.46464651 -2.51729134 -2.69372295 -6.67499587  5.29734933  1.25554229
 -4.50497142  3.53469355  3.61649103  4.63748909  0.77307774  6.28404799
 -3.65590773  2.50975135]
2022-09-18 14:15:38,339 mloop.controllers    INFO     cost -5.2484182135441335 +/- 0.0
2022-09-18 14:15:38,340 mloop.controllers    INFO     Run:18 (training)
2022-09-18 14:15:38,341 mloop.controllers    INFO     params [ 5.37179837  7.85575684  7.89687558  3.58919297  9.00014669 13.25455196
  0.20669528  0.12210215  0.06484483  0.49266505  0.34548197 -0.79186765
 -7.94230946  4.83922096 -6.22458945  2.71195726 -7.19833034  5.07053372
  2.06488211  7.62937016  2.58968883  6.66463114 -7.62615502 -6.64492351
 -4.93365787  2.73492283]
2022-09-18 14:15:38,463 mloop.controllers    INFO     cost -5.187547493632043 +/- 0.0
2022-09-18 14:15:38,463 mloop.controllers    INFO     Run:19 (training)
2022-09-18 14:15:38,465 mloop.controllers    INFO     params [10.65545974 10.82292092  6.81496695 10.45109833 12.33094591 13.75871453
  0.1420181   0.28674899  0.47098486  0.17424562  0.19066573 -0.24410072
 -2.93074941 -7.04157442  0.44739221 -5.24109473  0.91165191  3.81502856
 -5.82700946  1.96440891  3.82405727  5.1911793  -6.24101653 -2.36328009
  5.90146497 -2.01544439]
2022-09-18 14:15:38,580 mloop.controllers    INFO     cost -8.895995151212233 +/- 0.0
2022-09-18 14:15:38,581 mloop.controllers    INFO     Run:20 (training)
2022-09-18 14:15:38,582 mloop.controllers    INFO     params [ 1.60524704e+01  1.96604466e+00  1.58801954e+01  1.01110681e+01
  1.77709576e+01  1.16091460e+01  2.50837670e-01  5.41022812e-03
  3.27131925e-01  6.93907478e-02  8.24702796e-02  4.88556578e+00
 -3.90139416e+00 -1.30668761e+00 -7.80615879e+00  5.69878762e+00
 -6.43044018e+00 -1.85251011e-01 -6.46613308e+00 -2.60110848e+00
  1.51830112e+00 -7.79393774e+00  3.16465067e+00  8.05091998e-01
  4.70294620e+00  1.17577951e+00]
2022-09-18 14:15:38,701 mloop.controllers    INFO     cost -5.609803795739555 +/- 0.0
2022-09-18 14:15:38,702 mloop.controllers    INFO     Controller finished. Closing down M-LOOP. Please wait a moment...
2022-09-18 14:15:38,702 mloop.controllers    DEBUG    ML learner end set.
2022-09-18 14:15:42,453 mloop.controllers    DEBUG    ML learner joined
2022-09-18 14:15:42,453 mloop.controllers    INFO     Machine learning learner did not provide best and/or all minima.
2022-09-18 14:15:42,454 mloop.controllers    DEBUG    Learner end event set.
2022-09-18 14:15:42,454 mloop.controllers    DEBUG    Interface end event set.
2022-09-18 14:15:42,609 mloop.learners.1     DEBUG    Learner end signal received. Ending
2022-09-18 14:15:42,729 mloop.interfaces     DEBUG    Interface ended
2022-09-18 14:15:43,615 mloop.controllers    DEBUG    Learner joined.
2022-09-18 14:15:43,615 mloop.controllers    DEBUG    Interface joined.
2022-09-18 14:15:43,621 mloop.controllers    INFO     Optimization ended because:
2022-09-18 14:15:43,622 mloop.controllers    INFO     	* Maximum number of runs reached.
2022-09-18 14:15:43,622 mloop.controllers    INFO     	* Maximum number of runs reached.
2022-09-18 14:15:43,622 mloop.controllers    INFO     Results:
2022-09-18 14:15:43,623 mloop.controllers    INFO     	* Best parameters found:[10.65545974 10.82292092  6.81496695 10.45109833 12.33094591 13.75871453
  0.1420181   0.28674899  0.47098486  0.17424562  0.19066573 -0.24410072
 -2.93074941 -7.04157442  0.44739221 -5.24109473  0.91165191  3.81502856
 -5.82700946  1.96440891  3.82405727  5.1911793  -6.24101653 -2.36328009
  5.90146497 -2.01544439]
2022-09-18 14:15:43,624 mloop.controllers    INFO     	* Best cost returned:-8.895995151212233 +/- 0.0
2022-09-18 14:15:43,624 mloop.controllers    INFO     	* Best run number:19
2022-09-18 14:15:43,624 mloop.controllers    INFO     M-LOOP Done.
2022-09-18 14:15:43,627 mloop.visualizations DEBUG    Creating controller visualizations.
2022-09-18 14:15:43,781 mloop.visualizations DEBUG    Creating learner visualizations.
2022-09-18 14:15:53,224 mloop                INFO     M-LOOP version 3.3.1
2022-09-18 14:15:53,224 mloop                DEBUG    M-LOOP Logger configured.
2022-09-18 14:15:53,224 mloop.interfaces     DEBUG    Creating interface.
2022-09-18 14:15:53,225 mloop.controllers    DEBUG    Controller init completed.
2022-09-18 14:15:53,226 mloop.learners.1     DEBUG    Learner init completed.
2022-09-18 14:15:53,227 mloop.learners.2     DEBUG    Learner init completed.
2022-09-18 14:15:53,227 mloop.controllers    INFO     Optimization started.
2022-09-18 14:15:53,231 mloop.interfaces     DEBUG    Entering main loop of interface.
2022-09-18 14:15:53,231 mloop.controllers    DEBUG    ML learner started.
2022-09-18 14:15:53,323 mloop.controllers    DEBUG    Starting training optimization.
2022-09-18 14:15:53,323 mloop.controllers    INFO     Run:1 (training)
2022-09-18 14:15:53,325 mloop.controllers    INFO     params [ 1.24312844e+01  1.02516377e+01  1.40033134e+01  1.68660772e+01
  1.51471699e+01  4.20197747e+00  4.62590002e-01  4.10360236e-01
  1.72647015e-01  3.69988461e-04  4.58914372e-01 -3.57434878e+00
  6.79521027e+00  7.99679261e+00  6.21479191e+00 -3.91097616e+00
 -6.94723173e+00 -4.81059341e+00  6.49225033e+00 -7.32203374e+00
  4.96246215e+00 -1.28005091e+00 -7.61985268e+00  3.48302295e+00
  5.40477483e+00 -7.73756762e+00]
2022-09-18 14:15:53,444 mloop.controllers    INFO     cost -4.53811726469897 +/- 0.0
2022-09-18 14:15:53,445 mloop.controllers    INFO     Run:2 (training)
2022-09-18 14:15:53,447 mloop.controllers    INFO     params [ 7.77433028  6.10869795 16.38789548 19.98434713 19.31579458 14.89041243
  0.47165703  0.03007124  0.43020528  0.49296809  0.25200342 -7.17139775
 -2.52899092 -3.88421096 -3.45113598 -3.69349576  2.71456908  7.23020609
  1.20064264  5.1421713   3.54625028 -4.69527954  1.48744272  5.8719653
  0.53873803  2.89057307]
2022-09-18 14:15:53,564 mloop.controllers    INFO     cost -4.838254374255529 +/- 0.0
2022-09-18 14:15:53,564 mloop.controllers    INFO     Run:3 (training)
2022-09-18 14:15:53,566 mloop.controllers    INFO     params [12.26856928 12.20491516 18.33499463  3.9493363  15.94230332 15.54965606
  0.2612539   0.31585038  0.13201671  0.11009163  0.05354874  4.25419836
 -1.62208074  7.60420703  4.36058351  0.75548858  0.87467522  1.37091547
  5.24953129  1.28149079 -4.77015694 -7.63203054 -4.54569215  6.07447326
  1.88312539 -6.59596323]
2022-09-18 14:15:53,683 mloop.controllers    INFO     cost -4.3146506955542945 +/- 0.0
2022-09-18 14:15:53,684 mloop.controllers    INFO     Run:4 (training)
2022-09-18 14:15:53,685 mloop.controllers    INFO     params [ 1.93529997e+01  3.60766923e+00  3.66558056e+00  1.17133936e+01
  1.41562929e+01  7.73058825e+00  3.65390027e-03  1.09069476e-01
  7.51315050e-03  3.52594810e-01  4.12512519e-01  2.05438672e+00
 -1.07814045e+00  4.04730831e+00  6.49203922e+00 -4.62435716e+00
  1.56658655e+00  6.95239024e+00  7.73718285e+00 -4.70986281e+00
  6.94042002e+00 -3.30582779e+00 -3.16030911e+00 -4.32203597e+00
  5.89371161e+00  1.57793046e+00]
2022-09-18 14:15:53,804 mloop.controllers    INFO     cost -4.57133499566696 +/- 0.0
2022-09-18 14:15:53,804 mloop.controllers    INFO     Run:5 (training)
2022-09-18 14:15:53,806 mloop.controllers    INFO     params [18.49015758  7.59934287 17.01456362 15.5861297  10.06063144  5.75388279
  0.14253784  0.33955428  0.14203754  0.06374152  0.09395821  2.39168957
  1.92073387  5.1236971  -1.14031268 -5.34819686  4.84898453  1.39472856
  6.05879802 -6.9832266  -1.53724615 -2.30004598  4.39405618  6.09069723
  6.71462914 -5.7500362 ]
2022-09-18 14:15:53,923 mloop.controllers    INFO     cost -4.759302003985732 +/- 0.0
2022-09-18 14:15:53,924 mloop.controllers    INFO     Run:6 (training)
2022-09-18 14:15:53,925 mloop.controllers    INFO     params [ 1.55218633e+01  1.79997614e+01  1.05698425e+01  4.44373340e+00
  1.06383308e+01  1.53243984e+01  3.74843005e-01  1.11538063e-02
  4.04619848e-01  4.67830154e-01  1.17036173e-01 -5.24475866e+00
 -6.99443196e+00  3.37892524e+00  7.15832626e+00  5.16646844e+00
 -6.80652003e+00 -8.79087991e-01 -6.25432154e+00  7.21709981e+00
  5.63384098e+00  7.05407881e+00  7.45653848e+00  7.25378753e-01
 -4.70115040e+00 -3.80175804e+00]
2022-09-18 14:15:54,045 mloop.controllers    INFO     cost -6.746357875075837 +/- 0.0
2022-09-18 14:15:54,046 mloop.controllers    INFO     Run:7 (training)
2022-09-18 14:15:54,047 mloop.controllers    INFO     params [ 6.41681271  9.877795   12.79133721 10.30062973  4.32165621 13.75329386
  0.38093723  0.24368484  0.4653225   0.15881885  0.3159607   7.04013583
 -7.23000713 -7.70712415  2.15882206  4.63132868  3.93371896 -2.8691744
  4.47958034  7.80466374 -7.02169082  7.93318165  1.50844808 -2.51954705
  5.95258895 -6.74061168]
2022-09-18 14:15:54,164 mloop.controllers    INFO     cost -5.45518120527747 +/- 0.0
2022-09-18 14:15:54,165 mloop.controllers    INFO     Run:8 (training)
2022-09-18 14:15:54,166 mloop.controllers    INFO     params [ 6.83785410e+00  9.22598693e+00  1.52121309e+01  6.15348539e+00
  5.52654732e+00  6.04345079e+00  4.69824250e-01  2.32845946e-01
  1.12242069e-01  4.93161510e-01  3.87579468e-03 -3.58350990e+00
 -6.85292918e+00 -5.24985238e+00 -8.43819057e-01 -7.07294376e+00
 -1.48196217e+00  2.90570798e+00  3.35732932e+00 -5.70147155e+00
 -1.77808751e+00 -4.19856510e-01  3.14849295e+00 -6.92049208e+00
  7.49732777e+00  2.79367313e+00]
2022-09-18 14:15:54,285 mloop.controllers    INFO     cost -4.952149355791511 +/- 0.0
2022-09-18 14:15:54,285 mloop.controllers    INFO     Run:9 (training)
2022-09-18 14:15:54,287 mloop.controllers    INFO     params [ 1.12126845e+01  8.41088370e+00  1.01014633e+01  1.34553670e+01
  1.05990440e+01  1.06061694e+01  4.36311085e-01  2.06227837e-01
  1.58563496e-03  1.97862608e-01  9.30640974e-02  9.86701711e-02
 -3.52721245e+00 -2.01156687e+00 -1.06041150e+00 -7.60253175e-01
 -1.08256592e+00  5.96568595e+00 -6.19457985e+00  5.59013995e+00
 -2.98475887e+00 -7.61720649e-01 -4.45816649e+00  3.82692221e-01
 -6.51115114e+00 -7.16422095e+00]
2022-09-18 14:15:54,405 mloop.controllers    INFO     cost -9.679771550382767 +/- 0.0
2022-09-18 14:15:54,406 mloop.controllers    INFO     Run:10 (training)
2022-09-18 14:15:54,407 mloop.controllers    INFO     params [ 5.63167956e+00  1.64146978e+01  1.40872574e+01  3.55860757e+00
  6.66274064e+00  7.38550173e+00  1.19099844e-01  1.07217230e-03
  2.00305744e-01  1.42556030e-01  2.30625348e-01  9.03499692e-01
 -7.70726843e+00  4.37620220e+00  5.13308067e+00 -3.61463901e+00
  3.46593904e+00 -5.40854647e+00  3.45893610e+00  5.30695903e+00
  3.84850640e+00 -5.07440572e+00  3.62376657e-01 -2.84253650e+00
 -6.14574130e+00  7.28145658e+00]
2022-09-18 14:15:54,525 mloop.controllers    INFO     cost -5.347883972062512 +/- 0.0
2022-09-18 14:15:54,526 mloop.controllers    INFO     Run:11 (training)
2022-09-18 14:15:54,527 mloop.controllers    INFO     params [17.19315495  8.56180487  5.90573413  2.2517454  14.9116078  14.42548649
  0.30037839  0.10791172  0.42422644  0.41446155  0.11005398 -1.51476462
 -6.4930099   0.08949771 -6.10229709  0.18438444 -4.91756666  0.93415877
 -2.34236105  6.36683657 -1.12228009  7.02392593 -3.0583494   0.8224119
  0.26448375 -6.65085164]
2022-09-18 14:15:54,646 mloop.controllers    INFO     cost -8.154183154215596 +/- 0.0
2022-09-18 14:15:54,646 mloop.controllers    INFO     Run:12 (training)
2022-09-18 14:15:54,648 mloop.controllers    INFO     params [17.58490112 16.14314507 11.64183617  9.20849651  4.72559476 10.43201571
  0.47481326  0.12383458  0.41674315  0.25043287  0.14036233  0.3490376
 -7.70083017  0.32698554 -1.85017938 -1.29420012 -2.204651    6.12037121
 -7.1116529   7.41209171  4.44167957 -7.43069284 -0.04312822  0.71740433
 -0.92665017 -4.5012744 ]
2022-09-18 14:15:54,766 mloop.controllers    INFO     cost -8.617706980496505 +/- 0.0
2022-09-18 14:15:54,766 mloop.controllers    INFO     Run:13 (training)
2022-09-18 14:15:54,768 mloop.controllers    INFO     params [15.51991133  8.47562725  7.88427776 13.67794576 13.2771917  12.92768332
  0.17338736  0.07753153  0.46381515  0.05558699  0.06724385  6.37261829
  7.44049622  3.8659156  -4.33057299 -3.79279969  7.12731816 -4.14393374
 -3.53476515 -6.2689758   2.63517995  7.13628474 -2.37761096 -7.2459854
  1.85782749  2.09715853]
2022-09-18 14:15:54,886 mloop.controllers    INFO     cost -5.266057428516812 +/- 0.0
2022-09-18 14:15:54,887 mloop.controllers    INFO     Run:14 (training)
2022-09-18 14:15:54,888 mloop.controllers    INFO     params [ 8.62985236 19.85033795  4.51932989 16.98691397  5.38175683  8.21389569
  0.05561647  0.08398234  0.22541299  0.49811407  0.39859472  4.76491727
  7.12493278  6.56291534  0.79341112 -5.43381452  5.62810683 -4.74041161
 -3.53506824 -3.79908406 -6.75629275 -1.79422857  6.27251213 -0.72517954
 -1.3987783  -5.58252752]
2022-09-18 14:15:55,006 mloop.controllers    INFO     cost -4.904761537525952 +/- 0.0
2022-09-18 14:15:55,007 mloop.controllers    INFO     Run:15 (training)
2022-09-18 14:15:55,008 mloop.controllers    INFO     params [19.15632386  4.72831824 17.5270213   3.13211913  3.00854293 13.4864003
  0.47973302  0.42483357  0.28834013  0.2946885   0.49505697  3.21330626
 -0.98695256 -0.7117086  -4.43062858  6.48229682  4.90108578  3.92671599
 -7.82524331  3.80545784 -2.46685061  4.80945561  3.8669244   7.73975027
 -5.07391089 -0.91352051]
2022-09-18 14:15:55,126 mloop.controllers    INFO     cost -5.264456438263904 +/- 0.0
2022-09-18 14:15:55,126 mloop.controllers    INFO     Run:16 (training)
2022-09-18 14:15:55,128 mloop.controllers    INFO     params [ 4.25085251 19.09208573 14.94754713  9.04294723 13.58689102  9.56541321
  0.10166032  0.26864773  0.27139969  0.08987999  0.04092575 -4.15542434
 -6.30760688 -2.9286054   4.08851879  3.86429132  6.92201017  0.5815875
  7.18275657 -4.14837285 -5.59375459 -0.51290407 -5.54132332 -3.46732866
  4.6768588   5.19970297]
2022-09-18 14:15:55,248 mloop.controllers    INFO     cost -6.745059770288233 +/- 0.0
2022-09-18 14:15:55,249 mloop.controllers    INFO     Run:17 (training)
2022-09-18 14:15:55,250 mloop.controllers    INFO     params [16.1811221  11.87267825 19.24966191 19.62384208 19.00652015  7.15078561
  0.03527492  0.47312641  0.19784332  0.26661222  0.3970327   2.31772303
 -2.51788607  1.52047472 -0.53498343  5.26231815 -5.94515544 -2.66893283
 -6.48146512  5.9682282  -4.73449998 -2.80746445 -7.13574095  2.43526158
 -1.5539691   1.67443422]
2022-09-18 14:15:55,367 mloop.controllers    INFO     cost -5.481747816408419 +/- 0.0
2022-09-18 14:15:55,367 mloop.controllers    INFO     Run:18 (training)
2022-09-18 14:15:55,369 mloop.controllers    INFO     params [10.34633924  8.29378569  9.64283886 16.3435215  13.68783682  7.78153639
  0.38869639  0.18207366  0.20262799  0.0659255   0.04360991 -1.48987507
  1.83421328 -0.55839011 -7.34367238  7.10168075  1.10197214  5.06377399
 -4.88124535 -0.31563432  0.50729272 -6.21615875  3.3435808  -2.72320628
 -1.99382947 -3.13881304]
2022-09-18 14:15:55,486 mloop.controllers    INFO     cost -7.040379702529613 +/- 0.0
2022-09-18 14:15:55,487 mloop.controllers    INFO     Run:19 (training)
2022-09-18 14:15:55,488 mloop.controllers    INFO     params [ 3.87458172 16.35942157  4.38429271 18.12298181 10.5565006  10.43825705
  0.08488951  0.19139963  0.13714733  0.3328438   0.04687787  6.97400019
 -6.11190818  3.11361107  7.72504291 -4.97898957  6.55473068  0.2682711
  2.85480055 -6.38767505 -6.95882274 -7.78366009 -6.27343846 -0.96023238
  0.40637391  1.76619487]
2022-09-18 14:15:55,610 mloop.controllers    INFO     cost -8.024960281560125 +/- 0.0
2022-09-18 14:15:55,610 mloop.controllers    INFO     Run:20 (training)
2022-09-18 14:15:55,612 mloop.controllers    INFO     params [ 8.68799251  8.21238834 11.5647706  14.63340441  7.1573935   5.49439311
  0.04433037  0.39261526  0.35140395  0.14752794  0.47201247 -2.4426799
 -4.0876779  -0.19826863  7.48907982  7.40984203  3.90782507 -0.08485889
  0.90548509  1.39909975 -4.36551684  7.07606477 -6.45782743 -2.96948771
 -1.98293972 -6.55329686]
2022-09-18 14:15:55,727 mloop.controllers    INFO     cost -7.332069721382463 +/- 0.0
2022-09-18 14:15:55,727 mloop.controllers    INFO     Run:21 (training)
2022-09-18 14:15:55,729 mloop.controllers    INFO     params [ 5.18880861  2.6971742   7.26026151 10.92241797  2.93822732 13.54562106
  0.37485961  0.1060552   0.13496531  0.16391231  0.12711792 -2.33849371
 -0.07200054 -0.65505817  3.36381002  1.84054758 -5.71708764 -3.36055939
  6.66100701 -1.19190288 -3.9532618   3.32561781  1.50160539  3.36262044
  7.44906002  4.37998272]
2022-09-18 14:15:55,731 mloop.controllers    DEBUG    Starting ML optimization.
2022-09-18 14:15:55,848 mloop.controllers    INFO     cost -6.449782627819235 +/- 0.0
2022-09-18 14:15:55,856 mloop.controllers    DEBUG    End training runs.
2022-09-18 14:15:55,857 mloop.controllers    INFO     Controller finished. Closing down M-LOOP. Please wait a moment...
2022-09-18 14:15:55,857 mloop.controllers    DEBUG    ML learner end set.
2022-09-18 14:15:59,448 mloop.controllers    DEBUG    ML learner joined
2022-09-18 14:15:59,448 mloop.controllers    INFO     Machine learning learner did not provide best and/or all minima.
2022-09-18 14:15:59,449 mloop.controllers    DEBUG    Learner end event set.
2022-09-18 14:15:59,449 mloop.controllers    DEBUG    Interface end event set.
2022-09-18 14:15:59,755 mloop.learners.1     DEBUG    Learner end signal received. Ending
2022-09-18 14:15:59,876 mloop.interfaces     DEBUG    Interface ended
2022-09-18 14:16:00,770 mloop.controllers    DEBUG    Learner joined.
2022-09-18 14:16:00,770 mloop.controllers    DEBUG    Interface joined.
2022-09-18 14:16:00,775 mloop.controllers    INFO     Optimization ended because:
2022-09-18 14:16:00,775 mloop.controllers    INFO     	* Maximum number of runs reached.
2022-09-18 14:16:00,776 mloop.controllers    INFO     Results:
2022-09-18 14:16:00,776 mloop.controllers    INFO     	* Best parameters found:[ 1.12126845e+01  8.41088370e+00  1.01014633e+01  1.34553670e+01
  1.05990440e+01  1.06061694e+01  4.36311085e-01  2.06227837e-01
  1.58563496e-03  1.97862608e-01  9.30640974e-02  9.86701711e-02
 -3.52721245e+00 -2.01156687e+00 -1.06041150e+00 -7.60253175e-01
 -1.08256592e+00  5.96568595e+00 -6.19457985e+00  5.59013995e+00
 -2.98475887e+00 -7.61720649e-01 -4.45816649e+00  3.82692221e-01
 -6.51115114e+00 -7.16422095e+00]
2022-09-18 14:16:00,777 mloop.controllers    INFO     	* Best cost returned:-9.679771550382767 +/- 0.0
2022-09-18 14:16:00,778 mloop.controllers    INFO     	* Best run number:9
2022-09-18 14:16:00,778 mloop.controllers    INFO     M-LOOP Done.
2022-09-18 14:16:00,781 mloop.visualizations DEBUG    Creating controller visualizations.
2022-09-18 14:16:00,911 mloop.visualizations DEBUG    Creating learner visualizations.
