2022-09-12 15:58:41,680 mloop                INFO     M-LOOP version 3.3.1
2022-09-12 15:58:41,680 mloop                DEBUG    M-LOOP Logger configured.
2022-09-12 15:58:41,680 mloop.interfaces     DEBUG    Creating interface.
2022-09-12 15:58:41,682 mloop.controllers    DEBUG    Controller init completed.
2022-09-12 15:58:41,682 mloop.learners.1     DEBUG    Learner init completed.
2022-09-12 15:58:41,682 mloop.learners.2     DEBUG    Learner init completed.
2022-09-12 15:58:41,684 mloop.controllers    INFO     Optimization started.
2022-09-12 15:58:41,686 mloop.interfaces     DEBUG    Entering main loop of interface.
2022-09-12 15:58:41,686 mloop.controllers    DEBUG    ML learner started.
2022-09-12 15:58:41,763 mloop.controllers    DEBUG    Starting training optimization.
2022-09-12 15:58:41,763 mloop.controllers    INFO     Run:1 (training)
2022-09-12 15:58:41,765 mloop.controllers    INFO     params [ 4.04127454  6.24070023 18.31819611 13.26218168 19.94082807  4.59782459
  0.43675807  0.24830746  0.33518002  0.3161494   0.34552972  0.14829277
 -0.62966481  6.62548762  7.2306128   0.16126993 -3.45445932 -0.73794732
 -6.08510466  0.38120365  6.83483628  0.40252532  6.08659514  0.38065848
 -7.00362062  7.62940158]
2022-09-12 15:58:41,808 mloop.controllers    INFO     cost 31054070.405886676 +/- 0.0
2022-09-12 15:58:41,809 mloop.controllers    INFO     Run:2 (training)
2022-09-12 15:58:41,812 mloop.controllers    INFO     params [18.94444763  3.36706841 17.84477846 13.56106756  4.67836345 15.16507098
  0.20145572  0.31935999  0.12071758  0.33075692  0.44188968 -0.43007973
 -2.84892236  3.32832297 -7.53219299  5.80616582 -0.96126823 -2.9336481
  2.29353156  0.44397384 -1.53080975  5.80945136  3.64058797  2.30494353
  4.32261994 -7.12471933]
2022-09-12 15:58:41,839 mloop.controllers    INFO     cost 29907419.30790804 +/- 0.0
2022-09-12 15:58:41,839 mloop.controllers    INFO     Run:3 (training)
2022-09-12 15:58:41,841 mloop.controllers    INFO     params [ 2.0402035  19.46756541 18.4297381   6.87732431  7.40652867 13.46534886
  0.08865405  0.25451447  0.24540823  0.04172989  0.07650472 -6.28293931
  2.41589571 -1.66735972  7.94644189  2.14899033  0.52418221 -2.56593463
  7.4211832   0.87218374  0.80036472  2.09689287  0.05454314 -5.51423131
  6.63850925  5.55007044]
2022-09-12 15:58:41,866 mloop.controllers    INFO     cost 28722062.170069117 +/- 0.0
2022-09-12 15:58:41,866 mloop.controllers    INFO     Run:4 (training)
2022-09-12 15:58:41,869 mloop.controllers    INFO     params [ 1.9326499   6.14921563  2.28010772 16.90587728  4.86371227  6.75912874
  0.33768822  0.10555245  0.34501756  0.41708191  0.34084409  7.09707186
  4.97226545  5.72419274  5.03132394  2.49945122  1.54129512 -4.43988277
  4.19415598 -6.12940204  5.62359076 -2.19558257 -2.96465721 -2.74384994
 -2.33109075 -3.62604882]
2022-09-12 15:58:41,894 mloop.controllers    INFO     cost 18873541.356131695 +/- 0.0
2022-09-12 15:58:41,895 mloop.controllers    INFO     Run:5 (training)
2022-09-12 15:58:41,897 mloop.controllers    INFO     params [ 4.34118763 16.63902024  5.0010815  13.03617713 19.0470979  12.19991794
  0.13417574  0.04822739  0.29228411  0.16192456  0.21336703  6.09286583
 -3.56685502  2.96326754 -1.70032979 -7.0872304   6.61243943  2.76989787
 -1.62276927 -5.54492868 -2.54938371  0.89990659  1.20040648  1.24913352
 -5.69085653 -5.13378846]
2022-09-12 15:58:41,925 mloop.controllers    INFO     cost 29213803.38519976 +/- 0.0
2022-09-12 15:58:41,926 mloop.controllers    INFO     Run:6 (training)
2022-09-12 15:58:41,927 mloop.controllers    INFO     params [ 7.74880112  4.35714051 19.14112591 17.24346724 13.83457112  6.16249752
  0.32539136  0.13730118  0.10774668  0.07152615  0.26537841  7.06206271
  0.87486013  7.00618115  5.24836821  5.12254939  2.85135362 -6.11206388
 -1.76090753  7.73332553 -7.5779176  -7.61750169 -2.94973249 -6.90713007
 -1.20823802  5.64084848]
2022-09-12 15:58:41,954 mloop.controllers    INFO     cost 30563744.14273073 +/- 0.0
2022-09-12 15:58:41,954 mloop.controllers    INFO     Run:7 (training)
2022-09-12 15:58:41,956 mloop.controllers    INFO     params [14.32187429 12.19056518 19.73550776 17.20775134 10.20068351  4.24495168
  0.11173077  0.05185911  0.4870128   0.15545619  0.14445639  0.80869649
 -6.6125591   3.02004382  1.32345776  1.14669414 -6.13532796 -7.24828929
  7.57971723 -7.09317061 -5.78143022 -0.465612   -3.43274756  0.15563996
  7.12936093  7.84875015]
2022-09-12 15:58:41,980 mloop.controllers    INFO     cost 33813832.59406866 +/- 0.0
2022-09-12 15:58:41,980 mloop.controllers    INFO     Run:8 (training)
2022-09-12 15:58:41,982 mloop.controllers    INFO     params [ 4.99028327 13.24513174 10.53485688  8.34734713 19.99872499  8.6480469
  0.43157859  0.21389015  0.39396873  0.14332204  0.05118449 -4.38303841
  0.69861573 -2.47960858  1.36875965 -7.24498315  7.887797    6.78563583
 -6.98979617 -3.95922862 -0.97376424 -5.8139079   1.77683481 -1.44687153
 -6.10519778 -4.5294369 ]
2022-09-12 15:58:42,008 mloop.controllers    INFO     cost 27945404.14225601 +/- 0.0
2022-09-12 15:58:42,008 mloop.controllers    INFO     Run:9 (training)
2022-09-12 15:58:42,009 mloop.controllers    INFO     params [ 8.4866564  19.7668353  14.17263843 17.29764068 19.90667363  4.5074512
  0.17484751  0.10216306  0.26301753  0.09417331  0.45172922 -6.01284878
  1.68313136  6.71869051  2.3312378   3.25178611 -7.86761226 -5.22732137
 -6.77497447 -0.8234406   4.37399977  6.57383219 -0.1004869  -5.21794393
  5.55218473 -6.39057765]
2022-09-12 15:58:42,034 mloop.controllers    INFO     cost 36865933.976533994 +/- 0.0
2022-09-12 15:58:42,035 mloop.controllers    INFO     Run:10 (training)
2022-09-12 15:58:42,036 mloop.controllers    INFO     params [14.70267207  3.16508966  8.45009246 16.07759038  9.85794109  6.53223938
  0.2041217   0.17719586  0.34140989  0.10299569  0.27967594  5.14769082
 -4.78170512  4.6554116  -3.95691498 -7.32375046 -1.38600134 -3.11653569
  3.3513436   7.03071274 -0.75926201  4.63185398 -4.49023025 -2.36590309
 -0.23901758 -6.66890508]
2022-09-12 15:58:42,063 mloop.controllers    INFO     cost 25558896.642492607 +/- 0.0
2022-09-12 15:58:42,063 mloop.controllers    INFO     Run:11 (training)
2022-09-12 15:58:42,065 mloop.controllers    INFO     params [ 4.75150315  9.25351349  9.69264628 19.79597143 18.53272744  7.03671758
  0.42025967  0.30518675  0.42693655  0.49144122  0.18664589 -1.19996539
 -0.78866238 -7.5467552   3.52453947  4.13550099 -7.81581308 -2.26758903
  0.11992675 -3.99952813 -1.78203719  1.14358462 -5.9131742  -0.7653046
  5.32330418  1.37463045]
2022-09-12 15:58:42,095 mloop.controllers    INFO     cost 30618504.30864552 +/- 0.0
2022-09-12 15:58:42,096 mloop.controllers    INFO     Run:12 (training)
2022-09-12 15:58:42,097 mloop.controllers    INFO     params [12.15388666 18.85829219  9.32331164 10.49942927  5.90498758 13.21920946
  0.02340739  0.23772946  0.10344848  0.26261209  0.45860121 -0.97903278
 -0.92144817  1.57806078 -2.79550385 -3.31135031 -1.5217612  -5.36221372
 -6.02222404  0.0553238  -2.77734966 -4.90814004  6.80462162 -0.15661708
  5.08735327 -2.75554269]
2022-09-12 15:58:42,133 mloop.controllers    INFO     cost 27117926.58613358 +/- 0.0
2022-09-12 15:58:42,134 mloop.controllers    INFO     Run:13 (training)
2022-09-12 15:58:42,137 mloop.controllers    INFO     params [13.13723266  3.68436231 14.29420148 15.15829304  9.51256693  7.16936333
  0.38071327  0.46526261  0.08205388  0.30539254  0.26594893 -1.12651208
 -4.03918311 -5.18300072  7.06668091  2.4495399   3.99344734  7.59868912
  0.53673991 -1.51235548 -6.59390103  5.06407063  1.39771721  7.0061384
  2.62466346 -6.50751829]
2022-09-12 15:58:42,178 mloop.controllers    INFO     cost 26659841.82022734 +/- 0.0
2022-09-12 15:58:42,178 mloop.controllers    INFO     Run:14 (training)
2022-09-12 15:58:42,180 mloop.controllers    INFO     params [ 6.38917403 17.71907281 10.40277666 19.54124729  5.64020489  7.273567
  0.10589953  0.14853391  0.37288039  0.04391851  0.42673751 -6.60691984
  5.62071225  1.98334958  2.39649199 -2.08113342  6.46652003  1.3934216
  5.94348262  4.27766479 -6.29233064 -2.7641565  -3.13010745  3.17101488
  2.19344687 -4.55654409]
2022-09-12 15:58:42,218 mloop.controllers    INFO     cost 29608711.635874897 +/- 0.0
2022-09-12 15:58:42,218 mloop.controllers    INFO     Run:15 (training)
2022-09-12 15:58:42,221 mloop.controllers    INFO     params [ 1.62928331e+01  1.07979186e+01  1.90066703e+01  1.80813811e+01
  1.17290896e+01  1.34836332e+01  1.54862315e-01  5.89910763e-02
  1.19689491e-01  9.08116209e-02  4.58619532e-01 -7.92733933e+00
 -7.15485690e+00 -6.61873034e+00  6.40183607e+00  2.69177187e+00
 -4.70724132e+00  7.30958315e-03 -4.11878173e+00  5.95789662e+00
 -5.66352986e+00 -7.90275414e+00 -2.36162097e+00 -2.85514002e+00
 -7.12716609e+00 -2.84937018e+00]
2022-09-12 15:58:42,268 mloop.controllers    INFO     cost 34753578.3251321 +/- 0.0
2022-09-12 15:58:42,269 mloop.controllers    INFO     Run:16 (training)
2022-09-12 15:58:42,271 mloop.controllers    INFO     params [18.90967229  7.61241023 10.58925002 10.24885238  9.64201742  9.54697993
  0.12397084  0.22018857  0.45652395  0.29813839  0.4336388   1.90411107
  1.83574322 -0.18098247  4.09315414 -1.64858376  2.682329   -5.64065266
  0.99820413  4.09311355 -1.92079365  6.74571645  5.69468765 -3.17422754
 -5.54184643 -5.37793464]
2022-09-12 15:58:42,310 mloop.controllers    INFO     cost 26938131.798488576 +/- 0.0
2022-09-12 15:58:42,311 mloop.controllers    INFO     Run:17 (training)
2022-09-12 15:58:42,313 mloop.controllers    INFO     params [ 3.07938889  5.96122869  9.18325281  5.27697137  7.79714204 15.15042323
  0.38968115  0.13846429  0.41072104  0.01881607  0.42971045 -2.58015498
  7.53733004 -0.08241234 -1.21279407 -3.0266064   0.38653785  3.84471147
  3.87813275  6.26128615  5.73748992 -5.12596235  5.98539464  5.72922502
 -0.86734726  2.13908423]
2022-09-12 15:58:42,363 mloop.controllers    INFO     cost 14764558.393736692 +/- 0.0
2022-09-12 15:58:42,364 mloop.controllers    INFO     Run:18 (training)
2022-09-12 15:58:42,366 mloop.controllers    INFO     params [12.49116603  8.89191235  9.02784515  4.0928811   6.19990707 15.51750306
  0.48557164  0.4629177   0.41898973  0.31070957  0.38029137  3.78199542
 -6.77900542 -4.2362141   5.39445266  7.73778812  1.97409749  4.73831756
 -7.13004285 -0.37045307  7.1732782   3.48850533  0.73460955  1.61670401
 -4.50291852 -1.43798429]
2022-09-12 15:58:42,417 mloop.controllers    INFO     cost 19281777.895196192 +/- 0.0
2022-09-12 15:58:42,417 mloop.controllers    INFO     Run:19 (training)
2022-09-12 15:58:42,420 mloop.controllers    INFO     params [ 7.20144549e+00  4.72039619e+00  1.48030614e+01  8.87619588e+00
  1.69632202e+01  1.03296933e+01  7.61613131e-02  1.47069350e-01
  2.61254642e-01  1.07665396e-01  1.64288684e-02 -4.87561584e+00
  4.15278289e+00  3.28184091e+00  6.85152818e+00 -4.85563390e+00
 -6.52649393e+00  5.41414992e+00  3.03419586e+00  4.68281046e+00
 -6.22371437e+00  4.00524508e+00  7.84305898e+00 -3.74439023e+00
  3.59238662e+00 -6.70490951e+00]
2022-09-12 15:58:42,468 mloop.controllers    INFO     cost 25686769.59078962 +/- 0.0
2022-09-12 15:58:42,469 mloop.controllers    INFO     Run:20 (training)
2022-09-12 15:58:42,471 mloop.controllers    INFO     params [11.8719231  11.39952659  5.2944184  11.35111156 16.31275417 14.09352606
  0.42025743  0.36756097  0.29686591  0.09237678  0.14238106 -2.8724531
 -2.6930151  -1.18110574  4.55373724  5.11225532 -1.61373531  2.75759137
 -3.36471302  4.86940159 -0.9862822  -0.45920878  0.08097163 -7.24114484
  5.81166721 -3.41816982]
2022-09-12 15:58:42,520 mloop.controllers    INFO     cost 26341508.842294138 +/- 0.0
2022-09-12 15:58:42,521 mloop.controllers    INFO     Run:21 (training)
2022-09-12 15:58:42,524 mloop.controllers    INFO     params [ 1.37390902e+01  1.31828452e+01  9.05022884e+00  1.94441498e+00
  1.81553725e+01  1.47677088e+01  1.80384161e-01  2.72918065e-01
  3.33881307e-01  1.59226768e-01  9.57698814e-03  3.43332115e+00
  6.49795916e-01  1.73734006e+00 -1.80784018e+00  3.62423724e+00
  1.55787878e+00 -4.13771579e+00  2.97212231e+00 -5.90089265e+00
  3.04897841e-01 -6.38964782e-01  1.60781297e+00 -4.06747403e+00
 -5.83125382e+00 -1.62152949e+00]
2022-09-12 15:58:42,570 mloop.controllers    INFO     cost 27890029.194168333 +/- 0.0
2022-09-12 15:58:42,571 mloop.controllers    INFO     Run:22 (training)
2022-09-12 15:58:42,573 mloop.controllers    INFO     params [ 6.9673334  12.54418492  4.77321555 13.29303793 13.63902533 11.88188546
  0.43818503  0.04693719  0.23654964  0.2856688   0.03868008  0.91166046
 -0.16841652 -5.36467512 -6.8788823  -0.91549924 -6.20052513 -4.85188351
  3.13502173 -5.7815115   4.73118744  1.95461606 -3.59400378 -7.93882692
  1.54254488 -5.81951488]
2022-09-12 15:58:42,629 mloop.controllers    INFO     cost 24318936.042651992 +/- 0.0
2022-09-12 15:58:42,629 mloop.controllers    INFO     Run:23 (training)
2022-09-12 15:58:42,632 mloop.controllers    INFO     params [ 1.89957012e+01  1.86917213e+01  1.37887766e+01  3.46926161e+00
  1.07907782e+01  9.54356243e+00  4.63665973e-01  3.68343697e-01
  6.88952379e-02  1.32685924e-01  1.99308090e-02  1.36747351e-03
 -7.76003016e+00  6.09028966e-01  8.82297319e-01 -6.38989627e+00
 -1.20310892e+00 -7.73857048e+00  7.62034743e-02  6.24277526e+00
 -7.05411939e+00  4.64231467e+00 -1.70030918e+00 -5.98015907e+00
 -7.24477965e+00  1.53085050e-02]
2022-09-12 15:58:42,687 mloop.controllers    INFO     cost 32075266.231533214 +/- 0.0
2022-09-12 15:58:42,688 mloop.controllers    INFO     Run:24 (training)
2022-09-12 15:58:42,692 mloop.controllers    INFO     params [ 9.45065738 17.00495703  7.86990805 16.50882339 12.27980062 13.56082198
  0.26660809  0.38630269  0.18051152  0.04105922  0.38040291  1.44723764
  3.59597598 -5.9101931  -0.99183303  4.75282641  5.85419359  0.46349625
  2.49628447 -6.828283   -5.1922149   5.72591755  1.53104898 -2.73114909
  3.33783033 -7.6682286 ]
2022-09-12 15:58:42,783 mloop.controllers    INFO     cost 29389663.474698685 +/- 0.0
2022-09-12 15:58:42,784 mloop.controllers    INFO     Run:25 (training)
2022-09-12 15:58:42,787 mloop.controllers    INFO     params [15.09953834 14.21972306  5.62087574 12.28847428  5.50552792 12.06585383
  0.44190737  0.10407395  0.11930471  0.32888357  0.20114059 -6.83174998
  6.54957436 -5.6394994  -1.58329936  2.39601089  2.01752902  0.40939819
  7.66954103  7.86927462 -7.45810748 -3.17419769  2.427991    2.83290127
  2.54552738 -2.22371443]
2022-09-12 15:58:42,850 mloop.controllers    INFO     cost 25359556.67976074 +/- 0.0
2022-09-12 15:58:42,851 mloop.controllers    INFO     Run:26 (training)
2022-09-12 15:58:42,853 mloop.controllers    INFO     params [15.28002065  6.09845378  6.35402751  8.6194583   5.60912741 13.64259188
  0.0221235   0.02254278  0.05259521  0.48778792  0.27165658  0.60330029
  1.22334494 -2.99516466 -7.24947147 -1.04316499  3.24174449  0.27371109
  1.8857667   5.38074503 -5.04047666 -0.50707152  6.31898918  4.65186698
  6.17538115 -5.16653467]
2022-09-12 15:58:42,940 mloop.controllers    INFO     cost 20415687.417301774 +/- 0.0
2022-09-12 15:58:42,941 mloop.controllers    INFO     Run:27 (training)
2022-09-12 15:58:42,944 mloop.controllers    INFO     params [ 6.73223476 18.69015291  2.45329773  5.56249491  5.36262892 12.26391152
  0.20591362  0.16628673  0.14989525  0.07313678  0.27737911  6.46925169
 -3.27976816 -7.78696053  4.50621379 -0.24786535  0.33782881  4.50988976
  5.34937213 -6.2503348  -1.56217475 -4.5105615  -5.25730415  7.44107432
 -5.13714083  5.27472727]
2022-09-12 15:58:43,020 mloop.controllers    INFO     cost 21456042.59397962 +/- 0.0
2022-09-12 15:58:43,020 mloop.controllers    INFO     Run:28 (training)
2022-09-12 15:58:43,023 mloop.controllers    INFO     params [ 5.45629798  2.49949961 12.25268112 18.13054321 17.39089464 10.81899397
  0.33732393  0.12268857  0.39341125  0.48173496  0.3141354   1.6341868
  0.90244258 -5.19217224 -5.5552098   2.50285198 -0.76527362 -1.45617484
  0.67849327  1.5788219   3.80284057 -6.39077256 -3.03712296 -1.28379407
 -2.53058449 -1.2621998 ]
2022-09-12 15:58:43,086 mloop.controllers    INFO     cost 28588555.051577177 +/- 0.0
2022-09-12 15:58:43,087 mloop.controllers    INFO     Run:29 (training)
2022-09-12 15:58:43,089 mloop.controllers    INFO     params [16.63240711 10.57135726 10.15036143 16.15017453 16.02702039  4.12785962
  0.16480711  0.4596983   0.29094046  0.21266206  0.23079648 -2.0107631
  4.50153415  5.53644714  0.82811472  2.64378512 -3.86243209  3.36325605
  7.00939845  7.46647735  4.60894967 -5.76077115  1.00196198 -3.61700309
  5.84733057 -3.0048638 ]
2022-09-12 15:58:43,162 mloop.controllers    INFO     cost 31766529.602611005 +/- 0.0
2022-09-12 15:58:43,163 mloop.controllers    INFO     Run:30 (training)
2022-09-12 15:58:43,165 mloop.controllers    INFO     params [ 4.87448124  3.55862272 13.54574266  4.18904242  6.89465071 11.71104378
  0.20896813  0.41379214  0.03759691  0.23900776  0.06464156 -7.12699745
  3.1702302   6.95507245 -6.02749859 -4.27605065 -6.81761692 -1.92709684
  2.03436754 -6.37623466 -1.41348146  7.34612491  7.18940964 -6.29766358
 -4.62251365 -5.21230063]
2022-09-12 15:58:43,239 mloop.controllers    INFO     cost 16881797.054923605 +/- 0.0
2022-09-12 15:58:43,241 mloop.controllers    INFO     Run:31 (training)
2022-09-12 15:58:43,244 mloop.controllers    INFO     params [19.5015576   6.14912353  6.64316236 12.20909976 13.63484343 12.58243927
  0.06501317  0.26732681  0.34414873  0.4733092   0.49599636 -5.48477166
 -4.25824859  4.81795177 -0.9584579  -3.6296293   1.57896693 -1.25998838
 -2.61752726  2.48163752 -7.80751838  3.88317777  3.31444737 -4.56736049
  0.5599534  -5.63864921]
2022-09-12 15:58:43,415 mloop.controllers    INFO     cost 28235153.28251134 +/- 0.0
2022-09-12 15:58:43,415 mloop.controllers    INFO     Run:32 (training)
2022-09-12 15:58:43,418 mloop.controllers    INFO     params [12.64519886  8.13858     2.99758209  3.39228697 18.49666082  5.97887638
  0.37411058  0.21878309  0.0831283   0.29427763  0.17653043  4.90525668
 -2.86808477 -5.35530377  3.64752482  0.2058401   2.53367752 -0.79570026
 -3.23382731 -6.45341531 -6.78106279 -1.37244271 -4.21447328  0.39164493
 -7.04745571 -3.42968094]
2022-09-12 15:58:43,499 mloop.controllers    INFO     cost 24264297.11955008 +/- 0.0
2022-09-12 15:58:43,501 mloop.controllers    INFO     Run:33 (training)
2022-09-12 15:58:43,503 mloop.controllers    INFO     params [15.80135328  8.6760217  13.09646899 14.33148245 18.74193109 10.00814405
  0.0544552   0.2221568   0.27851752  0.34655847  0.35118972 -7.62521032
  5.74408154  0.90785235 -6.76140695  6.45981529  2.86563968 -7.87535174
 -2.30058111 -0.3849214   3.14513334 -0.31293113  1.77878818 -5.17708306
  2.69601886  1.22801108]
2022-09-12 15:58:43,616 mloop.controllers    INFO     cost 32451863.568324223 +/- 0.0
2022-09-12 15:58:43,616 mloop.controllers    INFO     Run:34 (training)
2022-09-12 15:58:43,619 mloop.controllers    INFO     params [19.43524741 12.32332155  8.15222997 18.21601806 15.58163693 15.53117255
  0.22329522  0.22399577  0.34046475  0.43207306  0.13829895  2.49449022
 -5.42876794  3.22123715  7.573484    0.42430342 -1.90385066  3.14188589
  3.32908315 -0.31581762  7.03288848  3.95718028  0.99576598 -6.58093783
  1.8181809   1.61127407]
2022-09-12 15:58:43,719 mloop.controllers    INFO     cost 34214924.621870734 +/- 0.0
2022-09-12 15:58:43,720 mloop.controllers    INFO     Run:35 (training)
2022-09-12 15:58:43,723 mloop.controllers    INFO     params [15.44464073 12.13082728  8.62668147 13.71730955  7.07391815  7.34655599
  0.23092369  0.29809081  0.19102465  0.30114985  0.38025512 -1.02282955
  3.17810782  4.73813649  5.20320247 -4.57834212  5.63930268  1.81587486
 -6.45046819  2.56512289 -1.03577119  5.07974452  0.54307572  3.07753341
 -3.86715136 -3.65983391]
2022-09-12 15:58:43,787 mloop.controllers    INFO     cost 26425691.831272036 +/- 0.0
2022-09-12 15:58:43,788 mloop.controllers    INFO     Run:36 (training)
2022-09-12 15:58:43,791 mloop.controllers    INFO     params [10.720167    9.40057007  7.88661699 10.48747378 11.84852357  5.0436689
  0.21463588  0.02437939  0.16581049  0.20782185  0.46790717 -3.95787534
 -5.14389178  5.02334097  3.66959735 -2.56904033  4.77864847  3.16827048
 -3.50261793  3.01184953  3.69894199 -2.8476068  -6.96782681  5.55366904
  1.59136528 -4.88093101]
2022-09-12 15:58:43,878 mloop.controllers    INFO     cost 22712660.48042892 +/- 0.0
2022-09-12 15:58:43,879 mloop.controllers    INFO     Run:37 (training)
2022-09-12 15:58:43,881 mloop.controllers    INFO     params [14.41005432 10.68724366  8.25975873  9.73748755 18.56700707 14.25058838
  0.45275587  0.3075945   0.13587464  0.02988858  0.31881692  2.61095469
 -1.05650036 -2.22740124 -2.51775095 -5.05303272  2.59843274 -2.01379809
  0.65708885  2.38748458  1.64391496 -1.42629895 -3.39101957  5.15909945
  1.84156345  5.78110196]
2022-09-12 15:58:43,994 mloop.controllers    INFO     cost 28803498.551262904 +/- 0.0
2022-09-12 15:58:43,994 mloop.controllers    INFO     Run:38 (training)
2022-09-12 15:58:43,997 mloop.controllers    INFO     params [16.81512389  7.61846245 10.5260662   2.67572615  6.36110787  7.76575758
  0.08072174  0.14208256  0.25479129  0.36210444  0.30908337  7.43716462
 -7.7550356   7.41107681  7.39475673  4.2619921  -1.49132218  0.49820687
 -6.07317049  1.71746624 -2.69631063 -3.72849936  4.93552889  6.35238352
  6.87138117 -2.65068054]
2022-09-12 15:58:44,094 mloop.controllers    INFO     cost 22343000.61499806 +/- 0.0
2022-09-12 15:58:44,095 mloop.controllers    INFO     Run:39 (training)
2022-09-12 15:58:44,097 mloop.controllers    INFO     params [ 5.29277079  8.40237    15.45246     6.07690629 10.52491824 12.03300767
  0.264551    0.15171764  0.49967204  0.07008051  0.28460061 -2.93084191
 -5.39337258  7.10189613 -5.94044903 -0.29226956  5.67202352 -1.90456464
  0.99472805  2.30786018 -0.63223401 -2.17420205 -3.29669284 -7.88075188
  6.17688056 -1.67670854]
2022-09-12 15:58:44,292 mloop.controllers    INFO     cost 22024837.383633506 +/- 0.0
2022-09-12 15:58:44,293 mloop.controllers    INFO     Run:40 (training)
2022-09-12 15:58:44,295 mloop.controllers    INFO     params [ 4.19065398 16.96443933  8.87741806  9.9594506   6.57325042 14.55657207
  0.24495714  0.06530837  0.26461622  0.47655904  0.14812074 -0.62264562
  5.44872893 -3.22993513  2.27180328  3.97652184  0.77099187  7.30788141
  5.8126195   5.83362468  6.98910477  4.06692935 -5.32411319  1.42723364
  4.52181995 -7.15129887]
2022-09-12 15:58:44,444 mloop.controllers    INFO     cost 22946886.43568241 +/- 0.0
2022-09-12 15:58:44,444 mloop.controllers    INFO     Run:41 (training)
2022-09-12 15:58:44,448 mloop.controllers    INFO     params [ 8.59050785e+00  1.42667863e+01  1.88954405e+01  1.87073612e+00
  5.39722850e+00  4.70825339e+00  4.92674772e-01  3.34910778e-01
  1.57594860e-01  1.93994592e-01  4.00234484e-01 -7.06929148e+00
 -6.40251922e+00 -7.64751151e+00 -5.67134789e+00  4.08244113e+00
  2.86707308e+00 -1.43340515e-02  5.53891841e+00 -5.98279538e+00
  3.63314645e-03 -4.47342096e-01 -6.81764104e+00 -4.42764904e+00
  3.59644874e+00  7.55787653e-01]
2022-09-12 15:58:44,536 mloop.controllers    INFO     cost 25826427.361106776 +/- 0.0
2022-09-12 15:58:44,536 mloop.controllers    INFO     Run:42 (training)
2022-09-12 15:58:44,539 mloop.controllers    INFO     params [12.37296954 19.96890304  5.61362085 13.2788261  12.38889702 11.33357465
  0.1296702   0.32294914  0.46622038  0.32685386  0.25894081  4.19429555
 -6.19099225  4.59907747  5.71026438 -7.83384962 -5.89047683  7.59273877
 -3.75894397  5.91411419 -7.78681974 -0.63059167  3.1350467   2.10423492
  3.85164562 -3.5109885 ]
2022-09-12 15:58:44,621 mloop.controllers    INFO     cost 30218716.19903344 +/- 0.0
2022-09-12 15:58:44,622 mloop.controllers    INFO     Run:43 (training)
2022-09-12 15:58:44,624 mloop.controllers    INFO     params [12.46163964 10.52111007  7.73546015  8.31176309 17.95062366 11.19085346
  0.39508501  0.14291169  0.41674021  0.04037813  0.3572871  -4.85597118
  7.42478523 -7.1878087   1.4604481   7.07878508  3.80167098 -3.09568097
 -3.68962027  4.30735288 -7.1577672   5.12137431  6.89648151  0.49338964
  7.91005939  6.61059524]
2022-09-12 15:58:44,723 mloop.controllers    INFO     cost 26779331.90691225 +/- 0.0
2022-09-12 15:58:44,724 mloop.controllers    INFO     Run:44 (training)
2022-09-12 15:58:44,726 mloop.controllers    INFO     params [ 5.97535794 14.03501486 18.85281764 11.92571706  3.79436156  5.89550052
  0.27580877  0.06906862  0.17915163  0.37692682  0.31677757  0.42569217
  2.58290956  1.94198292  3.15153741 -2.27079362 -3.68574434  1.36986937
 -7.75898051 -5.69168266  5.67327188 -3.27011534 -1.75026627  6.44801922
 -0.78006358 -0.95931228]
2022-09-12 15:58:44,925 mloop.controllers    INFO     cost 27289814.871724326 +/- 0.0
2022-09-12 15:58:44,927 mloop.controllers    INFO     Run:45 (training)
2022-09-12 15:58:44,930 mloop.controllers    INFO     params [ 8.7899556   3.73258865  2.54413396  7.55576431  4.32818667 10.41945259
  0.18452831  0.06307298  0.08689951  0.23404036  0.22644039  4.23924822
  6.77768733  4.01985239  2.80311193  1.01354464 -3.77262662  5.92378863
  1.69383104  7.77657665  6.88244002  5.8406335  -2.37051201  0.87047204
 -6.27164821 -2.67464803]
2022-09-12 15:58:45,052 mloop.controllers    INFO     cost 13171573.25361783 +/- 0.0
2022-09-12 15:58:45,052 mloop.controllers    INFO     Run:46 (training)
2022-09-12 15:58:45,055 mloop.controllers    INFO     params [ 8.26036187 16.13469777 15.09212274 13.31452877  4.54838232 10.95241024
  0.16923403  0.30777618  0.44898548  0.10461879  0.48661857  2.71303533
 -6.13327426  5.83820009  5.10090857  6.16981868 -7.1148545   5.26973627
  2.10296498 -2.87115568  0.55425678 -4.09702292 -6.41873346 -3.35832988
  3.04567543 -6.39667243]
2022-09-12 15:58:45,132 mloop.controllers    INFO     cost 27464475.746731527 +/- 0.0
2022-09-12 15:58:45,132 mloop.controllers    INFO     Run:47 (training)
2022-09-12 15:58:45,135 mloop.controllers    INFO     params [ 8.42587668 13.51648981 11.16256054  5.4463467   8.10860863  7.43651581
  0.30942055  0.02030964  0.25853668  0.02400886  0.18807134  3.24599045
  6.74733681 -7.82589386  4.97631406 -7.12320475 -0.67930477 -1.86678886
 -6.27858503 -5.85412066 -0.77833732  0.26088599  2.73153554  1.39710065
  3.77448505 -7.21209765]
2022-09-12 15:58:45,243 mloop.controllers    INFO     cost 21764761.94175847 +/- 0.0
2022-09-12 15:58:45,245 mloop.controllers    INFO     Run:48 (training)
2022-09-12 15:58:45,248 mloop.controllers    INFO     params [17.01302645 18.64692229 14.82465846  6.95561701  2.22057465 14.68669885
  0.24513138  0.46881578  0.32786713  0.39055047  0.15371209 -6.4750251
  7.02840048 -4.17615454 -0.92770415 -6.55038971  7.21152244 -7.19010753
 -3.23330768  2.30141068 -0.44058132  4.5669613   4.60305749  5.32657799
 -0.52144805  0.66503654]
2022-09-12 15:58:45,363 mloop.controllers    INFO     cost 30170043.72509688 +/- 0.0
2022-09-12 15:58:45,364 mloop.controllers    INFO     Run:49 (training)
2022-09-12 15:58:45,367 mloop.controllers    INFO     params [ 6.22497718e+00  1.93766178e+01  3.43481729e+00  9.25694806e+00
  9.13710075e+00  4.77901197e+00  3.14641459e-01  4.53737532e-01
  3.38417150e-01  3.82597733e-04  2.99374133e-01  2.73645571e+00
  1.00799557e+00  4.98425313e+00  5.69297116e+00 -1.69619377e+00
 -3.69928853e+00  3.72519772e+00  5.47276341e+00  5.79312052e+00
 -3.09717301e+00  3.51476034e+00  7.47535929e+00 -1.32568848e+00
  6.77824627e+00  5.35531735e-02]
2022-09-12 15:58:45,510 mloop.controllers    INFO     cost 24396276.187667605 +/- 0.0
2022-09-12 15:58:45,511 mloop.controllers    INFO     Run:50 (training)
2022-09-12 15:58:45,515 mloop.controllers    INFO     params [ 1.68953836e+01  4.67362727e+00  8.59750183e+00  1.15612214e+01
  4.03574696e+00  5.98508136e+00  3.53920700e-01  1.34766813e-01
  6.56889110e-02  1.38742280e-03  3.26477749e-01 -4.01477611e-01
 -4.02479525e+00 -4.88936647e+00  5.31718858e-01  7.26946290e+00
  7.84570850e+00 -4.47830745e+00 -1.51239357e+00  6.54782341e+00
 -4.23051720e-01  4.31174564e+00 -1.06228665e+00  5.29031137e+00
  2.11799796e-01 -6.65981226e-01]
2022-09-12 15:58:45,624 mloop.controllers    INFO     cost 23046950.181266304 +/- 0.0
2022-09-12 15:58:45,625 mloop.controllers    INFO     Run:51 (training)
2022-09-12 15:58:45,627 mloop.controllers    INFO     params [ 5.62578617e+00  2.16314559e+00  7.97642019e+00  1.21357088e+01
  1.49649211e+01  6.92487997e+00  4.98675512e-01  4.02747737e-01
  3.24308228e-01  3.33181729e-01  6.73652092e-03  5.90257915e+00
 -6.76376495e-01  6.83419674e+00  3.69017429e+00  1.31033741e+00
 -2.39879128e+00 -1.35358967e+00 -1.45978740e+00  5.35284466e+00
  3.12049996e-03 -3.18693573e+00 -4.84977666e+00  2.20542571e+00
  3.34055018e+00 -6.14634861e+00]
2022-09-12 15:58:45,722 mloop.controllers    INFO     cost 21706572.8362747 +/- 0.0
2022-09-12 15:58:45,727 mloop.controllers    INFO     Run:52 (training)
2022-09-12 15:58:45,729 mloop.controllers    INFO     params [14.74712188  2.41733365  7.10545946 12.36052987 12.7350535  14.95333503
  0.27489026  0.03614885  0.43040472  0.18952701  0.26258048  7.79312857
 -4.2746748   3.32973861 -2.5641579   2.6954548  -3.09898567  7.93969548
  5.41268014  1.77340322  2.12204093 -4.22759678 -5.53555391 -4.58348054
 -0.38677577 -7.70807631]
2022-09-12 15:58:45,869 mloop.controllers    INFO     cost 24264621.794437762 +/- 0.0
2022-09-12 15:58:45,872 mloop.controllers    INFO     Run:53 (training)
2022-09-12 15:58:45,874 mloop.controllers    INFO     params [11.49635379 12.81886008  2.95366371 17.39823597  5.4029061   9.30801916
  0.15616303  0.1495271   0.46832069  0.16321372  0.42573161  4.96620868
 -5.96884898  6.29687508  1.18244163 -3.94975722  0.53418118 -4.01809416
  3.10609106 -5.74616987 -0.58444093  7.71824816 -2.09169421 -5.35099837
  1.71172403 -1.1387947 ]
2022-09-12 15:58:45,876 mloop.controllers    DEBUG    Starting ML optimization.
2022-09-12 15:58:45,953 mloop.controllers    INFO     cost 25240886.905768204 +/- 0.0
2022-09-12 15:58:45,982 mloop.controllers    DEBUG    End training runs.
2022-09-12 15:58:45,982 mloop.controllers    INFO     Run:54 (trainer)
2022-09-12 15:58:45,987 mloop.controllers    INFO     params [ 9.51796629 19.31442937 19.9724226  12.61946688 19.66559653 14.95051782
  0.48577592  0.06031983  0.12784447  0.11486328  0.06327956  7.65785366
  7.61847983  0.65026907  5.65194361  0.13463845 -7.73479525  4.43053543
 -1.81799456  6.55888837 -2.62362522  0.24678312  2.64712887 -2.19963673
  2.32623134 -7.15967812]
2022-09-12 15:58:46,064 mloop.controllers    INFO     cost 37530273.02882025 +/- 0.0
2022-09-12 15:58:46,064 mloop.controllers    INFO     Run:55 (trainer)
2022-09-12 15:58:46,066 mloop.controllers    INFO     params [15.40036522  9.31373518 16.61129651  5.95140759 15.29724569  7.88464262
  0.09944785  0.07896791  0.21769854  0.13262374  0.36718472 -3.89907453
  7.23755558 -3.23775618  1.08338707 -2.94409323 -1.16753805  2.13985013
 -5.98156496 -5.98349142 -3.11162791  3.13310837 -5.90036668  7.69137141
  2.69703199 -6.33956655]
2022-09-12 15:58:46,150 mloop.controllers    INFO     cost 29483481.784680866 +/- 0.0
2022-09-12 15:58:46,151 mloop.controllers    INFO     Run:56 (trainer)
2022-09-12 15:58:46,153 mloop.controllers    INFO     params [ 6.51867469 11.98747222 14.08320775 15.41221214 18.14085248  7.76778012
  0.17305128  0.36252602  0.21915031  0.20906334  0.10590433 -5.43863056
  3.88668038  1.48270003  2.34231479  0.9896275  -2.33398796 -6.48977297
  1.96498072  1.36431407 -6.85751126 -3.6054273   4.46697256  5.8815779
 -5.22347248  6.15115288]
2022-09-12 15:58:46,249 mloop.controllers    INFO     cost 30840796.376343407 +/- 0.0
2022-09-12 15:58:46,250 mloop.controllers    INFO     Run:57 (trainer)
2022-09-12 15:58:46,252 mloop.controllers    INFO     params [11.44548853 15.54757422  4.89820204 16.51844555 10.43457958  6.05814104
  0.05599275  0.29099503  0.30391486  0.39347558  0.15578229 -7.23258625
  1.48320308 -3.47413957  0.92851537  4.62337375  4.22710014  3.73752492
  2.24916095  7.78954673  6.25511661  7.18011457 -5.73111489  4.67161646
 -3.98204064  0.7840475 ]
2022-09-12 15:58:46,362 mloop.controllers    INFO     cost 27900839.914285783 +/- 0.0
2022-09-12 15:58:46,363 mloop.controllers    INFO     Run:58 (trainer)
2022-09-12 15:58:46,365 mloop.controllers    INFO     params [ 7.98897403e+00  1.32059340e+01  2.94039545e+00  1.86963797e+01
  1.54001941e+01  7.96234961e+00  8.33630699e-02  2.33246386e-01
  1.66034403e-01  3.91187141e-01  1.71229689e-02 -7.84343773e+00
  2.09293224e+00  1.48804226e+00  4.20191694e-02 -4.20201838e+00
  6.58441851e+00 -5.36801427e+00 -3.05898585e+00  1.47804240e+00
  2.21403225e+00  6.68946472e+00 -7.60843740e+00  9.24583952e-01
 -6.89759625e+00 -1.31469869e+00]
2022-09-12 15:58:46,516 mloop.controllers    INFO     cost 28871883.30523016 +/- 0.0
2022-09-12 15:58:46,516 mloop.controllers    INFO     Run:59 (trainer)
2022-09-12 15:58:46,518 mloop.controllers    INFO     params [ 2.34068163  7.7564944   4.49888668  9.47605505  4.63590818 15.94621612
  0.13910072  0.48437905  0.20567346  0.18681636  0.34849528  1.72809272
 -5.17521471  3.29797983  0.33263892 -2.02485118  0.67351459 -5.24015468
  0.52638301  1.15906961 -3.67101147  4.95381347 -1.66509971 -6.85290188
 -5.76048334  7.46929381]
2022-09-12 15:58:46,674 mloop.controllers    INFO     cost 14041674.249650346 +/- 0.0
2022-09-12 15:58:46,684 mloop.controllers    INFO     Run:60 (trainer)
2022-09-12 15:58:46,687 mloop.controllers    INFO     params [17.55291789  3.77463111  6.9103512  16.16699239 17.32524872  9.90923069
  0.15971158  0.25228605  0.42663525  0.19810341  0.06592341 -0.7841909
 -2.54724473 -6.81801138  1.16721577  7.0045072  -4.80719289  3.40154318
  3.8687747   0.07133895 -1.65798076 -6.68817385  0.10204381  4.16105258
 -4.42720179  6.32426074]
2022-09-12 15:58:46,774 mloop.controllers    INFO     cost 30522782.66894659 +/- 0.0
2022-09-12 15:58:46,775 mloop.controllers    INFO     Run:61 (trainer)
2022-09-12 15:58:46,778 mloop.controllers    INFO     params [12.4490696  12.68030054  4.71235634 15.2062732   6.27878174 15.59266991
  0.16366777  0.18989853  0.27221763  0.34023224  0.1919391  -0.70258138
 -6.00981778  3.06447048 -6.20371104 -6.96195924 -1.48786441  5.25588901
  4.77312305 -3.7695694  -0.63442406 -2.45312743 -3.54979055 -1.49154642
  2.61530343  3.90053267]
2022-09-12 15:58:46,866 mloop.controllers    INFO     cost 24670394.900855035 +/- 0.0
2022-09-12 15:58:46,867 mloop.controllers    INFO     Run:62 (trainer)
2022-09-12 15:58:46,869 mloop.controllers    INFO     params [13.35742408 14.27000614 15.53860301  1.92471232 18.62529574  6.68417029
  0.20755798  0.27471684  0.34417825  0.43959699  0.07811108  3.71947878
 -6.93937413 -7.25477505  3.19784513  6.69996507 -1.06807823 -5.92135037
  6.63878632  2.81410838 -5.53361414  4.56488327  5.85348754 -2.47652012
 -3.14906268  0.77544361]
2022-09-12 15:58:46,981 mloop.controllers    INFO     cost 31210684.18986028 +/- 0.0
2022-09-12 15:58:46,983 mloop.controllers    INFO     Run:63 (trainer)
2022-09-12 15:58:46,985 mloop.controllers    INFO     params [17.46805935  4.1849934  16.37597439 13.38261506  7.40615878  4.7467929
  0.22489679  0.22410296  0.19251438  0.27954025  0.13628518 -6.37329134
  4.94296979 -6.32470945 -6.62662086 -5.94798305 -1.14079632 -6.79758805
 -1.59012715 -3.61972861  1.01061656 -6.58983446 -3.55950856 -4.19111534
 -1.78931576  1.68901835]
2022-09-12 15:58:47,082 mloop.controllers    INFO     cost 28718706.393239982 +/- 0.0
2022-09-12 15:58:47,083 mloop.controllers    INFO     Run:64 (trainer)
2022-09-12 15:58:47,085 mloop.controllers    INFO     params [10.51035283  5.4916745   3.68751776  6.35006894 16.55587227 14.47284733
  0.15133294  0.19478271  0.19046041  0.38627233  0.41964983  7.12210743
  0.40363631 -5.99633653 -1.63150612 -3.73162057 -0.11808485  5.69889492
  1.86575862  4.09126678 -4.37702479  5.42259546  0.12591931  6.9825093
 -5.69662446 -4.15758291]
2022-09-12 15:58:47,179 mloop.controllers    INFO     cost 21648167.28826081 +/- 0.0
2022-09-12 15:58:47,179 mloop.controllers    INFO     Run:65 (trainer)
2022-09-12 15:58:47,182 mloop.controllers    INFO     params [ 5.9825232   5.61554564  3.82667173  4.57945058 11.21971823 14.9370575
  0.20116532  0.22276638  0.29594212  0.40053203  0.14992163 -7.7306803
 -2.76171847  4.58660306 -7.32445643 -6.83025599 -4.06963003 -2.82050665
 -5.87025711  7.15638935 -4.28562094 -4.3316128   2.02781814  0.75250559
  6.09858186 -1.19932793]
2022-09-12 15:58:47,272 mloop.controllers    INFO     cost 15126834.359739358 +/- 0.0
2022-09-12 15:58:47,274 mloop.controllers    INFO     Run:66 (trainer)
2022-09-12 15:58:47,276 mloop.controllers    INFO     params [11.38081442  7.58580037 15.06126523  3.84842669 14.19618738  4.5545196
  0.32917749  0.09610844  0.38434786  0.49993853  0.28380585 -7.19260423
  7.28311808 -5.49777504  5.97372296 -7.86069764  6.95706825  3.78907882
 -7.13395904  2.97790607 -2.17324046 -2.09773335  1.31823028 -4.15054788
  6.83637635 -7.1299377 ]
2022-09-12 15:58:47,366 mloop.controllers    INFO     cost 25104780.50653246 +/- 0.0
2022-09-12 15:58:47,367 mloop.controllers    INFO     Run:67 (trainer)
2022-09-12 15:58:47,369 mloop.controllers    INFO     params [ 6.47026045 11.82943129 18.39496054  7.76417061  2.05869633  5.20212188
  0.19509742  0.10303507  0.22769476  0.35951708  0.46495324  4.42233555
 -0.97399082  4.14126534 -3.37480912 -0.52699713  6.65767555 -1.67608557
  4.46936135  4.78780373 -4.17908719  0.69385171 -7.2911776  -1.58192457
 -6.06713844 -3.49380315]
2022-09-12 15:58:47,458 mloop.controllers    INFO     cost 24180443.555048272 +/- 0.0
2022-09-12 15:58:47,458 mloop.controllers    INFO     Run:68 (trainer)
2022-09-12 15:58:47,461 mloop.controllers    INFO     params [ 7.93218745 12.49739237 10.45446105  8.96317649  6.49213539 10.4857043
  0.22369796  0.43251655  0.14004876  0.38166165  0.26522643  0.19749706
 -1.08597216  0.94452962 -5.5033175   3.53353302 -2.48875042  7.21095297
  7.7284531   0.08075505  1.99876576  7.76634627  7.00461979  6.43002922
 -6.61250148  0.83260857]
2022-09-12 15:58:47,554 mloop.controllers    INFO     cost 21234064.96351927 +/- 0.0
2022-09-12 15:58:47,555 mloop.controllers    INFO     Run:69 (trainer)
2022-09-12 15:58:47,557 mloop.controllers    INFO     params [ 1.13377236e+01  1.38674202e+01  1.92827000e+01  1.42210338e+01
  1.19705855e+01  1.11102478e+01  4.03100960e-01  1.29769416e-01
  1.02494310e-01  2.47742924e-01  1.51648445e-03  3.65933356e+00
 -5.90805851e-01  2.82764206e+00 -1.43539024e+00 -1.68937179e+00
 -2.08646189e+00 -2.32104717e+00  1.27832946e+00  2.51659779e-01
 -2.90549599e+00  6.14513775e+00 -1.74801357e+00 -7.25049856e+00
 -4.84650477e+00 -7.84205563e+00]
2022-09-12 15:58:47,652 mloop.controllers    INFO     cost 32221157.9486969 +/- 0.0
2022-09-12 15:58:47,653 mloop.controllers    INFO     Run:70 (trainer)
2022-09-12 15:58:47,656 mloop.controllers    INFO     params [ 4.68957828e+00  1.45186840e+01  1.41773686e+01  6.29885939e+00
  5.96499261e+00  7.65631845e+00  1.75289096e-01  4.78703876e-01
  1.76712018e-01  1.98815080e-01  2.96851356e-01  1.49659117e+00
 -4.89176576e+00 -5.85596018e+00 -6.83099754e+00 -7.90389920e+00
  5.09724105e+00 -7.33880560e+00 -2.64335664e+00 -8.23837366e-03
  4.36523365e+00 -4.75259525e+00  5.64128659e+00  2.55025194e+00
  1.08212054e+00 -1.23947574e+00]
2022-09-12 15:58:47,791 mloop.controllers    INFO     cost 22561867.830362808 +/- 0.0
2022-09-12 15:58:47,793 mloop.controllers    INFO     Run:71 (trainer)
2022-09-12 15:58:47,796 mloop.controllers    INFO     params [ 9.18535358 11.02122835  9.53606414  5.20951608 10.1130444  14.07243603
  0.02960988  0.3800925   0.36273417  0.1981198   0.49407572 -5.36685714
  5.94313804 -7.81680516 -1.23371122 -5.30261173  3.4740095   0.50778804
 -2.18716645 -4.56764166 -7.89719939 -1.28886006 -1.08616806  2.9116628
  4.90448001 -6.37956013]
2022-09-12 15:58:47,926 mloop.controllers    INFO     cost 20644283.882804595 +/- 0.0
2022-09-12 15:58:47,928 mloop.controllers    INFO     Run:72 (trainer)
2022-09-12 15:58:47,931 mloop.controllers    INFO     params [17.27098799 18.25197593 18.75405397  9.93848294 16.10461294 11.98336799
  0.47448335  0.42571355  0.12408108  0.15298194  0.07186283  1.55050807
  4.42206648 -6.88660447 -0.53906607  4.78131663  7.02660897 -0.75484078
  5.41229985 -4.80736242 -4.67541087 -2.33326729 -0.77473711  0.59713081
  7.52496467  0.15787286]
2022-09-12 15:58:48,075 mloop.controllers    INFO     cost 36623304.64299724 +/- 0.0
2022-09-12 15:58:48,076 mloop.controllers    INFO     Run:73 (trainer)
2022-09-12 15:58:48,078 mloop.controllers    INFO     params [ 7.63920133 16.27293665  4.21869844  3.97124057  7.49710725 15.46219886
  0.07394344  0.06199499  0.27863999  0.3054733   0.20948421 -2.43274149
 -0.2015785  -2.6589748  -6.28700075 -5.19297247 -2.91723105  3.63915288
  0.13806318  3.76629245  3.44746386  0.35419974  3.75858456 -5.80660538
 -6.23684925 -4.58655502]
2022-09-12 15:58:48,201 mloop.controllers    INFO     cost 20320919.92576302 +/- 0.0
2022-09-12 15:58:48,201 mloop.controllers    INFO     Run:74 (trainer)
2022-09-12 15:58:48,204 mloop.controllers    INFO     params [18.9641683  14.23261553 12.17781995 19.5338886   8.66758155 15.33813288
  0.15348833  0.21901004  0.0581367   0.35514436  0.03852298  3.62428263
 -0.25167308 -5.67983794 -7.03468617 -1.66214387 -7.70415471  2.81504297
  7.68025739 -7.40985432  3.42979638 -5.08081946 -4.55458027  5.24279946
  6.24166795  1.63667724]
2022-09-12 15:58:48,306 mloop.controllers    INFO     cost 34164374.629273824 +/- 0.0
2022-09-12 15:58:48,307 mloop.controllers    INFO     Run:75 (trainer)
2022-09-12 15:58:48,309 mloop.controllers    INFO     params [17.90292692 13.8511604   3.66558619 13.46692902 17.83156268 11.17026152
  0.30721262  0.19228289  0.39461989  0.29756269  0.48001671 -4.1401032
  6.32381623 -3.68055327 -3.64806041  7.35206559 -1.93116253 -1.2923084
  0.72405043  5.26988723 -6.81259155 -6.15782373 -6.35699525 -3.74047126
  1.4661821   4.08792876]
2022-09-12 15:58:48,401 mloop.controllers    INFO     cost 32017609.377838347 +/- 0.0
2022-09-12 15:58:48,401 mloop.controllers    INFO     Run:76 (trainer)
2022-09-12 15:58:48,403 mloop.controllers    INFO     params [ 6.77948774 11.0803083   5.56974204 11.95496571 17.44600188  4.36774457
  0.49584415  0.48658352  0.16168052  0.15127524  0.47025694  7.86080721
 -2.520984    7.58967987  4.87668332  6.11198263  7.35070971  4.02395223
  6.71361547  7.63464188  5.75458764 -2.43874275 -3.28994781 -5.15057252
  1.74382641  2.09958047]
2022-09-12 15:58:48,517 mloop.controllers    INFO     cost 25436976.004903752 +/- 0.0
2022-09-12 15:58:48,518 mloop.controllers    INFO     Run:77 (trainer)
2022-09-12 15:58:48,520 mloop.controllers    INFO     params [ 1.50451120e+01  1.01427095e+01  1.94926932e+01  1.59915608e+01
  4.74604225e+00  1.56206404e+01  1.04987485e-02  2.47438484e-01
  2.13700129e-01  2.99479623e-01  6.02223357e-02  2.21524768e+00
  4.38549423e+00 -7.36080801e+00 -7.54820745e+00 -1.71359552e-01
 -4.72315430e+00  7.65072649e+00 -2.46389563e-01  6.64705296e+00
 -1.12420132e+00  3.53831759e+00  3.71590840e+00  5.82217310e+00
 -3.71747833e+00  4.31878847e+00]
2022-09-12 15:58:48,635 mloop.controllers    INFO     cost 31423694.019926116 +/- 0.0
2022-09-12 15:58:48,636 mloop.controllers    INFO     Run:78 (trainer)
2022-09-12 15:58:48,639 mloop.controllers    INFO     params [16.50616016 14.94291883 17.92988558  5.73539395  9.52677747  6.10799256
  0.24104045  0.11457878  0.25407683  0.42105366  0.26461445 -0.47704207
  3.05231856  2.36956634  1.65827777 -2.87560832  5.71671978  7.94132607
 -6.72699488 -3.69861213 -7.5938693   1.31631739 -3.07793067  6.80281944
 -0.21540716 -5.75564849]
2022-09-12 15:58:48,733 mloop.controllers    INFO     cost 30673730.901061192 +/- 0.0
2022-09-12 15:58:48,733 mloop.controllers    INFO     Run:79 (trainer)
2022-09-12 15:58:48,735 mloop.controllers    INFO     params [19.10331419 14.96502004  6.50089726 16.18112487 18.16825414  9.157375
  0.36586631  0.41384246  0.35301281  0.23559173  0.25761307 -3.35327068
  2.61352441  5.89406356  4.0289015   1.23100555 -4.47843354 -3.09607845
  6.49021259  2.5222895  -3.54194901 -0.05481046  4.53662227 -5.8759678
  2.0118729   0.95062071]
2022-09-12 15:58:48,827 mloop.controllers    INFO     cost 34972313.78870618 +/- 0.0
2022-09-12 15:58:48,828 mloop.controllers    INFO     Run:80 (trainer)
2022-09-12 15:58:48,830 mloop.controllers    INFO     params [19.11868318 18.09127529 10.57439511 10.22667789 15.52559084  6.37559607
  0.03976051  0.42632846  0.32432246  0.08473498  0.264469   -6.30357725
  4.05265721 -5.62588171 -2.58014268  2.70134775 -6.16268646 -2.90363829
  7.67746076 -7.70387506  6.19759563  4.07980097 -3.59695931 -3.81196412
  6.6371164  -2.9225458 ]
2022-09-12 15:58:48,927 mloop.controllers    INFO     cost 33915533.75059154 +/- 0.0
2022-09-12 15:58:48,928 mloop.controllers    INFO     Run:81 (trainer)
2022-09-12 15:58:48,930 mloop.controllers    INFO     params [ 5.64584205  7.63056606 10.3803851  18.15387951  2.87123005 10.92494651
  0.17913552  0.27447015  0.43533991  0.08127012  0.22767893  7.32421622
  6.44630683  1.13954402  0.05793567  1.60428152 -3.0296686  -6.7288061
  0.09893613 -3.22554742  7.8713625   1.70690365  5.91883675 -0.76417473
  0.05167705 -4.28231252]
2022-09-12 15:58:49,055 mloop.controllers    INFO     cost 23144325.34365594 +/- 0.0
2022-09-12 15:58:49,056 mloop.controllers    INFO     Run:82 (trainer)
2022-09-12 15:58:49,058 mloop.controllers    INFO     params [ 1.02293979e+01  1.41520508e+01  1.89057396e+01  5.65355326e+00
  9.70284974e+00  4.43620590e+00  2.40908255e-01  1.44250617e-02
  1.17803432e-02  4.96037925e-01  4.52372201e-01  4.34204084e+00
  2.64270851e+00  7.78861671e+00  6.95618238e+00  2.59010714e+00
  4.55083036e+00  1.44298244e+00  4.81052117e+00  3.59130674e+00
  6.65846925e+00 -5.89401860e+00  1.50773670e+00  3.69696356e+00
  3.92513851e+00  4.93349484e+00]
2022-09-12 15:58:49,162 mloop.controllers    INFO     cost 28079437.22456847 +/- 0.0
2022-09-12 15:58:49,162 mloop.controllers    INFO     Run:83 (trainer)
2022-09-12 15:58:49,165 mloop.controllers    INFO     params [13.90551131 19.86555745  4.85630827 13.46031664 11.24429104  4.15612052
  0.48728645  0.17808959  0.11060235  0.43695517  0.39859848  1.96239988
  2.97298357  5.65948731 -5.05345511 -4.8413804  -1.92429918  2.46777164
 -4.33058297  4.23726777  5.72472455 -5.24502322 -0.63215595  0.87248963
 -0.48531104  6.61865453]
2022-09-12 15:58:49,264 mloop.controllers    INFO     cost 30318314.151106838 +/- 0.0
2022-09-12 15:58:49,265 mloop.controllers    INFO     Run:84 (trainer)
2022-09-12 15:58:49,267 mloop.controllers    INFO     params [ 5.22811758  7.22017054  2.38779734 13.7486738  14.81483777 12.10915523
  0.04365294  0.44170201  0.04965199  0.42336187  0.48021154 -2.36430064
  7.83243008  5.44530904  5.76326607 -6.61801032 -2.96261526  4.57558073
 -0.19815739 -0.01694223  6.81766498 -0.4823317   1.5874835   4.25595098
  5.89468786  4.23911232]
2022-09-12 15:58:49,364 mloop.controllers    INFO     cost 22218689.345098753 +/- 0.0
2022-09-12 15:58:49,365 mloop.controllers    INFO     Run:85 (trainer)
2022-09-12 15:58:49,366 mloop.controllers    INFO     params [13.72763808  5.78467972 19.82784644  2.41629403  9.25455769 12.37982697
  0.13193864  0.1934775   0.10684414  0.46873912  0.19967787 -7.14817954
 -1.42890133  3.9012961  -4.36654839 -0.44458309  2.53137946  0.95429798
 -4.29957534 -5.4615889   0.48400664  7.7242668  -7.38982465  4.34726575
 -1.43890917 -3.49085366]
2022-09-12 15:58:49,497 mloop.controllers    INFO     cost 26580787.508737996 +/- 0.0
2022-09-12 15:58:49,498 mloop.controllers    INFO     Run:86 (trainer)
2022-09-12 15:58:49,500 mloop.controllers    INFO     params [ 3.43324953 12.47457193 16.27327264  3.9217175   1.99193133 11.85168685
  0.18005059  0.02343508  0.35745938  0.43069367  0.16898431  2.57232339
 -5.63299145  7.90549013  6.61189869  7.85484552 -2.60030817  6.48110034
 -2.83088953 -0.70959899  0.33391268 -6.23122335  2.71335221 -4.24553624
  6.37324593 -1.13265149]
2022-09-12 15:58:49,583 mloop.controllers    INFO     cost 21250138.308416557 +/- 0.0
2022-09-12 15:58:49,583 mloop.controllers    INFO     Run:87 (trainer)
2022-09-12 15:58:49,585 mloop.controllers    INFO     params [ 4.84566942  7.02362366  4.12036697 18.69208096 13.70835137 15.64807157
  0.24888229  0.19426004  0.020975    0.35865678  0.08122397  1.89910091
  0.36911965  1.65595493 -0.19280211  4.41370444 -3.42442391 -6.07238167
  2.68014228 -6.97298913  3.55120069 -5.18763655  0.31169947 -1.95036773
 -1.83022244  4.22825567]
2022-09-12 15:58:49,671 mloop.controllers    INFO     cost 25041983.92927292 +/- 0.0
2022-09-12 15:58:49,671 mloop.controllers    INFO     Run:88 (trainer)
2022-09-12 15:58:49,674 mloop.controllers    INFO     params [15.76020057 12.18336985 18.41844176  2.25247373  5.82379217  8.07951105
  0.3495513   0.14121318  0.47117562  0.04495132  0.03293915  2.74285392
  7.12078281  0.69226049 -3.24671985 -7.96492475 -4.41057381 -5.81468903
 -0.12829267  0.4708802   5.43222127  0.26105385 -0.78217667  5.25417567
 -4.73563674 -5.33019885]
2022-09-12 15:58:49,750 mloop.controllers    INFO     cost 27839655.657082856 +/- 0.0
2022-09-12 15:58:49,750 mloop.controllers    INFO     Run:89 (trainer)
2022-09-12 15:58:49,752 mloop.controllers    INFO     params [19.19716225 12.68560613 17.2141173  12.71523623  2.88895922 14.50974231
  0.04786037  0.48619689  0.37843817  0.455374    0.46641753 -7.88271039
  5.39697061 -5.22572226 -0.48731528 -0.69071292  1.2177082  -0.67569926
 -2.74171515  1.38713161  3.92606487 -4.85554347  5.73630177  0.97811469
 -5.92429408 -5.12849816]
2022-09-12 15:58:49,827 mloop.controllers    INFO     cost 31556352.5153819 +/- 0.0
2022-09-12 15:58:49,827 mloop.controllers    INFO     Run:90 (trainer)
2022-09-12 15:58:49,829 mloop.controllers    INFO     params [18.60309743 18.27975339  2.38817671 17.25649815  8.69190575 11.45671335
  0.14713869  0.10676325  0.14782701  0.47534968  0.49271586 -0.16540039
  1.7363603  -1.65900309  5.60045126 -3.73709891  2.29963671  0.83654338
  4.04206348  4.77000641 -5.88479383  0.05113181  5.83873688  6.08380808
 -6.40531346 -2.13797178]
2022-09-12 15:58:49,906 mloop.controllers    INFO     cost 32546313.75672806 +/- 0.0
2022-09-12 15:58:49,906 mloop.controllers    INFO     Run:91 (trainer)
2022-09-12 15:58:49,908 mloop.controllers    INFO     params [15.34676482 11.36526505  4.6549877  18.11369568 10.87793785 14.77504976
  0.41023355  0.14079307  0.07560436  0.37835877  0.36135893 -4.01456835
 -2.85154172  6.25016373  2.56359031 -7.17680902 -4.48401893 -7.89002453
 -5.03727639  5.82007452 -3.61274125  2.64071771 -7.52476332 -0.15086015
  4.50549714 -5.79629505]
2022-09-12 15:58:49,979 mloop.controllers    INFO     cost 28858197.080235872 +/- 0.0
2022-09-12 15:58:49,979 mloop.controllers    INFO     Run:92 (trainer)
2022-09-12 15:58:49,981 mloop.controllers    INFO     params [ 5.94663634e+00  1.85367220e+01  1.81180180e+01  9.43414651e+00
  5.68422165e+00  9.56808806e+00  1.22446088e-02  1.64504162e-01
  4.07172712e-01  2.96714986e-01  2.21041676e-01 -2.51304126e+00
  6.59619156e+00 -7.48277835e+00 -6.12260662e+00  5.45473293e+00
 -7.99134289e+00  9.03796395e-02  3.30692530e+00  7.89351675e+00
 -2.71797660e-01  7.07012561e+00 -2.31225273e+00  5.30346057e+00
  5.43917792e+00  3.59481266e+00]
2022-09-12 15:58:50,058 mloop.controllers    INFO     cost 28784498.628998324 +/- 0.0
2022-09-12 15:58:50,058 mloop.controllers    INFO     Run:93 (trainer)
2022-09-12 15:58:50,060 mloop.controllers    INFO     params [ 8.53327103  9.27783606 13.5191665   5.03761904  2.9041133   7.85898914
  0.32183979  0.3076837   0.21292308  0.24137047  0.10525293 -3.40556444
 -7.97047681  6.0158537  -4.55160818 -5.77239927 -0.40689114 -4.2932679
 -1.29517142 -3.83097485 -2.73079927 -5.31216432 -2.00147498  2.35461943
 -4.67254745  3.33703358]
2022-09-12 15:58:50,137 mloop.controllers    INFO     cost 19377137.134515125 +/- 0.0
2022-09-12 15:58:50,137 mloop.controllers    INFO     Run:94 (trainer)
2022-09-12 15:58:50,139 mloop.controllers    INFO     params [19.036495    2.70369125 13.77477528 13.53249016  3.94465924  4.6635741
  0.47923534  0.12511345  0.02050413  0.21906666  0.05050365 -4.56783664
  2.7952201   4.2185292  -7.72268827 -3.66491281  6.46723581 -0.537759
 -7.83139648 -5.96062858 -0.29432652 -6.18981497  1.83783816  7.09401937
 -3.78591674 -3.76005496]
2022-09-12 15:58:50,221 mloop.controllers    INFO     cost 27534160.499146357 +/- 0.0
2022-09-12 15:58:50,221 mloop.controllers    INFO     Run:95 (trainer)
2022-09-12 15:58:50,223 mloop.controllers    INFO     params [16.00998586 17.56290246  9.52500799  3.15650712 19.2403774   8.0290479
  0.25787745  0.29590233  0.29895317  0.13908195  0.37587559  0.41733108
 -4.16738922 -1.32560236 -6.95170112  2.14953973  4.20558016 -5.07529114
 -3.92947569 -7.7773954  -2.05622843 -5.43865532  0.72994531  3.22491128
  2.73288153  2.57691695]
2022-09-12 15:58:50,310 mloop.controllers    INFO     cost 32181597.227778163 +/- 0.0
2022-09-12 15:58:50,310 mloop.controllers    INFO     Run:96 (trainer)
2022-09-12 15:58:50,312 mloop.controllers    INFO     params [13.64846109 16.03236301 18.01759141 10.894022   18.9119001   4.43012853
  0.34338064  0.20825644  0.18632663  0.41887706  0.32030194 -4.88233435
  3.37338152  1.35835277  0.83005173  1.86383368 -2.27287682  4.55668865
  0.57654892  0.16880472 -3.39242785  7.37534071  4.46638303  5.47116502
  3.33321292  7.28740055]
2022-09-12 15:58:50,395 mloop.controllers    INFO     cost 35274477.265207425 +/- 0.0
2022-09-12 15:58:50,395 mloop.controllers    INFO     Run:97 (trainer)
2022-09-12 15:58:50,397 mloop.controllers    INFO     params [ 9.26942888e+00  4.80303975e+00  1.47515166e+01  1.67075994e+01
  8.30809631e+00  4.60038348e+00  4.58063934e-01  1.84685948e-04
  3.17168444e-01  9.91126425e-03  3.22789309e-01 -5.73711233e+00
 -2.86581075e+00  5.58970495e+00 -4.25735117e+00  5.13134143e+00
 -7.73254981e+00  3.21680199e+00 -2.64156763e+00 -6.56170616e+00
 -6.57525519e+00  4.66354048e+00 -1.33865058e-01  2.25421806e+00
 -1.03950077e+00  7.38363661e+00]
2022-09-12 15:58:50,475 mloop.controllers    INFO     cost 25976256.7105484 +/- 0.0
2022-09-12 15:58:50,475 mloop.controllers    INFO     Run:98 (trainer)
2022-09-12 15:58:50,477 mloop.controllers    INFO     params [11.76806434 13.16707645 11.12692755 17.83644131  7.96304561  6.72367924
  0.39711122  0.42124922  0.25897388  0.15094536  0.42571048 -0.83773714
 -1.63636869  2.69579945 -2.85413064  2.25739851 -6.51782083 -1.22647392
  4.47115393 -4.32437191 -7.49820864  7.90957343 -0.72813386  5.28241581
  5.09734787 -2.8703002 ]
2022-09-12 15:58:50,554 mloop.controllers    INFO     cost 28586975.068330467 +/- 0.0
2022-09-12 15:58:50,554 mloop.controllers    INFO     Run:99 (trainer)
2022-09-12 15:58:50,556 mloop.controllers    INFO     params [ 8.19674900e+00  7.06926171e+00  1.15440690e+01  8.76456607e+00
  1.93679078e+01  1.17698528e+01  4.59859937e-01  3.02957686e-01
  1.73334915e-02  4.01104465e-01  2.19867864e-01 -7.47099856e+00
  4.93532457e+00  6.87282511e+00  2.70836636e+00  6.79339210e+00
  5.72322594e+00  6.91718739e+00  7.08585994e+00  7.87140341e+00
 -4.34420077e+00  5.60454844e+00 -7.99008142e+00 -2.60640888e+00
  3.08462466e+00 -3.73663126e+00]
2022-09-12 15:58:50,637 mloop.controllers    INFO     cost 26502055.73084924 +/- 0.0
2022-09-12 15:58:50,638 mloop.controllers    INFO     Run:100 (trainer)
2022-09-12 15:58:50,639 mloop.controllers    INFO     params [ 8.00302363 17.85103863  3.2609777  10.8894994   2.8042123  10.61530278
  0.03714961  0.35576929  0.44818075  0.3856738   0.22768425 -2.78098543
 -1.98803324 -0.37831637  6.58351554 -7.18801239 -4.69120073  5.23943939
 -1.1221441  -1.15199492 -3.52380863 -2.70672127  1.76704261 -3.86656171
  0.64942008 -5.38767781]
2022-09-12 15:58:50,722 mloop.controllers    INFO     cost 22798811.682802908 +/- 0.0
2022-09-12 15:58:50,723 mloop.controllers    INFO     Controller finished. Closing down M-LOOP. Please wait a moment...
2022-09-12 15:58:50,723 mloop.controllers    DEBUG    ML learner end set.
2022-09-12 15:58:50,723 mloop.controllers    DEBUG    ML learner joined
2022-09-12 15:58:50,723 mloop.controllers    INFO     Machine learning learner did not provide best and/or all minima.
2022-09-12 15:58:50,723 mloop.controllers    DEBUG    Learner end event set.
2022-09-12 15:58:50,724 mloop.controllers    DEBUG    Interface end event set.
2022-09-12 15:58:51,652 mloop.learners.1     DEBUG    Learner end signal received. Ending
2022-09-12 15:58:51,727 mloop.interfaces     DEBUG    Interface ended
2022-09-12 15:58:52,666 mloop.controllers    DEBUG    Learner joined.
2022-09-12 15:58:52,666 mloop.controllers    DEBUG    Interface joined.
2022-09-12 15:58:52,683 mloop.controllers    INFO     Optimization ended because:
2022-09-12 15:58:52,683 mloop.controllers    INFO     	* Maximum number of runs reached.
2022-09-12 15:58:52,684 mloop.controllers    INFO     Results:
2022-09-12 15:58:52,684 mloop.controllers    INFO     	* Best parameters found:[ 8.7899556   3.73258865  2.54413396  7.55576431  4.32818667 10.41945259
  0.18452831  0.06307298  0.08689951  0.23404036  0.22644039  4.23924822
  6.77768733  4.01985239  2.80311193  1.01354464 -3.77262662  5.92378863
  1.69383104  7.77657665  6.88244002  5.8406335  -2.37051201  0.87047204
 -6.27164821 -2.67464803]
2022-09-12 15:58:52,685 mloop.controllers    INFO     	* Best cost returned:13171573.25361783 +/- 0.0
2022-09-12 15:58:52,685 mloop.controllers    INFO     	* Best run number:45
2022-09-12 15:58:52,685 mloop.controllers    INFO     M-LOOP Done.
2022-09-12 15:58:52,687 mloop.visualizations DEBUG    Creating controller visualizations.
2022-09-12 15:58:52,972 mloop.visualizations DEBUG    Creating learner visualizations.
