2022-09-16 17:35:39,198 mloop                INFO     M-LOOP version 3.3.1
2022-09-16 17:35:39,198 mloop                DEBUG    M-LOOP Logger configured.
2022-09-16 17:35:39,198 mloop.interfaces     DEBUG    Creating interface.
2022-09-16 17:35:39,208 mloop.controllers    DEBUG    Controller init completed.
2022-09-16 17:35:39,209 mloop.learners.1     DEBUG    Learner init completed.
2022-09-16 17:35:39,209 mloop.learners.1     DEBUG    Random learner init completed.
2022-09-16 17:35:39,210 mloop.learners.2     DEBUG    Learner init completed.
2022-09-16 17:35:39,210 mloop.controllers    INFO     Optimization started.
2022-09-16 17:35:39,212 mloop.learners.1     DEBUG    Starting Random Learner
2022-09-16 17:35:39,213 mloop.interfaces     DEBUG    Entering main loop of interface.
2022-09-16 17:35:39,213 mloop.controllers    DEBUG    ML learner started.
2022-09-16 17:35:39,338 mloop.controllers    DEBUG    Starting training optimization.
2022-09-16 17:35:39,338 mloop.controllers    INFO     Run:1 (training)
2022-09-16 17:35:39,340 mloop.controllers    INFO     params [10.    5.    3.    2.3   2.21  0.15  0.1   0.15  0.1   0.05  0.    0.
  0.    0.    0.    0.    0.    0.    0.    0.    0.    0.    0.    0.
  0.  ]
2022-09-16 17:43:06,961 mloop.controllers    WARNING  !!! Do not give the interrupt signal again !!! 
 M-LOOP stopped with keyboard interupt or system exit. Please wait at least 1 minute for the threads to safely shut down. 
 
2022-09-16 17:43:06,962 mloop.controllers    WARNING  Closing down controller.
2022-09-16 17:43:06,962 mloop.controllers    DEBUG    ML learner end set.
2022-09-16 17:43:07,371 mloop.controllers    DEBUG    ML learner joined
2022-09-16 17:43:07,372 mloop.controllers    INFO     Machine learning learner did not provide best and/or all minima.
2022-09-16 17:43:07,372 mloop.controllers    DEBUG    Learner end event set.
2022-09-16 17:43:07,372 mloop.controllers    DEBUG    Interface end event set.
2022-09-16 17:43:07,386 mloop.learners.1     DEBUG    Learner end signal received. Ending
2022-09-16 17:43:08,386 mloop.learners.1     DEBUG    Performing shut down of learner.
2022-09-16 17:43:08,386 mloop.learners.1     DEBUG    Ended Random Learner
2022-09-16 17:43:08,386 mloop.controllers    DEBUG    Learner joined.
