2022-09-18 15:48:02,449 mloop                INFO     M-LOOP version 3.3.1
2022-09-18 15:48:02,449 mloop                DEBUG    M-LOOP Logger configured.
2022-09-18 15:48:36,738 mloop                INFO     M-LOOP version 3.3.1
2022-09-18 15:48:36,738 mloop                DEBUG    M-LOOP Logger configured.
2022-09-18 15:48:36,739 mloop.interfaces     DEBUG    Creating interface.
2022-09-18 15:48:36,740 mloop.controllers    DEBUG    Controller init completed.
2022-09-18 15:48:36,740 mloop.learners.1     DEBUG    Learner init completed.
2022-09-18 15:48:36,741 mloop.learners.2     DEBUG    Learner init completed.
2022-09-18 15:48:36,741 mloop.controllers    INFO     Optimization started.
2022-09-18 15:48:36,743 mloop.interfaces     DEBUG    Entering main loop of interface.
2022-09-18 15:48:36,743 mloop.controllers    DEBUG    ML learner started.
2022-09-18 15:48:36,826 mloop.controllers    DEBUG    Starting training optimization.
2022-09-18 15:48:36,826 mloop.controllers    INFO     Run:1 (training)
2022-09-18 15:48:36,827 mloop.controllers    INFO     params [ 2.343307   10.54264682 10.92594866]
2022-09-18 15:48:36,835 mloop.controllers    INFO     cost -1.8454310461365524 +/- 0.0
2022-09-18 15:48:36,837 mloop.controllers    INFO     Run:2 (training)
2022-09-18 15:48:36,839 mloop.controllers    INFO     params [18.88826527  7.26473965  6.55116062]
2022-09-18 15:48:36,843 mloop.controllers    INFO     cost 0.016899717770394923 +/- 0.0
2022-09-18 15:48:36,843 mloop.controllers    INFO     Run:3 (training)
2022-09-18 15:48:36,845 mloop.controllers    INFO     params [19.98558251  3.55729747 11.76100117]
2022-09-18 15:48:36,850 mloop.controllers    INFO     cost -0.09933969391310837 +/- 0.0
2022-09-18 15:48:36,850 mloop.controllers    INFO     Run:4 (training)
2022-09-18 15:48:36,852 mloop.controllers    INFO     params [ 7.06928683 16.27446097 19.18431976]
2022-09-18 15:48:36,856 mloop.controllers    INFO     cost 0.06855637917332344 +/- 0.0
2022-09-18 15:48:36,857 mloop.controllers    INFO     Run:5 (training)
2022-09-18 15:48:36,858 mloop.controllers    INFO     params [10.78986975  7.05013975 16.73589553]
2022-09-18 15:48:36,864 mloop.controllers    INFO     cost -0.9176615201114818 +/- 0.0
2022-09-18 15:48:36,864 mloop.controllers    INFO     Run:6 (training)
2022-09-18 15:48:36,866 mloop.controllers    INFO     params [13.60022732 19.50736685  6.35834945]
2022-09-18 15:48:36,872 mloop.controllers    INFO     cost -0.19776781252927278 +/- 0.0
2022-09-18 15:48:36,872 mloop.controllers    INFO     Run:7 (training)
2022-09-18 15:48:36,873 mloop.controllers    INFO     params [ 2.77812795  2.21454179 14.04114464]
2022-09-18 15:48:36,879 mloop.controllers    INFO     cost 0.0006225995189272915 +/- 0.0
2022-09-18 15:48:36,880 mloop.controllers    INFO     Run:8 (training)
2022-09-18 15:48:36,881 mloop.controllers    INFO     params [12.60222405 16.46067711 16.75569125]
2022-09-18 15:48:36,886 mloop.controllers    INFO     cost 0.2256882923436035 +/- 0.0
2022-09-18 15:48:36,887 mloop.controllers    INFO     Run:9 (training)
2022-09-18 15:48:36,888 mloop.controllers    INFO     params [13.04373282 12.56421689  5.37093096]
2022-09-18 15:48:36,894 mloop.controllers    INFO     cost 0.1531985859083405 +/- 0.0
2022-09-18 15:48:36,894 mloop.controllers    INFO     Run:10 (training)
2022-09-18 15:48:36,895 mloop.controllers    INFO     params [12.10209554  2.92193206 18.06151768]
2022-09-18 15:48:36,901 mloop.controllers    INFO     cost 0.18719570607214903 +/- 0.0
2022-09-18 15:48:36,902 mloop.controllers    INFO     Run:11 (training)
2022-09-18 15:48:36,904 mloop.controllers    INFO     params [11.0955305  15.30598278 19.23942629]
2022-09-18 15:48:36,910 mloop.controllers    INFO     cost -1.036843784375176 +/- 0.0
2022-09-18 15:48:36,910 mloop.controllers    INFO     Run:12 (training)
2022-09-18 15:48:36,911 mloop.controllers    INFO     params [3.23600852 2.42020421 5.42523448]
2022-09-18 15:48:36,917 mloop.controllers    INFO     cost 0.057134972605835 +/- 0.0
2022-09-18 15:48:36,917 mloop.controllers    INFO     Run:13 (training)
2022-09-18 15:48:36,919 mloop.controllers    INFO     params [ 3.90882769  7.31225713 18.87137639]
2022-09-18 15:48:36,924 mloop.controllers    INFO     cost 0.08640580465396097 +/- 0.0
2022-09-18 15:48:36,925 mloop.controllers    INFO     Run:14 (training)
2022-09-18 15:48:36,926 mloop.controllers    INFO     params [19.97626029  5.52738439 16.61024375]
2022-09-18 15:48:36,933 mloop.controllers    INFO     cost 0.10634218532065524 +/- 0.0
2022-09-18 15:48:36,934 mloop.controllers    INFO     Run:15 (training)
2022-09-18 15:48:36,935 mloop.controllers    INFO     params [ 3.63053303 16.20752233 17.7791066 ]
2022-09-18 15:48:36,942 mloop.controllers    INFO     cost 0.06607530507303096 +/- 0.0
2022-09-18 15:48:36,943 mloop.controllers    INFO     Run:16 (training)
2022-09-18 15:48:36,944 mloop.controllers    INFO     params [ 3.09731421  8.42448123 11.61843958]
2022-09-18 15:48:36,951 mloop.controllers    INFO     cost -0.4364055038969867 +/- 0.0
2022-09-18 15:48:36,952 mloop.controllers    INFO     Run:17 (training)
2022-09-18 15:48:36,953 mloop.controllers    INFO     params [ 8.4961625   5.40941655 17.66931524]
2022-09-18 15:48:36,960 mloop.controllers    INFO     cost -0.09817948282753472 +/- 0.0
2022-09-18 15:48:36,960 mloop.controllers    INFO     Run:18 (training)
2022-09-18 15:48:36,961 mloop.controllers    INFO     params [17.59665408 15.50184393 16.03079634]
2022-09-18 15:48:36,971 mloop.controllers    INFO     cost -0.0769912096083763 +/- 0.0
2022-09-18 15:48:36,971 mloop.controllers    INFO     Run:19 (training)
2022-09-18 15:48:36,972 mloop.controllers    INFO     params [3.3774458  9.1290811  7.10085518]
2022-09-18 15:48:36,980 mloop.controllers    INFO     cost 0.21556453695859648 +/- 0.0
2022-09-18 15:48:36,980 mloop.controllers    INFO     Run:20 (training)
2022-09-18 15:48:36,982 mloop.controllers    INFO     params [ 9.3632646   1.94714161 18.20612938]
2022-09-18 15:48:36,989 mloop.controllers    INFO     cost 0.2374674363938472 +/- 0.0
2022-09-18 15:48:36,990 mloop.controllers    INFO     Run:21 (training)
2022-09-18 15:48:36,991 mloop.controllers    INFO     params [12.36082772 15.26184977 13.75323283]
2022-09-18 15:48:36,992 mloop.controllers    DEBUG    Starting ML optimization.
2022-09-18 15:48:36,996 mloop.controllers    INFO     cost 0.10176796317849651 +/- 0.0
2022-09-18 15:48:37,000 mloop.controllers    DEBUG    End training runs.
2022-09-18 15:48:37,000 mloop.controllers    INFO     Controller finished. Closing down M-LOOP. Please wait a moment...
2022-09-18 15:48:37,000 mloop.controllers    DEBUG    ML learner end set.
2022-09-18 15:48:42,391 mloop.controllers    DEBUG    ML learner joined
2022-09-18 15:48:42,391 mloop.controllers    INFO     Machine learning learner did not provide best and/or all minima.
2022-09-18 15:48:42,392 mloop.controllers    DEBUG    Learner end event set.
2022-09-18 15:48:42,392 mloop.controllers    DEBUG    Interface end event set.
2022-09-18 15:48:43,032 mloop.learners.1     DEBUG    Learner end signal received. Ending
2022-09-18 15:48:43,032 mloop.interfaces     DEBUG    Interface ended
2022-09-18 15:48:44,046 mloop.controllers    DEBUG    Learner joined.
2022-09-18 15:48:44,046 mloop.controllers    DEBUG    Interface joined.
2022-09-18 15:48:44,050 mloop.controllers    INFO     Optimization ended because:
2022-09-18 15:48:44,050 mloop.controllers    INFO     	* Maximum number of runs reached.
2022-09-18 15:48:44,050 mloop.controllers    INFO     Results:
2022-09-18 15:48:44,051 mloop.controllers    INFO     	* Best parameters found:[ 2.343307   10.54264682 10.92594866]
2022-09-18 15:48:44,051 mloop.controllers    INFO     	* Best cost returned:-1.8454310461365524 +/- 0.0
2022-09-18 15:48:44,051 mloop.controllers    INFO     	* Best run number:1
2022-09-18 15:48:44,052 mloop.controllers    INFO     M-LOOP Done.
2022-09-18 15:48:44,053 mloop.visualizations DEBUG    Creating controller visualizations.
2022-09-18 15:48:44,156 mloop.visualizations DEBUG    Creating learner visualizations.
