2022-09-12 18:57:05,473 mloop                INFO     M-LOOP version 3.3.1
2022-09-12 18:57:05,474 mloop                DEBUG    M-LOOP Logger configured.
2022-09-12 18:57:05,474 mloop.interfaces     DEBUG    Creating interface.
2022-09-12 18:57:05,478 mloop.controllers    DEBUG    Controller init completed.
2022-09-12 18:57:05,480 mloop.learners.1     DEBUG    Learner init completed.
2022-09-12 18:57:05,484 mloop.learners.2     DEBUG    Learner init completed.
2022-09-12 18:57:05,487 mloop.controllers    INFO     Optimization started.
2022-09-12 18:57:05,489 mloop.interfaces     DEBUG    Entering main loop of interface.
2022-09-12 18:57:05,490 mloop.controllers    DEBUG    ML learner started.
2022-09-12 18:57:05,503 mloop.controllers    DEBUG    Starting training optimization.
2022-09-12 18:57:05,504 mloop.controllers    INFO     Run:1 (training)
2022-09-12 18:57:05,509 mloop.controllers    INFO     params [-1.44548369  0.34979315 -1.78802198]
2022-09-12 18:57:05,522 mloop.controllers    INFO     cost -0.5268699556252625 +/- 0.0
2022-09-12 18:57:05,523 mloop.controllers    INFO     Run:2 (training)
2022-09-12 18:57:05,528 mloop.controllers    INFO     params [-0.41354591  0.52153729  1.37550073]
2022-09-12 18:57:05,540 mloop.controllers    INFO     cost -1.2586930781142869 +/- 0.0
2022-09-12 18:57:05,541 mloop.controllers    INFO     Run:3 (training)
2022-09-12 18:57:05,545 mloop.controllers    INFO     params [-0.02885636 -1.62833162 -1.53429098]
2022-09-12 18:57:05,558 mloop.controllers    INFO     cost -0.6426285342351417 +/- 0.0
2022-09-12 18:57:05,559 mloop.controllers    INFO     Run:4 (training)
2022-09-12 18:57:05,562 mloop.controllers    INFO     params [ 1.18993407  0.9141066  -1.9703409 ]
2022-09-12 18:57:05,575 mloop.controllers    INFO     cost 0.0021548359155385693 +/- 0.0
2022-09-12 18:57:05,577 mloop.controllers    INFO     Run:5 (training)
2022-09-12 18:57:05,580 mloop.controllers    INFO     params [ 0.46566478 -1.75965869  1.16454207]
2022-09-12 18:57:05,593 mloop.controllers    INFO     cost -0.4206067631343737 +/- 0.0
2022-09-12 18:57:05,594 mloop.controllers    INFO     Run:6 (training)
2022-09-12 18:57:05,597 mloop.controllers    INFO     params [ 1.59291801 -1.61096807 -1.32526517]
2022-09-12 18:57:05,611 mloop.controllers    INFO     cost 0.5069118965444768 +/- 0.0
2022-09-12 18:57:05,613 mloop.controllers    INFO     Run:7 (training)
2022-09-12 18:57:05,616 mloop.controllers    INFO     params [0.05488545 1.12508738 0.06093921]
2022-09-12 18:57:05,628 mloop.controllers    INFO     cost -1.9285392016726828 +/- 0.0
2022-09-12 18:57:05,629 mloop.controllers    INFO     Run:8 (training)
2022-09-12 18:57:05,633 mloop.controllers    INFO     params [ 0.68815165 -0.92628302 -0.22603745]
2022-09-12 18:57:05,645 mloop.controllers    INFO     cost -1.3325685710657575 +/- 0.0
2022-09-12 18:57:05,646 mloop.controllers    INFO     Run:9 (training)
2022-09-12 18:57:05,649 mloop.controllers    INFO     params [-0.12742416 -0.61988221 -0.78283338]
2022-09-12 18:57:05,659 mloop.controllers    INFO     cost -1.7056594876466065 +/- 0.0
2022-09-12 18:57:05,660 mloop.controllers    INFO     Run:10 (training)
2022-09-12 18:57:05,662 mloop.controllers    INFO     params [ 1.67153398 -1.68498802 -0.0921825 ]
2022-09-12 18:57:05,671 mloop.controllers    INFO     cost -0.7249552989129882 +/- 0.0
2022-09-12 18:57:05,672 mloop.controllers    INFO     Run:11 (training)
2022-09-12 18:57:05,675 mloop.controllers    INFO     params [ 0.95649471  0.94198793 -0.16971147]
2022-09-12 18:57:05,676 mloop.controllers    DEBUG    Starting ML optimization.
2022-09-12 18:57:05,676 mloop.controllers    INFO     cost -1.217420281172455 +/- 0.0
2022-09-12 18:57:05,686 mloop.controllers    DEBUG    End training runs.
2022-09-12 18:57:05,686 mloop.controllers    INFO     Run:12 (machine learner)
2022-09-12 18:57:06,014 mloop.controllers    INFO     params [-0.16250004  0.23743059 -0.06149331]
2022-09-12 18:57:06,024 mloop.controllers    INFO     cost -2.9239088337963057 +/- 0.0
2022-09-12 18:57:06,024 mloop.controllers    INFO     Run:13 (machine learner)
2022-09-12 18:57:06,249 mloop.controllers    INFO     params [-0.25419535  0.15058249  0.01038969]
2022-09-12 18:57:06,265 mloop.controllers    INFO     cost -2.8729220749707642 +/- 0.0
2022-09-12 18:57:06,266 mloop.controllers    INFO     Run:14 (machine learner)
2022-09-12 18:57:06,523 mloop.controllers    INFO     params [-0.52028587  0.10396052  0.057532  ]
2022-09-12 18:57:06,538 mloop.controllers    INFO     cost -2.5702060411904903 +/- 0.0
2022-09-12 18:57:06,539 mloop.controllers    INFO     Run:15 (machine learner)
2022-09-12 18:57:06,767 mloop.controllers    INFO     params [-0.11671711  0.77838472  0.0646391 ]
2022-09-12 18:57:06,775 mloop.controllers    INFO     cost -2.331190470294759 +/- 0.0
2022-09-12 18:57:06,776 mloop.controllers    INFO     Run:16 (trainer)
2022-09-12 18:57:06,778 mloop.controllers    INFO     params [-1.54453011 -1.10327589  0.48414196]
2022-09-12 18:57:06,789 mloop.controllers    INFO     cost -0.16423128904869955 +/- 0.0
2022-09-12 18:57:06,790 mloop.controllers    INFO     Run:17 (machine learner)
2022-09-12 18:57:07,203 mloop.controllers    INFO     params [ 0.14023711  0.0358118  -0.03002096]
2022-09-12 18:57:07,217 mloop.controllers    INFO     cost -2.953163026525388 +/- 0.0
2022-09-12 18:57:07,218 mloop.controllers    INFO     Run:18 (machine learner)
2022-09-12 18:57:07,277 mloop.controllers    INFO     params [2. 2. 2.]
2022-09-12 18:57:07,291 mloop.controllers    INFO     cost 0.004930484426483653 +/- 0.0
2022-09-12 18:57:07,292 mloop.controllers    INFO     Run:19 (machine learner)
2022-09-12 18:57:07,351 mloop.controllers    INFO     params [2. 2. 2.]
2022-09-12 18:57:07,365 mloop.controllers    INFO     cost 0.004930484426483653 +/- 0.0
2022-09-12 18:57:07,367 mloop.controllers    INFO     Run:20 (machine learner)
2022-09-12 18:57:07,525 mloop.controllers    INFO     params [ 0.00035461  0.071263   -0.10496286]
2022-09-12 18:57:07,538 mloop.controllers    INFO     cost -2.9986014209321077 +/- 0.0
2022-09-12 18:57:07,540 mloop.controllers    INFO     Run:21 (trainer)
2022-09-12 18:57:07,543 mloop.controllers    INFO     params [ 1.50556857 -0.72441998  1.08550723]
2022-09-12 18:57:07,557 mloop.controllers    INFO     cost 0.1568228831747065 +/- 0.0
2022-09-12 18:57:07,559 mloop.controllers    INFO     Run:22 (machine learner)
2022-09-12 18:57:08,058 mloop.controllers    INFO     params [-0.04954099  0.07700566 -0.15645257]
2022-09-12 18:57:08,073 mloop.controllers    INFO     cost -2.9898642040451153 +/- 0.0
2022-09-12 18:57:08,074 mloop.controllers    INFO     Run:23 (machine learner)
2022-09-12 18:57:08,148 mloop.controllers    INFO     params [-2.  2.  2.]
2022-09-12 18:57:08,162 mloop.controllers    INFO     cost 0.004930484426483653 +/- 0.0
2022-09-12 18:57:08,163 mloop.controllers    INFO     Run:24 (machine learner)
2022-09-12 18:57:08,248 mloop.controllers    INFO     params [-2.  2.  2.]
2022-09-12 18:57:08,264 mloop.controllers    INFO     cost 0.004930484426483653 +/- 0.0
2022-09-12 18:57:08,265 mloop.controllers    INFO     Run:25 (machine learner)
2022-09-12 18:57:08,349 mloop.controllers    INFO     params [-0.02443424  0.08459168 -0.12483952]
2022-09-12 18:57:08,361 mloop.controllers    INFO     cost -2.9976131035809033 +/- 0.0
2022-09-12 18:57:08,362 mloop.controllers    INFO     Run:26 (trainer)
2022-09-12 18:57:08,366 mloop.controllers    INFO     params [ 1.30056651 -1.18041756 -1.84883062]
2022-09-12 18:57:08,384 mloop.controllers    INFO     cost 0.5191909950892841 +/- 0.0
2022-09-12 18:57:08,385 mloop.controllers    INFO     Run:27 (machine learner)
2022-09-12 18:57:08,747 mloop.controllers    INFO     params [ 0.01544886  0.12707614 -0.11845502]
2022-09-12 18:57:08,761 mloop.controllers    INFO     cost -2.9978418104083655 +/- 0.0
2022-09-12 18:57:08,762 mloop.controllers    INFO     Run:28 (machine learner)
2022-09-12 18:57:09,011 mloop.controllers    INFO     params [-2. -2. -2.]
2022-09-12 18:57:09,025 mloop.controllers    INFO     cost 0.004930484426483653 +/- 0.0
2022-09-12 18:57:09,026 mloop.controllers    INFO     Run:29 (machine learner)
2022-09-12 18:57:09,178 mloop.controllers    INFO     params [-2. -2. -2.]
2022-09-12 18:57:09,195 mloop.controllers    INFO     cost 0.004930484426483653 +/- 0.0
2022-09-12 18:57:09,196 mloop.controllers    INFO     Run:30 (machine learner)
2022-09-12 18:57:09,386 mloop.controllers    INFO     params [-0.00152779  0.10453675 -0.1015702 ]
2022-09-12 18:57:09,405 mloop.controllers    INFO     cost -2.9999582489919816 +/- 0.0
2022-09-12 18:57:09,406 mloop.controllers    INFO     Run:31 (trainer)
2022-09-12 18:57:09,410 mloop.controllers    INFO     params [ 0.39370203 -1.8481278   1.97947124]
2022-09-12 18:57:09,429 mloop.controllers    INFO     cost -0.7751523220142825 +/- 0.0
2022-09-12 18:57:09,430 mloop.controllers    INFO     Run:32 (machine learner)
2022-09-12 18:57:09,951 mloop.controllers    INFO     params [-0.00152779  0.10453675 -0.1015702 ]
2022-09-12 18:57:09,967 mloop.controllers    INFO     cost -2.9999582489919816 +/- 0.0
2022-09-12 18:57:09,968 mloop.controllers    INFO     Run:33 (machine learner)
2022-09-12 18:57:10,146 mloop.controllers    INFO     params [-0.46337795  2.         -1.58771501]
2022-09-12 18:57:10,159 mloop.controllers    INFO     cost -0.4168225288259072 +/- 0.0
2022-09-12 18:57:10,160 mloop.controllers    INFO     Run:34 (machine learner)
2022-09-12 18:57:10,281 mloop.controllers    INFO     params [-2.  2. -2.]
2022-09-12 18:57:10,297 mloop.controllers    INFO     cost 0.10354017295615445 +/- 0.0
2022-09-12 18:57:10,298 mloop.controllers    INFO     Run:35 (machine learner)
2022-09-12 18:57:10,431 mloop.controllers    INFO     params [-0.00334992  0.1033837  -0.09988638]
2022-09-12 18:57:10,439 mloop.controllers    INFO     cost -2.999962685988284 +/- 0.0
2022-09-12 18:57:10,440 mloop.controllers    INFO     Run:36 (trainer)
2022-09-12 18:57:10,442 mloop.controllers    INFO     params [-0.60497959  1.11589252 -1.83879665]
2022-09-12 18:57:10,456 mloop.controllers    INFO     cost -0.34823592542163945 +/- 0.0
2022-09-12 18:57:10,456 mloop.controllers    INFO     Run:37 (machine learner)
2022-09-12 18:57:10,764 mloop.controllers    INFO     params [-0.00335043  0.103384   -0.09988687]
2022-09-12 18:57:10,774 mloop.controllers    INFO     cost -2.9999626772156582 +/- 0.0
2022-09-12 18:57:10,775 mloop.controllers    INFO     Run:38 (machine learner)
2022-09-12 18:57:10,882 mloop.controllers    INFO     params [-2. -2.  2.]
2022-09-12 18:57:10,910 mloop.controllers    INFO     cost -0.09367920410318714 +/- 0.0
2022-09-12 18:57:10,911 mloop.controllers    INFO     Run:39 (machine learner)
2022-09-12 18:57:11,097 mloop.controllers    INFO     params [-2.         -0.44894552  2.        ]
2022-09-12 18:57:11,117 mloop.controllers    INFO     cost -0.6198549299447068 +/- 0.0
2022-09-12 18:57:11,118 mloop.controllers    INFO     Run:40 (machine learner)
2022-09-12 18:57:11,262 mloop.controllers    INFO     params [-0.00266803  0.10431394 -0.09976125]
2022-09-12 18:57:11,281 mloop.controllers    INFO     cost -2.999957584948125 +/- 0.0
2022-09-12 18:57:11,284 mloop.controllers    INFO     Run:41 (trainer)
2022-09-12 18:57:11,288 mloop.controllers    INFO     params [ 0.0300735   1.81928921 -1.95706968]
2022-09-12 18:57:11,317 mloop.controllers    INFO     cost -0.7811915921418773 +/- 0.0
2022-09-12 18:57:11,318 mloop.controllers    INFO     Run:42 (machine learner)
2022-09-12 18:57:11,679 mloop.controllers    INFO     params [-0.00334853  0.10338224 -0.0998877 ]
2022-09-12 18:57:11,689 mloop.controllers    INFO     cost -2.999962718095606 +/- 0.0
2022-09-12 18:57:11,690 mloop.controllers    INFO     Run:43 (machine learner)
2022-09-12 18:57:11,878 mloop.controllers    INFO     params [-0.00334991  0.1033837  -0.09988639]
2022-09-12 18:57:11,898 mloop.controllers    INFO     cost -2.999962686127478 +/- 0.0
2022-09-12 18:57:11,899 mloop.controllers    INFO     Run:44 (machine learner)
2022-09-12 18:57:12,103 mloop.controllers    INFO     params [0.13225324 2.         2.        ]
2022-09-12 18:57:12,127 mloop.controllers    INFO     cost -0.9665454263588898 +/- 0.0
2022-09-12 18:57:12,128 mloop.controllers    INFO     Run:45 (machine learner)
2022-09-12 18:57:12,280 mloop.controllers    INFO     params [-0.00296863  0.10449915 -0.09878014]
2022-09-12 18:57:12,291 mloop.controllers    INFO     cost -2.9999497589130124 +/- 0.0
2022-09-12 18:57:12,292 mloop.controllers    INFO     Run:46 (trainer)
2022-09-12 18:57:12,294 mloop.controllers    INFO     params [-1.41216921  1.97939904  1.18860149]
2022-09-12 18:57:12,314 mloop.controllers    INFO     cost 0.47404087475874507 +/- 0.0
2022-09-12 18:57:12,315 mloop.controllers    INFO     Run:47 (machine learner)
2022-09-12 18:57:12,709 mloop.controllers    INFO     params [-0.00334853  0.10338224 -0.0998877 ]
2022-09-12 18:57:12,726 mloop.controllers    INFO     cost -2.999962718095606 +/- 0.0
2022-09-12 18:57:12,727 mloop.controllers    INFO     Run:48 (machine learner)
2022-09-12 18:57:12,866 mloop.controllers    INFO     params [-0.00334853  0.10338224 -0.0998877 ]
2022-09-12 18:57:12,880 mloop.controllers    INFO     cost -2.999962718095606 +/- 0.0
2022-09-12 18:57:12,881 mloop.controllers    INFO     Run:49 (machine learner)
2022-09-12 18:57:13,031 mloop.controllers    INFO     params [ 2. -2.  2.]
2022-09-12 18:57:13,048 mloop.controllers    INFO     cost -0.09367920410318714 +/- 0.0
2022-09-12 18:57:13,050 mloop.controllers    INFO     Run:50 (machine learner)
2022-09-12 18:57:13,176 mloop.controllers    INFO     params [-0.00308284  0.10470509 -0.09731894]
2022-09-12 18:57:13,194 mloop.controllers    INFO     cost -2.9999361280087657 +/- 0.0
2022-09-12 18:57:13,195 mloop.controllers    INFO     Run:51 (trainer)
2022-09-12 18:57:13,197 mloop.controllers    INFO     params [-1.86520729  1.97431135 -0.53800447]
2022-09-12 18:57:13,212 mloop.controllers    INFO     cost -0.5775315738554042 +/- 0.0
2022-09-12 18:57:13,213 mloop.controllers    INFO     Run:52 (machine learner)
2022-09-12 18:57:13,652 mloop.controllers    INFO     params [-0.00334836  0.10338207 -0.09988786]
2022-09-12 18:57:13,669 mloop.controllers    INFO     cost -2.9999627218561185 +/- 0.0
2022-09-12 18:57:13,670 mloop.controllers    INFO     Run:53 (machine learner)
2022-09-12 18:57:13,891 mloop.controllers    INFO     params [-0.00334832  0.10338202 -0.0998879 ]
2022-09-12 18:57:13,903 mloop.controllers    INFO     cost -2.999962722951209 +/- 0.0
2022-09-12 18:57:13,904 mloop.controllers    INFO     Run:54 (machine learner)
2022-09-12 18:57:14,091 mloop.controllers    INFO     params [ 2.  2. -2.]
2022-09-12 18:57:14,107 mloop.controllers    INFO     cost 0.10354017295615445 +/- 0.0
2022-09-12 18:57:14,108 mloop.controllers    INFO     Run:55 (machine learner)
2022-09-12 18:57:14,262 mloop.controllers    INFO     params [-0.00341422  0.10588722 -0.09726196]
2022-09-12 18:57:14,282 mloop.controllers    INFO     cost -2.9999114821615724 +/- 0.0
2022-09-12 18:57:14,283 mloop.controllers    INFO     Run:56 (trainer)
2022-09-12 18:57:14,287 mloop.controllers    INFO     params [-1.45637107  1.68362527  1.13763362]
2022-09-12 18:57:14,317 mloop.controllers    INFO     cost 0.5852795514034147 +/- 0.0
2022-09-12 18:57:14,318 mloop.controllers    INFO     Run:57 (machine learner)
2022-09-12 18:57:14,699 mloop.controllers    INFO     params [-0.0033481   0.10338179 -0.09988811]
2022-09-12 18:57:14,715 mloop.controllers    INFO     cost -2.9999627279136636 +/- 0.0
2022-09-12 18:57:14,716 mloop.controllers    INFO     Run:58 (machine learner)
2022-09-12 18:57:15,008 mloop.controllers    INFO     params [-0.00334594  0.10337952 -0.09989016]
2022-09-12 18:57:15,031 mloop.controllers    INFO     cost -2.999962777823329 +/- 0.0
2022-09-12 18:57:15,033 mloop.controllers    INFO     Run:59 (machine learner)
2022-09-12 18:57:15,291 mloop.controllers    INFO     params [-0.33566552 -0.5832735   2.        ]
2022-09-12 18:57:15,316 mloop.controllers    INFO     cost -1.2622898063155976 +/- 0.0
2022-09-12 18:57:15,317 mloop.controllers    INFO     Run:60 (machine learner)
2022-09-12 18:57:15,458 mloop.controllers    INFO     params [-0.00376327  0.10506607 -0.0966786 ]
2022-09-12 18:57:15,476 mloop.controllers    INFO     cost -2.999916341163252 +/- 0.0
2022-09-12 18:57:15,477 mloop.controllers    INFO     Run:61 (trainer)
2022-09-12 18:57:15,480 mloop.controllers    INFO     params [-1.87721984 -1.37493383  0.32105197]
2022-09-12 18:57:15,513 mloop.controllers    INFO     cost -0.4539141248362111 +/- 0.0
2022-09-12 18:57:15,514 mloop.controllers    INFO     Run:62 (machine learner)
2022-09-12 18:57:15,969 mloop.controllers    INFO     params [-0.00334594  0.10337952 -0.09989016]
2022-09-12 18:57:15,992 mloop.controllers    INFO     cost -2.999962777823329 +/- 0.0
2022-09-12 18:57:15,993 mloop.controllers    INFO     Run:63 (machine learner)
2022-09-12 18:57:16,206 mloop.controllers    INFO     params [-0.00334671  0.10337762 -0.09989188]
2022-09-12 18:57:16,226 mloop.controllers    INFO     cost -2.9999627910023423 +/- 0.0
2022-09-12 18:57:16,226 mloop.controllers    INFO     Run:64 (machine learner)
2022-09-12 18:57:16,478 mloop.controllers    INFO     params [-0.00334594  0.10337952 -0.09989016]
2022-09-12 18:57:16,510 mloop.controllers    INFO     cost -2.999962777823329 +/- 0.0
2022-09-12 18:57:16,510 mloop.controllers    INFO     Run:65 (machine learner)
2022-09-12 18:57:16,669 mloop.controllers    INFO     params [-0.00337456  0.10614007 -0.09698837]
2022-09-12 18:57:16,693 mloop.controllers    INFO     cost -2.9999043352455113 +/- 0.0
2022-09-12 18:57:16,694 mloop.controllers    INFO     Run:66 (trainer)
2022-09-12 18:57:16,698 mloop.controllers    INFO     params [-0.57566023 -0.97696025 -1.64633024]
2022-09-12 18:57:16,725 mloop.controllers    INFO     cost -0.26296221696984423 +/- 0.0
2022-09-12 18:57:16,726 mloop.controllers    INFO     Run:67 (machine learner)
2022-09-12 18:57:17,072 mloop.controllers    INFO     params [-0.00334562  0.10337865 -0.0998929 ]
2022-09-12 18:57:17,084 mloop.controllers    INFO     cost -2.999962791895358 +/- 0.0
2022-09-12 18:57:17,085 mloop.controllers    INFO     Run:68 (machine learner)
2022-09-12 18:57:17,369 mloop.controllers    INFO     params [-0.00334641  0.10337791 -0.09989216]
2022-09-12 18:57:17,388 mloop.controllers    INFO     cost -2.99996279125099 +/- 0.0
2022-09-12 18:57:17,389 mloop.controllers    INFO     Run:69 (machine learner)
2022-09-12 18:57:17,562 mloop.controllers    INFO     params [-2.         -0.07534081 -0.61536728]
2022-09-12 18:57:17,580 mloop.controllers    INFO     cost -1.5671065783091271 +/- 0.0
2022-09-12 18:57:17,580 mloop.controllers    INFO     Run:70 (machine learner)
2022-09-12 18:57:17,675 mloop.controllers    INFO     params [-0.00206136  0.10451324 -0.09863078]
2022-09-12 18:57:17,700 mloop.controllers    INFO     cost -2.9999564207065235 +/- 0.0
2022-09-12 18:57:17,702 mloop.controllers    INFO     Run:71 (trainer)
2022-09-12 18:57:17,705 mloop.controllers    INFO     params [-1.68891832  0.55935466 -0.52621858]
2022-09-12 18:57:17,748 mloop.controllers    INFO     cost -1.2579203000565782 +/- 0.0
2022-09-12 18:57:17,749 mloop.controllers    INFO     Run:72 (machine learner)
2022-09-12 18:57:18,144 mloop.controllers    INFO     params [-0.00222498  0.10486018 -0.09825259]
2022-09-12 18:57:18,162 mloop.controllers    INFO     cost -2.9999479788197037 +/- 0.0
2022-09-12 18:57:18,162 mloop.controllers    INFO     Run:73 (machine learner)
2022-09-12 18:57:18,340 mloop.controllers    INFO     params [-0.00050195  0.10622675 -0.09677892]
2022-09-12 18:57:18,358 mloop.controllers    INFO     cost -2.9999187419893785 +/- 0.0
2022-09-12 18:57:18,359 mloop.controllers    INFO     Run:74 (machine learner)
2022-09-12 18:57:18,516 mloop.controllers    INFO     params [0.62758409 0.47045725 2.        ]
2022-09-12 18:57:18,599 mloop.controllers    INFO     cost -1.3028954481884272 +/- 0.0
2022-09-12 18:57:18,600 mloop.controllers    INFO     Run:75 (machine learner)
2022-09-12 18:57:18,666 mloop.controllers    INFO     params [-0.00275169  0.10400787 -0.09621244]
2022-09-12 18:57:18,678 mloop.controllers    INFO     cost -2.9999375250422986 +/- 0.0
2022-09-12 18:57:18,679 mloop.controllers    INFO     Run:76 (trainer)
2022-09-12 18:57:18,683 mloop.controllers    INFO     params [-1.62929219  0.74703703 -1.51580817]
2022-09-12 18:57:18,706 mloop.controllers    INFO     cost -0.04391248943374487 +/- 0.0
2022-09-12 18:57:18,707 mloop.controllers    INFO     Run:77 (machine learner)
2022-09-12 18:57:19,085 mloop.controllers    INFO     params [-0.00334562  0.10337865 -0.0998929 ]
2022-09-12 18:57:19,099 mloop.controllers    INFO     cost -2.999962791895358 +/- 0.0
2022-09-12 18:57:19,100 mloop.controllers    INFO     Run:78 (machine learner)
2022-09-12 18:57:19,306 mloop.controllers    INFO     params [-0.00334562  0.10337865 -0.0998929 ]
2022-09-12 18:57:19,332 mloop.controllers    INFO     cost -2.999962791895358 +/- 0.0
2022-09-12 18:57:19,333 mloop.controllers    INFO     Run:79 (machine learner)
2022-09-12 18:57:19,848 mloop.controllers    INFO     params [-0.00334562  0.10337865 -0.0998929 ]
2022-09-12 18:57:19,870 mloop.controllers    INFO     cost -2.999962791895358 +/- 0.0
2022-09-12 18:57:19,871 mloop.controllers    INFO     Run:80 (machine learner)
2022-09-12 18:57:20,024 mloop.controllers    INFO     params [-0.00326487  0.10425915 -0.09510535]
2022-09-12 18:57:20,051 mloop.controllers    INFO     cost -2.9999132186173214 +/- 0.0
2022-09-12 18:57:20,052 mloop.controllers    INFO     Run:81 (trainer)
2022-09-12 18:57:20,055 mloop.controllers    INFO     params [ 1.84833725  1.86224834 -1.77869147]
2022-09-12 18:57:20,111 mloop.controllers    INFO     cost 0.3622147197301847 +/- 0.0
2022-09-12 18:57:20,111 mloop.controllers    INFO     Run:82 (machine learner)
2022-09-12 18:57:20,505 mloop.controllers    INFO     params [-0.00271894  0.10171756 -0.09758075]
2022-09-12 18:57:20,523 mloop.controllers    INFO     cost -2.9999733596949962 +/- 0.0
2022-09-12 18:57:20,524 mloop.controllers    INFO     Run:83 (machine learner)
2022-09-12 18:57:20,947 mloop.controllers    INFO     params [-0.00334587  0.10337839 -0.09989264]
2022-09-12 18:57:20,982 mloop.controllers    INFO     cost -2.999962791978354 +/- 0.0
2022-09-12 18:57:20,983 mloop.controllers    INFO     Run:84 (machine learner)
2022-09-12 18:57:21,239 mloop.controllers    INFO     params [-0.00334631  0.10337792 -0.09989218]
2022-09-12 18:57:21,266 mloop.controllers    INFO     cost -2.999962792122762 +/- 0.0
2022-09-12 18:57:21,267 mloop.controllers    INFO     Run:85 (machine learner)
2022-09-12 18:57:21,429 mloop.controllers    INFO     params [-0.00275778  0.1038431  -0.09319418]
2022-09-12 18:57:21,445 mloop.controllers    INFO     cost -2.999887004963755 +/- 0.0
2022-09-12 18:57:21,445 mloop.controllers    INFO     Run:86 (trainer)
2022-09-12 18:57:21,448 mloop.controllers    INFO     params [ 1.34388535 -1.32243886 -0.44571661]
2022-09-12 18:57:21,473 mloop.controllers    INFO     cost -0.3885681976534142 +/- 0.0
2022-09-12 18:57:21,474 mloop.controllers    INFO     Run:87 (machine learner)
2022-09-12 18:57:21,922 mloop.controllers    INFO     params [-0.00271894  0.10171756 -0.09758075]
2022-09-12 18:57:21,936 mloop.controllers    INFO     cost -2.9999733596949962 +/- 0.0
2022-09-12 18:57:21,937 mloop.controllers    INFO     Run:88 (machine learner)
2022-09-12 18:57:22,229 mloop.controllers    INFO     params [-0.00271894  0.10171756 -0.09758075]
2022-09-12 18:57:22,247 mloop.controllers    INFO     cost -2.9999733596949962 +/- 0.0
2022-09-12 18:57:22,248 mloop.controllers    INFO     Run:89 (machine learner)
2022-09-12 18:57:22,471 mloop.controllers    INFO     params [-0.50209223 -2.         -0.38995255]
2022-09-12 18:57:22,506 mloop.controllers    INFO     cost -1.5481246697148843 +/- 0.0
2022-09-12 18:57:22,507 mloop.controllers    INFO     Run:90 (machine learner)
2022-09-12 18:57:22,648 mloop.controllers    INFO     params [-0.00277505  0.10455665 -0.09286994]
2022-09-12 18:57:22,681 mloop.controllers    INFO     cost -2.999869556429872 +/- 0.0
2022-09-12 18:57:22,682 mloop.controllers    INFO     Run:91 (trainer)
2022-09-12 18:57:22,685 mloop.controllers    INFO     params [ 1.4214197   0.0132332  -1.89175989]
2022-09-12 18:57:22,729 mloop.controllers    INFO     cost -0.6624068126369499 +/- 0.0
2022-09-12 18:57:22,730 mloop.controllers    INFO     Run:92 (machine learner)
2022-09-12 18:57:23,149 mloop.controllers    INFO     params [-2.41411722e-05  1.06798852e-01 -9.11624110e-02]
2022-09-12 18:57:23,169 mloop.controllers    INFO     cost -2.9997954954021453 +/- 0.0
2022-09-12 18:57:23,170 mloop.controllers    INFO     Run:93 (machine learner)
2022-09-12 18:57:23,510 mloop.controllers    INFO     params [-0.00141252  0.10295597 -0.09621243]
2022-09-12 18:57:23,538 mloop.controllers    INFO     cost -2.999958747564836 +/- 0.0
2022-09-12 18:57:23,539 mloop.controllers    INFO     Run:94 (machine learner)
2022-09-12 18:57:23,762 mloop.controllers    INFO     params [-0.00268998  0.10174501 -0.09755042]
2022-09-12 18:57:23,793 mloop.controllers    INFO     cost -2.9999732180929404 +/- 0.0
2022-09-12 18:57:23,794 mloop.controllers    INFO     Run:95 (machine learner)
2022-09-12 18:57:23,919 mloop.controllers    INFO     params [-0.00338788  0.10491552 -0.09213413]
2022-09-12 18:57:23,952 mloop.controllers    INFO     cost -2.9998396029054 +/- 0.0
2022-09-12 18:57:23,954 mloop.controllers    INFO     Run:96 (trainer)
2022-09-12 18:57:23,958 mloop.controllers    INFO     params [-0.55156457 -1.10728214 -1.14093762]
2022-09-12 18:57:23,994 mloop.controllers    INFO     cost -0.3705152134478639 +/- 0.0
2022-09-12 18:57:23,995 mloop.controllers    INFO     Run:97 (machine learner)
2022-09-12 18:57:24,325 mloop.controllers    INFO     params [-0.0026937   0.10174148 -0.09755432]
2022-09-12 18:57:24,346 mloop.controllers    INFO     cost -2.9999732367737666 +/- 0.0
2022-09-12 18:57:24,348 mloop.controllers    INFO     Run:98 (machine learner)
2022-09-12 18:57:24,484 mloop.controllers    INFO     params [-0.00269677  0.10173857 -0.09755753]
2022-09-12 18:57:24,521 mloop.controllers    INFO     cost -2.9999732520629427 +/- 0.0
2022-09-12 18:57:24,522 mloop.controllers    INFO     Run:99 (machine learner)
2022-09-12 18:57:24,797 mloop.controllers    INFO     params [0.89462552 2.         0.74410454]
2022-09-12 18:57:24,824 mloop.controllers    INFO     cost -0.24126853288129735 +/- 0.0
2022-09-12 18:57:24,825 mloop.controllers    INFO     Run:100 (machine learner)
2022-09-12 18:57:24,945 mloop.controllers    INFO     params [-0.0015976   0.10385857 -0.09571437]
2022-09-12 18:57:24,968 mloop.controllers    INFO     cost -2.9999410994131535 +/- 0.0
2022-09-12 18:57:24,969 mloop.controllers    INFO     Controller finished. Closing down M-LOOP. Please wait a moment...
2022-09-12 18:57:24,970 mloop.controllers    DEBUG    ML learner end set.
2022-09-12 18:57:26,329 mloop.controllers    DEBUG    ML learner joined
2022-09-12 18:57:26,330 mloop.controllers    DEBUG    Learner end event set.
2022-09-12 18:57:26,331 mloop.controllers    DEBUG    Interface end event set.
2022-09-12 18:57:26,948 mloop.interfaces     DEBUG    Interface ended
2022-09-12 18:57:26,965 mloop.learners.1     DEBUG    Learner end signal received. Ending
2022-09-12 18:57:27,968 mloop.controllers    DEBUG    Learner joined.
2022-09-12 18:57:27,969 mloop.controllers    DEBUG    Interface joined.
2022-09-12 18:57:28,003 mloop.controllers    INFO     Optimization ended because:
2022-09-12 18:57:28,004 mloop.controllers    INFO     	* Maximum number of runs reached.
2022-09-12 18:57:28,004 mloop.controllers    INFO     Results:
2022-09-12 18:57:28,006 mloop.controllers    INFO     	* Best parameters found:[-0.00271894  0.10171756 -0.09758075]
2022-09-12 18:57:28,006 mloop.controllers    INFO     	* Best cost returned:-2.9999733596949962 +/- 0.0
2022-09-12 18:57:28,007 mloop.controllers    INFO     	* Best run number:82
2022-09-12 18:57:28,008 mloop.controllers    INFO     	* Predicted best parameters:[-0.0008028   0.10465406 -0.09784543]
2022-09-12 18:57:28,009 mloop.controllers    INFO     	* Predicted best cost:-2.999957276302191 +/- 0.0022294101557890546
2022-09-12 18:57:28,010 mloop.controllers    INFO     M-LOOP Done.
2022-09-12 18:57:28,012 mloop.visualizations DEBUG    Creating controller visualizations.
2022-09-12 18:57:28,350 mloop.visualizations DEBUG    Creating learner visualizations.
2022-09-12 18:57:28,361 mloop.visualizations DEBUG    Creating Gaussian process visualizer.
2022-09-12 18:57:28,375 mloop.learners.3     DEBUG    Learner init completed.
2022-09-12 18:57:28,378 mloop.visualizations DEBUG    Fitting Gaussian process.
2022-09-12 18:57:28,582 mloop.visualizations INFO     Showing visualizations, close all to end M-LOOP.
