2022-09-16 18:36:11,426 mloop                INFO     M-LOOP version 3.3.1
2022-09-16 18:36:11,426 mloop                DEBUG    M-LOOP Logger configured.
2022-09-16 18:36:11,426 mloop.interfaces     DEBUG    Creating interface.
2022-09-16 18:36:11,451 mloop.controllers    DEBUG    Controller init completed.
2022-09-16 18:36:11,452 mloop.learners.1     DEBUG    Learner init completed.
2022-09-16 18:36:11,452 mloop.learners.1     DEBUG    Random learner init completed.
2022-09-16 18:36:11,453 mloop.learners.2     DEBUG    Learner init completed.
2022-09-16 18:36:11,453 mloop.controllers    INFO     Optimization started.
2022-09-16 18:36:11,454 mloop.learners.1     DEBUG    Starting Random Learner
2022-09-16 18:36:11,454 mloop.interfaces     DEBUG    Entering main loop of interface.
2022-09-16 18:36:11,454 mloop.controllers    DEBUG    ML learner started.
2022-09-16 18:36:11,602 mloop.controllers    DEBUG    Starting training optimization.
2022-09-16 18:36:11,602 mloop.controllers    INFO     Run:1 (training)
2022-09-16 18:36:11,603 mloop.controllers    INFO     params [10.    5.    3.    2.3   2.21  0.15  0.1   0.15  0.1   0.05  0.    0.
  0.    0.    0.    0.    0.    0.    0.    0.    0.    0.    0.    0.
  0.  ]
2022-09-16 18:37:44,232 mloop.controllers    INFO     cost -2.697929423733661 +/- 0.0
2022-09-16 18:37:44,233 mloop.controllers    INFO     Run:2 (training)
2022-09-16 18:37:44,234 mloop.controllers    INFO     params [ 1.34747881e+01  1.86238368e+00  5.30294081e+00  1.02527246e+01
  8.83590552e+00  6.68137893e-03  5.40529851e-02  2.47205302e-02
  1.26352308e-01  2.99864013e-02  4.59977331e+00 -5.21345820e+00
 -1.70422740e-01  2.60922106e+00 -2.82996760e+00  5.52061764e+00
 -5.32320856e-04  1.19327551e+00  3.21683307e+00 -3.55417383e+00
 -3.23287369e+00 -4.09749442e+00 -6.18122804e+00  1.12192369e+00
 -4.32939580e+00]
2022-09-16 18:37:44,235 mloop.controllers    DEBUG    Starting ML optimization.
2022-09-16 18:38:48,646 mloop.controllers    INFO     cost -2.611942942260075 +/- 0.0
2022-09-16 18:38:48,649 mloop.controllers    DEBUG    End training runs.
2022-09-16 18:38:48,649 mloop.controllers    INFO     Controller finished. Closing down M-LOOP. Please wait a moment...
2022-09-16 18:38:48,649 mloop.controllers    DEBUG    ML learner end set.
2022-09-16 18:38:52,630 mloop.controllers    DEBUG    ML learner joined
2022-09-16 18:38:52,630 mloop.controllers    DEBUG    Learner end event set.
2022-09-16 18:38:52,630 mloop.controllers    DEBUG    Interface end event set.
2022-09-16 18:38:52,648 mloop.interfaces     DEBUG    Interface ended
2022-09-16 18:38:53,261 mloop.learners.1     DEBUG    Learner end signal received. Ending
2022-09-16 18:38:54,261 mloop.learners.1     DEBUG    Performing shut down of learner.
2022-09-16 18:38:54,261 mloop.learners.1     DEBUG    Ended Random Learner
2022-09-16 18:38:54,261 mloop.controllers    DEBUG    Learner joined.
2022-09-16 18:38:54,261 mloop.controllers    DEBUG    Interface joined.
2022-09-16 18:38:54,264 mloop.controllers    INFO     Optimization ended because:
2022-09-16 18:38:54,264 mloop.controllers    INFO     	* Maximum number of runs reached.
2022-09-16 18:38:54,264 mloop.controllers    INFO     Results:
2022-09-16 18:38:54,264 mloop.controllers    INFO     	* Best parameters found:[10.    5.    3.    2.3   2.21  0.15  0.1   0.15  0.1   0.05  0.    0.
  0.    0.    0.    0.    0.    0.    0.    0.    0.    0.    0.    0.
  0.  ]
2022-09-16 18:38:54,265 mloop.controllers    INFO     	* Best cost returned:-2.697929423733661 +/- 0.0
2022-09-16 18:38:54,265 mloop.controllers    INFO     	* Best run number:1
2022-09-16 18:38:54,265 mloop.controllers    INFO     	* Predicted best parameters:[ 2.00000000e+01  2.00000000e+01  1.78500000e+00  2.00000000e+01
  2.00000000e+01  0.00000000e+00  2.00000000e-01  2.00000000e-01
 -1.38777878e-17  2.00000000e-01  8.00000000e+00  8.00000000e+00
 -8.00000000e+00  8.00000000e+00 -8.00000000e+00 -8.00000000e+00
  8.00000000e+00  8.00000000e+00  8.00000000e+00 -8.00000000e+00
 -8.00000000e+00  8.00000000e+00 -8.00000000e+00 -8.00000000e+00
 -8.00000000e+00]
2022-09-16 18:38:54,265 mloop.controllers    INFO     	* Predicted best cost:-296.6595945470236
2022-09-16 18:38:54,266 mloop.controllers    INFO     M-LOOP Done.
2022-09-16 18:38:54,282 mloop.visualizations DEBUG    Creating controller visualizations.
2022-09-16 18:38:54,477 mloop.visualizations DEBUG    Creating learner visualizations.
2022-09-16 18:38:54,482 mloop.visualizations DEBUG    Creating neural net visualizer.
2022-09-16 18:38:54,484 mloop.learners.3     DEBUG    Learner init completed.
2022-09-16 18:38:54,484 mloop.neuralnet      INFO     Initialising neural network impl
2022-09-16 18:38:54,485 mloop.neuralnet      INFO     Initialising neural network impl
2022-09-16 18:38:54,485 mloop.neuralnet      INFO     Initialising neural network impl
2022-09-16 18:38:54,486 mloop.neuralnet      INFO     Constructing net
2022-09-16 18:38:55,373 mloop.neuralnet      DEBUG    Finished constructing net in: 0.8876533508300781
2022-09-16 18:38:55,374 mloop.neuralnet      INFO     Loading neural network
2022-09-16 18:38:55,491 mloop.neuralnet      INFO     Constructing net
2022-09-16 18:38:56,299 mloop.neuralnet      DEBUG    Finished constructing net in: 0.8078668117523193
2022-09-16 18:38:56,299 mloop.neuralnet      INFO     Loading neural network
2022-09-16 18:38:56,383 mloop.neuralnet      INFO     Constructing net
2022-09-16 18:38:57,241 mloop.neuralnet      DEBUG    Finished constructing net in: 0.8586981296539307
2022-09-16 18:38:57,241 mloop.neuralnet      INFO     Loading neural network
