2022-09-18 14:07:02,898 mloop                INFO     M-LOOP version 3.3.1
2022-09-18 14:07:02,899 mloop                DEBUG    M-LOOP Logger configured.
2022-09-18 14:07:02,899 mloop.interfaces     DEBUG    Creating interface.
2022-09-18 14:07:02,900 mloop.controllers    DEBUG    Controller init completed.
2022-09-18 14:07:02,901 mloop.learners.1     DEBUG    Learner init completed.
2022-09-18 14:07:02,902 mloop.learners.2     DEBUG    Learner init completed.
2022-09-18 14:07:02,902 mloop.controllers    INFO     Optimization started.
2022-09-18 14:07:02,904 mloop.interfaces     DEBUG    Entering main loop of interface.
2022-09-18 14:07:02,904 mloop.controllers    DEBUG    ML learner started.
2022-09-18 14:07:03,004 mloop.controllers    DEBUG    Starting training optimization.
2022-09-18 14:07:03,004 mloop.controllers    INFO     Run:1 (training)
2022-09-18 14:07:03,006 mloop.controllers    INFO     params [ 8.2565793   8.42065589 14.18382503  6.34301458  9.19593067 10.31785713
  0.29751296  0.22367901  0.26413933  0.15315115  0.46552106 -7.66541202
 -1.30906576  3.28273427  7.30310974  4.84077453  2.0602705  -2.55085702
 -3.88690715  1.27241621 -3.5643214   4.25547926 -0.64372425  2.059725
  1.66013641  5.35982547]
2022-09-18 14:07:03,120 mloop.controllers    INFO     cost -5.661647688744008 +/- 0.0
2022-09-18 14:07:03,121 mloop.controllers    INFO     Run:2 (training)
2022-09-18 14:07:03,123 mloop.controllers    INFO     params [ 3.37489748 19.09711328 10.97098429  7.5961754  11.36163909 15.93853013
  0.07362923  0.02965564  0.11299726  0.45397277  0.08912301  5.24027111
  4.92591225 -0.32751216 -5.76540965  7.06931358  5.32963265 -1.26670281
  1.10785062  1.23890295 -0.10481218  7.79136502  2.99374885 -6.50722514
 -4.60540753 -0.2150704 ]
2022-09-18 14:07:03,236 mloop.controllers    INFO     cost -8.539770128294725 +/- 0.0
2022-09-18 14:07:03,237 mloop.controllers    INFO     Run:3 (training)
2022-09-18 14:07:03,239 mloop.controllers    INFO     params [16.76062697 17.32459894 13.10031404 17.58881355  7.94562602  7.72385802
  0.24545303  0.22439796  0.04808352  0.02903992  0.26661779  0.29965971
 -7.33365305 -0.89422121  0.98714905  1.61612189 -4.87465892 -5.58941871
  4.86332274  6.64625398  5.99990225  4.40222224 -5.53797345  7.11283236
 -2.89359655  5.82849939]
2022-09-18 14:07:03,358 mloop.controllers    INFO     cost -5.9429237409809685 +/- 0.0
2022-09-18 14:07:03,359 mloop.controllers    INFO     Run:4 (training)
2022-09-18 14:07:03,360 mloop.controllers    INFO     params [ 3.60081916e+00  1.97653936e+01  1.59963977e+01  3.74896657e+00
  1.66628257e+01  1.16985998e+01  3.28753441e-01  1.25000670e-02
  1.79542088e-01  4.53044941e-01  3.64513303e-01 -6.36123693e+00
  7.09633932e+00  1.00908941e+00  5.60273051e+00 -5.57715574e+00
 -4.43165581e+00  4.95556964e+00  7.29044564e+00 -6.21026267e+00
  6.31529769e+00 -5.51803578e+00 -5.85176543e+00  1.75782923e+00
  3.44357988e-01 -7.86107975e+00]
2022-09-18 14:07:03,475 mloop.controllers    INFO     cost -5.178863736535547 +/- 0.0
2022-09-18 14:07:03,476 mloop.controllers    INFO     Run:5 (training)
2022-09-18 14:07:03,477 mloop.controllers    INFO     params [14.52780611 16.47934372 16.93059504 15.69146236 14.33962712 10.98182072
  0.38090993  0.26228649  0.43840848  0.24822667  0.12486377  0.08247213
 -6.6043378  -6.76049908 -0.64314889 -1.22302588  2.3166804  -5.63028323
 -1.57438103  5.08631725  5.94093899  4.81055489 -0.44177069  0.70322359
 -6.41975736  7.83006801]
2022-09-18 14:07:03,597 mloop.controllers    INFO     cost -7.048143353249656 +/- 0.0
2022-09-18 14:07:03,598 mloop.controllers    INFO     Run:6 (training)
2022-09-18 14:07:03,599 mloop.controllers    INFO     params [17.68499457  7.16716926  2.46395596 16.89160715 11.73035595  8.2515396
  0.23958114  0.17105169  0.13284937  0.13127981  0.28853977  3.58703692
  0.48917633 -7.40929656  2.29038525 -0.19473948 -0.8778477  -3.91386252
  0.43762676 -0.43674632  5.83065269  1.3062309  -5.89545838 -5.84669171
 -6.25985     1.88054234]
2022-09-18 14:07:03,718 mloop.controllers    INFO     cost -7.8168592509838986 +/- 0.0
2022-09-18 14:07:03,719 mloop.controllers    INFO     Run:7 (training)
2022-09-18 14:07:03,721 mloop.controllers    INFO     params [ 3.01057521e+00  8.95358942e+00  4.14535552e+00  2.87474270e+00
  1.83657800e+01  8.52150350e+00  3.69188871e-01  1.86694568e-01
  1.42231711e-02  3.44354018e-01  4.46688252e-01 -5.48157649e+00
 -4.18475971e+00  7.34711837e+00  3.63685708e+00 -4.81777892e+00
 -1.36528969e+00  7.83865574e-02 -6.08330166e+00  5.04892469e-01
 -4.53769653e+00  3.58322517e+00  5.45579042e+00 -1.63421864e+00
  3.47770116e+00  6.28729004e+00]
2022-09-18 14:07:03,838 mloop.controllers    INFO     cost -5.556498393593277 +/- 0.0
2022-09-18 14:07:03,839 mloop.controllers    INFO     Run:8 (training)
2022-09-18 14:07:03,840 mloop.controllers    INFO     params [10.58343806  6.16291585  7.14706082  7.00914269  6.72803917 15.87600754
  0.32644408  0.1290108   0.46268064  0.4761874   0.01797289 -6.47926412
  4.40161563 -2.52298668  5.97793908 -4.3601148   6.20854452  5.9400819
 -2.26842067  0.68745991  4.16452008 -3.55762021  0.91008844 -5.13710117
 -7.69127268  3.94677411]
2022-09-18 14:07:03,959 mloop.controllers    INFO     cost -6.343956567863174 +/- 0.0
2022-09-18 14:07:03,960 mloop.controllers    INFO     Run:9 (training)
2022-09-18 14:07:03,961 mloop.controllers    INFO     params [ 6.65471337 19.77898351  9.37041529 13.8720955  10.88853163  6.58940624
  0.4229398   0.11821481  0.48625543  0.40798039  0.18005263 -5.90677285
 -4.75346118 -5.08093     5.03021268  5.95459758  4.64158739 -1.6347196
  3.41279632 -6.5870429   0.29290185 -7.59207329 -5.65289823 -3.03076953
  7.1981455  -0.07480983]
2022-09-18 14:07:04,077 mloop.controllers    INFO     cost -7.12989976429509 +/- 0.0
2022-09-18 14:07:04,078 mloop.controllers    INFO     Run:10 (training)
2022-09-18 14:07:04,079 mloop.controllers    INFO     params [ 8.98239969e+00  6.54616229e+00  7.66388367e+00  3.17557902e+00
  1.32931751e+01  9.56290578e+00  4.03150086e-01  2.47177993e-01
  3.84459513e-01  4.44457027e-01  3.55472509e-03  1.87374649e+00
 -5.84647950e+00  5.23220654e+00  4.29977643e+00  1.28485506e+00
  1.65938662e+00  1.06716931e+00 -7.00321311e+00  5.47293483e+00
 -5.87571019e+00  7.22038066e+00 -7.91297178e+00  3.13573136e+00
  6.38353018e+00 -6.41627396e+00]
2022-09-18 14:07:04,197 mloop.controllers    INFO     cost -4.974997790053438 +/- 0.0
2022-09-18 14:07:04,197 mloop.controllers    INFO     Run:11 (training)
2022-09-18 14:07:04,199 mloop.controllers    INFO     params [ 9.54960919  5.80214244 19.69567757 18.62526911 16.7095612  13.3261555
  0.15171708  0.19578696  0.32531946  0.29435805  0.25814427 -6.5695205
 -3.63724034  6.04898297  0.9313554   7.42750653 -0.23156552  7.65327187
 -0.23888761 -3.0299162   2.0546218  -4.90395257 -6.96436685  7.14850634
  1.75052408 -7.5921811 ]
2022-09-18 14:07:04,318 mloop.controllers    INFO     cost -6.264888722412345 +/- 0.0
2022-09-18 14:07:04,319 mloop.controllers    INFO     Run:12 (training)
2022-09-18 14:07:04,321 mloop.controllers    INFO     params [10.8285552  12.02918509  7.31449887  6.39039828 10.95830153 10.49325339
  0.32516749  0.09905757  0.32610962  0.14445555  0.46943248 -5.83556592
 -0.42942149  5.54787665 -4.22689118 -5.32764357  1.3889881  -3.57672086
  6.77851826  2.17053971 -5.29614089 -2.78813419  1.46994977  7.45936698
  7.5629666   6.44769374]
2022-09-18 14:07:04,437 mloop.controllers    INFO     cost -7.560271083072095 +/- 0.0
2022-09-18 14:07:04,438 mloop.controllers    INFO     Run:13 (training)
2022-09-18 14:07:04,440 mloop.controllers    INFO     params [16.43243518  7.25592629 19.56849215  6.87065388  2.63230952 12.95754691
  0.18410863  0.36573447  0.44573233  0.02387551  0.37548232 -0.65463104
  2.84932212 -2.74348608 -1.62897337  3.61652615 -3.55024676 -6.55950598
  5.0119909  -0.63820244  4.78792279 -7.090945   -7.54074005  3.3270591
 -7.65999663 -7.42185841]
2022-09-18 14:07:04,558 mloop.controllers    INFO     cost -5.28264066663648 +/- 0.0
2022-09-18 14:07:04,559 mloop.controllers    INFO     Run:14 (training)
2022-09-18 14:07:04,560 mloop.controllers    INFO     params [ 5.32456755 10.79799535 12.56375243 14.19762563 14.57275356 11.9037895
  0.1603175   0.17484964  0.48943815  0.25338963  0.11820834  6.81636103
  5.18998551 -3.57161571 -4.54977104 -0.86564175  2.87359437  5.02685878
  0.26721505 -6.66042903 -0.06417872 -6.42763975  3.02037218 -0.3618695
 -2.78921973  5.04710627]
2022-09-18 14:07:04,677 mloop.controllers    INFO     cost -8.405463493920196 +/- 0.0
2022-09-18 14:07:04,678 mloop.controllers    INFO     Run:15 (training)
2022-09-18 14:07:04,680 mloop.controllers    INFO     params [16.0651762  19.78416244 17.06941917  5.24255805 16.26905357 11.98037054
  0.15793941  0.17606609  0.21631637  0.46072597  0.12735813 -4.03056599
  0.36887585  4.06890475  0.7201225  -3.98640796 -2.57861888  6.46133778
 -1.8290654   4.67168487  2.07493931 -0.58526072 -2.26150239  2.67704394
  4.07951307  6.59017474]
2022-09-18 14:07:04,799 mloop.controllers    INFO     cost -6.89189693890072 +/- 0.0
2022-09-18 14:07:04,800 mloop.controllers    INFO     Run:16 (training)
2022-09-18 14:07:04,801 mloop.controllers    INFO     params [14.97661767  3.12062626 10.86976149 11.94069025 18.61936908 14.87663563
  0.15358367  0.33461252  0.1434671   0.36482584  0.46159037  1.4568834
  6.21879847  6.64838651  1.05832869  5.83544748 -7.55615824  3.36652906
  4.80984029 -2.56144691  0.85601286  1.93309526  7.82810822 -6.87935664
  4.99057061 -7.42335143]
2022-09-18 14:07:04,919 mloop.controllers    INFO     cost -5.694185210166502 +/- 0.0
2022-09-18 14:07:04,920 mloop.controllers    INFO     Run:17 (training)
2022-09-18 14:07:04,921 mloop.controllers    INFO     params [13.55500505 17.67651843  5.4079277  12.37805532 10.04501682 14.93701299
  0.1910696   0.11088763  0.41829149  0.10028708  0.44752265 -2.12353291
  1.4295531   5.06992601  3.07751009 -7.34106099 -5.56239227  3.52544073
  0.2001726  -6.31571422 -2.73492544 -1.28748355 -7.73139844  2.16983006
 -7.73812973 -1.66311323]
2022-09-18 14:07:05,043 mloop.controllers    INFO     cost -5.198057450067733 +/- 0.0
2022-09-18 14:07:05,043 mloop.controllers    INFO     Run:18 (training)
2022-09-18 14:07:05,046 mloop.controllers    INFO     params [ 3.70752896  4.18866779 14.17948943 15.92357619 13.61604592  7.60546696
  0.06230466  0.27564497  0.05720679  0.12360349  0.46601235  0.85185924
  5.4543872  -0.41117027 -7.71434263 -2.73539198 -0.0975726   3.92307693
 -1.24613726  7.39431952 -7.56468705  7.99724999 -5.65783255  2.20079849
  1.36110851 -2.0693722 ]
2022-09-18 14:07:05,166 mloop.controllers    INFO     cost -6.3967248337926215 +/- 0.0
2022-09-18 14:07:05,167 mloop.controllers    INFO     Run:19 (training)
2022-09-18 14:07:05,169 mloop.controllers    INFO     params [ 4.05424685e+00  5.68374013e+00  8.93039331e+00  4.68678602e+00
  1.12113705e+01  1.24551477e+01  1.04408743e-01  4.52173450e-01
  2.38688279e-01  1.04310655e-02  2.29273032e-02 -4.62086989e+00
  4.71599330e+00 -7.24895714e+00 -5.47621796e+00  7.45863917e+00
 -6.73847625e+00 -2.97330657e+00 -6.43802689e-01  6.21784597e+00
  3.38866488e+00 -7.00509963e+00  2.36512105e+00 -1.66395736e+00
 -2.91421097e+00  6.62315624e+00]
2022-09-18 14:07:05,279 mloop.controllers    INFO     cost -6.1381042307370315 +/- 0.0
2022-09-18 14:07:05,280 mloop.controllers    INFO     Run:20 (training)
2022-09-18 14:07:05,281 mloop.controllers    INFO     params [ 3.70466518  3.30421848  7.00539049  8.38676257  3.98531621  9.08981155
  0.19391814  0.46959636  0.19406432  0.04643114  0.34313435 -1.26932346
 -7.47113154 -2.39107377  2.76936552 -7.89836721 -5.33627054 -3.71554778
 -0.2073065  -7.98365317  1.58181733 -5.59246491  6.65427758 -3.51187734
 -1.05673461  4.77977357]
2022-09-18 14:07:05,402 mloop.controllers    INFO     cost -5.435931617049859 +/- 0.0
2022-09-18 14:07:05,402 mloop.controllers    INFO     Run:21 (training)
2022-09-18 14:07:05,404 mloop.controllers    INFO     params [ 5.82302150e+00  1.67631838e+01  1.43587835e+01  1.12508803e+01
  8.21249382e+00  5.03883554e+00  4.16748775e-02  2.42231156e-01
  1.34260828e-01  1.26862329e-02  2.86303292e-01 -3.32987722e+00
 -3.28552255e+00 -3.16319660e+00 -5.97690031e+00  5.68309476e+00
  5.60695143e+00 -1.75483618e+00  2.86821588e+00 -4.97677276e+00
  7.80323152e+00 -6.48231388e+00  3.54243176e-01 -3.97507291e+00
 -1.31816477e+00  7.23742581e-01]
2022-09-18 14:07:05,405 mloop.controllers    DEBUG    Starting ML optimization.
2022-09-18 14:07:05,523 mloop.controllers    INFO     cost -6.1681059568331085 +/- 0.0
2022-09-18 14:07:05,532 mloop.controllers    DEBUG    End training runs.
2022-09-18 14:07:05,532 mloop.controllers    INFO     Run:22 (machine learner)
2022-09-18 14:07:13,126 mloop.controllers    INFO     params [20.          1.785      20.         16.77181473  2.45436113 16.
  0.          0.5         0.5         0.5         0.         -8.
  5.94537834  8.         -8.         -8.          8.         -8.
  8.         -8.         -8.          8.         -4.97889659 -8.
  8.          8.        ]
2022-09-18 14:07:13,249 mloop.controllers    INFO     cost -4.478907544327078 +/- 0.0
2022-09-18 14:07:13,250 mloop.controllers    INFO     Run:23 (machine learner)
2022-09-18 14:07:16,900 mloop.controllers    INFO     params [ 9.23612909e+00  2.00000000e+01  1.78500000e+00  1.78500000e+00
  1.41799502e+01  4.00000000e+00  5.53424115e-03  5.00000000e-01
  2.66889109e-01  5.00000000e-01  0.00000000e+00  8.00000000e+00
  8.00000000e+00 -8.00000000e+00  4.77895555e+00  7.04247604e+00
 -8.00000000e+00  8.00000000e+00  8.00000000e+00  8.00000000e+00
 -8.00000000e+00 -8.00000000e+00 -8.00000000e+00  8.00000000e+00
 -8.00000000e+00  8.00000000e+00]
2022-09-18 14:07:17,020 mloop.controllers    INFO     cost -4.361425251414705 +/- 0.0
2022-09-18 14:07:17,021 mloop.controllers    INFO     Run:24 (machine learner)
2022-09-18 14:07:19,913 mloop.controllers    INFO     params [ 1.91243938e+01  2.68131959e+00  6.26203145e+00  1.78500000e+00
  2.00000000e+01  4.00000000e+00  1.37093067e-02  0.00000000e+00
  0.00000000e+00  0.00000000e+00  0.00000000e+00  8.00000000e+00
  8.00000000e+00 -8.00000000e+00 -8.00000000e+00 -8.00000000e+00
  1.89398723e+00 -8.00000000e+00  8.00000000e+00  8.00000000e+00
  2.11661841e+00  8.00000000e+00  8.00000000e+00 -8.00000000e+00
  1.54634444e+00  7.92457055e+00]
2022-09-18 14:07:20,028 mloop.controllers    INFO     cost -4.3872547562666 +/- 0.0
2022-09-18 14:07:20,029 mloop.controllers    INFO     Run:25 (trainer)
2022-09-18 14:07:20,031 mloop.controllers    INFO     params [17.76625584 13.45741142  5.09869746 18.32683562  9.9618032  11.6894013
  0.08936564  0.32413389  0.20205907  0.38421023  0.42289431 -5.62281155
  3.43006167  2.9190479  -3.30000107 -1.04435865 -6.10647848 -0.28242521
 -0.04370827  5.35138806 -3.83896886 -3.40109024 -7.40508231  1.14305062
  1.45397854  0.1709803 ]
2022-09-18 14:07:20,152 mloop.controllers    INFO     cost -6.893054087273675 +/- 0.0
2022-09-18 14:07:20,152 mloop.controllers    INFO     Run:26 (machine learner)
2022-09-18 14:07:21,742 mloop.controllers    INFO     params [ 1.785      20.         20.         18.28218691  1.88692273 16.
  0.5         0.          0.          0.5         0.5         8.
  8.         -8.         -2.65432257  8.          8.         -8.
 -8.         -8.          8.          8.         -2.5449625  -8.
 -8.          7.08801867]
2022-09-18 14:07:21,862 mloop.controllers    INFO     cost -4.6433772713537635 +/- 0.0
2022-09-18 14:07:21,863 mloop.controllers    INFO     Run:27 (machine learner)
2022-09-18 14:07:23,142 mloop.controllers    INFO     params [ 4.23527847 20.         12.94588562 20.         20.          7.39548513
  0.          0.47748072  0.5         0.02465782  0.          8.
  8.         -8.         -0.52570698  8.          8.         -2.37968448
  1.12045573 -8.          8.         -8.          8.          0.41963178
 -1.8427426  -7.68632751]
2022-09-18 14:07:23,256 mloop.controllers    INFO     cost -5.9263816231903865 +/- 0.0
2022-09-18 14:07:23,257 mloop.controllers    INFO     Run:28 (machine learner)
2022-09-18 14:07:25,141 mloop.controllers    INFO     params [ 1.785       1.785      20.         13.0077352   1.88328186 16.
  0.5         0.          0.          0.5         0.          8.
  8.         -8.         -8.         -8.          7.59651097 -8.
  5.93457153  1.30844403  8.         -8.          8.         -3.60244933
 -8.          5.37009611]
2022-09-18 14:07:25,264 mloop.controllers    INFO     cost -4.12941087373804 +/- 0.0
2022-09-18 14:07:25,265 mloop.controllers    INFO     Run:29 (trainer)
2022-09-18 14:07:25,266 mloop.controllers    INFO     params [10.68556521  6.90304706 13.25236674 19.01312402 14.85766374  9.38673913
  0.33006572  0.26692889  0.28378656  0.4695859   0.4370773   7.69898735
 -4.76659556  2.44195604 -5.44723381  1.71368845 -1.08108962  3.95266388
  5.08459933 -0.85604066 -1.93868093 -3.40476149 -1.22293227  6.00513106
 -7.3283928   1.37412418]
2022-09-18 14:07:25,389 mloop.controllers    INFO     cost -5.853284829170112 +/- 0.0
2022-09-18 14:07:25,390 mloop.controllers    INFO     Run:30 (machine learner)
2022-09-18 14:07:27,404 mloop.controllers    INFO     params [ 1.785      20.         16.14227483  1.785       8.76747758 16.
  0.          0.          0.          0.39415668  0.          8.
  8.         -4.09993236 -8.          8.         -0.50460217  5.6539648
 -0.38596588  2.86490513  0.22353697  4.12323106 -8.         -0.87620816
 -3.19505419  2.78307885]
2022-09-18 14:07:27,521 mloop.controllers    INFO     cost -7.071614341969047 +/- 0.0
2022-09-18 14:07:27,522 mloop.controllers    INFO     Run:31 (machine learner)
2022-09-18 14:07:29,740 mloop.controllers    INFO     params [15.05323695 20.          6.80280838 11.86525922  4.23023646 15.33732606
  0.          0.          0.          0.5         0.          4.69941195
  8.          8.         -8.          8.          8.         -8.
 -1.52214332 -2.24003903  8.          8.          8.         -6.14880733
 -8.         -1.079685  ]
2022-09-18 14:07:29,862 mloop.controllers    INFO     cost -4.460146905170349 +/- 0.0
2022-09-18 14:07:29,862 mloop.controllers    INFO     Run:32 (machine learner)
2022-09-18 14:07:31,465 mloop.controllers    INFO     params [ 1.785       8.19288991 20.         12.88241927 20.         11.24720125
  0.          0.38573231  0.          0.5         0.         -7.17954299
 -1.18202105 -7.80974038 -8.          8.          8.          8.
  3.10795331 -1.9182958  -5.2776796   8.          8.         -8.
 -8.          8.        ]
2022-09-18 14:07:31,590 mloop.controllers    INFO     cost -4.133267517719139 +/- 0.0
2022-09-18 14:07:31,591 mloop.controllers    INFO     Run:33 (trainer)
2022-09-18 14:07:31,593 mloop.controllers    INFO     params [ 7.59923302  1.86338832  4.00165419  1.89709591  5.93840938 13.3467706
  0.43499296  0.10148343  0.02259332  0.49689895  0.38464046 -7.63737573
  5.36913015  0.5442386   6.65859779  4.75278231 -6.54485479 -6.41845279
 -4.12404815 -3.59417509  6.24008344 -1.23658763 -4.93575856 -1.91674624
  6.55575779  4.07076426]
2022-09-18 14:07:31,708 mloop.controllers    INFO     cost -5.072246384881701 +/- 0.0
2022-09-18 14:07:31,709 mloop.controllers    INFO     Run:34 (machine learner)
2022-09-18 14:07:33,772 mloop.controllers    INFO     params [ 1.785       3.03079536 16.21715202 20.          7.61716471 16.
  0.04161895  0.21833017  0.5         0.09582586  0.28526486  8.
  0.60101914 -8.         -8.         -2.45460712  8.          8.
 -2.23892574 -7.53911903 -2.54553396 -8.          5.22312697 -6.9784737
 -8.          7.94799559]
2022-09-18 14:07:33,900 mloop.controllers    INFO     cost -5.3905936396382526 +/- 0.0
2022-09-18 14:07:33,900 mloop.controllers    INFO     Run:35 (machine learner)
2022-09-18 14:07:35,849 mloop.controllers    INFO     params [ 4.56786024 17.29667514  6.20437523 12.82544652  3.38411042 16.
  0.          0.          0.14679696  0.5         0.31830514  8.
  7.55807868 -8.         -8.          8.          7.51136941 -7.68567132
  7.50881582  8.          2.30075348  8.          2.65701442 -2.73415026
 -5.19693056 -5.88105189]
2022-09-18 14:07:35,972 mloop.controllers    INFO     cost -4.833746973157647 +/- 0.0
2022-09-18 14:07:35,973 mloop.controllers    INFO     Run:36 (machine learner)
2022-09-18 14:07:38,055 mloop.controllers    INFO     params [ 1.78500000e+00  2.00000000e+01  7.29153027e+00  8.50182113e+00
  9.03742064e+00  1.55608120e+01  1.59092022e-01  1.26297283e-02
  1.23442795e-01  5.00000000e-01  2.48329224e-02  4.90098088e+00
  8.00000000e+00  1.25982703e-01 -8.00000000e+00  8.00000000e+00
  8.00000000e+00 -9.91319974e-01 -1.31352257e-01 -1.58968370e+00
  1.49877632e-01  8.00000000e+00  6.85968558e+00 -5.15690967e+00
 -4.99435275e+00 -3.79763431e+00]
2022-09-18 14:07:38,173 mloop.controllers    INFO     cost -7.263394017000927 +/- 0.0
2022-09-18 14:07:38,173 mloop.controllers    INFO     Run:37 (trainer)
2022-09-18 14:07:38,175 mloop.controllers    INFO     params [13.92415736 11.36373486 19.17974855 12.59744823  8.19235329 13.04066769
  0.27765465  0.2119424   0.23699199  0.47127854  0.25606425 -4.85943833
 -1.62083989  3.7311662   6.31264248  4.30502489 -0.24659802 -7.90000515
  3.33904571  0.82801285  1.59332757 -6.34117409  6.31267741  1.98851671
  3.80733542 -7.31895483]
2022-09-18 14:07:38,296 mloop.controllers    INFO     cost -6.236383032996955 +/- 0.0
2022-09-18 14:07:38,297 mloop.controllers    INFO     Run:38 (machine learner)
2022-09-18 14:07:40,626 mloop.controllers    INFO     params [ 4.79616106 20.          7.01489388  1.785      16.64502613 16.
  0.15543707  0.14576222  0.08267984  0.5         0.          8.
  5.28428398 -5.16270116 -8.          8.          8.         -8.
 -4.70615236  1.06936267  0.26027901  8.          0.15932939 -7.50924264
 -8.          0.13426371]
2022-09-18 14:07:40,744 mloop.controllers    INFO     cost -7.337319595342486 +/- 0.0
2022-09-18 14:07:40,744 mloop.controllers    INFO     Run:39 (machine learner)
2022-09-18 14:07:43,041 mloop.controllers    INFO     params [ 3.99995928 18.98136795 14.87801121  2.06196556 13.34204477 16.
  0.02291487  0.          0.03654236  0.5         0.09258489  3.3319889
  6.43924736 -5.67363109 -5.56349933  8.          8.         -2.66319293
 -0.13741458 -2.42206118 -4.25814855  7.43890686  0.42531122 -7.52198778
 -1.39791698  0.64667944]
2022-09-18 14:07:43,161 mloop.controllers    INFO     cost -6.759029040952843 +/- 0.0
2022-09-18 14:07:43,162 mloop.controllers    INFO     Run:40 (machine learner)
2022-09-18 14:07:45,672 mloop.controllers    INFO     params [ 1.78500000e+00  2.00000000e+01  1.32911414e+01  7.93097874e+00
  1.40705510e+01  1.60000000e+01  1.41912225e-02  3.09964386e-02
  1.75508635e-01  5.00000000e-01  3.48433596e-02  6.80112044e+00
  5.82961675e+00  1.23023162e+00 -6.51305504e+00  8.00000000e+00
  7.81945300e+00  2.30089581e+00 -1.06741875e+00 -3.16212641e+00
 -2.60785051e+00  8.00000000e+00  2.76819008e+00 -7.10218345e+00
 -3.76977481e+00  2.10773838e+00]
2022-09-18 14:07:45,796 mloop.controllers    INFO     cost -4.740815609815136 +/- 0.0
2022-09-18 14:07:45,797 mloop.controllers    INFO     Run:41 (trainer)
2022-09-18 14:07:45,798 mloop.controllers    INFO     params [12.55912084  9.78435291 18.26030865 18.01777752  8.88834773 13.7144593
  0.21232501  0.05870744  0.27547741  0.05831974  0.26018341  1.20842356
  7.75922571  5.92470578  7.63858109 -1.29946078  1.93142714  1.92010804
  5.21975149 -0.90282793 -4.95510872 -7.38777078 -1.2606097   7.905037
  6.87343668 -3.63965094]
2022-09-18 14:07:45,921 mloop.controllers    INFO     cost -3.760237018940919 +/- 0.0
2022-09-18 14:07:45,922 mloop.controllers    INFO     Run:42 (machine learner)
2022-09-18 14:07:48,177 mloop.controllers    INFO     params [ 1.785      20.         15.46779557  5.55637045 11.18504733 16.
  0.          0.          0.          0.5         0.16251488  4.32226568
  1.3737098   1.54857769 -8.          8.          6.09873541 -1.64050876
  2.60714042  4.01597215  1.04074469  7.47120584  2.97018104 -4.34035164
 -4.73462067 -1.39362194]
2022-09-18 14:07:48,309 mloop.controllers    INFO     cost -4.8784886502718035 +/- 0.0
2022-09-18 14:07:48,310 mloop.controllers    INFO     Run:43 (machine learner)
2022-09-18 14:07:51,052 mloop.controllers    INFO     params [ 1.785       7.53359031 15.47485815 20.         10.97203741  4.
  0.38086614  0.41903258  0.5         0.15965027  0.          0.58398188
  8.         -8.         -0.05677638  2.13133021 -1.36236001  8.
  6.63862331 -7.16788329  8.         -8.         -3.75418802 -4.49086093
  3.70488501  0.37929978]
2022-09-18 14:07:51,177 mloop.controllers    INFO     cost -7.773329219413046 +/- 0.0
2022-09-18 14:07:51,178 mloop.controllers    INFO     Run:44 (machine learner)
2022-09-18 14:07:53,471 mloop.controllers    INFO     params [ 1.785      11.44772089 12.27475653  5.62496591  9.74336822 16.
  0.3150912   0.15956429  0.2216333   0.5         0.         -3.18253548
  1.04417313 -6.73802863  4.1003302   0.69479148  3.88922351 -5.90730365
  2.09871921  2.8026999   4.96421439  8.          4.95292371 -8.
 -8.          5.28010347]
2022-09-18 14:07:53,585 mloop.controllers    INFO     cost -5.323615172528801 +/- 0.0
2022-09-18 14:07:53,586 mloop.controllers    INFO     Run:45 (trainer)
2022-09-18 14:07:53,587 mloop.controllers    INFO     params [12.53722082  2.12724869  6.85398758 10.43923119 10.23757131  7.03664233
  0.28034842  0.39066926  0.30843441  0.35128905  0.46273441  2.33133208
 -7.61117908 -7.20825514 -5.79626956  1.43124094 -7.9689307  -7.36165508
 -6.9220241  -5.19562861  0.32868601 -7.88923297 -2.28137036  1.87319197
  6.89313529  0.80269427]
2022-09-18 14:07:53,711 mloop.controllers    INFO     cost -6.707373539240177 +/- 0.0
2022-09-18 14:07:53,711 mloop.controllers    INFO     Run:46 (machine learner)
2022-09-18 14:07:56,101 mloop.controllers    INFO     params [ 5.25082479 20.         10.23884367  1.785      12.6888235  16.
  0.20242437  0.          0.          0.5         0.03854695  8.
  5.80370993 -2.54959265 -7.92679804  8.          5.22162871 -3.94406373
 -2.71131308  2.37252102 -2.14451378  8.          5.31106582 -6.79116339
 -5.8001094  -0.68376657]
2022-09-18 14:07:56,230 mloop.controllers    INFO     cost -5.523833548240433 +/- 0.0
2022-09-18 14:07:56,231 mloop.controllers    INFO     Run:47 (machine learner)
2022-09-18 14:07:58,453 mloop.controllers    INFO     params [ 6.41316776 17.90919398 13.02680226  6.89038607 11.6252054  16.
  0.16660261  0.          0.07719091  0.46579177  0.05432708  5.62070768
  4.03173418 -2.5867251  -4.98934961  6.1376508   3.23277    -0.38352312
 -1.27150374  0.98400256 -0.50780978  8.          2.0291582  -8.
 -2.68048656 -0.31182857]
2022-09-18 14:07:58,589 mloop.controllers    INFO     cost -7.380698598074154 +/- 0.0
2022-09-18 14:07:58,590 mloop.controllers    INFO     Run:48 (machine learner)
2022-09-18 14:08:01,130 mloop.controllers    INFO     params [ 4.79327503 20.          5.76487647 12.53470318  9.3338954  16.
  0.22259442  0.07878113  0.28987492  0.45734462  0.14879732  4.39135023
  1.56396516 -4.19232007 -4.63549742  2.02444917  8.         -0.29142719
  2.41806104  0.65285159 -0.55528803  8.          4.29544436 -3.80705023
 -8.         -0.60908173]
2022-09-18 14:08:01,253 mloop.controllers    INFO     cost -6.9481281578588465 +/- 0.0
2022-09-18 14:08:01,254 mloop.controllers    INFO     Run:49 (trainer)
2022-09-18 14:08:01,256 mloop.controllers    INFO     params [ 3.63972305  1.84164929 10.20740453 15.45448084  7.95343831  6.81259848
  0.44171383  0.45564106  0.31774075  0.40463963  0.4570377   4.26495598
 -2.83663283 -6.592122   -1.85005714  4.84120633  6.65244741 -5.62004413
 -3.97623697 -3.2288629  -5.58205654  2.17746064  5.40644743  5.3857263
  4.24523815  7.73712752]
2022-09-18 14:08:01,378 mloop.controllers    INFO     cost -5.1033766956569115 +/- 0.0
2022-09-18 14:08:01,378 mloop.controllers    INFO     Run:50 (machine learner)
2022-09-18 14:08:03,707 mloop.controllers    INFO     params [ 5.28177341 17.44565171 20.         16.36693414 14.41092316  7.87630164
  0.44755904  0.15070295  0.5         0.15027195  0.15507469 -2.06777187
  7.1318482  -1.91371408 -5.34718888 -8.          4.00953142 -5.59335287
  8.         -4.8684705   2.77732095 -6.3442678   3.23552873  7.91851023
  8.          2.17330997]
2022-09-18 14:08:03,842 mloop.controllers    INFO     cost -4.690478786976206 +/- 0.0
2022-09-18 14:08:03,842 mloop.controllers    INFO     Run:51 (machine learner)
2022-09-18 14:08:06,552 mloop.controllers    INFO     params [ 1.78500000e+00  1.74913923e+01  8.80518684e+00  5.76239437e+00
  1.08043357e+01  9.62135487e+00  5.83654296e-02  1.49569843e-02
  2.48616816e-01  5.00000000e-01  1.65472213e-01  1.62484404e+00
  8.00000000e+00  8.00000000e+00  4.68899521e+00 -6.15142989e+00
  3.51918296e+00 -7.08845834e+00 -3.09010999e-01  2.80292365e+00
  1.87168887e+00  8.00000000e+00  8.00000000e+00  9.04105077e-01
 -3.56608110e+00 -3.64770562e-01]
2022-09-18 14:08:06,681 mloop.controllers    INFO     cost -8.017279935164355 +/- 0.0
2022-09-18 14:08:06,682 mloop.controllers    INFO     Run:52 (machine learner)
2022-09-18 14:08:09,902 mloop.controllers    INFO     params [ 1.785      11.13304309 20.         14.04040123 14.36930047 13.19411162
  0.23872012  0.12033318  0.38486235  0.45620346  0.18357977  7.03584294
  5.02591544 -2.45250742 -4.40361208 -0.41900486  2.04117811 -2.76380176
 -0.4538683  -3.58823048  2.89883726  1.26413334  1.62874366 -0.07811936
  0.97906073  4.74871835]
2022-09-18 14:08:10,025 mloop.controllers    INFO     cost -7.914379413493498 +/- 0.0
2022-09-18 14:08:10,026 mloop.controllers    INFO     Run:53 (trainer)
2022-09-18 14:08:10,027 mloop.controllers    INFO     params [10.14602711  8.26876312 13.10550311 19.22659363 14.62367587 12.02798824
  0.39817628  0.03114028  0.42045018  0.47674697  0.47227487 -3.44624018
 -0.55353132 -3.15192651 -5.99337876  2.73111666 -3.13888349  2.46817121
  4.06964993  5.12964416  1.66468571 -1.56944311 -3.10289058 -3.55889163
 -4.43441385  6.78824544]
2022-09-18 14:08:10,163 mloop.controllers    INFO     cost -5.375832543786896 +/- 0.0
2022-09-18 14:08:10,163 mloop.controllers    INFO     Run:54 (machine learner)
2022-09-18 14:08:12,550 mloop.controllers    INFO     params [ 5.31139872 20.          6.15034973  8.8689781   7.47804929  5.36903082
  0.26135933  0.          0.5         0.34118577  0.09838724  8.
  8.         -1.63728483  4.9825876  -8.          2.29804006  0.32557331
  4.86997097 -4.09862644  2.6243811  -0.57638572  8.         -4.39102687
 -8.          8.        ]
2022-09-18 14:08:12,682 mloop.controllers    INFO     cost -6.255473332861762 +/- 0.0
2022-09-18 14:08:12,683 mloop.controllers    INFO     Run:55 (machine learner)
2022-09-18 14:08:15,868 mloop.controllers    INFO     params [ 7.47657762e+00  1.72875365e+01  1.07374811e+01  7.88800150e+00
  1.10913456e+01  1.57050862e+01  8.49099500e-02  0.00000000e+00
  0.00000000e+00  3.79603934e-01  0.00000000e+00  3.41921352e+00
  6.10599566e+00 -4.46513192e+00 -8.00000000e+00  5.61715748e+00
  5.29572612e+00 -7.37646673e-01  1.22803995e+00 -2.68605041e+00
  4.51521420e-03  4.35861430e+00  9.23736021e-01 -7.72315497e+00
  2.04046595e+00  4.64962923e-01]
2022-09-18 14:08:16,006 mloop.controllers    INFO     cost -8.396045346225655 +/- 0.0
2022-09-18 14:08:16,007 mloop.controllers    INFO     Run:56 (machine learner)
