2022-09-16 18:24:30,138 mloop                INFO     M-LOOP version 3.3.1
2022-09-16 18:24:30,139 mloop                DEBUG    M-LOOP Logger configured.
2022-09-16 18:24:30,139 mloop.interfaces     DEBUG    Creating interface.
2022-09-16 18:24:30,159 mloop.controllers    DEBUG    Controller init completed.
2022-09-16 18:24:30,160 mloop.learners.1     DEBUG    Learner init completed.
2022-09-16 18:24:30,161 mloop.learners.1     DEBUG    Random learner init completed.
2022-09-16 18:24:30,163 mloop.learners.2     DEBUG    Learner init completed.
2022-09-16 18:24:30,163 mloop.controllers    INFO     Optimization started.
2022-09-16 18:24:30,165 mloop.learners.1     DEBUG    Starting Random Learner
2022-09-16 18:24:30,166 mloop.interfaces     DEBUG    Entering main loop of interface.
2022-09-16 18:24:30,166 mloop.controllers    DEBUG    ML learner started.
2022-09-16 18:24:30,301 mloop.controllers    DEBUG    Starting training optimization.
2022-09-16 18:24:30,301 mloop.controllers    INFO     Run:1 (training)
2022-09-16 18:24:30,303 mloop.controllers    INFO     params [10.    5.    3.    2.3   2.21  0.15  0.1   0.15  0.1   0.05  0.    0.
  0.    0.    0.    0.    0.    0.    0.    0.    0.    0.    0.    0.
  0.  ]
2022-09-16 18:26:04,633 mloop.controllers    INFO     cost -2.944383003310574 +/- 0.0
2022-09-16 18:26:04,634 mloop.controllers    INFO     Run:2 (training)
2022-09-16 18:26:04,635 mloop.controllers    INFO     params [18.10461028  3.45238954 10.80258696 10.1658787  14.0344524   0.16797255
  0.1295216   0.12207379  0.13709697  0.18749023  5.55118132 -5.63255131
 -1.56963072 -7.26813381 -3.82105359 -0.61114226 -6.6689557   1.72641214
  3.43352054 -2.34997987  3.85586691 -7.04902116 -2.15061215  1.59915807
 -2.70166146]
2022-09-16 18:26:04,636 mloop.controllers    DEBUG    Starting ML optimization.
2022-09-16 18:27:26,022 mloop.controllers    WARNING  !!! Do not give the interrupt signal again !!! 
 M-LOOP stopped with keyboard interupt or system exit. Please wait at least 1 minute for the threads to safely shut down. 
 
2022-09-16 18:27:26,022 mloop.controllers    WARNING  Closing down controller.
2022-09-16 18:27:26,023 mloop.controllers    DEBUG    ML learner end set.
2022-09-16 18:27:26,423 mloop.controllers    DEBUG    ML learner joined
2022-09-16 18:27:26,423 mloop.controllers    INFO     Machine learning learner did not provide best and/or all minima.
2022-09-16 18:27:26,424 mloop.controllers    DEBUG    Learner end event set.
2022-09-16 18:27:26,424 mloop.controllers    DEBUG    Interface end event set.
2022-09-16 18:27:26,673 mloop.learners.1     DEBUG    Learner end signal received. Ending
2022-09-16 18:27:27,674 mloop.learners.1     DEBUG    Performing shut down of learner.
2022-09-16 18:27:27,674 mloop.learners.1     DEBUG    Ended Random Learner
2022-09-16 18:27:27,674 mloop.controllers    DEBUG    Learner joined.
