2022-09-12 17:48:26,024 mloop                INFO     M-LOOP version 3.3.1
2022-09-12 17:48:26,025 mloop                DEBUG    M-LOOP Logger configured.
2022-09-12 17:48:26,025 mloop.interfaces     DEBUG    Creating interface.
2022-09-12 17:48:26,028 mloop.controllers    DEBUG    Controller init completed.
2022-09-12 17:48:26,029 mloop.learners.1     DEBUG    Learner init completed.
2022-09-12 17:48:26,030 mloop.learners.2     DEBUG    Learner init completed.
2022-09-12 17:48:26,032 mloop.controllers    INFO     Optimization started.
2022-09-12 17:48:26,032 mloop.interfaces     DEBUG    Entering main loop of interface.
2022-09-12 17:48:26,033 mloop.controllers    DEBUG    ML learner started.
2022-09-12 17:48:26,038 mloop.controllers    DEBUG    Starting training optimization.
2022-09-12 17:48:26,039 mloop.controllers    INFO     Run:1 (training)
2022-09-12 17:48:26,042 mloop.controllers    INFO     params [ 0.42269207 -1.89731371 -0.9520754 ]
2022-09-12 17:48:26,048 mloop.controllers    INFO     cost -0.8970315569503051 +/- 0.0
2022-09-12 17:48:26,049 mloop.controllers    INFO     Run:2 (training)
2022-09-12 17:48:26,052 mloop.controllers    INFO     params [1.77939826 1.04821254 1.17469978]
2022-09-12 17:48:26,057 mloop.controllers    INFO     cost 0.24964217621459664 +/- 0.0
2022-09-12 17:48:26,057 mloop.controllers    INFO     Run:3 (training)
2022-09-12 17:48:26,059 mloop.controllers    INFO     params [-1.42969909  0.1965935  -1.40242687]
2022-09-12 17:48:26,063 mloop.controllers    INFO     cost -0.5686782990488819 +/- 0.0
2022-09-12 17:48:26,064 mloop.controllers    INFO     Run:4 (training)
2022-09-12 17:48:26,065 mloop.controllers    INFO     params [-0.88347783 -1.36411004 -0.4840235 ]
2022-09-12 17:48:26,068 mloop.controllers    INFO     cost -0.6874059704006412 +/- 0.0
2022-09-12 17:48:26,069 mloop.controllers    INFO     Run:5 (training)
2022-09-12 17:48:26,070 mloop.controllers    INFO     params [ 1.8681615   1.27898691 -1.74989586]
2022-09-12 17:48:26,074 mloop.controllers    INFO     cost 0.3844383098186636 +/- 0.0
2022-09-12 17:48:26,075 mloop.controllers    INFO     Run:6 (training)
2022-09-12 17:48:26,076 mloop.controllers    INFO     params [-1.59380745 -1.8517544   1.80710342]
2022-09-12 17:48:26,081 mloop.controllers    INFO     cost 0.2637533012761057 +/- 0.0
2022-09-12 17:48:26,082 mloop.controllers    INFO     Run:7 (training)
2022-09-12 17:48:26,083 mloop.controllers    INFO     params [ 0.45362913 -0.31628428  1.97538911]
2022-09-12 17:48:26,087 mloop.controllers    INFO     cost -1.4686028600401362 +/- 0.0
2022-09-12 17:48:26,088 mloop.controllers    INFO     Run:8 (training)
2022-09-12 17:48:26,090 mloop.controllers    INFO     params [-1.80876464 -1.03401376  1.65714865]
2022-09-12 17:48:26,094 mloop.controllers    INFO     cost 0.339381283795981 +/- 0.0
2022-09-12 17:48:26,095 mloop.controllers    INFO     Run:9 (training)
2022-09-12 17:48:26,096 mloop.controllers    INFO     params [-0.34518865 -1.20322092 -0.63163656]
2022-09-12 17:48:26,100 mloop.controllers    INFO     cost -1.211942401079416 +/- 0.0
2022-09-12 17:48:26,100 mloop.controllers    INFO     Run:10 (training)
2022-09-12 17:48:26,101 mloop.controllers    INFO     params [ 1.76668312 -1.98147419  0.33027208]
2022-09-12 17:48:26,106 mloop.controllers    INFO     cost -0.6402723571229225 +/- 0.0
2022-09-12 17:48:26,107 mloop.controllers    INFO     Run:11 (training)
2022-09-12 17:48:26,108 mloop.controllers    INFO     params [-0.16492212 -0.77474954 -1.19934804]
2022-09-12 17:48:26,109 mloop.controllers    DEBUG    Starting ML optimization.
2022-09-12 17:48:26,109 mloop.controllers    INFO     cost -1.0064637167564023 +/- 0.0
2022-09-12 17:48:26,114 mloop.controllers    DEBUG    End training runs.
2022-09-12 17:48:26,115 mloop.controllers    INFO     Run:12 (machine learner)
2022-09-12 17:48:26,309 mloop.controllers    INFO     params [ 0.44009091 -0.75467255  1.11958468]
2022-09-12 17:48:26,315 mloop.controllers    INFO     cost -0.7085979316634545 +/- 0.0
2022-09-12 17:48:26,316 mloop.controllers    INFO     Run:13 (machine learner)
2022-09-12 17:48:26,436 mloop.controllers    INFO     params [ 0.3779418  -0.73465953  0.66878857]
2022-09-12 17:48:26,447 mloop.controllers    INFO     cost -1.245349561419101 +/- 0.0
2022-09-12 17:48:26,448 mloop.controllers    INFO     Run:14 (machine learner)
2022-09-12 17:48:26,599 mloop.controllers    INFO     params [ 0.38559694 -0.65719833  0.5829185 ]
2022-09-12 17:48:26,605 mloop.controllers    INFO     cost -1.4544456601210372 +/- 0.0
2022-09-12 17:48:26,606 mloop.controllers    INFO     Run:15 (machine learner)
2022-09-12 17:48:26,733 mloop.controllers    INFO     params [ 0.46510691 -0.4498609   2.        ]
2022-09-12 17:48:26,739 mloop.controllers    INFO     cost -1.2989158844499995 +/- 0.0
2022-09-12 17:48:26,739 mloop.controllers    INFO     Run:16 (trainer)
2022-09-12 17:48:26,741 mloop.controllers    INFO     params [-1.77896718 -0.78911544  0.39888724]
2022-09-12 17:48:26,750 mloop.controllers    INFO     cost -0.6457413496091788 +/- 0.0
2022-09-12 17:48:26,751 mloop.controllers    INFO     Run:17 (machine learner)
2022-09-12 17:48:27,069 mloop.controllers    INFO     params [ 0.29253175 -0.4553579  -0.10529849]
2022-09-12 17:48:27,076 mloop.controllers    INFO     cost -2.4295309506247555 +/- 0.0
2022-09-12 17:48:27,077 mloop.controllers    INFO     Run:18 (machine learner)
2022-09-12 17:48:27,206 mloop.controllers    INFO     params [ 0.46338586 -0.48407395 -0.25545244]
2022-09-12 17:48:27,213 mloop.controllers    INFO     cost -2.169186011807001 +/- 0.0
2022-09-12 17:48:27,213 mloop.controllers    INFO     Run:19 (machine learner)
2022-09-12 17:48:27,323 mloop.controllers    INFO     params [ 0.71688757 -0.56249756 -0.34400742]
2022-09-12 17:48:27,330 mloop.controllers    INFO     cost -1.6689800617842958 +/- 0.0
2022-09-12 17:48:27,330 mloop.controllers    INFO     Run:20 (machine learner)
2022-09-12 17:48:27,418 mloop.controllers    INFO     params [ 0.32038563 -0.4498068   0.07613585]
2022-09-12 17:48:27,426 mloop.controllers    INFO     cost -2.36112104489309 +/- 0.0
2022-09-12 17:48:27,427 mloop.controllers    INFO     Run:21 (trainer)
2022-09-12 17:48:27,429 mloop.controllers    INFO     params [ 1.04579827  1.28477005 -0.11307563]
2022-09-12 17:48:27,435 mloop.controllers    INFO     cost -0.8087344328867716 +/- 0.0
2022-09-12 17:48:27,436 mloop.controllers    INFO     Run:22 (machine learner)
2022-09-12 17:48:27,619 mloop.controllers    INFO     params [-0.00953133  0.21874345  0.00791561]
2022-09-12 17:48:27,631 mloop.controllers    INFO     cost -2.957771091985032 +/- 0.0
2022-09-12 17:48:27,632 mloop.controllers    INFO     Run:23 (machine learner)
2022-09-12 17:48:27,774 mloop.controllers    INFO     params [-0.06169908  0.46137685  0.02517197]
2022-09-12 17:48:27,780 mloop.controllers    INFO     cost -2.7667848950384784 +/- 0.0
2022-09-12 17:48:27,780 mloop.controllers    INFO     Run:24 (machine learner)
2022-09-12 17:48:27,870 mloop.controllers    INFO     params [-0.12289339  0.67845829  0.04748253]
2022-09-12 17:48:27,877 mloop.controllers    INFO     cost -2.4735859494615084 +/- 0.0
2022-09-12 17:48:27,878 mloop.controllers    INFO     Run:25 (machine learner)
2022-09-12 17:48:27,954 mloop.controllers    INFO     params [ 0.02817513 -0.01600519 -0.01020813]
2022-09-12 17:48:27,961 mloop.controllers    INFO     cost -2.9634952795288663 +/- 0.0
2022-09-12 17:48:27,962 mloop.controllers    INFO     Run:26 (trainer)
2022-09-12 17:48:27,964 mloop.controllers    INFO     params [ 1.19881652 -1.86316695  0.71492633]
2022-09-12 17:48:27,972 mloop.controllers    INFO     cost -0.040534371750892084 +/- 0.0
2022-09-12 17:48:27,973 mloop.controllers    INFO     Run:27 (machine learner)
2022-09-12 17:48:28,218 mloop.controllers    INFO     params [-0.06876087  0.12869576  0.18914669]
2022-09-12 17:48:28,225 mloop.controllers    INFO     cost -2.8589245885360635 +/- 0.0
2022-09-12 17:48:28,226 mloop.controllers    INFO     Run:28 (machine learner)
2022-09-12 17:48:28,331 mloop.controllers    INFO     params [-0.45994628  1.00775956  2.        ]
2022-09-12 17:48:28,340 mloop.controllers    INFO     cost -0.8336238090850402 +/- 0.0
2022-09-12 17:48:28,341 mloop.controllers    INFO     Run:29 (machine learner)
2022-09-12 17:48:28,431 mloop.controllers    INFO     params [-0.64256152  1.21034318  2.        ]
2022-09-12 17:48:28,439 mloop.controllers    INFO     cost -0.39595871058991866 +/- 0.0
2022-09-12 17:48:28,440 mloop.controllers    INFO     Run:30 (machine learner)
2022-09-12 17:48:28,499 mloop.controllers    INFO     params [0.0002718  0.09254213 0.02509609]
2022-09-12 17:48:28,507 mloop.controllers    INFO     cost -2.9743648257429873 +/- 0.0
2022-09-12 17:48:28,508 mloop.controllers    INFO     Run:31 (trainer)
2022-09-12 17:48:28,509 mloop.controllers    INFO     params [-1.57785409 -1.00741968  1.34100445]
2022-09-12 17:48:28,517 mloop.controllers    INFO     cost 0.5080124358661302 +/- 0.0
2022-09-12 17:48:28,517 mloop.controllers    INFO     Run:32 (machine learner)
2022-09-12 17:48:28,688 mloop.controllers    INFO     params [ 0.1136301   0.13414431 -0.06410541]
2022-09-12 17:48:28,696 mloop.controllers    INFO     cost -2.9748612207553924 +/- 0.0
2022-09-12 17:48:28,697 mloop.controllers    INFO     Run:33 (machine learner)
2022-09-12 17:48:28,775 mloop.controllers    INFO     params [-2.          2.         -0.55452054]
2022-09-12 17:48:28,784 mloop.controllers    INFO     cost -0.6414139934108141 +/- 0.0
2022-09-12 17:48:28,784 mloop.controllers    INFO     Run:34 (machine learner)
2022-09-12 17:48:28,816 mloop.controllers    INFO     params [-2.          2.         -0.61825192]
2022-09-12 17:48:28,824 mloop.controllers    INFO     cost -0.5614196274784747 +/- 0.0
2022-09-12 17:48:28,824 mloop.controllers    INFO     Run:35 (machine learner)
2022-09-12 17:48:28,901 mloop.controllers    INFO     params [ 0.04415911  0.10550614 -0.07431767]
2022-09-12 17:48:28,910 mloop.controllers    INFO     cost -2.9956609344384857 +/- 0.0
2022-09-12 17:48:28,911 mloop.controllers    INFO     Controller finished. Closing down M-LOOP. Please wait a moment...
2022-09-12 17:48:28,911 mloop.controllers    DEBUG    ML learner end set.
2022-09-12 17:48:29,412 mloop.controllers    DEBUG    ML learner joined
2022-09-12 17:48:29,413 mloop.controllers    DEBUG    Learner end event set.
2022-09-12 17:48:29,413 mloop.controllers    DEBUG    Interface end event set.
2022-09-12 17:48:29,510 mloop.learners.1     DEBUG    Learner end signal received. Ending
2022-09-12 17:48:29,903 mloop.interfaces     DEBUG    Interface ended
2022-09-12 17:48:30,512 mloop.controllers    DEBUG    Learner joined.
2022-09-12 17:48:30,513 mloop.controllers    DEBUG    Interface joined.
2022-09-12 17:48:30,519 mloop.controllers    INFO     Optimization ended because:
2022-09-12 17:48:30,519 mloop.controllers    INFO     	* Target cost reached.
2022-09-12 17:48:30,519 mloop.controllers    INFO     Results:
2022-09-12 17:48:30,519 mloop.controllers    INFO     	* Best parameters found:[ 0.04415911  0.10550614 -0.07431767]
2022-09-12 17:48:30,520 mloop.controllers    INFO     	* Best cost returned:-2.9956609344384857 +/- 0.0
2022-09-12 17:48:30,520 mloop.controllers    INFO     	* Best run number:35
2022-09-12 17:48:30,520 mloop.controllers    INFO     	* Predicted best parameters:[-0.00638691  0.09840991 -0.09793534]
2022-09-12 17:48:30,521 mloop.controllers    INFO     	* Predicted best cost:-2.9997713916360067 +/- 0.005309935865483154
2022-09-12 17:48:30,521 mloop.controllers    INFO     M-LOOP Done.
2022-09-12 17:48:30,522 mloop.visualizations DEBUG    Creating controller visualizations.
2022-09-12 17:48:30,633 mloop.visualizations DEBUG    Creating learner visualizations.
2022-09-12 17:48:30,639 mloop.visualizations DEBUG    Creating Gaussian process visualizer.
2022-09-12 17:48:30,644 mloop.learners.3     DEBUG    Learner init completed.
2022-09-12 17:48:30,645 mloop.visualizations DEBUG    Fitting Gaussian process.
2022-09-12 17:48:30,710 mloop.visualizations INFO     Showing visualizations, close all to end M-LOOP.
