2022-09-12 17:39:32,140 mloop                INFO     M-LOOP version 3.3.1
2022-09-12 17:39:32,140 mloop                DEBUG    M-LOOP Logger configured.
2022-09-12 17:39:32,141 mloop.interfaces     DEBUG    Creating interface.
2022-09-12 17:39:32,143 mloop.controllers    DEBUG    Controller init completed.
2022-09-12 17:39:32,144 mloop.learners.1     DEBUG    Learner init completed.
2022-09-12 17:39:32,146 mloop.learners.2     DEBUG    Learner init completed.
2022-09-12 17:39:32,147 mloop.controllers    INFO     Optimization started.
2022-09-12 17:39:32,148 mloop.interfaces     DEBUG    Entering main loop of interface.
2022-09-12 17:39:32,149 mloop.controllers    DEBUG    ML learner started.
2022-09-12 17:39:32,152 mloop.controllers    DEBUG    Starting training optimization.
2022-09-12 17:39:32,153 mloop.controllers    INFO     Run:1 (training)
2022-09-12 17:39:32,154 mloop.neuralnet      INFO     Initialising neural network impl
2022-09-12 17:39:32,154 mloop.neuralnet      INFO     Initialising neural network impl
2022-09-12 17:39:32,154 mloop.neuralnet      INFO     Initialising neural network impl
2022-09-12 17:39:32,156 mloop.neuralnet      INFO     Constructing net
2022-09-12 17:39:32,156 mloop.controllers    INFO     params [18.58443304 10.71355725 14.43412282  9.64039108 13.53859627 10.16938042
  0.06772882  0.11739392  0.1505118   0.07574896  0.25203392 -7.96521909
 -4.15817079 -6.26526902 -3.06853264  6.26810226 -4.82341448 -3.55459248
 -5.14135144  2.24476405 -1.99356927 -2.5124559   6.60993624  1.3220082
 -7.82202651 -3.63612542]
2022-09-12 17:39:32,162 mloop.controllers    INFO     cost -6.524819863883781 +/- 0.0
2022-09-12 17:39:32,163 mloop.controllers    INFO     Run:2 (training)
2022-09-12 17:39:32,165 mloop.controllers    INFO     params [17.14750413  6.29395965  9.74247254 15.87797719  2.49352627  5.44344935
  0.30993958  0.32659389  0.25862492  0.26677577  0.33793809  7.99790884
 -7.34898835 -5.13317486  6.52267467 -3.45936659  1.03059132 -2.89623606
  6.23299074 -6.88499498  6.75611829  6.88624077 -1.55652265 -2.44115264
  5.4662623  -0.99444454]
2022-09-12 17:39:32,172 mloop.controllers    INFO     cost -4.928557130828901 +/- 0.0
2022-09-12 17:39:32,172 mloop.controllers    INFO     Run:3 (training)
2022-09-12 17:39:32,174 mloop.controllers    INFO     params [ 9.91855903e+00  2.66520950e+00  4.70829962e+00  9.72209172e+00
  1.01687981e+01  8.11917175e+00  4.93649532e-01  2.38870710e-01
  1.15991003e-01  1.58371656e-01  1.12918256e-03  7.56482281e-01
 -2.48399218e+00 -3.05836109e+00  6.86680661e+00  3.24954151e+00
  5.87553509e+00  3.89106800e+00 -3.33718936e+00  2.50845401e+00
 -3.41848773e+00 -2.33176264e+00  3.39989810e+00  7.84093669e-01
  2.82528799e+00  4.14818617e+00]
2022-09-12 17:39:32,182 mloop.controllers    INFO     cost -5.610707548892514 +/- 0.0
2022-09-12 17:39:32,183 mloop.controllers    INFO     Run:4 (training)
2022-09-12 17:39:32,185 mloop.controllers    INFO     params [ 8.34366725e+00  1.49701491e+01  1.64585332e+01  1.73404252e+01
  7.62155022e+00  1.00000819e+01  4.67148447e-01  3.20180300e-01
  1.33457442e-01  1.08152597e-01  1.00512254e-02  7.78419562e+00
 -4.23440998e-01  2.34707043e+00 -4.47122374e+00 -5.99438984e+00
 -7.20603342e+00 -4.74131720e+00 -4.81073531e+00 -5.57238276e+00
  7.85729757e+00 -2.94486729e-01  7.86832617e+00  6.39931113e+00
 -6.67967085e+00  7.39988132e+00]
2022-09-12 17:39:32,193 mloop.controllers    INFO     cost -7.605281456030684 +/- 0.0
2022-09-12 17:39:32,194 mloop.controllers    INFO     Run:5 (training)
2022-09-12 17:39:32,196 mloop.controllers    INFO     params [ 3.33758446 12.53853815 14.19609182  9.12005463  8.44733202 13.42102314
  0.17169184  0.16107904  0.29658856  0.19481582  0.44000235  1.13938158
 -0.75458838  6.36754238 -1.02871581  3.55669411  4.70447483 -2.77182976
  1.04197449 -5.26241238 -1.45595491  3.26229209  0.41512969 -6.68010136
 -4.79368434  1.65794266]
2022-09-12 17:39:32,204 mloop.controllers    INFO     cost -5.050259231196152 +/- 0.0
2022-09-12 17:39:32,205 mloop.controllers    INFO     Run:6 (training)
2022-09-12 17:39:32,207 mloop.controllers    INFO     params [17.12658602  9.19525924  1.88086559 13.52755715  6.22393967 14.6699292
  0.42051878  0.13290908  0.1143204   0.01959172  0.29968674  3.05627848
 -2.53854818 -4.0074485  -1.99442654 -7.17785175  0.85100366  0.0441637
  2.18140208  6.76709577 -6.10593041  6.27746614 -6.13870035  5.42015217
  6.04734772  3.11944956]
2022-09-12 17:39:32,217 mloop.controllers    INFO     cost -6.2678766045164975 +/- 0.0
2022-09-12 17:39:32,218 mloop.controllers    INFO     Run:7 (training)
2022-09-12 17:39:32,221 mloop.controllers    INFO     params [ 6.03067163 16.01740084 11.435115    6.3882639   6.23182987 13.32134177
  0.17292795  0.23872146  0.11054942  0.41995562  0.28403951 -2.20615321
 -5.08111269 -7.65178109 -0.04583939  5.66079998 -2.51080409 -0.43717863
 -3.06261951  6.97665515 -6.69203464  5.90255426 -2.07825418  4.8187788
 -4.82357152  1.99342518]
2022-09-12 17:39:32,231 mloop.controllers    INFO     cost -7.47665506468548 +/- 0.0
2022-09-12 17:39:32,232 mloop.controllers    INFO     Run:8 (training)
2022-09-12 17:39:32,233 mloop.controllers    INFO     params [16.56564458  7.78938532 15.3718125  11.91263524  7.86509618 10.9385041
  0.12465513  0.10050331  0.15629313  0.14947549  0.14260739  3.07395123
  2.14070357  0.53350459  7.53468422  0.4024786   5.36709024 -1.79423665
  6.65784333 -1.96150586  3.99551607 -2.62004307  6.58889961  7.51443275
  0.93049308  3.95433043]
2022-09-12 17:39:32,243 mloop.controllers    INFO     cost -6.299922152551701 +/- 0.0
2022-09-12 17:39:32,244 mloop.controllers    INFO     Run:9 (training)
2022-09-12 17:39:32,246 mloop.controllers    INFO     params [ 2.83857171 19.04613715 16.73477596 16.60708111  1.90813485  9.51394918
  0.33996092  0.18844912  0.34290104  0.37380305  0.4430202   1.90741735
  0.43889167 -6.48641975 -4.97849648  6.9934475  -4.80220944 -5.16103213
  2.40706199  3.7442467   2.32178315 -5.7423825   4.64496388 -3.96937988
  4.50363196 -0.55134735]
2022-09-12 17:39:32,257 mloop.controllers    INFO     cost -7.0554610833348415 +/- 0.0
2022-09-12 17:39:32,257 mloop.controllers    INFO     Run:10 (training)
2022-09-12 17:39:32,260 mloop.controllers    INFO     params [18.8609698   4.28322511  6.48923606  5.99684371  8.06727221 15.57009469
  0.24391901  0.46635447  0.37891905  0.48597982  0.12445683 -6.00814093
 -7.44075481 -2.24343913  1.37333731  4.07891459 -7.55574862 -5.8273745
  1.69418147 -5.21984915 -4.74814392  6.89213131  4.48644852 -7.60361336
 -6.82229918 -1.75451585]
2022-09-12 17:39:32,269 mloop.controllers    INFO     cost -4.510117247614626 +/- 0.0
2022-09-12 17:39:32,270 mloop.controllers    INFO     Run:11 (training)
2022-09-12 17:39:32,273 mloop.controllers    INFO     params [12.08439521  5.25174056 18.46128914 19.03218937  7.02812322  7.19248492
  0.28768747  0.04436275  0.11169881  0.09511102  0.12022168  3.74023588
  2.96587769 -6.42092766 -7.5843933  -3.18798505  7.96277906  6.27530685
  5.40546268 -7.52571808  0.8056432   6.5392759   1.98346334  2.3495168
  3.15890627  0.95576165]
2022-09-12 17:39:32,284 mloop.controllers    INFO     cost -4.857360554558686 +/- 0.0
2022-09-12 17:39:32,285 mloop.controllers    INFO     Run:12 (training)
2022-09-12 17:39:32,288 mloop.controllers    INFO     params [ 8.97521256 17.60546496  1.7875888   5.33508265 19.1071898  10.68090933
  0.03902852  0.29884939  0.06229188  0.26666792  0.12438813 -7.24273106
 -7.98269226  6.84117903 -0.75393146 -7.42674917 -4.67207871  3.68252977
 -6.84261656 -6.59835634  1.64839655  3.73696769  2.15876311  3.49767554
 -7.76793704 -3.52639732]
2022-09-12 17:39:32,299 mloop.controllers    INFO     cost -5.110157289004241 +/- 0.0
2022-09-12 17:39:32,300 mloop.controllers    INFO     Run:13 (training)
2022-09-12 17:39:32,303 mloop.controllers    INFO     params [ 5.19176057  3.69730759  3.85961329 15.02162483  5.77893571  9.14425071
  0.4317277   0.14313699  0.23261739  0.35854822  0.05440199 -6.7892457
  7.56541286  1.81593    -7.33410125 -2.01368126  1.41039561 -6.96911485
 -2.76454043 -1.62694247 -7.45397041  7.21783512 -6.20870252  2.95199707
 -6.12693331  2.28788109]
2022-09-12 17:39:32,313 mloop.controllers    INFO     cost -4.595439042593523 +/- 0.0
2022-09-12 17:39:32,313 mloop.controllers    INFO     Run:14 (training)
2022-09-12 17:39:32,315 mloop.controllers    INFO     params [11.04318988 16.09831107 16.57431102  6.88235703  7.93872775 11.98286939
  0.46700585  0.13381737  0.34629749  0.18993068  0.27035817 -1.41462685
 -4.89350116  4.13354926 -5.33433834  6.1312522  -0.21856475  0.50341636
  3.00876739  7.96647034  6.36308011  4.06205018 -7.52212428  0.42098162
  3.88833896 -0.95112886]
2022-09-12 17:39:32,325 mloop.controllers    INFO     cost -7.8966684291173275 +/- 0.0
2022-09-12 17:39:32,325 mloop.controllers    INFO     Run:15 (training)
2022-09-12 17:39:32,328 mloop.controllers    INFO     params [ 4.08880513  2.15017461  2.53465263 11.77398285 13.42187722 12.34434693
  0.23895332  0.03159356  0.2110286   0.4340943   0.47978449 -3.4057627
  0.80171236 -7.38431265 -3.17330484 -5.31408804  5.60676483 -5.05096247
 -5.32701763  3.86306238  7.35429664  1.72621087  3.02027119  5.56449503
 -1.69236539  7.30583744]
2022-09-12 17:39:32,337 mloop.controllers    INFO     cost -4.664583542471866 +/- 0.0
2022-09-12 17:39:32,338 mloop.controllers    INFO     Run:16 (training)
2022-09-12 17:39:32,340 mloop.controllers    INFO     params [ 4.67699072 13.9734238  18.80730036  6.34021533 18.97044406 13.29926955
  0.30064109  0.36442619  0.26177349  0.2718651   0.48797593 -7.35412878
  4.91165157 -3.3845006   4.1800477   2.50504384 -7.81576304 -3.44948371
 -6.07828885 -0.43898474  6.80987609 -7.85333682  3.16244849  1.83533259
  7.7436093  -4.43026439]
2022-09-12 17:39:32,350 mloop.controllers    INFO     cost -5.462734142188602 +/- 0.0
2022-09-12 17:39:32,351 mloop.controllers    INFO     Run:17 (training)
2022-09-12 17:39:32,353 mloop.controllers    INFO     params [ 1.43970526e+01  3.38085962e+00  1.88014591e+01  1.37973867e+01
  3.62904317e+00  1.36464179e+01  4.94811951e-01  3.11514784e-01
  1.32218693e-01  8.40197880e-03  3.04812635e-01  1.56713746e+00
 -4.71165444e+00 -4.67355204e+00  1.31691518e+00  4.56469712e-01
 -2.77203825e+00  1.57685688e+00 -1.14909029e+00  3.05995342e+00
  4.17302882e+00  4.71354241e+00 -7.87995624e+00 -7.79107625e+00
 -1.95795277e+00 -4.29561647e+00]
2022-09-12 17:39:32,366 mloop.controllers    INFO     cost -4.780542820640385 +/- 0.0
2022-09-12 17:39:32,366 mloop.controllers    INFO     Run:18 (training)
2022-09-12 17:39:32,368 mloop.controllers    INFO     params [ 3.35821445e+00  1.88724113e+01  9.21236073e+00  1.33121786e+01
  1.29590735e+01  1.26416199e+01  2.02875565e-02  3.48338727e-01
  9.75426270e-02  3.83551666e-01  8.35049860e-02  6.39787428e+00
  7.87515624e+00 -1.64241441e+00  3.58274573e+00 -6.10220931e+00
 -4.84087276e+00  6.27598734e+00  1.86043011e-01  8.40467641e-01
  2.23997321e+00 -6.49847306e+00 -1.98905610e+00 -4.91551220e-03
 -3.13039107e+00  7.05088697e+00]
2022-09-12 17:39:32,379 mloop.controllers    INFO     cost -6.928285392211844 +/- 0.0
2022-09-12 17:39:32,380 mloop.controllers    INFO     Run:19 (training)
2022-09-12 17:39:32,382 mloop.controllers    INFO     params [13.07454941 18.17026897  7.04310515  4.49924554 10.52070544  7.98455419
  0.057776    0.29489161  0.03177347  0.29348628  0.04253421  7.55376516
 -1.66728248 -7.40990694 -7.98507558 -4.64087557 -7.82372316 -2.21804059
 -3.26229275  4.04859779  0.15981388  4.95371584 -5.66091201  1.95733547
  6.80287518 -3.39178783]
2022-09-12 17:39:32,393 mloop.controllers    INFO     cost -6.295650550217946 +/- 0.0
2022-09-12 17:39:32,394 mloop.controllers    INFO     Run:20 (training)
2022-09-12 17:39:32,396 mloop.controllers    INFO     params [ 4.48210114  7.57507547  5.82791235 15.10917049 16.78779529  6.84263533
  0.3111077   0.37629564  0.27346803  0.16486433  0.28098451 -6.48529125
 -2.49869679  2.03081816  6.71162413 -4.26357587 -0.17702025  3.02256228
 -2.96318671  0.84836683 -0.80821166  1.04985745  4.57538929  4.67694804
  4.94525725  5.33091415]
2022-09-12 17:39:32,409 mloop.controllers    INFO     cost -6.561143929990579 +/- 0.0
2022-09-12 17:39:32,409 mloop.controllers    INFO     Run:21 (training)
2022-09-12 17:39:32,412 mloop.controllers    INFO     params [ 4.27465657 15.76730777 18.92962258 19.86051466 14.43584792  9.09075285
  0.36820362  0.10023374  0.36332699  0.06321561  0.20544929 -0.79529037
  1.11239874 -7.08865886 -1.58084241 -7.07230573 -4.31132546 -3.74410236
  0.07856411 -4.38757027 -7.96547717 -0.12594102  1.19308726  4.62461261
  4.21271744 -1.34720527]
2022-09-12 17:39:32,413 mloop.controllers    DEBUG    Starting ML optimization.
2022-09-12 17:39:32,414 mloop.controllers    INFO     cost -6.647735106899655 +/- 0.0
2022-09-12 17:39:32,456 mloop.controllers    DEBUG    End training runs.
2022-09-12 17:39:32,459 mloop.controllers    INFO     Run:22 (trainer)
2022-09-12 17:39:32,462 mloop.controllers    INFO     params [ 1.01874480e+01  1.82008468e+01  2.50324137e+00  6.95712579e+00
  1.06619083e+01  6.93934259e+00  3.06514582e-01  4.55628488e-01
  1.76644352e-01  4.92433955e-01  4.94676893e-01  3.49498037e+00
  2.20887451e+00  2.36512824e+00 -6.14944419e+00 -1.46228532e+00
 -7.34107281e+00 -2.84795258e+00  1.96148611e+00 -1.53324174e+00
  4.05511776e-03  1.02311745e+00 -2.79302707e-01  2.90489428e+00
 -6.56863479e+00  5.57761392e+00]
2022-09-12 17:39:32,499 mloop.controllers    INFO     cost -7.560038382553139 +/- 0.0
2022-09-12 17:39:32,499 mloop.controllers    INFO     Run:23 (trainer)
2022-09-12 17:39:32,502 mloop.controllers    INFO     params [ 4.28853846 11.44447226 11.90805008  2.29672337  6.75031042  8.2395163
  0.07514245  0.05883175  0.4724684   0.23517568  0.06830894  7.06403227
 -7.05436761 -2.34270464 -7.34375499 -6.45241633 -7.63241142 -7.83012915
  7.71969937  1.38779376  2.17060108 -2.73416523 -1.27649132  4.79175042
 -1.58900528 -5.25722819]
2022-09-12 17:39:32,520 mloop.controllers    INFO     cost -4.88508743960103 +/- 0.0
2022-09-12 17:39:32,520 mloop.controllers    INFO     Run:24 (trainer)
2022-09-12 17:39:32,523 mloop.controllers    INFO     params [ 9.63093338  2.74477861  9.71080358 19.12132075  2.11076312  8.29835244
  0.39846838  0.46847671  0.4570488   0.04446354  0.31077437  6.63700594
 -7.80697729  6.56266242  6.00780702  6.49156263  0.94034807  4.87475061
 -3.89131458  7.62912653  2.82108027 -6.34240665 -3.61004645 -7.77544973
 -4.73836506  0.95723633]
2022-09-12 17:39:32,550 mloop.controllers    INFO     cost -4.558260857425442 +/- 0.0
2022-09-12 17:39:32,550 mloop.controllers    INFO     Run:25 (trainer)
2022-09-12 17:39:32,553 mloop.controllers    INFO     params [ 3.05607247 12.90599499  7.800162    4.61770916 11.24741266 11.8335719
  0.1583034   0.01665012  0.46616925  0.08841158  0.16839075 -1.11870618
  4.01358944 -7.07843952 -2.83188247 -3.5657581  -1.2236683  -6.30822623
 -2.56152894 -3.98289793 -3.54211165 -3.98846244  7.74379029  1.36781424
 -5.10549622  0.63265901]
2022-09-12 17:39:32,572 mloop.controllers    INFO     cost -5.439448397518475 +/- 0.0
2022-09-12 17:39:32,575 mloop.controllers    INFO     Run:26 (trainer)
2022-09-12 17:39:32,578 mloop.controllers    INFO     params [ 2.83743753  7.0671937   5.19442229 11.0384452  18.69764654  5.10880226
  0.41565153  0.17718179  0.36756458  0.40858999  0.0377926   0.63968937
  6.79193464 -7.31909864 -7.54498112  4.91550945 -4.43384503  5.1535569
 -4.44745736 -2.80949689 -3.21146325  2.3916708   4.73405488 -1.57965393
 -6.93581865  3.9180963 ]
2022-09-12 17:39:32,598 mloop.controllers    INFO     cost -6.193628834620203 +/- 0.0
2022-09-12 17:39:32,599 mloop.controllers    INFO     Run:27 (trainer)
2022-09-12 17:39:32,601 mloop.controllers    INFO     params [17.14345624  8.10964343  2.37866635 14.85279238 16.77789953 14.40399619
  0.40335421  0.04919293  0.14926049  0.16447783  0.22881434 -1.54495414
 -3.44350021  4.43597201 -0.79594683  3.80275865  0.03978127 -3.21239398
  2.96005803 -4.23480241 -2.79802002  6.40545393 -2.64378231 -1.03621493
 -2.09298023 -2.96657141]
2022-09-12 17:39:32,620 mloop.controllers    INFO     cost -6.2623840459549465 +/- 0.0
2022-09-12 17:39:32,621 mloop.controllers    INFO     Run:28 (trainer)
2022-09-12 17:39:32,623 mloop.controllers    INFO     params [ 1.97249007e+01  9.33439123e+00  1.59016476e+01  1.58725194e+01
  1.45719980e+01  6.76668394e+00  1.55211640e-01  1.20620620e-01
  1.46998286e-01  7.04109531e-02  7.43910996e-03  1.43744769e+00
  8.68682767e-01 -5.97321358e+00 -7.22120270e+00 -3.10878300e+00
  8.50199127e-01 -4.26151275e+00  2.65007977e+00  1.25902457e+00
  4.93959372e+00 -6.27109176e+00 -7.55136441e+00 -4.58564487e+00
 -7.91501301e+00 -5.52850034e+00]
2022-09-12 17:39:32,644 mloop.controllers    INFO     cost -4.492918030161069 +/- 0.0
2022-09-12 17:39:32,644 mloop.controllers    INFO     Run:29 (trainer)
2022-09-12 17:39:32,648 mloop.controllers    INFO     params [ 1.22199657e+01  1.83019582e+01  2.31539882e+00  6.26441589e+00
  6.89206199e+00  8.33572438e+00  2.72783324e-01  3.93306559e-01
  5.17129944e-03  1.55989860e-01  2.24752267e-02  4.78912913e-01
 -6.92189437e+00 -2.53732745e+00  7.59676305e+00  3.25882248e+00
 -2.37629004e+00 -7.35590292e+00  2.44367681e+00  7.91891071e+00
  7.55208029e+00  2.86332014e+00  8.68118439e-01 -1.46052225e-01
  7.51413154e+00 -2.79407569e+00]
2022-09-12 17:39:32,667 mloop.controllers    INFO     cost -6.494014717678439 +/- 0.0
2022-09-12 17:39:32,668 mloop.controllers    INFO     Run:30 (trainer)
2022-09-12 17:39:32,670 mloop.controllers    INFO     params [ 3.63207702  5.80626126  6.70475773 16.6610527   5.77691848 13.61712992
  0.28555836  0.39126146  0.1541318   0.06339678  0.35688982 -1.57457842
 -4.44697493  2.11184192  4.29560743  1.34110612  3.6432403  -5.22417057
  3.35216717 -1.51635691 -4.91729465  0.92875609  1.60370348  5.49738955
  7.76192295 -5.87675568]
2022-09-12 17:39:32,689 mloop.controllers    INFO     cost -3.8905602303244575 +/- 0.0
2022-09-12 17:39:32,690 mloop.controllers    INFO     Run:31 (trainer)
2022-09-12 17:39:32,695 mloop.controllers    INFO     params [ 6.47186167  7.96430446 15.83293588 11.19213959 18.57245468  4.48313053
  0.18999338  0.24387445  0.47062031  0.22057401  0.13435868  2.73146325
  0.7894134   6.51364013  2.01869726  1.71730451 -7.42881718  1.42481533
 -0.46620358  3.50976682  2.43409355 -7.77616726 -2.36101833  4.69317065
  4.42734517 -7.63965595]
2022-09-12 17:39:32,781 mloop.controllers    INFO     cost -6.654817987420325 +/- 0.0
2022-09-12 17:39:32,784 mloop.controllers    INFO     Run:32 (trainer)
2022-09-12 17:39:32,788 mloop.controllers    INFO     params [19.30990045  3.0545819  18.82728139  6.57413487 14.55485281  7.99774241
  0.31017303  0.17730594  0.37526267  0.08421953  0.18007816  4.67929118
 -2.63173953 -7.56003861  4.48448467  1.82875076  1.07889185 -0.22782747
  3.20948487 -4.53969436  3.44402927 -7.3645458   2.43348996 -2.95514581
  6.66979967 -3.43321168]
2022-09-12 17:39:32,852 mloop.controllers    INFO     cost -5.828102685182658 +/- 0.0
2022-09-12 17:39:32,854 mloop.controllers    INFO     Run:33 (trainer)
2022-09-12 17:39:32,857 mloop.controllers    INFO     params [19.15116468  6.46734705 18.67709938 12.47980021  8.45931814 11.46401385
  0.13273004  0.39606575  0.2647374   0.42207882  0.18858137 -6.75932102
 -3.13081742 -2.57119905  6.80248882  1.86475232 -5.56747363  5.62245503
 -1.51009109 -2.19019573 -7.20192442 -6.17612625 -3.24780962 -0.25055393
  7.08878315  6.09451565]
2022-09-12 17:39:32,881 mloop.controllers    INFO     cost -5.346289837184061 +/- 0.0
2022-09-12 17:39:32,882 mloop.controllers    INFO     Run:34 (trainer)
2022-09-12 17:39:32,884 mloop.controllers    INFO     params [ 6.14359567e+00  1.53339283e+01  5.33079624e+00  3.78648686e+00
  1.11436462e+01  1.36555504e+01  3.00346142e-01  1.57056262e-01
  2.60308687e-01  1.41831419e-02  2.71722654e-01  5.10795824e+00
 -5.01992540e+00 -6.18066688e+00 -1.07327246e+00  5.61955189e+00
 -5.08066880e+00 -2.77838547e+00  1.27509482e+00 -2.26224535e+00
 -7.37091457e+00  7.27240260e+00  3.29695761e+00 -1.22309175e+00
  2.05918350e-01 -5.47719968e+00]
2022-09-12 17:39:32,904 mloop.controllers    INFO     cost -6.1708659909804515 +/- 0.0
2022-09-12 17:39:32,905 mloop.controllers    INFO     Run:35 (trainer)
2022-09-12 17:39:32,908 mloop.controllers    INFO     params [14.48519002  4.29822376 19.57852394  2.09933016 19.19707174 13.79717205
  0.37188179  0.13928175  0.43874988  0.18922351  0.05314553  1.70416445
  0.71992286  4.01626721 -1.02226462  3.59926441  0.29164335  6.75048458
  7.68422374 -4.95138402 -6.39162615  6.42462736 -5.23934526  1.26419499
  0.35952779 -4.49715982]
2022-09-12 17:39:32,929 mloop.controllers    INFO     cost -6.52729439329504 +/- 0.0
2022-09-12 17:39:32,930 mloop.controllers    INFO     Run:36 (trainer)
2022-09-12 17:39:32,933 mloop.controllers    INFO     params [17.01867392 11.61063894 13.59252093 19.49453088 13.09770155 15.55324272
  0.25521859  0.10275936  0.46408115  0.39397992  0.09829129 -2.68083291
  6.98935148  0.08370746 -6.18099703 -1.35403228  5.79966394 -0.61518277
  3.54031113  4.13550255  0.83636626  1.92615388  7.48102541 -0.76066448
 -2.93294342  4.62041961]
2022-09-12 17:39:32,955 mloop.controllers    INFO     cost -7.124200878140893 +/- 0.0
2022-09-12 17:39:32,955 mloop.controllers    INFO     Run:37 (trainer)
2022-09-12 17:39:32,958 mloop.controllers    INFO     params [17.35359214 10.85181745 14.07362345  2.62130972 13.96351081 10.71794891
  0.34268603  0.21870529  0.13308192  0.10310989  0.03586348 -4.31375494
  7.63902028 -5.3028833  -1.06710305 -2.36420184  0.9841175  -6.26863369
 -4.69271603  6.86506795  7.59006041 -6.09291075 -4.34893893  0.25302388
  3.44217859  7.37236098]
2022-09-12 17:39:32,975 mloop.controllers    INFO     cost -7.165934006373828 +/- 0.0
2022-09-12 17:39:32,976 mloop.controllers    INFO     Run:38 (trainer)
2022-09-12 17:39:32,979 mloop.controllers    INFO     params [15.24194425  3.19765646 16.94155501  8.08426824  5.69733438  4.19143648
  0.36688242  0.29452248  0.14487104  0.25372799  0.14587981 -4.97009936
  3.53530028 -3.7314733   5.37538939  7.16627026 -1.64580409 -1.89492572
  4.08984086 -2.16505377 -0.87749858 -2.01339614  0.25391241 -5.43059482
  1.64988943  3.23276971]
2022-09-12 17:39:33,000 mloop.controllers    INFO     cost -5.363635300668128 +/- 0.0
2022-09-12 17:39:33,001 mloop.controllers    INFO     Run:39 (trainer)
2022-09-12 17:39:33,003 mloop.controllers    INFO     params [ 1.17779865e+01  1.20652238e+01  1.18563395e+01  1.85907025e+01
  1.95561183e+00  1.30968546e+01  4.17843492e-01  2.14481561e-01
  2.88511565e-01  1.05240013e-01  1.01812996e-02  2.91694617e+00
 -1.29770027e+00  7.05254793e+00  7.89020945e+00  3.79857309e-01
 -5.66363459e+00 -4.34500537e+00  4.36829254e+00  4.92723110e-01
 -4.62125762e+00  5.40453377e+00 -2.26421215e+00  2.34990568e+00
 -4.58866916e+00 -1.70184105e+00]
2022-09-12 17:39:33,030 mloop.controllers    INFO     cost -6.255348339802575 +/- 0.0
2022-09-12 17:39:33,030 mloop.controllers    INFO     Run:40 (trainer)
2022-09-12 17:39:33,032 mloop.controllers    INFO     params [ 8.82765882  6.12888208  7.96292558 14.73020239 10.50905906  8.38613175
  0.44298348  0.19534256  0.16351562  0.3666101   0.48172412  4.41789447
  6.52653759 -4.1945832   3.92011442  1.13375823  7.69756082  2.08823076
  6.60352792 -2.52605871 -7.5955012  -7.86301314  4.14024668  4.12861497
 -3.58195441 -1.36106553]
2022-09-12 17:39:33,055 mloop.controllers    INFO     cost -5.379300350463607 +/- 0.0
2022-09-12 17:39:33,056 mloop.controllers    INFO     Run:41 (trainer)
2022-09-12 17:39:33,058 mloop.controllers    INFO     params [18.35177939  4.4636308  19.07801809 11.14242663 15.15999217  9.66259804
  0.04356322  0.35131419  0.1448974   0.26105419  0.48097965 -7.70109806
 -5.81997348  1.49664274 -5.90332941 -6.87209067  4.08569303  1.67711227
 -1.61027943 -4.65943274  1.89399995  2.83321227  1.78787609  6.2253539
 -5.48021456  1.17168702]
2022-09-12 17:39:33,078 mloop.controllers    INFO     cost -5.8042587483507875 +/- 0.0
2022-09-12 17:39:33,079 mloop.controllers    INFO     Run:42 (trainer)
2022-09-12 17:39:33,081 mloop.controllers    INFO     params [15.6707196  10.44233803  9.26738932  3.91239244 15.96066824 12.48851931
  0.16125273  0.33651117  0.41449949  0.35051941  0.21827114  6.50287133
 -3.62479949 -7.62771775  0.22846342 -2.84071403 -5.9545787  -1.73047265
 -1.46546278 -3.17043369  0.29601132 -2.27118069  1.21621204  5.05022994
  4.39266929 -3.68997241]
2022-09-12 17:39:33,102 mloop.controllers    INFO     cost -6.867377411746286 +/- 0.0
2022-09-12 17:39:33,103 mloop.controllers    INFO     Run:43 (trainer)
2022-09-12 17:39:33,105 mloop.controllers    INFO     params [17.85812301  8.37765584  8.36993281 19.68487675 11.42422843 11.81229068
  0.02958922  0.18082132  0.4305752   0.25031416  0.15068355 -2.13545917
  0.1530709   7.0544603   3.01317215 -5.77315554 -5.64884596  0.2141225
 -5.84775388 -1.31219337  0.35121805  7.92851613  7.89185297  1.8588611
  6.49954769  5.07152282]
2022-09-12 17:39:33,124 mloop.controllers    INFO     cost -7.99530685619646 +/- 0.0
2022-09-12 17:39:33,124 mloop.controllers    INFO     Run:44 (trainer)
2022-09-12 17:39:33,127 mloop.controllers    INFO     params [ 1.93338622e+01  1.45532877e+01  4.45623954e+00  7.88335296e+00
  2.47790322e+00  4.70341601e+00  4.41200295e-01  1.14480487e-01
  1.03158064e-01  1.87836694e-02  1.91323899e-01 -5.67681269e+00
  5.28372934e+00  9.36669097e-01 -5.68162182e+00  7.23191898e+00
 -5.74481552e+00  2.02122211e+00  6.17938061e+00 -3.06187471e+00
 -3.66156700e+00  2.41845087e+00 -5.98251631e+00  4.74346206e+00
 -1.58431837e+00 -2.37230384e+00]
2022-09-12 17:39:33,148 mloop.controllers    INFO     cost -4.680033975399635 +/- 0.0
2022-09-12 17:39:33,149 mloop.controllers    INFO     Run:45 (trainer)
2022-09-12 17:39:33,152 mloop.controllers    INFO     params [15.33779693  8.03914082 14.61697718 14.76712321 15.51445815 14.82614087
  0.08840707  0.19180942  0.0330949   0.14721612  0.19002522 -0.26036252
 -7.64120278  1.43713975  6.73764935  4.53645712 -1.33622322  4.60473234
 -4.23234889  6.72541029 -4.88923849 -0.67055816 -7.84295068  1.38825933
 -2.23778152 -0.64046372]
2022-09-12 17:39:33,177 mloop.controllers    INFO     cost -6.402663102755549 +/- 0.0
2022-09-12 17:39:33,178 mloop.controllers    INFO     Run:46 (trainer)
2022-09-12 17:39:33,180 mloop.controllers    INFO     params [15.48601354 14.04456643  5.65879279 13.40639558  9.41998518 12.65219985
  0.31255835  0.2324267   0.1869788   0.32026856  0.02112076  4.08892334
 -7.20306703  6.56998012 -7.7370321   2.49780689 -3.47676929 -1.11070848
  3.56168478  4.45583907 -7.20063971  4.12866365 -5.07784911 -6.66347299
  0.03838126  0.91243398]
2022-09-12 17:39:33,206 mloop.controllers    INFO     cost -5.9480315652199796 +/- 0.0
2022-09-12 17:39:33,208 mloop.controllers    INFO     Run:47 (trainer)
2022-09-12 17:39:33,210 mloop.controllers    INFO     params [10.31435474  4.31674963 10.76345707 16.16904808  2.48983663  5.85133482
  0.41571637  0.24087744  0.0936096   0.37726645  0.43112747  3.24111995
  4.04405573 -6.40761739  6.25191708  4.45236334  7.34122335 -4.85411898
  3.12687584 -0.06538509  5.18772443 -2.50475331  5.85473685  4.62879702
 -6.39643448 -2.921016  ]
2022-09-12 17:39:33,230 mloop.controllers    INFO     cost -7.662978235151485 +/- 0.0
2022-09-12 17:39:33,230 mloop.controllers    INFO     Run:48 (trainer)
2022-09-12 17:39:33,233 mloop.controllers    INFO     params [10.9545909  14.12986742 16.40298119  7.16658684  9.07335549  6.9785081
  0.46916624  0.22979863  0.18712813  0.21386148  0.19426386  7.24328063
 -6.43897951  4.30794533 -7.84792408 -2.82049232  0.4143071   6.2792524
 -7.48078154 -3.31407029 -1.33224462 -2.22985024 -7.73951988  2.62906431
 -2.30446172 -6.20940515]
2022-09-12 17:39:33,260 mloop.controllers    INFO     cost -6.502528578038845 +/- 0.0
2022-09-12 17:39:33,260 mloop.controllers    INFO     Run:49 (trainer)
2022-09-12 17:39:33,262 mloop.controllers    INFO     params [ 5.63316669 14.39605166 12.32878613  3.8721933  10.33497661  8.16242872
  0.21568232  0.21423886  0.2740057   0.07128396  0.46259102  1.48850132
  7.55137713  1.08898733 -1.73643578  7.02928574 -5.89891618 -6.118179
  3.56674521  5.0288728  -6.91806027  3.55763949  6.99842096  5.19278873
 -0.45747867 -0.81391324]
2022-09-12 17:39:33,286 mloop.controllers    INFO     cost -5.220966754494762 +/- 0.0
2022-09-12 17:39:33,287 mloop.controllers    INFO     Run:50 (trainer)
2022-09-12 17:39:33,289 mloop.controllers    INFO     params [18.21838892 19.75956088  7.14226172 12.28828476 12.43847911  9.79893716
  0.38954158  0.42972514  0.22990914  0.382468    0.39821513  7.20793733
 -3.76461745 -5.9175274   5.51320046  0.97133815 -7.4125299   3.01179826
  5.59404369  6.27596439  6.94677012 -1.07630299 -5.46548062 -6.12212519
 -7.78211644  3.13248324]
2022-09-12 17:39:33,312 mloop.controllers    INFO     cost -4.928755414118404 +/- 0.0
2022-09-12 17:39:33,313 mloop.controllers    INFO     Run:51 (trainer)
2022-09-12 17:39:33,315 mloop.controllers    INFO     params [11.67683628 16.66275389  6.41929839 10.13633849 11.60383656 15.93393741
  0.21044456  0.19365255  0.39107456  0.19893512  0.31161782  5.09766522
  0.66505963 -2.13051489  2.23825522  7.09031049  1.52071951  0.30041718
  7.5765923  -7.38796362 -2.39132856  2.12030308  5.17107292  0.67412466
 -0.48307495  2.60762353]
2022-09-12 17:39:33,337 mloop.controllers    INFO     cost -8.305610776732873 +/- 0.0
2022-09-12 17:39:33,338 mloop.controllers    INFO     Run:52 (trainer)
2022-09-12 17:39:33,340 mloop.controllers    INFO     params [ 8.44918355e+00  2.06722211e+00  1.71471084e+01  3.51571278e+00
  3.54267559e+00  9.70406798e+00  2.89409877e-01  9.29489671e-02
  3.54018204e-04  1.12750149e-01  4.12889955e-01 -7.90875081e+00
 -6.19801063e+00 -7.49106517e+00 -4.29643391e+00  1.72683867e+00
 -3.96297390e+00 -7.78946497e+00  5.82425809e+00 -7.56945447e+00
 -4.94037348e-01 -3.76649176e+00  7.28716496e+00  6.18834649e+00
 -2.33853434e+00 -7.01500817e+00]
2022-09-12 17:39:33,368 mloop.controllers    INFO     cost -6.241988141122098 +/- 0.0
2022-09-12 17:39:33,369 mloop.controllers    INFO     Run:53 (trainer)
2022-09-12 17:39:33,371 mloop.controllers    INFO     params [15.1323155  15.36023885  5.28936804 12.27309986  6.8580017  12.66789789
  0.01725697  0.45314573  0.19520999  0.2967477   0.20009293  7.79951851
 -0.5039661   0.35109641  4.05161969 -1.56336474  0.13644339 -6.30815664
  3.17973814 -5.34823889 -0.41501332  0.02904362 -3.06459177 -5.17100733
  1.43449012  6.85908229]
2022-09-12 17:39:33,396 mloop.controllers    INFO     cost -8.422877570439109 +/- 0.0
2022-09-12 17:39:33,398 mloop.controllers    INFO     Run:54 (trainer)
2022-09-12 17:39:33,401 mloop.controllers    INFO     params [18.63554219 18.85455163 15.51005687 17.95223368  4.21263361  6.69151159
  0.38750352  0.33767405  0.06206477  0.38768945  0.46578199  5.92919148
  0.8214108  -5.53158175 -2.23509606 -7.88776715 -5.30547169 -2.94601923
  5.32857883 -6.00771659  3.52483966 -1.58083189  4.23039948  4.32534306
 -7.02539642  3.43362075]
2022-09-12 17:39:33,425 mloop.controllers    INFO     cost -4.647616419400607 +/- 0.0
2022-09-12 17:39:33,425 mloop.controllers    INFO     Run:55 (trainer)
2022-09-12 17:39:33,427 mloop.controllers    INFO     params [15.95248783 14.5238478  12.82099631  8.55484672  3.94409813  7.10359049
  0.03124335  0.14596301  0.44866243  0.4963613   0.17384306 -3.41681934
  5.63844109 -1.96608773 -4.20468046  5.84256693 -1.83698968 -4.0165279
  6.98305147  4.96441547  5.42617389 -4.26074585  5.4115464  -5.68179313
  0.55079418 -3.91677269]
2022-09-12 17:39:33,454 mloop.controllers    INFO     cost -5.00111533287393 +/- 0.0
2022-09-12 17:39:33,454 mloop.controllers    INFO     Run:56 (trainer)
2022-09-12 17:39:33,456 mloop.controllers    INFO     params [ 7.97496238  5.92027044 16.41353452 17.55733083 14.60076513  7.76976845
  0.36660792  0.07947818  0.41069942  0.33238701  0.16539967  2.82731879
 -2.52479747  4.31116259  3.3858835  -4.45708177 -5.25685905  3.37562013
  2.67533137 -2.60897452  0.79253004  5.72316993 -4.84766515  2.00354145
  1.24223809  3.52800678]
2022-09-12 17:39:33,485 mloop.controllers    INFO     cost -5.189391650626084 +/- 0.0
2022-09-12 17:39:33,486 mloop.controllers    INFO     Run:57 (trainer)
2022-09-12 17:39:33,488 mloop.controllers    INFO     params [10.67122853 12.81371514  8.00634241 18.21538893 12.08340487  4.38245168
  0.19296995  0.46547342  0.41326826  0.07305828  0.46837034  3.61088357
 -1.30016788  5.15570675 -6.00003199 -4.00040096  1.26836315 -5.26116057
  3.6927737   6.0939395   7.59189475 -1.49796168 -5.71640294 -4.05647917
  3.78114614  4.03068371]
2022-09-12 17:39:33,521 mloop.controllers    INFO     cost -4.503013660888602 +/- 0.0
2022-09-12 17:39:33,522 mloop.controllers    INFO     Run:58 (trainer)
2022-09-12 17:39:33,525 mloop.controllers    INFO     params [ 7.97945388 15.7697117  14.38684192  6.61204041 17.47982176 14.07463025
  0.31234397  0.1063809   0.48885273  0.49025479  0.12630342  2.94980093
  2.99250291  3.93794502  0.55798281  6.37878338 -3.94182063  4.8691254
 -1.69391704  2.39445278  5.94360392  2.12043009  1.11196584  5.88974486
 -7.99481075  6.92072684]
2022-09-12 17:39:33,561 mloop.controllers    INFO     cost -5.37042866418601 +/- 0.0
2022-09-12 17:39:33,563 mloop.controllers    INFO     Run:59 (trainer)
2022-09-12 17:39:33,567 mloop.controllers    INFO     params [ 4.69093263e+00  4.03472936e+00  1.10449075e+01  1.91891409e+01
  4.07170181e+00  1.30398585e+01  2.52384558e-02  1.48302819e-03
  3.06854305e-01  2.02974180e-01  1.27270236e-01 -8.76903989e-01
 -3.47337837e+00 -5.62124461e-01 -6.04934441e+00 -2.74044672e+00
  5.10373829e+00  4.68883969e+00 -7.69627629e+00 -6.80604795e+00
  5.42069814e-01 -4.13535123e+00  2.18514193e+00  1.77527574e+00
 -2.73318387e+00  1.04934198e+00]
2022-09-12 17:39:33,601 mloop.controllers    INFO     cost -7.182572234858726 +/- 0.0
2022-09-12 17:39:33,602 mloop.controllers    INFO     Run:60 (trainer)
2022-09-12 17:39:33,605 mloop.controllers    INFO     params [ 1.50073888e+01  6.74863868e+00  1.87590306e+01  1.50149327e+01
  7.26170794e+00  1.50690355e+01  9.59006579e-02  9.44908622e-03
  4.51602834e-01  2.09941175e-01  2.07974811e-01 -3.87995809e+00
 -5.83683911e+00 -4.91982213e+00  1.41489300e+00  7.40110254e+00
  9.24923286e-01 -2.89541378e+00 -4.70715435e+00  2.33635959e+00
  7.60136875e+00  3.99688618e+00  5.07758420e+00 -7.46392992e+00
 -2.39533807e+00  6.16821359e+00]
2022-09-12 17:39:33,681 mloop.controllers    INFO     cost -4.820607518503613 +/- 0.0
2022-09-12 17:39:33,682 mloop.controllers    INFO     Run:61 (trainer)
2022-09-12 17:39:33,686 mloop.controllers    INFO     params [ 8.1615156  11.94394473  4.73318966 18.92592504  8.50892266 13.36592801
  0.42032838  0.19257397  0.19265079  0.11544173  0.07327091 -2.15316188
  4.02596289  2.45749974  3.39863689  0.15398633  4.93178969 -0.9107278
 -5.45517774  5.01674048  0.83977191  7.34825017 -7.29597403  2.52606366
  7.1314437   4.97240302]
2022-09-12 17:39:33,732 mloop.controllers    INFO     cost -6.315565791019925 +/- 0.0
2022-09-12 17:39:33,734 mloop.controllers    INFO     Run:62 (trainer)
2022-09-12 17:39:33,738 mloop.controllers    INFO     params [19.28271134  3.40469385 18.31593706 19.93653909  5.40504785 12.9575389
  0.30959576  0.43509343  0.32765055  0.20097869  0.19585109 -4.19110444
 -7.45691768 -3.49290561 -6.45625746  0.32308018 -5.88578488 -1.05213561
 -2.81664562 -1.40257508 -4.17924222  5.10823293  0.7166036  -2.5950636
  5.61319912  2.58545265]
2022-09-12 17:39:33,779 mloop.controllers    INFO     cost -5.943200311444238 +/- 0.0
2022-09-12 17:39:33,780 mloop.controllers    INFO     Run:63 (trainer)
2022-09-12 17:39:33,784 mloop.controllers    INFO     params [ 5.18744432 12.48721181  2.05347348  8.74869733 12.30295654 14.3159176
  0.44806186  0.49234027  0.46437642  0.05277061  0.48176536 -1.71286483
  7.79865101 -4.1413955  -4.8239383   4.84046656  7.55898992 -1.07946193
 -2.95450116 -7.99095739  4.52665476  6.56581214  7.97917165  5.61921816
 -2.85920813  3.09703001]
2022-09-12 17:39:33,823 mloop.controllers    INFO     cost -4.220247737609134 +/- 0.0
2022-09-12 17:39:33,823 mloop.controllers    INFO     Run:64 (trainer)
2022-09-12 17:39:33,827 mloop.controllers    INFO     params [10.67981199  9.86336612  6.59368516  8.44361919  4.47118787  8.6308671
  0.14335741  0.13919748  0.4358866   0.42361854  0.18717005 -0.95904851
 -5.50255512  5.43539573  7.47858147  3.20969923 -6.28126078  5.53424129
  7.81788055  5.38416841 -5.70322195  6.06866553  7.85115248  5.59194522
 -1.93348628  1.78298   ]
2022-09-12 17:39:33,856 mloop.controllers    INFO     cost -5.247887267284077 +/- 0.0
2022-09-12 17:39:33,857 mloop.controllers    INFO     Run:65 (trainer)
2022-09-12 17:39:33,860 mloop.controllers    INFO     params [17.46269471 16.65676671  5.69041467 13.67306427  3.9589469   5.67103441
  0.29550322  0.35340682  0.40963305  0.4856613   0.46864532  1.37591636
  4.39698625  5.83865971  7.64965283  4.3017917   1.38130976 -2.70055624
  4.87778926 -2.47122857 -7.88251118 -4.82783312  1.32590898  6.28105119
  3.5920813   1.71559205]
2022-09-12 17:39:33,896 mloop.controllers    INFO     cost -4.399758471405866 +/- 0.0
2022-09-12 17:39:33,897 mloop.controllers    INFO     Run:66 (trainer)
2022-09-12 17:39:33,899 mloop.controllers    INFO     params [ 1.51953394e+01  4.38362431e+00  1.18809464e+01  5.92084626e+00
  1.53419151e+01  7.16896091e+00  3.40505417e-03  1.02847090e-01
  4.57752516e-01  2.35036200e-01  5.50011435e-03  6.07785512e+00
  5.32554715e+00  7.67723075e-01  7.43358730e+00  2.75252701e+00
  7.09349117e+00 -1.03606578e+00  6.23337105e+00  4.98342783e+00
 -4.97211292e+00  1.70349182e+00  1.45504751e+00 -6.57984380e+00
 -6.82394074e+00 -2.80516019e+00]
2022-09-12 17:39:33,929 mloop.controllers    INFO     cost -4.999105482081411 +/- 0.0
2022-09-12 17:39:33,930 mloop.controllers    INFO     Run:67 (trainer)
2022-09-12 17:39:33,932 mloop.controllers    INFO     params [10.23362748 19.53910201  6.34554142 17.1094021  15.24156068 15.28732348
  0.30799214  0.19072716  0.21042197  0.4277045   0.23235839  5.4505982
  5.81861026 -6.16436692  7.52922016 -3.20881663  0.92002632  1.79524341
 -6.51010049  7.76015799  7.47092094  3.45100806  7.16829715 -7.75344725
 -1.69326076  7.54593081]
2022-09-12 17:39:34,006 mloop.controllers    INFO     cost -4.966311974739436 +/- 0.0
2022-09-12 17:39:34,007 mloop.controllers    INFO     Run:68 (trainer)
2022-09-12 17:39:34,021 mloop.controllers    INFO     params [ 5.22141577 14.27373904 10.23143745  6.06854947 14.94868109  9.69203109
  0.18684257  0.16303126  0.43407278  0.35894971  0.37864897 -0.69633434
 -6.08710329  3.94557412 -6.7475506   6.34236634 -3.10052167  4.83198888
 -7.70520114  4.27555998 -7.1631252   7.0291095  -6.49166391  5.88122934
  7.76326828  6.17970341]
2022-09-12 17:39:34,059 mloop.controllers    INFO     cost -6.543896197870626 +/- 0.0
2022-09-12 17:39:34,060 mloop.controllers    INFO     Run:69 (trainer)
2022-09-12 17:39:34,063 mloop.controllers    INFO     params [13.98609875 14.31112641 13.3122937   8.82117579  8.86549383 15.28344919
  0.47528192  0.11464122  0.24269752  0.31330031  0.27925761 -2.71378339
  7.24699695 -0.65495604  6.33282889  3.06571423 -7.96549179  6.12305839
 -6.33954278 -5.97740069  2.59251961 -0.53536539  6.54417193 -1.25099253
 -0.35624914 -0.04440293]
2022-09-12 17:39:34,092 mloop.controllers    INFO     cost -7.833924208737983 +/- 0.0
2022-09-12 17:39:34,093 mloop.controllers    INFO     Run:70 (trainer)
2022-09-12 17:39:34,095 mloop.controllers    INFO     params [ 3.83041892 12.08467427 16.00616325  4.44795962 12.86431236 13.76846643
  0.05441549  0.41209122  0.33134105  0.31302005  0.43785695 -7.68779628
  6.0486754   6.60657056 -4.47661566  6.70360819 -4.11485076 -5.87806569
 -6.7770042  -7.18091643 -5.47706931  4.57118632  3.93241244 -2.98746758
  7.47643698  1.17540209]
2022-09-12 17:39:34,127 mloop.controllers    INFO     cost -4.571742121533132 +/- 0.0
2022-09-12 17:39:34,127 mloop.controllers    INFO     Run:71 (trainer)
2022-09-12 17:39:34,129 mloop.controllers    INFO     params [15.82244587 10.20452711 10.45795569  8.65222771 11.26778987 11.62470935
  0.12585442  0.42445293  0.45343179  0.26083379  0.04990344 -4.47586199
  3.9374212  -0.42232742  4.14640826 -1.39399865 -3.24272987 -4.39668882
  5.53694624 -0.31649397 -5.87827221  4.88838414  7.15424367 -4.24608951
 -0.59991459  3.38996392]
2022-09-12 17:39:34,161 mloop.controllers    INFO     cost -8.451525508779739 +/- 0.0
2022-09-12 17:39:34,162 mloop.controllers    INFO     Run:72 (trainer)
2022-09-12 17:39:34,165 mloop.controllers    INFO     params [ 1.84571572e+01  1.93723777e+01  1.91823688e+01  8.04966091e+00
  8.46876435e+00  1.34281748e+01  3.29518990e-01  5.17435613e-02
  5.76730376e-03  1.88676841e-01  9.03672447e-02  5.05877951e+00
  3.37854062e+00 -1.19568461e+00 -7.43272244e+00 -2.82682362e-01
 -4.92262667e-01 -6.12040521e+00 -3.60045990e+00 -6.11920130e+00
 -4.04041954e+00 -5.05058497e+00  3.18094370e+00 -2.53652966e+00
 -5.17603238e+00 -7.06561707e+00]
2022-09-12 17:39:34,197 mloop.controllers    INFO     cost -6.109241054300261 +/- 0.0
2022-09-12 17:39:34,197 mloop.controllers    INFO     Run:73 (trainer)
2022-09-12 17:39:34,200 mloop.controllers    INFO     params [ 1.92777756e+01  1.25048115e+01  2.15256042e+00  1.20204220e+01
  3.72744525e+00  7.91511487e+00  2.42998656e-03  1.16013120e-01
  3.33521663e-01  3.63668607e-01  2.59351625e-01  1.72927006e+00
  6.15030164e+00  1.88888803e+00  2.67642048e+00  1.20887414e-01
  7.94461421e+00 -2.96442769e+00  4.98627525e+00  5.91860055e+00
 -4.76906318e+00  3.93052691e+00  6.88287937e-01  1.87627427e+00
  5.71065536e+00  1.09686460e+00]
2022-09-12 17:39:34,231 mloop.controllers    INFO     cost -5.7392798597433785 +/- 0.0
2022-09-12 17:39:34,231 mloop.controllers    INFO     Run:74 (trainer)
2022-09-12 17:39:34,233 mloop.controllers    INFO     params [12.28086815 18.54866731  5.28396612 14.1963989   4.95882951 13.25859792
  0.12430767  0.4105611   0.07774885  0.40475346  0.47943395 -1.2792547
  5.76783062  5.19854388  1.55415474 -6.35537021  7.54805421 -5.91545814
  6.13199538 -4.44386571 -5.75443262  3.33382235  1.05924243  2.87135647
  7.42311606 -4.77442325]
2022-09-12 17:39:34,261 mloop.controllers    INFO     cost -3.778122461622057 +/- 0.0
2022-09-12 17:39:34,262 mloop.controllers    INFO     Run:75 (trainer)
2022-09-12 17:39:34,263 mloop.controllers    INFO     params [16.42919231 13.87240043  5.22491175  7.02868537  2.09742583 10.79572
  0.31124532  0.3109178   0.09043391  0.11541786  0.40885342  2.99806337
 -4.90380045  2.37269111  0.6051277  -5.26359182 -7.89311896 -6.58774455
 -1.93795317 -3.78754702 -4.67776226  0.94493301  3.68607892  6.24907441
  5.67341315 -1.24767253]
2022-09-12 17:39:34,293 mloop.neuralnet      DEBUG    Finished constructing net in: 2.137057065963745
2022-09-12 17:39:34,299 mloop.controllers    INFO     cost -5.402428150670493 +/- 0.0
2022-09-12 17:39:34,300 mloop.controllers    INFO     Run:76 (trainer)
2022-09-12 17:39:34,301 mloop.controllers    INFO     params [ 8.2457354   6.51521609  7.07642685  3.62321712  3.44416502 12.46772928
  0.3528765   0.15692572  0.3047258   0.38989304  0.42369225 -6.21277597
 -4.75718499 -6.50078764  2.40403152  3.68803843  4.33569263 -0.97052227
  7.12185968 -4.61427166 -6.00415446 -0.71863309  6.16250334 -6.501883
  2.53905407  7.94310901]
2022-09-12 17:39:34,333 mloop.controllers    INFO     cost -5.924156552588465 +/- 0.0
2022-09-12 17:39:34,334 mloop.controllers    INFO     Run:77 (trainer)
2022-09-12 17:39:34,335 mloop.controllers    INFO     params [12.61057954  7.27301903  8.27776932  4.92128561  5.02999589  5.90612398
  0.04635408  0.03824941  0.29899356  0.48446054  0.3470563  -5.84128725
 -1.82531324  3.21348941 -3.10682206  1.96640655 -7.92598898 -2.55080592
 -2.22032594  4.26282093 -3.38523126 -6.14744695 -0.07981557  5.52635806
 -2.69665804 -4.06730622]
2022-09-12 17:39:34,363 mloop.controllers    INFO     cost -5.64822721381004 +/- 0.0
2022-09-12 17:39:34,364 mloop.controllers    INFO     Run:78 (trainer)
2022-09-12 17:39:34,366 mloop.controllers    INFO     params [ 3.61625367 12.59536176  7.64047291  2.2917959   8.73312727  4.62959663
  0.44985837  0.22941429  0.17852338  0.35185992  0.11738082  3.50977452
  4.65888394 -6.41169234  4.94403631  3.03648695 -3.21044991 -3.1631614
 -3.20558925  7.90333446  2.47593084 -7.88478193  6.35122751  3.5292749
  5.18614336  2.21099373]
2022-09-12 17:39:34,402 mloop.controllers    INFO     cost -4.636940795537146 +/- 0.0
2022-09-12 17:39:34,403 mloop.controllers    INFO     Run:79 (trainer)
2022-09-12 17:39:34,406 mloop.controllers    INFO     params [ 3.48646447 18.43434127 11.38725641  7.86695467 10.79708255  4.01612517
  0.19450534  0.09576433  0.4778941   0.25665628  0.35960619  2.53330009
  1.66662015  0.35968816 -2.58800766 -1.52609819  0.30237717 -7.87593237
  6.33921722 -4.07514     6.69822899  2.73237268  7.71533323  5.03570514
  6.67205835  1.09741592]
2022-09-12 17:39:34,442 mloop.controllers    INFO     cost -8.000696583166976 +/- 0.0
2022-09-12 17:39:34,443 mloop.controllers    INFO     Run:80 (trainer)
2022-09-12 17:39:34,446 mloop.controllers    INFO     params [ 9.80228972 11.80698932 15.45188218  7.38853965  8.36174373  4.96213099
  0.43393315  0.02310488  0.12454848  0.03632222  0.23107034  3.5302113
 -1.33397241  3.12829662 -3.77848915  0.22283797 -3.50529377 -2.85739255
 -1.18089438 -3.72035449 -3.60439086 -7.92254156  1.59485512 -1.27621548
 -1.85073922 -2.50672901]
2022-09-12 17:39:34,457 mloop.neuralnet      INFO     Constructing net
2022-09-12 17:39:34,484 mloop.controllers    INFO     cost -4.720339779185565 +/- 0.0
2022-09-12 17:39:34,485 mloop.controllers    INFO     Run:81 (trainer)
2022-09-12 17:39:34,487 mloop.controllers    INFO     params [ 7.1829764  15.41116574 15.52742955 15.87091731 19.1874669   9.67487094
  0.0680747   0.486695    0.29033238  0.0998264   0.28035806 -3.95941845
  0.73729929 -7.0220096   0.52216576 -3.33521762 -4.61517605 -4.32134335
 -3.40453405  2.35158297 -4.69958647  6.25057436  6.82179103  2.48628925
 -4.09691622  7.29258975]
2022-09-12 17:39:34,521 mloop.controllers    INFO     cost -6.970631350407342 +/- 0.0
2022-09-12 17:39:34,521 mloop.controllers    INFO     Run:82 (trainer)
2022-09-12 17:39:34,524 mloop.controllers    INFO     params [ 1.43124754e+01  8.63790424e+00  3.96434848e+00  1.90011100e+01
  1.77828822e+01  1.32630188e+01  2.39482005e-01  2.83038212e-01
  2.09977742e-01  2.89456673e-01  1.30085153e-03  6.32567641e+00
 -6.79376181e+00  7.14612040e-01 -3.38770271e-01 -7.57948872e+00
  2.53067515e+00  1.76222069e+00  3.47616369e+00  7.03050651e+00
  3.44269813e+00  7.77461450e+00 -7.76612385e+00 -6.05863068e+00
  6.35303494e+00 -2.53561510e+00]
2022-09-12 17:39:34,566 mloop.controllers    INFO     cost -6.013660293423724 +/- 0.0
2022-09-12 17:39:34,566 mloop.controllers    INFO     Run:83 (trainer)
2022-09-12 17:39:34,569 mloop.controllers    INFO     params [14.89374059  7.42243635  9.72578902  9.73134766  7.93503468 11.60124027
  0.238492    0.0890454   0.23717697  0.21737522  0.42050184 -6.50988184
  4.07242307  3.88154574 -6.06133933  0.44926668  2.6746065  -6.60080327
  5.28559149 -2.45836462  0.37104395  6.20344081 -1.32939086 -1.44847175
 -1.19803772 -4.89369938]
2022-09-12 17:39:34,616 mloop.controllers    INFO     cost -5.61140385296695 +/- 0.0
2022-09-12 17:39:34,616 mloop.controllers    INFO     Run:84 (trainer)
2022-09-12 17:39:34,619 mloop.controllers    INFO     params [ 1.52381282e+01  1.91517394e+01  1.49154995e+01  8.27699159e+00
  1.68632852e+01  1.48324348e+01  2.56815398e-01  3.93693524e-01
  1.83850910e-01  2.01607704e-02  8.61816663e-03 -5.05401226e+00
 -1.38216067e+00  5.90095312e+00  2.17474613e+00 -1.28680885e+00
  3.17862273e-01  6.19586241e+00 -3.99013923e+00 -5.21602015e+00
  3.34225922e+00  3.47134175e+00 -7.78499940e+00 -1.38353958e+00
  2.79485985e+00  3.39731250e+00]
2022-09-12 17:39:34,665 mloop.controllers    INFO     cost -5.057290739882903 +/- 0.0
2022-09-12 17:39:34,665 mloop.controllers    INFO     Run:85 (trainer)
2022-09-12 17:39:34,668 mloop.controllers    INFO     params [ 4.66842442  3.85771912  6.64270466  9.60598416 11.0837212  14.05484986
  0.13748724  0.12383039  0.09063934  0.31485864  0.43200938  2.16072593
 -0.17179862 -2.88158299 -6.21653444  6.80773198 -0.60989367 -2.31578459
 -3.12932975  0.98475752 -7.24246911  1.57397577  4.86410728  3.56870761
 -5.8797527  -1.12317084]
2022-09-12 17:39:34,717 mloop.controllers    INFO     cost -6.982928035675899 +/- 0.0
2022-09-12 17:39:34,717 mloop.controllers    INFO     Run:86 (trainer)
2022-09-12 17:39:34,721 mloop.controllers    INFO     params [15.72755539  5.37538183 16.91762146  9.52302864 16.04360733  8.5290348
  0.09146525  0.46756581  0.21947332  0.45041859  0.14376872 -5.67397647
  2.20745287  5.94115351  7.10976461  6.8925783   2.71734338  7.15761137
 -0.9237239  -0.60846342 -1.31591552 -1.33255076 -0.2535983  -4.44524718
 -2.02783331  3.33574298]
2022-09-12 17:39:34,794 mloop.controllers    INFO     cost -5.484677740556656 +/- 0.0
2022-09-12 17:39:34,796 mloop.controllers    INFO     Run:87 (trainer)
2022-09-12 17:39:34,802 mloop.controllers    INFO     params [ 4.27399727  5.83229847 17.71461248  2.19610521  7.38604556  4.48872525
  0.07504829  0.21681542  0.2502228   0.08004561  0.49324778  4.5361829
 -1.57519273 -3.31875379 -2.60688265 -3.20400524  0.16228591  4.78178795
 -4.72461009  0.57236425 -7.05078786 -0.1039766  -3.11312175  0.17028205
 -2.65505408 -7.17177201]
2022-09-12 17:39:34,859 mloop.controllers    INFO     cost -8.16283914357381 +/- 0.0
2022-09-12 17:39:34,860 mloop.controllers    INFO     Run:88 (trainer)
2022-09-12 17:39:34,862 mloop.controllers    INFO     params [11.59385708 16.68009763  5.04011071  4.1179936  13.78018238 10.62289316
  0.45842252  0.25961608  0.12190477  0.35836727  0.33210835  3.74656918
  6.67627772 -0.81506044 -3.34572061 -4.88017611  7.32786088  4.4959624
 -7.8105529  -2.51970865 -2.54079364 -0.36874906  1.4576723   0.03507376
  5.60319659 -3.69734223]
2022-09-12 17:39:34,903 mloop.controllers    INFO     cost -7.566117042363175 +/- 0.0
2022-09-12 17:39:34,904 mloop.controllers    INFO     Run:89 (trainer)
2022-09-12 17:39:34,907 mloop.controllers    INFO     params [ 3.78859523e+00  1.41823399e+01  1.13760060e+01  1.97705954e+01
  5.22891521e+00  9.67076299e+00  1.37007961e-02  2.18503896e-01
  3.61379805e-01  4.54344575e-01  3.52739623e-01 -9.27158443e-01
 -4.98060478e+00  4.47909368e+00 -2.66788004e+00 -2.67130062e+00
  2.45304321e+00 -7.55215123e-01  3.31696739e-01 -4.95645103e+00
 -5.88602059e+00  3.92784855e+00 -7.48400371e+00  1.34885963e+00
 -3.81092277e+00  3.87926316e+00]
2022-09-12 17:39:34,960 mloop.controllers    INFO     cost -7.416553247742547 +/- 0.0
2022-09-12 17:39:34,961 mloop.controllers    INFO     Run:90 (trainer)
2022-09-12 17:39:34,963 mloop.controllers    INFO     params [14.73926383 18.84410704  8.35454795 13.52404051  5.1416995   6.08873473
  0.06117179  0.45458726  0.25721506  0.0756713   0.33481185 -6.21313987
  0.89798364  5.38940548 -3.23160508  1.43469114 -4.31647505 -5.06117131
  5.2428353  -6.30059658  4.31876036 -4.53416342 -0.44282851  7.18027051
 -3.26920592 -2.6159002 ]
2022-09-12 17:39:34,999 mloop.controllers    INFO     cost -5.6534674567394845 +/- 0.0
2022-09-12 17:39:35,000 mloop.controllers    INFO     Run:91 (trainer)
2022-09-12 17:39:35,003 mloop.controllers    INFO     params [ 2.13261809  2.23484796  3.35943927 13.49713219 12.94930379  6.55671768
  0.10976942  0.49141822  0.35908953  0.27789757  0.01875646  5.96033952
  5.88088551  4.57115014 -0.18693579 -6.46693852 -6.47361738  7.45027948
  1.29237441 -5.4559164   5.28851489 -2.4058589  -6.21500395 -0.98787265
 -2.8794157   5.50794886]
2022-09-12 17:39:35,046 mloop.controllers    INFO     cost -5.729566287343035 +/- 0.0
2022-09-12 17:39:35,046 mloop.controllers    INFO     Run:92 (trainer)
2022-09-12 17:39:35,050 mloop.controllers    INFO     params [ 1.24171403e+01  1.34136007e+01  1.35097450e+01  7.10131516e+00
  1.05177078e+01  1.41957318e+01  1.94534092e-01  1.96620937e-01
  3.60559131e-01  5.20573033e-03  4.91726407e-01 -5.17126962e+00
 -7.97530251e+00 -6.67483983e+00  2.67057809e+00  7.92341958e+00
  5.66506612e+00 -6.23208812e+00 -7.89325620e-01 -6.12856292e+00
  6.90566713e+00 -2.40466788e+00 -3.75734354e+00 -7.20029149e+00
  4.85094039e+00  6.15878874e+00]
2022-09-12 17:39:35,093 mloop.controllers    INFO     cost -6.051667299844272 +/- 0.0
2022-09-12 17:39:35,093 mloop.controllers    INFO     Run:93 (trainer)
2022-09-12 17:39:35,097 mloop.controllers    INFO     params [16.27148168  5.84110501 17.44036943 12.30597038 15.13292528  6.19361022
  0.29644115  0.28355036  0.26770965  0.13856597  0.39166148  0.49495182
  6.0050713   3.46705595  7.1346564  -3.78729935  4.78656716  3.31359464
  7.53151848  1.00705771  2.39533811 -3.05446315  6.03915597 -2.50618346
 -1.45715089  7.643904  ]
2022-09-12 17:39:35,147 mloop.controllers    INFO     cost -5.092750904884847 +/- 0.0
2022-09-12 17:39:35,147 mloop.controllers    INFO     Run:94 (trainer)
2022-09-12 17:39:35,150 mloop.controllers    INFO     params [ 1.25518294e+01  1.06847708e+01  4.57190060e+00  4.06976141e+00
  1.47213753e+01  1.24154066e+01  3.45171050e-01  4.86526106e-01
  4.69229353e-01  3.15252992e-03  1.67546781e-01 -2.86808122e-01
 -4.04899311e+00 -2.44386674e+00 -6.29760964e+00  7.15119183e-01
 -1.10028351e+00 -7.41579829e-01 -4.33446818e-01  1.84270484e-01
 -1.50705056e+00  2.00133483e+00  2.33628801e+00  3.78921795e+00
 -6.57254381e+00 -5.31816789e+00]
2022-09-12 17:39:35,184 mloop.controllers    INFO     cost -8.760918943924286 +/- 0.0
2022-09-12 17:39:35,184 mloop.controllers    INFO     Run:95 (trainer)
2022-09-12 17:39:35,187 mloop.controllers    INFO     params [11.49968567 16.28225001  4.64780498  2.34475678 12.17864611  4.6609221
  0.31649183  0.45029819  0.3085193   0.1387298   0.46900336 -5.39736793
 -3.30955478 -3.55960931  3.85754124  0.9169043   7.68984801 -4.54797899
 -2.2939996   4.19882693 -1.34210511 -0.28346363  5.16749148  5.24980541
 -1.68267144  4.46739845]
2022-09-12 17:39:35,227 mloop.controllers    INFO     cost -5.613984608194716 +/- 0.0
2022-09-12 17:39:35,228 mloop.controllers    INFO     Run:96 (trainer)
2022-09-12 17:39:35,230 mloop.controllers    INFO     params [18.96777282  9.41876649  6.05617643 18.96972255  4.53636235 12.98193452
  0.21137168  0.4196392   0.25876597  0.07561653  0.0247721   5.21039863
 -6.2301279   1.33051029 -2.32586738  5.43085814 -0.16724548  6.65325241
 -7.12793731  1.37489706 -6.92387567  4.52591649  7.97966034  4.25135275
 -6.3410076  -5.66142117]
2022-09-12 17:39:35,277 mloop.controllers    INFO     cost -5.44906856986806 +/- 0.0
2022-09-12 17:39:35,278 mloop.controllers    INFO     Run:97 (trainer)
2022-09-12 17:39:35,282 mloop.controllers    INFO     params [19.97929661  9.84606048 14.68878893  9.23568449 14.50851433  9.30503546
  0.49586312  0.04151731  0.33839469  0.43973968  0.12036597  6.23768086
 -6.98242024  6.6287208  -6.67234388 -6.77393075  6.56542677  3.44495543
 -5.16476485 -1.42946533 -6.22525695  1.92661107 -7.96088469  0.78136732
 -3.65473666  5.65179555]
2022-09-12 17:39:35,318 mloop.controllers    INFO     cost -4.738046747320936 +/- 0.0
2022-09-12 17:39:35,319 mloop.controllers    INFO     Run:98 (trainer)
2022-09-12 17:39:35,322 mloop.controllers    INFO     params [ 6.07071355e+00  2.71560378e+00  9.47840978e+00  1.15424787e+01
  5.36185832e+00  1.29486653e+01  1.77598908e-01  3.56583591e-01
  9.56288453e-03  4.80350722e-01  2.55304125e-01 -4.63837009e+00
 -7.93800336e+00 -7.75348510e+00 -5.90478212e+00 -2.05749320e+00
 -5.90948472e+00 -7.65092544e+00  7.84990224e+00  1.31388750e+00
  6.85862274e+00 -4.93411286e+00  3.15877515e+00  1.96956531e+00
  2.26770833e-02 -5.85263793e+00]
2022-09-12 17:39:35,359 mloop.controllers    INFO     cost -5.739924274620006 +/- 0.0
2022-09-12 17:39:35,360 mloop.controllers    INFO     Run:99 (trainer)
2022-09-12 17:39:35,362 mloop.controllers    INFO     params [18.95400664  5.05716367 18.8583608  11.80526599 16.89184783 13.7403593
  0.15205635  0.18744102  0.20774993  0.16532841  0.11749879  0.29323682
 -2.63474927  2.38701129  4.23588309 -0.90708713 -1.26274483  0.36292105
  5.50556143  2.38758578 -5.73534187 -4.92816712 -7.59842934 -0.73832921
  7.08422089 -2.67988453]
2022-09-12 17:39:35,399 mloop.controllers    INFO     cost -7.211475927227383 +/- 0.0
2022-09-12 17:39:35,399 mloop.controllers    INFO     Run:100 (trainer)
2022-09-12 17:39:35,401 mloop.controllers    INFO     params [17.84650416  7.17689331  5.31473291 10.57293448  4.53026325  7.56606083
  0.27898839  0.41261384  0.43929696  0.24130919  0.27336789  4.11149863
 -3.04931274  3.73269243  3.24022092 -7.84574352 -0.9913792   0.51910009
 -6.50946259  7.65027372 -1.43457021  3.22742437  5.59965012  6.5770423
  5.49023384  2.51760588]
2022-09-12 17:39:35,443 mloop.controllers    INFO     cost -6.067629415956299 +/- 0.0
2022-09-12 17:39:35,443 mloop.controllers    INFO     Controller finished. Closing down M-LOOP. Please wait a moment...
2022-09-12 17:39:35,444 mloop.controllers    DEBUG    ML learner end set.
2022-09-12 17:39:36,090 mloop.neuralnet      DEBUG    Finished constructing net in: 1.6328837871551514
2022-09-12 17:39:36,181 mloop.neuralnet      INFO     Constructing net
2022-09-12 17:39:37,270 mloop.neuralnet      DEBUG    Finished constructing net in: 1.0895421504974365
2022-09-12 17:39:37,354 mloop.controllers    DEBUG    ML learner joined
2022-09-12 17:39:37,355 mloop.controllers    INFO     Machine learning learner did not provide best and/or all minima.
2022-09-12 17:39:37,356 mloop.controllers    DEBUG    Learner end event set.
2022-09-12 17:39:37,356 mloop.controllers    DEBUG    Interface end event set.
2022-09-12 17:39:37,403 mloop.learners.1     DEBUG    Learner end signal received. Ending
2022-09-12 17:39:37,404 mloop.interfaces     DEBUG    Interface ended
2022-09-12 17:39:38,405 mloop.controllers    DEBUG    Learner joined.
2022-09-12 17:39:38,406 mloop.controllers    DEBUG    Interface joined.
2022-09-12 17:39:38,428 mloop.controllers    INFO     Optimization ended because:
2022-09-12 17:39:38,428 mloop.controllers    INFO     	* Maximum number of runs reached.
2022-09-12 17:39:38,429 mloop.controllers    INFO     Results:
2022-09-12 17:39:38,429 mloop.controllers    INFO     	* Best parameters found:[ 1.25518294e+01  1.06847708e+01  4.57190060e+00  4.06976141e+00
  1.47213753e+01  1.24154066e+01  3.45171050e-01  4.86526106e-01
  4.69229353e-01  3.15252992e-03  1.67546781e-01 -2.86808122e-01
 -4.04899311e+00 -2.44386674e+00 -6.29760964e+00  7.15119183e-01
 -1.10028351e+00 -7.41579829e-01 -4.33446818e-01  1.84270484e-01
 -1.50705056e+00  2.00133483e+00  2.33628801e+00  3.78921795e+00
 -6.57254381e+00 -5.31816789e+00]
2022-09-12 17:39:38,430 mloop.controllers    INFO     	* Best cost returned:-8.760918943924286 +/- 0.0
2022-09-12 17:39:38,430 mloop.controllers    INFO     	* Best run number:94
2022-09-12 17:39:38,430 mloop.controllers    INFO     M-LOOP Done.
2022-09-12 17:39:38,431 mloop.visualizations DEBUG    Creating controller visualizations.
2022-09-12 17:39:38,612 mloop.visualizations DEBUG    Creating learner visualizations.
