2022-09-12 22:49:12,800 mloop                INFO     M-LOOP version 3.3.1
2022-09-12 22:49:12,801 mloop                DEBUG    M-LOOP Logger configured.
2022-09-12 22:49:12,801 mloop.interfaces     DEBUG    Creating interface.
2022-09-12 22:49:12,802 mloop.controllers    DEBUG    Controller init completed.
2022-09-12 22:49:12,803 mloop.learners.1     DEBUG    Learner init completed.
2022-09-12 22:49:12,804 mloop.learners.2     DEBUG    Learner init completed.
2022-09-12 22:49:12,804 mloop.controllers    INFO     Optimization started.
2022-09-12 22:49:12,806 mloop.interfaces     DEBUG    Entering main loop of interface.
2022-09-12 22:49:12,807 mloop.controllers    DEBUG    ML learner started.
2022-09-12 22:49:12,939 mloop.controllers    DEBUG    Starting training optimization.
2022-09-12 22:49:12,940 mloop.controllers    INFO     Run:1 (training)
2022-09-12 22:49:12,940 mloop.controllers    INFO     params [ 4.64506716  8.92994549  3.09859904 12.61230765 12.26020786 13.88897164
  0.47288149  0.21022703  0.39667761  0.4805668   0.46415395  1.10851321
  6.06153648 -5.98713429  2.38780189  6.30046437 -0.10700963  7.12044254
  2.35522023  7.33959797  1.53567445 -1.60638188 -4.03715454  7.28836697
  1.81559294 -1.28353842]
2022-09-12 22:49:13,055 mloop.controllers    INFO     cost -4.751193336079646 +/- 0.0
2022-09-12 22:49:13,056 mloop.controllers    INFO     Run:2 (training)
2022-09-12 22:49:13,059 mloop.controllers    INFO     params [13.30086937 10.80833992  5.1595182   3.42550751 16.54594639 14.68460106
  0.48477846  0.04274279  0.44208459  0.04455362  0.06727284  2.34557297
 -7.29191173  3.71278919  0.42163822 -1.63903933  0.72678041  0.10815899
 -2.45512284  7.76654731 -3.61210059  1.98620071 -6.59720656  7.47130783
 -3.19039765 -3.50565756]
2022-09-12 22:49:13,174 mloop.controllers    INFO     cost -7.453851609801894 +/- 0.0
2022-09-12 22:49:13,175 mloop.controllers    INFO     Run:3 (training)
2022-09-12 22:49:13,177 mloop.controllers    INFO     params [15.36264379  5.24563664  5.2427685  16.81770537  8.26287614 12.94857808
  0.3018729   0.14488981  0.05937105  0.48195862  0.30898835  3.17804381
 -2.67246187  1.47882851 -0.1468804  -4.07377181 -3.37041676  2.96894924
 -4.32886458  7.33865279  5.40098304  1.75399322  1.97861095  1.89495772
  6.29338067  6.24776504]
2022-09-12 22:49:13,279 mloop.controllers    INFO     cost -5.507039619154806 +/- 0.0
2022-09-12 22:49:13,280 mloop.controllers    INFO     Run:4 (training)
2022-09-12 22:49:13,282 mloop.controllers    INFO     params [ 1.14838584e+01  1.90959120e+01  8.12405013e+00  1.86015207e+01
  1.14605862e+01  5.72945167e+00  2.88517695e-01  1.57482066e-01
  2.79572751e-01  4.02070750e-01  4.91290725e-01  5.85757328e+00
 -4.31735727e+00 -4.70662655e+00  3.63245887e-03  6.29957093e-01
 -6.94835248e+00  5.27997552e+00  1.70238090e+00  1.35550186e+00
  5.05432137e+00  1.27252961e+00 -5.50452567e+00  4.30228815e+00
  5.70231220e+00 -5.71528147e+00]
2022-09-12 22:49:13,384 mloop.controllers    INFO     cost -6.9079666015602665 +/- 0.0
2022-09-12 22:49:13,385 mloop.controllers    INFO     Run:5 (training)
2022-09-12 22:49:13,386 mloop.controllers    INFO     params [ 4.05057936 12.45699202  7.20410124  9.85510973  3.97109021  9.9876391
  0.10774575  0.26975141  0.36136414  0.01605213  0.24877863  2.12490009
 -7.05724172  0.39788672  0.16744706  7.59345448  0.61577916 -3.12599649
 -3.13624609  6.79878331  7.63603043 -6.16112579 -0.15432845  4.29320309
  0.98891429  7.3310989 ]
2022-09-12 22:49:13,489 mloop.controllers    INFO     cost -8.718130150695705 +/- 0.0
2022-09-12 22:49:13,490 mloop.controllers    INFO     Run:6 (training)
2022-09-12 22:49:13,492 mloop.controllers    INFO     params [ 6.13036887e+00  1.86482372e+01  1.93964476e+01  1.29881352e+01
  1.95082267e+01  6.14619204e+00  1.70047301e-02  3.08188822e-01
  3.33657393e-02  2.70949490e-01  2.77851680e-01 -1.36281100e+00
  4.30211928e+00  4.05137566e+00 -1.70949835e+00 -3.01322037e+00
 -1.08329328e+00 -3.48143437e+00  7.07290187e+00  1.65019793e-01
  7.28082443e+00  5.58749405e+00  5.10057949e+00  1.17801610e+00
 -7.47605209e+00  4.73768693e-01]
2022-09-12 22:49:13,594 mloop.controllers    INFO     cost -5.790265620447089 +/- 0.0
2022-09-12 22:49:13,595 mloop.controllers    INFO     Run:7 (training)
2022-09-12 22:49:13,597 mloop.controllers    INFO     params [ 1.62419194e+01  1.04444443e+01  1.95817424e+01  7.30782302e+00
  1.39308571e+01  9.93942233e+00  2.79508353e-01  1.78660797e-01
  8.76337265e-03  4.46106104e-01  3.79109722e-01 -4.39999208e+00
 -3.27440043e+00 -1.35450562e+00  6.03151479e+00 -1.39117097e+00
 -6.94551268e+00  1.57232659e+00 -2.27549271e+00  3.40593768e+00
 -5.74049232e+00  1.72462895e+00 -5.28931948e+00  4.38379709e+00
  3.39011117e+00  3.74898924e+00]
2022-09-12 22:49:13,699 mloop.controllers    INFO     cost -5.4743784970258496 +/- 0.0
2022-09-12 22:49:13,700 mloop.controllers    INFO     Run:8 (training)
2022-09-12 22:49:13,702 mloop.controllers    INFO     params [14.4546879   4.9866024   7.43847573 16.46151269 15.20866539 11.31442847
  0.27702924  0.46153736  0.07235087  0.09821223  0.06310282 -7.2134999
  2.39522239  7.0090829   6.36610235 -6.61387485  5.24679266 -5.08123401
  7.43395014  5.43937839  6.76741649 -6.3052944  -3.04374072 -1.31880021
  4.51388121 -6.04126178]
2022-09-12 22:49:13,804 mloop.controllers    INFO     cost -4.3534629415757955 +/- 0.0
2022-09-12 22:49:13,805 mloop.controllers    INFO     Run:9 (training)
2022-09-12 22:49:13,807 mloop.controllers    INFO     params [ 5.61478634 14.34075726 11.38838498  2.40438039  4.17146429 15.85489107
  0.15667048  0.46267689  0.24062604  0.0915756   0.47159295 -1.42840022
  5.09230922 -3.8053335  -5.63806733 -5.69735704 -3.9225673  -6.28347671
 -3.8886069   5.8886565   0.8802726  -4.70480048  4.88614239  1.90468841
  2.90110095 -5.33379355]
2022-09-12 22:49:13,909 mloop.controllers    INFO     cost -5.083414730473317 +/- 0.0
2022-09-12 22:49:13,910 mloop.controllers    INFO     Run:10 (training)
2022-09-12 22:49:13,912 mloop.controllers    INFO     params [ 8.66262447  5.04918645 18.03483488 10.77664031  6.90698555  9.88817864
  0.43197473  0.42936441  0.36379863  0.20915975  0.43119337  3.39416366
 -3.00360756  3.03358991  1.19391597  5.04283975  4.69169123 -4.92146636
 -2.98727979  1.20218039 -1.09203364  4.82660976 -0.08157149  0.29211574
 -3.62452577  7.59246244]
2022-09-12 22:49:14,015 mloop.controllers    INFO     cost -8.161785926924646 +/- 0.0
2022-09-12 22:49:14,015 mloop.controllers    INFO     Run:11 (training)
2022-09-12 22:49:14,017 mloop.controllers    INFO     params [13.80717264 17.71052764  4.90479117  7.16149585 12.19846169  4.08890339
  0.19232072  0.18138302  0.32625129  0.32812312  0.37336369 -5.70199208
 -2.63409901  1.71465495 -5.49081675 -7.13209112 -0.43864636 -3.77751007
 -1.82452672  6.57950523  0.31451741  7.20248438  5.33960264 -0.72741544
  4.57127425  4.54088222]
2022-09-12 22:49:14,119 mloop.controllers    INFO     cost -6.408513791873142 +/- 0.0
2022-09-12 22:49:14,120 mloop.controllers    INFO     Run:12 (training)
2022-09-12 22:49:14,122 mloop.controllers    INFO     params [18.61017685 18.1904248   5.4111317   6.63198953  3.57967558  4.06471959
  0.05393031  0.0976665   0.05140231  0.47128395  0.29594283 -5.91605281
  1.39596498  1.77135521 -5.08137098 -0.25308596  4.5657557  -6.88787817
 -5.96421205  2.54337163 -5.71911868 -0.99952101 -5.35743923  2.30496988
  4.63689571 -4.81853365]
2022-09-12 22:49:14,224 mloop.controllers    INFO     cost -5.487926572096878 +/- 0.0
2022-09-12 22:49:14,225 mloop.controllers    INFO     Run:13 (training)
2022-09-12 22:49:14,227 mloop.controllers    INFO     params [ 8.61018267 19.83855891  7.32977102  4.46470695 15.04282688  7.41632096
  0.21587757  0.47676435  0.03644673  0.29165895  0.46159497  0.95833491
 -4.27166559  3.30442879 -4.59996052  2.472939    6.13085894  6.21515052
  3.02501625 -5.99175772  0.58947865  3.76758523  2.34020864 -6.51425629
 -6.88954519  0.12388805]
2022-09-12 22:49:14,329 mloop.controllers    INFO     cost -6.875143679129972 +/- 0.0
2022-09-12 22:49:14,331 mloop.controllers    INFO     Run:14 (training)
2022-09-12 22:49:14,334 mloop.controllers    INFO     params [15.43420482 15.1765699  15.98537972 14.90059716  9.87113908  8.54770075
  0.34617832  0.21720007  0.33669895  0.1246028   0.03848834 -4.19066578
 -0.17024935 -3.53080361 -3.84809839 -1.28070322 -5.8876465   0.54419719
 -4.70922916 -7.44582082 -6.01430418  7.74923654  7.07755707  6.34384448
 -2.35125165 -1.05830037]
2022-09-12 22:49:14,449 mloop.controllers    INFO     cost -6.067850236068826 +/- 0.0
2022-09-12 22:49:14,450 mloop.controllers    INFO     Run:15 (training)
2022-09-12 22:49:14,452 mloop.controllers    INFO     params [10.237831   11.52763657 16.9775698  19.74359618 15.46961367 11.60582232
  0.08038342  0.46974329  0.08545737  0.45326268  0.31724572  6.06809688
  1.13880154 -2.81313801 -7.8366815   6.4357759  -2.00232394 -0.0844307
 -3.44756527  5.85931847 -6.27805197 -6.96229177 -3.28529508 -3.15275701
  3.84159406 -4.53684138]
2022-09-12 22:49:14,554 mloop.controllers    INFO     cost -6.366176185511109 +/- 0.0
2022-09-12 22:49:14,555 mloop.controllers    INFO     Run:16 (training)
2022-09-12 22:49:14,557 mloop.controllers    INFO     params [ 7.01478456  2.93016984 18.44500505  7.08352402  4.69640294  6.54190284
  0.1580963   0.19134626  0.12973877  0.15220664  0.08861315  4.39413211
  2.22683763 -4.74051587 -0.14556476 -5.29064843  6.48063823 -5.14703011
 -3.1940188  -3.6956034   1.31510055  7.96748866 -7.91915692  5.13352063
 -5.05396717  2.40916189]
2022-09-12 22:49:14,659 mloop.controllers    INFO     cost -5.610239050752096 +/- 0.0
2022-09-12 22:49:14,660 mloop.controllers    INFO     Run:17 (training)
2022-09-12 22:49:14,661 mloop.controllers    INFO     params [ 5.0925226   9.15877294  6.45556864  7.14702688  8.59995652 13.81996753
  0.47606245  0.23766659  0.13593839  0.41677087  0.35180008  1.20537598
  1.85221601  7.87909735 -6.51948537 -7.73278189  5.09467729 -4.90910511
 -1.15913212  4.11657305  0.68366579  5.57721358  6.06863764  3.52630904
  0.72382483 -3.95032358]
2022-09-12 22:49:14,764 mloop.controllers    INFO     cost -4.983371195862957 +/- 0.0
2022-09-12 22:49:14,765 mloop.controllers    INFO     Run:18 (training)
2022-09-12 22:49:14,767 mloop.controllers    INFO     params [19.04812315 17.79460134  3.0442875   8.42751428  2.91261113 12.47046353
  0.24443076  0.3246994   0.06726131  0.24261225  0.45253385  4.78972798
 -3.70657102  2.59934639  2.4854089   4.20796755  4.50856509  4.38818111
 -7.44791783  6.97229322 -0.15581147 -6.90065666  2.29891978 -0.0934843
 -2.96720286 -7.68501331]
2022-09-12 22:49:14,869 mloop.controllers    INFO     cost -7.550201921418621 +/- 0.0
2022-09-12 22:49:14,870 mloop.controllers    INFO     Run:19 (training)
2022-09-12 22:49:14,872 mloop.controllers    INFO     params [ 7.81179539  2.92401352 10.79334665  4.05373634 12.90345655 10.47098577
  0.48604752  0.25975043  0.45403191  0.2161406   0.44466816  4.83188575
 -7.95140646  2.98232442  5.80575267 -5.17744357 -6.28155284 -0.56913167
  1.65530843  1.39713609  2.24679572  5.65155859 -5.25591569  0.62218323
 -3.44746364 -0.03187854]
2022-09-12 22:49:14,974 mloop.controllers    INFO     cost -7.991296900409699 +/- 0.0
2022-09-12 22:49:14,975 mloop.controllers    INFO     Run:20 (training)
2022-09-12 22:49:14,976 mloop.controllers    INFO     params [ 7.57213975 16.15465491  1.92028858  3.59013491 15.62369098  6.23814749
  0.28034445  0.25660559  0.32030548  0.13920658  0.17307213 -2.23112545
  3.82497031 -0.80221586  1.11466988  7.26221173 -7.60275196 -6.24153204
  0.38582453  6.01336213 -0.2990877  -6.84705557  0.68272346 -0.3712601
  3.62607202  3.29929078]
2022-09-12 22:49:15,080 mloop.controllers    INFO     cost -7.616536819960752 +/- 0.0
2022-09-12 22:49:15,080 mloop.controllers    INFO     Run:21 (training)
2022-09-12 22:49:15,082 mloop.controllers    INFO     params [ 6.05561290e+00  1.14551094e+01  3.72272690e+00  4.44201087e+00
  5.73599629e+00  1.09206369e+01  1.33102789e-01  9.89695383e-03
  3.76103999e-01  1.71646180e-01  1.65788818e-01  5.94887104e+00
 -1.82488374e+00 -3.60773953e+00 -3.23289687e+00 -2.80289478e+00
 -4.99748636e+00 -2.22050259e+00  7.73833139e+00  2.30750975e+00
  2.44926297e+00  7.30179965e-01 -4.85551423e+00 -4.08130121e-01
  7.93812051e+00 -7.41899849e+00]
2022-09-12 22:49:15,084 mloop.controllers    DEBUG    Starting ML optimization.
2022-09-12 22:49:15,184 mloop.controllers    INFO     cost -6.6821884305159625 +/- 0.0
2022-09-12 22:49:15,194 mloop.controllers    DEBUG    End training runs.
2022-09-12 22:49:15,194 mloop.controllers    INFO     Run:22 (machine learner)
2022-09-12 22:49:23,287 mloop.controllers    INFO     params [20.         20.          1.785       2.7028261  20.          9.50685802
  0.5         0.5         0.27878029  0.          0.09218723  8.
 -8.         -1.34617043  8.          8.          5.81620527 -8.
 -8.          8.         -4.79468725  5.33995934  8.          8.
  8.          8.        ]
2022-09-12 22:49:23,401 mloop.controllers    INFO     cost -5.028366397800487 +/- 0.0
2022-09-12 22:49:23,402 mloop.controllers    INFO     Run:23 (machine learner)
2022-09-12 22:49:25,550 mloop.controllers    INFO     params [ 3.05173694  1.785       1.785       9.27483702  3.67224746  5.23284897
  0.5         0.          0.5         0.          0.          8.
 -8.          8.          8.          8.          8.         -8.
  8.         -8.         -8.          8.         -8.         -1.37441569
 -5.59499257 -8.        ]
2022-09-12 22:49:25,657 mloop.controllers    INFO     cost -4.023761744920309 +/- 0.0
2022-09-12 22:49:25,658 mloop.controllers    INFO     Run:24 (machine learner)
2022-09-12 22:49:28,665 mloop.controllers    INFO     params [ 1.785      20.         20.         15.68162786 11.03504925 16.
  0.          0.          0.5         0.5         0.5         8.
 -5.03690828 -4.4248332  -1.33562688 -0.27938782  5.74948593 -8.
 -8.         -8.          8.         -4.74566868  8.          2.71404191
 -8.          8.        ]
2022-09-12 22:49:28,777 mloop.controllers    INFO     cost -6.307078499762142 +/- 0.0
2022-09-12 22:49:28,778 mloop.controllers    INFO     Run:25 (trainer)
2022-09-12 22:49:28,780 mloop.controllers    INFO     params [ 3.1947841   5.23081665 13.24709357  9.58945256  9.70933935 15.82346828
  0.28146045  0.14552325  0.28206534  0.0421681   0.49545827  1.31638831
 -1.5647225   2.95846403  1.04902965 -1.7056201  -3.92816469 -6.07073299
 -4.56111963 -7.96663545  7.5246222  -5.35124825  2.8596018  -5.72079551
 -0.77374209  1.49817755]
2022-09-12 22:49:28,883 mloop.controllers    INFO     cost -3.9171236485457577 +/- 0.0
2022-09-12 22:49:28,883 mloop.controllers    INFO     Run:26 (machine learner)
2022-09-12 22:49:30,743 mloop.controllers    INFO     params [ 1.65074077e+01  2.00000000e+01  2.00000000e+01  1.78500000e+00
  3.61828980e+00  1.60000000e+01  0.00000000e+00  3.45645882e-01
  5.00000000e-01  0.00000000e+00  1.04519160e-02 -8.00000000e+00
 -8.00000000e+00  8.00000000e+00 -1.73324029e+00  7.85159838e+00
 -6.56572619e+00  7.28406078e+00 -6.71077136e+00  8.00000000e+00
  8.00000000e+00 -7.80914484e+00 -8.00000000e+00  1.51872369e-01
  8.00000000e+00  5.30269390e+00]
2022-09-12 22:49:30,848 mloop.controllers    INFO     cost -5.259957154878735 +/- 0.0
2022-09-12 22:49:30,849 mloop.controllers    INFO     Run:27 (machine learner)
2022-09-12 22:49:32,786 mloop.controllers    INFO     params [ 1.91651533e+01  2.00000000e+01  2.00000000e+01  1.78500000e+00
  2.00000000e+01  1.60000000e+01  0.00000000e+00  3.35466902e-01
  2.77555756e-17  5.00000000e-01  3.70886048e-02  1.80387508e+00
 -8.00000000e+00 -8.00000000e+00 -8.00000000e+00  8.00000000e+00
  4.98361537e+00 -8.00000000e+00  8.00000000e+00  8.00000000e+00
 -1.46080151e+00 -4.05586565e+00 -8.00000000e+00 -8.00000000e+00
 -6.56294051e+00  8.00000000e+00]
2022-09-12 22:49:32,891 mloop.controllers    INFO     cost -4.34513264467067 +/- 0.0
2022-09-12 22:49:32,892 mloop.controllers    INFO     Run:28 (machine learner)
2022-09-12 22:49:34,485 mloop.controllers    INFO     params [ 1.785       1.785       1.785      14.75468249  6.55089033  4.
  0.0730892   0.          0.32932695  0.          0.34393825 -0.28781121
 -2.21982762 -2.3199813   4.91693419  8.         -8.         -8.
  8.          7.77125055  6.83599428 -8.          8.         -8.
  8.         -7.00687548]
2022-09-12 22:49:34,588 mloop.controllers    INFO     cost -5.8083596551303796 +/- 0.0
2022-09-12 22:49:34,589 mloop.controllers    INFO     Run:29 (trainer)
2022-09-12 22:49:34,590 mloop.controllers    INFO     params [ 9.85967253e+00  9.39905096e+00  1.46198299e+01  6.43477476e+00
  1.06528898e+01  6.12667791e+00  2.67041651e-01  9.76503227e-03
  3.47991570e-01  1.86132145e-01  2.91191171e-01  7.88046324e+00
  1.51047421e+00  5.18599085e+00 -2.00998145e+00  7.35722977e+00
 -2.69459809e+00  1.14476328e+00  1.75853228e+00  5.17040520e+00
 -1.99079084e+00 -3.60717598e+00  6.53560614e+00  2.24390353e+00
  1.19077681e+00 -7.93199136e+00]
2022-09-12 22:49:34,693 mloop.controllers    INFO     cost -4.944735490072988 +/- 0.0
2022-09-12 22:49:34,694 mloop.controllers    INFO     Run:30 (machine learner)
2022-09-12 22:49:36,581 mloop.controllers    INFO     params [ 4.92197101  8.27846067 20.         10.08884686 11.99769135  4.84684315
  0.09832476  0.5         0.43405727  0.          0.29020496  8.
  8.          0.78963135 -4.80351654 -2.71515793  6.89066326  0.18185242
 -2.47768019  8.         -8.          8.          6.52681537  8.
  2.61931147 -8.        ]
2022-09-12 22:49:36,689 mloop.controllers    INFO     cost -6.539490314238471 +/- 0.0
2022-09-12 22:49:36,690 mloop.controllers    INFO     Run:31 (machine learner)
2022-09-12 22:49:39,039 mloop.controllers    INFO     params [ 1.78500000e+00  2.00000000e+01  1.78500000e+00  2.00000000e+01
  1.78500000e+00  5.29677801e+00  1.01143410e-01  4.99302595e-01
  2.77555756e-17  4.33388241e-01  5.00000000e-01 -8.00000000e+00
  7.90838119e-02 -8.00000000e+00  3.65918812e+00  8.00000000e+00
  4.20463277e+00 -8.00000000e+00 -8.00000000e+00  5.87765005e+00
  3.68366542e+00 -8.00000000e+00  8.00000000e+00 -8.00000000e+00
 -8.00000000e+00  4.01647294e+00]
2022-09-12 22:49:39,150 mloop.controllers    INFO     cost -5.477634343251325 +/- 0.0
2022-09-12 22:49:39,151 mloop.controllers    INFO     Run:32 (machine learner)
2022-09-12 22:49:42,125 mloop.controllers    INFO     params [ 1.785      15.20405924  4.84988555 15.1774114   2.82485019  7.83160206
  0.5         0.5         0.5         0.5         0.5         7.12417335
 -8.          8.          8.          8.         -8.          3.81616402
 -4.42211937 -8.         -1.40853906 -8.         -8.         -8.
  2.94192207 -3.31008666]
2022-09-12 22:49:42,241 mloop.controllers    INFO     cost -4.4293368168481315 +/- 0.0
2022-09-12 22:49:42,242 mloop.controllers    INFO     Run:33 (trainer)
2022-09-12 22:49:42,244 mloop.controllers    INFO     params [ 4.55924156 13.0895471  14.62857321 16.81803296 14.06924996  6.52453634
  0.40011267  0.48413521  0.4549482   0.11445539  0.45154501 -5.46565798
  1.90325339  4.79312316 -4.41720345 -2.858601   -0.26399501 -3.12916237
  3.87023628  2.40049517 -0.12508464 -3.18162856 -0.57804407  5.4425153
  1.07989723  4.86675029]
2022-09-12 22:49:42,346 mloop.controllers    INFO     cost -6.963474498667479 +/- 0.0
2022-09-12 22:49:42,347 mloop.controllers    INFO     Run:34 (machine learner)
2022-09-12 22:49:44,446 mloop.controllers    INFO     params [ 7.19168893 11.23196801 20.          1.785       1.785       6.34772807
  0.5         0.35486762  0.11641412  0.5         0.03124621  8.
 -8.         -8.         -8.         -8.          8.         -2.5061359
  8.          5.78338067 -1.88345156  8.         -7.30205942 -3.12564251
 -8.         -1.60168225]
2022-09-12 22:49:44,551 mloop.controllers    INFO     cost -5.084610149827919 +/- 0.0
2022-09-12 22:49:44,552 mloop.controllers    INFO     Run:35 (machine learner)
2022-09-12 22:49:46,755 mloop.controllers    INFO     params [ 1.785      12.20736546  7.46335655 11.40366064  1.785      11.9898522
  0.15442376  0.0998978   0.5         0.          0.26551774  3.75659731
 -8.         -8.          4.78009042  8.          1.74247898 -1.17011417
 -8.          8.          8.         -8.         -1.01333922  8.
  5.68125965  8.        ]
2022-09-12 22:49:46,861 mloop.controllers    INFO     cost -4.702565321590612 +/- 0.0
2022-09-12 22:49:46,862 mloop.controllers    INFO     Run:36 (machine learner)
2022-09-12 22:49:48,867 mloop.controllers    INFO     params [20.          1.785       1.785       7.81817345  8.36155464 14.01442452
  0.03350434  0.5         0.11039071  0.          0.49805292  8.
  1.34020916 -3.44021272 -8.          8.          8.          5.54256246
 -7.45301932  5.58666655  8.         -8.         -8.         -8.
 -8.         -2.2018401 ]
2022-09-12 22:49:48,980 mloop.controllers    INFO     cost -4.297931139236753 +/- 0.0
2022-09-12 22:49:48,981 mloop.controllers    INFO     Run:37 (trainer)
2022-09-12 22:49:48,982 mloop.controllers    INFO     params [15.07526423  7.02518607  2.83949717 17.6392027   2.42965618  9.83513488
  0.08813624  0.03693872  0.20778417  0.05758048  0.08588171 -5.00339414
 -2.97518264  1.68938157 -6.48226285  1.28643073 -7.16216317 -6.46760655
 -5.16133374 -2.88514482 -4.35116743 -6.042174    1.943812    4.29359132
  5.24105065  2.48069839]
2022-09-12 22:49:49,085 mloop.controllers    INFO     cost -5.751589265033393 +/- 0.0
2022-09-12 22:49:49,086 mloop.controllers    INFO     Run:38 (machine learner)
2022-09-12 22:49:51,629 mloop.controllers    INFO     params [14.55529432 20.         11.83122606  1.785       6.84208591  4.
  0.18547672  0.06657119  0.5         0.          0.5         8.
 -8.          7.81617985 -4.57485333  1.7475399   0.49846682  3.70989192
  8.         -8.         -2.88661995  8.          4.2686509   8.
 -8.          6.7663378 ]
2022-09-12 22:49:51,743 mloop.controllers    INFO     cost -5.230093090755858 +/- 0.0
2022-09-12 22:49:51,744 mloop.controllers    INFO     Run:39 (machine learner)
2022-09-12 22:49:54,263 mloop.controllers    INFO     params [ 3.24605597 17.44380824  1.785      16.02739934  4.35028327 11.10743699
  0.3292418   0.3982635   0.5         0.          0.          0.37695824
 -8.         -2.97844897 -2.41984014  4.31313632 -4.00060494 -8.
 -2.6762833   6.16973722  4.13891239 -8.         -5.20849198  0.54198137
 -5.98429593  8.        ]
2022-09-12 22:49:54,375 mloop.controllers    INFO     cost -6.26209307514254 +/- 0.0
2022-09-12 22:49:54,376 mloop.controllers    INFO     Run:40 (machine learner)
2022-09-12 22:49:56,749 mloop.controllers    INFO     params [ 8.85009012  9.68483102  4.58499349 14.64518788  1.785       4.
  0.130375    0.44280691  0.46886036  0.          0.48657594  8.
 -6.11976199  2.65117608  4.3367848   4.83649747 -2.01986614 -8.
 -2.51820691  7.38587582  8.         -8.          2.79461948  7.94752645
 -1.23311572  7.05098671]
2022-09-12 22:49:56,851 mloop.controllers    INFO     cost -4.681534940487538 +/- 0.0
2022-09-12 22:49:56,852 mloop.controllers    INFO     Run:41 (trainer)
2022-09-12 22:49:56,854 mloop.controllers    INFO     params [ 3.06858607e+00  7.98687592e+00  4.33619385e+00  5.15918904e+00
  1.02282513e+01  1.53845829e+01  1.96313387e-01  2.56128014e-01
  3.14162789e-01  2.37361852e-01  5.11306705e-04  1.75645104e-02
 -7.27856693e+00 -1.17895753e+00  7.57294311e+00  1.36371409e+00
  6.44732190e+00  1.73484152e+00  3.49937237e+00  5.28553383e+00
  9.93114138e-01  7.82676255e+00 -6.74173085e+00 -4.06770588e+00
 -3.75187502e+00  1.36384273e+00]
2022-09-12 22:49:56,956 mloop.controllers    INFO     cost -5.375855451549614 +/- 0.0
2022-09-12 22:49:56,957 mloop.controllers    INFO     Run:42 (machine learner)
2022-09-12 22:49:59,379 mloop.controllers    INFO     params [ 1.785      20.          3.99356334 20.         14.73909863 13.18251846
  0.          0.5         0.29805101  0.          0.09330303  8.
 -8.         -8.         -1.3391303   8.         -8.          3.35409124
  0.76980867  8.          8.         -8.          4.0576913  -1.46382578
  8.          8.        ]
2022-09-12 22:49:59,483 mloop.controllers    INFO     cost -4.322939789726852 +/- 0.0
2022-09-12 22:49:59,483 mloop.controllers    INFO     Run:43 (machine learner)
2022-09-12 22:50:02,114 mloop.controllers    INFO     params [ 1.785       7.03131513  1.785      14.79710907  2.6507      7.63447826
  0.23361645  0.40124386  0.37658271  0.          0.0884284   5.04166501
 -7.40959303 -3.6456696  -4.62278766  8.         -5.15193526 -1.20799882
 -7.33622884  8.          8.         -2.47794063 -8.          8.
 -5.65848274  8.        ]
2022-09-12 22:50:02,228 mloop.controllers    INFO     cost -4.649777666170723 +/- 0.0
2022-09-12 22:50:02,229 mloop.controllers    INFO     Run:44 (machine learner)
2022-09-12 22:50:05,316 mloop.controllers    INFO     params [ 1.785      13.22036313 12.00345506 14.69719215  3.88512142  4.19203041
  0.5         0.39834611  0.37961331  0.          0.03605474  0.54041263
 -3.34397338  0.61119989 -2.41900857  8.         -8.         -8.
 -1.68042823  8.          8.         -8.         -5.87090194  5.05143387
  2.1806944   8.        ]
2022-09-12 22:50:05,428 mloop.controllers    INFO     cost -5.595406197737193 +/- 0.0
2022-09-12 22:50:05,429 mloop.controllers    INFO     Run:45 (trainer)
2022-09-12 22:50:05,431 mloop.controllers    INFO     params [ 4.55994693e+00  9.22445208e+00  9.66779141e+00  9.23666867e+00
  1.67996865e+01  4.16043268e+00  4.67044531e-01  4.07310303e-01
  7.94378699e-04  2.67071527e-01  2.46387533e-01 -2.83277943e+00
  7.73016017e+00  2.58396207e+00  7.28125697e+00 -3.59482153e+00
 -6.07401090e-01 -7.40967515e+00  1.83378504e+00  4.71910780e+00
 -7.89879974e+00 -3.78945169e+00 -2.67432812e+00 -1.83107951e+00
 -8.18886706e-01  6.82497883e+00]
2022-09-12 22:50:05,533 mloop.controllers    INFO     cost -4.911025502572669 +/- 0.0
2022-09-12 22:50:05,534 mloop.controllers    INFO     Run:46 (machine learner)
2022-09-12 22:50:08,112 mloop.controllers    INFO     params [17.48765368 20.          7.5693983   1.785      20.          7.81846921
  0.14226194  0.          0.38072717  0.07770167  0.          5.82027684
 -4.64993704  8.          1.538002    7.82824675  8.         -3.94715101
  2.44775265  7.06896514  8.         -4.20132055  8.          6.6774328
 -2.68092864  3.20348098]
2022-09-12 22:50:08,219 mloop.controllers    INFO     cost -4.75109933417389 +/- 0.0
2022-09-12 22:50:08,220 mloop.controllers    INFO     Run:47 (machine learner)
2022-09-12 22:50:10,883 mloop.controllers    INFO     params [ 2.55598906 20.          5.06326094  6.96410034  6.23523721  5.88840963
  0.          0.15955499  0.5         0.10170518  0.41689922  8.
 -7.47248837  7.98718427  4.33613425  8.         -0.17064697 -4.12884903
  2.31741453  8.          3.74429047 -8.         -1.96600085 -0.31600175
 -3.28787508  2.13651414]
2022-09-12 22:50:10,985 mloop.controllers    INFO     cost -6.638137541121604 +/- 0.0
2022-09-12 22:50:10,986 mloop.controllers    INFO     Run:48 (machine learner)
2022-09-12 22:50:13,551 mloop.controllers    INFO     params [ 8.49304233  3.5718516  20.          6.98967567  1.785      14.51552886
  0.40866302  0.42871937  0.23224017  0.          0.42927844  5.09960094
  0.42846905  1.05797935 -6.92840909  8.          0.53835971 -6.29434067
 -7.39402635 -1.0537399  -7.68186507  8.          8.         -0.39706002
 -4.64694948  8.        ]
2022-09-12 22:50:13,662 mloop.controllers    INFO     cost -6.850456264926994 +/- 0.0
2022-09-12 22:50:13,663 mloop.controllers    INFO     Run:49 (trainer)
2022-09-12 22:50:13,665 mloop.controllers    INFO     params [ 9.71548901 10.99891978 11.69840342  8.85817315 17.72679838  7.12939078
  0.20526976  0.2056137   0.2227122   0.13148919  0.0674286  -4.52663869
 -2.02581954  5.7502485   7.06422872  6.65508067 -2.39278853  4.57536586
  1.62028687  7.01387624 -3.73501107  3.56699635 -3.88529995 -2.65737882
  2.95873868  1.46290774]
2022-09-12 22:50:13,767 mloop.controllers    INFO     cost -5.873719139136437 +/- 0.0
2022-09-12 22:50:13,768 mloop.controllers    INFO     Run:50 (machine learner)
2022-09-12 22:50:16,605 mloop.controllers    INFO     params [ 7.81537684 17.18091242 15.2521     11.37457387  3.279788   10.13945989
  0.12782394  0.41908696  0.42936457  0.13159151  0.1772002   8.
 -5.68051019  3.51156477  1.50903637  8.          1.32762274 -6.13646026
 -8.          8.          3.97584104 -2.05420593 -2.58223666  3.20686384
 -3.09675591  4.43754661]
2022-09-12 22:50:16,709 mloop.controllers    INFO     cost -6.101263030893378 +/- 0.0
2022-09-12 22:50:16,710 mloop.controllers    INFO     Run:51 (machine learner)
2022-09-12 22:50:19,262 mloop.controllers    INFO     params [ 3.76711879 10.59922781  6.53912627 11.35907608  3.85200124 12.40987423
  0.16678205  0.30039552  0.42181546  0.          0.22132491  0.22402905
 -8.         -0.12170526  2.26261848  6.79144235  1.20233073 -7.21451851
 -3.00389391  4.88682415  6.211702   -8.          0.91734591  5.6107698
  0.57134942  8.        ]
2022-09-12 22:50:19,364 mloop.controllers    INFO     cost -9.022307399252789 +/- 0.0
2022-09-12 22:50:19,365 mloop.controllers    INFO     Run:52 (machine learner)
2022-09-12 22:50:21,823 mloop.controllers    INFO     params [ 4.36426334 10.23526823  8.3367104  11.32773582  4.08177753 10.0411819
  0.15567568  0.29104355  0.38655915  0.08827702  0.22360006  2.05479318
 -8.          0.54639518 -1.0110991   8.          1.01453344 -1.81613971
 -2.63648021  8.          8.         -8.         -1.06090884  5.17262144
  1.54384539  8.        ]
2022-09-12 22:50:21,926 mloop.controllers    INFO     cost -7.5446174593733275 +/- 0.0
2022-09-12 22:50:21,927 mloop.controllers    INFO     Run:53 (trainer)
2022-09-12 22:50:21,928 mloop.controllers    INFO     params [11.89410494  2.7350556  14.85786531 10.01558796 12.98557764  4.32358865
  0.14960175  0.11240897  0.2925044   0.07775148  0.33745065  3.80121547
  6.41674581 -3.84728413 -0.77689699 -6.88928563  7.79954319 -7.23392768
  5.79816597  1.42432616  5.95604001 -3.62125125 -4.22361358  6.31098834
  1.57079174 -5.18455682]
2022-09-12 22:50:22,031 mloop.controllers    INFO     cost -4.738048259971484 +/- 0.0
2022-09-12 22:50:22,032 mloop.controllers    INFO     Run:54 (machine learner)
2022-09-12 22:50:25,465 mloop.controllers    INFO     params [ 6.34096905 14.47650536  4.23487993  7.50199987  7.13881032 10.07306553
  0.25782783  0.19555308  0.37839137  0.          0.1009678  -3.8322431
 -6.99670037 -2.0088177   6.34122042  7.91156022  3.40395504 -6.1973939
  1.80868806  5.56041738  3.56840058 -8.          3.13336821  3.77509906
  3.26857561  7.83377382]
2022-09-12 22:50:25,572 mloop.controllers    INFO     cost -5.205963511366822 +/- 0.0
2022-09-12 22:50:25,573 mloop.controllers    INFO     Run:55 (machine learner)
2022-09-12 22:50:27,735 mloop.controllers    INFO     params [ 1.785      11.79594715  8.1527717   9.68299232  3.26131839 13.17172093
  0.12173272  0.29549334  0.46796752  0.          0.23445037  0.03627534
 -8.          0.86588671  3.57742229  6.64694547  1.55225635 -8.
 -2.98676393  5.43138027  5.62726902 -8.          1.03275764  5.83777363
 -0.1487905   8.        ]
2022-09-12 22:50:27,843 mloop.controllers    INFO     cost -6.424188508450648 +/- 0.0
2022-09-12 22:50:27,844 mloop.controllers    INFO     Run:56 (machine learner)
2022-09-12 22:50:30,771 mloop.controllers    INFO     params [ 2.7075     12.53231338  3.39584192  7.52496754  5.43985924 11.49988412
  0.12661482  0.28030357  0.36826634  0.          0.21308811 -0.05977346
 -8.          1.00044067  0.6863885   8.          1.70293655 -3.24305866
 -3.2501549   7.1902539   7.24514089 -8.          0.88844941  6.05013763
 -0.25857545  8.        ]
2022-09-12 22:50:30,874 mloop.controllers    INFO     cost -6.357823555721311 +/- 0.0
2022-09-12 22:50:30,875 mloop.controllers    INFO     Run:57 (trainer)
2022-09-12 22:50:30,876 mloop.controllers    INFO     params [ 6.68124974  4.86812427  8.98127884 18.66762931 17.66714933  4.60664167
  0.15194843  0.11019629  0.31093919  0.04711907  0.16913462 -1.18562492
  7.3395989  -3.18495777  5.2123983  -0.59377684  3.0354931   2.42708474
 -7.6121618  -7.70414616  3.24199322 -0.62962701 -6.8526674  -2.19053477
  7.49800865 -1.26935652]
2022-09-12 22:50:30,980 mloop.controllers    INFO     cost -5.369414215349145 +/- 0.0
2022-09-12 22:50:30,980 mloop.controllers    INFO     Run:58 (machine learner)
2022-09-12 22:50:34,269 mloop.controllers    INFO     params [ 7.97692576 19.71559883 10.31102992 13.35054759  1.785       5.85419608
  0.18767199  0.31674523  0.49944312  0.06395911  0.28422052 -1.40483491
 -8.         -2.59028397  1.59857171  7.59988758  1.08216347 -3.49799632
 -5.81551852  8.          8.         -8.          7.62589994  3.2198389
  5.42127831  8.        ]
2022-09-12 22:50:34,372 mloop.controllers    INFO     cost -4.874627781203236 +/- 0.0
2022-09-12 22:50:34,373 mloop.controllers    INFO     Run:59 (machine learner)
2022-09-12 22:50:36,970 mloop.controllers    INFO     params [ 4.78122128 10.40321353  6.2301488  11.73612464  5.13262734 11.97670162
  0.18837269  0.3326797   0.42784969  0.          0.21774839  0.23991283
 -8.         -1.99673776  1.62287072  7.58409     1.45145747 -8.
 -2.6587075   2.60490172  6.29478688 -8.          2.03204982  3.73755554
  1.39738163  8.        ]
2022-09-12 22:50:37,081 mloop.controllers    INFO     cost -6.151632921498335 +/- 0.0
2022-09-12 22:50:37,082 mloop.controllers    INFO     Run:60 (machine learner)
2022-09-12 22:50:40,278 mloop.controllers    INFO     params [ 5.58286113  9.39402117  7.252329   13.35779467  4.03931433 13.84264914
  0.17607142  0.29292215  0.45913956  0.          0.2690782   1.33671663
 -7.91607908 -1.82688648  2.41894127  7.86515356  2.2154229  -8.
 -4.6966319   4.42665166  5.28452444 -7.71861674  1.5685659   5.66338618
  2.28469729  8.        ]
2022-09-12 22:50:40,386 mloop.controllers    INFO     cost -4.386406444601428 +/- 0.0
2022-09-12 22:50:40,387 mloop.controllers    INFO     Run:61 (trainer)
2022-09-12 22:50:40,389 mloop.controllers    INFO     params [ 3.89835592  6.82325815  5.27582276 17.93179386  9.22483443  4.44513955
  0.07931858  0.21733338  0.10941167  0.38905796  0.47500635  5.65596743
 -2.1240553  -1.35897368  4.93615206 -5.62357613 -5.45138509 -7.25428666
 -7.55738101  7.20808275 -3.56067004 -5.93804676  6.87439535 -3.15183431
  0.10186909  0.39439215]
2022-09-12 22:50:40,491 mloop.controllers    INFO     cost -5.76193545613244 +/- 0.0
2022-09-12 22:50:40,492 mloop.controllers    INFO     Run:62 (machine learner)
2022-09-12 22:50:45,395 mloop.controllers    INFO     params [ 4.57265123 15.74452319  7.6877491  13.09149031  1.785      12.17588085
  0.12282297  0.35604767  0.40679341  0.          0.13989278  1.02328814
 -5.32499273  0.11509985  2.71649046  6.16614245  1.3277737  -7.292588
 -4.74552941  8.          5.67553572 -7.617114   -2.88451365  4.08381106
 -0.95951557  8.        ]
2022-09-12 22:50:45,505 mloop.controllers    INFO     cost -5.802164051020984 +/- 0.0
2022-09-12 22:50:45,506 mloop.controllers    INFO     Run:63 (machine learner)
2022-09-12 22:50:48,584 mloop.controllers    INFO     params [ 8.38663002  3.25475092  5.97620511  9.94556871  8.75426771  4.
  0.16215714  0.3953977   0.5         0.          0.4518757   4.93263195
 -7.92048441 -2.23715713  3.60852857 -0.44524091 -4.31067817  3.63237289
 -1.4273066   1.16822314  5.53368334 -0.90335868  8.          2.43489044
 -8.          5.43209516]
2022-09-12 22:50:48,694 mloop.controllers    INFO     cost -5.378875637042117 +/- 0.0
2022-09-12 22:50:48,695 mloop.controllers    INFO     Run:64 (machine learner)
2022-09-12 22:50:51,987 mloop.controllers    INFO     params [ 1.78500000e+00  1.19678611e+01  1.71241584e+01  7.11438245e+00
  1.06920356e+01  6.57672673e+00  2.66655879e-01  2.25731443e-01
  2.77555756e-17  3.00121804e-02  3.57450569e-01 -4.62760280e+00
 -9.89818291e-01  2.86581219e+00 -8.00000000e+00  7.66016715e+00
  4.70683005e+00  8.00000000e+00 -8.00000000e+00  5.75309124e+00
  3.97354109e+00  1.01195573e+00  1.72869999e+00  8.00000000e+00
  5.58635265e+00  7.69262204e+00]
2022-09-12 22:50:52,097 mloop.controllers    INFO     cost -5.397826872966183 +/- 0.0
2022-09-12 22:50:52,098 mloop.controllers    INFO     Run:65 (trainer)
2022-09-12 22:50:52,099 mloop.controllers    INFO     params [11.92264037  3.20867703  3.33855093  8.70583011 15.97306606  6.76705497
  0.03393825  0.14756483  0.04026296  0.41064123  0.35851219  7.67588033
  5.02989056 -5.2010388  -7.87074945  4.57648083 -3.7178763  -2.33300546
 -6.67963819  3.59674031 -5.33679718 -3.5323347   2.64477051  3.61965097
 -0.98135964  3.37136106]
2022-09-12 22:50:52,202 mloop.controllers    INFO     cost -4.468097729909039 +/- 0.0
2022-09-12 22:50:52,203 mloop.controllers    INFO     Run:66 (machine learner)
2022-09-12 22:50:57,179 mloop.controllers    INFO     params [ 9.90297703e+00  2.00000000e+01  7.30664092e+00  1.06157922e+01
  4.54269194e+00  1.00622792e+01  3.87062986e-01  1.61034657e-01
  4.60874836e-01  1.95404228e-02  2.81265224e-01  9.26528919e-01
 -8.00000000e+00 -2.02654005e+00  1.67446511e+00 -6.21578806e-01
  6.43995541e+00 -8.00000000e+00 -1.43095191e+00  5.36944587e+00
  8.00000000e+00 -3.52918155e+00  7.15740127e+00  5.42414448e+00
 -3.54689309e+00  4.24774369e-01]
2022-09-12 22:50:57,281 mloop.controllers    INFO     cost -7.281991855196087 +/- 0.0
2022-09-12 22:50:57,282 mloop.controllers    INFO     Run:67 (machine learner)
2022-09-12 22:51:00,803 mloop.controllers    INFO     params [ 2.81597992 10.93858562  6.19851565 12.12729678  3.30676068 11.1528496
  0.16196482  0.22211356  0.38032735  0.          0.20265865  1.30809168
 -8.         -0.45448094 -0.56925297  7.46768085  0.5027689  -5.37714858
 -3.13153778  4.37187415  6.96457497 -7.31330442  0.15929649  3.59861859
  3.03574914  8.        ]
2022-09-12 22:51:00,906 mloop.controllers    INFO     cost -8.007489019982556 +/- 0.0
2022-09-12 22:51:00,907 mloop.controllers    INFO     Run:68 (machine learner)
2022-09-12 22:51:04,221 mloop.controllers    INFO     params [ 2.42790144 11.17792534  6.53131655 12.01547174  5.18437223 10.0506
  0.14898096  0.27742965  0.43320145  0.04856912  0.23056835  2.50078979
 -8.         -0.79606945  2.32747394  4.70290325  0.24869625 -8.
 -1.63351977  5.38830433  7.23436161 -6.15412553 -0.09396202  4.66284531
  2.05505347  8.        ]
2022-09-12 22:51:04,326 mloop.controllers    INFO     cost -8.953223525241423 +/- 0.0
2022-09-12 22:51:04,327 mloop.controllers    INFO     Run:69 (trainer)
2022-09-12 22:51:04,328 mloop.controllers    INFO     params [ 6.03572557 14.08232504 10.53677951  3.1750638  13.48055243  7.83655839
  0.17269821  0.16179273  0.24836516  0.30726814  0.15121018 -0.34366354
 -7.76171333 -6.11692128 -4.69067451 -6.57637184  2.15779152 -3.29992665
  1.85619427  4.42634379  6.6250853  -7.70990224  7.21652417  5.53525202
 -5.00411666  0.97297155]
2022-09-12 22:51:04,431 mloop.controllers    INFO     cost -6.743242266802179 +/- 0.0
2022-09-12 22:51:04,432 mloop.controllers    INFO     Run:70 (machine learner)
2022-09-12 22:51:09,513 mloop.controllers    INFO     params [ 4.29806879 11.89829059  9.88311128 12.99457296  2.57311849 12.78131509
  0.1348839   0.23842427  0.44139191  0.          0.15479696  3.07526934
 -8.          0.14013682  3.45694573  6.48824137  2.59911413 -8.
 -2.88372211  3.27600371  5.69272726 -7.02040186 -0.18473707  6.49744347
  2.02251626  8.        ]
2022-09-12 22:51:09,628 mloop.controllers    INFO     cost -6.927615552507476 +/- 0.0
2022-09-12 22:51:09,629 mloop.controllers    INFO     Run:71 (machine learner)
2022-09-12 22:51:13,149 mloop.controllers    INFO     params [ 3.80629279 11.60010763  5.86050601  8.34401791  4.03933003 11.41556141
  0.07115725  0.35394855  0.39010779  0.          0.19125235  1.16212628
 -8.          0.5406156   3.0809705   5.61322778  0.77915448 -8.
 -1.84902361  5.85317538  6.07871336 -8.          1.16111379  5.89260834
 -0.29068806  7.52059765]
2022-09-12 22:51:13,262 mloop.controllers    INFO     cost -6.275659064734715 +/- 0.0
2022-09-12 22:51:13,263 mloop.controllers    INFO     Run:72 (machine learner)
2022-09-12 22:51:17,069 mloop.controllers    INFO     params [ 3.33357726 11.09490343  7.65114554 11.23864001  4.06058115 11.33898687
  0.13329989  0.27079387  0.45072515  0.          0.24429166  1.20660926
 -8.         -0.31812396  1.01438849  7.28920669  0.11547818 -7.56060186
 -3.0273972   6.37864379  6.89977248 -7.87165872 -0.28346816  5.44833121
  0.90799537  8.        ]
2022-09-12 22:51:17,184 mloop.controllers    INFO     cost -8.788511027483835 +/- 0.0
2022-09-12 22:51:17,185 mloop.controllers    INFO     Run:73 (trainer)
2022-09-12 22:51:17,186 mloop.controllers    INFO     params [10.96973808  5.73097546  8.83799047  5.86575503 14.77204664 14.00114773
  0.3911798   0.48069144  0.02209354  0.09838346  0.1495031   1.68892903
 -1.05571791  0.55641493 -4.99906702 -2.66586962 -1.22560786  2.92913798
 -5.85828719 -6.53509458  3.78304035  2.61150217 -7.19465007  0.96375618
 -5.325415    0.36904576]
2022-09-12 22:51:17,289 mloop.controllers    INFO     cost -6.8475946439427275 +/- 0.0
2022-09-12 22:51:17,290 mloop.controllers    INFO     Run:74 (machine learner)
2022-09-12 22:51:22,656 mloop.controllers    INFO     params [ 3.77078255 10.22199811  5.31424413 12.14462463  4.29978264 12.12947428
  0.14273177  0.28121816  0.39350803  0.05341897  0.24462277  0.22885765
 -8.          0.51662562  4.78484468  6.96099608 -0.59841562 -8.
 -2.42725309  3.82110017  6.32745908 -7.99534963  1.70046893  4.84230004
  0.26044636  6.81132836]
2022-09-12 22:51:22,771 mloop.controllers    INFO     cost -8.153551926224319 +/- 0.0
2022-09-12 22:51:22,772 mloop.controllers    INFO     Run:75 (machine learner)
2022-09-12 22:51:26,138 mloop.controllers    INFO     params [ 3.42738936 12.85273725  7.41415462 12.26711887  4.24953073  9.88588256
  0.1827235   0.24464574  0.41139328  0.          0.26611017  1.17675238
 -8.         -0.58472972  0.82140839  5.64980563  1.59721643 -5.50289969
 -3.24829974  4.10786808  7.29962692 -6.48928409  0.24816145  3.5784636
  1.49762914  8.        ]
2022-09-12 22:51:26,248 mloop.controllers    INFO     cost -6.3684608665563545 +/- 0.0
2022-09-12 22:51:26,249 mloop.controllers    INFO     Run:76 (machine learner)
2022-09-12 22:51:29,381 mloop.controllers    INFO     params [ 3.18965103 10.46066189  5.97482765 10.24924878  5.19212031 10.50708131
  0.19632182  0.34328023  0.4268943   0.05658837  0.24643667  0.58983156
 -8.         -0.49606011  3.1475094   3.50983178  0.54840189 -6.65313679
 -2.25117821  3.94990625  6.79257994 -7.44557532  1.90582208  4.53775005
  1.47951986  6.20822258]
2022-09-12 22:51:29,483 mloop.controllers    INFO     cost -8.153231643353946 +/- 0.0
2022-09-12 22:51:29,484 mloop.controllers    INFO     Run:77 (trainer)
2022-09-12 22:51:29,486 mloop.controllers    INFO     params [16.76794436 15.77067944  8.6644345   6.89936917 11.35509443 11.60572559
  0.09475724  0.19333159  0.44464358  0.16173627  0.46647004 -1.87979408
  6.03216345 -7.70112455  7.20749841  7.0186725  -1.51046322  7.68793674
  2.36922793  5.25523249  5.72166373 -0.24281192 -5.93764766 -2.60106654
  2.46612493  7.42690703]
2022-09-12 22:51:29,588 mloop.controllers    INFO     cost -6.168327947047215 +/- 0.0
2022-09-12 22:51:29,594 mloop.controllers    INFO     Run:78 (machine learner)
2022-09-12 22:51:35,019 mloop.controllers    INFO     params [ 5.34342042 11.15500049  8.07352569 12.87746522  4.20288738 11.75954642
  0.14344691  0.29388982  0.43694539  0.          0.13267714  3.25985963
 -7.49796418 -2.32767057  2.12683179  5.89949265  2.27461976 -8.
 -3.05233358  4.78291237  5.13426985 -5.25579024  1.03137031  6.82836858
  1.989498    8.        ]
2022-09-12 22:51:35,135 mloop.controllers    INFO     cost -5.697350473328633 +/- 0.0
2022-09-12 22:51:35,136 mloop.controllers    INFO     Run:79 (machine learner)
2022-09-12 22:51:38,749 mloop.controllers    INFO     params [ 3.29246257  9.39118958  4.99943567 12.57162433  4.01351363 11.94815015
  0.06549742  0.29319258  0.46513192  0.          0.15220589  1.25101917
 -8.          0.75927589  2.1880147   5.19977444 -2.89491722 -8.
 -1.71240183  6.42091349  4.53713623 -8.          1.39808056  6.19915302
  1.75665998  8.        ]
2022-09-12 22:51:38,856 mloop.controllers    INFO     cost -4.160961427158287 +/- 0.0
2022-09-12 22:51:38,857 mloop.controllers    INFO     Run:80 (machine learner)
2022-09-12 22:51:41,732 mloop.controllers    INFO     params [ 3.16528777e+00  9.11512148e+00  8.04971560e+00  1.16076168e+01
  5.38933079e+00  1.18925117e+01  1.39992126e-01  3.59687559e-01
  4.56352472e-01  2.60568826e-03  1.49887217e-01  2.90721823e+00
 -8.00000000e+00 -2.31965585e-02  2.38699645e+00  4.32988025e+00
  5.85708787e-01 -4.72564546e+00 -3.50925682e+00  6.07674702e+00
  7.09574586e+00 -8.00000000e+00  2.64612440e+00  5.42914552e+00
  1.13153688e+00  8.00000000e+00]
2022-09-12 22:51:41,842 mloop.controllers    INFO     cost -6.558369513989855 +/- 0.0
2022-09-12 22:51:41,844 mloop.controllers    INFO     Run:81 (trainer)
2022-09-12 22:51:41,846 mloop.controllers    INFO     params [16.68666378  5.57008986  8.02943432  6.99252176 10.76009936 11.38614098
  0.37083396  0.31521143  0.10913165  0.1273185   0.24261971  5.35307572
  2.52471447  3.78364998  4.15921419  4.22030187  5.76867358 -5.69065556
 -2.28934922  0.68187822  5.15366739 -2.8589958  -1.0087336   7.15939637
  0.60685624  0.27070464]
2022-09-12 22:51:41,948 mloop.controllers    INFO     cost -7.497736879743799 +/- 0.0
2022-09-12 22:51:41,949 mloop.controllers    INFO     Run:82 (machine learner)
2022-09-12 22:51:46,578 mloop.controllers    INFO     params [ 8.29187611e+00  1.95935964e+01  1.03177590e+01  1.13417010e+01
  5.07460087e+00  5.77394512e+00  2.38250720e-01  2.09993481e-01
  4.16965436e-01  1.74364859e-03  2.29429019e-01  4.44929671e+00
 -8.00000000e+00  2.81444078e+00  3.03554439e-01  2.87608529e+00
  6.12294763e+00 -3.09908799e+00 -4.20984535e+00  8.00000000e+00
  1.49026931e+00 -4.91544212e+00 -4.17840351e+00  3.47957815e+00
 -3.57255447e+00  1.48524140e-01]
2022-09-12 22:51:46,683 mloop.controllers    INFO     cost -7.950996320149933 +/- 0.0
2022-09-12 22:51:46,684 mloop.controllers    INFO     Run:83 (machine learner)
2022-09-12 22:51:51,322 mloop.controllers    INFO     params [14.93714335 11.46201047 19.83869909  8.74569398  9.40832796 10.69772758
  0.5         0.35908694  0.15680581  0.32584113  0.40432904  0.92175544
  3.36436495 -2.52794195 -5.7935942   8.          8.         -0.66476035
 -8.         -1.74555874  3.39230179 -4.5436939  -5.51816333  4.81905529
  6.18722502  3.0904049 ]
2022-09-12 22:51:51,429 mloop.controllers    INFO     cost -5.937918731257022 +/- 0.0
2022-09-12 22:51:51,430 mloop.controllers    INFO     Run:84 (machine learner)
2022-09-12 22:51:54,936 mloop.controllers    INFO     params [ 2.18883582 13.92331703  7.1667972  10.66391486  4.07664707 12.72439009
  0.1129367   0.23500358  0.37584696  0.          0.26191714  1.13673928
 -8.         -0.58154035 -0.55623502  8.          0.817336   -8.
 -1.66179443  6.32881527  6.63657147 -8.         -1.97641124  4.60482123
  2.04910545  8.        ]
2022-09-12 22:51:55,051 mloop.controllers    INFO     cost -7.012832935769024 +/- 0.0
2022-09-12 22:51:55,052 mloop.controllers    INFO     Run:85 (trainer)
2022-09-12 22:51:55,053 mloop.controllers    INFO     params [ 7.38287688 12.1364988  18.60220437  4.72168914  9.46102388  6.40271386
  0.09946036  0.44109119  0.16171168  0.06562736  0.44721375  1.74600269
  2.53136     3.45434638  7.14569824 -6.69954657 -1.34922518 -5.1909454
  6.95581472  7.10610253 -1.0573497  -0.0789167  -4.13821397 -0.05038152
 -5.43160202  6.62405886]
2022-09-12 22:51:55,156 mloop.controllers    INFO     cost -5.818134183557081 +/- 0.0
2022-09-12 22:51:55,157 mloop.controllers    INFO     Run:86 (machine learner)
2022-09-12 22:52:00,976 mloop.controllers    INFO     params [ 3.9625679  10.90994854  7.49686628 12.04412317  4.04644625 12.55709313
  0.15872794  0.29021602  0.40533179  0.          0.23012925  1.02791899
 -6.59314223 -0.0970679   2.42952645  6.39268664  0.28802232 -7.81183041
 -2.95044268  4.6459575   6.60889724 -6.79270455  2.53884455  6.26230903
  1.21864311  6.61656871]
2022-09-12 22:52:01,089 mloop.controllers    INFO     cost -8.000057946808944 +/- 0.0
2022-09-12 22:52:01,090 mloop.controllers    INFO     Run:87 (machine learner)
2022-09-12 22:52:06,157 mloop.controllers    INFO     params [ 3.06898102  9.40193856  7.80449685 11.68211356  4.98016902 11.5370484
  0.1361184   0.30814565  0.44495189  0.          0.25941965  1.97616938
 -8.          0.55234803  2.13771478  8.          2.14015972 -7.07967739
 -1.89818193  6.59412805  7.71905945 -8.          0.56080545  4.37434442
  1.06221061  7.75195987]
2022-09-12 22:52:06,265 mloop.controllers    INFO     cost -5.746317818955786 +/- 0.0
2022-09-12 22:52:06,266 mloop.controllers    INFO     Run:88 (machine learner)
2022-09-12 22:52:09,727 mloop.controllers    INFO     params [ 5.19566791 10.27791371  5.03124578 12.08354054  4.15146084 12.01195909
  0.17999127  0.32285446  0.42978013  0.          0.20777106  2.07418801
 -8.          1.02090773  4.24920967  7.37626989  2.71200992 -4.10343295
 -3.1455432   4.86858116  6.34535649 -7.39850321  0.23787868  5.24490857
  0.70923307  8.        ]
2022-09-12 22:52:09,838 mloop.controllers    INFO     cost -6.486448157692349 +/- 0.0
2022-09-12 22:52:09,839 mloop.controllers    INFO     Run:89 (trainer)
2022-09-12 22:52:09,840 mloop.controllers    INFO     params [18.39823118  3.65280854  6.31834293  2.39132655 10.58380562  9.41746516
  0.44002692  0.29498318  0.42112021  0.29864758  0.06436348  7.34111956
  5.60493942  2.50861493  4.73690672  3.28917594  3.52879568 -5.53175769
  2.14350437 -1.72805805  5.9746197   3.1530318   2.02271374 -5.44227466
 -2.67043581  0.4894256 ]
2022-09-12 22:52:09,943 mloop.controllers    INFO     cost -6.684676014087423 +/- 0.0
2022-09-12 22:52:09,944 mloop.controllers    INFO     Run:90 (machine learner)
2022-09-12 22:52:16,415 mloop.controllers    INFO     params [ 4.29979583  9.82384628 10.55947311  5.99990761 14.50749472 11.08705753
  0.30257548  0.18943892  0.44264727  0.04271863  0.32790118  5.24677718
 -7.61030744  3.6529233  -5.19114885  8.          6.37971559 -8.
  0.183214    6.7131659   1.97757332 -0.09814176 -0.49071654  5.9088107
 -2.68720199 -1.21296575]
2022-09-12 22:52:16,524 mloop.controllers    INFO     cost -7.897596002302598 +/- 0.0
2022-09-12 22:52:16,525 mloop.controllers    INFO     Run:91 (machine learner)
2022-09-12 22:52:21,754 mloop.controllers    INFO     params [ 2.27131713  5.82897865 10.47319325 10.007276   10.48092238 10.97153634
  0.5         0.5         0.4572273   0.15633588  0.48957775 -2.18715855
 -7.60889045 -0.51364391  7.09986604 -0.39117308 -8.         -6.82132649
 -0.92211516 -4.03378937 -4.96157276 -4.18384475  1.34355282  3.56787392
 -8.          3.51667141]
2022-09-12 22:52:21,867 mloop.controllers    INFO     cost -7.474769426891413 +/- 0.0
2022-09-12 22:52:21,868 mloop.controllers    INFO     Run:92 (machine learner)
2022-09-12 22:52:25,198 mloop.controllers    INFO     params [ 5.61747892e+00  1.14126048e+01  7.82541643e+00  1.18296414e+01
  6.88570916e+00  9.56779760e+00  2.47258391e-01  3.08716522e-01
  5.00000000e-01  9.73146206e-03  2.16557132e-01  1.09274287e+00
 -7.16326594e+00 -8.20058073e-01 -3.88099273e-01  5.79022073e+00
 -1.11952097e+00 -7.46752316e+00  9.22548931e-01  4.53720761e+00
  6.54617968e+00 -6.53949347e+00 -3.95886527e+00  6.23298783e+00
  3.12443193e+00  5.99991649e+00]
2022-09-12 22:52:25,305 mloop.controllers    INFO     cost -7.058155874018857 +/- 0.0
2022-09-12 22:52:25,305 mloop.controllers    INFO     Run:93 (trainer)
2022-09-12 22:52:25,307 mloop.controllers    INFO     params [17.541226   19.30667706  9.9804075  12.77372071  3.73302323 11.98765603
  0.07747714  0.30933707  0.05740874  0.331252    0.12136595  3.83009565
 -6.46965693  6.87613826 -7.86297917 -1.38894686  5.46822564 -7.68458919
  4.95402258  3.9860391  -2.39012633 -1.52643728 -1.66095122 -1.89485501
  7.28304705 -7.72920238]
2022-09-12 22:52:25,410 mloop.controllers    INFO     cost -4.26899733092809 +/- 0.0
2022-09-12 22:52:25,411 mloop.controllers    INFO     Run:94 (machine learner)
2022-09-12 22:52:30,578 mloop.controllers    INFO     params [ 3.88687828  9.15764594  4.65753121 12.17055292  3.53862414 13.76323156
  0.1108911   0.28843646  0.35020584  0.          0.2153961  -0.18508582
 -8.         -0.49416896  2.17996806  8.         -1.80259313 -6.59990328
 -5.08927038  4.12346208  5.55714369 -8.         -0.96776943  5.20446841
  0.72793234  8.        ]
2022-09-12 22:52:30,684 mloop.controllers    INFO     cost -6.350843805100697 +/- 0.0
2022-09-12 22:52:30,685 mloop.controllers    INFO     Run:95 (machine learner)
2022-09-12 22:52:34,626 mloop.controllers    INFO     params [ 4.15880716 11.6710852   8.0048254   9.50777977  5.97143186 10.96299825
  0.10886455  0.21715864  0.45410863  0.          0.14051208  1.337437
 -6.78296798 -0.30592368 -1.20338419  3.86848683 -0.54691913 -6.20019306
 -3.69646976  7.17791974  6.9445851  -8.         -2.4302286   2.98518844
  1.99264927  6.60682733]
2022-09-12 22:52:34,741 mloop.controllers    INFO     cost -6.132673178796359 +/- 0.0
2022-09-12 22:52:34,742 mloop.controllers    INFO     Run:96 (machine learner)
2022-09-12 22:52:38,289 mloop.controllers    INFO     params [ 4.12893744 10.98871266  4.89909291 10.26121805  4.95832885 10.58953488
  0.21755164  0.28178077  0.34823624  0.05015304  0.22083716  1.68733334
 -8.         -0.44036648  2.32069463  6.33498917 -0.25200315 -4.56307141
 -2.84617687  7.92304417  5.7743735  -6.1030144  -1.75741346  4.40497379
 -0.73742752  8.        ]
2022-09-12 22:52:38,399 mloop.controllers    INFO     cost -8.864356194690272 +/- 0.0
2022-09-12 22:52:38,400 mloop.controllers    INFO     Run:97 (trainer)
2022-09-12 22:52:38,401 mloop.controllers    INFO     params [ 2.76866956 12.52537412 13.64115439 18.73089416  9.79697391  6.73599798
  0.03601595  0.0910209   0.20721284  0.11586451  0.40798572  1.29959556
  5.65356845  4.10976029 -6.89175427 -3.45476692  4.73849872  6.59981834
 -4.76164568  5.25731844  4.22442679  5.72592675 -5.50664531 -1.70228938
 -3.16482664  6.85677729]
2022-09-12 22:52:38,504 mloop.controllers    INFO     cost -4.1218576495497095 +/- 0.0
2022-09-12 22:52:38,505 mloop.controllers    INFO     Run:98 (machine learner)
2022-09-12 22:52:43,050 mloop.controllers    INFO     params [ 4.30450729 13.06894091  8.28288631 11.59049934  9.02512394 11.37459463
  0.26065501  0.27169561  0.4120129   0.04427026  0.24577425  2.33783946
 -7.97901054  0.15369723  1.53117198  5.5874207   0.23717878 -6.52082475
 -1.5379467   7.29093438  3.5560279  -5.38126537 -0.64494103  4.55249019
 -3.30244815  4.78624686]
2022-09-12 22:52:43,165 mloop.controllers    INFO     cost -7.081014259342986 +/- 0.0
2022-09-12 22:52:43,166 mloop.controllers    INFO     Run:99 (machine learner)
2022-09-12 22:52:47,331 mloop.controllers    INFO     params [ 3.08228738 11.48577232  8.86458541 11.53617174  4.13124392 10.1426935
  0.20283077  0.35166102  0.40852348  0.01712049  0.34224944  0.21027677
 -8.         -0.42604829  2.7711951   8.          0.50489547 -8.
 -2.38913981  7.28365409  6.59635711 -7.75656514  1.74612732  7.0714909
  1.92658688  8.        ]
2022-09-12 22:52:47,447 mloop.controllers    INFO     cost -9.078800760478805 +/- 0.0
2022-09-12 22:52:47,447 mloop.controllers    INFO     Run:100 (machine learner)
2022-09-12 22:52:50,837 mloop.controllers    INFO     params [ 1.785       9.59227786  6.540039   10.84931562  3.98227397 11.60916902
  0.10394712  0.28607865  0.46775062  0.01819379  0.25209534  0.71193987
 -8.         -0.13947393  2.1889194   5.61774004  3.77306425 -7.34645867
 -3.45458351  4.04905662  7.38891932 -8.          3.66463242  6.16002873
 -0.13460131  8.        ]
2022-09-12 22:52:50,947 mloop.controllers    INFO     cost -7.5350992753785455 +/- 0.0
2022-09-12 22:52:50,948 mloop.controllers    INFO     Controller finished. Closing down M-LOOP. Please wait a moment...
2022-09-12 22:52:50,948 mloop.controllers    DEBUG    ML learner end set.
2022-09-12 22:53:00,317 mloop.controllers    DEBUG    ML learner joined
2022-09-12 22:53:00,318 mloop.controllers    DEBUG    Learner end event set.
2022-09-12 22:53:00,320 mloop.controllers    DEBUG    Interface end event set.
2022-09-12 22:53:00,559 mloop.learners.1     DEBUG    Learner end signal received. Ending
2022-09-12 22:53:01,009 mloop.interfaces     DEBUG    Interface ended
2022-09-12 22:53:01,564 mloop.controllers    DEBUG    Learner joined.
2022-09-12 22:53:01,564 mloop.controllers    DEBUG    Interface joined.
2022-09-12 22:53:01,592 mloop.controllers    INFO     Optimization ended because:
2022-09-12 22:53:01,592 mloop.controllers    INFO     	* Maximum number of runs reached.
2022-09-12 22:53:01,593 mloop.controllers    INFO     Results:
2022-09-12 22:53:01,593 mloop.controllers    INFO     	* Best parameters found:[ 3.08228738 11.48577232  8.86458541 11.53617174  4.13124392 10.1426935
  0.20283077  0.35166102  0.40852348  0.01712049  0.34224944  0.21027677
 -8.         -0.42604829  2.7711951   8.          0.50489547 -8.
 -2.38913981  7.28365409  6.59635711 -7.75656514  1.74612732  7.0714909
  1.92658688  8.        ]
2022-09-12 22:53:01,594 mloop.controllers    INFO     	* Best cost returned:-9.078800760478805 +/- 0.0
2022-09-12 22:53:01,595 mloop.controllers    INFO     	* Best run number:99
2022-09-12 22:53:01,595 mloop.controllers    INFO     	* Predicted best parameters:[ 8.09550239 10.35754983 13.64762365 11.16443791  9.06469222 12.87113498
  0.34841886  0.3752111   0.42326383  0.05416298  0.38724366  1.17278385
 -8.          4.29699678  0.82301398  6.43186836 -3.83010686 -8.
 -6.53861951  4.05295986 -4.12139387 -4.5305865  -0.31243311  6.774123
 -1.63482474 -0.26234487]
2022-09-12 22:53:01,596 mloop.controllers    INFO     	* Predicted best cost:-9.560555379490115
2022-09-12 22:53:01,597 mloop.controllers    INFO     M-LOOP Done.
2022-09-12 22:53:01,600 mloop.visualizations DEBUG    Creating controller visualizations.
2022-09-12 22:53:02,038 mloop.visualizations DEBUG    Creating learner visualizations.
2022-09-12 22:53:02,057 mloop.visualizations DEBUG    Creating neural net visualizer.
2022-09-12 22:53:02,075 mloop.learners.3     DEBUG    Learner init completed.
2022-09-12 22:53:02,075 mloop.neuralnet      INFO     Initialising neural network impl
2022-09-12 22:53:02,076 mloop.neuralnet      INFO     Initialising neural network impl
2022-09-12 22:53:02,077 mloop.neuralnet      INFO     Initialising neural network impl
2022-09-12 22:53:02,078 mloop.neuralnet      INFO     Constructing net
2022-09-12 22:53:04,013 mloop.neuralnet      DEBUG    Finished constructing net in: 1.9344429969787598
2022-09-12 22:53:04,013 mloop.neuralnet      INFO     Loading neural network
2022-09-12 22:53:04,155 mloop.neuralnet      INFO     Constructing net
2022-09-12 22:53:05,325 mloop.neuralnet      DEBUG    Finished constructing net in: 1.1699960231781006
2022-09-12 22:53:05,325 mloop.neuralnet      INFO     Loading neural network
2022-09-12 22:53:05,398 mloop.neuralnet      INFO     Constructing net
2022-09-12 22:53:06,337 mloop.neuralnet      DEBUG    Finished constructing net in: 0.9386410713195801
2022-09-12 22:53:06,337 mloop.neuralnet      INFO     Loading neural network
2022-09-12 22:53:11,646 mloop.visualizations INFO     Showing visualizations, close all to end M-LOOP.
