2022-09-16 19:03:39,746 mloop                INFO     M-LOOP version 3.3.1
2022-09-16 19:03:39,746 mloop                DEBUG    M-LOOP Logger configured.
2022-09-16 19:03:39,746 mloop.interfaces     DEBUG    Creating interface.
2022-09-16 19:03:39,772 mloop.controllers    DEBUG    Controller init completed.
2022-09-16 19:03:39,773 mloop.learners.1     DEBUG    Learner init completed.
2022-09-16 19:03:39,773 mloop.learners.1     DEBUG    Random learner init completed.
2022-09-16 19:03:39,774 mloop.learners.2     DEBUG    Learner init completed.
2022-09-16 19:03:39,774 mloop.controllers    INFO     Optimization started.
2022-09-16 19:03:39,776 mloop.learners.1     DEBUG    Starting Random Learner
2022-09-16 19:03:39,776 mloop.interfaces     DEBUG    Entering main loop of interface.
2022-09-16 19:03:39,777 mloop.controllers    DEBUG    ML learner started.
2022-09-16 19:03:39,910 mloop.controllers    DEBUG    Starting training optimization.
2022-09-16 19:03:39,910 mloop.controllers    INFO     Run:1 (training)
2022-09-16 19:03:39,911 mloop.controllers    INFO     params [10.    5.    3.    2.3   2.21  0.15  0.1   0.15  0.1   0.05  0.    0.
  0.    0.    0.    0.    0.    0.    0.    0.    0.    0.    0.    0.
  0.  ]
2022-09-16 19:04:55,957 mloop.controllers    INFO     cost -1.8050762888867429 +/- 0.0
2022-09-16 19:04:55,958 mloop.controllers    INFO     Run:2 (training)
2022-09-16 19:04:55,960 mloop.controllers    INFO     params [15.70208015 18.44141702 15.23335092  8.59272867 19.36139594  0.11580231
  0.03515475  0.19067521  0.16867186  0.15274338 -7.67608338  4.78624353
 -2.91181363  3.32143274 -1.79656445 -0.04309917 -4.52757424  3.40636767
  1.22342028 -0.87619692 -4.9448741   0.05633178 -7.90879821 -0.69774134
  0.38216694]
2022-09-16 19:06:02,219 mloop.controllers    INFO     cost -0.007347631081154623 +/- 0.0
2022-09-16 19:06:02,220 mloop.controllers    INFO     Run:3 (training)
2022-09-16 19:06:02,221 mloop.controllers    INFO     params [ 7.55081728  6.39305015 18.78815843  4.76097522 13.68705624  0.19759966
  0.12833704  0.07510047  0.07162501  0.17475722  6.31011898  2.37084487
 -1.04345691 -3.48067792  3.74771711  2.70697243 -5.89382689 -6.6154059
 -4.58197802 -3.10480579 -5.07795048  2.5192627   4.67425496 -0.29665628
  2.77271025]
2022-09-16 19:07:08,550 mloop.interfaces     DEBUG    Interface ended
2022-09-16 19:07:09,257 mloop.controllers    ERROR    The interface raised an error with traceback:
  File "C:\Users\SimulationComputer\Anaconda3\lib\site-packages\mloop\interfaces.py", line 133, in run
    cost_dict = self.get_next_cost_dict(params_dict)

  File "c:/Users/SimulationComputer/MLOOP/MLOptimization/EvapML.py", line 52, in get_next_cost_dict
    self.Utility.CheckCompletion()

  File "c:/Users/SimulationComputer/MLOOP/MLOptimization/EvapML.py", line 101, in CheckCompletion
    RunNumber = self.getRunNumber(self.PrevDir)

  File "c:/Users/SimulationComputer/MLOOP/MLOptimization/EvapML.py", line 127, in getRunNumber
    mat = io.loadmat(dir)

  File "C:\Users\SimulationComputer\Anaconda3\lib\site-packages\scipy\io\matlab\mio.py", line 224, in loadmat
    with _open_file_context(file_name, appendmat) as f:

  File "C:\Users\SimulationComputer\Anaconda3\lib\contextlib.py", line 112, in __enter__
    return next(self.gen)

  File "C:\Users\SimulationComputer\Anaconda3\lib\site-packages\scipy\io\matlab\mio.py", line 17, in _open_file_context
    f, opened = _open_file(file_like, appendmat, mode)

  File "C:\Users\SimulationComputer\Anaconda3\lib\site-packages\scipy\io\matlab\mio.py", line 45, in _open_file
    return open(file_like, mode), True

2022-09-16 19:07:09,258 mloop.controllers    WARNING  Controller ended due to exception of some kind. Starting shut down...
2022-09-16 19:07:09,258 mloop.controllers    DEBUG    ML learner end set.
2022-09-16 19:07:10,388 mloop.controllers    DEBUG    ML learner joined
2022-09-16 19:07:10,389 mloop.controllers    INFO     Machine learning learner did not provide best and/or all minima.
2022-09-16 19:07:10,389 mloop.controllers    DEBUG    Learner end event set.
2022-09-16 19:07:10,389 mloop.controllers    DEBUG    Interface end event set.
2022-09-16 19:07:11,255 mloop.learners.1     DEBUG    Learner end signal received. Ending
2022-09-16 19:07:12,255 mloop.learners.1     DEBUG    Performing shut down of learner.
2022-09-16 19:07:12,255 mloop.learners.1     DEBUG    Ended Random Learner
2022-09-16 19:07:12,255 mloop.controllers    DEBUG    Learner joined.
2022-09-16 19:07:12,255 mloop.controllers    DEBUG    Interface joined.
2022-09-16 19:07:12,257 mloop.controllers    WARNING  Safely shut down. Below are results found before exception.
2022-09-16 19:07:12,258 mloop.controllers    INFO     Optimization ended because:
2022-09-16 19:07:12,258 mloop.controllers    INFO     	* Error occurred.
2022-09-16 19:07:12,258 mloop.controllers    INFO     Results:
2022-09-16 19:07:12,258 mloop.controllers    INFO     	* Best parameters found:[10.    5.    3.    2.3   2.21  0.15  0.1   0.15  0.1   0.05  0.    0.
  0.    0.    0.    0.    0.    0.    0.    0.    0.    0.    0.    0.
  0.  ]
2022-09-16 19:07:12,259 mloop.controllers    INFO     	* Best cost returned:-1.8050762888867429 +/- 0.0
2022-09-16 19:07:12,259 mloop.controllers    INFO     	* Best run number:1
