2022-09-16 18:17:38,608 mloop                INFO     M-LOOP version 3.3.1
2022-09-16 18:17:38,609 mloop                DEBUG    M-LOOP Logger configured.
2022-09-16 18:17:38,609 mloop.interfaces     DEBUG    Creating interface.
2022-09-16 18:17:38,624 mloop.controllers    DEBUG    Controller init completed.
2022-09-16 18:17:38,625 mloop.learners.1     DEBUG    Learner init completed.
2022-09-16 18:17:38,625 mloop.learners.1     DEBUG    Random learner init completed.
2022-09-16 18:17:38,626 mloop.learners.2     DEBUG    Learner init completed.
2022-09-16 18:17:38,627 mloop.controllers    INFO     Optimization started.
2022-09-16 18:17:38,628 mloop.learners.1     DEBUG    Starting Random Learner
2022-09-16 18:17:38,629 mloop.interfaces     DEBUG    Entering main loop of interface.
2022-09-16 18:17:38,629 mloop.controllers    DEBUG    ML learner started.
2022-09-16 18:17:38,779 mloop.controllers    DEBUG    Starting training optimization.
2022-09-16 18:17:38,779 mloop.controllers    INFO     Run:1 (training)
2022-09-16 18:17:38,780 mloop.controllers    INFO     params [10.    5.    3.    2.3   2.21  0.15  0.1   0.15  0.1   0.05  0.    0.
  0.    0.    0.    0.    0.    0.    0.    0.    0.    0.    0.    0.
  0.  ]
2022-09-16 18:19:14,001 mloop.controllers    INFO     cost -2.668746177455309 +/- 0.0
2022-09-16 18:19:14,002 mloop.controllers    INFO     Run:2 (training)
2022-09-16 18:19:14,003 mloop.controllers    INFO     params [18.92505617 10.49174088 18.73626487  2.87854437  2.2522334   0.07791779
  0.03249177  0.05998474  0.05329129  0.13877467  6.05583826  4.00980588
 -1.4164207  -2.54702926  2.05421892 -5.08593964 -0.09133868  6.4587688
  2.75865312  7.8807964   6.83381988  5.10380878  2.00040378 -4.41881413
 -7.97278338]
2022-09-16 18:19:14,004 mloop.controllers    DEBUG    Starting ML optimization.
2022-09-16 18:19:42,464 mloop.controllers    WARNING  !!! Do not give the interrupt signal again !!! 
 M-LOOP stopped with keyboard interupt or system exit. Please wait at least 1 minute for the threads to safely shut down. 
 
2022-09-16 18:19:42,464 mloop.controllers    WARNING  Closing down controller.
2022-09-16 18:19:42,464 mloop.controllers    DEBUG    ML learner end set.
2022-09-16 18:19:42,833 mloop.controllers    DEBUG    ML learner joined
2022-09-16 18:19:42,833 mloop.controllers    INFO     Machine learning learner did not provide best and/or all minima.
2022-09-16 18:19:42,833 mloop.controllers    DEBUG    Learner end event set.
2022-09-16 18:19:42,833 mloop.controllers    DEBUG    Interface end event set.
2022-09-16 18:19:43,013 mloop.learners.1     DEBUG    Learner end signal received. Ending
2022-09-16 18:19:44,013 mloop.learners.1     DEBUG    Performing shut down of learner.
2022-09-16 18:19:44,013 mloop.learners.1     DEBUG    Ended Random Learner
2022-09-16 18:19:44,013 mloop.controllers    DEBUG    Learner joined.
2022-09-16 18:21:13,199 mloop.interfaces     DEBUG    Interface ended
2022-09-16 18:21:13,200 mloop.controllers    DEBUG    Interface joined.
2022-09-16 18:21:13,202 mloop.controllers    INFO     Optimization ended because:
2022-09-16 18:21:13,202 mloop.controllers    INFO     Results:
2022-09-16 18:21:13,203 mloop.controllers    INFO     	* Best parameters found:[10.    5.    3.    2.3   2.21  0.15  0.1   0.15  0.1   0.05  0.    0.
  0.    0.    0.    0.    0.    0.    0.    0.    0.    0.    0.    0.
  0.  ]
2022-09-16 18:21:13,203 mloop.controllers    INFO     	* Best cost returned:-2.668746177455309 +/- 0.0
2022-09-16 18:21:13,203 mloop.controllers    INFO     	* Best run number:1
2022-09-16 18:21:13,204 mloop.controllers    INFO     M-LOOP Done.
2022-09-16 18:21:13,213 mloop.visualizations DEBUG    Creating controller visualizations.
