2022-09-18 14:17:52,326 mloop                INFO     M-LOOP version 3.3.1
2022-09-18 14:17:52,327 mloop                DEBUG    M-LOOP Logger configured.
2022-09-18 14:17:52,327 mloop.interfaces     DEBUG    Creating interface.
2022-09-18 14:17:52,328 mloop.controllers    DEBUG    Controller init completed.
2022-09-18 14:17:52,329 mloop.learners.1     DEBUG    Learner init completed.
2022-09-18 14:17:52,330 mloop.learners.2     DEBUG    Learner init completed.
2022-09-18 14:17:52,330 mloop.controllers    INFO     Optimization started.
2022-09-18 14:17:52,333 mloop.interfaces     DEBUG    Entering main loop of interface.
2022-09-18 14:17:52,333 mloop.controllers    DEBUG    ML learner started.
2022-09-18 14:17:52,428 mloop.controllers    DEBUG    Starting training optimization.
2022-09-18 14:17:52,428 mloop.controllers    INFO     Run:1 (training)
2022-09-18 14:17:52,430 mloop.controllers    INFO     params [15.69924518  9.10913449 19.73085448  4.75190259 17.64193379  9.14070612
  0.27383832  0.15712323  0.30270446  0.32532934  0.03010763  7.99112012
 -7.7469156  -0.57254107  4.97816474  4.91573582  0.13589176 -3.70854683
 -3.44739619  2.05540423 -1.70438153  3.2169767  -7.63224646  2.86331584
 -2.92855638  7.6969993 ]
2022-09-18 14:17:52,553 mloop.controllers    INFO     cost -6.207186693490875 +/- 0.0
2022-09-18 14:17:52,554 mloop.controllers    INFO     Run:2 (training)
2022-09-18 14:17:52,556 mloop.controllers    INFO     params [ 9.55167332e+00  2.22416864e+00  1.06047970e+01  4.48574294e+00
  1.29853743e+01  1.45813024e+01  2.93526557e-02  3.29955695e-01
  7.13052212e-03  3.52626415e-03  3.70299257e-01 -6.63157865e+00
 -5.40605741e+00  5.07093408e+00  1.32347547e+00 -4.49536292e+00
 -4.23892417e+00 -4.51188654e+00 -8.74682152e-01 -3.90022414e+00
  4.88511777e+00 -3.24237095e+00 -4.66794974e+00 -2.08156384e+00
 -7.50128973e+00 -2.71562056e+00]
2022-09-18 14:17:52,671 mloop.controllers    INFO     cost -5.725786149491377 +/- 0.0
2022-09-18 14:17:52,671 mloop.controllers    INFO     Run:3 (training)
2022-09-18 14:17:52,673 mloop.controllers    INFO     params [ 6.52348859 19.72333583  9.96547116 14.54223606  9.96964776 11.4928124
  0.09595291  0.0690024   0.04658446  0.41878319  0.08375147  4.87868615
 -1.12596892  4.0597477   6.45723958 -5.3638745  -5.81501141 -5.39269634
 -3.76261214  5.65387083  6.84422794  6.81600201 -4.44667907  7.60643624
 -4.67621272  4.47264772]
2022-09-18 14:17:52,791 mloop.controllers    INFO     cost -4.644593229096467 +/- 0.0
2022-09-18 14:17:52,791 mloop.controllers    INFO     Run:4 (training)
2022-09-18 14:17:52,793 mloop.controllers    INFO     params [11.84819896 11.85613729 12.34023557 15.5594964  12.77603417  9.36085688
  0.34056423  0.41226303  0.06821819  0.25795953  0.20167758 -4.08167785
  6.62379208  6.22347285  0.32387908 -1.7920707   4.27202848  1.00299605
 -2.06531738  3.4506514   2.14458484  7.47717545 -5.06254723  4.05658894
  0.26260497  0.540252  ]
2022-09-18 14:17:52,911 mloop.controllers    INFO     cost -7.521200920873947 +/- 0.0
2022-09-18 14:17:52,911 mloop.controllers    INFO     Run:5 (training)
2022-09-18 14:17:52,913 mloop.controllers    INFO     params [ 4.40786558 16.7886798   7.91211769 18.93730064 10.62026698  5.11210705
  0.04921754  0.29613279  0.11135922  0.28924808  0.09683507  5.53522472
 -0.0628174  -4.20138575 -4.46558707  2.623295   -2.48909071 -0.39362061
 -3.58429264 -1.37231906 -5.0085637   5.46376962  3.77920382  5.62437861
 -4.0073261   2.38070756]
2022-09-18 14:17:53,032 mloop.controllers    INFO     cost -7.525649287629012 +/- 0.0
2022-09-18 14:17:53,032 mloop.controllers    INFO     Run:6 (training)
2022-09-18 14:17:53,034 mloop.controllers    INFO     params [11.82474135 17.5357501   7.80378925  5.15997463 17.36967088 13.21466951
  0.46704437  0.4686913   0.25798705  0.34586067  0.16702888 -4.86792203
  1.82394316 -4.47538203  7.84447593  6.17159439  6.34158635  2.37503486
 -4.73790802  0.94149599  2.11221395 -3.38424757 -7.14798774  0.10816024
  3.19842249 -6.06227141]
2022-09-18 14:17:53,152 mloop.controllers    INFO     cost -6.022937369477711 +/- 0.0
2022-09-18 14:17:53,153 mloop.controllers    INFO     Run:7 (training)
2022-09-18 14:17:53,154 mloop.controllers    INFO     params [ 1.37155101e+01  4.25518383e+00  1.36789103e+01  1.96655463e+01
  1.52376972e+01  9.48912515e+00  4.23041546e-01  3.75507119e-01
  4.22131857e-01  8.48882686e-02  2.59529562e-03  5.05610075e+00
 -4.64881228e+00  7.10211197e+00  5.18694171e+00 -4.76964161e+00
  6.23018198e-01 -1.78049412e+00 -7.45099138e+00 -4.72622016e+00
  7.62329975e+00 -3.45581956e+00  7.34992746e+00  4.77148126e-01
  1.19659104e+00 -4.82799942e+00]
2022-09-18 14:17:53,275 mloop.controllers    INFO     cost -6.41235768111933 +/- 0.0
2022-09-18 14:17:53,275 mloop.controllers    INFO     Run:8 (training)
2022-09-18 14:17:53,277 mloop.controllers    INFO     params [14.20456667  3.86869596 19.63949422 10.91035427  7.4723388  10.55562754
  0.0424165   0.04620539  0.40269322  0.22848058  0.36857229 -4.18684963
  4.66926172 -1.2698712   0.99759543  0.66884535  0.11305925 -0.17269144
  7.16843646 -6.01397479  5.1611559   1.71552937  3.53042721  0.04855133
 -2.87171921 -6.827207  ]
2022-09-18 14:17:53,393 mloop.controllers    INFO     cost -9.254182953431595 +/- 0.0
2022-09-18 14:17:53,394 mloop.controllers    INFO     Run:9 (training)
2022-09-18 14:17:53,395 mloop.controllers    INFO     params [ 5.13302787e+00  1.45802327e+01  3.91497452e+00  9.88359153e+00
  1.34557239e+01  1.12002479e+01  2.18986891e-01  3.41060822e-03
  3.29463071e-01  4.13099122e-01  1.64741320e-01  3.91043602e+00
 -7.52645306e+00 -4.57443765e+00 -6.55568826e+00 -2.00991319e+00
 -3.54694132e+00  6.35956958e+00 -5.87153041e+00  4.97591025e+00
 -7.61563361e+00  5.77380609e+00 -7.58371755e+00  6.98899368e+00
  1.58345451e-01  6.51641576e+00]
2022-09-18 14:17:53,514 mloop.controllers    INFO     cost -5.576132267058212 +/- 0.0
2022-09-18 14:17:53,514 mloop.controllers    INFO     Run:10 (training)
2022-09-18 14:17:53,516 mloop.controllers    INFO     params [14.74750255  2.39321116  6.2394797  15.49891586  3.82064975 12.84531133
  0.07799373  0.20240796  0.2934927   0.17565727  0.32582101  4.0426141
 -6.93756186  0.5605929   4.05456743  4.13999079  2.22670592 -7.37139875
 -3.22071227 -2.49591167  3.27787241  1.14347123 -2.16299055 -3.30737452
  7.43176771  1.12174705]
2022-09-18 14:17:53,635 mloop.controllers    INFO     cost -5.486670570552236 +/- 0.0
2022-09-18 14:17:53,636 mloop.controllers    INFO     Run:11 (training)
2022-09-18 14:17:53,638 mloop.controllers    INFO     params [19.91731571 14.95905237  2.14743931  4.77883292  3.06436848  5.96128906
  0.13163392  0.48821676  0.04554211  0.49308546  0.41370834  5.05241732
 -2.28445508  0.26067219 -5.04966138  2.00486515  5.32978452  5.18987453
  0.19015786 -0.583436    6.78058377 -6.81371493  2.66533029  2.25674791
  5.366645   -4.85206613]
2022-09-18 14:17:53,754 mloop.controllers    INFO     cost -7.329442437683539 +/- 0.0
2022-09-18 14:17:53,754 mloop.controllers    INFO     Run:12 (training)
2022-09-18 14:17:53,755 mloop.controllers    INFO     params [ 1.78719771e+01  8.01305809e+00  9.97401626e+00  1.29073375e+01
  1.20905403e+01  6.55715448e+00  3.48575120e-01  3.00557966e-01
  1.61637695e-01  1.66521036e-02  4.80186195e-01 -7.42890240e+00
 -4.54697178e+00 -6.08844960e+00 -5.18787428e+00 -2.10759811e+00
 -7.55369564e+00 -3.40558124e-01  1.14733706e+00  4.93080550e+00
 -2.76370596e+00  7.18360886e+00  8.40457572e-01 -6.06901217e+00
 -6.57261932e+00 -2.42988617e+00]
2022-09-18 14:17:53,875 mloop.controllers    INFO     cost -5.836197529467865 +/- 0.0
2022-09-18 14:17:53,876 mloop.controllers    INFO     Run:13 (training)
2022-09-18 14:17:53,877 mloop.controllers    INFO     params [15.18672023 18.09674918  2.92628866  9.67421107  7.18138631 11.12306562
  0.38923529  0.34659922  0.21282157  0.28570444  0.05449261 -1.85649878
  1.73306593 -4.83253647 -1.47014578  0.3620324   2.61616128  4.93096851
 -7.1259933   4.41849617 -5.34681458  7.32838306 -2.41732414 -5.34569226
  2.15418269  5.98974186]
2022-09-18 14:17:53,994 mloop.controllers    INFO     cost -5.2114214075839635 +/- 0.0
2022-09-18 14:17:53,994 mloop.controllers    INFO     Run:14 (training)
2022-09-18 14:17:53,996 mloop.controllers    INFO     params [ 4.27228837  6.99218232 10.69672039  1.86998359 15.55330823  7.34886017
  0.18545272  0.09926506  0.08701007  0.39686236  0.38344828 -2.12299278
 -6.74864288  1.69951493 -3.61595545 -4.11463385 -4.14314721  0.46140099
 -0.13797221  6.809218    2.05023188 -5.39456694 -6.32086096  2.54370793
  1.84595689 -7.5834794 ]
2022-09-18 14:17:54,114 mloop.controllers    INFO     cost -7.581924147284682 +/- 0.0
2022-09-18 14:17:54,115 mloop.controllers    INFO     Run:15 (training)
2022-09-18 14:17:54,116 mloop.controllers    INFO     params [10.69939517  9.01302932 13.54544537 16.85751285 18.53677525  9.49487772
  0.02116896  0.23970566  0.4202748   0.25152472  0.11974696  0.71609219
  6.464598   -6.71448634 -2.48724267 -7.39738647 -5.4923215  -1.47389509
  0.52932831  7.84108254  2.40337061 -1.44651314 -2.7341646  -5.04867818
 -0.41353643  7.35864649]
2022-09-18 14:17:54,235 mloop.controllers    INFO     cost -7.925319688670921 +/- 0.0
2022-09-18 14:17:54,236 mloop.controllers    INFO     Run:16 (training)
2022-09-18 14:17:54,238 mloop.controllers    INFO     params [ 3.62779235 19.17852661 16.83950969 14.37516279 11.87919708 15.70394531
  0.12130865  0.14221536  0.44031836  0.15899992  0.06698392  2.93136279
  0.57333751 -4.94789184 -1.51225014  5.72306083  7.11079518 -0.87694399
 -3.55110264 -4.69117505  2.93549928 -6.21943794  6.18486886 -6.01083814
 -6.71578434  1.5348748 ]
2022-09-18 14:17:54,355 mloop.controllers    INFO     cost -5.019644382323512 +/- 0.0
2022-09-18 14:17:54,355 mloop.controllers    INFO     Run:17 (training)
2022-09-18 14:17:54,357 mloop.controllers    INFO     params [ 9.50359812 12.13013341 13.87129904 17.44266005 14.67272199 10.25161052
  0.07126372  0.25240573  0.3835145   0.29873517  0.40596452 -0.41420943
 -7.96647925 -6.7824911  -3.22393712  4.39238143  4.2070565   3.55575539
  1.92790563  5.78084885  0.29375088 -7.66074108 -4.64126735 -5.41705884
  4.83074377  5.7509846 ]
2022-09-18 14:17:54,481 mloop.controllers    INFO     cost -6.869718726222914 +/- 0.0
2022-09-18 14:17:54,481 mloop.controllers    INFO     Run:18 (training)
2022-09-18 14:17:54,484 mloop.controllers    INFO     params [ 1.10814122e+01  1.62262636e+01  5.75399610e+00  2.71101607e+00
  6.97150781e+00  4.03053441e+00  5.23478411e-02  3.47394519e-03
  2.40174104e-01  3.98898340e-01  3.14714351e-01 -2.32876348e+00
 -4.04786795e+00  5.25623221e+00 -1.89240582e+00 -1.52240395e+00
 -4.93072060e+00 -2.02084836e+00  7.32438299e+00  6.49267006e+00
  5.26539178e+00 -1.32304829e+00 -6.31122527e+00  3.07419507e+00
  3.53581074e+00 -2.69965243e+00]
2022-09-18 14:17:54,596 mloop.controllers    INFO     cost -5.289488013470596 +/- 0.0
2022-09-18 14:17:54,597 mloop.controllers    INFO     Run:19 (training)
2022-09-18 14:17:54,599 mloop.controllers    INFO     params [12.68991577 15.64881508 10.02037854 15.98596088 11.49824094  8.31235275
  0.20345699  0.33947369  0.07494347  0.46976562  0.43945147  1.56827286
 -4.43311476  4.71082638 -7.04182733  0.985857    3.55410608  4.90969895
 -4.24305437 -2.5922454  -0.74613743 -5.36170256  0.73096336  5.50863881
 -1.20831875  0.64669932]
2022-09-18 14:17:54,722 mloop.controllers    INFO     cost -6.0368170787942805 +/- 0.0
2022-09-18 14:17:54,723 mloop.controllers    INFO     Run:20 (training)
2022-09-18 14:17:54,725 mloop.controllers    INFO     params [ 3.09350745 10.35748529  2.31100056  8.84524829  7.70344555 13.59352177
  0.25479723  0.32052437  0.12793618  0.49818425  0.3102998   5.16316955
 -2.3533871  -5.75477542 -1.35192126 -4.93054367  4.81153971 -6.43513786
 -2.02226544 -4.1674735   4.62067152 -6.83718937 -2.28672207  1.81375028
 -0.31306838  2.43647585]
2022-09-18 14:17:54,841 mloop.controllers    INFO     cost -6.412798871841605 +/- 0.0
2022-09-18 14:17:54,842 mloop.controllers    INFO     Run:21 (training)
2022-09-18 14:17:54,844 mloop.controllers    INFO     params [ 8.47204146  6.48769948 18.02394644 18.27412555  5.90238946  5.24570149
  0.27990324  0.06215471  0.12871703  0.41049854  0.42862068  2.96255505
 -4.57067924  6.85250006 -1.9963899   4.36459996  0.18053276  6.39208918
 -3.17148837 -5.54500292  1.52169136  5.22739363  0.52473694  5.80187766
  7.30122547 -5.04610301]
2022-09-18 14:17:54,845 mloop.controllers    DEBUG    Starting ML optimization.
2022-09-18 14:17:54,956 mloop.controllers    INFO     cost -6.342579124420371 +/- 0.0
2022-09-18 14:17:54,964 mloop.controllers    DEBUG    End training runs.
2022-09-18 14:17:54,964 mloop.controllers    INFO     Run:22 (machine learner)
2022-09-18 14:18:00,953 mloop.controllers    INFO     params [12.93667828  1.785      20.          1.785       5.7388118   4.
  0.14896231  0.5         0.45620138  0.5         0.5        -8.
  8.         -8.          8.          7.75957214 -8.          8.
 -8.          8.         -8.          2.31246769 -8.          8.
  8.         -8.        ]
2022-09-18 14:18:01,078 mloop.controllers    INFO     cost -4.660200576392066 +/- 0.0
2022-09-18 14:18:01,079 mloop.controllers    INFO     Run:23 (machine learner)
2022-09-18 14:18:03,564 mloop.controllers    INFO     params [ 3.57921226  1.785      18.56894565 20.          8.88900694  5.6771391
  0.          0.34755089  0.5         0.          0.26551369 -2.6565459
  8.          8.          4.04305346 -4.08236564 -8.          0.33508334
  8.         -8.         -8.          1.55902022  5.92289524  8.
 -8.         -8.        ]
2022-09-18 14:18:03,693 mloop.controllers    INFO     cost -5.402469714512813 +/- 0.0
2022-09-18 14:18:03,693 mloop.controllers    INFO     Run:24 (machine learner)
2022-09-18 14:18:05,718 mloop.controllers    INFO     params [12.99170081  5.90335814 11.74767075 20.         20.          4.
  0.          0.          0.          0.5         0.5         8.
 -8.         -8.         -8.          0.95559625  8.          8.
 -8.         -4.69321354 -8.         -8.          8.          8.
 -8.          8.        ]
2022-09-18 14:18:05,841 mloop.controllers    INFO     cost -4.792690148392381 +/- 0.0
2022-09-18 14:18:05,841 mloop.controllers    INFO     Run:25 (trainer)
2022-09-18 14:18:05,843 mloop.controllers    INFO     params [14.82947965 15.19515784  5.20701352 15.53447953  4.07204992 12.49689571
  0.39207847  0.16178622  0.22520566  0.17002163  0.17834766  1.84300989
 -2.1155188  -3.03729901 -5.01011328  1.06900817  4.28951372  7.61117643
 -2.18923397  0.04188583 -1.9973572   5.23833483 -3.78920983 -2.65133173
 -1.0653908   6.05691239]
2022-09-18 14:18:05,959 mloop.controllers    INFO     cost -6.098251855106806 +/- 0.0
2022-09-18 14:18:05,959 mloop.controllers    INFO     Run:26 (machine learner)
2022-09-18 14:18:07,636 mloop.controllers    INFO     params [11.42329143  1.785      20.          1.785      15.59787129 16.
  0.37048003  0.          0.5         0.26604136  0.24444049 -1.23238323
  8.          8.          8.          8.          7.87819822  8.
  8.         -8.          8.          8.         -3.69559672  8.
 -0.05873526  8.        ]
2022-09-18 14:18:07,760 mloop.controllers    INFO     cost -6.129264405031998 +/- 0.0
2022-09-18 14:18:07,761 mloop.controllers    INFO     Run:27 (machine learner)
2022-09-18 14:18:09,714 mloop.controllers    INFO     params [20.          1.785      16.82303464 11.86175764  3.58035392  4.
  0.          0.          0.33718383  0.          0.5         8.
  5.18417087 -8.          8.          8.         -5.07022225  6.25180616
  8.         -8.          8.         -8.          5.90172793 -8.
 -5.2740136  -4.73071749]
2022-09-18 14:18:09,830 mloop.controllers    INFO     cost -4.526630313462731 +/- 0.0
2022-09-18 14:18:09,830 mloop.controllers    INFO     Run:28 (machine learner)
2022-09-18 14:18:11,223 mloop.controllers    INFO     params [ 2.00000000e+01  2.10039918e+00  1.45184175e+01  1.78500000e+00
  1.78500000e+00  6.39620191e+00  5.00000000e-01  6.54217219e-03
  0.00000000e+00  5.00000000e-01  5.00000000e-01 -2.17101918e+00
  8.00000000e+00  6.79236855e+00 -8.00000000e+00 -8.00000000e+00
  8.00000000e+00  8.00000000e+00  8.00000000e+00  8.00000000e+00
  8.00000000e+00  8.00000000e+00 -7.16942305e+00  2.95401558e+00
 -8.00000000e+00  5.21705056e+00]
2022-09-18 14:18:11,342 mloop.controllers    INFO     cost -4.387171264853398 +/- 0.0
2022-09-18 14:18:11,343 mloop.controllers    INFO     Run:29 (trainer)
2022-09-18 14:18:11,344 mloop.controllers    INFO     params [17.1983154   9.36867254  5.46582892 10.51247564 19.64135717  9.74607618
  0.03995792  0.2038396   0.28332911  0.39238533  0.10153702  2.40481166
 -4.70393077  1.54884967 -6.91337323  0.68090256 -4.25025463 -5.19650186
  3.73269845  1.79725665 -0.04759003  1.96053459 -6.75415385  5.67190361
  2.04883754  0.86251653]
2022-09-18 14:18:11,466 mloop.controllers    INFO     cost -7.704558338626674 +/- 0.0
2022-09-18 14:18:11,466 mloop.controllers    INFO     Run:30 (machine learner)
2022-09-18 14:18:13,243 mloop.controllers    INFO     params [20.         19.31984134 14.0246296   3.70662033 20.         16.
  0.44959196  0.5         0.11577213  0.          0.          8.
  8.          7.42743799 -8.          8.          7.60480404  8.
 -8.          2.5845013   5.65816705 -8.          8.          8.
  0.75375548 -1.18538492]
2022-09-18 14:18:13,372 mloop.controllers    INFO     cost -4.690950561754196 +/- 0.0
2022-09-18 14:18:13,373 mloop.controllers    INFO     Controller finished. Closing down M-LOOP. Please wait a moment...
2022-09-18 14:18:13,373 mloop.controllers    DEBUG    ML learner end set.
2022-09-18 14:18:18,049 mloop.controllers    DEBUG    ML learner joined
2022-09-18 14:18:18,049 mloop.controllers    DEBUG    Learner end event set.
2022-09-18 14:18:18,050 mloop.controllers    DEBUG    Interface end event set.
2022-09-18 14:18:18,386 mloop.learners.1     DEBUG    Learner end signal received. Ending
2022-09-18 14:18:18,401 mloop.interfaces     DEBUG    Interface ended
2022-09-18 14:18:19,400 mloop.controllers    DEBUG    Learner joined.
2022-09-18 14:18:19,400 mloop.controllers    DEBUG    Interface joined.
2022-09-18 14:18:19,405 mloop.controllers    INFO     Optimization ended because:
2022-09-18 14:18:19,406 mloop.controllers    INFO     	* Maximum number of runs reached.
2022-09-18 14:18:19,406 mloop.controllers    INFO     Results:
2022-09-18 14:18:19,407 mloop.controllers    INFO     	* Best parameters found:[14.20456667  3.86869596 19.63949422 10.91035427  7.4723388  10.55562754
  0.0424165   0.04620539  0.40269322  0.22848058  0.36857229 -4.18684963
  4.66926172 -1.2698712   0.99759543  0.66884535  0.11305925 -0.17269144
  7.16843646 -6.01397479  5.1611559   1.71552937  3.53042721  0.04855133
 -2.87171921 -6.827207  ]
2022-09-18 14:18:19,408 mloop.controllers    INFO     	* Best cost returned:-9.254182953431595 +/- 0.0
2022-09-18 14:18:19,408 mloop.controllers    INFO     	* Best run number:8
2022-09-18 14:18:19,409 mloop.controllers    INFO     	* Predicted best parameters:[12.43959328  1.785      20.          1.785      15.76361535  7.67338037
  0.          0.02959721  0.5         0.5         0.228999   -8.
 -7.74972566  5.71901172 -5.00607262 -4.3026607   7.3191408   3.75346259
  8.         -8.          8.          8.         -8.          0.65387275
 -8.         -8.        ]
2022-09-18 14:18:19,410 mloop.controllers    INFO     	* Predicted best cost:-10.17517519242234
2022-09-18 14:18:19,410 mloop.controllers    INFO     M-LOOP Done.
2022-09-18 14:18:19,412 mloop.visualizations DEBUG    Creating controller visualizations.
2022-09-18 14:18:19,545 mloop.visualizations DEBUG    Creating learner visualizations.
2022-09-18 14:18:19,553 mloop.visualizations DEBUG    Creating neural net visualizer.
2022-09-18 14:18:19,561 mloop.learners.3     DEBUG    Learner init completed.
2022-09-18 14:18:19,561 mloop.neuralnet      INFO     Initialising neural network impl
2022-09-18 14:18:19,561 mloop.neuralnet      INFO     Initialising neural network impl
2022-09-18 14:18:19,562 mloop.neuralnet      INFO     Initialising neural network impl
2022-09-18 14:18:19,563 mloop.neuralnet      INFO     Constructing net
2022-09-18 14:18:20,139 mloop.neuralnet      DEBUG    Finished constructing net in: 0.5760672092437744
2022-09-18 14:18:20,139 mloop.neuralnet      INFO     Loading neural network
2022-09-18 14:18:20,192 mloop.neuralnet      INFO     Constructing net
2022-09-18 14:18:20,805 mloop.neuralnet      DEBUG    Finished constructing net in: 0.6125438213348389
2022-09-18 14:18:20,805 mloop.neuralnet      INFO     Loading neural network
2022-09-18 14:18:20,863 mloop.neuralnet      INFO     Constructing net
2022-09-18 14:18:21,568 mloop.neuralnet      DEBUG    Finished constructing net in: 0.705756664276123
2022-09-18 14:18:21,568 mloop.neuralnet      INFO     Loading neural network
2022-09-18 14:18:26,420 mloop.visualizations INFO     Showing visualizations, close all to end M-LOOP.
