2022-09-16 17:10:55,681 mloop                INFO     M-LOOP version 3.3.1
2022-09-16 17:10:55,682 mloop                DEBUG    M-LOOP Logger configured.
2022-09-16 17:10:55,682 mloop.interfaces     DEBUG    Creating interface.
2022-09-16 17:10:55,699 mloop.controllers    DEBUG    Controller init completed.
2022-09-16 17:10:55,700 mloop.learners.1     DEBUG    Learner init completed.
2022-09-16 17:10:55,700 mloop.learners.1     DEBUG    Random learner init completed.
2022-09-16 17:10:55,701 mloop.learners.2     DEBUG    Learner init completed.
2022-09-16 17:10:55,701 mloop.controllers    INFO     Optimization started.
2022-09-16 17:10:55,703 mloop.learners.1     DEBUG    Starting Random Learner
2022-09-16 17:10:55,703 mloop.interfaces     DEBUG    Entering main loop of interface.
2022-09-16 17:10:55,704 mloop.controllers    DEBUG    ML learner started.
2022-09-16 17:10:55,861 mloop.controllers    DEBUG    Starting training optimization.
2022-09-16 17:10:55,861 mloop.controllers    INFO     Run:1 (training)
2022-09-16 17:10:55,862 mloop.controllers    INFO     params [10.    5.    3.    2.3   2.21  0.15  0.1   0.15  0.1   0.05  0.    0.
  0.    0.    0.    0.    0.    0.    0.    0.    0.    0.    0.    0.
  0.  ]
2022-09-16 17:16:13,211 mloop.controllers    INFO     cost -2.7672216398941356 +/- 0.0
2022-09-16 17:16:13,212 mloop.controllers    INFO     Run:2 (training)
2022-09-16 17:16:13,213 mloop.controllers    INFO     params [ 1.87195415  8.42403951 10.19346259 15.64384667 10.22192451  0.24795184
  0.43947872  0.44178788  0.15090791  0.04849307 -2.7230855  -6.1061209
  0.2273839   2.01545665  5.63649973 -6.15403628  0.09735813 -7.06791101
 -6.49932854 -4.7014262  -7.74085476  3.15872095  0.66621341 -2.18870514
  1.31839985]
2022-09-16 17:18:13,922 mloop.controllers    WARNING  !!! Do not give the interrupt signal again !!! 
 M-LOOP stopped with keyboard interupt or system exit. Please wait at least 1 minute for the threads to safely shut down. 
 
2022-09-16 17:18:13,925 mloop.controllers    WARNING  Closing down controller.
2022-09-16 17:18:13,927 mloop.controllers    DEBUG    ML learner end set.
2022-09-16 17:18:14,311 mloop.controllers    DEBUG    ML learner joined
2022-09-16 17:18:14,312 mloop.controllers    INFO     Machine learning learner did not provide best and/or all minima.
2022-09-16 17:18:14,312 mloop.controllers    DEBUG    Learner end event set.
2022-09-16 17:18:14,312 mloop.controllers    DEBUG    Interface end event set.
2022-09-16 17:18:15,268 mloop.learners.1     DEBUG    Learner end signal received. Ending
2022-09-16 17:18:16,268 mloop.learners.1     DEBUG    Performing shut down of learner.
2022-09-16 17:18:16,268 mloop.learners.1     DEBUG    Ended Random Learner
2022-09-16 17:19:49,673 mloop.interfaces     DEBUG    Interface ended
