2022-09-12 17:52:41,876 mloop                INFO     M-LOOP version 3.3.1
2022-09-12 17:52:41,877 mloop                DEBUG    M-LOOP Logger configured.
2022-09-12 17:52:41,877 mloop.interfaces     DEBUG    Creating interface.
2022-09-12 17:52:41,881 mloop.controllers    DEBUG    Controller init completed.
2022-09-12 17:52:41,883 mloop.learners.1     DEBUG    Learner init completed.
2022-09-12 17:52:41,887 mloop.learners.2     DEBUG    Learner init completed.
2022-09-12 17:52:41,895 mloop.controllers    INFO     Optimization started.
2022-09-12 17:52:41,896 mloop.interfaces     DEBUG    Entering main loop of interface.
2022-09-12 17:52:41,897 mloop.controllers    DEBUG    ML learner started.
2022-09-12 17:52:41,905 mloop.controllers    DEBUG    Starting training optimization.
2022-09-12 17:52:41,911 mloop.controllers    INFO     Run:1 (training)
2022-09-12 17:52:41,922 mloop.controllers    INFO     params [ 3.20510271 15.7661022   7.99855866 13.85208744  2.20254725  5.0095102
  0.20614631  0.12953157  0.44943365  0.20284362  0.39527479  5.45810086
 -2.98116636  4.69976642  5.56098925  7.67494896 -4.37831593  1.44215235
 -5.00953067  5.53023026 -7.90752202  4.99213409  4.71168384 -2.69130754
  3.826971   -0.28300989]
2022-09-12 17:52:42,024 mloop.controllers    INFO     cost -5.617621594554239 +/- 0.0
2022-09-12 17:52:42,026 mloop.controllers    INFO     Run:2 (training)
2022-09-12 17:52:42,030 mloop.controllers    INFO     params [18.71237267 16.24792847 12.06937115  3.32570122  5.12300289 14.81101224
  0.1196749   0.1635087   0.15716725  0.21790999  0.45692138 -2.28564836
 -7.88554125 -6.19544914 -6.59411587 -2.15499119 -3.80017716 -6.14664153
  4.68572259 -4.54357631  1.22766665  6.83165536  5.93318808 -5.96379865
 -1.75329989  5.21499153]
2022-09-12 17:52:42,132 mloop.controllers    INFO     cost -4.62719183700194 +/- 0.0
2022-09-12 17:52:42,133 mloop.controllers    INFO     Run:3 (training)
2022-09-12 17:52:42,136 mloop.controllers    INFO     params [ 1.31039806e+01  8.34668559e+00  4.85559278e+00  1.10080484e+01
  1.41311498e+01  9.07511694e+00  5.76928328e-03  4.24692362e-01
  1.51015061e-01  2.02691468e-01  3.28356281e-01  1.06255788e+00
 -3.81018440e-01  6.09927796e+00  9.51625125e-01  5.45739981e+00
  5.14400791e+00 -6.68899035e-01 -3.99767752e+00 -6.37988992e+00
  5.07076659e+00 -3.72987301e+00  6.42814155e-02 -5.48959662e+00
  1.55109018e+00 -1.68282336e+00]
2022-09-12 17:52:42,238 mloop.controllers    INFO     cost -7.689032696673212 +/- 0.0
2022-09-12 17:52:42,239 mloop.controllers    INFO     Run:4 (training)
2022-09-12 17:52:42,242 mloop.controllers    INFO     params [ 3.46639407  3.46069173  5.02803207  4.6111122  17.70346411 13.21974289
  0.0788621   0.44545943  0.34543116  0.30969652  0.22403291  7.10904943
  3.62542991 -2.86940942  2.61077537  3.76751907  2.01713559 -4.77218836
 -3.29526043 -7.73447514  0.65783753 -6.09827307 -5.32758309 -6.26485203
 -2.59735774  2.77396944]
2022-09-12 17:52:42,344 mloop.controllers    INFO     cost -5.335721403787836 +/- 0.0
2022-09-12 17:52:42,345 mloop.controllers    INFO     Run:5 (training)
2022-09-12 17:52:42,348 mloop.controllers    INFO     params [ 4.60896818 11.64250875 16.32481375  2.45668336  8.75029105 15.01587806
  0.44907027  0.31620427  0.32317052  0.09354777  0.29756386  0.54141953
  7.36074841  3.00148023 -3.03370932  5.13463252 -4.46078651  5.98534969
  2.45943557  2.24259458  7.17756721 -3.09624381  0.79651689  1.5053763
  7.31144576  0.46559699]
2022-09-12 17:52:42,449 mloop.controllers    INFO     cost -6.674766419222336 +/- 0.0
2022-09-12 17:52:42,450 mloop.controllers    INFO     Run:6 (training)
2022-09-12 17:52:42,453 mloop.controllers    INFO     params [ 6.73656201  4.24735243 11.63788296  8.59092396  4.7688294   7.86737981
  0.38458039  0.4194241   0.10417849  0.16810698  0.1853764  -0.48912285
  6.61565482 -1.56539977  3.69647784 -3.24694809 -6.96411578 -4.82351174
 -2.38074092  2.10096944 -1.781044    1.02086827 -7.61276527 -4.80504715
  1.03112856 -2.08132896]
2022-09-12 17:52:42,555 mloop.controllers    INFO     cost -5.89168055301199 +/- 0.0
2022-09-12 17:52:42,556 mloop.controllers    INFO     Run:7 (training)
2022-09-12 17:52:42,559 mloop.controllers    INFO     params [ 3.47055615e+00  3.31836816e+00  1.83014948e+01  1.11155719e+01
  1.76729196e+01  1.52384807e+01  4.09931427e-01  3.21949060e-01
  4.59405514e-01  4.90509284e-01  1.35394721e-01 -4.19827977e+00
  5.82149507e+00 -3.12521233e+00  6.48363517e+00 -4.72514848e+00
 -7.52823995e+00 -7.92661497e+00 -5.30847589e+00  5.21045062e+00
 -7.77330508e+00  1.67673152e+00  6.24077389e+00  7.51511101e+00
  9.42717260e-03 -5.12833550e+00]
2022-09-12 17:52:42,660 mloop.controllers    INFO     cost -6.268574887949221 +/- 0.0
2022-09-12 17:52:42,661 mloop.controllers    INFO     Run:8 (training)
2022-09-12 17:52:42,663 mloop.controllers    INFO     params [11.25316976  2.75945614 15.12523419  8.77412805 16.87755662 10.18759376
  0.03955363  0.37614399  0.03850917  0.46173672  0.12634275  5.4126959
 -7.75134799  6.28792759 -2.47304476 -4.39413166 -3.28709333 -6.12369176
  1.8410794   5.00605197 -3.95994406  6.25121335 -2.28531506 -2.98905525
  0.68709905 -6.94313497]
2022-09-12 17:52:42,765 mloop.controllers    INFO     cost -7.1372478632880885 +/- 0.0
2022-09-12 17:52:42,765 mloop.controllers    INFO     Run:9 (training)
2022-09-12 17:52:42,767 mloop.controllers    INFO     params [16.1140312  11.71572708  5.8401441  16.69763549  8.31077849  9.24327748
  0.36365947  0.39855509  0.16297087  0.05285321  0.4428304  -4.86036249
 -4.25524426  4.68659594  3.87913933  2.92356428 -5.93727577  7.63527038
  2.39872612  5.8397461   0.3082595  -4.11832732 -2.87499385  7.10455813
 -1.73533039 -5.2212931 ]
2022-09-12 17:52:42,869 mloop.controllers    INFO     cost -6.258254096578459 +/- 0.0
2022-09-12 17:52:42,869 mloop.controllers    INFO     Run:10 (training)
2022-09-12 17:52:42,871 mloop.controllers    INFO     params [ 4.47881914 11.98525216 14.62661509  6.26370012  3.29602208  9.6612536
  0.31670024  0.21885271  0.03389663  0.48535508  0.27429517 -1.72674454
 -7.61109559  4.96369112  6.70633253  5.80225676  7.53466388  0.66712066
 -0.43701027  6.49841109 -1.31945109 -3.34728515  5.07138247 -4.78182226
  5.71033897  7.1710592 ]
2022-09-12 17:52:42,972 mloop.controllers    INFO     cost -6.214240949860173 +/- 0.0
2022-09-12 17:52:42,973 mloop.controllers    INFO     Run:11 (training)
2022-09-12 17:52:42,975 mloop.controllers    INFO     params [15.59372971 11.38593674  3.32372609  3.8024287   9.92149852 13.84887124
  0.1346734   0.0700178   0.46697669  0.02527323  0.32043661 -3.26254612
 -1.62624645  2.8287222   5.01731547  2.28663162  7.91482475 -2.04424327
 -3.02155792  2.19750916 -0.63165158  6.45121403 -3.40390243 -6.13817798
 -0.34748015  6.56112335]
2022-09-12 17:52:43,077 mloop.controllers    INFO     cost -6.701359991173652 +/- 0.0
2022-09-12 17:52:43,077 mloop.controllers    INFO     Run:12 (training)
2022-09-12 17:52:43,080 mloop.controllers    INFO     params [ 7.22966507e+00  7.67657586e+00  9.26644217e+00  6.10535929e+00
  8.28830634e+00  1.21199146e+01  4.53049541e-03  4.08192460e-01
  1.72863949e-01  4.62611933e-01  3.90140386e-01  6.93985913e+00
  3.44296070e+00  4.88620905e+00  7.14664868e+00  7.35434801e+00
  6.80523053e+00  7.24657526e+00  3.52448112e+00 -2.80979421e+00
 -1.11547679e+00 -4.25853632e+00 -7.34900681e+00  6.11174439e-01
 -5.77877800e+00 -5.75478925e+00]
2022-09-12 17:52:43,181 mloop.controllers    INFO     cost -4.824046012927206 +/- 0.0
2022-09-12 17:52:43,182 mloop.controllers    INFO     Run:13 (training)
2022-09-12 17:52:43,184 mloop.controllers    INFO     params [ 3.62103643e+00  5.63484399e+00  1.95187876e+00  1.63914004e+01
  5.08351111e+00  1.54401766e+01  7.79687392e-02  1.23672120e-01
  1.58886344e-01  4.38184409e-03  3.82000630e-01  1.58164148e+00
 -3.25559108e+00  3.55069245e-01 -1.34418734e+00 -4.70621217e-01
  7.51301431e+00  1.61839668e+00 -1.13578494e+00 -7.47238199e+00
 -2.34381623e+00  3.46340758e+00  1.20739661e+00 -4.65521272e+00
 -5.35095920e-01  2.36398779e+00]
2022-09-12 17:52:43,285 mloop.controllers    INFO     cost -5.8346112012618185 +/- 0.0
2022-09-12 17:52:43,286 mloop.controllers    INFO     Run:14 (training)
2022-09-12 17:52:43,289 mloop.controllers    INFO     params [15.04447367  8.16949761 11.16487549  1.97098976  9.89039416  7.80181377
  0.05098351  0.09486646  0.48384374  0.13761185  0.0531596   1.63373922
 -6.98689787  6.02195601 -4.12304458  5.49022688  2.8518896   0.79987611
 -5.78613609 -3.31600056 -4.96184117 -3.92520864 -3.48880128  3.99581982
  6.01106833  0.49569968]
2022-09-12 17:52:43,390 mloop.controllers    INFO     cost -6.333010345492433 +/- 0.0
2022-09-12 17:52:43,391 mloop.controllers    INFO     Run:15 (training)
2022-09-12 17:52:43,393 mloop.controllers    INFO     params [ 2.73213010e+00  1.76061373e+01  8.62451285e+00  1.98927959e+01
  1.03814259e+01  8.29051602e+00  3.73742183e-01  5.84424091e-03
  1.91323659e-01  2.12118522e-01  1.02153037e-01  3.92353940e+00
 -2.04345208e+00  3.13966948e+00 -5.01924410e+00  7.53859239e+00
 -2.12398115e+00  3.37537106e+00 -6.85969228e+00  3.37056334e+00
  2.03207001e+00 -1.31449955e+00 -7.72501638e-02 -1.37169761e+00
  2.18574546e+00 -6.69591486e+00]
2022-09-12 17:52:43,494 mloop.controllers    INFO     cost -5.997215903451998 +/- 0.0
2022-09-12 17:52:43,494 mloop.controllers    INFO     Run:16 (training)
2022-09-12 17:52:43,496 mloop.controllers    INFO     params [ 8.16616314  9.5237452   8.04106516  5.29551072 15.23980733  5.0942486
  0.03978803  0.13124077  0.27626641  0.4071085   0.36413117 -7.59967579
 -1.37311166 -7.13303854 -5.2208485   4.96413392 -4.80714701  4.46820282
  2.36522267  5.10631052  3.8858033   6.93573451 -7.00335124  0.41460927
  6.88352036  4.62978673]
2022-09-12 17:52:43,598 mloop.controllers    INFO     cost -5.505943690782711 +/- 0.0
2022-09-12 17:52:43,713 mloop.controllers    INFO     Run:17 (training)
2022-09-12 17:52:43,715 mloop.controllers    INFO     params [ 6.21253575  8.56256111  4.90903262 18.55050601 14.79030989  6.49538587
  0.49662474  0.1073214   0.4729321   0.25629292  0.10188197 -3.65421276
 -7.57614254 -7.78226736 -2.45134616 -0.49453582 -6.56285143  4.31602716
 -3.88743767  3.389713   -1.686845   -5.67573099  6.88731102 -0.13981362
  0.05543185  1.84251291]
2022-09-12 17:52:43,816 mloop.controllers    INFO     cost -7.086370781520746 +/- 0.0
2022-09-12 17:52:43,816 mloop.controllers    INFO     Run:18 (training)
2022-09-12 17:52:43,818 mloop.controllers    INFO     params [ 1.05648690e+01  7.68923904e+00  1.81218250e+01  1.99117275e+01
  1.93479557e+01  1.47279600e+01  3.31794978e-01  4.89868863e-01
  6.84741617e-03  7.51099170e-02  3.06205458e-01  5.33878496e+00
  3.65053494e+00 -3.68054415e-01 -5.04473691e+00  4.85891909e+00
 -2.76860623e+00 -2.78248877e+00 -5.44701296e+00  1.38834165e+00
  7.14062520e+00 -6.72433535e+00 -5.31202905e+00  6.27893332e+00
 -1.66990988e+00 -3.24389913e+00]
2022-09-12 17:52:43,919 mloop.controllers    INFO     cost -5.908868225996053 +/- 0.0
2022-09-12 17:52:43,919 mloop.controllers    INFO     Run:19 (training)
2022-09-12 17:52:43,921 mloop.controllers    INFO     params [16.20356999 17.60649108  3.79920008  8.45016939 13.97993923  7.07128077
  0.2012579   0.29836033  0.19613769  0.40491834  0.42646135  1.05031457
  3.27517634 -4.4234342  -5.8191643   2.86665697 -7.96555329 -4.99263037
 -1.69421577  1.02636322  4.18901681 -6.47401098  7.5526298   4.18704324
 -6.63996231  6.94115389]
2022-09-12 17:52:44,023 mloop.controllers    INFO     cost -4.922255136537962 +/- 0.0
2022-09-12 17:52:44,024 mloop.controllers    INFO     Run:20 (training)
2022-09-12 17:52:44,026 mloop.controllers    INFO     params [ 4.60060389e+00  4.45584762e+00  1.85161273e+01  1.35300173e+01
  6.26405788e+00  1.14477277e+01  3.68924689e-01  2.13009322e-01
  1.09349885e-02  2.99284087e-01  2.53351106e-01  1.03069692e+00
  7.00492997e+00  6.66974100e+00 -3.18678401e+00 -4.01005891e-01
 -5.98591849e+00 -5.23344143e+00  5.55391450e-01  5.36263723e+00
 -4.67858394e+00  4.38408600e+00  5.48723094e-01 -8.05903503e-02
  3.97073698e-01  5.56261579e+00]
2022-09-12 17:52:44,127 mloop.controllers    INFO     cost -8.455799486899764 +/- 0.0
2022-09-12 17:52:44,128 mloop.controllers    INFO     Run:21 (training)
2022-09-12 17:52:44,130 mloop.controllers    INFO     params [19.40776601 15.01504945 16.51919151  3.95659637  4.21432049 12.57207171
  0.2133502   0.33024789  0.3233161   0.06503435  0.2042818  -5.31604567
  3.14302388  7.5363464   6.16113009  2.36466361 -7.65897273 -0.49182177
 -7.64206184 -1.98931657 -6.86539496 -4.50666452  4.46108494 -0.75954162
  7.79875134  4.88983823]
2022-09-12 17:52:44,231 mloop.controllers    INFO     cost -6.128880460816126 +/- 0.0
2022-09-12 17:52:44,231 mloop.controllers    INFO     Run:22 (training)
2022-09-12 17:52:44,233 mloop.controllers    INFO     params [ 2.32217184 15.03368167 14.30351403  7.77411018  9.13005791  5.7121467
  0.25544017  0.22306642  0.2502238   0.03037616  0.18421055 -1.41704773
  4.55319121  7.27511014  7.55256509  5.41031189  2.01954919 -5.46599668
  6.14862601  1.79472933  4.81322166  0.47586497  3.16338048 -7.59111883
 -6.48451099 -4.31738063]
2022-09-12 17:52:44,334 mloop.controllers    INFO     cost -5.106248854564483 +/- 0.0
2022-09-12 17:52:44,335 mloop.controllers    INFO     Run:23 (training)
2022-09-12 17:52:44,336 mloop.controllers    INFO     params [ 1.61311617e+01  1.39059568e+01  8.79023863e+00  1.52393981e+01
  3.39926071e+00  1.08428600e+01  1.95880486e-01  4.71507460e-02
  3.16337576e-01  1.96515027e-01  1.54331195e-02 -6.19233686e+00
 -1.47479308e+00  6.33880109e+00  5.50317508e+00 -7.88226886e+00
 -5.35845818e+00 -3.99407806e-02 -1.10420146e+00 -6.55712490e+00
  6.46479922e+00  2.37036964e+00  7.33856228e+00  6.96366365e+00
  3.93293261e+00  6.54942731e+00]
2022-09-12 17:52:44,437 mloop.controllers    INFO     cost -5.88717597438668 +/- 0.0
2022-09-12 17:52:44,438 mloop.controllers    INFO     Run:24 (training)
2022-09-12 17:52:44,440 mloop.controllers    INFO     params [14.08163797 14.19182392 14.14696068  9.73394563 13.47358414  8.62665313
  0.19356702  0.39906725  0.47947998  0.38732415  0.25145327  5.77579383
  7.31502123 -7.05098961  0.78319201  6.37202992 -6.05313823  3.64329734
  0.09145242 -1.40493551 -5.42409537 -4.22314946  0.93475864  3.5285023
 -7.03009097 -6.59172193]
2022-09-12 17:52:44,541 mloop.controllers    INFO     cost -5.349492744349538 +/- 0.0
2022-09-12 17:52:44,542 mloop.controllers    INFO     Run:25 (training)
2022-09-12 17:52:44,543 mloop.controllers    INFO     params [18.49061142 11.29627588 17.09734566  4.57787967  6.3212643  10.00738061
  0.39607116  0.42538377  0.11758769  0.34373495  0.37284337 -3.12689812
  3.22892679 -6.60375305 -6.16624658  0.84613922  4.78036439 -3.59996946
 -5.91976766  6.32666103  3.38283639 -0.63372503 -2.40631951  4.30127428
 -2.39908794 -6.24003291]
2022-09-12 17:52:44,645 mloop.controllers    INFO     cost -7.549322324919662 +/- 0.0
2022-09-12 17:52:44,646 mloop.controllers    INFO     Run:26 (training)
2022-09-12 17:52:44,647 mloop.controllers    INFO     params [ 7.82498824 17.98713326  2.88266487  7.85107989 12.23843573  8.05129924
  0.27967926  0.10727961  0.25177864  0.16600636  0.4616308   3.47827343
  2.96409164 -0.43653895  0.77355353  0.33883977  6.54446134 -3.86555785
 -6.82809258  7.03524536  4.23218522  2.44362353 -4.50883469  0.07838246
  6.98321779  7.88534467]
2022-09-12 17:52:44,749 mloop.controllers    INFO     cost -7.584993722274492 +/- 0.0
2022-09-12 17:52:44,749 mloop.controllers    INFO     Run:27 (training)
2022-09-12 17:52:44,751 mloop.controllers    INFO     params [ 2.37559687  2.11578538 14.0117438  19.88023041 13.90138583 12.89993052
  0.41628926  0.36087168  0.38120971  0.36767906  0.42475529 -3.92378072
 -5.83735404  7.42055519 -7.50492775  2.79911323 -3.89816824 -5.89893756
  5.56725989 -7.44800754 -4.32538808 -1.81526193  1.71464052 -4.53337724
  1.47670828 -5.86044226]
2022-09-12 17:52:44,852 mloop.controllers    INFO     cost -4.340627710907585 +/- 0.0
2022-09-12 17:52:44,853 mloop.controllers    INFO     Run:28 (training)
2022-09-12 17:52:44,855 mloop.controllers    INFO     params [12.12918978 10.15183563 16.51840607 17.05307597 19.3170342   8.11637325
  0.30239248  0.32654687  0.3126744   0.17170844  0.28860041 -1.80200963
  1.04249398 -0.11281379 -4.12052577 -6.0213392   5.98510452  7.67785369
  7.6533186  -4.0109953   7.12214651  3.35077753  0.87472176 -3.8637255
 -0.02549952  2.53720499]
2022-09-12 17:52:44,956 mloop.controllers    INFO     cost -6.977811591696531 +/- 0.0
2022-09-12 17:52:44,957 mloop.controllers    INFO     Run:29 (training)
2022-09-12 17:52:44,959 mloop.controllers    INFO     params [ 1.15743623e+01  1.12932608e+01  6.22669260e+00  1.75849087e+01
  1.78828609e+01  6.20303210e+00  8.20367414e-02  2.62071300e-01
  9.72379133e-02  1.73316263e-01  1.80207397e-03 -6.26396609e+00
  2.93139571e+00  3.53522276e+00  6.79620602e+00  1.96565630e+00
  6.03233579e+00  2.59326767e+00 -4.10424642e+00 -2.65170353e+00
 -6.75685154e+00  6.13777610e+00  2.84361052e+00  7.11591509e-01
 -9.59402359e-01 -5.58927521e+00]
2022-09-12 17:52:45,060 mloop.controllers    INFO     cost -6.689462012352195 +/- 0.0
2022-09-12 17:52:45,061 mloop.controllers    INFO     Run:30 (training)
2022-09-12 17:52:45,062 mloop.controllers    INFO     params [ 2.58169346e+00  1.68032541e+01  9.14972574e+00  1.91741922e+01
  2.39843502e+00  8.92846119e+00  7.72718815e-02  1.00203259e-02
  4.52602395e-01  2.33313693e-01  4.15392848e-01 -4.56968784e+00
  1.56340736e+00  1.77208650e-01 -3.26917823e+00 -6.11753673e-01
 -2.12383790e+00  3.47415208e+00 -5.04536031e+00 -7.13333078e-01
 -6.23552828e+00  1.00402953e+00  7.41932747e+00  8.29937326e-02
  3.44121489e+00 -1.99725608e-01]
2022-09-12 17:52:45,163 mloop.controllers    INFO     cost -7.996206399841372 +/- 0.0
2022-09-12 17:52:45,164 mloop.controllers    INFO     Run:31 (training)
2022-09-12 17:52:45,166 mloop.controllers    INFO     params [15.09296171 18.00569442 10.74350398 16.04979426  8.32554978 11.00002489
  0.28475521  0.39432853  0.06011585  0.37411052  0.27781555  2.73029869
  4.35739829 -4.22082008  4.5016218  -4.37020994 -3.75732679 -6.67775393
  1.02679135 -7.0970057  -1.29235854 -3.50590955 -7.12003791  1.22615517
 -0.38426789  1.08156765]
2022-09-12 17:52:45,267 mloop.controllers    INFO     cost -6.473063533851516 +/- 0.0
2022-09-12 17:52:45,268 mloop.controllers    INFO     Run:32 (training)
2022-09-12 17:52:45,269 mloop.controllers    INFO     params [ 6.245474   11.24199254 10.13981403 15.24559428 14.18334011 11.25296851
  0.33350546  0.18751587  0.33735878  0.28179945  0.21060713  2.44086802
 -5.27950248  5.26138545 -3.90334903  4.24569583 -1.58514029 -1.94440968
 -6.49100956 -4.29089889  4.66801532  3.80731156 -1.74544883  4.8185413
  1.93023937 -1.37142761]
2022-09-12 17:52:45,521 mloop.controllers    INFO     cost -5.559666189842189 +/- 0.0
2022-09-12 17:52:45,532 mloop.controllers    INFO     Run:33 (training)
2022-09-12 17:52:45,534 mloop.controllers    INFO     params [15.78979529 14.40357009 10.67797306 19.9934843   6.74067349 10.66393809
  0.08581175  0.15387353  0.410453    0.25838837  0.19390609 -6.04610649
 -1.07585966 -6.90519348 -0.21249491  7.17703293  3.79022824  0.38378963
 -7.82598348 -5.64836149  0.33359485  4.23160618  1.89815189  2.12189199
  1.43727282  3.62846201]
2022-09-12 17:52:45,634 mloop.controllers    INFO     cost -8.280792261741205 +/- 0.0
2022-09-12 17:52:45,635 mloop.controllers    INFO     Run:34 (training)
2022-09-12 17:52:45,637 mloop.controllers    INFO     params [16.37811106 11.48999832 12.84362219  4.86392138 14.33804965  8.67835766
  0.49762494  0.27377569  0.3536923   0.44510178  0.31401297  5.94769214
 -6.15851251  6.98269046 -5.23173651 -2.73026744  4.59792102 -5.57442841
  5.34312234 -4.05641737 -2.68869906  1.82185851  7.62059169 -7.76330445
  5.11178713  2.6023567 ]
2022-09-12 17:52:45,738 mloop.controllers    INFO     cost -5.020743791945176 +/- 0.0
2022-09-12 17:52:45,739 mloop.controllers    INFO     Run:35 (training)
2022-09-12 17:52:45,742 mloop.controllers    INFO     params [ 1.73997229e+01  1.84644339e+01  6.35341033e+00  8.26744632e+00
  1.28763718e+01  1.52589280e+01  7.09301080e-02  3.93540097e-01
  2.51750559e-01  7.52215248e-02  6.51376581e-02 -8.48664774e-03
  7.79854031e+00 -6.10940897e+00 -7.33272492e+00 -3.99065544e+00
  1.91295233e+00 -4.46187402e+00 -9.85633390e-01  3.95942315e+00
  1.93903677e+00 -4.76825287e+00  5.52913760e+00 -7.82675907e+00
  7.19005521e+00 -6.00554634e-01]
2022-09-12 17:52:45,843 mloop.controllers    INFO     cost -6.344540359278331 +/- 0.0
2022-09-12 17:52:46,089 mloop.controllers    INFO     Run:36 (training)
2022-09-12 17:52:46,092 mloop.controllers    INFO     params [ 5.02061335 18.36553947  4.17152055  4.2103392   1.90682176  8.90311355
  0.38515024  0.18527999  0.2474135   0.02802014  0.33706256 -7.28860505
  1.61322394  1.73712609 -6.66114738  3.55796409  0.04340452 -2.71928384
 -7.29353244  4.11540153 -1.43814231  6.41029902 -0.18413082  5.31177343
  1.0695215   4.08199351]
2022-09-12 17:52:46,193 mloop.controllers    INFO     cost -6.160184078619301 +/- 0.0
2022-09-12 17:52:46,193 mloop.controllers    INFO     Run:37 (training)
2022-09-12 17:52:46,195 mloop.controllers    INFO     params [ 1.01494699e+01  1.46194240e+01  1.50046020e+01  1.90827935e+01
  6.94443646e+00  1.02810080e+01  1.35161828e-01  3.16300416e-01
  1.10305880e-01  9.92370415e-03  1.85904748e-02 -4.09491565e+00
  6.18723781e-02  2.51736108e+00 -5.90727820e+00  6.88396919e+00
 -3.44188173e+00  7.86747313e+00  8.81930007e-01  5.02076056e+00
  7.78880460e+00 -1.23122505e+00  5.75665581e+00  7.40006638e+00
 -7.22823958e+00  7.50689579e+00]
2022-09-12 17:52:46,296 mloop.controllers    INFO     cost -6.732739122721686 +/- 0.0
2022-09-12 17:52:46,503 mloop.controllers    INFO     Run:38 (training)
2022-09-12 17:52:46,505 mloop.controllers    INFO     params [13.61710962 15.07098667  9.49311064 17.37985356 15.1676438   7.52890479
  0.03366977  0.29285367  0.21480879  0.18659159  0.35193837 -6.06868216
  7.91529393  5.85197448 -3.23341237 -6.39448132 -7.01404727  2.58587363
  1.3580964  -3.11366958  7.17702021  1.27262363  4.70084322 -6.23901212
 -5.0243723   7.3850367 ]
2022-09-12 17:52:46,606 mloop.controllers    INFO     cost -4.702114396045764 +/- 0.0
2022-09-12 17:52:46,606 mloop.controllers    INFO     Run:39 (training)
2022-09-12 17:52:46,608 mloop.controllers    INFO     params [11.38967428  6.02118442  7.77907947 17.08886019  6.05053269  9.33105663
  0.06917158  0.1348165   0.07319479  0.45161835  0.36570152  0.70485931
 -1.78896619 -6.96859626 -7.44215141 -2.19581107 -2.95621597  4.07082247
  1.99403624 -3.71915895 -1.46543034  6.80339161 -5.94419554  7.91621412
  6.80332327  5.35675416]
2022-09-12 17:52:46,709 mloop.controllers    INFO     cost -5.914734166435117 +/- 0.0
2022-09-12 17:52:46,710 mloop.controllers    INFO     Run:40 (training)
2022-09-12 17:52:46,712 mloop.controllers    INFO     params [ 1.64726526e+01  8.41017077e+00  5.15083409e+00  1.99668553e+01
  1.81513308e+01  8.34591932e+00  1.03879336e-02  3.00398858e-01
  3.13651050e-01  2.14334716e-01  4.99080453e-02  2.74095071e+00
 -5.33947932e+00 -4.16535389e+00  5.00006283e-01  2.03647860e+00
 -7.19870438e+00 -5.48543289e+00  7.10294098e+00 -3.48216430e+00
  7.91364299e+00 -4.75205497e+00 -2.07460315e+00  5.55940712e+00
  4.59233605e-01  4.41114312e+00]
2022-09-12 17:52:46,814 mloop.controllers    INFO     cost -5.960778794569651 +/- 0.0
2022-09-12 17:52:46,815 mloop.controllers    INFO     Run:41 (training)
2022-09-12 17:52:46,817 mloop.controllers    INFO     params [ 9.70528914  8.83812585  9.57776015 14.13042262 15.28046426  9.78597301
  0.42317765  0.16295124  0.44368868  0.29384241  0.05483776  5.40409527
  5.37897287  5.01832665 -7.53926797 -4.53577111 -1.0888049   5.43542956
  7.25296794  5.92846647 -6.33605167  0.35669406 -0.70283372 -0.17989561
 -3.1844691   7.50837224]
2022-09-12 17:52:46,919 mloop.controllers    INFO     cost -7.210218977197225 +/- 0.0
2022-09-12 17:52:46,919 mloop.controllers    INFO     Run:42 (training)
2022-09-12 17:52:46,920 mloop.controllers    INFO     params [ 6.03276506 11.098242    9.85835997  8.80379358 10.00164209 11.44508432
  0.23477015  0.38852502  0.11643853  0.08304488  0.12902703 -0.55725309
 -5.61708951  6.3416439   4.50102693  5.91811447 -3.03777507 -4.29488993
  2.57759476 -4.95146783 -0.45782962 -4.27444437 -1.66427068 -3.30820577
  5.41229746  2.75140094]
2022-09-12 17:52:47,021 mloop.controllers    INFO     cost -7.05363325107228 +/- 0.0
2022-09-12 17:52:47,022 mloop.controllers    INFO     Run:43 (training)
2022-09-12 17:52:47,023 mloop.controllers    INFO     params [18.94259151  5.66293778 12.79490349  8.47034694 12.07370186  8.52338849
  0.09143723  0.05219339  0.2308489   0.06730891  0.29268347  0.49989283
 -6.67786299  6.58692248 -5.24580221  0.61185627 -3.43865131  4.9291661
 -0.58066985  5.80934507 -5.56147934  3.77129724 -3.21618683  4.41726065
  7.00439628  4.30463834]
2022-09-12 17:52:47,345 mloop.controllers    INFO     cost -6.069745985915874 +/- 0.0
2022-09-12 17:52:47,345 mloop.controllers    INFO     Run:44 (training)
2022-09-12 17:52:47,347 mloop.controllers    INFO     params [17.42883227  9.43545218 14.00940659  2.545785    7.02697329 14.89346962
  0.35331531  0.35308304  0.35554758  0.17358531  0.25242052  3.85658294
  1.83959717 -1.73189418  6.40832511 -2.910953   -6.66556799  4.05885391
 -0.50703542 -6.6362134  -5.41848484 -0.44074187 -4.5386111  -3.86544408
 -5.89333211 -1.65994715]
2022-09-12 17:52:47,448 mloop.controllers    INFO     cost -5.80521200381525 +/- 0.0
2022-09-12 17:52:47,448 mloop.controllers    INFO     Run:45 (training)
2022-09-12 17:52:47,449 mloop.controllers    INFO     params [ 7.84152344  7.92695045  4.9874615  16.22368822 17.71621265  5.16272274
  0.30757289  0.09096601  0.21838063  0.11641302  0.16874733  3.52175134
  7.34874681 -2.77510894  6.91006322  2.58590561  6.21058448 -3.5461521
  1.51366868 -5.40760606  6.92459752 -7.55988524 -0.07594348 -7.35186186
 -2.21441522 -0.09201165]
2022-09-12 17:52:47,551 mloop.controllers    INFO     cost -6.646738087203649 +/- 0.0
2022-09-12 17:52:47,551 mloop.controllers    INFO     Run:46 (training)
2022-09-12 17:52:47,553 mloop.controllers    INFO     params [17.59650208 18.52230119 13.04799469  5.3397636  17.05595774  5.78078974
  0.21072988  0.13386648  0.14326721  0.2125295   0.19339048 -7.35506665
 -4.45646657 -2.59290715  3.01996646  7.3047709   0.83184879 -3.4825268
 -1.27792402  7.34395396 -7.71519876  2.27753471  0.23809559 -0.59744087
 -5.66298996  5.21320033]
2022-09-12 17:52:47,654 mloop.controllers    INFO     cost -6.42001570142305 +/- 0.0
2022-09-12 17:52:47,655 mloop.controllers    INFO     Run:47 (training)
2022-09-12 17:52:47,656 mloop.controllers    INFO     params [ 2.75487573e+00  6.54673112e+00  1.22627738e+01  3.38152370e+00
  7.36458440e+00  8.44916928e+00  3.04813108e-01  2.94613192e-03
  2.35398005e-01  1.36046144e-01  3.49540670e-01  6.65727391e+00
  3.43148232e+00 -1.37586112e+00  5.40448377e+00  2.48554986e+00
 -7.59573247e+00  1.25847439e+00 -2.44469517e+00  4.56339289e+00
 -4.68662324e+00 -7.10463813e+00 -2.04382186e+00  1.91722959e+00
 -2.61587455e+00 -7.57002776e+00]
2022-09-12 17:52:47,758 mloop.controllers    INFO     cost -4.268591619652291 +/- 0.0
2022-09-12 17:52:47,759 mloop.controllers    INFO     Run:48 (training)
2022-09-12 17:52:47,761 mloop.controllers    INFO     params [10.79615186 11.38903064 14.97303732  2.04252363 12.56703875  7.8829985
  0.46184682  0.40543762  0.09918887  0.23316027  0.34326652 -5.99691418
  3.17448035 -4.76686187  1.18586146  2.78149171 -6.09522891  5.11893752
  7.99284639  2.551619    6.12727593  1.66719746  2.80490204  6.43019305
  1.64655559 -7.2308527 ]
2022-09-12 17:52:47,863 mloop.controllers    INFO     cost -6.1879115151086195 +/- 0.0
2022-09-12 17:52:47,864 mloop.controllers    INFO     Run:49 (training)
2022-09-12 17:52:47,866 mloop.controllers    INFO     params [ 4.43070151 17.83198323 17.99856397 10.7207989  14.91544977 11.24712185
  0.09942013  0.42992229  0.46389     0.13343996  0.13734899  3.48350119
  4.3313556  -6.72940646 -4.41194086  6.44017209  1.70810323 -0.72988888
  5.44832465  7.90191815 -4.88896128 -4.3555418  -2.50471003  7.86267594
 -7.70578862 -1.31557618]
2022-09-12 17:52:47,968 mloop.controllers    INFO     cost -5.813916406467349 +/- 0.0
2022-09-12 17:52:47,969 mloop.controllers    INFO     Run:50 (training)
2022-09-12 17:52:47,971 mloop.controllers    INFO     params [ 1.26048455e+01  1.57560190e+01  1.70959149e+01  5.16788441e+00
  4.11555827e+00  6.10997129e+00  4.16761683e-01  1.36077049e-02
  1.91627458e-01  2.13374985e-01  3.66369828e-01  5.82160015e+00
 -5.61634809e+00  7.86827692e+00  7.28827060e+00 -5.82102179e+00
  5.03099642e+00 -4.48472684e+00 -5.97980498e-01  4.13138349e+00
  4.53330675e+00 -4.11149350e+00 -2.71836988e+00  7.80946421e+00
 -3.26212269e-01 -2.40359232e-01]
2022-09-12 17:52:48,257 mloop.controllers    INFO     cost -7.0543130211167835 +/- 0.0
2022-09-12 17:52:48,258 mloop.controllers    INFO     Run:51 (training)
2022-09-12 17:52:48,259 mloop.controllers    INFO     params [ 6.58493962 14.69635974  4.29486519  4.1370861   6.49191691 14.63204651
  0.0885476   0.05610707  0.47864946  0.01500583  0.4583804   3.6938512
 -6.98961441  7.68320189 -1.73395654  7.78204486  7.25820389  5.77858883
  4.56441313 -6.42027552 -6.13957647 -0.72485723 -1.97801981  4.36426882
 -3.26351906  1.02217132]
2022-09-12 17:52:48,360 mloop.controllers    INFO     cost -4.9788568632889225 +/- 0.0
2022-09-12 17:52:48,361 mloop.controllers    INFO     Run:52 (training)
2022-09-12 17:52:48,362 mloop.controllers    INFO     params [ 7.31225533e+00  1.08618148e+01  2.42402946e+00  1.70254428e+01
  8.60703750e+00  5.08399740e+00  8.75771700e-02  3.59382628e-01
  4.53963522e-01  2.10301112e-01  3.41927674e-01 -4.32431897e+00
 -1.24592039e-01  3.25672997e-01  7.02517449e+00  2.46855268e+00
  2.88065841e+00  6.31365277e+00  3.49248893e+00  2.19299675e+00
  2.64071887e+00  7.33644965e-03  6.08054680e+00  6.10694491e+00
  5.61912171e+00  3.33906368e+00]
2022-09-12 17:52:48,463 mloop.controllers    INFO     cost -9.024271928739232 +/- 0.0
2022-09-12 17:52:48,464 mloop.controllers    INFO     Run:53 (training)
2022-09-12 17:52:48,466 mloop.controllers    INFO     params [ 9.78059294 10.5514518  10.22099478  3.53523202 18.65967339  4.12907839
  0.36099221  0.35710129  0.39580891  0.33829679  0.39599642 -6.32149547
 -5.34838995 -2.88298514  4.95005218 -5.9030188  -6.15372091  1.86091866
 -3.09065743 -3.62931444  6.88756589  5.49432689  2.54049946  4.86258731
  6.71882122 -1.24869973]
2022-09-12 17:52:48,466 mloop.controllers    DEBUG    Starting ML optimization.
2022-09-12 17:52:48,567 mloop.controllers    INFO     cost -5.751183659860354 +/- 0.0
2022-09-12 17:52:48,582 mloop.controllers    DEBUG    End training runs.
2022-09-12 17:52:48,582 mloop.controllers    INFO     Run:54 (machine learner)
2022-09-12 17:52:52,320 mloop.controllers    INFO     params [ 8.63023557 12.21947933  4.61287481 18.45122768  7.81689696  6.62310677
  0.085587    0.28484646  0.43788684  0.21109112  0.31340996 -5.0330986
  0.19382956 -1.31260108  4.38423217  2.92692737  3.86949704  4.86055429
 -0.20471218  0.46813757  1.30158315  0.32576283  5.51271312  4.13554156
  5.11605045  3.19354821]
2022-09-12 17:52:52,447 mloop.controllers    INFO     cost -7.630369595095232 +/- 0.0
2022-09-12 17:52:52,448 mloop.controllers    INFO     Run:55 (machine learner)
2022-09-12 17:52:54,610 mloop.controllers    INFO     params [ 9.24513082 12.89903051  5.6319045  19.09844185  7.36106766  7.2264304
  0.08259036  0.25109517  0.43613351  0.21458011  0.30327721 -5.46351212
  0.38902619 -2.19825239  3.31491414  3.18437635  4.2470647   4.26068856
 -1.86297171 -0.21427442  0.66891855  0.47541808  5.31230636  3.35617634
  4.88586049  3.11044671]
2022-09-12 17:52:54,711 mloop.controllers    INFO     cost -7.240037838647287 +/- 0.0
2022-09-12 17:52:54,712 mloop.controllers    INFO     Run:56 (machine learner)
2022-09-12 17:52:57,358 mloop.controllers    INFO     params [ 9.36187979 13.26179597  5.93972355 19.51257396  7.25838856  7.38078159
  0.08186283  0.23746698  0.43532352  0.21283142  0.30313498 -5.73694261
  0.69851064 -2.57386516  2.83005242  3.07643008  4.88891959  4.06491324
 -2.71578918 -0.23131646  0.41017101  0.13097494  5.33061621  2.82134511
  5.12824023  3.08895663]
2022-09-12 17:52:57,460 mloop.controllers    INFO     cost -8.083597107233379 +/- 0.0
2022-09-12 17:52:57,460 mloop.controllers    INFO     Run:57 (machine learner)
2022-09-12 17:53:00,015 mloop.controllers    INFO     params [ 7.60925689e+00  1.11818306e+01  2.91779379e+00  1.74764495e+01
  8.44694822e+00  5.49070113e+00  8.74810495e-02  3.41275802e-01
  4.48300016e-01  2.08095994e-01  3.33805879e-01 -4.50598809e+00
 -2.37702514e-02 -3.82289688e-02  6.31629232e+00  2.53223820e+00
  3.29161102e+00  5.96361300e+00  2.53957265e+00  1.76245113e+00
  2.31834467e+00  3.41853655e-03  5.96858749e+00  5.54421970e+00
  5.57624806e+00  3.33637838e+00]
2022-09-12 17:53:00,116 mloop.controllers    INFO     cost -8.968930837775236 +/- 0.0
2022-09-12 17:53:00,117 mloop.controllers    INFO     Run:58 (trainer)
2022-09-12 17:53:00,119 mloop.controllers    INFO     params [ 2.77828066  9.34997992 13.12208318 15.6758658   3.5018372   9.38126804
  0.41518343  0.01910088  0.23308568  0.26886429  0.34978157  7.96522353
  1.84635897  1.06093404  1.44864901 -6.69687963  0.14864303  7.48807315
  0.39206432  7.19160356  4.65875029 -6.04729194  2.49117523 -3.64744576
  2.40092822  4.0004933 ]
2022-09-12 17:53:00,220 mloop.controllers    INFO     cost -6.823200476664413 +/- 0.0
2022-09-12 17:53:00,221 mloop.controllers    INFO     Run:59 (machine learner)
2022-09-12 17:53:03,292 mloop.controllers    INFO     params [ 6.58957655 10.46400347  1.785      16.90011505  9.02470476  4.42985237
  0.08823497  0.38737827  0.45858315  0.20237241  0.35660591 -4.23596402
  0.11960239  0.94884271  7.85539368  1.95369497  3.44023094  6.95256467
  4.56484255  3.16504108  3.1265937  -0.78931674  6.50470219  6.44337049
  6.37449348  3.46347824]
2022-09-12 17:53:03,393 mloop.controllers    INFO     cost -6.7187660256178185 +/- 0.0
2022-09-12 17:53:03,394 mloop.controllers    INFO     Run:60 (machine learner)
2022-09-12 17:53:06,438 mloop.controllers    INFO     params [ 5.99320157 10.43523435  1.785      17.29800031  9.38172351  4.0401133
  0.08918355  0.39939144  0.4584691   0.18986919  0.36861516 -4.39056696
  0.67799722  1.23740652  8.          1.28766753  4.80357066  7.33166861
  4.64232472  4.01275464  3.32987448 -1.97287662  6.92107397  6.08284809
  7.40191148  3.59329199]
2022-09-12 17:53:06,539 mloop.controllers    INFO     cost -5.317821130398838 +/- 0.0
2022-09-12 17:53:06,540 mloop.controllers    INFO     Run:61 (machine learner)
2022-09-12 17:53:09,213 mloop.controllers    INFO     params [ 5.54478995 10.58448918  1.785      17.72042038  9.6348349   4.
  0.09018888  0.40278332  0.45863456  0.18000325  0.37987672 -4.60880485
  1.26741693  1.30809133  7.9511946   0.68600023  6.10972099  7.54584039
  4.35444816  4.73099813  3.38616789 -3.05976227  7.24154336  5.57763595
  8.          3.67055974]
2022-09-12 17:53:09,314 mloop.controllers    INFO     cost -5.324977433441523 +/- 0.0
2022-09-12 17:53:09,315 mloop.controllers    INFO     Run:62 (machine learner)
2022-09-12 17:53:11,258 mloop.controllers    INFO     params [ 6.97518455 10.65650032  1.93242738 16.93618061  8.8021163   4.77211594
  0.08791738  0.37310408  0.45625742  0.20691435  0.34870459 -4.26737153
 -0.035332    0.6329333   7.44227438  2.24276661  3.08450355  6.61966343
  4.04228206  2.64015322  2.87948781 -0.32951799  6.27337187  6.30190706
  5.9452122   3.39551629]
2022-09-12 17:53:11,673 mloop.controllers    INFO     cost -8.308856078574514 +/- 0.0
2022-09-12 17:53:11,674 mloop.controllers    INFO     Run:63 (trainer)
2022-09-12 17:53:11,675 mloop.controllers    INFO     params [10.97727453  7.35950853 16.44656319  2.44721696 17.56556023 13.63195402
  0.06523187  0.1616346   0.02035044  0.29091592  0.31864989 -5.08078643
  0.13446621 -6.40005575  0.84186164  5.34240658  0.15912809  4.28477579
 -3.32869866  0.68045069 -3.40623638 -5.11427409  6.13795443  7.41754931
  1.23956665  6.76539026]
2022-09-12 17:53:17,580 mloop.controllers    INFO     cost -7.861131155391671 +/- 0.0
2022-09-12 17:53:17,581 mloop.controllers    INFO     Run:64 (machine learner)
2022-09-12 17:53:17,581 mloop.controllers    INFO     params [ 7.41807083 10.79571978  1.785      17.40470112  8.55229745  5.39195295
  0.08891834  0.35404749  0.44478805  0.20304637  0.32930825 -4.32890782
 -0.33450685  0.42637938  6.60805648  2.5401134   3.02226474  6.17917516
  3.22498815  1.66513139  2.51213686  0.20101077  6.08316846  5.8769137
  5.59607721  3.41177201]
2022-09-12 17:53:19,825 mloop.controllers    INFO     cost -8.465871863774579 +/- 0.0
2022-09-12 17:53:19,825 mloop.controllers    INFO     Run:65 (machine learner)
2022-09-12 17:53:19,826 mloop.controllers    INFO     params [ 7.3272728  10.48695228  1.785      17.68441513  8.61151487  5.5435196
  0.09100332  0.35940013  0.43533907  0.19309043  0.31749961 -4.22608818
 -0.65667381  0.83447909  6.49123594  2.54554545  3.06748668  6.24721814
  3.478825    1.26477356  2.56000277  0.38233901  6.19140218  5.88946173
  5.66215104  3.53134197]
2022-09-12 17:53:19,927 mloop.controllers    INFO     cost -7.075186235018616 +/- 0.0
2022-09-12 17:53:19,928 mloop.controllers    INFO     Run:66 (machine learner)
2022-09-12 17:53:19,929 mloop.controllers    INFO     params [ 1.68368657e+01  6.05638565e+00  1.14846775e+01  1.51498873e+01
  2.25569841e+00  1.24315232e+01  4.73083116e-01  3.34140161e-01
  1.56663687e-02  1.80523627e-01  1.46098205e-01 -6.21682880e+00
  7.32327351e+00 -2.32078163e+00 -3.86191081e+00 -1.49557045e+00
 -3.70144733e+00  1.81854831e+00 -4.19625414e+00  1.62127615e+00
 -1.60731969e+00  3.98380764e+00  2.52382838e+00 -4.33719209e+00
  3.64161379e+00  5.98854912e+00]
2022-09-12 17:53:20,030 mloop.controllers    INFO     cost -5.028381606845586 +/- 0.0
2022-09-12 17:53:20,030 mloop.controllers    INFO     Run:67 (machine learner)
2022-09-12 17:53:20,031 mloop.controllers    INFO     params [ 7.44078185 10.9839723   2.27987373 17.20166842  8.5374255   5.25623645
  0.08757679  0.35201767  0.45151105  0.20948351  0.33822463 -4.39117427
 -0.1022713   0.18312338  6.73667804  2.50721028  3.01672556  6.16749567
  3.11599279  1.99631529  2.50899264  0.0336411   6.02925388  5.88997334
  5.58330245  3.33728824]
2022-09-12 17:53:20,715 mloop.controllers    INFO     cost -9.114414285059352 +/- 0.0
2022-09-12 17:53:20,717 mloop.controllers    INFO     Run:68 (trainer)
2022-09-12 17:53:20,719 mloop.controllers    INFO     params [ 6.34683613  3.22534877  5.93682061  2.25327864  5.81107415  9.95420197
  0.3509904   0.05728428  0.01894549  0.35774899  0.27335965 -1.27164832
 -4.55577744 -7.09996783  5.11666759 -6.08472073  7.35593759 -2.41943628
 -3.48292034 -1.09093185 -0.2046649  -3.26167007  4.36584778 -5.99773083
 -5.42618426 -2.79691356]
2022-09-12 17:53:21,836 mloop.controllers    INFO     cost -6.584917243512191 +/- 0.0
2022-09-12 17:53:21,837 mloop.controllers    INFO     Run:69 (machine learner)
2022-09-12 17:53:22,965 mloop.controllers    INFO     params [ 7.52541457 11.22528711  1.785      16.97038145  8.29019438  4.85216658
  0.08219045  0.34586466  0.46289013  0.21902893  0.34796725 -4.58625418
  0.13034842 -0.23444541  6.93243599  2.68846954  2.82109733  6.17602727
  2.89601606  2.12285122  2.36608317  0.10601954  6.07646144  6.00504217
  5.7788177   3.17027826]
2022-09-12 17:53:23,242 mloop.controllers    INFO     cost -8.948916124477098 +/- 0.0
2022-09-12 17:53:23,243 mloop.controllers    INFO     Run:70 (machine learner)
2022-09-12 17:53:23,244 mloop.controllers    INFO     params [ 7.51269945 11.2151792   1.785      17.07543699  8.03689542  4.49615976
  0.07736134  0.34296648  0.46635225  0.21868674  0.34716684 -4.76409922
  0.12300681 -0.32583555  6.99695107  2.88735738  2.78448023  6.26516785
  2.80287285  1.84246674  2.21092613  0.31142335  6.29451689  6.08171042
  6.21154196  3.09520239]
2022-09-12 17:53:23,345 mloop.controllers    INFO     cost -8.58031577386898 +/- 0.0
2022-09-12 17:53:23,345 mloop.controllers    INFO     Run:71 (machine learner)
2022-09-12 17:53:23,346 mloop.controllers    INFO     params [15.08991362 20.          1.785       1.785       3.09406667  4.
  0.          0.          0.5         0.5         0.5        -8.
  8.         -8.          8.         -1.74476554  7.19607538  0.03608459
 -8.          8.         -2.6187953  -8.         -4.03998502  1.25776337
  4.6121902  -8.        ]
2022-09-12 17:53:23,447 mloop.controllers    INFO     cost -5.332519725089264 +/- 0.0
2022-09-12 17:53:23,447 mloop.controllers    INFO     Run:72 (machine learner)
2022-09-12 17:53:23,448 mloop.controllers    INFO     params [ 7.48296509 11.18558171  2.06469492 17.05241165  8.50550173  5.14909598
  0.08618334  0.34863726  0.45745101  0.21526799  0.34596351 -4.46959127
  0.12608084 -0.07546248  6.8025528   2.48418063  3.05030635  6.13270714
  2.93487351  2.2681114   2.4770867  -0.12314574  5.97772092  5.85737409
  5.58602698  3.26608732]
2022-09-12 17:53:23,549 mloop.controllers    INFO     cost -9.098269486966405 +/- 0.0
2022-09-12 17:53:23,550 mloop.controllers    INFO     Run:73 (trainer)
2022-09-12 17:53:23,551 mloop.controllers    INFO     params [ 1.79366181e+01  1.40033181e+01  2.95277463e+00  1.24005022e+01
  9.57576535e+00  8.01995618e+00  1.52156526e-01  2.60388667e-01
  5.61996552e-03  1.70858191e-01  2.68607788e-01  7.30022899e+00
  5.94463335e+00 -6.19500565e+00 -8.87541787e-01 -3.13574291e+00
  2.26360954e-01  7.56059787e+00 -3.41925876e+00  2.61267897e+00
 -4.69608044e+00  3.89249442e+00  6.58195947e+00 -7.49789047e+00
  5.73704313e+00  4.53659984e+00]
2022-09-12 17:53:23,652 mloop.controllers    INFO     cost -5.43454649266163 +/- 0.0
2022-09-12 17:53:23,652 mloop.controllers    INFO     Run:74 (machine learner)
2022-09-12 17:53:24,133 mloop.controllers    INFO     params [ 7.31881058 11.11738865  2.50380047 17.75294234  8.64625684  5.10210508
  0.08721443  0.35578274  0.46351003  0.21016405  0.34566305 -4.44998489
  0.06142726 -0.25265349  6.64397328  2.80628941  2.94528412  6.26287562
  2.94000511  2.16063997  2.59532996  0.17793062  6.35312514  5.9237133
  5.66131737  3.77409558]
2022-09-12 17:53:24,234 mloop.controllers    INFO     cost -9.066699309303635 +/- 0.0
2022-09-12 17:53:24,235 mloop.controllers    INFO     Run:75 (machine learner)
2022-09-12 17:53:24,500 mloop.controllers    INFO     params [ 7.21423321 11.15403774  2.50573563 18.20040697  8.81719961  5.13276916
  0.08894834  0.36084997  0.4700125   0.2091754   0.34898162 -4.40490963
  0.10042273 -0.48574876  6.53218784  3.01885535  2.84657014  6.32747119
  2.90306341  2.27324745  2.72215671  0.31176786  6.56865513  5.96161807
  5.56570935  4.17387982]
2022-09-12 17:53:24,601 mloop.controllers    INFO     cost -8.6662970167237 +/- 0.0
2022-09-12 17:53:24,602 mloop.controllers    INFO     Run:76 (machine learner)
2022-09-12 17:53:24,603 mloop.controllers    INFO     params [ 9.79253204 20.         20.          5.39495656  1.785       4.
  0.          0.          0.5         0.5         0.5        -8.
  8.         -8.          8.          5.9601339   5.62877372  6.76288075
 -8.          8.         -4.69649402 -8.          8.          6.02300541
  8.         -5.69531642]
2022-09-12 17:53:24,704 mloop.controllers    INFO     cost -4.306186324912214 +/- 0.0
2022-09-12 17:53:24,704 mloop.controllers    INFO     Run:77 (machine learner)
2022-09-12 17:53:24,732 mloop.controllers    INFO     params [ 7.45920745e+00  1.10795456e+01  2.45282438e+00  1.71685483e+01
  8.45093139e+00  5.10974773e+00  8.55729164e-02  3.49494026e-01
  4.55321022e-01  2.12112287e-01  3.41613216e-01 -4.47925618e+00
  4.06597940e-03  2.93361886e-02  6.77896836e+00  2.55578920e+00
  3.02257337e+00  6.17341829e+00  2.99596988e+00  2.04253753e+00
  2.44856092e+00  2.02411015e-02  6.06702736e+00  5.89246123e+00
  5.70320609e+00  3.28638024e+00]
2022-09-12 17:53:24,834 mloop.controllers    INFO     cost -9.19807836764835 +/- 0.0
2022-09-12 17:53:24,834 mloop.controllers    INFO     Run:78 (trainer)
2022-09-12 17:53:24,836 mloop.controllers    INFO     params [ 9.74284447e+00  1.84643843e+01  3.56889593e+00  1.57800241e+01
  6.74997405e+00  1.12147866e+01  4.78466975e-01  4.97162027e-02
  1.83265662e-01  1.24866776e-01  4.81005676e-03 -5.80916416e+00
 -6.48730807e+00  7.26343704e+00  1.41071180e-01  2.19561675e+00
 -5.87163476e+00 -4.58365752e+00 -8.20976677e-01 -2.14827955e+00
 -5.12738991e+00  5.99145492e+00 -5.42566783e+00 -1.51557278e+00
 -1.71932665e+00  3.44369501e+00]
2022-09-12 17:53:24,937 mloop.controllers    INFO     cost -5.241264884327673 +/- 0.0
2022-09-12 17:53:24,937 mloop.controllers    INFO     Run:79 (machine learner)
2022-09-12 17:53:25,646 mloop.controllers    INFO     params [ 7.61408972 10.98223256  2.48994174 17.4966613   8.67171979  4.8158664
  0.08540008  0.35745844  0.46383577  0.20598686  0.34639121 -4.57625403
 -0.03081736 -0.0729899   6.6953084   2.11529812  2.96667113  5.8363914
  3.05209402  1.92730732  2.70850771  0.34255472  5.5249529   5.57973521
  5.72947978  3.45865035]
2022-09-12 17:53:27,066 mloop.controllers    INFO     cost -8.642170079800614 +/- 0.0
2022-09-12 17:53:27,066 mloop.controllers    INFO     Run:80 (machine learner)
2022-09-12 17:53:27,067 mloop.controllers    INFO     params [10.26173152  7.48124702 16.01304698 13.65957132  6.83614008 12.0080337
  0.19506301  0.20804501  0.11186335  0.43550375  0.30451679  7.0060849
  4.49886559  4.82863309  1.58492396 -0.252228   -0.31687574 -0.87783108
 -4.43388402  1.01444329 -5.77936298  6.42689747 -3.87979305 -4.62990089
 -3.11591036  0.2882982 ]
2022-09-12 17:53:27,549 mloop.controllers    INFO     cost -8.066613078854498 +/- 0.0
2022-09-12 17:53:27,549 mloop.controllers    INFO     Run:81 (machine learner)
2022-09-12 17:53:27,550 mloop.controllers    INFO     params [ 3.55793105 14.37405848  4.10607967  5.27383409 13.44726697  8.47576355
  0.4212203   0.13030062  0.06290968  0.08950195  0.20808611  1.00669036
 -0.68241202  2.0335126  -6.48347212  6.20963793  4.29045555  1.47200668
 -0.60249384  2.41009714  4.76933198  5.50023091 -4.79296391 -0.60724848
  1.73527197  3.62389817]
2022-09-12 17:53:27,651 mloop.controllers    INFO     cost -5.847622845737476 +/- 0.0
2022-09-12 17:53:27,652 mloop.controllers    INFO     Run:82 (machine learner)
2022-09-12 17:53:27,654 mloop.controllers    INFO     params [ 7.42710739e+00  1.10830077e+01  2.48531639e+00  1.72945507e+01
  8.50389366e+00  5.11473187e+00  8.60786322e-02  3.51138848e-01
  4.56966307e-01  2.11533411e-01  3.42499560e-01 -4.46770412e+00
  1.48992740e-02 -2.28395280e-02  6.74999590e+00  2.59717766e+00
  3.01056927e+00  6.19033211e+00  2.99335936e+00  2.07579854e+00
  2.48873461e+00  4.78763311e-02  6.11983391e+00  5.89531920e+00
  5.68605823e+00  3.39505919e+00]
2022-09-12 17:53:27,755 mloop.controllers    INFO     cost -9.210134497440109 +/- 0.0
2022-09-12 17:53:27,756 mloop.controllers    INFO     Run:83 (trainer)
2022-09-12 17:53:27,757 mloop.controllers    INFO     params [19.80794221  6.70125686  2.6720743  16.3332185  18.43523189 14.76965316
  0.19095914  0.39181066  0.22207118  0.04485127  0.29878029  6.51090612
  6.89624354  1.86342987 -0.4722748   2.51490703 -0.69341196  2.74665725
 -1.31339609  1.31818866 -1.97376818  3.41302934 -7.14307343 -3.8563305
  3.87612271 -5.9562882 ]
2022-09-12 17:53:27,858 mloop.controllers    INFO     cost -5.55860670245225 +/- 0.0
2022-09-12 17:53:27,859 mloop.controllers    INFO     Run:84 (machine learner)
2022-09-12 17:53:28,565 mloop.controllers    INFO     params [ 7.09833097 11.10490147  2.53137397 16.80578917  8.56062336  5.40005507
  0.08183078  0.36346846  0.44385628  0.20550786  0.33934921 -4.55935024
  0.08244518 -0.52031301  6.68584673  3.22751417  3.24378548  6.49438554
  2.91616847  2.20906949  2.58708772  0.07395688  6.35829517  6.06520888
  5.6877918   3.00522373]
2022-09-12 17:53:28,666 mloop.controllers    INFO     cost -8.794235315662007 +/- 0.0
2022-09-12 17:53:28,667 mloop.controllers    INFO     Run:85 (machine learner)
2022-09-12 17:53:28,706 mloop.controllers    INFO     params [ 7.77858147  6.29496051  3.15308399  7.01901914 17.72430682 10.14475656
  0.19755626  0.15669629  0.15488828  0.45668502  0.28359389  6.83285787
 -4.82011932  3.1124906  -5.37931156 -7.23889406 -0.97869605 -5.21438342
  0.28003616  7.52125067 -5.98092635  2.01235655 -0.69059404 -7.72496964
  3.59894235 -5.56036715]
2022-09-12 17:53:28,807 mloop.controllers    INFO     cost -6.8211271950985495 +/- 0.0
2022-09-12 17:53:28,807 mloop.controllers    INFO     Run:86 (machine learner)
2022-09-12 17:53:28,897 mloop.controllers    INFO     params [ 1.785      19.19048636 12.06955222 12.70492888  7.2298559  16.
  0.20472131  0.23287533  0.26950711  0.5         0.34887412  5.01038993
  3.25242755  2.83820627  8.          8.          5.16349599  8.
  4.4902672   8.         -1.74669587 -8.          8.          8.
  2.1099297   5.37409194]
2022-09-12 17:53:28,998 mloop.controllers    INFO     cost -4.4725209077512265 +/- 0.0
2022-09-12 17:53:28,999 mloop.controllers    INFO     Run:87 (machine learner)
2022-09-12 17:53:29,072 mloop.controllers    INFO     params [ 7.33694903e+00  1.11284164e+01  2.52480760e+00  1.72080653e+01
  8.44072968e+00  5.26136349e+00  8.65718179e-02  3.48573083e-01
  4.53828739e-01  2.13979597e-01  3.40845958e-01 -4.41191979e+00
  3.78779163e-02  4.55451680e-05  6.77258064e+00  2.81313490e+00
  3.03413852e+00  6.35276310e+00  2.97175081e+00  2.15785945e+00
  2.39791368e+00 -9.38288715e-02  6.39033126e+00  6.03780151e+00
  5.65416882e+00  3.37634192e+00]
2022-09-12 17:53:29,173 mloop.controllers    INFO     cost -9.236800729808948 +/- 0.0
2022-09-12 17:53:29,174 mloop.controllers    INFO     Run:88 (trainer)
2022-09-12 17:53:29,176 mloop.controllers    INFO     params [ 7.14650715  3.15172135 12.02041903 15.60763328  3.35719177 10.09110202
  0.29644618  0.43296245  0.21383894  0.29175234  0.38563584 -3.44035226
 -6.22837827  3.26852259  3.12328048  3.49245528 -7.6482979   4.14908324
 -2.87322504 -0.44652396  1.6921743  -3.83990635 -7.60085719 -1.39286046
 -7.70562584  1.05890642]
2022-09-12 17:53:29,277 mloop.controllers    INFO     cost -5.6482233974680405 +/- 0.0
2022-09-12 17:53:29,277 mloop.controllers    INFO     Run:89 (machine learner)
2022-09-12 17:53:30,002 mloop.controllers    INFO     params [ 7.89396904 11.06504946  2.52990452 17.28967166  8.54352443  5.38450939
  0.09418921  0.34095329  0.44245065  0.22586635  0.3601678  -4.19764223
  0.25076359  0.13583017  6.83427379  2.5408978   2.97883303  6.16774712
  3.17564302  1.99952034  2.52630628  0.22256717  6.54672517  5.94154855
  6.15593384  3.64408744]
2022-09-12 17:53:30,104 mloop.controllers    INFO     cost -9.156965839757659 +/- 0.0
2022-09-12 17:53:30,104 mloop.controllers    INFO     Run:90 (machine learner)
2022-09-12 17:53:30,217 mloop.controllers    INFO     params [16.10031152  8.19781878 10.07758432 15.80007793 14.3625501   7.45894815
  0.29855334  0.15252046  0.39696913  0.28608804  0.30131242 -1.37763578
  0.63636471 -0.60323507  7.19898881 -0.27415962  7.88484713 -0.11287504
  2.24336546 -3.13655649 -6.1778184  -5.89667191  7.34977217 -3.55443354
  5.52677691 -0.82419703]
2022-09-12 17:53:30,319 mloop.controllers    INFO     cost -7.909892752110443 +/- 0.0
2022-09-12 17:53:30,319 mloop.controllers    INFO     Run:91 (machine learner)
2022-09-12 17:53:30,368 mloop.controllers    INFO     params [18.56090891 17.50032308 16.96411405 19.04959308 16.60398351  9.80314781
  0.12316734  0.1640201   0.31516397  0.42841303  0.06024443  0.16167891
  5.18920321  4.6492844   7.47814765  3.71490075  4.72290797 -4.01409465
  1.23094453  5.94351585 -7.09232117  2.59568879 -6.01935358  1.35277381
 -1.19503897  6.25761472]
2022-09-12 17:53:30,469 mloop.controllers    INFO     cost -6.3077962525132945 +/- 0.0
2022-09-12 17:53:30,470 mloop.controllers    INFO     Run:92 (machine learner)
2022-09-12 17:53:30,562 mloop.controllers    INFO     params [ 7.42340783 11.12358392  2.52906705 17.34740796  8.42140019  5.18864812
  0.08786746  0.34485576  0.45735557  0.21580517  0.34161895 -4.38100781
  0.02053526  0.15123018  6.7928057   2.64118373  2.97503731  6.27761797
  2.9942931   2.12652846  2.36352094 -0.11699494  6.3422745   5.9965757
  5.65588582  3.48957241]
2022-09-12 17:53:33,578 mloop.controllers    INFO     cost -9.206383313675696 +/- 0.0
2022-09-12 17:53:33,579 mloop.controllers    INFO     Run:93 (trainer)
2022-09-12 17:53:33,581 mloop.controllers    INFO     params [ 4.8589979   4.05991745 17.66602402 12.99401334  5.13015104 15.59460488
  0.42528982  0.38552585  0.20644048  0.39826866  0.07433432 -7.98104741
  5.34149587 -0.93737726  5.44334082 -1.71582365 -6.14491268 -5.30244601
  5.72667031  4.70860909  2.80421806 -7.77321048 -5.60845029  0.71963606
 -5.60097053 -6.84485915]
2022-09-12 17:53:33,682 mloop.controllers    INFO     cost -4.935813363340735 +/- 0.0
2022-09-12 17:53:33,682 mloop.controllers    INFO     Run:94 (machine learner)
2022-09-12 17:53:34,174 mloop.controllers    INFO     params [ 7.80893106 10.76428592  2.52859335 17.19923643  8.59132588  4.99418198
  0.0868888   0.34821801  0.4326787   0.22697764  0.33161034 -4.37017478
  0.46841272 -0.47691675  6.95404117  2.55686798  3.01031375  6.20314398
  3.22261928  2.01512727  2.56293058 -0.02953486  6.64432436  5.7283862
  5.53032327  3.67740428]
2022-09-12 17:53:34,275 mloop.controllers    INFO     cost -8.508435304080198 +/- 0.0
2022-09-12 17:53:34,276 mloop.controllers    INFO     Run:95 (machine learner)
2022-09-12 17:53:34,315 mloop.controllers    INFO     params [ 5.00739051 11.46109608 17.11073487 13.11577593 10.85426832 11.79488538
  0.38529794  0.37089022  0.27029026  0.47146811  0.12755441 -1.88556532
  1.7911014   2.37976019  5.71029858  6.12493093 -3.68932453  3.67586215
 -5.2707301  -4.4307119  -5.23769969  6.45644544  2.23634155 -2.74391084
 -0.84556367  2.22316155]
2022-09-12 17:53:34,416 mloop.controllers    INFO     cost -6.653259367790718 +/- 0.0
2022-09-12 17:53:34,417 mloop.controllers    INFO     Run:96 (machine learner)
2022-09-12 17:53:34,469 mloop.controllers    INFO     params [19.04194952  7.45075866 15.24720279  2.05547003 18.42123397 12.80531422
  0.11793732  0.26439713  0.05745212  0.24789346  0.05276972 -1.90552855
 -4.76461461 -3.60654952 -1.64140898  3.84395437 -3.60765019  5.65735596
  4.55421312  0.81489078 -7.14332568 -4.80751206  3.4053422  -3.62602238
  2.01845445  4.24108484]
2022-09-12 17:53:34,570 mloop.controllers    INFO     cost -4.639588932210282 +/- 0.0
2022-09-12 17:53:34,571 mloop.controllers    INFO     Run:97 (machine learner)
2022-09-12 17:53:34,649 mloop.controllers    INFO     params [ 7.56720532 11.08667034  2.5268553  17.19574199  8.5194032   5.30396155
  0.0889753   0.34826258  0.4480897   0.21726234  0.3493763  -4.35649566
  0.12911573 -0.0369338   6.77880376  2.71411422  3.02701698  6.25202621
  3.05517332  2.07337592  2.50682256  0.11514564  6.38231085  5.96781518
  5.87576532  3.43668751]
2022-09-12 17:53:34,750 mloop.controllers    INFO     cost -9.210659755867322 +/- 0.0
2022-09-12 17:53:34,751 mloop.controllers    INFO     Run:98 (trainer)
2022-09-12 17:53:34,753 mloop.controllers    INFO     params [ 9.75034341 11.62056518  7.21798142  8.71843203 11.5623191  14.13753031
  0.21793928  0.36441533  0.32108569  0.46269515  0.34513209  3.12683496
 -1.75885789 -2.10935332  5.16860935 -5.11191876  3.52466803 -2.83743258
 -3.45736745 -5.42939876  5.48692522  0.76624679 -5.92508412  6.3505099
  5.17538195  6.83917553]
2022-09-12 17:53:35,598 mloop.controllers    INFO     cost -5.427641044594136 +/- 0.0
2022-09-12 17:53:35,598 mloop.controllers    INFO     Run:99 (machine learner)
2022-09-12 17:53:38,247 mloop.controllers    INFO     params [ 6.61286767 11.74852052  2.5195203  17.34790182  8.27305762  5.24822797
  0.0908802   0.35827597  0.46808467  0.21343298  0.34935366 -3.82879711
 -0.30045134  0.33238722  6.27003477  3.04738694  3.09090214  6.28822644
  2.94263259  2.1803856   2.22904376 -0.01799186  5.82746679  6.03656173
  5.98377475  2.95623837]
2022-09-12 17:53:38,363 mloop.controllers    INFO     cost -8.166692799558009 +/- 0.0
2022-09-12 17:53:38,363 mloop.controllers    INFO     Run:100 (machine learner)
2022-09-12 17:53:39,238 mloop.controllers    INFO     params [12.21149079 10.77656333  5.69690138 10.90643992  8.06766465 15.5456425
  0.05509244  0.26988423  0.05295817  0.19836797  0.13152924  3.35972212
 -5.22725633  2.93731892  1.0702909  -0.95223088 -4.65448919  1.0130854
  2.2470443  -0.51898304  4.71819112 -2.38854194  0.8429552  -6.00287631
 -2.83554055  1.82929189]
2022-09-12 17:53:39,359 mloop.controllers    INFO     cost -7.55201128379997 +/- 0.0
2022-09-12 17:53:39,363 mloop.controllers    INFO     Controller finished. Closing down M-LOOP. Please wait a moment...
2022-09-12 17:53:39,375 mloop.controllers    DEBUG    ML learner end set.
2022-09-12 17:53:41,686 mloop.controllers    DEBUG    ML learner joined
2022-09-12 17:53:41,687 mloop.controllers    DEBUG    Learner end event set.
2022-09-12 17:53:41,687 mloop.controllers    DEBUG    Interface end event set.
2022-09-12 17:53:41,790 mloop.learners.1     DEBUG    Learner end signal received. Ending
2022-09-12 17:53:42,348 mloop.interfaces     DEBUG    Interface ended
2022-09-12 17:53:42,792 mloop.controllers    DEBUG    Learner joined.
2022-09-12 17:53:42,792 mloop.controllers    DEBUG    Interface joined.
2022-09-12 17:53:42,813 mloop.controllers    INFO     Optimization ended because:
2022-09-12 17:53:42,814 mloop.controllers    INFO     	* Maximum number of runs reached.
2022-09-12 17:53:42,814 mloop.controllers    INFO     Results:
2022-09-12 17:53:42,815 mloop.controllers    INFO     	* Best parameters found:[ 7.33694903e+00  1.11284164e+01  2.52480760e+00  1.72080653e+01
  8.44072968e+00  5.26136349e+00  8.65718179e-02  3.48573083e-01
  4.53828739e-01  2.13979597e-01  3.40845958e-01 -4.41191979e+00
  3.78779163e-02  4.55451680e-05  6.77258064e+00  2.81313490e+00
  3.03413852e+00  6.35276310e+00  2.97175081e+00  2.15785945e+00
  2.39791368e+00 -9.38288715e-02  6.39033126e+00  6.03780151e+00
  5.65416882e+00  3.37634192e+00]
2022-09-12 17:53:42,815 mloop.controllers    INFO     	* Best cost returned:-9.236800729808948 +/- 0.0
2022-09-12 17:53:42,815 mloop.controllers    INFO     	* Best run number:87
2022-09-12 17:53:42,816 mloop.controllers    INFO     	* Predicted best parameters:[ 7.60314408 10.88141489  2.50560988 17.12802768  8.53614037  5.42708267
  0.08180109  0.34491852  0.46300986  0.19801871  0.34595137 -5.04142229
 -0.09535971  0.10046705  7.00679793  2.67997324  3.02757228  6.40707331
  2.77935522  2.19220751  2.52219637 -0.0280415   6.3703338   6.20121822
  5.58663762  3.42887289]
2022-09-12 17:53:42,816 mloop.controllers    INFO     	* Predicted best cost:-9.542325067037794 +/- 0.4346512891837633
2022-09-12 17:53:42,816 mloop.controllers    INFO     M-LOOP Done.
2022-09-12 17:53:42,818 mloop.visualizations DEBUG    Creating controller visualizations.
2022-09-12 17:53:42,995 mloop.visualizations DEBUG    Creating learner visualizations.
2022-09-12 17:53:43,260 mloop.visualizations DEBUG    Creating Gaussian process visualizer.
2022-09-12 17:53:43,412 mloop.learners.3     DEBUG    Learner init completed.
2022-09-12 17:53:43,413 mloop.visualizations DEBUG    Fitting Gaussian process.
2022-09-12 17:53:43,626 mloop.visualizations INFO     Showing visualizations, close all to end M-LOOP.
