2022-09-16 18:08:13,993 mloop                INFO     M-LOOP version 3.3.1
2022-09-16 18:08:13,993 mloop                DEBUG    M-LOOP Logger configured.
2022-09-16 18:08:13,993 mloop.interfaces     DEBUG    Creating interface.
2022-09-16 18:08:14,009 mloop.controllers    DEBUG    Controller init completed.
2022-09-16 18:08:14,010 mloop.learners.1     DEBUG    Learner init completed.
2022-09-16 18:08:14,010 mloop.learners.1     DEBUG    Random learner init completed.
2022-09-16 18:08:14,011 mloop.learners.2     DEBUG    Learner init completed.
2022-09-16 18:08:14,011 mloop.controllers    INFO     Optimization started.
2022-09-16 18:08:14,012 mloop.learners.1     DEBUG    Starting Random Learner
2022-09-16 18:08:14,012 mloop.interfaces     DEBUG    Entering main loop of interface.
2022-09-16 18:08:14,013 mloop.controllers    DEBUG    ML learner started.
2022-09-16 18:08:14,145 mloop.controllers    DEBUG    Starting training optimization.
2022-09-16 18:08:14,146 mloop.controllers    INFO     Run:1 (training)
2022-09-16 18:08:14,147 mloop.controllers    INFO     params [10.    5.    3.    2.3   2.21  0.15  0.1   0.15  0.1   0.05  0.    0.
  0.    0.    0.    0.    0.    0.    0.    0.    0.    0.    0.    0.
  0.  ]
2022-09-16 18:10:18,392 mloop.interfaces     DEBUG    Interface ended
2022-09-16 18:10:19,196 mloop.controllers    ERROR    The interface raised an error with traceback:
  File "C:\Users\SimulationComputer\Anaconda3\lib\site-packages\mloop\interfaces.py", line 133, in run
    cost_dict = self.get_next_cost_dict(params_dict)

  File ".\EvapML.py", line 56, in get_next_cost_dict
    cost = costFinder(dataOut)

  File ".\EvapML.py", line 71, in costFinder
    Fn = 2/(1 + np.exp(N1/NRb))

2022-09-16 18:10:19,197 mloop.controllers    WARNING  Controller ended due to exception of some kind. Starting shut down...
2022-09-16 18:10:19,197 mloop.controllers    DEBUG    ML learner end set.
2022-09-16 18:10:20,488 mloop.controllers    DEBUG    ML learner joined
2022-09-16 18:10:20,488 mloop.controllers    INFO     Machine learning learner did not provide best and/or all minima.
2022-09-16 18:10:20,488 mloop.controllers    DEBUG    Learner end event set.
2022-09-16 18:10:20,488 mloop.controllers    DEBUG    Interface end event set.
2022-09-16 18:10:21,059 mloop.learners.1     DEBUG    Learner end signal received. Ending
2022-09-16 18:10:22,059 mloop.learners.1     DEBUG    Performing shut down of learner.
2022-09-16 18:10:22,059 mloop.learners.1     DEBUG    Ended Random Learner
2022-09-16 18:10:22,059 mloop.controllers    DEBUG    Learner joined.
2022-09-16 18:10:22,059 mloop.controllers    DEBUG    Interface joined.
2022-09-16 18:10:22,061 mloop.controllers    WARNING  Safely shut down. Below are results found before exception.
2022-09-16 18:10:22,061 mloop.controllers    INFO     Optimization ended because:
2022-09-16 18:10:22,061 mloop.controllers    INFO     	* Error occurred.
2022-09-16 18:10:22,062 mloop.controllers    INFO     Results:
2022-09-16 18:10:22,062 mloop.controllers    INFO     	* Best parameters found:nan
2022-09-16 18:10:22,062 mloop.controllers    INFO     	* Best cost returned:inf +/- nan
2022-09-16 18:10:22,062 mloop.controllers    INFO     	* Best run number:nan
