2022-09-12 18:51:01,055 mloop                INFO     M-LOOP version 3.3.1
2022-09-12 18:51:01,056 mloop                DEBUG    M-LOOP Logger configured.
2022-09-12 18:51:01,057 mloop.interfaces     DEBUG    Creating interface.
2022-09-12 18:51:01,062 mloop.controllers    DEBUG    Controller init completed.
2022-09-12 18:51:01,063 mloop.learners.1     DEBUG    Learner init completed.
2022-09-12 18:51:01,067 mloop.learners.2     DEBUG    Learner init completed.
2022-09-12 18:51:01,071 mloop.controllers    INFO     Optimization started.
2022-09-12 18:51:01,074 mloop.interfaces     DEBUG    Entering main loop of interface.
2022-09-12 18:51:01,074 mloop.controllers    DEBUG    ML learner started.
2022-09-12 18:51:01,082 mloop.controllers    DEBUG    Starting training optimization.
2022-09-12 18:51:01,083 mloop.controllers    INFO     Run:1 (training)
2022-09-12 18:51:01,090 mloop.controllers    INFO     params [14.91508355  1.82435721  7.89022393]
2022-09-12 18:51:01,196 mloop.controllers    INFO     cost -0.0026058866139713355 +/- 0.0
2022-09-12 18:51:01,199 mloop.controllers    INFO     Run:2 (training)
2022-09-12 18:51:01,203 mloop.controllers    INFO     params [17.85065073 12.31741331 10.55150556]
2022-09-12 18:51:01,305 mloop.controllers    INFO     cost 0.6082062122525954 +/- 0.0
2022-09-12 18:51:01,306 mloop.controllers    INFO     Run:3 (training)
2022-09-12 18:51:01,309 mloop.controllers    INFO     params [ 9.76037413 17.40969543  2.31864549]
2022-09-12 18:51:01,411 mloop.controllers    INFO     cost -0.028482297045913124 +/- 0.0
2022-09-12 18:51:01,413 mloop.controllers    INFO     Run:4 (training)
2022-09-12 18:51:01,416 mloop.controllers    INFO     params [ 9.33118552 19.17910894 19.96002556]
2022-09-12 18:51:01,518 mloop.controllers    INFO     cost -0.1773942865058538 +/- 0.0
2022-09-12 18:51:01,519 mloop.controllers    INFO     Run:5 (training)
2022-09-12 18:51:01,521 mloop.controllers    INFO     params [4.23417134 3.05881245 3.6765713 ]
2022-09-12 18:51:01,623 mloop.controllers    INFO     cost -0.005945357460784166 +/- 0.0
2022-09-12 18:51:01,624 mloop.controllers    INFO     Run:6 (training)
2022-09-12 18:51:01,627 mloop.controllers    INFO     params [ 7.92577289 15.36528255  5.7634004 ]
2022-09-12 18:51:01,728 mloop.controllers    INFO     cost 0.057615272483889396 +/- 0.0
2022-09-12 18:51:01,729 mloop.controllers    INFO     Run:7 (training)
2022-09-12 18:51:01,731 mloop.controllers    INFO     params [19.18501191 12.45205522 18.46282922]
2022-09-12 18:51:01,833 mloop.controllers    INFO     cost -0.21105092306668893 +/- 0.0
2022-09-12 18:51:01,833 mloop.controllers    INFO     Run:8 (training)
2022-09-12 18:51:01,836 mloop.controllers    INFO     params [10.22831114  7.62304303 10.06509621]
2022-09-12 18:51:01,937 mloop.controllers    INFO     cost 0.5424993113505706 +/- 0.0
2022-09-12 18:51:01,938 mloop.controllers    INFO     Run:9 (training)
2022-09-12 18:51:01,941 mloop.controllers    INFO     params [ 3.63129006 13.33759529  7.25668955]
2022-09-12 18:51:02,043 mloop.controllers    INFO     cost 0.016481508623203925 +/- 0.0
2022-09-12 18:51:02,044 mloop.controllers    INFO     Run:10 (training)
2022-09-12 18:51:02,046 mloop.controllers    INFO     params [18.28717934 14.9226892   6.6027576 ]
2022-09-12 18:51:02,148 mloop.controllers    INFO     cost 0.0253633099844547 +/- 0.0
2022-09-12 18:51:02,149 mloop.controllers    INFO     Run:11 (training)
2022-09-12 18:51:02,151 mloop.controllers    INFO     params [12.04142323  3.38889459 14.27241879]
2022-09-12 18:51:02,152 mloop.controllers    DEBUG    Starting ML optimization.
2022-09-12 18:51:02,253 mloop.controllers    INFO     cost -0.25491529527254314 +/- 0.0
2022-09-12 18:51:02,267 mloop.controllers    DEBUG    End training runs.
2022-09-12 18:51:02,268 mloop.controllers    INFO     Run:12 (machine learner)
2022-09-12 18:51:02,638 mloop.controllers    INFO     params [12.11609292  3.46356428 14.34708848]
2022-09-12 18:51:02,740 mloop.controllers    INFO     cost -0.30106269630911375 +/- 0.0
2022-09-12 18:51:02,741 mloop.controllers    INFO     Run:13 (machine learner)
2022-09-12 18:51:02,743 mloop.controllers    INFO     params [11.92256644  3.27591657 14.15204619]
2022-09-12 18:51:02,846 mloop.controllers    INFO     cost -0.13925707752556288 +/- 0.0
2022-09-12 18:51:02,846 mloop.controllers    INFO     Run:14 (machine learner)
2022-09-12 18:51:02,848 mloop.controllers    INFO     params [12.72153044  4.0690018  14.95252599]
2022-09-12 18:51:02,949 mloop.controllers    INFO     cost -0.04978675398977481 +/- 0.0
2022-09-12 18:51:02,951 mloop.controllers    INFO     Run:15 (machine learner)
2022-09-12 18:51:02,952 mloop.controllers    INFO     params [12.04142323  3.38889459 14.27241878]
2022-09-12 18:51:03,055 mloop.controllers    INFO     cost -0.2549152945078044 +/- 0.0
2022-09-12 18:51:03,056 mloop.controllers    INFO     Run:16 (trainer)
2022-09-12 18:51:03,060 mloop.controllers    INFO     params [15.36518478 19.7952368   8.11346993]
2022-09-12 18:51:03,162 mloop.controllers    INFO     cost 0.1549405956228461 +/- 0.0
2022-09-12 18:51:03,163 mloop.controllers    INFO     Run:17 (machine learner)
2022-09-12 18:51:03,337 mloop.controllers    INFO     params [12.08926994  3.91801154 14.19613796]
2022-09-12 18:51:03,438 mloop.controllers    INFO     cost -0.22908225622060302 +/- 0.0
2022-09-12 18:51:03,439 mloop.controllers    INFO     Run:18 (machine learner)
2022-09-12 18:51:03,440 mloop.controllers    INFO     params [13.20859825 16.24141616  3.24828239]
2022-09-12 18:51:03,543 mloop.controllers    INFO     cost 0.024757581181674433 +/- 0.0
2022-09-12 18:51:03,544 mloop.controllers    INFO     Run:19 (machine learner)
2022-09-12 18:51:03,545 mloop.controllers    INFO     params [ 6.81746915 15.50778017  1.82902013]
2022-09-12 18:51:03,647 mloop.controllers    INFO     cost 0.07577960073556952 +/- 0.0
2022-09-12 18:51:03,649 mloop.controllers    INFO     Run:20 (machine learner)
2022-09-12 18:51:03,651 mloop.controllers    INFO     params [12.2126107   3.52623507 14.45233348]
2022-09-12 18:51:03,753 mloop.controllers    INFO     cost -0.33092810963200303 +/- 0.0
2022-09-12 18:51:03,755 mloop.controllers    INFO     Run:21 (trainer)
2022-09-12 18:51:03,758 mloop.controllers    INFO     params [ 9.32545358 14.81514726 11.38547475]
2022-09-12 18:51:03,860 mloop.controllers    INFO     cost 0.42737086941271396 +/- 0.0
2022-09-12 18:51:03,861 mloop.controllers    INFO     Run:22 (machine learner)
2022-09-12 18:51:04,111 mloop.controllers    INFO     params [12.63514787  3.00965932 14.55756076]
2022-09-12 18:51:04,213 mloop.controllers    INFO     cost -0.2220693097198986 +/- 0.0
2022-09-12 18:51:04,214 mloop.controllers    INFO     Run:23 (machine learner)
2022-09-12 18:51:04,215 mloop.controllers    INFO     params [ 4.67163057 15.19409516 18.25375107]
2022-09-12 18:51:04,317 mloop.controllers    INFO     cost 0.05360832381153175 +/- 0.0
2022-09-12 18:51:04,319 mloop.controllers    INFO     Run:24 (machine learner)
2022-09-12 18:51:04,320 mloop.controllers    INFO     params [11.72209519 19.07624321 14.4572635 ]
2022-09-12 18:51:04,422 mloop.controllers    INFO     cost 0.1295098510170881 +/- 0.0
2022-09-12 18:51:04,424 mloop.controllers    INFO     Run:25 (machine learner)
2022-09-12 18:51:04,425 mloop.controllers    INFO     params [12.31364202  3.25193797 14.65012408]
2022-09-12 18:51:04,528 mloop.controllers    INFO     cost -0.3132551750294617 +/- 0.0
2022-09-12 18:51:04,529 mloop.controllers    INFO     Run:26 (trainer)
2022-09-12 18:51:04,533 mloop.controllers    INFO     params [19.78709237 19.28555759 11.70642224]
2022-09-12 18:51:04,635 mloop.controllers    INFO     cost 0.2632585065345579 +/- 0.0
2022-09-12 18:51:04,636 mloop.controllers    INFO     Run:27 (machine learner)
2022-09-12 18:51:04,893 mloop.controllers    INFO     params [12.50289708  3.51354586 14.26384622]
2022-09-12 18:51:04,995 mloop.controllers    INFO     cost -0.3127547618214571 +/- 0.0
2022-09-12 18:51:04,996 mloop.controllers    INFO     Run:28 (machine learner)
2022-09-12 18:51:04,998 mloop.controllers    INFO     params [20.     1.785 20.   ]
2022-09-12 18:51:05,099 mloop.controllers    INFO     cost -0.03474107896730102 +/- 0.0
2022-09-12 18:51:05,101 mloop.controllers    INFO     Run:29 (machine learner)
2022-09-12 18:51:05,103 mloop.controllers    INFO     params [19.47632265 13.48433089 17.67782124]
2022-09-12 18:51:05,205 mloop.controllers    INFO     cost 0.18283559446761372 +/- 0.0
2022-09-12 18:51:05,207 mloop.controllers    INFO     Run:30 (machine learner)
2022-09-12 18:51:05,208 mloop.controllers    INFO     params [12.21448028  3.47137869 14.57030053]
2022-09-12 18:51:05,311 mloop.controllers    INFO     cost -0.31907482475719906 +/- 0.0
2022-09-12 18:51:05,312 mloop.controllers    INFO     Run:31 (trainer)
2022-09-12 18:51:05,315 mloop.controllers    INFO     params [ 7.73823486  9.36453068 12.87883758]
2022-09-12 18:51:05,417 mloop.controllers    INFO     cost -0.2614092690900086 +/- 0.0
2022-09-12 18:51:05,418 mloop.controllers    INFO     Run:32 (machine learner)
2022-09-12 18:51:05,626 mloop.controllers    INFO     params [12.36476773  3.39217726 14.43294461]
2022-09-12 18:51:05,728 mloop.controllers    INFO     cost -0.3470052336231876 +/- 0.0
2022-09-12 18:51:05,729 mloop.controllers    INFO     Run:33 (machine learner)
2022-09-12 18:51:05,730 mloop.controllers    INFO     params [20.     1.785  1.785]
2022-09-12 18:51:05,832 mloop.controllers    INFO     cost -0.03474107896730102 +/- 0.0
2022-09-12 18:51:05,833 mloop.controllers    INFO     Run:34 (machine learner)
2022-09-12 18:51:05,834 mloop.controllers    INFO     params [20.     1.785  1.785]
2022-09-12 18:51:05,937 mloop.controllers    INFO     cost -0.03474107896730102 +/- 0.0
2022-09-12 18:51:05,938 mloop.controllers    INFO     Run:35 (machine learner)
2022-09-12 18:51:05,940 mloop.controllers    INFO     params [12.350948    3.45208723 14.43173332]
2022-09-12 18:51:06,042 mloop.controllers    INFO     cost -0.34768457665343094 +/- 0.0
2022-09-12 18:51:06,043 mloop.controllers    INFO     Run:36 (trainer)
2022-09-12 18:51:06,047 mloop.controllers    INFO     params [16.11794917  3.78925893  8.61162531]
2022-09-12 18:51:06,149 mloop.controllers    INFO     cost 0.05386630590274921 +/- 0.0
2022-09-12 18:51:06,150 mloop.controllers    INFO     Run:37 (machine learner)
2022-09-12 18:51:06,393 mloop.controllers    INFO     params [ 8.07606243  9.29394212 13.46678188]
2022-09-12 18:51:06,495 mloop.controllers    INFO     cost -0.007733318968124306 +/- 0.0
2022-09-12 18:51:06,496 mloop.controllers    INFO     Run:38 (machine learner)
2022-09-12 18:51:06,497 mloop.controllers    INFO     params [9.91780701 6.01662607 3.16526706]
2022-09-12 18:51:06,599 mloop.controllers    INFO     cost 0.019618475999540946 +/- 0.0
2022-09-12 18:51:06,600 mloop.controllers    INFO     Run:39 (machine learner)
2022-09-12 18:51:06,602 mloop.controllers    INFO     params [18.9250347  11.50761394 19.17193199]
2022-09-12 18:51:06,704 mloop.controllers    INFO     cost 0.5176317612844495 +/- 0.0
2022-09-12 18:51:06,706 mloop.controllers    INFO     Run:40 (machine learner)
2022-09-12 18:51:06,708 mloop.controllers    INFO     params [12.34221487  3.43502127 14.42466416]
2022-09-12 18:51:06,810 mloop.controllers    INFO     cost -0.34879402842274904 +/- 0.0
2022-09-12 18:51:06,812 mloop.controllers    INFO     Run:41 (trainer)
2022-09-12 18:51:06,815 mloop.controllers    INFO     params [ 9.76721248 11.25265977 16.78519048]
2022-09-12 18:51:06,917 mloop.controllers    INFO     cost 0.673523400124191 +/- 0.0
2022-09-12 18:51:06,918 mloop.controllers    INFO     Run:42 (machine learner)
2022-09-12 18:51:07,068 mloop.controllers    INFO     params [18.83097879 13.00558939 18.74705247]
2022-09-12 18:51:07,169 mloop.controllers    INFO     cost 0.026818195432900732 +/- 0.0
2022-09-12 18:51:07,170 mloop.controllers    INFO     Run:43 (machine learner)
2022-09-12 18:51:07,171 mloop.controllers    INFO     params [17.9905664  12.8095771  17.57524059]
2022-09-12 18:51:07,272 mloop.controllers    INFO     cost -0.01637018170485019 +/- 0.0
2022-09-12 18:51:07,274 mloop.controllers    INFO     Run:44 (machine learner)
2022-09-12 18:51:07,275 mloop.controllers    INFO     params [17.7323385  9.4967598  1.785    ]
2022-09-12 18:51:07,377 mloop.controllers    INFO     cost -0.2050736429042964 +/- 0.0
2022-09-12 18:51:07,378 mloop.controllers    INFO     Run:45 (machine learner)
2022-09-12 18:51:07,380 mloop.controllers    INFO     params [12.33571959  3.43247517 14.41459163]
2022-09-12 18:51:07,481 mloop.controllers    INFO     cost -0.3495460709800551 +/- 0.0
2022-09-12 18:51:07,483 mloop.controllers    INFO     Run:46 (trainer)
2022-09-12 18:51:07,486 mloop.controllers    INFO     params [11.73553078 12.57599034 11.27805632]
2022-09-12 18:51:07,588 mloop.controllers    INFO     cost 0.7930164979547392 +/- 0.0
2022-09-12 18:51:07,589 mloop.controllers    INFO     Run:47 (machine learner)
2022-09-12 18:51:07,757 mloop.controllers    INFO     params [12.32705787  3.40156235 14.36652795]
2022-09-12 18:51:07,859 mloop.controllers    INFO     cost -0.3510104112052545 +/- 0.0
2022-09-12 18:51:07,860 mloop.controllers    INFO     Run:48 (machine learner)
2022-09-12 18:51:07,861 mloop.controllers    INFO     params [ 7.2630099   9.4629244  12.05227959]
2022-09-12 18:51:07,963 mloop.controllers    INFO     cost -0.4298309596716234 +/- 0.0
2022-09-12 18:51:07,964 mloop.controllers    INFO     Run:49 (machine learner)
2022-09-12 18:51:07,965 mloop.controllers    INFO     params [13.42618441 15.11348263 20.        ]
2022-09-12 18:51:08,068 mloop.controllers    INFO     cost 0.1615962194286223 +/- 0.0
2022-09-12 18:51:08,069 mloop.controllers    INFO     Run:50 (machine learner)
2022-09-12 18:51:08,071 mloop.controllers    INFO     params [12.32929019  3.42321844 14.39871071]
2022-09-12 18:51:08,173 mloop.controllers    INFO     cost -0.3503734421714638 +/- 0.0
2022-09-12 18:51:08,174 mloop.controllers    INFO     Run:51 (trainer)
2022-09-12 18:51:08,178 mloop.controllers    INFO     params [ 5.21706706  7.92495687 14.69019091]
2022-09-12 18:51:08,280 mloop.controllers    INFO     cost -0.08661937805226905 +/- 0.0
2022-09-12 18:51:08,280 mloop.controllers    INFO     Run:52 (machine learner)
2022-09-12 18:51:08,497 mloop.controllers    INFO     params [ 7.66808483  9.12306357 12.03523693]
2022-09-12 18:51:08,598 mloop.controllers    INFO     cost -0.30394267090054977 +/- 0.0
2022-09-12 18:51:08,599 mloop.controllers    INFO     Run:53 (machine learner)
2022-09-12 18:51:08,600 mloop.controllers    INFO     params [ 6.90635448  8.80903517 12.43562309]
2022-09-12 18:51:08,702 mloop.controllers    INFO     cost -0.16825780935041657 +/- 0.0
2022-09-12 18:51:08,703 mloop.controllers    INFO     Run:54 (machine learner)
2022-09-12 18:51:08,704 mloop.controllers    INFO     params [20.    20.     1.785]
2022-09-12 18:51:08,806 mloop.controllers    INFO     cost -0.03474107896730102 +/- 0.0
2022-09-12 18:51:08,807 mloop.controllers    INFO     Run:55 (machine learner)
2022-09-12 18:51:08,809 mloop.controllers    INFO     params [ 7.3501866   9.44493465 12.20388764]
2022-09-12 18:51:08,911 mloop.controllers    INFO     cost -0.507331203238081 +/- 0.0
2022-09-12 18:51:08,913 mloop.controllers    INFO     Run:56 (trainer)
2022-09-12 18:51:08,915 mloop.controllers    INFO     params [18.21934443 14.84541141 18.35856667]
2022-09-12 18:51:09,017 mloop.controllers    INFO     cost -0.09143445900892158 +/- 0.0
2022-09-12 18:51:09,018 mloop.controllers    INFO     Run:57 (machine learner)
2022-09-12 18:51:09,208 mloop.controllers    INFO     params [ 7.40185654  9.91188393 12.42061512]
2022-09-12 18:51:09,310 mloop.controllers    INFO     cost -0.2788854690188638 +/- 0.0
2022-09-12 18:51:09,311 mloop.controllers    INFO     Run:58 (machine learner)
2022-09-12 18:51:09,312 mloop.controllers    INFO     params [15.25330812  8.2583855   4.72226046]
2022-09-12 18:51:09,414 mloop.controllers    INFO     cost 0.2026919170681235 +/- 0.0
2022-09-12 18:51:09,415 mloop.controllers    INFO     Run:59 (machine learner)
2022-09-12 18:51:09,416 mloop.controllers    INFO     params [ 2.04899184  5.97178923 17.16802475]
2022-09-12 18:51:09,518 mloop.controllers    INFO     cost 0.07156253376493568 +/- 0.0
2022-09-12 18:51:09,520 mloop.controllers    INFO     Run:60 (machine learner)
2022-09-12 18:51:09,522 mloop.controllers    INFO     params [ 7.37532611  9.6500744  12.39748337]
2022-09-12 18:51:09,624 mloop.controllers    INFO     cost -0.47864719994614185 +/- 0.0
2022-09-12 18:51:09,625 mloop.controllers    INFO     Run:61 (trainer)
2022-09-12 18:51:09,629 mloop.controllers    INFO     params [ 3.53752763 15.08128602 10.75220835]
2022-09-12 18:51:09,730 mloop.controllers    INFO     cost 0.9715477103412229 +/- 0.0
2022-09-12 18:51:09,731 mloop.controllers    INFO     Run:62 (machine learner)
2022-09-12 18:51:09,976 mloop.controllers    INFO     params [ 7.17284941  9.40660224 12.51310988]
2022-09-12 18:51:10,078 mloop.controllers    INFO     cost -0.46248896889976465 +/- 0.0
2022-09-12 18:51:10,079 mloop.controllers    INFO     Run:63 (machine learner)
2022-09-12 18:51:10,080 mloop.controllers    INFO     params [ 1.785  1.785 20.   ]
2022-09-12 18:51:10,181 mloop.controllers    INFO     cost -0.03474107896730102 +/- 0.0
2022-09-12 18:51:10,182 mloop.controllers    INFO     Run:64 (machine learner)
2022-09-12 18:51:10,184 mloop.controllers    INFO     params [ 8.97093093  8.78295999 14.9920243 ]
2022-09-12 18:51:10,286 mloop.controllers    INFO     cost 0.03438625227122803 +/- 0.0
2022-09-12 18:51:10,287 mloop.controllers    INFO     Run:65 (machine learner)
2022-09-12 18:51:10,289 mloop.controllers    INFO     params [ 7.29790808  9.41118432 12.42613404]
2022-09-12 18:51:10,391 mloop.controllers    INFO     cost -0.5055793707069323 +/- 0.0
2022-09-12 18:51:10,393 mloop.controllers    INFO     Run:66 (trainer)
2022-09-12 18:51:10,396 mloop.controllers    INFO     params [ 9.64404882 19.18423123  2.57726831]
2022-09-12 18:51:10,498 mloop.controllers    INFO     cost -0.11693636109381808 +/- 0.0
2022-09-12 18:51:10,498 mloop.controllers    INFO     Run:67 (machine learner)
2022-09-12 18:51:10,733 mloop.controllers    INFO     params [ 7.65239934  9.52147608 12.26757001]
2022-09-12 18:51:10,835 mloop.controllers    INFO     cost -0.49452809901507827 +/- 0.0
2022-09-12 18:51:10,835 mloop.controllers    INFO     Run:68 (machine learner)
2022-09-12 18:51:10,836 mloop.controllers    INFO     params [20. 20. 20.]
2022-09-12 18:51:10,938 mloop.controllers    INFO     cost -0.03474107896730102 +/- 0.0
2022-09-12 18:51:10,939 mloop.controllers    INFO     Run:69 (machine learner)
2022-09-12 18:51:10,941 mloop.controllers    INFO     params [20. 20. 20.]
2022-09-12 18:51:11,043 mloop.controllers    INFO     cost -0.03474107896730102 +/- 0.0
2022-09-12 18:51:11,044 mloop.controllers    INFO     Run:70 (machine learner)
2022-09-12 18:51:11,046 mloop.controllers    INFO     params [ 7.49856156  9.48288809 12.30675171]
2022-09-12 18:51:11,148 mloop.controllers    INFO     cost -0.5223556795046214 +/- 0.0
2022-09-12 18:51:11,149 mloop.controllers    INFO     Run:71 (trainer)
2022-09-12 18:51:11,152 mloop.controllers    INFO     params [ 7.86618827  4.08318932 18.81029899]
2022-09-12 18:51:11,254 mloop.controllers    INFO     cost 0.007407751024017518 +/- 0.0
2022-09-12 18:51:11,255 mloop.controllers    INFO     Run:72 (machine learner)
2022-09-12 18:51:11,496 mloop.controllers    INFO     params [ 7.4070008   9.47942859 12.3157403 ]
2022-09-12 18:51:11,598 mloop.controllers    INFO     cost -0.5253224232624749 +/- 0.0
2022-09-12 18:51:11,598 mloop.controllers    INFO     Run:73 (machine learner)
2022-09-12 18:51:11,600 mloop.controllers    INFO     params [ 8.30717691 19.96319263  2.19436191]
2022-09-12 18:51:11,701 mloop.controllers    INFO     cost 0.14072692171767592 +/- 0.0
2022-09-12 18:51:11,702 mloop.controllers    INFO     Run:74 (machine learner)
2022-09-12 18:51:11,703 mloop.controllers    INFO     params [ 5.78757605  7.28894581 12.71687715]
2022-09-12 18:51:11,805 mloop.controllers    INFO     cost -0.1953365349721688 +/- 0.0
2022-09-12 18:51:11,806 mloop.controllers    INFO     Run:75 (machine learner)
2022-09-12 18:51:11,807 mloop.controllers    INFO     params [ 7.4148044   9.4749177  12.31976204]
2022-09-12 18:51:11,909 mloop.controllers    INFO     cost -0.525587418523156 +/- 0.0
2022-09-12 18:51:11,910 mloop.controllers    INFO     Run:76 (trainer)
2022-09-12 18:51:11,915 mloop.controllers    INFO     params [ 8.03833295 12.31775636 13.94987421]
2022-09-12 18:51:12,017 mloop.controllers    INFO     cost -0.18654477250395068 +/- 0.0
2022-09-12 18:51:12,018 mloop.controllers    INFO     Run:77 (machine learner)
2022-09-12 18:51:12,303 mloop.controllers    INFO     params [ 7.42189519  9.47172633 12.32428086]
2022-09-12 18:51:12,405 mloop.controllers    INFO     cost -0.5256924186237513 +/- 0.0
2022-09-12 18:51:12,406 mloop.controllers    INFO     Run:78 (machine learner)
2022-09-12 18:51:12,407 mloop.controllers    INFO     params [ 8.99173206 18.54482284 18.7687268 ]
2022-09-12 18:51:12,508 mloop.controllers    INFO     cost -0.10361049555784338 +/- 0.0
2022-09-12 18:51:12,509 mloop.controllers    INFO     Run:79 (machine learner)
2022-09-12 18:51:12,510 mloop.controllers    INFO     params [17.73635089 10.14539163  3.08775944]
2022-09-12 18:51:12,611 mloop.controllers    INFO     cost 0.3024248402064422 +/- 0.0
2022-09-12 18:51:12,613 mloop.controllers    INFO     Run:80 (machine learner)
2022-09-12 18:51:12,615 mloop.controllers    INFO     params [ 7.41973124  9.47210361 12.3216374 ]
2022-09-12 18:51:12,717 mloop.controllers    INFO     cost -0.525683874737584 +/- 0.0
2022-09-12 18:51:12,718 mloop.controllers    INFO     Run:81 (trainer)
2022-09-12 18:51:12,722 mloop.controllers    INFO     params [ 2.77988487 19.20641703  9.36602954]
2022-09-12 18:51:12,824 mloop.controllers    INFO     cost -0.16228405661907383 +/- 0.0
2022-09-12 18:51:12,825 mloop.controllers    INFO     Run:82 (machine learner)
2022-09-12 18:51:13,101 mloop.controllers    INFO     params [ 7.42206431  9.4715904  12.32411178]
2022-09-12 18:51:13,202 mloop.controllers    INFO     cost -0.525695642723026 +/- 0.0
2022-09-12 18:51:13,203 mloop.controllers    INFO     Run:83 (machine learner)
2022-09-12 18:51:13,204 mloop.controllers    INFO     params [16.34554942 15.66633839 15.43321616]
2022-09-12 18:51:13,306 mloop.controllers    INFO     cost 0.055278170576660575 +/- 0.0
2022-09-12 18:51:13,307 mloop.controllers    INFO     Run:84 (machine learner)
2022-09-12 18:51:13,309 mloop.controllers    INFO     params [20.         11.86145788 17.68458592]
2022-09-12 18:51:13,411 mloop.controllers    INFO     cost 0.04888599084558884 +/- 0.0
2022-09-12 18:51:13,412 mloop.controllers    INFO     Run:85 (machine learner)
2022-09-12 18:51:13,414 mloop.controllers    INFO     params [ 7.4199509  9.4725259 12.3211446]
2022-09-12 18:51:13,516 mloop.controllers    INFO     cost -0.5256735195373021 +/- 0.0
2022-09-12 18:51:13,518 mloop.controllers    INFO     Run:86 (trainer)
2022-09-12 18:51:13,521 mloop.controllers    INFO     params [17.98499676 14.69461708  7.82642152]
2022-09-12 18:51:13,623 mloop.controllers    INFO     cost -0.08301303928727313 +/- 0.0
2022-09-12 18:51:13,624 mloop.controllers    INFO     Run:87 (machine learner)
2022-09-12 18:51:13,916 mloop.controllers    INFO     params [ 7.42206434  9.47159038 12.32411178]
2022-09-12 18:51:14,017 mloop.controllers    INFO     cost -0.525695643098671 +/- 0.0
2022-09-12 18:51:14,018 mloop.controllers    INFO     Run:88 (machine learner)
2022-09-12 18:51:14,019 mloop.controllers    INFO     params [ 2.98419246 19.58350532  7.91152163]
2022-09-12 18:51:14,121 mloop.controllers    INFO     cost 0.025169273127184068 +/- 0.0
2022-09-12 18:51:14,122 mloop.controllers    INFO     Run:89 (machine learner)
2022-09-12 18:51:14,124 mloop.controllers    INFO     params [ 1.785      18.16204843  1.785     ]
2022-09-12 18:51:14,226 mloop.controllers    INFO     cost -0.055964531636852735 +/- 0.0
2022-09-12 18:51:14,227 mloop.controllers    INFO     Run:90 (machine learner)
2022-09-12 18:51:14,229 mloop.controllers    INFO     params [ 7.41976847  9.47273211 12.32105224]
2022-09-12 18:51:14,332 mloop.controllers    INFO     cost -0.525668252807439 +/- 0.0
2022-09-12 18:51:14,333 mloop.controllers    INFO     Run:91 (trainer)
2022-09-12 18:51:14,336 mloop.controllers    INFO     params [ 9.34719194 13.14232286 15.93822537]
2022-09-12 18:51:14,439 mloop.controllers    INFO     cost -0.11294531754769464 +/- 0.0
2022-09-12 18:51:14,440 mloop.controllers    INFO     Run:92 (machine learner)
2022-09-12 18:51:14,656 mloop.controllers    INFO     params [ 7.42113172  9.47126293 12.32309572]
2022-09-12 18:51:14,758 mloop.controllers    INFO     cost -0.5257039063877329 +/- 0.0
2022-09-12 18:51:14,758 mloop.controllers    INFO     Run:93 (machine learner)
2022-09-12 18:51:14,760 mloop.controllers    INFO     params [13.86993213  2.52815651  1.8885175 ]
2022-09-12 18:51:14,861 mloop.controllers    INFO     cost 0.04178260017245386 +/- 0.0
2022-09-12 18:51:14,862 mloop.controllers    INFO     Run:94 (machine learner)
2022-09-12 18:51:14,864 mloop.controllers    INFO     params [ 6.06385292  6.16261859 11.70055634]
2022-09-12 18:51:14,966 mloop.controllers    INFO     cost 0.3076961320706726 +/- 0.0
2022-09-12 18:51:14,967 mloop.controllers    INFO     Run:95 (machine learner)
2022-09-12 18:51:14,970 mloop.controllers    INFO     params [ 7.41972942  9.47283903 12.32098903]
2022-09-12 18:51:15,072 mloop.controllers    INFO     cost -0.5256655026889646 +/- 0.0
2022-09-12 18:51:15,073 mloop.controllers    INFO     Run:96 (trainer)
2022-09-12 18:51:15,077 mloop.controllers    INFO     params [10.51918039 14.28793052 17.19441377]
2022-09-12 18:51:15,178 mloop.controllers    INFO     cost 0.7383177149919263 +/- 0.0
2022-09-12 18:51:15,179 mloop.controllers    INFO     Run:97 (machine learner)
2022-09-12 18:51:15,502 mloop.controllers    INFO     params [ 7.4208354   9.4712878  12.32263261]
2022-09-12 18:51:15,603 mloop.controllers    INFO     cost -0.5257033191407003 +/- 0.0
2022-09-12 18:51:15,604 mloop.controllers    INFO     Run:98 (machine learner)
2022-09-12 18:51:15,617 mloop.controllers    INFO     params [ 9.25786563 13.09094321 14.08145586]
2022-09-12 18:51:15,720 mloop.controllers    INFO     cost -0.14887131572646678 +/- 0.0
2022-09-12 18:51:15,721 mloop.controllers    INFO     Run:99 (machine learner)
2022-09-12 18:51:15,723 mloop.controllers    INFO     params [17.13026551  8.22453849 13.72059825]
2022-09-12 18:51:15,824 mloop.controllers    INFO     cost 0.1956222944310081 +/- 0.0
2022-09-12 18:51:15,825 mloop.controllers    INFO     Run:100 (machine learner)
2022-09-12 18:51:15,827 mloop.controllers    INFO     params [ 7.41982159  9.47290582 12.32100852]
2022-09-12 18:51:15,929 mloop.controllers    INFO     cost -0.5256641911626699 +/- 0.0
2022-09-12 18:51:15,930 mloop.controllers    INFO     Controller finished. Closing down M-LOOP. Please wait a moment...
2022-09-12 18:51:15,931 mloop.controllers    DEBUG    ML learner end set.
2022-09-12 18:51:16,851 mloop.controllers    DEBUG    ML learner joined
2022-09-12 18:51:16,852 mloop.controllers    DEBUG    Learner end event set.
2022-09-12 18:51:16,852 mloop.controllers    DEBUG    Interface end event set.
2022-09-12 18:51:16,930 mloop.interfaces     DEBUG    Interface ended
2022-09-12 18:51:17,078 mloop.learners.1     DEBUG    Learner end signal received. Ending
2022-09-12 18:51:18,081 mloop.controllers    DEBUG    Learner joined.
2022-09-12 18:51:18,082 mloop.controllers    DEBUG    Interface joined.
2022-09-12 18:51:18,111 mloop.controllers    INFO     Optimization ended because:
2022-09-12 18:51:18,112 mloop.controllers    INFO     	* Maximum number of runs reached.
2022-09-12 18:51:18,113 mloop.controllers    INFO     Results:
2022-09-12 18:51:18,114 mloop.controllers    INFO     	* Best parameters found:[ 7.42113172  9.47126293 12.32309572]
2022-09-12 18:51:18,115 mloop.controllers    INFO     	* Best cost returned:-0.5257039063877329 +/- 0.0
2022-09-12 18:51:18,116 mloop.controllers    INFO     	* Best run number:92
2022-09-12 18:51:18,117 mloop.controllers    INFO     	* Predicted best parameters:[ 7.41993196  9.47268221 12.32101953]
2022-09-12 18:51:18,118 mloop.controllers    INFO     	* Predicted best cost:-0.525726867054127 +/- 0.0008737203478925057
2022-09-12 18:51:18,119 mloop.controllers    INFO     M-LOOP Done.
2022-09-12 18:51:18,121 mloop.visualizations DEBUG    Creating controller visualizations.
2022-09-12 18:51:18,404 mloop.visualizations DEBUG    Creating learner visualizations.
2022-09-12 18:51:18,415 mloop.visualizations DEBUG    Creating Gaussian process visualizer.
2022-09-12 18:51:18,427 mloop.learners.3     DEBUG    Learner init completed.
2022-09-12 18:51:18,430 mloop.visualizations DEBUG    Fitting Gaussian process.
2022-09-12 18:51:18,635 mloop.visualizations INFO     Showing visualizations, close all to end M-LOOP.
2022-09-12 18:51:58,359 mloop                INFO     M-LOOP version 3.3.1
2022-09-12 18:51:58,360 mloop                DEBUG    M-LOOP Logger configured.
2022-09-12 18:51:58,361 mloop.interfaces     DEBUG    Creating interface.
2022-09-12 18:51:58,365 mloop.controllers    DEBUG    Controller init completed.
2022-09-12 18:51:58,366 mloop.learners.1     DEBUG    Learner init completed.
2022-09-12 18:51:58,370 mloop.learners.2     DEBUG    Learner init completed.
2022-09-12 18:51:58,373 mloop.controllers    INFO     Optimization started.
2022-09-12 18:51:58,374 mloop.interfaces     DEBUG    Entering main loop of interface.
2022-09-12 18:51:58,375 mloop.controllers    DEBUG    ML learner started.
2022-09-12 18:51:58,382 mloop.controllers    DEBUG    Starting training optimization.
2022-09-12 18:51:58,383 mloop.controllers    INFO     Run:1 (training)
2022-09-12 18:51:58,390 mloop.controllers    INFO     params [ 1.76803011 -1.97682851  1.42210201]
2022-09-12 18:51:58,404 mloop.controllers    INFO     cost 0.29187994003183537 +/- 0.0
2022-09-12 18:51:58,407 mloop.controllers    INFO     Run:2 (training)
2022-09-12 18:51:58,412 mloop.controllers    INFO     params [-0.08233824  0.69294355 -0.24112636]
2022-09-12 18:51:58,426 mloop.controllers    INFO     cost -2.4705516335414996 +/- 0.0
2022-09-12 18:51:58,427 mloop.controllers    INFO     Run:3 (training)
2022-09-12 18:51:58,431 mloop.controllers    INFO     params [-0.78890109 -1.26833879 -0.83051112]
2022-09-12 18:51:58,445 mloop.controllers    INFO     cost -0.36177757327947313 +/- 0.0
2022-09-12 18:51:58,446 mloop.controllers    INFO     Run:4 (training)
2022-09-12 18:51:58,450 mloop.controllers    INFO     params [ 0.85625554 -0.20628681 -0.17630156]
2022-09-12 18:51:58,462 mloop.controllers    INFO     cost -2.0053529550492373 +/- 0.0
2022-09-12 18:51:58,463 mloop.controllers    INFO     Run:5 (training)
2022-09-12 18:51:58,467 mloop.controllers    INFO     params [-1.21473946 -1.68974732  0.89829503]
2022-09-12 18:51:58,480 mloop.controllers    INFO     cost 0.27108121914880945 +/- 0.0
2022-09-12 18:51:58,481 mloop.controllers    INFO     Run:6 (training)
2022-09-12 18:51:58,484 mloop.controllers    INFO     params [ 3.63141827e-04 -2.54598550e-01 -1.53190993e+00]
2022-09-12 18:51:58,497 mloop.controllers    INFO     cost -1.588396079574442 +/- 0.0
2022-09-12 18:51:58,498 mloop.controllers    INFO     Run:7 (training)
2022-09-12 18:51:58,501 mloop.controllers    INFO     params [1.32771397 1.64283605 0.65235964]
2022-09-12 18:51:58,513 mloop.controllers    INFO     cost 0.11298607340271405 +/- 0.0
2022-09-12 18:51:58,514 mloop.controllers    INFO     Run:8 (training)
2022-09-12 18:51:58,517 mloop.controllers    INFO     params [ 1.50154624 -1.60857927  1.47546336]
2022-09-12 18:51:58,527 mloop.controllers    INFO     cost 0.5560911195660161 +/- 0.0
2022-09-12 18:51:58,527 mloop.controllers    INFO     Run:9 (training)
2022-09-12 18:51:58,530 mloop.controllers    INFO     params [-0.24816928  1.7279598   0.08145339]
2022-09-12 18:51:58,539 mloop.controllers    INFO     cost -1.6685001304625957 +/- 0.0
2022-09-12 18:51:58,540 mloop.controllers    INFO     Run:10 (training)
2022-09-12 18:51:58,543 mloop.controllers    INFO     params [ 0.17489142 -0.97291603  1.51396464]
2022-09-12 18:51:58,557 mloop.controllers    INFO     cost -0.6983563403083233 +/- 0.0
2022-09-12 18:51:58,558 mloop.controllers    INFO     Run:11 (training)
2022-09-12 18:51:58,561 mloop.controllers    INFO     params [ 0.87979569 -0.75290604 -0.48219701]
2022-09-12 18:51:58,563 mloop.controllers    DEBUG    Starting ML optimization.
2022-09-12 18:51:58,564 mloop.controllers    INFO     cost -1.076247468936776 +/- 0.0
2022-09-12 18:51:58,576 mloop.controllers    DEBUG    End training runs.
2022-09-12 18:51:58,577 mloop.controllers    INFO     Run:12 (machine learner)
2022-09-12 18:51:58,980 mloop.controllers    INFO     params [ 0.46091197  0.54757091 -0.668341  ]
2022-09-12 18:51:58,989 mloop.controllers    INFO     cost -1.9341868149092944 +/- 0.0
2022-09-12 18:51:58,990 mloop.controllers    INFO     Run:13 (machine learner)
2022-09-12 18:51:59,154 mloop.controllers    INFO     params [ 0.64414043  0.74664515 -0.94768786]
2022-09-12 18:51:59,166 mloop.controllers    INFO     cost -1.0581849134014805 +/- 0.0
2022-09-12 18:51:59,167 mloop.controllers    INFO     Run:14 (machine learner)
2022-09-12 18:51:59,393 mloop.controllers    INFO     params [ 0.77666998  0.90702802 -1.14890172]
2022-09-12 18:51:59,403 mloop.controllers    INFO     cost -0.44282639010575403 +/- 0.0
2022-09-12 18:51:59,404 mloop.controllers    INFO     Run:15 (machine learner)
2022-09-12 18:51:59,544 mloop.controllers    INFO     params [ 0.24467857  0.40351748 -0.2986667 ]
2022-09-12 18:51:59,557 mloop.controllers    INFO     cost -2.6959260175486572 +/- 0.0
2022-09-12 18:51:59,558 mloop.controllers    INFO     Run:16 (trainer)
2022-09-12 18:51:59,562 mloop.controllers    INFO     params [ 0.28547346 -1.53134162  1.26144601]
2022-09-12 18:51:59,576 mloop.controllers    INFO     cost -0.48048836295037356 +/- 0.0
2022-09-12 18:51:59,577 mloop.controllers    INFO     Run:17 (machine learner)
2022-09-12 18:51:59,954 mloop.controllers    INFO     params [0.13298846 0.30647662 0.38247292]
2022-09-12 18:51:59,966 mloop.controllers    INFO     cost -2.56124026618322 +/- 0.0
2022-09-12 18:51:59,967 mloop.controllers    INFO     Run:18 (machine learner)
2022-09-12 18:52:00,080 mloop.controllers    INFO     params [-0.05193841  0.48616946  0.85960878]
2022-09-12 18:52:00,094 mloop.controllers    INFO     cost -1.8096755040511985 +/- 0.0
2022-09-12 18:52:00,095 mloop.controllers    INFO     Run:19 (machine learner)
2022-09-12 18:52:00,254 mloop.controllers    INFO     params [-0.49491285  0.75133833  1.39012314]
2022-09-12 18:52:00,264 mloop.controllers    INFO     cost -0.8640704166496201 +/- 0.0
2022-09-12 18:52:00,265 mloop.controllers    INFO     Run:20 (machine learner)
2022-09-12 18:52:00,432 mloop.controllers    INFO     params [0.13697054 0.21266515 0.11270282]
2022-09-12 18:52:00,445 mloop.controllers    INFO     cost -2.8758975754942577 +/- 0.0
2022-09-12 18:52:00,447 mloop.controllers    INFO     Run:21 (trainer)
2022-09-12 18:52:00,450 mloop.controllers    INFO     params [-0.17922513 -0.38427249  1.25931594]
2022-09-12 18:52:00,466 mloop.controllers    INFO     cost -1.3928182701169156 +/- 0.0
2022-09-12 18:52:00,467 mloop.controllers    INFO     Run:22 (machine learner)
2022-09-12 18:52:00,815 mloop.controllers    INFO     params [-0.10209091  0.02919602 -0.22969522]
2022-09-12 18:52:00,831 mloop.controllers    INFO     cost -2.947277117837977 +/- 0.0
2022-09-12 18:52:00,832 mloop.controllers    INFO     Run:23 (machine learner)
2022-09-12 18:52:00,943 mloop.controllers    INFO     params [-1.98374723  2.         -0.27568417]
2022-09-12 18:52:00,958 mloop.controllers    INFO     cost -0.8900374500628611 +/- 0.0
2022-09-12 18:52:00,959 mloop.controllers    INFO     Run:24 (machine learner)
2022-09-12 18:52:01,037 mloop.controllers    INFO     params [-2.          2.         -0.42890176]
2022-09-12 18:52:01,050 mloop.controllers    INFO     cost -0.7795481109963237 +/- 0.0
2022-09-12 18:52:01,052 mloop.controllers    INFO     Run:25 (machine learner)
2022-09-12 18:52:01,177 mloop.controllers    INFO     params [-0.00163221  0.06635126 -0.15890098]
2022-09-12 18:52:01,191 mloop.controllers    INFO     cost -2.992437153448147 +/- 0.0
2022-09-12 18:52:01,192 mloop.controllers    INFO     Controller finished. Closing down M-LOOP. Please wait a moment...
2022-09-12 18:52:01,192 mloop.controllers    DEBUG    ML learner end set.
2022-09-12 18:52:01,903 mloop.controllers    DEBUG    ML learner joined
2022-09-12 18:52:01,904 mloop.controllers    DEBUG    Learner end event set.
2022-09-12 18:52:01,905 mloop.controllers    DEBUG    Interface end event set.
2022-09-12 18:52:02,180 mloop.interfaces     DEBUG    Interface ended
2022-09-12 18:52:02,451 mloop.learners.1     DEBUG    Learner end signal received. Ending
2022-09-12 18:52:03,454 mloop.controllers    DEBUG    Learner joined.
2022-09-12 18:52:03,454 mloop.controllers    DEBUG    Interface joined.
2022-09-12 18:52:03,464 mloop.controllers    INFO     Optimization ended because:
2022-09-12 18:52:03,464 mloop.controllers    INFO     	* Target cost reached.
2022-09-12 18:52:03,465 mloop.controllers    INFO     Results:
2022-09-12 18:52:03,466 mloop.controllers    INFO     	* Best parameters found:[-0.00163221  0.06635126 -0.15890098]
2022-09-12 18:52:03,466 mloop.controllers    INFO     	* Best cost returned:-2.992437153448147 +/- 0.0
2022-09-12 18:52:03,467 mloop.controllers    INFO     	* Best run number:25
2022-09-12 18:52:03,467 mloop.controllers    INFO     	* Predicted best parameters:[ 0.01911207  0.09050603 -0.1082288 ]
2022-09-12 18:52:03,468 mloop.controllers    INFO     	* Predicted best cost:-2.998009036508023 +/- 0.004992698738214887
2022-09-12 18:52:03,468 mloop.controllers    INFO     M-LOOP Done.
2022-09-12 18:52:03,469 mloop.visualizations DEBUG    Creating controller visualizations.
2022-09-12 18:52:03,680 mloop.visualizations DEBUG    Creating learner visualizations.
2022-09-12 18:52:03,685 mloop.visualizations DEBUG    Creating Gaussian process visualizer.
2022-09-12 18:52:03,690 mloop.learners.3     DEBUG    Learner init completed.
2022-09-12 18:52:03,691 mloop.visualizations DEBUG    Fitting Gaussian process.
2022-09-12 18:52:03,782 mloop.visualizations INFO     Showing visualizations, close all to end M-LOOP.
