2022-09-18 14:16:11,301 mloop                INFO     M-LOOP version 3.3.1
2022-09-18 14:16:11,301 mloop                DEBUG    M-LOOP Logger configured.
2022-09-18 14:16:11,302 mloop.interfaces     DEBUG    Creating interface.
2022-09-18 14:16:11,303 mloop.controllers    DEBUG    Controller init completed.
2022-09-18 14:16:11,304 mloop.learners.1     DEBUG    Learner init completed.
2022-09-18 14:16:11,305 mloop.learners.2     DEBUG    Learner init completed.
2022-09-18 14:16:11,305 mloop.controllers    INFO     Optimization started.
2022-09-18 14:16:11,307 mloop.interfaces     DEBUG    Entering main loop of interface.
2022-09-18 14:16:11,307 mloop.controllers    DEBUG    ML learner started.
2022-09-18 14:16:11,417 mloop.controllers    DEBUG    Starting training optimization.
2022-09-18 14:16:11,417 mloop.controllers    INFO     Run:1 (training)
2022-09-18 14:16:11,419 mloop.controllers    INFO     params [14.84880936  9.49317014  2.15570303 16.23303735 12.04074342 13.09545289
  0.15676686  0.33869597  0.18442854  0.39621212  0.12288507  7.03308386
 -0.81151436 -3.0354166   5.85755434 -5.22156285  7.03376936 -6.23877074
 -4.13362803  4.82230382 -0.47432949 -4.70216488  6.78042175 -0.3718462
  1.24488917 -7.2055885 ]
2022-09-18 14:16:11,534 mloop.controllers    INFO     cost -6.069818696246965 +/- 0.0
2022-09-18 14:16:11,535 mloop.controllers    INFO     Run:2 (training)
2022-09-18 14:16:11,537 mloop.controllers    INFO     params [18.91230521  3.45569325 11.64814824 15.38873527  7.25485399  7.7786518
  0.21772054  0.39384246  0.26430046  0.44251441  0.40357458  6.71055867
 -3.49689717 -4.78670213 -2.15248524  3.22324241  6.39801035 -7.07823842
  5.20866418  3.36120265 -7.2955873  -0.46010813 -7.65310411 -5.83884974
  5.27108796 -4.91328053]
2022-09-18 14:16:11,652 mloop.controllers    INFO     cost -5.66771423071559 +/- 0.0
2022-09-18 14:16:11,653 mloop.controllers    INFO     Run:3 (training)
2022-09-18 14:16:11,654 mloop.controllers    INFO     params [ 6.61831792 18.740073    8.88867766 12.58173237  3.034623    6.63089444
  0.1137945   0.27907491  0.27730109  0.48266337  0.31893407 -5.44429954
 -0.87377485 -7.08346032  3.09313187 -0.82120695 -6.81585808  4.83390951
 -5.82281838 -7.74011278 -7.72821815 -0.62038329  0.19568192  6.78251159
 -7.36050698 -5.72720624]
2022-09-18 14:16:11,774 mloop.controllers    INFO     cost -6.23236261200993 +/- 0.0
2022-09-18 14:16:11,774 mloop.controllers    INFO     Run:4 (training)
2022-09-18 14:16:11,776 mloop.controllers    INFO     params [ 6.23659072e+00  6.02766770e+00  1.66080838e+01  1.44148225e+01
  6.70008545e+00  6.62605199e+00  3.81366415e-01  4.03414180e-01
  1.55616788e-03  2.35297989e-03  4.41993338e-01 -7.54684676e+00
 -7.90950443e+00 -6.58114405e+00  5.61493235e+00 -3.16284919e+00
 -2.20836915e+00  1.39644745e+00  6.35234313e+00  5.65307649e+00
  7.20881718e+00 -2.14106098e+00 -6.35255947e+00  3.84996163e+00
 -6.11025090e+00 -5.45723988e+00]
2022-09-18 14:16:11,893 mloop.controllers    INFO     cost -4.3496698809344005 +/- 0.0
2022-09-18 14:16:11,894 mloop.controllers    INFO     Run:5 (training)
2022-09-18 14:16:11,895 mloop.controllers    INFO     params [10.87875719  4.0039104   8.32453906  6.61371331 13.01484078  9.9754391
  0.10862182  0.26932628  0.27021864  0.16183461  0.38248537  7.62671167
  4.40370766 -4.50839508 -3.96255333 -0.29295009  7.72292772  4.6165077
 -0.59651674  0.9960787   5.93172271  3.60449205  3.71786379 -4.37885162
 -3.95193781  7.68626008]
2022-09-18 14:16:12,015 mloop.controllers    INFO     cost -8.53580299759444 +/- 0.0
2022-09-18 14:16:12,015 mloop.controllers    INFO     Run:6 (training)
2022-09-18 14:16:12,016 mloop.controllers    INFO     params [ 8.79134435e+00  9.89748695e+00  7.35247850e+00  1.19315058e+01
  1.97930760e+01  1.50371814e+01  4.01970499e-01  4.16317957e-01
  4.99255647e-01  4.42082052e-01  1.74013632e-02 -6.04368082e+00
 -1.93042882e+00  7.24888663e+00 -4.17090939e+00  6.91093760e+00
 -6.92541452e+00 -7.11191182e+00  2.92140457e+00  4.68913714e+00
 -4.26989900e+00 -7.19844458e+00  6.52122872e+00  1.86107019e-01
  1.90774206e+00  6.86651551e+00]
2022-09-18 14:16:12,133 mloop.controllers    INFO     cost -5.665895402919629 +/- 0.0
2022-09-18 14:16:12,134 mloop.controllers    INFO     Run:7 (training)
2022-09-18 14:16:12,135 mloop.controllers    INFO     params [12.06144802 15.78050998 14.83580193  3.82245955 19.74118461  5.22065504
  0.23868186  0.48590501  0.16208825  0.32157558  0.06229041 -3.96687321
 -4.31611974  4.63966876  7.07844528  1.90824601 -1.95872831  3.86372932
 -7.22137308 -1.72479976 -5.18316016 -4.39948018  4.93452938 -0.89763657
 -3.02212193 -6.77758101]
2022-09-18 14:16:12,255 mloop.controllers    INFO     cost -4.768999699208177 +/- 0.0
2022-09-18 14:16:12,256 mloop.controllers    INFO     Run:8 (training)
2022-09-18 14:16:12,257 mloop.controllers    INFO     params [16.70015778 17.58551621 15.49456406  9.59552906 10.94968266  4.30195386
  0.39862411  0.14024046  0.43883111  0.18530431  0.43321184  1.02338515
  6.42106155  7.47635792  7.02127698  3.03990178  2.26256856  7.47216458
 -6.93242488  7.19013171  1.80383016 -3.20619901  0.04595231  7.48240596
  6.75879398  0.16959403]
2022-09-18 14:16:12,374 mloop.controllers    INFO     cost -7.441385098336882 +/- 0.0
2022-09-18 14:16:12,374 mloop.controllers    INFO     Run:9 (training)
2022-09-18 14:16:12,376 mloop.controllers    INFO     params [14.34919723  9.56145261  2.72484248  9.69601299 17.6570062  12.26962001
  0.27959739  0.44761252  0.45482147  0.40210534  0.03183188 -4.45581566
  4.0101895  -3.1402083   0.69029201 -2.0321028   6.47100622  4.51362622
 -1.92696285 -7.80649253 -6.90954478  5.0267911   7.85381755 -5.71084266
  6.34318853  2.62934748]
2022-09-18 14:16:12,493 mloop.controllers    INFO     cost -5.045465625801308 +/- 0.0
2022-09-18 14:16:12,494 mloop.controllers    INFO     Run:10 (training)
2022-09-18 14:16:12,495 mloop.controllers    INFO     params [ 1.44959557e+01  8.83444569e+00  1.82195046e+01  8.89969311e+00
  1.20053959e+01  1.38903527e+01  6.66972828e-02  3.49648235e-01
  2.77103022e-01  4.48044376e-01  9.92454503e-02 -4.35342341e+00
  3.02354943e+00 -5.97950658e+00  4.76790750e+00 -1.26008251e-02
  4.41860190e+00  1.06880280e+00  6.66328270e+00 -2.62843784e+00
 -2.06598102e+00 -7.76672130e+00  5.98996806e-01  3.58215623e+00
 -7.47395000e+00 -3.88852333e+00]
2022-09-18 14:16:12,614 mloop.controllers    INFO     cost -6.2156056919082445 +/- 0.0
2022-09-18 14:16:12,615 mloop.controllers    INFO     Run:11 (training)
2022-09-18 14:16:12,617 mloop.controllers    INFO     params [10.52242785 16.52972903 12.46259851  5.26701389 15.31420812 15.1308961
  0.4009294   0.2482145   0.42197505  0.10202947  0.27630612 -7.6552213
  6.97010396 -3.2046672   4.4797181  -3.44751231  3.0147105   5.70225661
  4.70522489  4.11778632  1.05096962 -6.42037238  2.44854393  3.59983515
  4.57934711 -1.42728035]
2022-09-18 14:16:12,733 mloop.controllers    INFO     cost -5.22546622169636 +/- 0.0
2022-09-18 14:16:12,734 mloop.controllers    INFO     Run:12 (training)
2022-09-18 14:16:12,735 mloop.controllers    INFO     params [ 1.85456790e+01  1.37743478e+01  1.30895360e+01  9.99177349e+00
  8.95149738e+00  1.59809237e+01  3.65248780e-01  9.27552375e-02
  4.58008472e-02  3.81088191e-01  3.53370081e-01 -1.56919549e+00
 -5.45618801e-03 -6.74816661e+00 -3.66456050e+00  6.44559444e+00
  7.37687518e+00 -7.17391141e+00 -7.45321794e+00  6.77124373e+00
 -7.43629325e+00 -2.83572046e+00 -7.12542000e+00 -3.00663096e+00
 -1.93086406e+00  5.80479720e+00]
2022-09-18 14:16:12,856 mloop.controllers    INFO     cost -5.648965841648336 +/- 0.0
2022-09-18 14:16:12,857 mloop.controllers    INFO     Run:13 (training)
2022-09-18 14:16:12,858 mloop.controllers    INFO     params [ 6.23380452  4.32814684 18.29088218  5.70482768  3.65208743  8.19718637
  0.23219046  0.32901977  0.48502114  0.33533275  0.04254715  5.17371188
 -0.65713905  7.07220906  0.64738838  7.65314164 -7.69085484  5.22718664
  2.01430591  6.26783756 -0.62820714 -6.85802864  7.99165489  6.23001224
 -0.8008231   2.8801801 ]
2022-09-18 14:16:12,974 mloop.controllers    INFO     cost -6.2702874278375065 +/- 0.0
2022-09-18 14:16:12,975 mloop.controllers    INFO     Run:14 (training)
2022-09-18 14:16:12,976 mloop.controllers    INFO     params [ 4.2907286   4.37836284  2.35151518  4.13686018 19.42803735  8.12333915
  0.08594254  0.30205928  0.10810895  0.24798514  0.3671446  -3.05100749
 -4.26705327  4.04567394  5.69300328  2.66932723 -7.72370869 -0.87006284
  7.1562681   7.35071968 -2.3395459  -6.97217565 -6.09879133  7.53173583
  0.95791145 -0.81989527]
2022-09-18 14:16:13,096 mloop.controllers    INFO     cost -5.543940798643941 +/- 0.0
2022-09-18 14:16:13,097 mloop.controllers    INFO     Run:15 (training)
2022-09-18 14:16:13,098 mloop.controllers    INFO     params [ 2.75944597 10.08711347  4.98850825  3.33473592  7.46989242 15.82358864
  0.2385873   0.35467421  0.23341244  0.30097473  0.18623886 -1.57856016
 -7.75166363 -2.79805433 -0.41418514  1.49875656 -4.69460855 -6.09221364
  3.97434029  6.05765878  0.59586635  6.39474976 -7.19989631 -1.92983428
 -7.23813485 -3.76317089]
2022-09-18 14:16:13,215 mloop.controllers    INFO     cost -5.889586711697575 +/- 0.0
2022-09-18 14:16:13,216 mloop.controllers    INFO     Run:16 (training)
2022-09-18 14:16:13,217 mloop.controllers    INFO     params [ 6.90987184  5.89797334  6.58018186 18.43260452  8.24466044  6.99805876
  0.45010669  0.42280515  0.05750489  0.15249156  0.08341157  3.50420492
  5.79954115  2.40550537 -5.6026374  -0.64992839 -6.00919526 -7.67161008
 -5.96062463  0.75810488  6.1137392   3.90815869  6.30229993  3.99281841
 -7.74852882 -7.42236692]
2022-09-18 14:16:13,336 mloop.controllers    INFO     cost -5.487635297223823 +/- 0.0
2022-09-18 14:16:13,337 mloop.controllers    INFO     Run:17 (training)
2022-09-18 14:16:13,338 mloop.controllers    INFO     params [ 9.41127513  8.27879582  9.35838996 13.12321717 10.39254476  6.40349603
  0.21786584  0.03411263  0.41145799  0.47764113  0.44852841 -7.78880324
  4.60163713 -2.08527513  4.90007543  2.84784747  3.08400384  1.28667635
  0.35327203  7.43186181  0.67487157  5.44746653  2.16757326 -5.27654013
  7.1498035  -3.64667622]
2022-09-18 14:16:13,455 mloop.controllers    INFO     cost -6.045159162621965 +/- 0.0
2022-09-18 14:16:13,455 mloop.controllers    INFO     Run:18 (training)
2022-09-18 14:16:13,456 mloop.controllers    INFO     params [ 1.84226681e+01  1.55297758e+01  1.71989975e+01  1.85530977e+01
  1.14407684e+01  1.02580259e+01  1.59715906e-01  7.37618437e-02
  2.85232936e-03  7.55383972e-03  1.26693835e-01  5.63099001e+00
 -6.62018004e+00  2.61310803e+00  7.45534520e+00  3.48670147e+00
  2.62357394e+00  5.78158714e+00  3.87978950e+00  4.26162735e+00
 -2.14892044e+00  1.05498884e+00 -6.33723095e+00  7.28114498e+00
 -6.80070848e-01 -6.03583343e+00]
2022-09-18 14:16:13,575 mloop.controllers    INFO     cost -6.714851138843807 +/- 0.0
2022-09-18 14:16:13,576 mloop.controllers    INFO     Run:19 (training)
2022-09-18 14:16:13,578 mloop.controllers    INFO     params [ 1.45977845e+01  1.30296004e+01  8.84382330e+00  3.11813564e+00
  1.51555894e+01  5.66118504e+00  3.45936143e-01  1.49513663e-02
  1.94410107e-02  4.02020995e-01  1.81468237e-01  6.97440893e+00
  2.87969147e+00  2.31761877e+00  2.45690607e+00  5.99566459e+00
 -1.45105264e+00 -5.70569042e+00 -1.33239880e+00 -4.46241393e+00
 -7.53344080e+00 -2.82862326e+00  6.90826021e+00 -5.19888386e+00
 -3.72452081e+00 -5.82316895e+00]
2022-09-18 14:16:13,698 mloop.controllers    INFO     cost -4.665213709047449 +/- 0.0
2022-09-18 14:16:13,698 mloop.controllers    INFO     Run:20 (training)
2022-09-18 14:16:13,700 mloop.controllers    INFO     params [ 4.37660744  9.53500367 10.52848499  5.60541818  4.49663663  5.55362977
  0.42783062  0.11587007  0.31592476  0.38103338  0.25703622  2.4205732
 -7.3936476  -5.43092057  7.25581306 -3.34327141 -3.51223735 -6.62002729
  5.00457657  0.96291363 -7.91525191 -4.40623398 -1.03032774  7.52839248
  4.14608466  2.42226725]
2022-09-18 14:16:13,817 mloop.controllers    INFO     cost -5.642237563653631 +/- 0.0
2022-09-18 14:16:13,817 mloop.controllers    INFO     Run:21 (training)
2022-09-18 14:16:13,819 mloop.controllers    INFO     params [18.47508381 12.18075829  4.34771716 14.96842763 18.50882715 15.35703814
  0.23855914  0.20485578  0.32267927  0.0600672   0.45511582  5.76320781
  4.48203963  6.92452802  5.92271573 -0.14166853  5.7461072   5.03645243
  1.25254066  1.86305996  7.52135951  1.09829483 -5.07264808  2.38992057
 -4.57088936  6.19291625]
2022-09-18 14:16:13,820 mloop.controllers    DEBUG    Starting ML optimization.
2022-09-18 14:16:13,938 mloop.controllers    INFO     cost -5.378199604668155 +/- 0.0
2022-09-18 14:16:13,946 mloop.controllers    DEBUG    End training runs.
2022-09-18 14:16:13,946 mloop.controllers    INFO     Run:22 (machine learner)
2022-09-18 14:16:19,412 mloop.controllers    INFO     params [ 2.00000000e+01  1.78500000e+00  2.00000000e+01  1.78500000e+00
  2.00000000e+01  4.00000000e+00  3.47351961e-01  1.20996016e-02
  5.00000000e-01  7.37550721e-02  0.00000000e+00  8.00000000e+00
 -8.00000000e+00  8.00000000e+00 -8.00000000e+00 -8.00000000e+00
  4.55577627e+00 -8.00000000e+00 -8.00000000e+00  4.57838316e+00
  8.00000000e+00  3.94202727e+00  8.00000000e+00 -3.31608219e+00
 -8.00000000e+00  8.00000000e+00]
2022-09-18 14:16:19,533 mloop.controllers    INFO     cost -4.627558224486706 +/- 0.0
2022-09-18 14:16:19,534 mloop.controllers    INFO     Controller finished. Closing down M-LOOP. Please wait a moment...
2022-09-18 14:16:19,534 mloop.controllers    DEBUG    ML learner end set.
2022-09-18 14:16:24,011 mloop.controllers    DEBUG    ML learner joined
2022-09-18 14:16:24,011 mloop.controllers    DEBUG    Learner end event set.
2022-09-18 14:16:24,011 mloop.controllers    DEBUG    Interface end event set.
2022-09-18 14:16:24,568 mloop.interfaces     DEBUG    Interface ended
2022-09-18 14:16:24,886 mloop.learners.1     DEBUG    Learner end signal received. Ending
2022-09-18 14:16:25,898 mloop.controllers    DEBUG    Learner joined.
2022-09-18 14:16:25,898 mloop.controllers    DEBUG    Interface joined.
2022-09-18 14:16:25,903 mloop.controllers    INFO     Optimization ended because:
2022-09-18 14:16:25,903 mloop.controllers    INFO     	* Maximum number of runs reached.
2022-09-18 14:16:25,903 mloop.controllers    INFO     Results:
2022-09-18 14:16:25,904 mloop.controllers    INFO     	* Best parameters found:[10.87875719  4.0039104   8.32453906  6.61371331 13.01484078  9.9754391
  0.10862182  0.26932628  0.27021864  0.16183461  0.38248537  7.62671167
  4.40370766 -4.50839508 -3.96255333 -0.29295009  7.72292772  4.6165077
 -0.59651674  0.9960787   5.93172271  3.60449205  3.71786379 -4.37885162
 -3.95193781  7.68626008]
2022-09-18 14:16:25,905 mloop.controllers    INFO     	* Best cost returned:-8.53580299759444 +/- 0.0
2022-09-18 14:16:25,905 mloop.controllers    INFO     	* Best run number:5
2022-09-18 14:16:25,906 mloop.controllers    INFO     	* Predicted best parameters:[ 1.785      12.22501709  1.785       1.785       1.785      13.1349457
  0.          0.          0.          0.          0.06512271  8.
 -8.         -8.         -8.         -8.          8.          8.
 -8.          1.88356549  8.          8.          6.99745402 -8.
 -8.          8.        ]
2022-09-18 14:16:25,909 mloop.controllers    INFO     	* Predicted best cost:-11.36558279787815
2022-09-18 14:16:25,914 mloop.controllers    INFO     M-LOOP Done.
2022-09-18 14:16:25,916 mloop.visualizations DEBUG    Creating controller visualizations.
2022-09-18 14:16:26,057 mloop.visualizations DEBUG    Creating learner visualizations.
2022-09-18 14:16:26,063 mloop.visualizations DEBUG    Creating neural net visualizer.
2022-09-18 14:16:26,068 mloop.learners.3     DEBUG    Learner init completed.
2022-09-18 14:16:26,069 mloop.neuralnet      INFO     Initialising neural network impl
2022-09-18 14:16:26,069 mloop.neuralnet      INFO     Initialising neural network impl
2022-09-18 14:16:26,070 mloop.neuralnet      INFO     Initialising neural network impl
2022-09-18 14:16:26,071 mloop.neuralnet      INFO     Constructing net
2022-09-18 14:16:26,717 mloop.neuralnet      DEBUG    Finished constructing net in: 0.6460905075073242
2022-09-18 14:16:26,717 mloop.neuralnet      INFO     Loading neural network
2022-09-18 14:16:26,774 mloop.neuralnet      INFO     Constructing net
2022-09-18 14:16:27,386 mloop.neuralnet      DEBUG    Finished constructing net in: 0.6129989624023438
2022-09-18 14:16:27,386 mloop.neuralnet      INFO     Loading neural network
2022-09-18 14:16:27,442 mloop.neuralnet      INFO     Constructing net
2022-09-18 14:16:28,171 mloop.neuralnet      DEBUG    Finished constructing net in: 0.7284014225006104
2022-09-18 14:16:28,171 mloop.neuralnet      INFO     Loading neural network
2022-09-18 14:16:42,256 mloop                INFO     M-LOOP version 3.3.1
2022-09-18 14:16:42,256 mloop                DEBUG    M-LOOP Logger configured.
2022-09-18 14:16:42,256 mloop.interfaces     DEBUG    Creating interface.
2022-09-18 14:16:42,257 mloop.controllers    DEBUG    Controller init completed.
2022-09-18 14:16:42,258 mloop.learners.1     DEBUG    Learner init completed.
2022-09-18 14:16:42,258 mloop.learners.2     DEBUG    Learner init completed.
2022-09-18 14:16:42,258 mloop.controllers    INFO     Optimization started.
2022-09-18 14:16:42,260 mloop.interfaces     DEBUG    Entering main loop of interface.
2022-09-18 14:16:42,261 mloop.controllers    DEBUG    ML learner started.
2022-09-18 14:16:42,339 mloop.controllers    DEBUG    Starting training optimization.
2022-09-18 14:16:42,339 mloop.controllers    INFO     Run:1 (training)
2022-09-18 14:16:42,341 mloop.controllers    INFO     params [11.84048914  2.65319853 18.25369584 11.58373236 13.347758   13.51943505
  0.46268517  0.24928395  0.10874222  0.16385128  0.07771907  7.43137129
 -4.27934796 -3.10698313 -2.10163467 -4.81504062 -2.65339427 -2.90895918
 -4.76642333  4.01609894  1.68031349  0.11965957  0.8266033   6.99293271
 -3.73230523 -5.30517206]
2022-09-18 14:16:42,452 mloop.controllers    INFO     cost -6.450194962594512 +/- 0.0
2022-09-18 14:16:42,452 mloop.controllers    INFO     Run:2 (training)
2022-09-18 14:16:42,454 mloop.controllers    INFO     params [13.80739424 10.10181736 11.80950487  4.10863294 16.5526192  13.82918984
  0.29077895  0.17113285  0.13248483  0.33912132  0.42669007  3.15468796
  5.40184557 -2.5162678   5.50561441 -4.53337774  1.91160227 -6.29831472
 -2.251684    5.51492269  0.23882166  7.62958852 -0.8796965  -3.5891963
 -5.86012117  3.65154267]
2022-09-18 14:16:42,569 mloop.controllers    INFO     cost -6.0941971113553155 +/- 0.0
2022-09-18 14:16:42,570 mloop.controllers    INFO     Run:3 (training)
2022-09-18 14:16:42,571 mloop.controllers    INFO     params [19.78675638  5.39907827 15.36649997 12.9215467   2.7058822  11.11626822
  0.24960476  0.46970088  0.29207043  0.40589121  0.45285797  4.25538506
  2.97324952 -6.80034786  5.8489395   3.11270646  2.69085693  3.96731473
  4.77962602  7.07778806  4.85097345 -7.85731998 -7.16924944  0.65206658
  6.90679001  7.96726638]
2022-09-18 14:16:42,689 mloop.controllers    INFO     cost -5.355557416843205 +/- 0.0
2022-09-18 14:16:42,690 mloop.controllers    INFO     Run:4 (training)
2022-09-18 14:16:42,691 mloop.controllers    INFO     params [19.24931049 18.996233    3.55254397 14.42595265 11.81247179  5.83469685
  0.25452932  0.49177451  0.32976253  0.20109675  0.20123292 -4.62046281
 -4.92731609  0.49039814 -0.99984398  2.80627257  6.74852881 -2.97089406
  7.91049515 -0.30720534  1.49179151 -2.94024569 -0.16287771 -5.63946278
  1.73329542 -5.72309697]
2022-09-18 14:16:42,809 mloop.controllers    INFO     cost -7.141679655588463 +/- 0.0
2022-09-18 14:16:42,809 mloop.controllers    INFO     Run:5 (training)
2022-09-18 14:16:42,811 mloop.controllers    INFO     params [ 3.05418752 15.61955013  2.8080279  12.14524882 19.58836813 12.05544373
  0.02652554  0.13032383  0.1724491   0.1358578   0.18436425 -5.29581101
 -6.29134138  1.89614243  2.15074443  1.49214381 -6.55922097  1.63155901
  5.73612393 -1.23394128  1.16065145 -6.9423769   4.60730475 -7.74853751
  1.47478026 -7.34093703]
2022-09-18 14:16:42,931 mloop.controllers    INFO     cost -3.8812033212821135 +/- 0.0
2022-09-18 14:16:42,932 mloop.controllers    INFO     Run:6 (training)
2022-09-18 14:16:42,933 mloop.controllers    INFO     params [10.58821435 15.12078281  5.3525817  18.14998234  6.68713994  8.48183588
  0.4306063   0.07652129  0.10098294  0.31421019  0.05583797 -2.31496744
 -2.68895123  7.17673887  0.23819705  6.40799814 -6.20090574  1.20638972
  6.58459874 -6.48433357  6.84809449  6.64215692  7.67503718  1.16211378
  3.8190989   6.69048463]
2022-09-18 14:16:43,050 mloop.controllers    INFO     cost -6.449357159163623 +/- 0.0
2022-09-18 14:16:43,050 mloop.controllers    INFO     Run:7 (training)
2022-09-18 14:16:43,052 mloop.controllers    INFO     params [ 2.94372048e+00  1.31483129e+01  6.98624010e+00  1.74842502e+01
  1.42073609e+01  9.71861504e+00  3.44115787e-02  3.34275989e-01
  4.13176583e-01  2.14604488e-01  1.13788898e-02 -4.33961344e+00
 -5.14270930e+00 -2.67748839e+00  6.99058513e+00  3.32706604e+00
  4.15314814e+00  6.29662563e+00  2.56179042e+00 -3.65538966e+00
 -1.99922113e+00  6.76912004e+00  5.90186650e+00  5.80764841e-01
 -3.69575557e+00 -7.25030208e+00]
2022-09-18 14:16:43,171 mloop.controllers    INFO     cost -6.311963703324587 +/- 0.0
2022-09-18 14:16:43,172 mloop.controllers    INFO     Run:8 (training)
2022-09-18 14:16:43,173 mloop.controllers    INFO     params [ 5.19601385 19.20407046  3.98174855 10.53726899 16.4457946   4.4338501
  0.33633058  0.45657874  0.4141897   0.11406788  0.12052587 -2.74619964
 -6.17140497  0.99193128 -0.36494684 -3.99892936 -5.45155508  1.14616608
  5.80385157 -3.44753715  2.38462777 -5.07535153 -1.36491838 -5.31331082
  5.91295013  4.79412385]
2022-09-18 14:16:43,291 mloop.controllers    INFO     cost -5.990990132431531 +/- 0.0
2022-09-18 14:16:43,291 mloop.controllers    INFO     Run:9 (training)
2022-09-18 14:16:43,293 mloop.controllers    INFO     params [ 4.79832455e+00  1.81213953e+01  1.65704730e+01  1.15127384e+01
  1.02093113e+01  4.82097828e+00  4.21443141e-01  1.01375015e-02
  9.86689709e-02  3.02802083e-01  4.08094505e-01  6.43321464e+00
 -4.90302403e+00  6.12505968e+00  1.93185594e+00  3.42222738e+00
  5.01770096e+00  7.15349820e+00  3.22326840e+00  3.68052318e+00
  6.85689626e+00 -3.54387740e+00  7.20772041e-01 -9.05931188e-01
  2.47147595e+00  1.68282407e+00]
2022-09-18 14:16:43,411 mloop.controllers    INFO     cost -5.6960251635648875 +/- 0.0
2022-09-18 14:16:43,411 mloop.controllers    INFO     Run:10 (training)
2022-09-18 14:16:43,412 mloop.controllers    INFO     params [ 3.65968409e+00  1.41882089e+01  1.95957411e+01  3.28973601e+00
  1.75509014e+01  1.57240396e+01  2.37865106e-01  1.35952356e-01
  1.21286946e-01  8.76260864e-03  4.97013596e-01  3.98731208e+00
  2.81058953e+00 -1.53102441e-01  3.84532327e+00 -7.70210967e+00
 -7.38539655e+00 -8.70864629e-01 -1.06818662e+00  4.02492998e+00
 -5.07232253e+00  1.02561730e+00 -1.28792194e+00 -7.63514327e+00
 -9.60869714e-01  6.75970718e-02]
2022-09-18 14:16:43,531 mloop.controllers    INFO     cost -6.402345956379376 +/- 0.0
2022-09-18 14:16:43,531 mloop.controllers    INFO     Run:11 (training)
2022-09-18 14:16:43,532 mloop.controllers    INFO     params [ 1.99164042e+01  1.67194922e+01  8.73371208e+00  1.79135948e+01
  1.66542363e+01  1.10558172e+01  4.83999442e-02  3.57100418e-01
  3.57901019e-01  1.82010140e-02  4.83701959e-01 -6.91105614e+00
  2.04797416e+00  3.27049836e+00 -5.34333271e+00 -6.47795148e+00
  1.10843061e+00 -2.30264403e+00 -1.77094139e+00  8.54300113e-01
  4.13925299e+00 -1.17411817e+00 -4.10683301e+00 -6.96409956e+00
  7.57733684e+00  4.22128095e+00]
2022-09-18 14:16:43,650 mloop.controllers    INFO     cost -4.621569749260878 +/- 0.0
2022-09-18 14:16:43,651 mloop.controllers    INFO     Run:12 (training)
2022-09-18 14:16:43,652 mloop.controllers    INFO     params [14.58697388  9.0978603   1.94434445  8.37121471  9.37084395 13.22268919
  0.27648043  0.12169921  0.04774479  0.21427876  0.1625844   5.04859789
  7.45872593 -6.09741257  3.05005967 -3.30449831  7.0765548  -6.10315996
  6.34421242  2.24009406 -7.88632531  1.69793532  0.33825807 -1.94930866
 -2.03752132  1.87590573]
2022-09-18 14:16:43,770 mloop.controllers    INFO     cost -5.1735006835683395 +/- 0.0
2022-09-18 14:16:43,771 mloop.controllers    INFO     Run:13 (training)
2022-09-18 14:16:43,772 mloop.controllers    INFO     params [18.78633349 10.10844525  4.81758163  4.10820098  6.50543227 10.11392273
  0.33752409  0.1928109   0.41368586  0.03267276  0.46836584  6.40919361
 -2.150445   -0.64370781 -3.40590542  3.12244709 -3.61465892  0.67809076
 -3.11049168 -7.11296713 -7.21329924  2.74902589 -1.32996819  3.79865117
 -7.00354854 -3.77269944]
2022-09-18 14:16:43,891 mloop.controllers    INFO     cost -6.556928037702131 +/- 0.0
2022-09-18 14:16:43,891 mloop.controllers    INFO     Run:14 (training)
2022-09-18 14:16:43,893 mloop.controllers    INFO     params [ 4.60468826e+00  1.53802156e+01  1.39431325e+01  3.10349363e+00
  5.63743416e+00  4.05578813e+00  3.03845041e-01  5.64149516e-02
  8.01813089e-02  2.62782008e-01  2.03810588e-01  1.57554299e+00
  4.56488532e-01 -2.62048768e+00  6.63199104e+00 -3.23654909e+00
  1.43410143e+00 -3.70996517e+00  6.29259155e+00 -1.28722410e+00
 -2.55574623e+00 -7.70728196e+00 -4.57180568e+00 -5.41235664e+00
 -6.83256007e-03 -6.44043956e+00]
2022-09-18 14:16:44,011 mloop.controllers    INFO     cost -6.195689704468908 +/- 0.0
2022-09-18 14:16:44,012 mloop.controllers    INFO     Run:15 (training)
2022-09-18 14:16:44,013 mloop.controllers    INFO     params [ 1.97715322e+01  6.94274294e+00  7.64515316e+00  5.17794474e+00
  7.27908599e+00  1.34214419e+01  2.56878196e-01  2.94029753e-01
  4.65717701e-01  3.97929188e-01  4.93623940e-03  2.50223884e+00
  5.84073907e+00  1.51378024e+00  7.72093432e+00  3.99435824e-01
 -1.70398162e-01  6.87357453e+00 -3.04298374e+00  4.29831025e+00
 -2.72400844e+00  5.23930810e+00 -8.63833243e-01 -7.57080964e+00
  7.87552389e+00 -7.54733150e+00]
2022-09-18 14:16:44,133 mloop.controllers    INFO     cost -6.241549678001285 +/- 0.0
2022-09-18 14:16:44,134 mloop.controllers    INFO     Run:16 (training)
2022-09-18 14:16:44,135 mloop.controllers    INFO     params [ 1.87041863e+01  1.21153905e+01  7.10647938e+00  5.58904178e+00
  1.94343928e+01  5.62661023e+00  1.11500707e-01  4.21816091e-03
  1.44251979e-01  4.14065398e-01  4.88492011e-01  3.79897009e+00
  5.96451753e+00  1.97411029e+00  1.54275265e+00  2.70917945e+00
  4.40072819e+00  7.26681551e-01  4.79022795e+00 -4.13506707e+00
  7.62534230e+00  4.52418518e+00 -6.60522605e+00 -8.73441649e-02
  3.62322586e+00 -7.98933620e+00]
2022-09-18 14:16:44,262 mloop.controllers    INFO     cost -5.80648139223736 +/- 0.0
2022-09-18 14:16:44,263 mloop.controllers    INFO     Run:17 (training)
2022-09-18 14:16:44,267 mloop.controllers    INFO     params [ 8.58257029 14.44440698 13.42909175  6.39772697 18.50192899 12.45774274
  0.27200586  0.21978846  0.29246432  0.41987223  0.4654284  -2.50061144
 -6.34834044 -6.16552049  1.18190752 -7.25372335  3.56863854 -5.7559737
 -3.63662597  6.49882455  7.71017676 -6.20552125  6.54505241 -3.96701588
 -5.5229246   2.33541299]
2022-09-18 14:16:44,387 mloop.controllers    INFO     cost -5.146757548547629 +/- 0.0
2022-09-18 14:16:44,387 mloop.controllers    INFO     Run:18 (training)
2022-09-18 14:16:44,389 mloop.controllers    INFO     params [17.97416274  9.8620576  19.35160904 18.97681043  3.61265444  4.63540769
  0.06043924  0.04718375  0.46043358  0.35783655  0.20300275 -1.31442228
 -7.58466137  3.19489944 -7.48608188 -5.52353301 -4.02436786 -2.20489236
 -4.22198006 -5.2568492   0.38434262  2.99200412 -6.23783648  6.67319888
  6.28782025 -5.23462794]
2022-09-18 14:16:44,509 mloop.controllers    INFO     cost -5.249423096780781 +/- 0.0
2022-09-18 14:16:44,510 mloop.controllers    INFO     Run:19 (training)
2022-09-18 14:16:44,511 mloop.controllers    INFO     params [10.58619527  3.70959899 13.85718621  7.05965277  6.05304025  9.41522871
  0.1402215   0.30036899  0.1683236   0.29473434  0.38849842 -3.16867536
  5.31205625  2.58215917  0.37981608  0.25250673 -6.76011247 -3.91283991
 -5.54089588 -4.9494735  -6.06342249 -6.19395542 -7.54168368 -7.94776005
 -0.05316388  4.4802303 ]
2022-09-18 14:16:44,627 mloop.controllers    INFO     cost -9.003534316006427 +/- 0.0
2022-09-18 14:16:44,628 mloop.controllers    INFO     Run:20 (training)
2022-09-18 14:16:44,629 mloop.controllers    INFO     params [ 2.00056557  9.60449992 10.34823551  7.77828025  3.10727443 12.04395982
  0.45898478  0.0477359   0.49576939  0.18103773  0.09895028 -5.29286008
  6.99891959  5.59038323  3.03951815  1.6447376   6.38280307 -1.63319701
  3.18036663 -3.03068233  2.44642079  2.0012382   4.44726062 -7.37914792
  2.28699785  3.73953025]
2022-09-18 14:16:44,750 mloop.controllers    INFO     cost -4.80106318464567 +/- 0.0
2022-09-18 14:16:44,750 mloop.controllers    INFO     Run:21 (training)
2022-09-18 14:16:44,752 mloop.controllers    INFO     params [13.43459631 14.57828376  5.84813504 16.43878833 16.27766354  4.91383499
  0.34686926  0.02767487  0.46769468  0.28612352  0.11691279  1.87300098
 -5.42460497  5.54051661 -2.90896511  3.59840515 -3.06459942  7.05698491
 -2.92011158 -5.79851688 -7.20492776  7.4822002   4.770459    7.34091769
  0.28986446  6.42273097]
2022-09-18 14:16:44,753 mloop.controllers    DEBUG    Starting ML optimization.
2022-09-18 14:16:44,869 mloop.controllers    INFO     cost -5.297284535586011 +/- 0.0
2022-09-18 14:16:44,876 mloop.controllers    DEBUG    End training runs.
2022-09-18 14:16:44,877 mloop.controllers    INFO     Run:22 (machine learner)
2022-09-18 14:16:50,273 mloop.controllers    INFO     params [20.          1.785       6.91410644  1.785       1.785      16.
  0.          0.          0.          0.5         0.         -8.
  8.          5.18489191 -8.          7.93833342 -8.         -6.20881397
 -8.         -8.         -8.         -8.          8.         -8.
 -8.          0.24480895]
2022-09-18 14:16:50,393 mloop.controllers    INFO     cost -5.34398823075085 +/- 0.0
2022-09-18 14:16:50,393 mloop.controllers    INFO     Controller finished. Closing down M-LOOP. Please wait a moment...
2022-09-18 14:16:50,394 mloop.controllers    DEBUG    ML learner end set.
2022-09-18 14:16:56,994 mloop.controllers    DEBUG    ML learner joined
2022-09-18 14:16:56,995 mloop.controllers    DEBUG    Learner end event set.
2022-09-18 14:16:56,995 mloop.controllers    DEBUG    Interface end event set.
2022-09-18 14:16:57,452 mloop.interfaces     DEBUG    Interface ended
2022-09-18 14:16:57,828 mloop.learners.1     DEBUG    Learner end signal received. Ending
2022-09-18 14:16:58,834 mloop.controllers    DEBUG    Learner joined.
2022-09-18 14:16:58,834 mloop.controllers    DEBUG    Interface joined.
2022-09-18 14:16:58,843 mloop.controllers    INFO     Optimization ended because:
2022-09-18 14:16:58,843 mloop.controllers    INFO     	* Maximum number of runs reached.
2022-09-18 14:16:58,843 mloop.controllers    INFO     Results:
2022-09-18 14:16:58,844 mloop.controllers    INFO     	* Best parameters found:[10.58619527  3.70959899 13.85718621  7.05965277  6.05304025  9.41522871
  0.1402215   0.30036899  0.1683236   0.29473434  0.38849842 -3.16867536
  5.31205625  2.58215917  0.37981608  0.25250673 -6.76011247 -3.91283991
 -5.54089588 -4.9494735  -6.06342249 -6.19395542 -7.54168368 -7.94776005
 -0.05316388  4.4802303 ]
2022-09-18 14:16:58,845 mloop.controllers    INFO     	* Best cost returned:-9.003534316006427 +/- 0.0
2022-09-18 14:16:58,846 mloop.controllers    INFO     	* Best run number:19
2022-09-18 14:16:58,847 mloop.controllers    INFO     	* Predicted best parameters:[ 4.59540074e+00  1.78500000e+00  2.00000000e+01  1.78500000e+00
  1.54867948e+01  4.00000000e+00  8.12507664e-02  0.00000000e+00
  1.79120320e-02  8.58902247e-02  5.00000000e-01  7.30409582e+00
  8.00000000e+00  8.00000000e+00 -7.53272406e-01 -2.11630649e+00
 -3.96449217e+00 -8.00000000e+00 -8.00000000e+00 -2.21635541e+00
 -8.00000000e+00 -8.00000000e+00 -8.00000000e+00 -8.00000000e+00
  8.00000000e+00  8.00000000e+00]
2022-09-18 14:16:58,848 mloop.controllers    INFO     	* Predicted best cost:-10.820100463234045
2022-09-18 14:16:58,848 mloop.controllers    INFO     M-LOOP Done.
2022-09-18 14:16:58,853 mloop.visualizations DEBUG    Creating controller visualizations.
2022-09-18 14:16:59,146 mloop.visualizations DEBUG    Creating learner visualizations.
2022-09-18 14:16:59,156 mloop.visualizations DEBUG    Creating neural net visualizer.
2022-09-18 14:16:59,168 mloop.learners.3     DEBUG    Learner init completed.
2022-09-18 14:16:59,169 mloop.neuralnet      INFO     Initialising neural network impl
2022-09-18 14:16:59,170 mloop.neuralnet      INFO     Initialising neural network impl
2022-09-18 14:16:59,171 mloop.neuralnet      INFO     Initialising neural network impl
2022-09-18 14:16:59,173 mloop.neuralnet      INFO     Constructing net
2022-09-18 14:17:00,602 mloop.neuralnet      DEBUG    Finished constructing net in: 1.429731845855713
2022-09-18 14:17:00,602 mloop.neuralnet      INFO     Loading neural network
2022-09-18 14:17:00,773 mloop.neuralnet      INFO     Constructing net
2022-09-18 14:17:02,062 mloop.neuralnet      DEBUG    Finished constructing net in: 1.289001226425171
2022-09-18 14:17:02,062 mloop.neuralnet      INFO     Loading neural network
2022-09-18 14:17:02,129 mloop.neuralnet      INFO     Constructing net
2022-09-18 14:17:03,467 mloop.neuralnet      DEBUG    Finished constructing net in: 1.338003158569336
2022-09-18 14:17:03,467 mloop.neuralnet      INFO     Loading neural network
