2022-09-18 14:05:07,237 mloop                INFO     M-LOOP version 3.3.1
2022-09-18 14:05:07,238 mloop                DEBUG    M-LOOP Logger configured.
2022-09-18 14:05:07,238 mloop.interfaces     DEBUG    Creating interface.
2022-09-18 14:05:07,239 mloop.controllers    DEBUG    Controller init completed.
2022-09-18 14:05:07,239 mloop.learners.1     DEBUG    Learner init completed.
2022-09-18 14:05:07,240 mloop.learners.2     DEBUG    Learner init completed.
2022-09-18 14:05:07,240 mloop.controllers    INFO     Optimization started.
2022-09-18 14:05:07,242 mloop.interfaces     DEBUG    Entering main loop of interface.
2022-09-18 14:05:07,242 mloop.controllers    DEBUG    ML learner started.
2022-09-18 14:05:07,333 mloop.controllers    DEBUG    Starting training optimization.
2022-09-18 14:05:07,333 mloop.controllers    INFO     Run:1 (training)
2022-09-18 14:05:07,334 mloop.controllers    INFO     params [ 4.64208059 17.87458588 12.93281812 12.72847579  9.04891035  4.46218142
  0.32204176  0.43177507  0.3335174   0.25166733  0.38682508  7.67575414
 -3.51481397  5.37169157 -3.46799847 -4.81606364  6.79172976 -3.70882791
 -5.30124936 -4.85913793  2.79329148 -2.92031422 -6.60427757  4.79727552
  2.96884724 -7.5533069 ]
2022-09-18 14:05:07,437 mloop.controllers    INFO     cost -4.584695846476446 +/- 0.0
2022-09-18 14:05:07,438 mloop.controllers    INFO     Run:2 (training)
2022-09-18 14:05:07,440 mloop.controllers    INFO     params [ 1.29618639e+01  1.43025036e+01  1.57362121e+01  1.94966447e+01
  2.50007596e+00  1.27319860e+01  6.65240227e-03  9.48060970e-02
  1.32169250e-01  3.65784764e-01  6.22636044e-02  4.31136186e+00
  1.76695159e+00 -3.91455588e+00 -6.22801525e+00 -2.80275459e+00
  6.34254064e+00  6.94586095e+00 -7.36743928e+00 -8.29479368e-01
  1.10381518e+00  4.98763117e+00 -5.60009395e+00 -7.92235356e+00
  3.58163999e+00  1.46096593e+00]
2022-09-18 14:05:07,556 mloop.controllers    INFO     cost -4.668204499959476 +/- 0.0
2022-09-18 14:05:07,556 mloop.controllers    INFO     Run:3 (training)
2022-09-18 14:05:07,558 mloop.controllers    INFO     params [ 3.28534861 13.10816558 19.45103031  2.48514622 15.234125    5.36811918
  0.45025993  0.04063769  0.02249471  0.18161383  0.38615406  0.96257161
 -4.82017106 -6.36001324  2.24931989  4.31906508 -6.16452428  3.02672243
 -5.05897899  5.92537423 -7.67464503 -1.87407941  6.26069799 -5.35434348
 -4.2798252  -1.67015014]
2022-09-18 14:05:07,661 mloop.controllers    INFO     cost -5.044884512300879 +/- 0.0
2022-09-18 14:05:07,662 mloop.controllers    INFO     Run:4 (training)
2022-09-18 14:05:07,664 mloop.controllers    INFO     params [ 1.94494357  3.746478   15.06548342 16.15137422 19.63052338  8.87228433
  0.44662704  0.12047788  0.19288015  0.13759754  0.27229169  0.19297623
 -0.98105331  5.77608821 -6.98270822  4.83408272 -3.32556179 -3.54358055
 -0.62918503 -3.94556009  6.46385238 -7.62219677 -6.77007796  1.33503223
 -7.79162837  4.15423562]
2022-09-18 14:05:07,766 mloop.controllers    INFO     cost -5.865620752740605 +/- 0.0
2022-09-18 14:05:07,766 mloop.controllers    INFO     Run:5 (training)
2022-09-18 14:05:07,768 mloop.controllers    INFO     params [ 1.25262253e+01  1.57619341e+01  2.47130181e+00  6.99480669e+00
  7.37015933e+00  5.04902601e+00  2.36453826e-01  9.66168045e-03
  4.44326007e-01  1.45553281e-01  2.39136882e-01 -4.18664178e+00
 -1.48186309e+00  5.84856682e+00  7.27856125e-01 -7.04257838e+00
  4.36393709e+00 -4.14037404e+00  2.44231386e+00  1.48503909e+00
  3.29271888e+00 -6.75141567e+00 -3.71833757e+00 -6.17547018e-01
 -6.89770445e+00 -2.86820663e+00]
2022-09-18 14:05:07,871 mloop.controllers    INFO     cost -5.176981122466863 +/- 0.0
2022-09-18 14:05:07,872 mloop.controllers    INFO     Run:6 (training)
2022-09-18 14:05:07,873 mloop.controllers    INFO     params [ 7.24361916  6.38254484  1.93318876  3.24305838  6.31382181 13.59357147
  0.23523776  0.41474621  0.43773184  0.26299636  0.41432453  4.59034787
  4.66434885 -7.04479312  1.34598925 -5.88680062 -4.59869626 -3.61292595
  5.75328978 -3.82486038  5.23242839  1.07431904  0.4500883   2.15816832
 -3.30073735  2.47191505]
2022-09-18 14:05:07,976 mloop.controllers    INFO     cost -5.299559330808006 +/- 0.0
2022-09-18 14:05:07,977 mloop.controllers    INFO     Run:7 (training)
2022-09-18 14:05:07,979 mloop.controllers    INFO     params [17.25497195 16.8983677   7.29156869 16.98161137 15.07095338  9.26514212
  0.16232119  0.4436605   0.0942863   0.20612427  0.46877819 -5.36760466
 -7.96371997 -1.66820993  0.58561659 -5.42028436 -3.42318012  3.83837176
 -4.25832996 -1.0455916   6.93894382 -1.06933454 -1.8463787  -5.10912284
  4.25030518 -6.89125288]
2022-09-18 14:05:08,081 mloop.controllers    INFO     cost -5.180887830320456 +/- 0.0
2022-09-18 14:05:08,082 mloop.controllers    INFO     Run:8 (training)
2022-09-18 14:05:08,085 mloop.controllers    INFO     params [ 4.80929877 18.19178132 16.9674127  10.51025939  9.86064643  6.48087248
  0.41891656  0.07363252  0.32374697  0.11423771  0.06589871 -6.55833104
 -5.50452003 -4.37307548  3.79601368  3.90183385  2.35862347 -2.54089805
  7.38768032 -3.86138888 -4.05879695  7.36093722 -0.67863416 -1.39224961
  6.84607601 -5.97468352]
2022-09-18 14:05:08,186 mloop.controllers    INFO     cost -5.782397863812542 +/- 0.0
2022-09-18 14:05:08,187 mloop.controllers    INFO     Run:9 (training)
2022-09-18 14:05:08,189 mloop.controllers    INFO     params [11.5739453  15.65716828 19.4094226   4.29903639 17.79525214 10.71281126
  0.03412926  0.02174688  0.26508568  0.46960304  0.28802974 -6.3111638
  6.31887813  5.58833138  2.12993563 -3.54814139  6.05758888  3.76872071
  2.89397129  1.70129533 -1.72212311  2.45349423 -4.4590192   1.07610673
 -0.28812491  2.63276946]
2022-09-18 14:05:08,291 mloop.controllers    INFO     cost -6.452878407815836 +/- 0.0
2022-09-18 14:05:08,292 mloop.controllers    INFO     Run:10 (training)
2022-09-18 14:05:08,293 mloop.controllers    INFO     params [ 8.42768141e+00  7.12911463e+00  1.92673353e+01  1.88153964e+01
  1.92018956e+01  1.24388234e+01  1.39732671e-01  9.63887888e-03
  4.97366706e-01  4.82544178e-01  3.77456998e-01 -5.88580827e+00
 -8.61997907e-01  2.64576415e+00 -1.03852629e+00 -5.67962626e+00
 -2.54156433e+00 -1.94607160e-01  7.40244301e+00 -5.65276140e+00
  3.09814197e+00  6.54593465e+00 -1.51143868e+00 -1.24540891e+00
 -2.18751615e+00  4.11161942e+00]
2022-09-18 14:05:08,397 mloop.controllers    INFO     cost -5.800920629580322 +/- 0.0
2022-09-18 14:05:08,398 mloop.controllers    INFO     Run:11 (training)
2022-09-18 14:05:08,399 mloop.controllers    INFO     params [ 2.30814495 12.69209196 10.46772271  6.94017202  9.21031449  8.36782181
  0.33225933  0.08143663  0.48429108  0.48674469  0.3682832   5.81115131
 -2.90998353 -5.66033827 -2.68477206 -2.75220032  3.26435687  0.88830921
 -4.61122166  5.76983338  5.87186637  4.63432187  6.62387617 -3.38920627
 -3.58515313  0.82087462]
2022-09-18 14:05:08,502 mloop.controllers    INFO     cost -5.382423105930503 +/- 0.0
2022-09-18 14:05:08,503 mloop.controllers    INFO     Run:12 (training)
2022-09-18 14:05:08,505 mloop.controllers    INFO     params [ 2.60797858  4.15520236  6.42628462  3.79037689 13.97406054 15.72407632
  0.26258341  0.18624505  0.23325642  0.49182063  0.03066779  4.53559469
 -3.62345679  7.13884999  1.86238885  0.42117798  3.79228908 -4.46401469
  5.09793648  5.48358827 -2.12985337  7.79112824  3.97765977  6.69935658
 -7.39167794  6.11791897]
2022-09-18 14:05:08,607 mloop.controllers    INFO     cost -5.493883987254477 +/- 0.0
2022-09-18 14:05:08,608 mloop.controllers    INFO     Run:13 (training)
2022-09-18 14:05:08,609 mloop.controllers    INFO     params [17.95076363  3.9030713  12.9111654  11.22282508  8.53943569 10.80129808
  0.3749846   0.26108434  0.41108197  0.04219268  0.15367909 -5.83055508
 -1.33378315 -7.42018732 -3.18406241  2.68261289  2.36403805 -5.70948305
  3.11166716  7.9164844   5.04145396 -3.87269294 -0.30092537  1.4372197
 -3.20166114 -5.63991816]
2022-09-18 14:05:08,712 mloop.controllers    INFO     cost -6.32521826482889 +/- 0.0
2022-09-18 14:05:08,713 mloop.controllers    INFO     Run:14 (training)
2022-09-18 14:05:08,714 mloop.controllers    INFO     params [ 6.50210801e+00  8.39030716e+00  1.00517401e+01  1.93471951e+01
  8.78186546e+00  5.88692274e+00  1.06656414e-01  4.62696321e-01
  4.35241326e-01  1.24545302e-03  1.67896988e-01 -1.02895569e-01
 -6.45336275e+00  1.06951929e+00  6.93907250e-01  1.91954007e-02
  2.04319163e+00  1.02121919e+00  3.36214991e+00 -2.60778569e+00
  6.75670894e+00  7.66762433e+00  9.79976483e-01  7.83371427e+00
 -7.98672996e+00 -7.61087860e+00]
2022-09-18 14:05:08,817 mloop.controllers    INFO     cost -7.54908454249293 +/- 0.0
2022-09-18 14:05:08,818 mloop.controllers    INFO     Run:15 (training)
2022-09-18 14:05:08,820 mloop.controllers    INFO     params [18.55883913 13.22527589 13.18246116 18.06821656 11.53783278 10.81427676
  0.33185621  0.16791329  0.20356888  0.40642797  0.49374646 -3.74886241
 -0.95894593 -6.60579928 -4.21270374 -7.25211784  0.32636533  6.67192362
  0.34560686  5.17838778 -0.52589579 -2.84997785 -3.89634308  4.1437344
  6.09991136  3.76464027]
2022-09-18 14:05:08,922 mloop.controllers    INFO     cost -7.987336955257552 +/- 0.0
2022-09-18 14:05:08,923 mloop.controllers    INFO     Run:16 (training)
2022-09-18 14:05:08,925 mloop.controllers    INFO     params [ 2.77356167 14.64500374 14.96624519 11.06200315 18.62656877  8.7959729
  0.13357842  0.43923201  0.08820768  0.36037115  0.15246639 -6.82500675
  3.31089071  2.21296553 -1.76776793 -7.5880089  -1.18754325  5.31954624
  6.15662522 -4.19281329  6.59531802  5.72161536 -3.68510518 -1.36132003
  5.98841523 -5.65231408]
2022-09-18 14:05:09,027 mloop.controllers    INFO     cost -4.988635639293843 +/- 0.0
2022-09-18 14:05:09,028 mloop.controllers    INFO     Run:17 (training)
2022-09-18 14:05:09,030 mloop.controllers    INFO     params [ 1.39078320e+01  1.29794598e+01  8.05728026e+00  7.51990175e+00
  1.39975987e+01  7.50982317e+00  3.11593343e-01  1.52124951e-01
  1.04392721e-02  2.07233122e-01  2.65614224e-01 -3.99841232e+00
 -7.46333803e-01 -2.66711504e+00 -3.69281035e+00  6.01682782e+00
 -7.52301514e+00  1.50449277e+00  9.04407589e-01 -5.65328336e+00
 -1.52618136e-01 -5.29908121e+00 -4.77693762e-02  9.57108873e-01
 -2.47353209e+00 -2.22097075e+00]
2022-09-18 14:05:09,132 mloop.controllers    INFO     cost -7.29694547547709 +/- 0.0
2022-09-18 14:05:09,133 mloop.controllers    INFO     Run:18 (training)
2022-09-18 14:05:09,134 mloop.controllers    INFO     params [18.27762537  8.1693426  15.70530753 10.26757644  3.64098345  5.07707459
  0.49806093  0.22578339  0.37965653  0.39016654  0.3334813   0.16547744
 -7.43594847 -1.97346229 -3.09300513  7.44899067 -0.55350712 -1.15723814
  5.94288859 -0.56716687  2.51107464  6.13157463 -3.45072321 -5.65173456
  1.9324555  -7.32293692]
2022-09-18 14:05:09,237 mloop.controllers    INFO     cost -7.109516596646087 +/- 0.0
2022-09-18 14:05:09,237 mloop.controllers    INFO     Run:19 (training)
2022-09-18 14:05:09,239 mloop.controllers    INFO     params [ 1.92263539e+01  9.70164446e+00  1.13207508e+01  1.86646507e+01
  1.62041894e+01  1.00972326e+01  2.23966941e-03  4.71196845e-03
  1.41043883e-01  2.27609484e-01  3.85657534e-01  7.57941368e+00
  4.42119928e+00  2.45938772e+00 -6.72330835e-02 -4.99567306e+00
 -1.98024486e+00  1.79592718e+00  7.97959504e+00  4.78699498e+00
 -6.88606602e+00 -1.81935581e+00 -5.41160326e+00  6.98919472e+00
 -6.17394704e+00  1.30405540e+00]
2022-09-18 14:05:09,342 mloop.controllers    INFO     cost -7.038664898193146 +/- 0.0
2022-09-18 14:05:09,343 mloop.controllers    INFO     Run:20 (training)
2022-09-18 14:05:09,345 mloop.controllers    INFO     params [19.87871857 10.64011518 10.15696065  2.94795608  6.63209591 12.59892456
  0.11401866  0.17569159  0.26058558  0.37073046  0.34527417  1.82414389
  1.65825702 -1.15166602 -5.97885873  4.60506351  1.22983025 -1.72098645
 -1.33177684 -7.37043874  5.60911624 -7.50522438 -3.70648444 -7.15210214
 -0.70792099  1.93209246]
2022-09-18 14:05:09,447 mloop.controllers    INFO     cost -5.558702734305856 +/- 0.0
2022-09-18 14:05:09,448 mloop.controllers    INFO     Run:21 (training)
2022-09-18 14:05:09,451 mloop.controllers    INFO     params [ 7.96907291 14.35719761  3.60030536 16.2555961   9.00184636  7.78732997
  0.22944347  0.23250125  0.32991337  0.0683781   0.30350607 -2.04241577
  6.32826215  6.22919954  6.50045916  7.09883279  5.21080308 -3.80634612
  4.68028812  7.26886436  4.12910399 -0.61639434 -0.82458073 -5.46306402
  4.36822598 -1.84336237]
2022-09-18 14:05:09,452 mloop.controllers    DEBUG    Starting ML optimization.
2022-09-18 14:05:09,552 mloop.controllers    INFO     cost -5.52285231010896 +/- 0.0
2022-09-18 14:05:09,559 mloop.controllers    DEBUG    End training runs.
2022-09-18 14:05:09,559 mloop.controllers    INFO     Run:22 (machine learner)
2022-09-18 14:05:16,436 mloop.controllers    INFO     params [20.          1.785      20.         20.          8.73008202  4.
  0.46980822  0.          0.          0.30844942  0.5         8.
 -8.         -8.          8.         -8.          6.0131126   8.
 -8.         -8.         -8.          8.          6.14552663  8.
  2.35871333 -8.        ]
2022-09-18 14:05:16,545 mloop.controllers    INFO     cost -4.79022474538843 +/- 0.0
2022-09-18 14:05:16,546 mloop.controllers    INFO     Run:23 (machine learner)
2022-09-18 14:05:19,264 mloop.controllers    INFO     params [ 2.00000000e+01  1.78500000e+00  1.36874912e+01  2.00000000e+01
  1.78500000e+00  1.60000000e+01  5.00000000e-01  0.00000000e+00
  0.00000000e+00  7.86040821e-03  4.50680157e-02 -2.63123605e+00
  1.88694015e+00 -8.00000000e+00 -8.00000000e+00 -8.00000000e+00
 -8.00000000e+00  8.00000000e+00  8.00000000e+00 -8.00000000e+00
  8.00000000e+00  8.00000000e+00  8.00000000e+00 -8.00000000e+00
  8.00000000e+00  5.80259712e+00]
2022-09-18 14:05:19,366 mloop.controllers    INFO     cost -4.581942662924104 +/- 0.0
2022-09-18 14:05:19,367 mloop.controllers    INFO     Run:24 (machine learner)
2022-09-18 14:05:21,720 mloop.controllers    INFO     params [20.         19.75731623  1.785       1.785      20.         16.
  0.5         0.14682953  0.25033879  0.05630091  0.          8.
  8.         -2.36258333 -8.         -8.         -2.70599222  8.
 -8.         -8.         -8.         -4.82623156  8.          5.88324183
 -8.          8.        ]
2022-09-18 14:05:21,827 mloop.controllers    INFO     cost -4.922160100859312 +/- 0.0
2022-09-18 14:05:21,828 mloop.controllers    INFO     Run:25 (trainer)
2022-09-18 14:05:21,829 mloop.controllers    INFO     params [19.05716977  8.70713376  3.01073634 15.18820343  3.94208598  9.30772352
  0.25662157  0.41477786  0.21722658  0.21110223  0.36323082 -6.41073833
  0.37398678  2.06151923 -6.66888316 -7.84072321  1.95533144 -3.06934436
 -5.3845912   2.24496078  7.42668398  0.14359923  1.05969008  3.27342541
 -0.24536124 -4.13883966]
2022-09-18 14:05:21,931 mloop.controllers    INFO     cost -8.074269679417162 +/- 0.0
2022-09-18 14:05:21,932 mloop.controllers    INFO     Run:26 (machine learner)
2022-09-18 14:05:23,473 mloop.controllers    INFO     params [20.         17.41632632 20.         20.         12.71199603 16.
  0.41336574  0.05273104  0.02919546  0.5         0.5        -8.
 -2.554346   -8.         -7.6599458  -8.         -8.          8.
 -8.          8.         -8.         -8.         -5.54699296  8.
  8.          0.31346099]
2022-09-18 14:05:23,582 mloop.controllers    INFO     cost -5.411817852749085 +/- 0.0
2022-09-18 14:05:23,583 mloop.controllers    INFO     Run:27 (machine learner)
2022-09-18 14:05:25,364 mloop.controllers    INFO     params [20.         10.89667874 20.         20.          6.22482341 12.10840216
  0.5         0.17639966  0.          0.5         0.5        -8.
 -1.40273794  5.59730209  2.0304027   1.08968683 -3.86588874  7.2487642
 -1.27047172  8.         -8.          8.         -8.         -8.
  8.          8.        ]
2022-09-18 14:05:25,473 mloop.controllers    INFO     cost -5.0772885187877135 +/- 0.0
2022-09-18 14:05:25,474 mloop.controllers    INFO     Run:28 (machine learner)
2022-09-18 14:05:27,009 mloop.controllers    INFO     params [19.86703869  1.785       1.785      20.         20.          9.18451182
  0.5         0.5         0.          0.41714527  0.39335925  8.
  5.23693204 -8.          0.98233417  8.         -2.89728181  8.
  8.          1.60190495 -8.         -8.         -1.34752997 -8.
  8.          8.        ]
2022-09-18 14:05:27,123 mloop.controllers    INFO     cost -4.405863022872728 +/- 0.0
2022-09-18 14:05:27,124 mloop.controllers    INFO     Run:29 (trainer)
2022-09-18 14:05:27,125 mloop.controllers    INFO     params [ 3.82919933  8.56474359 10.51025596  9.27318848  6.03905763  4.37868934
  0.11541891  0.10418497  0.21053475  0.17635409  0.30444751  0.7606833
 -5.81831225  1.07904669  4.39061608  1.62540072 -7.92786558  3.03666866
 -7.45143673 -7.42294914 -2.65045479 -2.08737415 -4.25357163 -6.89036961
 -0.95595259 -6.54042124]
2022-09-18 14:05:27,228 mloop.controllers    INFO     cost -5.875707145419668 +/- 0.0
2022-09-18 14:05:27,229 mloop.controllers    INFO     Run:30 (machine learner)
2022-09-18 14:05:28,767 mloop.controllers    INFO     params [ 2.00000000e+01  3.53388807e+00  1.78500000e+00  2.00000000e+01
  3.71039493e+00  6.61056136e+00  1.43929112e-02  4.40472294e-01
  4.30558520e-01  0.00000000e+00  4.95088910e-01  8.00000000e+00
 -8.00000000e+00  8.00000000e+00 -4.71408899e-01 -8.00000000e+00
 -8.00000000e+00  2.80993117e+00  2.92375264e+00  4.12449040e+00
  8.00000000e+00 -8.00000000e+00  8.00000000e+00  8.00000000e+00
 -8.00000000e+00 -8.00000000e+00]
2022-09-18 14:05:28,879 mloop.controllers    INFO     cost -5.209516349129101 +/- 0.0
2022-09-18 14:05:28,880 mloop.controllers    INFO     Run:31 (machine learner)
2022-09-18 14:05:30,569 mloop.controllers    INFO     params [20.          1.785       1.785      20.          1.785       5.05947273
  0.          0.5         0.0328424   0.32656816  0.5        -8.
  6.8076715  -5.14805175 -8.         -8.         -2.14885851 -6.42340779
 -8.          8.          6.57616352  2.14340752  8.          3.67791433
 -4.86306665 -2.37667286]
2022-09-18 14:05:30,679 mloop.controllers    INFO     cost -4.87296269170272 +/- 0.0
2022-09-18 14:05:30,680 mloop.controllers    INFO     Run:32 (machine learner)
2022-09-18 14:05:32,405 mloop.controllers    INFO     params [19.37392786  4.78519551  1.785      16.82668001  1.785       6.0508815
  0.          0.42063217  0.5         0.          0.         -8.
 -7.95178975  3.88787751 -5.46677642 -8.          8.          8.
 -8.          8.          8.          1.97054289  8.          8.
 -8.          8.        ]
2022-09-18 14:05:32,509 mloop.controllers    INFO     cost -4.454635463317545 +/- 0.0
2022-09-18 14:05:32,510 mloop.controllers    INFO     Run:33 (trainer)
2022-09-18 14:05:32,511 mloop.controllers    INFO     params [ 3.77635363 18.18975993 18.2825167  18.61227615 17.37375001  4.57781517
  0.0463747   0.03877183  0.25925214  0.47908546  0.18511995  1.64646966
  6.7951887   0.64711725  4.20908864  0.12426448  5.22804808 -0.79721107
  5.3726522   0.20094731  4.95359882  5.46694021 -5.96436208  7.9489113
  6.1271367   7.04894739]
2022-09-18 14:05:32,614 mloop.controllers    INFO     cost -6.9852699665746405 +/- 0.0
2022-09-18 14:05:32,615 mloop.controllers    INFO     Run:34 (machine learner)
2022-09-18 14:05:34,544 mloop.controllers    INFO     params [20.          8.7421895   8.25419773 20.          9.43518996  4.
  0.23775604  0.5         0.31552978  0.29257523  0.5        -8.
 -8.         -8.         -7.4805205  -8.          1.45310763  3.30470847
 -2.1791391   8.          8.         -0.7816792   1.9131753   8.
  5.22311791 -8.        ]
2022-09-18 14:05:34,654 mloop.controllers    INFO     cost -4.641318131085477 +/- 0.0
2022-09-18 14:05:34,655 mloop.controllers    INFO     Run:35 (machine learner)
2022-09-18 14:05:36,731 mloop.controllers    INFO     params [12.62104578 20.          1.785      10.3352654  10.44346872 10.12856695
  0.5         0.5         0.02092634  0.          0.5        -4.25451406
  5.02717886 -4.1064651  -8.          8.          5.80465727  1.36388589
  8.          5.70416225  2.6363608  -1.48164198  5.16730411  7.38843153
 -8.         -8.        ]
2022-09-18 14:05:36,843 mloop.controllers    INFO     cost -6.199184715183282 +/- 0.0
2022-09-18 14:05:36,844 mloop.controllers    INFO     Run:36 (machine learner)
2022-09-18 14:05:38,628 mloop.controllers    INFO     params [20.          1.785       1.785      20.          9.31290268  6.62542954
  0.5         0.35249995  0.5         0.07526174  0.5        -8.
 -8.          8.         -8.         -8.          5.86762357 -6.1215547
 -8.          8.          8.          8.         -3.656666    6.45734793
 -0.72264348 -8.        ]
2022-09-18 14:05:38,734 mloop.controllers    INFO     cost -4.612267475775713 +/- 0.0
2022-09-18 14:05:38,735 mloop.controllers    INFO     Run:37 (trainer)
2022-09-18 14:05:38,737 mloop.controllers    INFO     params [19.95367776 12.01953556 12.5776153  15.67569309 10.43061878 12.72373538
  0.08053444  0.22230547  0.45649985  0.20185756  0.40079136 -4.68918667
  2.02019712  4.91464056 -1.10344078  7.93664998 -1.24229604  5.34319614
 -0.36348838  5.32312137 -1.59667853  3.98069113  5.14366425  0.48552997
  7.27004868 -4.41584883]
2022-09-18 14:05:38,839 mloop.controllers    INFO     cost -6.352986967558296 +/- 0.0
2022-09-18 14:05:38,840 mloop.controllers    INFO     Run:38 (machine learner)
2022-09-18 14:05:41,437 mloop.controllers    INFO     params [20.          1.8061117   2.4405436   8.83087935 14.56366246 12.26089918
  0.5         0.5         0.02086617  0.25404335  0.44199823 -4.79171669
 -3.52811845 -2.9114095  -1.08805726 -8.          2.70904932 -0.15804035
 -1.48011643  2.32922419  8.         -3.09712113  2.40892888  7.1773812
 -0.4102224   2.54048414]
2022-09-18 14:05:41,541 mloop.controllers    INFO     cost -6.529305697175678 +/- 0.0
2022-09-18 14:05:41,541 mloop.controllers    INFO     Run:39 (machine learner)
2022-09-18 14:05:43,185 mloop.controllers    INFO     params [20.         13.44312436 15.0167099  19.99797586  8.89882834  7.60432258
  0.2949181   0.26473437  0.0818296   0.5         0.4682089  -4.52251148
 -0.92052337 -3.12868711 -4.61348101 -1.99656436 -0.36306603  8.
 -0.24644021  3.70114697 -2.80694368 -8.         -8.          6.67145901
  8.          3.12693694]
2022-09-18 14:05:43,295 mloop.controllers    INFO     cost -6.901649096915997 +/- 0.0
2022-09-18 14:05:43,296 mloop.controllers    INFO     Run:40 (machine learner)
2022-09-18 14:05:45,483 mloop.controllers    INFO     params [20.          1.785       3.76845926  2.29475401 16.47651432 12.55554368
  0.5         0.5         0.07946849  0.2753301   0.03292506 -8.
  7.54695778  8.         -8.         -4.4402321   5.28485408 -6.43636609
 -3.73973116  0.46395172 -5.2647422  -1.23410853 -8.          8.
 -6.20231081  0.59893244]
2022-09-18 14:05:45,591 mloop.controllers    INFO     cost -5.707994294988504 +/- 0.0
2022-09-18 14:05:45,592 mloop.controllers    INFO     Run:41 (trainer)
2022-09-18 14:05:45,593 mloop.controllers    INFO     params [ 8.50670072e+00  1.99107209e+01  7.95413164e+00  6.91642226e+00
  4.21771729e+00  1.47101286e+01  2.72761527e-01  4.64209393e-01
  2.63329904e-01  1.60716938e-02  2.50850859e-01  1.59614193e+00
 -2.36584397e-01  6.11448316e-01 -5.62483817e+00  3.19988376e+00
  5.56109385e+00  6.53527087e+00 -4.54552864e+00 -4.49882810e+00
 -4.57829173e-01  5.53525458e+00  1.22211558e-01  5.68979862e+00
  3.58396074e+00  1.37391426e+00]
2022-09-18 14:05:45,696 mloop.controllers    INFO     cost -7.56169189355463 +/- 0.0
2022-09-18 14:05:45,697 mloop.controllers    INFO     Run:42 (machine learner)
2022-09-18 14:05:48,238 mloop.controllers    INFO     params [20.          3.18973402  9.97425133  6.17697261 14.93505807 10.56477567
  0.3521158   0.48676707  0.21817773  0.17267904  0.25684228 -4.78110916
 -2.16786127 -2.2363352  -3.23193265 -8.         -2.61591    -7.16978926
 -4.72887512 -2.68311693  7.71554872  1.74095475  0.10853353  3.34763914
  1.06512126 -7.36330297]
2022-09-18 14:05:48,351 mloop.controllers    INFO     cost -6.559411805440329 +/- 0.0
2022-09-18 14:05:48,352 mloop.controllers    INFO     Run:43 (machine learner)
2022-09-18 14:05:50,816 mloop.controllers    INFO     params [20.         20.         17.69130418 12.58330685  9.73810105 12.37887397
  0.5         0.37555425  0.          0.5         0.37616768 -7.19463639
 -0.65871978 -6.40664185 -2.70027439 -0.539286   -1.67821385  2.439602
 -1.12565302  5.12892503 -0.41672889  6.19322746 -2.24346806 -1.4785399
  3.32264757 -0.66729413]
2022-09-18 14:05:50,931 mloop.controllers    INFO     cost -6.437736930513066 +/- 0.0
2022-09-18 14:05:50,932 mloop.controllers    INFO     Run:44 (machine learner)
2022-09-18 14:05:53,253 mloop.controllers    INFO     params [20.         11.80697083 10.42226769 20.         15.99783147 13.75918617
  0.5         0.          0.5         0.5         0.5         7.99931372
  0.24882592 -6.71540166 -4.07408889 -8.          3.51059932  8.
  4.74056793  8.         -1.14377471 -8.         -5.54639963  8.
  8.          8.        ]
2022-09-18 14:05:53,361 mloop.controllers    INFO     cost -5.902515834413201 +/- 0.0
2022-09-18 14:05:53,362 mloop.controllers    INFO     Run:45 (trainer)
2022-09-18 14:05:53,364 mloop.controllers    INFO     params [16.44389027 15.67021362 19.2639962   8.27611119  9.88786537 14.39257097
  0.33502553  0.0299791   0.05519453  0.48706618  0.36587978  1.30913882
  3.7594671  -2.75410062 -2.00368396 -5.99184787 -2.44383381 -3.85732347
  4.05909523  0.64786185  5.99765775 -6.78544931 -3.90916647  0.08281609
  4.27251278  5.2005404 ]
2022-09-18 14:05:53,467 mloop.controllers    INFO     cost -6.319355092158723 +/- 0.0
2022-09-18 14:05:53,468 mloop.controllers    INFO     Run:46 (machine learner)
2022-09-18 14:05:56,263 mloop.controllers    INFO     params [20.         11.6884121   2.76522033 13.60865809  3.74733328  7.37428679
  0.36373005  0.5         0.1013512   0.19767228  0.41814358 -6.90961803
 -2.53192782  8.         -5.86361482 -8.          0.42315623 -3.0971791
 -4.88802531 -0.18880577  8.         -0.21102863  3.08785295  1.61242822
  0.75650685 -0.50910163]
2022-09-18 14:05:56,378 mloop.controllers    INFO     cost -8.63037775759167 +/- 0.0
2022-09-18 14:05:56,379 mloop.controllers    INFO     Run:47 (machine learner)
2022-09-18 14:05:58,868 mloop.controllers    INFO     params [ 1.785      20.         20.          8.35893501  5.25946906 10.65976763
  0.44159208  0.10280652  0.          0.28901256  0.         -5.52887733
 -7.39884205  8.         -8.         -5.47958872  8.          8.
 -6.03208457 -7.04826073 -8.          8.         -5.44609267  1.66506713
  8.          3.64781688]
2022-09-18 14:05:58,974 mloop.controllers    INFO     cost -4.705727387692559 +/- 0.0
2022-09-18 14:05:58,975 mloop.controllers    INFO     Run:48 (machine learner)
