2022-09-12 17:38:01,287 mloop                INFO     M-LOOP version 3.3.1
2022-09-12 17:38:01,287 mloop                DEBUG    M-LOOP Logger configured.
2022-09-12 17:38:01,287 mloop.interfaces     DEBUG    Creating interface.
2022-09-12 17:38:01,289 mloop.controllers    DEBUG    Controller init completed.
2022-09-12 17:38:01,290 mloop.learners.1     DEBUG    Learner init completed.
2022-09-12 17:38:01,292 mloop.learners.2     DEBUG    Learner init completed.
2022-09-12 17:38:01,292 mloop.controllers    INFO     Optimization started.
2022-09-12 17:38:01,294 mloop.interfaces     DEBUG    Entering main loop of interface.
2022-09-12 17:38:01,294 mloop.controllers    DEBUG    ML learner started.
2022-09-12 17:38:01,297 mloop.controllers    DEBUG    Starting training optimization.
2022-09-12 17:38:01,298 mloop.controllers    INFO     Run:1 (training)
2022-09-12 17:38:01,299 mloop.neuralnet      INFO     Initialising neural network impl
2022-09-12 17:38:01,300 mloop.neuralnet      INFO     Initialising neural network impl
2022-09-12 17:38:01,300 mloop.controllers    INFO     params [12.11378389 19.20606413 16.89813542 10.93742214  3.63347865  7.05553152
  0.08991774  0.33574239  0.16586226  0.31354695  0.13774054  7.30854555
 -2.13990985 -5.54011849 -5.69122906 -6.27192061 -6.08541897  2.2513401
 -5.10889531 -6.08463699  6.27401799 -7.80665121  5.09403205 -0.82462051
  6.82037919  0.95380499]
2022-09-12 17:38:01,300 mloop.neuralnet      INFO     Initialising neural network impl
2022-09-12 17:38:01,302 mloop.neuralnet      INFO     Constructing net
2022-09-12 17:38:01,307 mloop.controllers    INFO     cost 100.55018507568582 +/- 0.0
2022-09-12 17:38:01,308 mloop.controllers    INFO     Run:2 (training)
2022-09-12 17:38:01,310 mloop.controllers    INFO     params [ 7.19635745  3.70249813  8.09271976 13.72508458  9.45088516 14.18893828
  0.02471217  0.3828855   0.22186143  0.18570631  0.28000652 -6.20315307
 -7.48939183  0.47726613  0.22812398  6.15128685  3.90948412  4.94225878
  6.40717773 -6.69093066 -6.90038246 -2.23893934 -7.97564693 -0.28940583
  6.27020728 -2.28103418]
2022-09-12 17:38:01,317 mloop.controllers    INFO     cost 91.08436363364045 +/- 0.0
2022-09-12 17:38:01,317 mloop.controllers    INFO     Run:3 (training)
2022-09-12 17:38:01,320 mloop.controllers    INFO     params [12.28151729  6.93665734  4.03965462 14.30761603  7.68321647  6.99978668
  0.33722988  0.10127578  0.40569924  0.44192592  0.24586057 -5.60715164
  2.28495629 -4.64378048  4.38887534  2.21552911 -5.22999016  4.98438781
 -6.64561633  2.89116259 -2.42606888 -5.38502567 -3.19252972 -7.46789284
 -4.95892375  5.93698608]
2022-09-12 17:38:01,326 mloop.controllers    INFO     cost 90.66891360436 +/- 0.0
2022-09-12 17:38:01,327 mloop.controllers    INFO     Run:4 (training)
2022-09-12 17:38:01,330 mloop.controllers    INFO     params [ 1.08989768e+01  7.12099384e+00  7.62823259e+00  9.75677037e+00
  1.52011707e+01  5.64669826e+00  3.72528303e-01  3.91497070e-01
  9.01124314e-02  2.26122999e-01  1.67916787e-01  5.04398749e+00
 -7.49409113e+00  3.40362812e+00 -2.79448240e+00  1.78573446e+00
  1.50301572e+00 -6.30773142e-01  2.48459992e+00 -4.77942985e+00
  5.59023805e+00 -2.25969101e+00 -6.02803810e-01  9.34804755e-01
  5.06353346e-03 -5.94531276e+00]
2022-09-12 17:38:01,339 mloop.controllers    INFO     cost 62.62748169371877 +/- 0.0
2022-09-12 17:38:01,339 mloop.controllers    INFO     Run:5 (training)
2022-09-12 17:38:01,341 mloop.controllers    INFO     params [ 4.10193152 10.54162437 15.29749273 18.13697089  6.74657046 10.33735579
  0.30388478  0.44362672  0.11301409  0.18316608  0.04991921 -6.5310966
 -1.87362868 -6.61860541  0.8320767  -5.09552412 -1.68307451 -7.77585388
 -5.55858781  1.10261356  5.61223564  7.6857816  -0.66383135 -6.24263578
  0.71986493  3.16748153]
2022-09-12 17:38:01,350 mloop.controllers    INFO     cost 85.08849728162899 +/- 0.0
2022-09-12 17:38:01,351 mloop.controllers    INFO     Run:6 (training)
2022-09-12 17:38:01,353 mloop.controllers    INFO     params [ 4.74204884 18.54831419 15.25673548 14.01108038 17.74896123 12.5741472
  0.21828271  0.18345699  0.28397422  0.25340527  0.38188414  7.36234225
  1.71610712  4.08152457 -6.13557273  2.42447802 -4.69298682  2.80264741
  0.56309259  5.20883968  6.81769769  4.756672   -0.53180973 -7.30073675
 -4.85523409 -7.56567516]
2022-09-12 17:38:01,362 mloop.controllers    INFO     cost 97.80263018163531 +/- 0.0
2022-09-12 17:38:01,362 mloop.controllers    INFO     Run:7 (training)
2022-09-12 17:38:01,364 mloop.controllers    INFO     params [17.88999219 14.17482335  9.9259262  16.14127986  4.50958795 10.39654675
  0.44149846  0.49337887  0.18250114  0.36450769  0.38774986  1.32624692
  0.59341433  6.97315269 -3.22401493 -1.78801712  4.57956105  5.11719305
  1.70147432 -6.2585065   4.4957021  -3.94879301  5.35701353 -1.84544873
  2.89023313 -4.6170668 ]
2022-09-12 17:38:01,375 mloop.controllers    INFO     cost 78.74509992643839 +/- 0.0
2022-09-12 17:38:01,375 mloop.controllers    INFO     Run:8 (training)
2022-09-12 17:38:01,378 mloop.controllers    INFO     params [10.90872847 15.94495108 12.93234728 11.37291032 13.15074468 14.29489653
  0.31089784  0.43120668  0.28247286  0.40079786  0.21284039 -2.63352909
 -6.51493143 -1.25406435  7.93336815 -0.37082111 -3.61033085 -3.11672916
  1.40322843 -7.67505242 -5.14028631  1.38571803 -7.08283241 -1.00696393
  0.95810971 -2.62037493]
2022-09-12 17:38:01,387 mloop.controllers    INFO     cost 67.31095351496216 +/- 0.0
2022-09-12 17:38:01,388 mloop.controllers    INFO     Run:9 (training)
2022-09-12 17:38:01,390 mloop.controllers    INFO     params [ 1.49209974e+01  1.93141165e+01  2.76706513e+00  1.15537392e+01
  3.07385105e+00  7.73309170e+00  3.53875879e-02  2.37267231e-01
  3.82295742e-03  4.39702652e-01  1.76591545e-01  1.41325367e+00
  2.96275287e+00 -3.63157797e+00 -2.32595357e+00 -5.18087326e-01
  5.61292755e+00  3.98780900e+00 -7.49335047e+00  7.16131010e+00
 -2.89690317e+00  8.38491689e-01 -7.20173285e+00  3.81603969e+00
 -6.42484993e+00  4.03213554e+00]
2022-09-12 17:38:01,399 mloop.controllers    INFO     cost 92.37615400902438 +/- 0.0
2022-09-12 17:38:01,400 mloop.controllers    INFO     Run:10 (training)
2022-09-12 17:38:01,402 mloop.controllers    INFO     params [14.37373246 14.93433128  3.54424905  8.05799226 13.87482677 11.03934943
  0.49372384  0.32062302  0.49957264  0.11575646  0.0443504   5.73566898
  3.81337178  0.85145008  6.69205609 -6.37453882 -6.90202308 -1.6973918
  1.97956994  1.12447963  5.83470293 -3.35505737 -2.34231235  6.97589686
 -1.21273594  6.32471405]
2022-09-12 17:38:01,413 mloop.controllers    INFO     cost 83.84728097157887 +/- 0.0
2022-09-12 17:38:01,413 mloop.controllers    INFO     Run:11 (training)
2022-09-12 17:38:01,415 mloop.controllers    INFO     params [ 5.58269888  5.07102996  2.2019007  12.29473901 11.28736871 14.51251033
  0.1921103   0.12529591  0.41023094  0.10657995  0.48093899  4.17969068
 -7.95039426  2.34182019  4.21591253 -4.90474039  7.38770191  6.86630781
  1.44171034 -0.18337237  5.64136466 -3.79562249  2.96432387 -1.67694258
 -7.74560961  2.72618386]
2022-09-12 17:38:01,426 mloop.controllers    INFO     cost 90.87036983650887 +/- 0.0
2022-09-12 17:38:01,426 mloop.controllers    INFO     Run:12 (training)
2022-09-12 17:38:01,428 mloop.controllers    INFO     params [ 5.24991547 14.054488    5.63676945  8.42041349 13.71868085  5.53865228
  0.17939334  0.17278186  0.46309904  0.36279987  0.26823343 -5.1993922
 -7.12296858 -1.70933303 -7.47671499  1.26205222 -2.74942691 -4.88604502
  6.90465928 -0.80547384 -5.22715439  2.22838412  6.02833363 -6.31033884
  7.59146735 -1.92136032]
2022-09-12 17:38:01,438 mloop.controllers    INFO     cost 91.73498004133336 +/- 0.0
2022-09-12 17:38:01,439 mloop.controllers    INFO     Run:13 (training)
2022-09-12 17:38:01,441 mloop.controllers    INFO     params [18.68934877 18.27301014 15.19923887  3.45382111 17.57180548  6.63363325
  0.04005791  0.47740709  0.41929058  0.35215602  0.26700859  3.64218199
 -4.57323933 -1.95098335 -5.27081055 -1.59893218 -2.48948307 -2.34716314
 -6.44727011 -0.18173972  6.40164087 -3.50657792  3.01546059 -4.43560117
  6.55212819 -6.08388349]
2022-09-12 17:38:01,452 mloop.controllers    INFO     cost 96.19134896648586 +/- 0.0
2022-09-12 17:38:01,452 mloop.controllers    INFO     Run:14 (training)
2022-09-12 17:38:01,454 mloop.controllers    INFO     params [ 5.45948877  2.48561525 16.577054   13.29188692 13.69943932 14.15086344
  0.12050548  0.16760865  0.14290073  0.25012484  0.08203972  2.66757583
  2.2628024   0.63389103  5.68117434 -1.41091163 -0.21126056  1.04621222
  1.90092694 -2.11208255  4.97628171  2.01839465  7.98389111  2.99021212
  3.9577102   1.44742824]
2022-09-12 17:38:01,463 mloop.controllers    INFO     cost 70.66946543026329 +/- 0.0
2022-09-12 17:38:01,463 mloop.controllers    INFO     Run:15 (training)
2022-09-12 17:38:01,465 mloop.controllers    INFO     params [ 9.48690877 19.77807032 15.69960561  7.98783639  3.33614919 11.34368261
  0.15805987  0.16612418  0.49216432  0.49286939  0.46077786  7.76531758
 -5.91557186  5.18027092 -4.23859046  3.92716673  6.33893568 -6.32508308
 -6.74492213  1.02708426  1.29873551  1.66807663  2.18738484  0.42760006
 -6.99659079  5.5293221 ]
2022-09-12 17:38:01,480 mloop.controllers    INFO     cost 93.34524435456186 +/- 0.0
2022-09-12 17:38:01,481 mloop.controllers    INFO     Run:16 (training)
2022-09-12 17:38:01,482 mloop.controllers    INFO     params [14.68732004 18.03018062 18.62297079 16.47167931 12.52186731  7.82667429
  0.44661597  0.13930746  0.1901972   0.37897723  0.28156228 -5.89027114
 -1.18399321  2.6922025   2.15438409 -2.02188518  4.03895709  6.66309575
  0.08455779 -1.71646375  0.08503122 -5.49185991  5.5473954   6.44957379
 -7.97355132  5.21139454]
2022-09-12 17:38:01,497 mloop.controllers    INFO     cost 85.77711126440609 +/- 0.0
2022-09-12 17:38:01,498 mloop.controllers    INFO     Run:17 (training)
2022-09-12 17:38:01,500 mloop.controllers    INFO     params [ 5.1124656   8.03705604  5.27134291  4.66167204 15.65578964 10.11700199
  0.43239517  0.3897779   0.04391067  0.06200003  0.23844035  1.65941065
 -4.96280276  5.55060994 -7.88556033  7.20571378  0.17716102 -7.72380234
 -0.98581639 -6.47510515  1.24948188  5.50696149  5.30340827 -0.14524012
 -2.07491624 -7.48358325]
2022-09-12 17:38:01,511 mloop.controllers    INFO     cost 90.48515067507343 +/- 0.0
2022-09-12 17:38:01,512 mloop.controllers    INFO     Run:18 (training)
2022-09-12 17:38:01,514 mloop.controllers    INFO     params [ 1.12288828e+01  1.75154801e+01  1.55546717e+01  3.01280786e+00
  5.03457398e+00  1.14324070e+01  4.78218754e-01  4.31151385e-01
  2.92942267e-01  8.62704472e-02  9.12703653e-02 -5.69943300e+00
  7.12738354e+00 -3.90215144e+00 -2.07051462e+00  5.38099447e+00
  2.33752125e+00 -6.39867216e-03 -4.98102687e+00 -6.23597450e+00
 -4.29167918e+00  6.13543219e+00  2.07339485e+00 -2.12505770e+00
 -4.52565034e+00 -1.36893785e+00]
2022-09-12 17:38:01,528 mloop.controllers    INFO     cost 85.82788181982309 +/- 0.0
2022-09-12 17:38:01,529 mloop.controllers    INFO     Run:19 (training)
2022-09-12 17:38:01,532 mloop.controllers    INFO     params [ 2.80964638e+00  1.92976996e+01  1.41824988e+01  1.69086724e+01
  1.63257577e+01  1.34129791e+01  4.07837690e-01  2.73171055e-03
  8.95299344e-02  2.41545592e-01  5.60701908e-02 -6.28416182e+00
 -1.34862559e+00  5.63375710e+00 -7.76810062e+00  5.72025833e-01
  5.24973024e-01  2.42920456e+00  3.20550842e+00 -6.18211677e+00
 -2.78495300e+00  1.86143736e+00 -6.32892564e+00 -2.85613856e+00
  4.47130354e+00 -3.61662878e-01]
2022-09-12 17:38:01,548 mloop.controllers    INFO     cost 88.02131613293659 +/- 0.0
2022-09-12 17:38:01,549 mloop.controllers    INFO     Run:20 (training)
2022-09-12 17:38:01,551 mloop.controllers    INFO     params [ 1.44887725e+01  1.87323052e+01  9.48684733e+00  5.53166862e+00
  1.88582801e+01  1.20776078e+01  4.98135621e-01  3.60755038e-01
  3.00450029e-01  2.64634949e-01  1.65429077e-02 -1.31139182e+00
  6.26487093e+00  2.66573830e+00  2.54409710e+00  1.41391722e-01
  8.76853069e-01 -5.51029198e+00  5.62677966e+00 -7.87307055e+00
 -1.46401521e+00 -4.28100998e+00 -9.00836644e-01 -7.96305850e+00
 -3.39359681e+00  5.00262152e+00]
2022-09-12 17:38:01,613 mloop.controllers    INFO     cost 84.72300619668277 +/- 0.0
2022-09-12 17:38:01,620 mloop.controllers    INFO     Run:21 (training)
2022-09-12 17:38:01,623 mloop.controllers    INFO     params [ 7.76226108 17.61195842 11.22580501 19.31140588 19.78157615  6.28965573
  0.47920031  0.31819779  0.40430012  0.48360288  0.2834311   5.78052199
 -6.08448633 -5.91537211 -7.79562138  1.64667655  4.03334899 -1.36786438
  6.25460255  4.75923538  5.16577669  3.50998713  4.90765616 -1.77117877
 -1.53549906 -1.6531263 ]
2022-09-12 17:38:01,637 mloop.controllers    DEBUG    Starting ML optimization.
2022-09-12 17:38:01,637 mloop.controllers    INFO     cost 94.1010146244331 +/- 0.0
2022-09-12 17:38:01,653 mloop.controllers    DEBUG    End training runs.
2022-09-12 17:38:01,653 mloop.controllers    INFO     Run:22 (trainer)
2022-09-12 17:38:01,657 mloop.controllers    INFO     params [10.10042242  5.21010417  7.39203361  9.98122268 10.51025355  6.53194211
  0.42710171  0.33730336  0.38265409  0.22698804  0.02994522 -0.75837131
 -5.94791432  2.6894434  -1.03946735 -1.28275647 -1.12743126  1.15272476
 -5.70264527  7.46199159 -7.41894561 -5.94317089  3.13560878  6.743309
  4.39469633 -6.9483242 ]
2022-09-12 17:38:01,678 mloop.controllers    INFO     cost 77.12344788681285 +/- 0.0
2022-09-12 17:38:01,679 mloop.controllers    INFO     Run:23 (trainer)
2022-09-12 17:38:01,685 mloop.controllers    INFO     params [ 2.18321344  7.28431628  6.90532279  8.50325149  2.74821617  6.99507863
  0.03105778  0.33747368  0.10027776  0.16958813  0.26867311 -5.15261886
  5.00797555  1.42447919  0.38888934 -1.37129348 -5.56980658  2.27616615
  1.10142034 -7.90729234  4.13677404  1.7314292  -2.3482181   6.46643933
 -6.79227795  6.65199473]
2022-09-12 17:38:01,713 mloop.controllers    INFO     cost 88.72539952369304 +/- 0.0
2022-09-12 17:38:01,714 mloop.controllers    INFO     Run:24 (trainer)
2022-09-12 17:38:01,716 mloop.controllers    INFO     params [ 9.86705937  2.18185391 11.16426007  3.53392894  5.47158012  5.50906777
  0.39752983  0.25966568  0.26590777  0.30006643  0.17775885 -1.1884352
  2.69953225 -4.41949529 -2.49001864  6.65197598  6.67314358 -3.14109209
  1.78875561 -4.84277994 -6.98468971  0.95716886  2.45497042  6.011055
 -7.01266176 -3.67701245]
2022-09-12 17:38:01,732 mloop.controllers    INFO     cost 88.56646756606912 +/- 0.0
2022-09-12 17:38:01,733 mloop.controllers    INFO     Run:25 (trainer)
2022-09-12 17:38:01,735 mloop.controllers    INFO     params [ 1.96250754e+01  7.98494887e+00  3.59703850e+00  5.58622503e+00
  9.95309906e+00  8.47700253e+00  4.18947102e-01  3.74274671e-03
  3.59769701e-01  2.69667811e-01  2.93349639e-01 -2.63489050e+00
 -1.94310860e+00  6.67590004e+00  6.10837792e+00  6.09392907e+00
  7.31232099e+00 -7.62964326e+00  7.68675838e+00  6.37885544e+00
 -1.81670791e+00  4.81053648e+00 -7.12885416e+00  8.30461254e-01
  2.16800785e+00 -4.27532476e+00]
2022-09-12 17:38:01,754 mloop.controllers    INFO     cost 100.78592957801865 +/- 0.0
2022-09-12 17:38:01,755 mloop.controllers    INFO     Run:26 (trainer)
2022-09-12 17:38:01,758 mloop.controllers    INFO     params [ 8.13226984 12.48570878 17.76070886 12.93572922  4.57436111  7.20634892
  0.37440277  0.48081111  0.29863121  0.10977983  0.30874325  6.87911367
 -3.55797204  6.69371528 -1.47072485  5.39618249 -6.4229441  -7.52178079
 -2.40274008  0.61606168  3.58572126 -4.71774633 -1.61506159  2.63622239
 -2.98876344  7.64600215]
2022-09-12 17:38:01,778 mloop.controllers    INFO     cost 87.13022764089924 +/- 0.0
2022-09-12 17:38:01,779 mloop.controllers    INFO     Run:27 (trainer)
2022-09-12 17:38:01,782 mloop.controllers    INFO     params [ 7.82994831 17.32660487  2.75522972 14.75541058  1.8860899  14.5533479
  0.16733475  0.23834587  0.11669965  0.45583286  0.09035794 -0.18339007
 -4.09725402  1.21491053 -7.73081454 -0.97502764 -3.03350334  5.25902453
 -2.96890756  0.82022512 -2.15134765 -4.30385998  2.54394345  0.2474115
 -6.3863533   3.27910236]
2022-09-12 17:38:01,805 mloop.controllers    INFO     cost 80.84476566582416 +/- 0.0
2022-09-12 17:38:01,805 mloop.controllers    INFO     Run:28 (trainer)
2022-09-12 17:38:01,808 mloop.controllers    INFO     params [16.85403539 11.34667649 16.02006068 18.10387877 15.17293158 12.05787771
  0.41191915  0.44621548  0.04529314  0.18670803  0.48276616  0.92610579
  3.79691287 -1.91972007  7.55476983 -3.07653211  4.52447684  4.81494676
  5.84102681 -1.46173612  1.72557165 -4.96930179  2.59083918 -5.02646064
  1.1195224  -7.79601371]
2022-09-12 17:38:01,827 mloop.controllers    INFO     cost 83.0957968203041 +/- 0.0
2022-09-12 17:38:01,828 mloop.controllers    INFO     Run:29 (trainer)
2022-09-12 17:38:01,831 mloop.controllers    INFO     params [16.02892521  5.97112387  7.33862207  4.9283806  17.80191865  6.71146723
  0.30261458  0.24248767  0.02690085  0.49624736  0.23225505  0.04527486
 -0.12165271 -5.13176474 -0.09378088 -2.68429306 -0.95339185  2.68757378
  3.26489672 -2.54519903 -5.05569023 -5.48197918 -0.43266966  3.89516914
 -1.06096633  7.60916642]
2022-09-12 17:38:01,848 mloop.controllers    INFO     cost 71.38443705229335 +/- 0.0
2022-09-12 17:38:01,849 mloop.controllers    INFO     Run:30 (trainer)
2022-09-12 17:38:01,852 mloop.controllers    INFO     params [18.86104791  3.83492486 14.02592289 13.75333887  8.87083996  6.0320821
  0.09782028  0.12486753  0.31757404  0.3614287   0.03973918 -6.12670313
 -1.95244427  2.78214491 -2.43540507  2.63291022  4.01346545  3.83087194
  6.87315642 -0.91621272 -2.62218227 -0.37211444  4.63575958  0.21648189
 -6.1428671  -0.24292295]
2022-09-12 17:38:01,868 mloop.controllers    INFO     cost 73.47218085400516 +/- 0.0
2022-09-12 17:38:01,868 mloop.controllers    INFO     Run:31 (trainer)
2022-09-12 17:38:01,872 mloop.controllers    INFO     params [ 4.76979899 15.04692249  7.06673246 19.52048862 15.04617844 11.58149699
  0.19276367  0.28177736  0.26552399  0.48451656  0.48162485 -3.19863298
  0.96106912 -1.29062028  1.17232513 -5.01401024  5.43555898  2.59401234
  1.90643265  0.62035549  3.46162185 -7.97277773 -4.98886387 -7.07663575
  1.56621291  7.97685507]
2022-09-12 17:38:01,890 mloop.controllers    INFO     cost 84.27271856002147 +/- 0.0
2022-09-12 17:38:01,891 mloop.controllers    INFO     Run:32 (trainer)
2022-09-12 17:38:01,893 mloop.controllers    INFO     params [11.08204598  6.92311977  6.53005583  8.59300832 12.27342679 11.37701074
  0.41082653  0.37423933  0.28582658  0.06781018  0.25306025  2.65598277
  5.06213638  1.76895832 -7.93815389  7.98643432 -0.06972047  7.26073443
 -0.51924379  4.90134312 -2.16057885  2.08464613  2.54671315 -5.66912629
  2.64518475 -2.65843493]
2022-09-12 17:38:01,909 mloop.controllers    INFO     cost 70.01233366570108 +/- 0.0
2022-09-12 17:38:01,910 mloop.controllers    INFO     Run:33 (trainer)
2022-09-12 17:38:01,914 mloop.controllers    INFO     params [ 9.52885539  9.20658109 10.50277135 11.88199167 18.65898945 14.33532359
  0.34147358  0.2523476   0.26931541  0.28690895  0.03983234  4.02266442
 -5.78544876 -3.18480138 -0.13155143 -6.8492753  -7.52552402  7.60697095
 -3.9338144  -6.45669601  2.93688202 -5.4659589  -0.93850099  1.92010244
  4.83869477 -4.84271471]
2022-09-12 17:38:01,932 mloop.controllers    INFO     cost 83.33041061023432 +/- 0.0
2022-09-12 17:38:01,933 mloop.controllers    INFO     Run:34 (trainer)
2022-09-12 17:38:01,935 mloop.controllers    INFO     params [ 1.51582159e+01  7.47780528e+00  6.71381726e+00  1.52985789e+01
  1.67268888e+01  4.89695327e+00  3.07298720e-01  3.06687318e-01
  4.37436970e-01  3.94167796e-01  1.07200605e-01 -1.33373253e+00
  4.70379958e+00  8.15221040e-01  8.24253794e-01  2.08005337e+00
 -4.30838685e+00 -5.29563411e+00 -2.19068341e-01 -2.80078126e+00
 -8.47246796e-01  3.11621086e+00 -2.71116743e+00  4.08576736e-01
 -6.84947769e+00 -4.49632434e-03]
2022-09-12 17:38:01,953 mloop.controllers    INFO     cost 64.10910465527421 +/- 0.0
2022-09-12 17:38:01,953 mloop.controllers    INFO     Run:35 (trainer)
2022-09-12 17:38:01,956 mloop.controllers    INFO     params [ 9.57606997 11.88994554 15.17579335  6.87386876  9.1648498  10.80986518
  0.38098321  0.03848578  0.44327057  0.13719849  0.13602465 -5.32465681
  5.61724455  6.63364683  1.47441994 -7.58727249 -1.22977694 -7.81674517
  3.64756703  7.02817521 -1.37036222  0.98428355  5.14880628  5.59052904
  4.93022314 -1.58962285]
2022-09-12 17:38:01,972 mloop.controllers    INFO     cost 79.88919245816116 +/- 0.0
2022-09-12 17:38:01,972 mloop.controllers    INFO     Run:36 (trainer)
2022-09-12 17:38:01,974 mloop.controllers    INFO     params [ 5.30826359 12.2097769  12.18774834 12.84242203  7.60158633 10.53275507
  0.45647468  0.41710176  0.26585739  0.02033688  0.15104926  3.43350177
  7.91388488  1.85105906  3.32017845  5.90249478  0.26650297 -3.49396886
  5.45275636  1.31438306 -6.05823594 -0.84670545 -6.61544444  3.20580347
  7.93787651  2.82134384]
2022-09-12 17:38:01,991 mloop.controllers    INFO     cost 75.12253995331781 +/- 0.0
2022-09-12 17:38:01,991 mloop.controllers    INFO     Run:37 (trainer)
2022-09-12 17:38:01,993 mloop.controllers    INFO     params [ 6.84984943e+00  3.80081703e+00  8.18252666e+00  1.19552670e+01
  1.10481948e+01  9.98223639e+00  1.94755277e-01  4.99518148e-01
  2.52280170e-01  1.63292709e-01  3.98510807e-01 -2.51172453e+00
 -6.82136942e+00  6.56301789e-02 -3.96620302e+00 -6.34455398e+00
 -5.86909726e-01  1.56522212e+00  7.29922652e-03  7.39670711e+00
 -5.24987286e+00  4.03208128e-02 -6.14914385e+00 -5.20369809e+00
 -2.57929560e+00  7.46974781e+00]
2022-09-12 17:38:02,014 mloop.controllers    INFO     cost 71.5804917438496 +/- 0.0
2022-09-12 17:38:02,015 mloop.controllers    INFO     Run:38 (trainer)
2022-09-12 17:38:02,017 mloop.controllers    INFO     params [ 2.41482483e+00  1.55927557e+01  1.90136820e+01  1.58061584e+01
  4.60801208e+00  1.25826844e+01  1.97623585e-01  1.08912476e-01
  4.03028284e-01  1.45841220e-01  3.20182216e-03 -7.84023514e+00
 -4.71628661e+00  5.30918372e+00 -3.68302824e+00  4.47421801e+00
 -5.84927938e+00 -6.24272400e+00  4.83275352e+00  6.54287994e-01
 -5.95627896e+00  1.41501039e+00  1.81591177e+00 -6.71753239e-01
 -6.84411553e+00  1.41196091e+00]
2022-09-12 17:38:02,034 mloop.controllers    INFO     cost 97.4944201914655 +/- 0.0
2022-09-12 17:38:02,035 mloop.controllers    INFO     Run:39 (trainer)
2022-09-12 17:38:02,039 mloop.controllers    INFO     params [13.40958165  3.85768937 18.27652816  9.54894407  8.31149619 10.95752657
  0.36255811  0.09563139  0.45907991  0.4331995   0.4914441   2.27682287
  2.16413792 -1.88192546  3.25149359  5.27467924  4.48477097 -0.41639273
  2.7015024   5.96806839 -0.66554576 -1.26947475 -4.97951409 -7.10343449
 -7.82942986 -5.54808793]
2022-09-12 17:38:02,061 mloop.controllers    INFO     cost 78.53393742871087 +/- 0.0
2022-09-12 17:38:02,061 mloop.controllers    INFO     Run:40 (trainer)
2022-09-12 17:38:02,063 mloop.controllers    INFO     params [ 1.11521291e+01  1.89212207e+01  3.21918278e+00  1.57691122e+01
  4.04383819e+00  4.76454886e+00  2.99399422e-01  2.13358379e-01
  4.61420068e-01  2.44072264e-04  3.01253293e-01 -1.41343199e+00
 -2.67458842e+00 -2.75997037e+00  1.33616766e+00  3.56462406e+00
 -1.87469365e+00 -5.08486837e+00  6.85409173e+00 -7.05081357e+00
 -2.63504950e+00 -1.48545729e+00  6.87063578e+00 -4.91506578e+00
  3.89325399e+00 -7.84856766e+00]
2022-09-12 17:38:02,083 mloop.controllers    INFO     cost 93.78214227986902 +/- 0.0
2022-09-12 17:38:02,083 mloop.controllers    INFO     Run:41 (trainer)
2022-09-12 17:38:02,085 mloop.controllers    INFO     params [17.12803993 10.55110329 17.00068208 13.95261702 15.38270134 10.39484103
  0.45351088  0.21913986  0.36364178  0.09089725  0.05765174  1.89950629
 -3.04525654  3.39960301  4.21010875  4.81014131 -1.54488311 -1.99806729
 -7.90507972  5.04681762 -3.32589311  6.0072187  -5.38779856  0.87797944
  5.2364182  -2.58058693]
2022-09-12 17:38:02,103 mloop.controllers    INFO     cost 78.6051005175445 +/- 0.0
2022-09-12 17:38:02,104 mloop.controllers    INFO     Run:42 (trainer)
2022-09-12 17:38:02,106 mloop.controllers    INFO     params [17.25982964  9.07486229 14.54042769 10.4297481  16.31397739  7.60976975
  0.3230695   0.49276395  0.22798033  0.10593145  0.26294018 -5.9876106
  7.02757862 -4.15744922 -2.66757136 -5.93323523  3.01557549 -3.97288136
 -4.67270297  7.27727668  5.20412625 -2.19077224 -7.68935538 -7.18402717
  5.53767719  0.70123402]
2022-09-12 17:38:02,132 mloop.controllers    INFO     cost 93.8212902104089 +/- 0.0
2022-09-12 17:38:02,132 mloop.controllers    INFO     Run:43 (trainer)
2022-09-12 17:38:02,135 mloop.controllers    INFO     params [18.60510939 12.73753438  4.15337577 15.64540673  2.62497808  7.08875777
  0.41721843  0.06055811  0.23491192  0.17323458  0.15997741  7.97892164
  1.75252172 -1.82487313  3.08261222 -0.27861313 -3.58270149  1.67371331
  7.52376164  1.94795387  1.50888226 -2.38194246 -0.45764425  3.89493547
  7.30796243 -3.67783488]
2022-09-12 17:38:02,173 mloop.controllers    INFO     cost 81.64184918796582 +/- 0.0
2022-09-12 17:38:02,173 mloop.controllers    INFO     Run:44 (trainer)
2022-09-12 17:38:02,177 mloop.controllers    INFO     params [18.53957188 14.94627973  5.13688498 12.9218387  17.65535183 13.16827765
  0.26280415  0.03350461  0.25548819  0.23456474  0.42338017  0.58598287
  6.86388538  6.60196326 -5.39681829 -5.38694711  6.45705298  5.18986116
  0.55384583 -7.88123448 -6.17505942  6.59125029 -1.1528917   5.49733106
  7.41764956  7.19336366]
2022-09-12 17:38:02,250 mloop.controllers    INFO     cost 108.78567501705945 +/- 0.0
2022-09-12 17:38:02,251 mloop.controllers    INFO     Run:45 (trainer)
2022-09-12 17:38:02,262 mloop.controllers    INFO     params [14.21223401  7.33802985  4.39789185 14.95490572  8.57620404 15.31188794
  0.19370261  0.46338756  0.23694541  0.0803753   0.46215944  0.65038804
 -3.05322217  5.99473925  7.95327871 -2.26665723 -2.5438819  -2.37622826
  7.49640487  1.24360571  4.38851964 -3.00792742 -5.91327125 -4.54494952
  1.55346515  3.14122255]
2022-09-12 17:38:02,309 mloop.controllers    INFO     cost 81.85168728138837 +/- 0.0
2022-09-12 17:38:02,309 mloop.controllers    INFO     Run:46 (trainer)
2022-09-12 17:38:02,313 mloop.controllers    INFO     params [10.85623329  7.78633612  8.06609298 19.82070623 14.34768469  5.04619348
  0.3659993   0.22107903  0.2111567   0.15963026  0.48159963  4.63397668
 -1.14879339 -3.62502144  1.47307319 -2.88246207  2.4001458  -4.87451648
 -7.15264973  1.3837764  -4.74886213  7.83064702 -1.90698781 -3.01913212
 -3.79757483 -1.67435991]
2022-09-12 17:38:02,361 mloop.controllers    INFO     cost 76.36374699540441 +/- 0.0
2022-09-12 17:38:02,362 mloop.controllers    INFO     Run:47 (trainer)
2022-09-12 17:38:02,365 mloop.controllers    INFO     params [ 1.89632226e+01  1.49969396e+01  1.06613943e+01  1.01950703e+01
  1.81395525e+01  1.24713333e+01  4.94240871e-01  3.27147027e-01
  4.47074588e-01  3.42736212e-02  2.57094168e-01 -6.57511118e+00
  4.52668095e+00 -1.81316145e-02 -7.33872644e+00 -1.49207048e+00
  4.02291539e+00 -2.81502506e+00  3.22524701e+00 -6.68915269e-01
 -2.66897586e+00  8.31050529e-01  7.86984623e+00  2.24912561e+00
 -2.76577138e+00 -4.96309301e+00]
2022-09-12 17:38:02,391 mloop.controllers    INFO     cost 75.5940523855957 +/- 0.0
2022-09-12 17:38:02,391 mloop.controllers    INFO     Run:48 (trainer)
2022-09-12 17:38:02,394 mloop.controllers    INFO     params [16.31834201  5.67358353 11.05441916 14.3667148   7.26267384 13.14755346
  0.03886923  0.26338376  0.41102526  0.26410581  0.38306305  5.6784282
  4.05967744 -2.72488238  0.30538136 -1.11079077  1.11625746 -2.99351923
  6.86849647  2.76665418  4.30505411 -6.28277135  4.32824503 -7.10266724
 -2.69170136  0.34987692]
2022-09-12 17:38:02,419 mloop.controllers    INFO     cost 74.27538418323468 +/- 0.0
2022-09-12 17:38:02,421 mloop.controllers    INFO     Run:49 (trainer)
2022-09-12 17:38:02,423 mloop.controllers    INFO     params [ 6.35656765 10.49159998 13.91445009 16.76653421 17.31454411 14.48810229
  0.11862148  0.29858127  0.04076484  0.453001    0.47694759  6.26740249
  5.29833739  0.73268594  6.84664738 -4.44996285 -7.48721219 -6.13205709
 -7.22968244 -0.81439562  0.69078488 -4.74613526  4.88662893 -0.36558673
  7.35496218  0.326815  ]
2022-09-12 17:38:02,453 mloop.controllers    INFO     cost 89.19140296765342 +/- 0.0
2022-09-12 17:38:02,455 mloop.controllers    INFO     Run:50 (trainer)
2022-09-12 17:38:02,458 mloop.controllers    INFO     params [ 8.42944956 19.73118641  8.54862372 17.48671956 14.42280558 12.22077169
  0.33216402  0.06917958  0.33773293  0.13860419  0.28705963 -6.10781377
  3.65451974 -0.77231292 -6.91014018 -7.12345949 -6.81248482  2.87148652
  5.19882403 -7.56428392 -2.62381549  3.26968364  3.96483235 -5.29823666
  7.6372497  -0.91372858]
2022-09-12 17:38:02,487 mloop.controllers    INFO     cost 97.21295458803606 +/- 0.0
2022-09-12 17:38:02,488 mloop.controllers    INFO     Run:51 (trainer)
2022-09-12 17:38:02,491 mloop.controllers    INFO     params [15.66654881  8.93673988  3.90956628  6.33464462  5.03095168 13.43088123
  0.32177604  0.13995905  0.45304153  0.2905312   0.10345749 -3.10698233
 -6.06512136  1.67931224  6.54498909  7.18612267 -7.22150358  3.42280517
 -3.92153121  0.03752983 -1.31532819  2.49724986  4.66497989 -0.2395116
 -3.59319402  0.90575934]
2022-09-12 17:38:02,525 mloop.controllers    INFO     cost 80.53688019430308 +/- 0.0
2022-09-12 17:38:02,525 mloop.controllers    INFO     Run:52 (trainer)
2022-09-12 17:38:02,528 mloop.controllers    INFO     params [10.31992941 19.41291006  6.91133296  9.39878953  5.58242355 11.74879384
  0.32558969  0.47144281  0.13608829  0.39613679  0.15938676  5.86764881
  0.95286925 -6.23832161 -1.5513987  -3.66579627  3.49053589 -2.41281486
 -6.89030062 -6.42065548  1.84708904  5.47776196  1.41466896 -3.6941907
 -6.28208663 -6.14061464]
2022-09-12 17:38:02,574 mloop.controllers    INFO     cost 84.62117613246264 +/- 0.0
2022-09-12 17:38:02,576 mloop.controllers    INFO     Run:53 (trainer)
2022-09-12 17:38:02,580 mloop.controllers    INFO     params [15.35044714  9.239862   17.93866901 14.22857058 12.69177485 11.01295786
  0.15855214  0.26212477  0.14806214  0.22480882  0.48067785 -5.58493916
 -6.43480494  3.99388745 -4.11840948  6.03259789 -0.10959328 -4.69037359
 -5.70756685  7.64947793  7.99356069  0.95600556 -2.49480911 -1.67739562
  7.89455296  0.81176788]
2022-09-12 17:38:02,617 mloop.controllers    INFO     cost 85.91617937306891 +/- 0.0
2022-09-12 17:38:02,618 mloop.controllers    INFO     Run:54 (trainer)
2022-09-12 17:38:02,622 mloop.controllers    INFO     params [ 4.26763983  2.12924451 18.5837249  14.81243012  6.45460874 13.97782017
  0.06302939  0.09158114  0.21438876  0.36193035  0.07707706  5.51958932
 -3.68759397  7.23806646  7.37559792  7.09339182 -0.67221277  4.37573515
 -7.34060753  3.42538591 -3.21299486  2.9562669  -2.89372151  3.42269946
  4.82998787 -6.33437317]
2022-09-12 17:38:02,708 mloop.controllers    INFO     cost 106.4590607107897 +/- 0.0
2022-09-12 17:38:02,710 mloop.controllers    INFO     Run:55 (trainer)
2022-09-12 17:38:02,713 mloop.controllers    INFO     params [16.83555887  9.73893251 13.3692252  14.07039821 16.23110631 14.05780522
  0.46619033  0.22464549  0.13827767  0.35491841  0.07591247  1.62817925
 -6.38172019 -2.58218986  7.7795654  -5.93686019  0.87515716 -6.48645463
  5.24528306  1.69702865  4.71532851 -5.99099615  6.36774015  3.46651209
  1.8498328  -7.58864823]
2022-09-12 17:38:02,763 mloop.controllers    INFO     cost 91.37143074555397 +/- 0.0
2022-09-12 17:38:02,764 mloop.controllers    INFO     Run:56 (trainer)
2022-09-12 17:38:02,766 mloop.controllers    INFO     params [12.80079124 12.02993925  2.57174049 19.30489676 14.46999367 11.50506617
  0.19360024  0.31153781  0.44810516  0.46408743  0.23343715  6.58557141
 -1.22877156 -5.28854756 -7.69784324  4.20201863 -1.46397418  1.69947865
 -6.19093765  4.18452378 -4.49209184 -0.40165545  6.62951401  2.4417619
  0.12074587 -0.88448449]
2022-09-12 17:38:02,789 mloop.controllers    INFO     cost 78.92005983265625 +/- 0.0
2022-09-12 17:38:02,789 mloop.controllers    INFO     Run:57 (trainer)
2022-09-12 17:38:02,792 mloop.controllers    INFO     params [13.89330545  8.91874581 17.300452   15.95171483 12.51687536 13.34827173
  0.49213409  0.26618859  0.16378267  0.22401509  0.17027109 -2.2756551
  3.53308634 -7.1439294  -0.65036617  3.85373333 -7.76738558  0.12498375
 -4.10028306 -3.63835035  3.71476398 -7.36440695  2.29138775 -7.82402742
  2.24241655  6.48812985]
2022-09-12 17:38:02,825 mloop.controllers    INFO     cost 84.87753296257637 +/- 0.0
2022-09-12 17:38:02,826 mloop.controllers    INFO     Run:58 (trainer)
2022-09-12 17:38:02,828 mloop.controllers    INFO     params [ 8.31484098  6.59173279 14.97772936 16.42668679 15.94886723  8.17515125
  0.0220292   0.42648588  0.12166279  0.16308825  0.35228762 -3.25730914
 -3.20133598  3.46150601 -1.32560082  5.72559046 -1.38663629 -4.75846879
 -3.37261596 -5.3336236   5.69040934  2.71733649 -7.62405623  7.60804707
  5.8844736   0.20213718]
2022-09-12 17:38:02,862 mloop.controllers    INFO     cost 85.65019856086734 +/- 0.0
2022-09-12 17:38:02,863 mloop.controllers    INFO     Run:59 (trainer)
2022-09-12 17:38:02,865 mloop.controllers    INFO     params [ 8.92669882  7.84495454  8.42059011 15.97636127 13.85480292 14.36922254
  0.45698394  0.44853316  0.42745959  0.40153392  0.12230705 -1.68616586
 -5.5677058   4.1483769   6.87752773 -3.14573145  7.65499235 -2.02682185
  5.29367711  2.78195617 -0.92545934  6.37111404  4.25264124 -6.32380512
 -5.78477258 -3.95819748]
2022-09-12 17:38:02,897 mloop.controllers    INFO     cost 87.56179183433414 +/- 0.0
2022-09-12 17:38:02,897 mloop.controllers    INFO     Run:60 (trainer)
2022-09-12 17:38:02,899 mloop.controllers    INFO     params [ 4.39049654 19.21953999  4.19263069  7.49567046  4.51156114 12.58080814
  0.02930758  0.27412164  0.48935448  0.39416485  0.027609    4.47852538
  5.93657515 -6.99601821  4.02007935  5.24792534 -0.86421047 -4.35614891
 -6.47706165 -6.7850747  -7.83776826  0.840494    7.06538431  4.87382585
 -6.72939428  4.68217143]
2022-09-12 17:38:02,927 mloop.controllers    INFO     cost 111.92887097019812 +/- 0.0
2022-09-12 17:38:02,928 mloop.controllers    INFO     Run:61 (trainer)
2022-09-12 17:38:02,930 mloop.controllers    INFO     params [ 7.37837312  9.16318527 10.95758967  3.76411208 14.83377775 12.16734589
  0.36843095  0.46284776  0.36484369  0.31224952  0.1718117  -2.12340909
  0.99065203  1.87811909 -5.81246781  5.89331904 -0.91325597  6.07439265
  6.12639323 -0.97868864  4.96799977 -5.5838419  -7.49773915 -7.9061273
 -2.55525287 -0.64868309]
2022-09-12 17:38:02,965 mloop.controllers    INFO     cost 79.08244469285175 +/- 0.0
2022-09-12 17:38:02,966 mloop.controllers    INFO     Run:62 (trainer)
2022-09-12 17:38:02,969 mloop.controllers    INFO     params [14.19747321 12.40394777  6.85702441 16.81978315 16.98870332 12.00675544
  0.16748775  0.28129949  0.02930991  0.2660155   0.23948264  5.8864235
 -4.13316041  3.76183638 -4.56238478 -1.25689414 -5.08498692 -4.7785274
 -5.80796258 -6.14906122 -4.58311722  3.25052507 -1.18451915 -0.17098932
  0.232974   -1.01470307]
2022-09-12 17:38:02,997 mloop.controllers    INFO     cost 75.10123831411917 +/- 0.0
2022-09-12 17:38:02,997 mloop.controllers    INFO     Run:63 (trainer)
2022-09-12 17:38:02,999 mloop.controllers    INFO     params [ 2.69880574 17.56021804  8.66361075  8.71612039 17.86637974 11.79660234
  0.19552073  0.45104079  0.22183308  0.09603161  0.07594795 -5.15489873
  7.85396782  1.99239417  0.03178336  3.59935569  5.9232786   2.24548756
  1.81385412 -1.20960792 -7.00851148 -1.93514683  5.2341489  -1.9940021
 -1.82727553  5.46995594]
2022-09-12 17:38:03,032 mloop.controllers    INFO     cost 81.94253940062775 +/- 0.0
2022-09-12 17:38:03,033 mloop.controllers    INFO     Run:64 (trainer)
2022-09-12 17:38:03,035 mloop.controllers    INFO     params [15.03078219  4.77485961 13.13704593 14.67367352 10.36883209  6.89956617
  0.191198    0.08932788  0.20064648  0.0360539   0.43045343  1.41896599
 -4.01378439  4.59095283 -6.15517941 -2.32720081 -3.18575306  0.54531974
 -7.10011451  7.59977189 -1.265983    5.38723162 -4.62442432  3.51584596
 -5.33177959 -7.66142755]
2022-09-12 17:38:03,099 mloop.controllers    INFO     cost 85.29270561526438 +/- 0.0
2022-09-12 17:38:03,100 mloop.controllers    INFO     Run:65 (trainer)
2022-09-12 17:38:03,107 mloop.controllers    INFO     params [ 3.74800612  6.61174003 10.57736723 16.87563815  4.28118659  6.32463078
  0.16583057  0.18696009  0.06017718  0.37492568  0.44140271  6.36313166
 -1.47676792  2.10024763  5.31163267 -1.03299668 -5.56159161 -4.70779642
  5.04039289  0.36641156  2.65409972  4.52154307  4.8568001  -7.94973179
 -4.46344086 -5.71480855]
2022-09-12 17:38:03,141 mloop.controllers    INFO     cost 90.78496109172929 +/- 0.0
2022-09-12 17:38:03,142 mloop.controllers    INFO     Run:66 (trainer)
2022-09-12 17:38:03,144 mloop.controllers    INFO     params [ 6.79933569  7.70200415 18.86247501 18.53879736  4.37471325 14.08448773
  0.03284203  0.23509096  0.24246153  0.41550205  0.45550763 -4.63173233
 -0.41714076  6.97241446 -1.52845613 -0.3529553   2.95624735  4.31190291
  0.49201185  3.37196352  1.12630244 -3.85387488  7.90022768 -5.15289113
  4.59939711 -0.32941481]
2022-09-12 17:38:03,180 mloop.controllers    INFO     cost 82.1097547836523 +/- 0.0
2022-09-12 17:38:03,181 mloop.controllers    INFO     Run:67 (trainer)
2022-09-12 17:38:03,183 mloop.controllers    INFO     params [ 7.72937268 17.56380753 10.43159148 17.30646405  7.34720971  6.72922894
  0.47916673  0.08306577  0.32175381  0.06919591  0.19061564 -1.53798378
 -1.34049832 -5.52873748  1.762264    3.02541877 -4.94426591 -1.93025958
  0.75339142  3.25052759 -7.12335051 -5.52346265 -2.17576909 -3.32202886
 -3.61604635 -7.26454692]
2022-09-12 17:38:03,229 mloop.controllers    INFO     cost 77.33196321861841 +/- 0.0
2022-09-12 17:38:03,230 mloop.controllers    INFO     Run:68 (trainer)
2022-09-12 17:38:03,234 mloop.controllers    INFO     params [10.05299662  7.41942113  3.74540354  6.81831981  6.93796062  9.62023275
  0.27876424  0.11317797  0.48874867  0.49162047  0.01527731  2.61546993
  4.49449816 -1.79111794  0.73713581  0.24145423  4.10405615 -4.87405469
 -7.66799184  6.12360079 -2.57631636 -0.09343735  7.50155353  1.28187203
  7.79525478 -3.36421785]
2022-09-12 17:38:03,279 mloop.controllers    INFO     cost 76.01087505264432 +/- 0.0
2022-09-12 17:38:03,280 mloop.controllers    INFO     Run:69 (trainer)
2022-09-12 17:38:03,283 mloop.controllers    INFO     params [ 8.05341042  3.48579005 10.40619798  7.50044194 14.52922531  7.26368726
  0.04431568  0.35330869  0.30619377  0.12087475  0.05507452 -6.29398473
  1.95546222 -6.69505603  6.06718561  4.47093259  7.33161162  7.63380763
  7.80641689  2.51695073 -5.47873486 -3.69762923 -1.78404921 -7.64083177
  3.78198201  3.82982155]
2022-09-12 17:38:03,333 mloop.controllers    INFO     cost 98.17089183942977 +/- 0.0
2022-09-12 17:38:03,334 mloop.controllers    INFO     Run:70 (trainer)
2022-09-12 17:38:03,338 mloop.controllers    INFO     params [ 5.17575271  3.33263813 14.45017267 18.99990403  7.28501586 13.87574258
  0.34467884  0.10209485  0.4988098   0.20903089  0.1819967  -0.74675666
  6.93174492  0.32434699 -2.82403005  3.08725965  7.34184062 -5.88008623
 -7.92018424  4.61256223 -7.37282423  2.11591287 -6.85684041 -1.67833363
 -3.37171334 -5.75721476]
2022-09-12 17:38:03,379 mloop.controllers    INFO     cost 99.84692961089236 +/- 0.0
2022-09-12 17:38:03,380 mloop.controllers    INFO     Run:71 (trainer)
2022-09-12 17:38:03,382 mloop.controllers    INFO     params [ 3.91600522  2.8576422  19.57496246  7.74033834 15.77632258 14.8496879
  0.29694219  0.3993869   0.05098297  0.39649593  0.359823    4.29280528
  2.45076462 -1.8890533   4.97692603  2.05433715 -4.29215929 -2.13972077
 -4.56462923 -3.42969938  4.10222414 -5.41519991 -4.66652384  1.39294575
  4.04287    -1.25702875]
2022-09-12 17:38:03,424 mloop.controllers    INFO     cost 88.19803968098662 +/- 0.0
2022-09-12 17:38:03,425 mloop.controllers    INFO     Run:72 (trainer)
2022-09-12 17:38:03,427 mloop.controllers    INFO     params [11.09256586  9.68356309  3.47342867 17.10926688 13.65621715  9.41639849
  0.15044461  0.20877961  0.42035735  0.45803237  0.36600472  5.37204651
  3.07440633  0.25435503 -2.15103915  1.69856123 -4.14252753  1.93001024
 -0.51663055 -3.89248339  5.34406461 -4.3427266  -3.30635346 -0.20905539
 -2.71275975 -3.75892971]
2022-09-12 17:38:03,468 mloop.controllers    INFO     cost 61.733279344044455 +/- 0.0
2022-09-12 17:38:03,469 mloop.controllers    INFO     Run:73 (trainer)
2022-09-12 17:38:03,472 mloop.controllers    INFO     params [19.52035016 14.31323839  2.23781763  7.12372054 12.18139919  9.69576039
  0.3416957   0.20544979  0.16296227  0.04488769  0.12398902  0.12261357
  0.63575404  4.62023422 -0.54243688  1.18475007  7.50042309 -4.50837126
 -4.48732901 -1.85023047  0.78540251  5.76573427  1.26022298  2.10460822
 -3.95519725  5.51986165]
2022-09-12 17:38:03,511 mloop.controllers    INFO     cost 71.4627655855839 +/- 0.0
2022-09-12 17:38:03,512 mloop.controllers    INFO     Run:74 (trainer)
2022-09-12 17:38:03,515 mloop.controllers    INFO     params [19.8040042  16.07928649 15.23174829  5.24844123 19.39957913 11.06219862
  0.13567296  0.0547631   0.41553948  0.21157288  0.09347916 -7.49302281
 -6.72073425  3.46506521  6.1095606  -4.2941055  -4.96917765 -2.04793864
  1.98568779  2.09174121  3.95906901  1.21612718 -3.86490493  0.72800443
  2.78578739 -0.94701536]
2022-09-12 17:38:03,551 mloop.controllers    INFO     cost 86.99886883702187 +/- 0.0
2022-09-12 17:38:03,552 mloop.controllers    INFO     Run:75 (trainer)
2022-09-12 17:38:03,557 mloop.controllers    INFO     params [ 5.57557689  9.44976578  4.42319689  5.89201247 11.6028349  11.04028978
  0.31658489  0.3872006   0.08020944  0.10282752  0.412737    4.00354493
  4.42387081 -7.03415376 -5.3836181  -0.73887514 -6.22336555 -4.09291661
  6.67035613 -5.52142811  0.44291412 -6.44060385 -6.96593355  5.84020338
  6.25472298 -1.7378444 ]
2022-09-12 17:38:03,600 mloop.controllers    INFO     cost 92.43790960327418 +/- 0.0
2022-09-12 17:38:03,603 mloop.controllers    INFO     Run:76 (trainer)
2022-09-12 17:38:03,606 mloop.controllers    INFO     params [14.2173876   7.44912755 17.96088963 17.96950847 16.3714809  10.71447788
  0.05319234  0.26921238  0.27121556  0.42341372  0.27178932  2.04699814
  6.86259033 -4.94325979  1.94845469  0.9344553   6.23372541  5.80905287
  0.41320437  1.21988804 -3.61213602 -3.37300802  4.06029089  4.22014368
  3.42357827  3.96553637]
2022-09-12 17:38:03,631 mloop.neuralnet      DEBUG    Finished constructing net in: 2.329638957977295
2022-09-12 17:38:03,649 mloop.controllers    INFO     cost 80.60587773422066 +/- 0.0
2022-09-12 17:38:03,650 mloop.controllers    INFO     Run:77 (trainer)
2022-09-12 17:38:03,653 mloop.controllers    INFO     params [ 4.2473497   4.199665   11.58356182 11.94733864  3.76000481  9.82554518
  0.16856782  0.02052533  0.02743177  0.22248263  0.45658956  2.95500814
 -1.28396324 -3.02958597  5.68200261 -2.80732845 -7.29454735  4.90641683
 -7.38560356 -4.27643247  3.27037168 -1.25074757  7.98956966  0.86295312
 -0.44051929 -5.10740355]
2022-09-12 17:38:03,691 mloop.controllers    INFO     cost 81.7008713049223 +/- 0.0
2022-09-12 17:38:03,691 mloop.controllers    INFO     Run:78 (trainer)
2022-09-12 17:38:03,694 mloop.controllers    INFO     params [ 1.12265765e+01  1.47937820e+01  1.53298133e+01  1.14247817e+01
  1.59102820e+01  1.09591218e+01  1.00570722e-01  3.92698783e-01
  1.26241191e-03  4.80970116e-01  4.62617570e-01 -4.59222707e+00
  4.14676259e+00 -6.52759601e+00  5.31758213e+00 -2.10851885e+00
  5.39575274e+00 -6.50087627e+00 -4.02122925e-01  6.97666752e+00
 -7.59854917e+00  5.85906266e+00 -3.85292452e+00 -5.39629225e+00
 -5.33577330e+00 -6.68868497e+00]
2022-09-12 17:38:03,729 mloop.controllers    INFO     cost 92.86570358334892 +/- 0.0
2022-09-12 17:38:03,729 mloop.controllers    INFO     Run:79 (trainer)
2022-09-12 17:38:03,731 mloop.controllers    INFO     params [ 1.27599986e+01  1.52396761e+01  1.85929285e+00  9.77605755e+00
  1.73208404e+01  4.11120174e+00  7.72438806e-02  4.59479465e-02
  1.54625780e-01  5.92593183e-03  3.31201760e-01 -2.17511541e+00
  6.08709221e+00  5.07698420e+00 -6.92704866e-01 -3.06173932e+00
  6.65716100e+00  3.47607623e+00  2.59695400e+00  5.33182780e+00
 -9.56896381e-01  6.86542442e+00 -3.50562657e+00  3.12524984e+00
 -7.86461809e-02 -1.53353338e+00]
2022-09-12 17:38:03,770 mloop.controllers    INFO     cost 80.699952898837 +/- 0.0
2022-09-12 17:38:03,771 mloop.controllers    INFO     Run:80 (trainer)
2022-09-12 17:38:03,774 mloop.controllers    INFO     params [18.30041588  2.07927479  7.91386865 19.0966141   6.12542951  8.40228179
  0.17939389  0.22940036  0.41430832  0.34731309  0.47323661 -1.29499554
  5.2031924   1.23663365  5.99384777 -4.6188619  -4.95367487  2.58465612
 -2.87313351 -5.03636301  1.96133161  7.66619425 -4.38483723 -1.49047979
  5.77167371 -2.8565295 ]
2022-09-12 17:38:03,804 mloop.neuralnet      INFO     Constructing net
2022-09-12 17:38:03,816 mloop.controllers    INFO     cost 92.27114386185883 +/- 0.0
2022-09-12 17:38:03,818 mloop.controllers    INFO     Run:81 (trainer)
2022-09-12 17:38:03,822 mloop.controllers    INFO     params [ 1.73525029e+01  1.73771588e+01  1.98288870e+00  1.53396411e+01
  4.26371068e+00  1.05137187e+01  2.09301372e-01  3.57390280e-01
  1.97330992e-01  4.55443907e-03  1.37396171e-02 -7.92160318e+00
 -2.64974325e+00 -4.78468442e+00 -3.18852616e+00  7.56495281e-01
 -4.39649241e+00  1.63562975e+00 -5.74600080e+00  6.20674727e+00
 -6.08974398e+00  2.87990720e+00  4.70018059e-02  6.27464852e+00
  6.95937963e+00 -4.09993745e+00]
2022-09-12 17:38:03,861 mloop.controllers    INFO     cost 97.76292708417179 +/- 0.0
2022-09-12 17:38:03,861 mloop.controllers    INFO     Run:82 (trainer)
2022-09-12 17:38:03,863 mloop.controllers    INFO     params [10.11324088 12.93462118 16.7375352  18.02322525  4.31183673 15.30929022
  0.13656456  0.14061655  0.32765885  0.24266642  0.39468421  7.90383433
 -7.36273954 -2.55166245  1.56279373  6.92401349 -3.37155349  1.02907716
 -2.58698406  2.85686537  1.29117701 -6.58850937 -5.25960838  0.18288677
  7.49132276 -7.06766967]
2022-09-12 17:38:03,896 mloop.controllers    INFO     cost 92.17028734000158 +/- 0.0
2022-09-12 17:38:03,897 mloop.controllers    INFO     Run:83 (trainer)
2022-09-12 17:38:03,899 mloop.controllers    INFO     params [16.70084381  7.35261072  4.87398837 18.85200832 19.27895942 12.59552187
  0.38826122  0.36521431  0.38475151  0.43624427  0.42727759 -4.82647176
  1.4983176  -4.71623701  1.6889618  -7.96407328 -5.07774838 -5.37602674
  7.71521598 -1.73179998 -0.11183567  1.09205852  0.19169012 -5.19504214
 -3.74610194 -1.60921004]
2022-09-12 17:38:03,934 mloop.controllers    INFO     cost 87.6007741753808 +/- 0.0
2022-09-12 17:38:03,935 mloop.controllers    INFO     Run:84 (trainer)
2022-09-12 17:38:03,939 mloop.controllers    INFO     params [ 3.97578701 11.88451848  2.18720063  7.72903409 16.23482711  8.38470567
  0.40602685  0.27562413  0.38107648  0.48773189  0.46249482  6.36546179
  3.20453054  3.11155028  0.3607109  -6.16457281 -4.73151534 -5.35546855
 -5.80901321  2.93745403  1.58608399 -3.86851232  7.93352266 -6.5503919
  4.43909823  4.01565076]
2022-09-12 17:38:03,975 mloop.controllers    INFO     cost 93.93160966609058 +/- 0.0
2022-09-12 17:38:03,976 mloop.controllers    INFO     Run:85 (trainer)
2022-09-12 17:38:03,979 mloop.controllers    INFO     params [ 8.00122084 13.2068063   3.78679055 10.3857096   5.66768525 14.87879393
  0.01520403  0.46823047  0.18040278  0.48228784  0.06511674 -6.51124343
  4.13434045 -4.31148578  4.64322126  5.1691001   2.6475817   0.78716886
  0.32161545 -4.94599972 -3.19871935  1.01762534 -6.10652041  6.71718505
  0.95147867  6.44726638]
2022-09-12 17:38:04,017 mloop.controllers    INFO     cost 81.77204069060905 +/- 0.0
2022-09-12 17:38:04,021 mloop.controllers    INFO     Run:86 (trainer)
2022-09-12 17:38:04,023 mloop.controllers    INFO     params [17.42384512  4.8277389   3.84741567 17.70848082  4.87444715  7.03018855
  0.17106677  0.09390378  0.17599004  0.47581867  0.44002508 -5.30091954
 -5.26815094  2.45049419  2.58765706 -3.5519668  -4.38595454  7.67257054
 -4.42912823 -4.769875    1.79515073  1.21125927 -6.12768698  1.60009251
 -3.15454596  3.13675294]
2022-09-12 17:38:04,063 mloop.controllers    INFO     cost 93.61212407284849 +/- 0.0
2022-09-12 17:38:04,063 mloop.controllers    INFO     Run:87 (trainer)
2022-09-12 17:38:04,066 mloop.controllers    INFO     params [ 3.40056464  5.44012078 11.55571726 19.42868839  9.54725802  6.82195429
  0.2268587   0.08698058  0.48250449  0.2777934   0.34502961  2.7665435
 -5.48165698 -6.36621982  7.48294373  4.60006795 -2.75726529  6.02934816
 -7.76274351 -4.64195765  4.67644183 -3.24585533 -5.55307825  0.48578115
 -1.42976932  7.81031759]
2022-09-12 17:38:04,107 mloop.controllers    INFO     cost 98.29848622261338 +/- 0.0
2022-09-12 17:38:04,108 mloop.controllers    INFO     Run:88 (trainer)
2022-09-12 17:38:04,111 mloop.controllers    INFO     params [10.85968959 16.61780418 10.12577824 18.27066931 19.58967008 14.20606411
  0.17077421  0.27212973  0.48871525  0.30911961  0.36562859 -3.10617235
  7.11068176 -5.41490934 -6.57405851 -7.1063879   4.94226301 -1.21435387
 -3.59487864 -1.0586947  -4.68796855 -4.59401565  7.75864264 -4.30948342
 -2.79437324 -4.80133633]
2022-09-12 17:38:04,151 mloop.controllers    INFO     cost 96.38927873987963 +/- 0.0
2022-09-12 17:38:04,152 mloop.controllers    INFO     Run:89 (trainer)
2022-09-12 17:38:04,155 mloop.controllers    INFO     params [18.21731832 14.75780792 17.25837901 17.919267   17.37569776 14.20150428
  0.14773072  0.24593819  0.32812089  0.2879245   0.17270157  4.00855203
  5.62457798 -5.85935812  7.17046843  1.42786593 -5.76836965 -7.70278162
  1.09949494  3.50689266 -7.41695116  1.23141276  7.42038371  3.03313713
  6.57686409 -4.48383732]
2022-09-12 17:38:04,196 mloop.controllers    INFO     cost 107.89809673871954 +/- 0.0
2022-09-12 17:38:04,196 mloop.controllers    INFO     Run:90 (trainer)
2022-09-12 17:38:04,199 mloop.controllers    INFO     params [14.76717565 15.6966054  11.45314334 11.23661779  2.55774848  7.02805414
  0.25751444  0.03308263  0.10351047  0.29815398  0.24765697  0.97946695
  7.2755364  -3.58369778  3.66761666  1.18105023 -5.4734397  -5.21334148
 -0.65967477 -1.77384112 -5.65353054 -0.43290864  1.46974328 -2.17438965
  2.34157027 -2.30879425]
2022-09-12 17:38:04,249 mloop.controllers    INFO     cost 65.50025964770084 +/- 0.0
2022-09-12 17:38:04,250 mloop.controllers    INFO     Run:91 (trainer)
2022-09-12 17:38:04,254 mloop.controllers    INFO     params [ 5.91257526 12.49087437  2.41071703  2.2006688   3.00778928 10.38868086
  0.18040687  0.29549884  0.3987916   0.44176097  0.4330527  -2.09593639
  7.68387668 -4.67253122 -7.08756423  0.91690548 -3.74914178  7.03792957
 -0.51497317  7.40250408 -2.68790729  4.63087464  7.67197804 -3.51624511
  6.48301565 -7.18783513]
2022-09-12 17:38:04,304 mloop.controllers    INFO     cost 106.00322056999306 +/- 0.0
2022-09-12 17:38:04,305 mloop.controllers    INFO     Run:92 (trainer)
2022-09-12 17:38:04,308 mloop.controllers    INFO     params [ 2.99607837 14.07801788 10.4741892   5.6443772  11.66685579 13.21078782
  0.36231309  0.09382449  0.37791188  0.44393407  0.44607941  4.07176069
  3.77645034 -0.22205716  6.8652049  -0.25011827 -2.86398725  1.65962851
 -2.25001045  3.45350425 -1.90258458 -3.32796974 -5.67200888 -2.55817871
  7.30263881  6.90660915]
2022-09-12 17:38:04,360 mloop.controllers    INFO     cost 74.60264236825222 +/- 0.0
2022-09-12 17:38:04,361 mloop.controllers    INFO     Run:93 (trainer)
2022-09-12 17:38:04,363 mloop.controllers    INFO     params [19.28863322 16.69933917 11.99199     1.92422292 16.377333   11.53786087
  0.05098677  0.4108901   0.29497732  0.28693408  0.21254265 -0.98846873
  6.35069215  1.12265928  3.56474672 -0.99164745  0.64268234 -4.83262152
  1.34796164 -6.47716304  0.40599771 -1.94557595  3.09963808  5.88347124
 -1.89241175  2.20704091]
2022-09-12 17:38:04,409 mloop.controllers    INFO     cost 73.52548393019657 +/- 0.0
2022-09-12 17:38:04,410 mloop.controllers    INFO     Run:94 (trainer)
2022-09-12 17:38:04,413 mloop.controllers    INFO     params [ 5.68876527 13.24152745  7.48835687  4.54132163  9.48274255  9.94185602
  0.2613778   0.09176778  0.18434868  0.26613329  0.22012743 -7.99151272
 -1.82202045  7.65942668 -0.30726268 -3.63157774 -2.1493745   0.746323
  0.69829477 -4.76996679  0.04361984 -7.93207883 -6.72692159 -7.62990477
  7.33608633 -5.03485943]
2022-09-12 17:38:04,456 mloop.controllers    INFO     cost 83.53648241455966 +/- 0.0
2022-09-12 17:38:04,457 mloop.controllers    INFO     Run:95 (trainer)
2022-09-12 17:38:04,459 mloop.controllers    INFO     params [ 1.85113022e+01  1.38279409e+01  7.98727120e+00  4.39013543e+00
  4.79819420e+00  5.00591174e+00  3.77696711e-01  3.11516068e-01
  6.88761804e-02  1.77464112e-01  7.86540685e-03 -2.28579904e+00
 -1.50475276e+00 -6.42220413e+00  5.74307331e+00 -5.63124979e+00
  1.53922727e+00  6.44446656e+00 -6.29173418e+00  3.69537611e+00
 -4.67103859e+00  3.12931360e+00  5.05454665e+00 -2.38569461e+00
  2.19846166e+00 -5.93469392e+00]
2022-09-12 17:38:04,509 mloop.controllers    INFO     cost 94.66686971084428 +/- 0.0
2022-09-12 17:38:04,510 mloop.controllers    INFO     Run:96 (trainer)
2022-09-12 17:38:04,513 mloop.controllers    INFO     params [14.11821118 15.24140849 17.13967453  2.77398584 12.66268153  6.89453299
  0.19313576  0.32584742  0.29947522  0.04132795  0.08888597  6.72609573
 -5.27833473 -1.63170029  7.08988565 -1.33833168 -6.886458   -7.48130215
  1.53564434  6.91385188 -6.02022669 -5.85227463  1.58120407  1.55862852
 -1.41866323 -5.67401487]
2022-09-12 17:38:04,564 mloop.controllers    INFO     cost 94.35454632596092 +/- 0.0
2022-09-12 17:38:04,564 mloop.controllers    INFO     Run:97 (trainer)
2022-09-12 17:38:04,566 mloop.controllers    INFO     params [ 7.29744989e+00  1.83311578e+00  4.87478246e+00  1.50476265e+01
  4.34575326e+00  5.03202551e+00  2.31720175e-01  8.69108187e-03
  5.97108950e-03  1.89490493e-01  1.29630975e-01  1.57136194e+00
 -1.67166118e+00  7.99874951e+00  6.39765717e+00 -2.07980071e+00
 -4.95693712e+00  4.76744673e+00 -6.03857463e+00 -3.45523802e+00
  5.54715336e+00 -6.29909823e+00  2.46521851e+00  7.93143692e+00
  5.68691736e+00  3.84704726e+00]
2022-09-12 17:38:04,624 mloop.controllers    INFO     cost 105.74079439753979 +/- 0.0
2022-09-12 17:38:04,625 mloop.controllers    INFO     Run:98 (trainer)
2022-09-12 17:38:04,629 mloop.controllers    INFO     params [ 1.41842309e+01  1.36419359e+01  9.67466229e+00  1.56207524e+01
  5.24667902e+00  4.26693237e+00  1.63283677e-01  2.35526037e-03
  4.68070215e-02  8.47521713e-02  3.63241955e-01 -5.67688706e+00
  2.30281476e+00 -3.53136285e+00  2.34369264e+00  1.34629356e+00
  1.67809090e+00  4.77869360e-02 -6.31440502e+00  6.16610417e+00
  1.21273475e+00 -6.00512129e+00  5.91384454e+00 -6.75002171e+00
  4.88532449e-01 -4.70747807e+00]
2022-09-12 17:38:04,691 mloop.controllers    INFO     cost 78.66735994614832 +/- 0.0
2022-09-12 17:38:04,692 mloop.controllers    INFO     Run:99 (trainer)
2022-09-12 17:38:04,694 mloop.controllers    INFO     params [14.76830998 19.62238647  9.52697582 11.26759408  7.86225477 10.79995958
  0.02112014  0.05247998  0.36111822  0.26768807  0.04920716  7.5467172
 -5.06004066 -7.15309194 -1.03409426  4.60629911  3.38853209 -7.98691432
  5.96222617 -4.62853999  6.01899009  1.09008159  2.71267945  7.69975327
 -6.32032384  2.11450366]
2022-09-12 17:38:04,747 mloop.controllers    INFO     cost 92.25530616314558 +/- 0.0
2022-09-12 17:38:04,748 mloop.controllers    INFO     Run:100 (trainer)
2022-09-12 17:38:04,751 mloop.controllers    INFO     params [ 8.33651444  3.74345331  4.31273821 16.09954546  3.1963604  10.04869227
  0.49519348  0.05761768  0.22330748  0.11924961  0.19147021 -6.04926486
 -4.31334867  7.2223081  -3.70104141 -7.61888466 -5.99002116 -3.67074149
  6.87527849 -7.83343211  1.79827173 -0.4882115  -5.23250955 -7.41885627
  6.99978234 -5.93727869]
2022-09-12 17:38:04,799 mloop.controllers    INFO     cost 111.03945091377899 +/- 0.0
2022-09-12 17:38:04,800 mloop.controllers    INFO     Controller finished. Closing down M-LOOP. Please wait a moment...
2022-09-12 17:38:04,800 mloop.controllers    DEBUG    ML learner end set.
2022-09-12 17:38:05,405 mloop.neuralnet      DEBUG    Finished constructing net in: 1.6011672019958496
2022-09-12 17:38:05,516 mloop.neuralnet      INFO     Constructing net
2022-09-12 17:38:06,770 mloop.neuralnet      DEBUG    Finished constructing net in: 1.2543971538543701
2022-09-12 17:38:06,864 mloop.controllers    DEBUG    ML learner joined
2022-09-12 17:38:06,865 mloop.controllers    INFO     Machine learning learner did not provide best and/or all minima.
2022-09-12 17:38:06,865 mloop.controllers    DEBUG    Learner end event set.
2022-09-12 17:38:06,866 mloop.controllers    DEBUG    Interface end event set.
2022-09-12 17:38:07,753 mloop.learners.1     DEBUG    Learner end signal received. Ending
2022-09-12 17:38:07,755 mloop.interfaces     DEBUG    Interface ended
2022-09-12 17:38:08,755 mloop.controllers    DEBUG    Learner joined.
2022-09-12 17:38:08,756 mloop.controllers    DEBUG    Interface joined.
2022-09-12 17:38:08,780 mloop.controllers    INFO     Optimization ended because:
2022-09-12 17:38:08,781 mloop.controllers    INFO     	* Maximum number of runs reached.
2022-09-12 17:38:08,781 mloop.controllers    INFO     Results:
2022-09-12 17:38:08,782 mloop.controllers    INFO     	* Best parameters found:[11.09256586  9.68356309  3.47342867 17.10926688 13.65621715  9.41639849
  0.15044461  0.20877961  0.42035735  0.45803237  0.36600472  5.37204651
  3.07440633  0.25435503 -2.15103915  1.69856123 -4.14252753  1.93001024
 -0.51663055 -3.89248339  5.34406461 -4.3427266  -3.30635346 -0.20905539
 -2.71275975 -3.75892971]
2022-09-12 17:38:08,782 mloop.controllers    INFO     	* Best cost returned:61.733279344044455 +/- 0.0
2022-09-12 17:38:08,782 mloop.controllers    INFO     	* Best run number:72
2022-09-12 17:38:08,783 mloop.controllers    INFO     M-LOOP Done.
2022-09-12 17:38:08,784 mloop.visualizations DEBUG    Creating controller visualizations.
2022-09-12 17:38:09,028 mloop.visualizations DEBUG    Creating learner visualizations.
