2022-09-16 14:19:18,836 mloop                INFO     M-LOOP version 3.3.1
2022-09-16 14:19:18,836 mloop                DEBUG    M-LOOP Logger configured.
2022-09-16 14:19:18,836 mloop.interfaces     DEBUG    Creating interface.
2022-09-16 14:19:18,837 mloop.controllers    DEBUG    Controller init completed.
2022-09-16 14:19:18,838 mloop.learners.1     DEBUG    Learner init completed.
2022-09-16 14:19:18,839 mloop.learners.2     DEBUG    Learner init completed.
2022-09-16 14:19:18,840 mloop.controllers    INFO     Optimization started.
2022-09-16 14:19:18,847 mloop.interfaces     DEBUG    Entering main loop of interface.
2022-09-16 14:19:18,848 mloop.controllers    DEBUG    ML learner started.
2022-09-16 14:19:19,108 mloop.controllers    DEBUG    Starting training optimization.
2022-09-16 14:19:19,108 mloop.controllers    INFO     Run:1 (training)
2022-09-16 14:19:19,111 mloop.controllers    INFO     params [1.4155762  0.85165021 0.72464885]
2022-09-16 14:19:19,113 mloop.controllers    INFO     cost -0.28293486014876673 +/- 0.0
2022-09-16 14:19:19,115 mloop.controllers    INFO     Run:2 (training)
2022-09-16 14:19:19,120 mloop.controllers    INFO     params [ 1.04332981 -1.94176129  0.43013637]
2022-09-16 14:19:19,123 mloop.controllers    INFO     cost -0.5767339707278794 +/- 0.0
2022-09-16 14:19:19,123 mloop.controllers    INFO     Run:3 (training)
2022-09-16 14:19:19,124 mloop.controllers    INFO     params [ 0.56825884 -0.39495709  0.30838435]
2022-09-16 14:19:19,126 mloop.controllers    INFO     cost -1.9377198586287108 +/- 0.0
2022-09-16 14:19:19,127 mloop.controllers    INFO     Run:4 (training)
2022-09-16 14:19:19,129 mloop.controllers    INFO     params [-1.09400564 -1.80169475 -0.01975326]
2022-09-16 14:19:19,132 mloop.controllers    INFO     cost -0.8538810534030952 +/- 0.0
2022-09-16 14:19:19,132 mloop.controllers    INFO     Run:5 (training)
2022-09-16 14:19:19,134 mloop.controllers    INFO     params [ 1.16810656 -1.13593447  1.61924086]
2022-09-16 14:19:19,136 mloop.controllers    INFO     cost 0.4541447927610285 +/- 0.0
2022-09-16 14:19:19,137 mloop.controllers    INFO     Run:6 (training)
2022-09-16 14:19:19,141 mloop.controllers    INFO     params [ 0.77975915 -1.1021481  -1.64925012]
2022-09-16 14:19:19,143 mloop.controllers    INFO     cost 0.09964018261496052 +/- 0.0
2022-09-16 14:19:19,144 mloop.controllers    INFO     Run:7 (training)
2022-09-16 14:19:19,145 mloop.controllers    INFO     params [ 0.3022177  -1.86335498  1.12063227]
2022-09-16 14:19:19,148 mloop.controllers    INFO     cost -0.6711411697194162 +/- 0.0
2022-09-16 14:19:19,149 mloop.controllers    INFO     Run:8 (training)
2022-09-16 14:19:19,150 mloop.controllers    INFO     params [-0.14736844 -0.95345035  1.15580112]
2022-09-16 14:19:19,153 mloop.controllers    INFO     cost -0.7316888914814842 +/- 0.0
2022-09-16 14:19:19,153 mloop.controllers    INFO     Run:9 (training)
2022-09-16 14:19:19,154 mloop.controllers    INFO     params [ 1.75017338  1.63729014 -1.75768198]
2022-09-16 14:19:19,159 mloop.controllers    INFO     cost 0.5031122027133794 +/- 0.0
2022-09-16 14:19:19,160 mloop.controllers    INFO     Run:10 (training)
2022-09-16 14:19:19,161 mloop.controllers    INFO     params [-1.61151866 -0.77831315  0.52574769]
2022-09-16 14:19:19,164 mloop.controllers    INFO     cost -0.4191801844784627 +/- 0.0
2022-09-16 14:19:19,164 mloop.controllers    INFO     Run:11 (training)
2022-09-16 14:19:19,166 mloop.controllers    INFO     params [1.57632473 0.61417639 0.69089714]
2022-09-16 14:19:19,166 mloop.controllers    DEBUG    Starting ML optimization.
2022-09-16 14:19:19,167 mloop.controllers    INFO     cost -0.6680767336759232 +/- 0.0
2022-09-16 14:19:19,169 mloop.controllers    DEBUG    End training runs.
2022-09-16 14:19:19,170 mloop.controllers    INFO     Run:12 (machine learner)
2022-09-16 14:19:42,364 mloop.controllers    INFO     params [ 0.55440691 -0.30809179  0.28860816]
2022-09-16 14:19:42,370 mloop.controllers    INFO     cost -2.082942594953707 +/- 0.0
2022-09-16 14:19:42,373 mloop.controllers    INFO     Run:13 (machine learner)
2022-09-16 14:19:44,412 mloop.controllers    INFO     params [ 0.39185069 -0.29009844  0.21170352]
2022-09-16 14:19:44,415 mloop.controllers    INFO     cost -2.381376138979241 +/- 0.0
2022-09-16 14:19:44,415 mloop.controllers    INFO     Run:14 (machine learner)
2022-09-16 14:19:45,353 mloop.controllers    INFO     params [ 0.48814887 -0.03706121  0.23468593]
2022-09-16 14:19:45,360 mloop.controllers    INFO     cost -2.4466717796177906 +/- 0.0
2022-09-16 14:19:45,360 mloop.controllers    INFO     Run:15 (trainer)
2022-09-16 14:19:45,361 mloop.controllers    INFO     params [0.45454695 1.46531312 1.61554386]
2022-09-16 14:19:45,364 mloop.controllers    INFO     cost -0.3359665017758099 +/- 0.0
2022-09-16 14:19:45,364 mloop.controllers    INFO     Run:16 (machine learner)
2022-09-16 14:19:45,748 mloop.controllers    INFO     params [0.23153466 0.26476642 0.02000063]
2022-09-16 14:19:45,751 mloop.controllers    INFO     cost -2.8465398330242175 +/- 0.0
2022-09-16 14:19:45,751 mloop.controllers    INFO     Run:17 (machine learner)
2022-09-16 14:19:46,060 mloop.controllers    INFO     params [ 0.03281791  0.36728466 -0.02347967]
2022-09-16 14:19:46,063 mloop.controllers    INFO     cost -2.8751836709585445 +/- 0.0
2022-09-16 14:19:46,063 mloop.controllers    INFO     Run:18 (machine learner)
2022-09-16 14:19:46,321 mloop.controllers    INFO     params [0.20540955 0.46491659 0.08839712]
2022-09-16 14:19:46,324 mloop.controllers    INFO     cost -2.669561601046304 +/- 0.0
2022-09-16 14:19:46,325 mloop.controllers    INFO     Run:19 (trainer)
2022-09-16 14:19:46,326 mloop.controllers    INFO     params [-1.5433746   1.92320187 -0.01672923]
2022-09-16 14:19:46,329 mloop.controllers    INFO     cost -0.692240345857825 +/- 0.0
2022-09-16 14:19:46,329 mloop.controllers    INFO     Run:20 (machine learner)
2022-09-16 14:19:46,663 mloop.controllers    INFO     params [ 0.07649734  0.27260289 -0.18232295]
2022-09-16 14:19:46,666 mloop.controllers    INFO     cost -2.931001215240869 +/- 0.0
2022-09-16 14:19:46,666 mloop.controllers    INFO     Run:21 (machine learner)
2022-09-16 14:19:46,882 mloop.controllers    INFO     params [0.06495907 0.31655995 0.04205669]
2022-09-16 14:19:46,885 mloop.controllers    INFO     cost -2.8848287780942146 +/- 0.0
2022-09-16 14:19:46,885 mloop.controllers    INFO     Run:22 (machine learner)
2022-09-16 14:19:47,083 mloop.controllers    INFO     params [0.08794132 0.09704022 0.03362185]
2022-09-16 14:19:47,086 mloop.controllers    INFO     cost -2.9582003946895026 +/- 0.0
2022-09-16 14:19:47,087 mloop.controllers    INFO     Run:23 (trainer)
2022-09-16 14:19:47,087 mloop.controllers    INFO     params [-1.12495884  0.29302032  0.38238661]
2022-09-16 14:19:47,091 mloop.controllers    INFO     cost -1.490439198590039 +/- 0.0
2022-09-16 14:19:47,091 mloop.controllers    INFO     Run:24 (machine learner)
2022-09-16 14:19:47,451 mloop.controllers    INFO     params [ 0.02507425  0.09602453 -0.07329439]
2022-09-16 14:19:47,455 mloop.controllers    INFO     cost -2.99776738786007 +/- 0.0
2022-09-16 14:19:47,455 mloop.controllers    INFO     Run:25 (machine learner)
2022-09-16 14:19:47,905 mloop.controllers    INFO     params [ 0.03220827  0.17840524 -0.07979262]
2022-09-16 14:19:47,910 mloop.controllers    INFO     cost -2.987541504133772 +/- 0.0
2022-09-16 14:19:47,910 mloop.controllers    INFO     Run:26 (machine learner)
2022-09-16 14:19:48,555 mloop.controllers    INFO     params [-0.00057902  0.08549678 -0.08736667]
2022-09-16 14:19:48,558 mloop.controllers    INFO     cost -2.9993909708299245 +/- 0.0
2022-09-16 14:19:48,559 mloop.controllers    INFO     Run:27 (trainer)
2022-09-16 14:19:48,559 mloop.controllers    INFO     params [-1.59186986  1.22604515 -1.62609166]
2022-09-16 14:19:48,563 mloop.controllers    INFO     cost 0.5086008973663335 +/- 0.0
2022-09-16 14:19:48,563 mloop.controllers    INFO     Run:28 (machine learner)
2022-09-16 14:19:48,942 mloop.controllers    INFO     params [-0.03958711  0.04224172 -0.03869714]
2022-09-16 14:19:48,946 mloop.controllers    INFO     cost -2.9857753730998837 +/- 0.0
2022-09-16 14:19:48,947 mloop.controllers    INFO     Run:29 (machine learner)
2022-09-16 14:19:49,218 mloop.controllers    INFO     params [-0.02196544  0.13110137 -0.09354836]
2022-09-16 14:19:49,221 mloop.controllers    INFO     cost -2.9975476959628455 +/- 0.0
2022-09-16 14:19:49,222 mloop.controllers    INFO     Run:30 (machine learner)
2022-09-16 14:19:49,524 mloop.controllers    INFO     params [-0.04693761  0.07769163 -0.08416868]
2022-09-16 14:19:49,528 mloop.controllers    INFO     cost -2.995149277215078 +/- 0.0
2022-09-16 14:19:49,528 mloop.controllers    INFO     Run:31 (trainer)
2022-09-16 14:19:49,529 mloop.controllers    INFO     params [ 1.28059116  1.52554542 -0.07100858]
2022-09-16 14:19:49,533 mloop.controllers    INFO     cost -0.5895922312214332 +/- 0.0
2022-09-16 14:19:49,533 mloop.controllers    INFO     Run:32 (machine learner)
2022-09-16 14:19:49,780 mloop.controllers    INFO     params [-0.03914384  0.0412962  -0.03669497]
2022-09-16 14:19:49,784 mloop.controllers    INFO     cost -2.985243343440816 +/- 0.0
2022-09-16 14:19:49,785 mloop.controllers    INFO     Run:33 (machine learner)
2022-09-16 14:19:50,130 mloop.controllers    INFO     params [-0.00967858  0.10787936 -0.07975059]
2022-09-16 14:19:50,134 mloop.controllers    INFO     cost -2.9990694465275514 +/- 0.0
2022-09-16 14:19:50,134 mloop.controllers    INFO     Run:34 (machine learner)
2022-09-16 14:19:50,404 mloop.controllers    INFO     params [-0.0239923   0.08281686 -0.07398977]
2022-09-16 14:19:50,408 mloop.controllers    INFO     cost -2.997455302519195 +/- 0.0
2022-09-16 14:19:50,408 mloop.controllers    INFO     Run:35 (trainer)
2022-09-16 14:19:50,409 mloop.controllers    INFO     params [-0.29045694 -0.73542743 -1.65876352]
2022-09-16 14:19:50,414 mloop.controllers    INFO     cost -0.8544846773693211 +/- 0.0
2022-09-16 14:19:50,414 mloop.controllers    INFO     Run:36 (machine learner)
2022-09-16 14:19:50,643 mloop.controllers    INFO     params [-0.03136358  0.06721051 -0.06252757]
2022-09-16 14:19:50,648 mloop.controllers    INFO     cost -2.994306904004847 +/- 0.0
2022-09-16 14:19:50,648 mloop.controllers    INFO     Run:37 (machine learner)
2022-09-16 14:19:50,878 mloop.controllers    INFO     params [-0.01064192  0.10624975 -0.08023846]
2022-09-16 14:19:50,883 mloop.controllers    INFO     cost -2.999107219000752 +/- 0.0
2022-09-16 14:19:50,883 mloop.controllers    INFO     Run:38 (machine learner)
2022-09-16 14:19:51,199 mloop.controllers    INFO     params [-0.0632359   0.06476621 -0.09917175]
2022-09-16 14:19:51,203 mloop.controllers    INFO     cost -2.9913933088059403 +/- 0.0
2022-09-16 14:19:51,203 mloop.controllers    INFO     Run:39 (trainer)
2022-09-16 14:19:51,204 mloop.controllers    INFO     params [ 1.11675118  1.6101815  -0.71426364]
2022-09-16 14:19:51,208 mloop.controllers    INFO     cost -0.17228209477279421 +/- 0.0
2022-09-16 14:19:51,209 mloop.controllers    INFO     Run:40 (machine learner)
2022-09-16 14:19:51,577 mloop.controllers    INFO     params [-0.01552123  0.04544805 -0.07452132]
2022-09-16 14:19:51,582 mloop.controllers    INFO     cost -2.993648279171356 +/- 0.0
2022-09-16 14:19:51,582 mloop.controllers    INFO     Run:41 (machine learner)
2022-09-16 14:19:51,958 mloop.controllers    INFO     params [-0.01204425  0.10635058 -0.08797646]
2022-09-16 14:19:51,963 mloop.controllers    INFO     cost -2.9994572741115646 +/- 0.0
2022-09-16 14:19:51,963 mloop.controllers    INFO     Run:42 (machine learner)
2022-09-16 14:19:52,286 mloop.controllers    INFO     params [-0.02317395  0.08747866 -0.09279523]
2022-09-16 14:19:52,291 mloop.controllers    INFO     cost -2.998773588431768 +/- 0.0
2022-09-16 14:19:52,291 mloop.controllers    INFO     Run:43 (trainer)
2022-09-16 14:19:52,292 mloop.controllers    INFO     params [ 0.74858593  0.84490217 -1.1288285 ]
2022-09-16 14:19:52,296 mloop.controllers    INFO     cost -0.5809821257285313 +/- 0.0
2022-09-16 14:19:52,296 mloop.controllers    INFO     Run:44 (machine learner)
2022-09-16 14:19:52,627 mloop.controllers    INFO     params [-0.01737307  0.06266279 -0.06301397]
2022-09-16 14:19:52,633 mloop.controllers    INFO     cost -2.9949633258477775 +/- 0.0
2022-09-16 14:19:52,633 mloop.controllers    INFO     Run:45 (machine learner)
2022-09-16 14:19:52,943 mloop.controllers    INFO     params [-0.0096168   0.10765289 -0.09536203]
2022-09-16 14:19:52,949 mloop.controllers    INFO     cost -2.99971615988743 +/- 0.0
2022-09-16 14:19:52,949 mloop.controllers    INFO     Run:46 (machine learner)
2022-09-16 14:19:53,293 mloop.controllers    INFO     params [-0.01598268  0.09074266 -0.08678722]
2022-09-16 14:19:53,298 mloop.controllers    INFO     cost -2.999151755230197 +/- 0.0
2022-09-16 14:19:53,298 mloop.controllers    INFO     Run:47 (trainer)
2022-09-16 14:19:53,299 mloop.controllers    INFO     params [ 0.09662509 -0.58882756  0.60338609]
2022-09-16 14:19:53,304 mloop.controllers    INFO     cost -1.7311258616097875 +/- 0.0
2022-09-16 14:19:53,304 mloop.controllers    INFO     Run:48 (machine learner)
2022-09-16 14:19:53,528 mloop.controllers    INFO     params [-0.01938101  0.06570169 -0.06128804]
2022-09-16 14:19:53,533 mloop.controllers    INFO     cost -2.994985001416556 +/- 0.0
2022-09-16 14:19:53,534 mloop.controllers    INFO     Run:49 (machine learner)
2022-09-16 14:19:53,883 mloop.controllers    INFO     params [-0.01027417  0.10325206 -0.09228061]
2022-09-16 14:19:53,888 mloop.controllers    INFO     cost -2.9997109584163217 +/- 0.0
2022-09-16 14:19:53,888 mloop.controllers    INFO     Run:50 (machine learner)
2022-09-16 14:19:54,217 mloop.controllers    INFO     params [-0.01281513  0.08970325 -0.09000988]
2022-09-16 14:19:54,222 mloop.controllers    INFO     cost -2.9993913260995324 +/- 0.0
2022-09-16 14:19:54,223 mloop.controllers    INFO     Run:51 (trainer)
2022-09-16 14:19:54,223 mloop.controllers    INFO     params [ 1.00685666  1.93848508 -0.02594191]
2022-09-16 14:19:54,229 mloop.controllers    INFO     cost -0.9000625963253558 +/- 0.0
2022-09-16 14:19:54,229 mloop.controllers    INFO     Run:52 (machine learner)
2022-09-16 14:19:54,517 mloop.controllers    INFO     params [-0.01001358  0.07160558 -0.09709927]
2022-09-16 14:19:54,523 mloop.controllers    INFO     cost -2.9984955381126586 +/- 0.0
2022-09-16 14:19:54,523 mloop.controllers    INFO     Run:53 (machine learner)
2022-09-16 14:19:54,873 mloop.controllers    INFO     params [-0.0132564   0.12920755 -0.11565257]
2022-09-16 14:19:54,880 mloop.controllers    INFO     cost -2.9979053206381834 +/- 0.0
2022-09-16 14:19:54,881 mloop.controllers    INFO     Run:54 (machine learner)
2022-09-16 14:19:55,240 mloop.controllers    INFO     params [-0.01101089  0.08868101 -0.0895409 ]
2022-09-16 14:19:55,246 mloop.controllers    INFO     cost -2.9994099115360306 +/- 0.0
2022-09-16 14:19:55,247 mloop.controllers    INFO     Run:55 (trainer)
2022-09-16 14:19:55,248 mloop.controllers    INFO     params [ 1.20432384 -1.63392532  1.74217992]
2022-09-16 14:19:55,254 mloop.controllers    INFO     cost 0.37664454714005485 +/- 0.0
2022-09-16 14:19:55,254 mloop.controllers    INFO     Run:56 (machine learner)
2022-09-16 14:19:55,696 mloop.controllers    INFO     params [-0.00201562  0.07790577 -0.08651417]
2022-09-16 14:19:55,703 mloop.controllers    INFO     cost -2.998891394207579 +/- 0.0
2022-09-16 14:19:55,703 mloop.controllers    INFO     Run:57 (machine learner)
2022-09-16 14:19:56,185 mloop.controllers    INFO     params [-0.01006185  0.10623452 -0.09324105]
2022-09-16 14:19:56,191 mloop.controllers    INFO     cost -2.9996943932275477 +/- 0.0
2022-09-16 14:19:56,191 mloop.controllers    INFO     Run:58 (machine learner)
2022-09-16 14:19:56,703 mloop.controllers    INFO     params [-0.00221817  0.08740725 -0.09267002]
2022-09-16 14:19:56,708 mloop.controllers    INFO     cost -2.9996426998975463 +/- 0.0
2022-09-16 14:19:56,709 mloop.controllers    INFO     Run:59 (trainer)
2022-09-16 14:19:56,709 mloop.controllers    INFO     params [-1.59139833  1.0207734  -0.30310794]
2022-09-16 14:19:56,716 mloop.controllers    INFO     cost -0.8268378124292426 +/- 0.0
2022-09-16 14:19:56,716 mloop.controllers    INFO     Run:60 (machine learner)
2022-09-16 14:19:57,076 mloop.controllers    INFO     params [-0.00230833  0.07436123 -0.08607285]
2022-09-16 14:19:57,085 mloop.controllers    INFO     cost -2.9985912640792325 +/- 0.0
2022-09-16 14:19:57,085 mloop.controllers    INFO     Run:61 (machine learner)
2022-09-16 14:19:57,525 mloop.controllers    INFO     params [-0.00966498  0.10566546 -0.09581097]
2022-09-16 14:19:57,539 mloop.controllers    INFO     cost -2.9997646882902123 +/- 0.0
2022-09-16 14:19:57,540 mloop.controllers    INFO     Run:62 (machine learner)
2022-09-16 14:19:57,927 mloop.controllers    INFO     params [-0.00173719  0.08711093 -0.08770945]
2022-09-16 14:19:57,935 mloop.controllers    INFO     cost -2.99947332727571 +/- 0.0
2022-09-16 14:19:57,935 mloop.controllers    INFO     Run:63 (trainer)
2022-09-16 14:19:57,937 mloop.controllers    INFO     params [ 0.82554798 -0.422493    0.22202855]
2022-09-16 14:19:57,944 mloop.controllers    INFO     cost -1.646525227640319 +/- 0.0
2022-09-16 14:19:57,945 mloop.controllers    INFO     Run:64 (machine learner)
2022-09-16 14:19:58,497 mloop.controllers    INFO     params [-0.00958648  0.0788755  -0.08660472]
2022-09-16 14:19:58,506 mloop.controllers    INFO     cost -2.998819824776564 +/- 0.0
2022-09-16 14:19:58,507 mloop.controllers    INFO     Run:65 (machine learner)
2022-09-16 14:19:58,799 mloop.controllers    INFO     params [-0.02358286  0.11100433 -0.09920182]
2022-09-16 14:19:58,807 mloop.controllers    INFO     cost -2.9988851886740084 +/- 0.0
2022-09-16 14:19:58,809 mloop.controllers    INFO     Run:66 (machine learner)
2022-09-16 14:19:59,200 mloop.controllers    INFO     params [-0.00703067  0.09062791 -0.0947463 ]
2022-09-16 14:19:59,206 mloop.controllers    INFO     cost -2.999728812443597 +/- 0.0
2022-09-16 14:19:59,206 mloop.controllers    INFO     Run:67 (trainer)
2022-09-16 14:19:59,207 mloop.controllers    INFO     params [-0.08057095  0.5621773   0.00907802]
2022-09-16 14:19:59,214 mloop.controllers    INFO     cost -2.6537607519434556 +/- 0.0
2022-09-16 14:19:59,214 mloop.controllers    INFO     Run:68 (machine learner)
2022-09-16 14:19:59,523 mloop.controllers    INFO     params [-0.0127944   0.0861378  -0.08503122]
2022-09-16 14:19:59,530 mloop.controllers    INFO     cost -2.9990461596157965 +/- 0.0
2022-09-16 14:19:59,531 mloop.controllers    INFO     Run:69 (machine learner)
2022-09-16 14:19:59,764 mloop.controllers    INFO     params [-0.00915712  0.12580716 -0.10634835]
2022-09-16 14:19:59,771 mloop.controllers    INFO     cost -2.9987005996104457 +/- 0.0
2022-09-16 14:19:59,771 mloop.controllers    INFO     Run:70 (machine learner)
2022-09-16 14:19:59,963 mloop.controllers    INFO     params [-0.01243137  0.08793334 -0.091537  ]
2022-09-16 14:19:59,969 mloop.controllers    INFO     cost -2.999388510644586 +/- 0.0
2022-09-16 14:19:59,969 mloop.controllers    INFO     Run:71 (trainer)
2022-09-16 14:19:59,970 mloop.controllers    INFO     params [-1.15577235  0.7322589   0.70039638]
2022-09-16 14:19:59,978 mloop.controllers    INFO     cost -0.5645052648421405 +/- 0.0
2022-09-16 14:19:59,978 mloop.controllers    INFO     Run:72 (machine learner)
2022-09-16 14:20:00,323 mloop.controllers    INFO     params [ 0.00438344  0.06649068 -0.0791836 ]
2022-09-16 14:20:00,330 mloop.controllers    INFO     cost -2.9974097277356284 +/- 0.0
2022-09-16 14:20:00,331 mloop.controllers    INFO     Run:73 (machine learner)
2022-09-16 14:20:00,576 mloop.controllers    INFO     params [-0.02691112  0.13361391 -0.10094304]
2022-09-16 14:20:00,583 mloop.controllers    INFO     cost -2.9969501214848027 +/- 0.0
2022-09-16 14:20:00,583 mloop.controllers    INFO     Run:74 (machine learner)
2022-09-16 14:20:00,918 mloop.controllers    INFO     params [-0.00269947  0.08945921 -0.09449948]
2022-09-16 14:20:00,924 mloop.controllers    INFO     cost -2.999755489637894 +/- 0.0
2022-09-16 14:20:00,924 mloop.controllers    INFO     Run:75 (trainer)
2022-09-16 14:20:00,925 mloop.controllers    INFO     params [ 0.37092692  1.82500149 -0.56718975]
2022-09-16 14:20:00,933 mloop.controllers    INFO     cost -1.3259551709553885 +/- 0.0
2022-09-16 14:20:00,933 mloop.controllers    INFO     Run:76 (machine learner)
2022-09-16 14:20:01,407 mloop.controllers    INFO     params [-0.00859928  0.05824054 -0.08114372]
2022-09-16 14:20:01,414 mloop.controllers    INFO     cost -2.9964275425352307 +/- 0.0
2022-09-16 14:20:01,414 mloop.controllers    INFO     Run:77 (machine learner)
2022-09-16 14:20:02,120 mloop.controllers    INFO     params [-0.03122207  0.11135793 -0.10330472]
2022-09-16 14:20:02,127 mloop.controllers    INFO     cost -2.99816710928005 +/- 0.0
2022-09-16 14:20:02,128 mloop.controllers    INFO     Run:78 (machine learner)
2022-09-16 14:20:02,615 mloop.controllers    INFO     params [-0.01829156  0.09504846 -0.08767699]
2022-09-16 14:20:02,621 mloop.controllers    INFO     cost -2.9991596223145454 +/- 0.0
2022-09-16 14:20:02,622 mloop.controllers    INFO     Run:79 (trainer)
2022-09-16 14:20:02,623 mloop.controllers    INFO     params [-1.84881977  0.91559832  1.27746134]
2022-09-16 14:20:02,630 mloop.controllers    INFO     cost 0.07924518123605478 +/- 0.0
2022-09-16 14:20:02,631 mloop.controllers    INFO     Run:80 (machine learner)
2022-09-16 14:20:03,092 mloop.controllers    INFO     params [-0.00375658  0.06165032 -0.08400836]
2022-09-16 14:20:03,099 mloop.controllers    INFO     cost -2.997138731265161 +/- 0.0
2022-09-16 14:20:03,100 mloop.controllers    INFO     Run:81 (machine learner)
2022-09-16 14:20:03,538 mloop.controllers    INFO     params [-0.02860927  0.10827124 -0.09873698]
2022-09-16 14:20:03,547 mloop.controllers    INFO     cost -2.99853902491766 +/- 0.0
2022-09-16 14:20:03,547 mloop.controllers    INFO     Run:82 (machine learner)
2022-09-16 14:20:04,027 mloop.controllers    INFO     params [-0.01141905  0.09445901 -0.08807253]
2022-09-16 14:20:04,034 mloop.controllers    INFO     cost -2.999501020633013 +/- 0.0
2022-09-16 14:20:04,035 mloop.controllers    INFO     Run:83 (trainer)
2022-09-16 14:20:04,036 mloop.controllers    INFO     params [-0.03956902 -1.55460186 -0.82173173]
2022-09-16 14:20:04,044 mloop.controllers    INFO     cost -1.1655863488472589 +/- 0.0
2022-09-16 14:20:04,045 mloop.controllers    INFO     Run:84 (machine learner)
2022-09-16 14:20:04,341 mloop.controllers    INFO     params [-0.00687747  0.05938443 -0.07651926]
2022-09-16 14:20:04,352 mloop.controllers    INFO     cost -2.9963042020074715 +/- 0.0
2022-09-16 14:20:04,352 mloop.controllers    INFO     Run:85 (machine learner)
2022-09-16 14:20:04,640 mloop.controllers    INFO     params [-0.05854858  0.15422138 -0.10838506]
2022-09-16 14:20:04,648 mloop.controllers    INFO     cost -2.9894261263297484 +/- 0.0
2022-09-16 14:20:04,648 mloop.controllers    INFO     Run:86 (machine learner)
2022-09-16 14:20:04,879 mloop.controllers    INFO     params [-0.01750579  0.06154427 -0.13303575]
2022-09-16 14:20:04,886 mloop.controllers    INFO     cost -2.995270906842155 +/- 0.0
2022-09-16 14:20:04,887 mloop.controllers    INFO     Run:87 (trainer)
2022-09-16 14:20:04,888 mloop.controllers    INFO     params [-1.13226645  0.69623921 -1.86501126]
2022-09-16 14:20:04,895 mloop.controllers    INFO     cost -0.2747950144662612 +/- 0.0
2022-09-16 14:20:04,896 mloop.controllers    INFO     Run:88 (machine learner)
2022-09-16 14:20:05,453 mloop.controllers    INFO     params [-0.00967945  0.06356594 -0.08478933]
2022-09-16 14:20:05,462 mloop.controllers    INFO     cost -2.9972832321387726 +/- 0.0
2022-09-16 14:20:05,462 mloop.controllers    INFO     Run:89 (machine learner)
2022-09-16 14:20:06,099 mloop.controllers    INFO     params [-0.02207173  0.10923455 -0.08906625]
2022-09-16 14:20:06,114 mloop.controllers    INFO     cost -2.9988619407457935 +/- 0.0
2022-09-16 14:20:06,114 mloop.controllers    INFO     Run:90 (machine learner)
2022-09-16 14:20:06,645 mloop.controllers    INFO     params [-0.01250942  0.08892269 -0.09308216]
2022-09-16 14:20:06,653 mloop.controllers    INFO     cost -2.999462059989894 +/- 0.0
2022-09-16 14:20:06,653 mloop.controllers    INFO     Run:91 (trainer)
2022-09-16 14:20:06,654 mloop.controllers    INFO     params [-1.46971171  0.32094923 -0.58196796]
2022-09-16 14:20:06,663 mloop.controllers    INFO     cost -1.3653875654235526 +/- 0.0
2022-09-16 14:20:06,663 mloop.controllers    INFO     Run:92 (machine learner)
2022-09-16 14:20:07,132 mloop.controllers    INFO     params [-0.02803533  0.05928534 -0.08156132]
2022-09-16 14:20:07,141 mloop.controllers    INFO     cost -2.995423906433486 +/- 0.0
2022-09-16 14:20:07,141 mloop.controllers    INFO     Run:93 (machine learner)
2022-09-16 14:20:07,602 mloop.controllers    INFO     params [-0.02786844  0.1119444  -0.09529965]
2022-09-16 14:20:07,610 mloop.controllers    INFO     cost -2.9984519461967025 +/- 0.0
2022-09-16 14:20:07,611 mloop.controllers    INFO     Run:94 (machine learner)
2022-09-16 14:20:08,301 mloop.controllers    INFO     params [-0.01248637  0.09309511 -0.0911894 ]
2022-09-16 14:20:08,308 mloop.controllers    INFO     cost -2.9995374488552304 +/- 0.0
2022-09-16 14:20:08,309 mloop.controllers    INFO     Run:95 (trainer)
2022-09-16 14:20:08,310 mloop.controllers    INFO     params [-0.82245882 -0.22592182  1.88770758]
2022-09-16 14:20:08,320 mloop.controllers    INFO     cost -1.0328648503399611 +/- 0.0
2022-09-16 14:20:08,320 mloop.controllers    INFO     Run:96 (machine learner)
2022-09-16 14:20:08,881 mloop.controllers    INFO     params [-0.07449523  0.06945455 -0.09111493]
2022-09-16 14:20:08,890 mloop.controllers    INFO     cost -2.989232430373393 +/- 0.0
2022-09-16 14:20:08,891 mloop.controllers    INFO     Run:97 (machine learner)
2022-09-16 14:20:09,468 mloop.controllers    INFO     params [-0.0391993   0.10996097 -0.10843623]
2022-09-16 14:20:09,478 mloop.controllers    INFO     cost -2.9971940647656194 +/- 0.0
2022-09-16 14:20:09,478 mloop.controllers    INFO     Run:98 (machine learner)
2022-09-16 14:20:10,065 mloop.controllers    INFO     params [-0.0143819   0.08900523 -0.10097093]
2022-09-16 14:20:10,073 mloop.controllers    INFO     cost -2.9994594116166895 +/- 0.0
2022-09-16 14:20:10,073 mloop.controllers    INFO     Run:99 (trainer)
2022-09-16 14:20:10,074 mloop.controllers    INFO     params [-1.08060121 -0.96545491  1.2848873 ]
2022-09-16 14:20:10,083 mloop.controllers    INFO     cost 0.34977508881293906 +/- 0.0
2022-09-16 14:20:10,084 mloop.controllers    INFO     Run:100 (machine learner)
2022-09-16 14:20:10,599 mloop.controllers    INFO     params [-0.03318431  0.08491011 -0.1057306 ]
2022-09-16 14:20:10,609 mloop.controllers    INFO     cost -2.9977610492939473 +/- 0.0
2022-09-16 14:20:10,609 mloop.controllers    INFO     Controller finished. Closing down M-LOOP. Please wait a moment...
2022-09-16 14:20:10,609 mloop.controllers    DEBUG    ML learner end set.
2022-09-16 14:20:12,226 mloop.controllers    DEBUG    ML learner joined
2022-09-16 14:20:12,226 mloop.controllers    DEBUG    Learner end event set.
2022-09-16 14:20:12,226 mloop.controllers    DEBUG    Interface end event set.
2022-09-16 14:20:12,600 mloop.interfaces     DEBUG    Interface ended
2022-09-16 14:20:13,075 mloop.learners.1     DEBUG    Learner end signal received. Ending
2022-09-16 14:20:14,075 mloop.controllers    DEBUG    Learner joined.
2022-09-16 14:20:14,075 mloop.controllers    DEBUG    Interface joined.
2022-09-16 14:20:14,083 mloop.controllers    INFO     Optimization ended because:
2022-09-16 14:20:14,083 mloop.controllers    INFO     	* Maximum number of runs reached.
2022-09-16 14:20:14,084 mloop.controllers    INFO     Results:
2022-09-16 14:20:14,084 mloop.controllers    INFO     	* Best parameters found:[-0.00966498  0.10566546 -0.09581097]
2022-09-16 14:20:14,085 mloop.controllers    INFO     	* Best cost returned:-2.9997646882902123 +/- 0.0
2022-09-16 14:20:14,085 mloop.controllers    INFO     	* Best run number:61
2022-09-16 14:20:14,085 mloop.controllers    INFO     	* Predicted best parameters:[-0.05813323  0.07786186 -0.09050897]
2022-09-16 14:20:14,085 mloop.controllers    INFO     	* Predicted best cost:-2.995055595832739
2022-09-16 14:20:14,085 mloop.controllers    INFO     M-LOOP Done.
2022-09-16 14:20:14,086 mloop.visualizations DEBUG    Creating controller visualizations.
2022-09-16 14:20:14,187 mloop.visualizations DEBUG    Creating learner visualizations.
2022-09-16 14:20:14,195 mloop.visualizations DEBUG    Creating neural net visualizer.
2022-09-16 14:20:14,198 mloop.learners.3     DEBUG    Learner init completed.
2022-09-16 14:20:14,198 mloop.neuralnet      INFO     Initialising neural network impl
2022-09-16 14:20:14,199 mloop.neuralnet      INFO     Initialising neural network impl
2022-09-16 14:20:14,199 mloop.neuralnet      INFO     Initialising neural network impl
2022-09-16 14:20:14,200 mloop.neuralnet      INFO     Constructing net
2022-09-16 14:20:15,023 mloop.neuralnet      DEBUG    Finished constructing net in: 0.8227972984313965
2022-09-16 14:20:15,023 mloop.neuralnet      INFO     Loading neural network
2022-09-16 14:20:15,095 mloop.neuralnet      INFO     Constructing net
2022-09-16 14:20:15,875 mloop.neuralnet      DEBUG    Finished constructing net in: 0.779942512512207
2022-09-16 14:20:15,875 mloop.neuralnet      INFO     Loading neural network
2022-09-16 14:20:15,931 mloop.neuralnet      INFO     Constructing net
2022-09-16 14:20:16,760 mloop.neuralnet      DEBUG    Finished constructing net in: 0.8287837505340576
2022-09-16 14:20:16,760 mloop.neuralnet      INFO     Loading neural network
2022-09-16 14:20:17,366 mloop.visualizations INFO     Showing visualizations, close all to end M-LOOP.
