2022-09-18 15:13:50,632 mloop                INFO     M-LOOP version 3.3.1
2022-09-18 15:13:50,632 mloop                DEBUG    M-LOOP Logger configured.
2022-09-18 15:13:50,632 mloop.interfaces     DEBUG    Creating interface.
2022-09-18 15:13:50,634 mloop.controllers    DEBUG    Controller init completed.
2022-09-18 15:13:50,635 mloop.learners.1     DEBUG    Learner init completed.
2022-09-18 15:13:50,637 mloop.learners.2     DEBUG    Learner init completed.
2022-09-18 15:13:50,637 mloop.controllers    INFO     Optimization started.
2022-09-18 15:13:50,639 mloop.interfaces     DEBUG    Entering main loop of interface.
2022-09-18 15:13:50,639 mloop.controllers    DEBUG    ML learner started.
2022-09-18 15:13:50,644 mloop.controllers    DEBUG    Starting training optimization.
2022-09-18 15:13:50,644 mloop.controllers    INFO     Run:1 (training)
2022-09-18 15:13:50,646 mloop.controllers    INFO     params [9.73638031 7.88594705 7.40619423]
2022-09-18 15:13:50,658 mloop.controllers    INFO     cost 0.2230862307423137 +/- 0.0
2022-09-18 15:13:50,659 mloop.controllers    INFO     Run:2 (training)
2022-09-18 15:13:50,662 mloop.controllers    INFO     params [14.36934304  7.31241497  8.09154449]
2022-09-18 15:13:50,668 mloop.controllers    INFO     cost 0.11089971237700123 +/- 0.0
2022-09-18 15:13:50,669 mloop.controllers    INFO     Run:3 (training)
2022-09-18 15:13:50,671 mloop.controllers    INFO     params [ 2.86129375 18.70245031  9.24519414]
2022-09-18 15:13:50,679 mloop.controllers    INFO     cost 0.19194070739518 +/- 0.0
2022-09-18 15:13:50,679 mloop.controllers    INFO     Run:4 (training)
2022-09-18 15:13:50,681 mloop.controllers    INFO     params [17.42586476  9.61459768 16.43819624]
2022-09-18 15:13:50,690 mloop.controllers    INFO     cost 0.19922889282071365 +/- 0.0
2022-09-18 15:13:50,690 mloop.controllers    INFO     Run:5 (training)
2022-09-18 15:13:50,692 mloop.controllers    INFO     params [16.85393705 13.17887415 11.15163266]
2022-09-18 15:13:50,700 mloop.controllers    INFO     cost -0.9957197664424778 +/- 0.0
2022-09-18 15:13:50,701 mloop.controllers    INFO     Run:6 (training)
2022-09-18 15:13:50,703 mloop.controllers    INFO     params [16.8800481   3.43739155  4.32537773]
2022-09-18 15:13:50,712 mloop.controllers    INFO     cost -0.0030444883012278184 +/- 0.0
2022-09-18 15:13:50,713 mloop.controllers    INFO     Run:7 (training)
2022-09-18 15:13:50,715 mloop.controllers    INFO     params [ 2.51147422  6.03895048 11.43631013]
2022-09-18 15:13:50,725 mloop.controllers    INFO     cost -0.6442757075269123 +/- 0.0
2022-09-18 15:13:50,725 mloop.controllers    INFO     Run:8 (training)
2022-09-18 15:13:50,727 mloop.controllers    INFO     params [ 9.43215789 11.4884543  14.46796057]
2022-09-18 15:13:50,736 mloop.controllers    INFO     cost -0.20721688269404945 +/- 0.0
2022-09-18 15:13:50,737 mloop.controllers    INFO     Run:9 (training)
2022-09-18 15:13:50,739 mloop.controllers    INFO     params [15.80293566 11.79404144  3.04828238]
2022-09-18 15:13:50,748 mloop.controllers    INFO     cost -0.10640185090738602 +/- 0.0
2022-09-18 15:13:50,748 mloop.controllers    INFO     Run:10 (training)
2022-09-18 15:13:50,750 mloop.controllers    INFO     params [19.71519896  3.57912687 17.93991077]
2022-09-18 15:13:50,760 mloop.controllers    INFO     cost 0.02388507672890161 +/- 0.0
2022-09-18 15:13:50,761 mloop.controllers    INFO     Run:11 (training)
2022-09-18 15:13:50,763 mloop.controllers    INFO     params [14.83754978 11.36195209 13.67602949]
2022-09-18 15:13:50,773 mloop.controllers    INFO     cost -0.7329766859933617 +/- 0.0
2022-09-18 15:13:50,773 mloop.controllers    INFO     Run:12 (training)
2022-09-18 15:13:50,775 mloop.controllers    INFO     params [13.85515564  9.20168624  3.96448895]
2022-09-18 15:13:50,786 mloop.controllers    INFO     cost 0.13255505243490937 +/- 0.0
2022-09-18 15:13:50,787 mloop.controllers    INFO     Run:13 (training)
2022-09-18 15:13:50,788 mloop.controllers    INFO     params [15.77702693 10.65817616  3.26032085]
2022-09-18 15:13:50,797 mloop.controllers    INFO     cost -0.8970600715525721 +/- 0.0
2022-09-18 15:13:50,798 mloop.controllers    INFO     Run:14 (training)
2022-09-18 15:13:50,800 mloop.controllers    INFO     params [ 7.5442535   9.36865148 19.0203418 ]
2022-09-18 15:13:50,810 mloop.controllers    INFO     cost 0.2774569451087725 +/- 0.0
2022-09-18 15:13:50,811 mloop.controllers    INFO     Run:15 (training)
2022-09-18 15:13:50,812 mloop.controllers    INFO     params [11.31273589  7.24420908  9.57854266]
2022-09-18 15:13:50,823 mloop.controllers    INFO     cost -0.45380683075936246 +/- 0.0
2022-09-18 15:13:50,824 mloop.controllers    INFO     Run:16 (training)
2022-09-18 15:13:50,825 mloop.controllers    INFO     params [10.33186455 14.32720172  7.38946279]
2022-09-18 15:13:50,837 mloop.controllers    INFO     cost -0.3759018447825061 +/- 0.0
2022-09-18 15:13:50,838 mloop.controllers    INFO     Run:17 (training)
2022-09-18 15:13:50,840 mloop.controllers    INFO     params [12.25369026 14.8327488   5.41206185]
2022-09-18 15:13:50,852 mloop.controllers    INFO     cost 0.2850085550757685 +/- 0.0
2022-09-18 15:13:50,853 mloop.controllers    INFO     Run:18 (training)
2022-09-18 15:13:50,855 mloop.controllers    INFO     params [19.32067792 12.68747332  3.38471792]
2022-09-18 15:13:50,868 mloop.controllers    INFO     cost 0.11206147135328487 +/- 0.0
2022-09-18 15:13:50,869 mloop.controllers    INFO     Run:19 (training)
2022-09-18 15:13:50,870 mloop.controllers    INFO     params [ 8.78350233 14.75595345  7.11511704]
2022-09-18 15:13:50,884 mloop.controllers    INFO     cost 0.03783699503690549 +/- 0.0
2022-09-18 15:13:50,885 mloop.controllers    INFO     Run:20 (training)
2022-09-18 15:13:50,886 mloop.controllers    INFO     params [ 3.74140934  3.54182228 14.02715457]
2022-09-18 15:13:50,900 mloop.controllers    INFO     cost 0.10065623262823359 +/- 0.0
2022-09-18 15:13:50,901 mloop.controllers    INFO     Run:21 (training)
2022-09-18 15:13:50,903 mloop.controllers    INFO     params [16.97402744 14.58715255 13.28379667]
2022-09-18 15:13:50,907 mloop.controllers    DEBUG    Starting ML optimization.
2022-09-18 15:13:50,915 mloop.controllers    INFO     cost -0.06814358530384179 +/- 0.0
2022-09-18 15:13:50,921 mloop.controllers    DEBUG    End training runs.
2022-09-18 15:13:50,921 mloop.controllers    INFO     Run:22 (machine learner)
2022-09-18 15:13:58,272 mloop.controllers    INFO     params [17.91660687  9.46251677  1.785     ]
2022-09-18 15:13:58,283 mloop.controllers    INFO     cost 0.23224262221935976 +/- 0.0
2022-09-18 15:13:58,284 mloop.controllers    INFO     Run:23 (machine learner)
2022-09-18 15:13:59,720 mloop.controllers    INFO     params [17.93423266  9.55061976  1.785     ]
2022-09-18 15:13:59,730 mloop.controllers    INFO     cost 0.2260315979077629 +/- 0.0
2022-09-18 15:13:59,731 mloop.controllers    INFO     Run:24 (machine learner)
2022-09-18 15:14:01,450 mloop.controllers    INFO     params [17.98094752  9.24938522  1.785     ]
2022-09-18 15:14:01,461 mloop.controllers    INFO     cost 0.1983688326269549 +/- 0.0
2022-09-18 15:14:01,463 mloop.controllers    INFO     Run:25 (trainer)
2022-09-18 15:14:01,465 mloop.controllers    INFO     params [6.97366282 4.95888393 9.25243486]
2022-09-18 15:14:01,479 mloop.controllers    INFO     cost 0.20718935555006976 +/- 0.0
2022-09-18 15:14:01,479 mloop.controllers    INFO     Run:26 (machine learner)
2022-09-18 15:14:02,233 mloop.controllers    INFO     params [16.55203811 11.46375684  9.03345254]
2022-09-18 15:14:02,249 mloop.controllers    INFO     cost -0.4206146236210836 +/- 0.0
2022-09-18 15:14:02,249 mloop.controllers    INFO     Run:27 (machine learner)
2022-09-18 15:14:03,159 mloop.controllers    INFO     params [14.15419485 11.03276788  6.29003469]
2022-09-18 15:14:03,174 mloop.controllers    INFO     cost -0.9620618609458366 +/- 0.0
2022-09-18 15:14:03,175 mloop.controllers    INFO     Run:28 (machine learner)
2022-09-18 15:14:03,798 mloop.controllers    INFO     params [15.66632232 12.5585071  10.33846518]
2022-09-18 15:14:03,809 mloop.controllers    INFO     cost -0.44410181909643376 +/- 0.0
2022-09-18 15:14:03,810 mloop.controllers    INFO     Run:29 (trainer)
2022-09-18 15:14:03,812 mloop.controllers    INFO     params [3.88132071 2.78093973 5.97606431]
2022-09-18 15:14:03,824 mloop.controllers    INFO     cost -0.028681605054253566 +/- 0.0
2022-09-18 15:14:03,824 mloop.controllers    INFO     Run:30 (machine learner)
2022-09-18 15:14:04,448 mloop.controllers    INFO     params [20.         14.61792866 11.77702619]
2022-09-18 15:14:04,461 mloop.controllers    INFO     cost -0.05122756227650681 +/- 0.0
2022-09-18 15:14:04,462 mloop.controllers    INFO     Controller finished. Closing down M-LOOP. Please wait a moment...
2022-09-18 15:14:04,462 mloop.controllers    DEBUG    ML learner end set.
2022-09-18 15:14:06,429 mloop.controllers    DEBUG    ML learner joined
2022-09-18 15:14:06,429 mloop.controllers    DEBUG    Learner end event set.
2022-09-18 15:14:06,429 mloop.controllers    DEBUG    Interface end event set.
2022-09-18 15:14:06,472 mloop.interfaces     DEBUG    Interface ended
2022-09-18 15:14:06,832 mloop.learners.1     DEBUG    Learner end signal received. Ending
2022-09-18 15:14:07,839 mloop.controllers    DEBUG    Learner joined.
2022-09-18 15:14:07,839 mloop.controllers    DEBUG    Interface joined.
2022-09-18 15:14:07,843 mloop.controllers    INFO     Optimization ended because:
2022-09-18 15:14:07,843 mloop.controllers    INFO     	* Maximum number of runs reached.
2022-09-18 15:14:07,843 mloop.controllers    INFO     Results:
2022-09-18 15:14:07,844 mloop.controllers    INFO     	* Best parameters found:[16.85393705 13.17887415 11.15163266]
2022-09-18 15:14:07,844 mloop.controllers    INFO     	* Best cost returned:-0.9957197664424778 +/- 0.0
2022-09-18 15:14:07,844 mloop.controllers    INFO     	* Best run number:5
2022-09-18 15:14:07,845 mloop.controllers    INFO     	* Predicted best parameters:[14.82538776 10.8308218   5.04549055]
2022-09-18 15:14:07,845 mloop.controllers    INFO     	* Predicted best cost:-1.1589331576455861
2022-09-18 15:14:07,845 mloop.controllers    INFO     M-LOOP Done.
2022-09-18 15:14:07,847 mloop.visualizations DEBUG    Creating controller visualizations.
2022-09-18 15:14:07,958 mloop.visualizations DEBUG    Creating learner visualizations.
2022-09-18 15:14:07,963 mloop.visualizations DEBUG    Creating neural net visualizer.
2022-09-18 15:14:07,967 mloop.learners.3     DEBUG    Learner init completed.
2022-09-18 15:14:07,968 mloop.neuralnet      INFO     Initialising neural network impl
2022-09-18 15:14:07,968 mloop.neuralnet      INFO     Initialising neural network impl
2022-09-18 15:14:07,969 mloop.neuralnet      INFO     Initialising neural network impl
2022-09-18 15:14:07,971 mloop.neuralnet      INFO     Constructing net
2022-09-18 15:14:08,824 mloop.neuralnet      DEBUG    Finished constructing net in: 0.8530030250549316
2022-09-18 15:14:08,824 mloop.neuralnet      INFO     Loading neural network
2022-09-18 15:14:08,882 mloop.neuralnet      INFO     Constructing net
2022-09-18 15:14:09,652 mloop.neuralnet      DEBUG    Finished constructing net in: 0.7694830894470215
2022-09-18 15:14:09,652 mloop.neuralnet      INFO     Loading neural network
2022-09-18 15:14:09,702 mloop.neuralnet      INFO     Constructing net
2022-09-18 15:14:10,300 mloop.neuralnet      DEBUG    Finished constructing net in: 0.5981228351593018
2022-09-18 15:14:10,300 mloop.neuralnet      INFO     Loading neural network
2022-09-18 15:14:11,072 mloop.visualizations INFO     Showing visualizations, close all to end M-LOOP.
