2022-09-12 17:35:29,183 mloop                INFO     M-LOOP version 3.3.1
2022-09-12 17:35:29,184 mloop                DEBUG    M-LOOP Logger configured.
2022-09-12 17:35:29,185 mloop.interfaces     DEBUG    Creating interface.
2022-09-12 17:35:29,187 mloop.controllers    DEBUG    Controller init completed.
2022-09-12 17:35:29,188 mloop.learners.1     DEBUG    Learner init completed.
2022-09-12 17:35:29,189 mloop.learners.2     DEBUG    Learner init completed.
2022-09-12 17:35:29,191 mloop.controllers    INFO     Optimization started.
2022-09-12 17:35:29,192 mloop.interfaces     DEBUG    Entering main loop of interface.
2022-09-12 17:35:29,192 mloop.controllers    DEBUG    ML learner started.
2022-09-12 17:35:29,268 mloop.controllers    DEBUG    Starting training optimization.
2022-09-12 17:35:29,269 mloop.controllers    INFO     Run:1 (training)
2022-09-12 17:35:29,271 mloop.controllers    INFO     params [18.56486361  2.8005948   3.96820602  7.20156471 16.87588661  6.58657649
  0.25062241  0.14159935  0.16117778  0.04568216  0.09175748 -4.71273597
 -0.10412621  0.69540748  7.00448919  2.20616534  7.78658954  7.68767248
 -4.560167    1.9751251  -5.70708517  6.69149429  5.93704843 -2.43050785
 -5.00686727  2.727604  ]
2022-09-12 17:35:29,316 mloop.controllers    INFO     cost 101.56979917181314 +/- 0.0
2022-09-12 17:35:29,316 mloop.controllers    INFO     Run:2 (training)
2022-09-12 17:35:29,318 mloop.controllers    INFO     params [19.71433175  4.69865868 12.4918441  18.83880852  8.36699061 14.30486141
  0.30730273  0.45730716  0.21627116  0.05422187  0.35962347  4.82154471
 -6.34090127  1.90287431 -0.33161978  4.6670328  -1.11479031 -2.78274269
  1.50924203  5.61008051  7.56111606 -4.16754034 -7.49084372  7.82816447
 -0.4028659  -3.16405358]
2022-09-12 17:35:29,324 mloop.controllers    INFO     cost 91.69084930077781 +/- 0.0
2022-09-12 17:35:29,324 mloop.controllers    INFO     Run:3 (training)
2022-09-12 17:35:29,326 mloop.controllers    INFO     params [14.81483965  3.55385154 18.48442182  8.8292401  17.57448177 14.50426365
  0.18796273  0.10796462  0.47566811  0.36663292  0.18812413 -5.46940879
 -7.80418605 -3.11896949  4.75917375 -0.89904896 -0.57992537  6.74102523
 -4.97013783  6.7527168  -5.80615822  7.1460431   6.88748073  1.60856278
  7.10233918  0.65068516]
2022-09-12 17:35:29,333 mloop.controllers    INFO     cost 103.00652625674498 +/- 0.0
2022-09-12 17:35:29,334 mloop.controllers    INFO     Run:4 (training)
2022-09-12 17:35:29,335 mloop.controllers    INFO     params [13.59882926  9.50945991  7.68232886 19.87396807  9.14471799  6.92867835
  0.19438953  0.23366463  0.47539617  0.25576243  0.15978972  7.85055447
 -0.05341907 -3.99923616 -1.68946181 -6.5050238   6.17895677 -1.29129971
 -6.28577434  5.02831112  4.15620627 -0.78965325  7.43953139  5.36032243
 -5.06611283  3.53784454]
2022-09-12 17:35:29,341 mloop.controllers    INFO     cost 86.72513488548424 +/- 0.0
2022-09-12 17:35:29,342 mloop.controllers    INFO     Run:5 (training)
2022-09-12 17:35:29,343 mloop.controllers    INFO     params [ 3.66153591 17.17299972 12.91428269 15.03639592 19.21210723 11.78056597
  0.44551687  0.48604394  0.37809399  0.42566768  0.09166802  5.74405143
 -1.0028313   5.5868039   4.80444731  2.23754786 -7.9084691   1.83728627
 -0.73706326 -2.28902595 -3.4978694   4.63249739  6.97462516  6.76233744
  0.33003131  6.74962344]
2022-09-12 17:35:29,349 mloop.controllers    INFO     cost 91.76548058640692 +/- 0.0
2022-09-12 17:35:29,349 mloop.controllers    INFO     Run:6 (training)
2022-09-12 17:35:29,351 mloop.controllers    INFO     params [ 6.98506446  2.32380913 11.65667108  7.08987337 16.33008966 11.74021353
  0.46387051  0.42737003  0.19668021  0.40427961  0.37648005  7.79183744
  7.29070613 -6.43654111 -4.04641628 -3.5381259   4.96017445  6.70893102
 -5.33561847  6.04857605 -2.78247066 -0.9476934  -7.99729185  3.7246667
  1.66599232 -3.90931111]
2022-09-12 17:35:29,355 mloop.controllers    INFO     cost 98.13040017971863 +/- 0.0
2022-09-12 17:35:29,356 mloop.controllers    INFO     Run:7 (training)
2022-09-12 17:35:29,357 mloop.controllers    INFO     params [ 8.54251263 19.74894042  6.73898402 10.39258773  2.45774706  6.26677272
  0.35468615  0.08038605  0.19295659  0.36061866  0.30973746 -5.53854153
 -7.00320014  7.09201544  2.08992381 -6.90909433 -7.14775417  3.43065114
 -6.10002182  0.6459074   0.62299088 -3.64469472  3.95520655 -4.07945399
  0.42075133  7.57410801]
2022-09-12 17:35:29,364 mloop.controllers    INFO     cost 94.78385116867048 +/- 0.0
2022-09-12 17:35:29,364 mloop.controllers    INFO     Run:8 (training)
2022-09-12 17:35:29,366 mloop.controllers    INFO     params [ 1.35125319e+01  3.11757931e+00  2.65497178e+00  3.73852321e+00
  1.95433014e+01  1.38537426e+01  2.00786872e-01  1.93236981e-01
  1.07655211e-02  3.62100392e-01  1.58672426e-01 -6.29710515e+00
 -7.75860795e+00  4.87611031e+00  2.43611298e+00  3.10344626e+00
  7.44600790e+00  4.99388729e+00  3.87174354e+00 -7.97828289e+00
 -5.85459199e+00  1.43101294e-02  7.43982278e+00  1.23080958e+00
  5.43785281e+00  1.37113382e+00]
2022-09-12 17:35:29,371 mloop.controllers    INFO     cost 108.94946557442194 +/- 0.0
2022-09-12 17:35:29,371 mloop.controllers    INFO     Run:9 (training)
2022-09-12 17:35:29,373 mloop.controllers    INFO     params [15.95629853 12.5058694  14.94022269 15.06149356  8.09381776  6.7741736
  0.19450444  0.2994261   0.34644957  0.05164741  0.44793029  7.51774339
 -5.774383   -0.36690331  4.08780358  0.38728121 -0.05445999  4.678201
  1.03722692  3.3413537   6.32494031 -3.94305156  4.24498659 -1.47540506
  4.89688086 -2.36187202]
2022-09-12 17:35:29,379 mloop.controllers    INFO     cost 72.00853942833754 +/- 0.0
2022-09-12 17:35:29,379 mloop.controllers    INFO     Run:10 (training)
2022-09-12 17:35:29,381 mloop.controllers    INFO     params [ 5.82994469e+00  1.49143274e+01  1.90243947e+01  7.53239007e+00
  1.31868542e+01  1.04099595e+01  4.43540351e-01  3.07101580e-01
  3.99113031e-01  2.19124257e-01  6.32482997e-04  7.01044962e+00
  2.14727108e+00  4.52553774e+00  7.92089395e+00 -4.83875871e+00
  3.73043242e+00  2.33529171e+00 -6.58355049e+00  7.47904812e+00
 -1.02128684e-01 -6.57383885e+00 -7.14841680e+00 -5.42083639e+00
  1.43105087e+00  1.47525539e+00]
2022-09-12 17:35:29,386 mloop.controllers    INFO     cost 92.68346014182406 +/- 0.0
2022-09-12 17:35:29,386 mloop.controllers    INFO     Run:11 (training)
2022-09-12 17:35:29,387 mloop.controllers    INFO     params [ 1.55733393e+01  4.60618618e+00  1.27687111e+01  1.64164231e+01
  1.71733422e+01  6.78947185e+00  3.85453510e-01  6.46392137e-03
  2.71407571e-01  2.93825842e-01  4.46445548e-01  1.84521638e+00
  4.73544425e+00 -5.81643360e+00  5.80678928e+00  8.34653268e-01
  1.99731408e+00 -7.44092690e+00 -1.84224183e+00  2.49992549e+00
  6.48638138e+00 -2.01002856e+00 -3.71953154e+00 -5.74907433e+00
 -7.69708524e+00  3.95089996e+00]
2022-09-12 17:35:29,395 mloop.controllers    INFO     cost 90.93127219042748 +/- 0.0
2022-09-12 17:35:29,395 mloop.controllers    INFO     Run:12 (training)
2022-09-12 17:35:29,397 mloop.controllers    INFO     params [13.56939193 11.53443386 15.50304677 12.01900843 13.06430201 15.02152398
  0.34898106  0.06079537  0.3577656   0.05496926  0.09907831 -5.84120358
  3.56030848 -7.68828837 -5.05749746  3.57402788 -0.88075038  6.07153061
  7.80477322  7.94641559  1.5007593  -6.6556101   1.99748393  2.1464639
 -1.55061561  5.51546781]
2022-09-12 17:35:29,967 mloop.controllers    INFO     cost 84.78230691231676 +/- 0.0
2022-09-12 17:35:29,967 mloop.controllers    INFO     Run:13 (training)
2022-09-12 17:35:29,968 mloop.controllers    INFO     params [ 4.24429499 18.42490277  6.30561361  6.48271684  3.05915704  9.29381472
  0.3451419   0.36848216  0.23597949  0.02944822  0.27356095  4.60256343
 -6.96776276 -3.6880424  -0.80605712  5.48246327  2.43495102 -7.85635952
 -7.93160079 -0.2417722   4.72565521  0.48845919  3.19991511  1.00588948
  2.66212417  2.46495484]
2022-09-12 17:35:30,105 mloop.controllers    INFO     cost 86.74713338062585 +/- 0.0
2022-09-12 17:35:30,106 mloop.controllers    INFO     Run:14 (training)
2022-09-12 17:35:30,108 mloop.controllers    INFO     params [14.64314505 14.05773181 17.07540239  4.30146517 19.10333991 15.58460501
  0.14888466  0.18328789  0.26161953  0.30183204  0.27664941 -5.26186979
  6.30043512  2.04783092 -1.35222414  5.57340815  6.97307454 -4.74669937
 -6.67353899  7.72037699  6.1917747  -2.57611367 -1.04924667 -1.98208813
  3.56307484 -7.53145103]
2022-09-12 17:35:30,115 mloop.controllers    INFO     cost 103.28639446686529 +/- 0.0
2022-09-12 17:35:30,116 mloop.controllers    INFO     Run:15 (training)
2022-09-12 17:35:30,118 mloop.controllers    INFO     params [ 5.59522279e+00  9.82383252e+00  1.63131595e+01  5.02423083e+00
  1.98958157e+01  4.86402824e+00  1.44245860e-01  4.72653077e-01
  5.25654225e-03  1.16692340e-01  1.69627625e-01  5.11664310e+00
 -5.36811380e+00  5.00463639e+00 -1.15641512e+00 -3.50828022e+00
  9.21832301e-01 -3.07236159e+00 -4.00406476e+00  4.50710109e+00
  6.30494080e+00  5.51560735e+00 -1.32060374e+00  7.23709803e-01
 -7.10119536e+00  6.37878138e+00]
2022-09-12 17:35:30,193 mloop.controllers    INFO     cost 92.5852783673408 +/- 0.0
2022-09-12 17:35:30,194 mloop.controllers    INFO     Run:16 (training)
2022-09-12 17:35:30,195 mloop.controllers    INFO     params [ 3.58535155e+00  1.17606518e+01  1.78057142e+01  9.08098749e+00
  5.46466362e+00  1.54675101e+01  5.75938106e-02  3.93122838e-01
  2.19155769e-01  6.28393458e-03  8.77933643e-02  5.25014244e+00
  1.50338426e+00 -7.31673084e+00 -5.10025429e+00 -4.63957486e+00
  6.35889420e+00  2.56329313e+00 -4.93442351e-01 -6.82172387e+00
  6.30770644e+00  4.98615577e+00 -7.14658052e+00 -4.27019133e+00
  3.64378888e+00 -5.71509780e+00]
2022-09-12 17:35:30,209 mloop.controllers    INFO     cost 100.6846304272516 +/- 0.0
2022-09-12 17:35:30,210 mloop.controllers    INFO     Run:17 (training)
2022-09-12 17:35:30,212 mloop.controllers    INFO     params [ 5.10059673  2.74902414  2.05194334  3.45726467 16.87013027 10.51979861
  0.38847953  0.25450554  0.28860395  0.11820296  0.3292505   4.06766715
 -2.42620856 -5.18126762  1.49017626 -6.25657293 -0.23397168 -5.26781234
  7.4433271  -7.39590416 -6.9775364   1.14049526  5.84911806 -6.04618189
 -5.71218775 -1.4192365 ]
2022-09-12 17:35:30,256 mloop.controllers    INFO     cost 104.00890021328235 +/- 0.0
2022-09-12 17:35:30,257 mloop.controllers    INFO     Run:18 (training)
2022-09-12 17:35:30,258 mloop.controllers    INFO     params [ 8.51348066 14.28767455  4.62106081 10.78996701  4.84396591 10.80806487
  0.11084712  0.26105991  0.30581898  0.05937355  0.4104792  -4.14875437
 -0.53050861  0.46897172  6.81669965 -7.33472971 -6.43140299 -1.30749492
  6.87062736 -1.29981736  0.59918689 -4.91946372  7.06313906  1.57075641
 -2.20456219  7.1306674 ]
2022-09-12 17:35:30,266 mloop.controllers    INFO     cost 78.25868480212561 +/- 0.0
2022-09-12 17:35:30,266 mloop.controllers    INFO     Run:19 (training)
2022-09-12 17:35:30,267 mloop.controllers    INFO     params [14.43493511 15.75918253  5.06520193  7.83139602  3.79462617  4.43386674
  0.36917488  0.13895397  0.28575075  0.08669811  0.18983576  4.56553284
  6.92151432 -3.05873795 -3.15137223 -3.48619273  7.63646039 -2.26035786
  7.87792016  3.00308321  1.15383884 -6.64331611  5.06879658  0.46739083
  6.22027071 -7.83229308]
2022-09-12 17:35:30,279 mloop.controllers    INFO     cost 99.79804243316015 +/- 0.0
2022-09-12 17:35:30,279 mloop.controllers    INFO     Run:20 (training)
2022-09-12 17:35:30,281 mloop.controllers    INFO     params [ 1.99708978  5.29354549 19.24798093  9.60477454  3.97253123  4.84734257
  0.14693402  0.17528387  0.22421681  0.41074032  0.26500334  7.71193096
  6.35678549  0.58545935 -2.50867823 -1.16418953  7.02335503  4.67201673
 -6.41599766  7.36787383 -2.41191465 -7.7838855   5.10085315 -0.14464679
  0.02183833  6.66126552]
2022-09-12 17:35:30,290 mloop.controllers    INFO     cost 102.5201970384512 +/- 0.0
2022-09-12 17:35:30,291 mloop.controllers    INFO     Run:21 (training)
2022-09-12 17:35:30,293 mloop.controllers    INFO     params [10.52683955 14.04972239 11.17507439  1.95712127 10.57896146  7.50761014
  0.03506975  0.40384442  0.14466097  0.31097076  0.40360579  5.56895857
 -2.30898856 -0.52736427 -0.89617384  1.41548377 -3.08155875  6.77920607
 -7.25181106 -1.22380988 -4.23090729  4.65431631  0.50818959 -1.98509937
  2.40066545  2.32639163]
2022-09-12 17:35:30,303 mloop.controllers    INFO     cost 61.39437901781259 +/- 0.0
2022-09-12 17:35:30,304 mloop.controllers    INFO     Run:22 (training)
2022-09-12 17:35:30,306 mloop.controllers    INFO     params [11.28461815  8.61547876 19.0122995  12.52087774 13.87948395 15.30655255
  0.27775834  0.07892879  0.07470443  0.45664715  0.4714983   6.15527574
 -2.09481089  6.14105207 -6.89536906  7.97799738 -1.86097884  7.47801997
  7.08698264  1.83484634 -3.13197623  6.91671845  5.67838854  5.92320565
 -3.20897662 -7.72620705]
2022-09-12 17:35:30,317 mloop.controllers    INFO     cost 101.62392917869718 +/- 0.0
2022-09-12 17:35:30,317 mloop.controllers    INFO     Run:23 (training)
2022-09-12 17:35:30,319 mloop.controllers    INFO     params [14.84541077 12.3612418  10.0571642   7.69373497  6.03510317 10.04554912
  0.05729025  0.46933317  0.32291135  0.07699684  0.08773683  2.19255137
 -7.90725596 -5.21569677  6.23113131  2.34123256 -0.1997024  -7.19955197
 -7.98377361 -1.99708509  5.86992472 -7.44595378 -1.07330209 -6.85733293
  7.74767598  0.0752467 ]
2022-09-12 17:35:30,331 mloop.controllers    INFO     cost 85.51633718629984 +/- 0.0
2022-09-12 17:35:30,332 mloop.controllers    INFO     Run:24 (training)
2022-09-12 17:35:30,333 mloop.controllers    INFO     params [15.43419277  6.10316978  8.50485966 19.34168458  8.2161308  11.89439594
  0.17032251  0.25521275  0.11629694  0.18267102  0.0543619  -3.5505867
  1.24723109  7.86647395  2.93256141 -7.67232865  0.11536494 -5.64886775
  5.32725414  2.08768416 -2.02258021  7.38194156 -0.39573494  5.92736758
  7.27784934 -7.47339471]
2022-09-12 17:35:30,374 mloop.controllers    INFO     cost 92.14739454026254 +/- 0.0
2022-09-12 17:35:30,375 mloop.controllers    INFO     Run:25 (training)
2022-09-12 17:35:30,377 mloop.controllers    INFO     params [ 2.55562406 18.1446459  15.07142681  5.37392891  8.58174719  9.46417333
  0.4548382   0.25924989  0.08299302  0.25606042  0.37892818  1.46770683
  5.16473794  6.23178292 -7.80512978  7.19020967  1.5033658   5.87347927
  4.84346272  2.28727308  3.40830959  5.14761291 -5.0775344   4.19335263
  7.85641062 -5.39533587]
2022-09-12 17:35:30,389 mloop.controllers    INFO     cost 102.09488692157272 +/- 0.0
2022-09-12 17:35:30,390 mloop.controllers    INFO     Run:26 (training)
2022-09-12 17:35:30,391 mloop.controllers    INFO     params [ 7.83550027 16.910538   13.25267948 10.07473983 16.66938504  8.31788853
  0.44048278  0.15916136  0.39478494  0.38365485  0.39864082  0.862809
  6.66090754 -4.24984611 -7.58171005  0.64779918 -1.00208915  2.70410546
 -6.0291165  -1.5909773   6.92905503 -5.95061654 -4.90312277 -2.41868027
 -6.79769728  4.03491651]
2022-09-12 17:35:30,403 mloop.controllers    INFO     cost 82.78382463602777 +/- 0.0
2022-09-12 17:35:30,403 mloop.controllers    INFO     Run:27 (training)
2022-09-12 17:35:30,405 mloop.controllers    INFO     params [ 9.763409    6.32955714 16.41595299  7.39530028 12.80796239 13.20859792
  0.49537502  0.12090624  0.27700981  0.14008073  0.32056485  6.1934573
 -4.73866772  6.97023793  3.36360031  0.797869   -5.47158831  4.86373353
  3.55575085 -5.64657681 -5.41063962  6.97105207  5.26190254  3.79755386
  4.4614537  -6.77727019]
2022-09-12 17:35:30,418 mloop.controllers    INFO     cost 94.70006334530393 +/- 0.0
2022-09-12 17:35:30,418 mloop.controllers    INFO     Run:28 (training)
2022-09-12 17:35:30,420 mloop.controllers    INFO     params [ 1.40748359e+01  1.44921235e+01  7.58805953e+00  1.96234922e+01
  9.44823604e+00  5.50716884e+00  2.24424967e-01  2.50294673e-01
  1.37439636e-01  6.45156289e-02  2.12166173e-01 -5.30065958e-01
  5.47888116e-01  6.15669361e+00  2.47405615e+00  5.89026799e+00
  7.08131648e+00  3.27824235e+00  3.10286975e+00  2.11249275e+00
 -4.30253793e-04 -7.66208135e+00  3.82350201e+00  5.21575296e+00
 -4.52489795e+00 -8.38298540e-01]
2022-09-12 17:35:30,431 mloop.controllers    INFO     cost 78.35509161558696 +/- 0.0
2022-09-12 17:35:30,432 mloop.controllers    INFO     Run:29 (training)
2022-09-12 17:35:30,434 mloop.controllers    INFO     params [ 5.6506704   5.40122027  5.90491969  9.88071932  7.04740736 12.2475163
  0.47495987  0.04453663  0.44340319  0.0610172   0.25114991  2.18050127
 -0.02868743 -1.58857143  6.01334115  3.3697342  -2.55152892  3.77812026
 -1.36657577  7.07328904  6.76442748 -3.013795   -1.59277967  7.04189183
 -5.26466189  6.44317478]
2022-09-12 17:35:30,444 mloop.controllers    INFO     cost 81.71011852697492 +/- 0.0
2022-09-12 17:35:30,445 mloop.controllers    INFO     Run:30 (training)
2022-09-12 17:35:30,447 mloop.controllers    INFO     params [ 1.73863036e+01  5.15888801e+00  1.66520829e+01  7.94359350e+00
  1.93477760e+01  4.75813851e+00  4.01883328e-01  3.60318326e-03
  2.14221044e-03  2.99915607e-01  5.60521620e-02 -2.83696032e+00
  3.81030563e+00  4.85742982e+00  5.22344819e+00 -5.25040880e+00
  6.23356379e+00  4.03408416e+00 -3.55456997e+00 -6.41135704e+00
  3.43273209e+00 -2.77071585e+00  3.50463231e+00 -4.85942070e+00
 -4.15703568e+00  3.86204003e+00]
2022-09-12 17:35:30,458 mloop.controllers    INFO     cost 100.32174819674178 +/- 0.0
2022-09-12 17:35:30,458 mloop.controllers    INFO     Run:31 (training)
2022-09-12 17:35:30,460 mloop.controllers    INFO     params [10.98332868  2.88895088 15.46324721  6.2633857   5.38063514  5.95738602
  0.40402851  0.48333378  0.14384563  0.39000393  0.19512431  7.85925053
  7.57238363  4.53223129 -1.59383385 -4.29100987  1.22556319 -0.6726246
 -5.95338173 -2.43582715  0.89476659 -6.99159936 -6.75287975 -4.87351447
 -6.26338184  2.08436403]
2022-09-12 17:35:30,471 mloop.controllers    INFO     cost 91.5337262843999 +/- 0.0
2022-09-12 17:35:30,472 mloop.controllers    INFO     Run:32 (training)
2022-09-12 17:35:30,474 mloop.controllers    INFO     params [15.43363817 17.90817603 17.14104901  7.08281404 17.70724336  6.89376014
  0.39647651  0.25514837  0.42270276  0.32653945  0.44150634 -5.75324276
  4.82348089 -7.2519538   7.92757563  0.8239349   3.21475223  1.89773375
 -6.98382391  7.47206185 -1.517115   -3.37318148  4.74664748  4.05197146
  6.65073796  5.07902041]
2022-09-12 17:35:30,487 mloop.controllers    INFO     cost 103.69563930886842 +/- 0.0
2022-09-12 17:35:30,487 mloop.controllers    INFO     Run:33 (training)
2022-09-12 17:35:30,489 mloop.controllers    INFO     params [ 5.00457246e+00  2.32200223e+00  2.93283893e+00  2.36646350e+00
  1.90438717e+01  1.19860020e+01  1.98232889e-01  1.75949791e-01
  1.47272506e-01  1.99590669e-01  9.08505432e-02  6.06467731e+00
  6.77638878e+00  7.24392737e+00  7.89012465e-01  1.15564728e+00
  7.21923640e+00  1.58085594e-02  3.00564265e+00 -1.53856813e+00
  2.05770716e+00 -2.33695053e+00  9.83562615e-01  7.62025062e-01
  7.88998733e+00  6.32015892e+00]
2022-09-12 17:35:30,502 mloop.controllers    INFO     cost 95.67890080145092 +/- 0.0
2022-09-12 17:35:30,503 mloop.controllers    INFO     Run:34 (training)
2022-09-12 17:35:30,505 mloop.controllers    INFO     params [ 1.87019556  5.06397501  5.84861059  4.84374201 15.79985136  7.05217121
  0.06008156  0.13268954  0.12836268  0.38152119  0.38910258 -7.28688595
  2.94193098  2.71668906 -1.90039011 -5.78579689 -6.33342231 -0.37140676
  4.66870741 -7.04529358 -3.50396194  1.0654943  -0.27752851 -3.97575718
 -0.02027604  5.54767815]
2022-09-12 17:35:30,519 mloop.controllers    INFO     cost 87.93936615889314 +/- 0.0
2022-09-12 17:35:30,520 mloop.controllers    INFO     Run:35 (training)
2022-09-12 17:35:30,521 mloop.controllers    INFO     params [13.65181673 15.40899117 17.08607772  7.39302329 11.74319284 10.90527743
  0.17651586  0.04563258  0.19712542  0.33124303  0.16452541 -1.61952394
  7.63526296 -4.97541404  5.32671278  2.13611201  3.34385009  2.29593575
  4.72836549  4.58669163  7.01458853  7.61561462 -4.83277226 -7.68423419
 -5.61527374  7.82276741]
2022-09-12 17:35:30,534 mloop.controllers    INFO     cost 96.45539582128808 +/- 0.0
2022-09-12 17:35:30,534 mloop.controllers    INFO     Run:36 (training)
2022-09-12 17:35:30,536 mloop.controllers    INFO     params [ 5.70301435e+00  1.06989524e+01  9.44902785e+00  1.88957454e+01
  5.23804789e+00  6.68584633e+00  1.68331434e-01  1.40299971e-01
  4.67102476e-01  8.08591213e-02  3.11527369e-01 -8.86297680e-02
 -7.27369378e+00 -4.94625352e+00  3.22218559e-03  4.54811261e+00
  2.97687200e+00 -5.61936256e+00  5.48497666e+00 -2.33256828e+00
  3.18846129e+00  1.23883680e+00 -7.17917519e+00  6.90165848e+00
  1.37464584e+00  4.96342216e+00]
2022-09-12 17:35:30,548 mloop.controllers    INFO     cost 82.5573870284944 +/- 0.0
2022-09-12 17:35:30,549 mloop.controllers    INFO     Run:37 (training)
2022-09-12 17:35:30,550 mloop.controllers    INFO     params [ 1.31044873e+01  9.62304325e+00  1.29581122e+01  9.79461024e+00
  3.51552604e+00  1.31022728e+01  3.78339088e-02  2.02540760e-01
  4.02636198e-01  2.78927648e-01  5.00770186e-03  3.45860987e+00
  4.54667194e-01  5.50816732e+00 -3.63507544e+00 -6.66112897e+00
  2.78082622e+00 -2.87855203e+00 -7.22917823e+00 -2.86228756e+00
  2.71319303e+00  5.27058560e+00 -5.93823972e+00 -3.03975893e+00
 -3.57475067e+00  5.77520592e+00]
2022-09-12 17:35:30,565 mloop.controllers    INFO     cost 79.5906010389321 +/- 0.0
2022-09-12 17:35:30,566 mloop.controllers    INFO     Run:38 (training)
2022-09-12 17:35:30,568 mloop.controllers    INFO     params [10.34278412 13.82622491 16.12538026  3.22141269 17.70469951  6.79790218
  0.39229477  0.42808801  0.20730634  0.1367878   0.23188338 -3.32937459
 -3.17148896 -7.46408402 -2.95832203  1.78861519  5.03022105 -2.7710421
  5.97327811  3.85043006  7.82273219  3.38086636  3.21966819 -3.54073988
 -0.83253927 -4.54351723]
2022-09-12 17:35:30,590 mloop.controllers    INFO     cost 86.5730301773074 +/- 0.0
2022-09-12 17:35:30,590 mloop.controllers    INFO     Run:39 (training)
2022-09-12 17:35:30,593 mloop.controllers    INFO     params [ 2.32020892e+00  1.29459629e+01  1.52071628e+01  1.60995395e+01
  3.49186665e+00  1.46190409e+01  3.92917424e-01  1.90553500e-01
  1.50583494e-03  1.92045139e-01  4.31246141e-01 -6.07295812e-01
 -2.55618537e+00 -1.54647080e+00  7.49692039e+00  3.24718322e+00
 -2.41873139e+00  2.82683390e+00  7.06381364e+00 -2.52120896e+00
 -6.09661611e+00 -4.21232690e+00 -6.57876160e+00 -2.66153968e+00
 -1.03292210e+00  7.78103849e+00]
2022-09-12 17:35:30,608 mloop.controllers    INFO     cost 91.50503807741269 +/- 0.0
2022-09-12 17:35:30,609 mloop.controllers    INFO     Run:40 (training)
2022-09-12 17:35:30,611 mloop.controllers    INFO     params [ 6.09626424 19.69795719 13.77664425 19.77608357 10.20491135 13.09027371
  0.46768707  0.41043605  0.10458521  0.38292632  0.38886187 -6.73011965
  2.25446161  2.83547507 -4.17552158  6.83648166  6.18352331  4.97051164
  6.89973835 -2.83406415  6.24105187  7.878775   -1.37254173  5.66639253
  1.17991674  4.21012837]
2022-09-12 17:35:30,626 mloop.controllers    INFO     cost 100.21131249029983 +/- 0.0
2022-09-12 17:35:30,627 mloop.controllers    INFO     Run:41 (training)
2022-09-12 17:35:30,629 mloop.controllers    INFO     params [ 4.39646707 13.47973497  8.44594107  1.90202322  8.51950678  6.87593588
  0.2118463   0.04422622  0.03545414  0.31852418  0.12505759  5.55266414
  5.75391508  7.21619493 -6.59806255  3.21743614  5.90570033  0.36320237
 -7.82189037  3.29792927 -6.8978738  -6.65157127  2.10195952  0.81428308
 -0.81048563 -0.12511379]
2022-09-12 17:35:30,646 mloop.controllers    INFO     cost 89.79758313734541 +/- 0.0
2022-09-12 17:35:30,647 mloop.controllers    INFO     Run:42 (training)
2022-09-12 17:35:30,650 mloop.controllers    INFO     params [10.56983069 17.27309678  2.72011226 14.13212088  9.08174319 13.55976707
  0.23521804  0.35467698  0.17733717  0.03449408  0.09702576 -0.54375443
 -2.91731281  7.40718142 -6.9852322   2.02181788  5.92839203  2.53336188
  1.26596307  3.45647973  0.77322748 -7.36014389  0.73019749 -7.42195693
 -2.41068147  0.51861167]
2022-09-12 17:35:30,669 mloop.controllers    INFO     cost 76.32071488310997 +/- 0.0
2022-09-12 17:35:30,669 mloop.controllers    INFO     Run:43 (training)
2022-09-12 17:35:30,672 mloop.controllers    INFO     params [19.9721593   4.37377032 12.99993238  3.37979982  5.2758675  13.82289453
  0.36258179  0.33859537  0.35790025  0.33943653  0.19786242 -7.20380265
  7.81290001 -6.35042053  6.18516013 -6.68208943  3.07890258 -7.24496914
 -0.68528717 -4.03159352 -7.5056765  -1.84823228  6.85862417 -1.72700663
 -7.50955175  0.59459819]
2022-09-12 17:35:30,690 mloop.controllers    INFO     cost 110.42751477562781 +/- 0.0
2022-09-12 17:35:30,691 mloop.controllers    INFO     Run:44 (training)
2022-09-12 17:35:30,692 mloop.controllers    INFO     params [ 9.27524975  5.39068912 14.60852006  5.86225457  4.64535927 13.17548221
  0.21384161  0.31620271  0.41198698  0.44164983  0.425689   -3.20871454
  4.3373094   1.81559247 -7.98837953 -3.49315951 -2.56166957  2.6787004
 -1.27334745  4.66803644  2.0365704  -3.59106754  1.17606469  0.52625641
  0.23890467  2.2098488 ]
2022-09-12 17:35:30,707 mloop.controllers    INFO     cost 67.72325827581885 +/- 0.0
2022-09-12 17:35:30,708 mloop.controllers    INFO     Run:45 (training)
2022-09-12 17:35:30,710 mloop.controllers    INFO     params [11.17442139 17.7824288   9.62688937  4.58208428 10.87366075  6.36193022
  0.21300047  0.09529589  0.2418939   0.28138716  0.25306927 -7.17175849
 -5.91281974 -0.37212664  3.38992758  5.2541873   3.74236483  7.31372422
  1.4244441  -3.07757494 -2.4129629  -3.08066713 -7.01837287  5.10643222
  3.95237895  1.76124306]
2022-09-12 17:35:30,728 mloop.controllers    INFO     cost 79.63003672096406 +/- 0.0
2022-09-12 17:35:30,729 mloop.controllers    INFO     Run:46 (training)
2022-09-12 17:35:30,731 mloop.controllers    INFO     params [ 5.13058778e+00  1.38848422e+01  1.96500643e+01  1.45091304e+01
  8.18268652e+00  8.84103068e+00  1.76394542e-02  2.75737878e-01
  4.97162211e-01  2.14401585e-01  4.64749274e-01 -3.69304570e+00
 -4.20506929e+00  6.26572560e+00 -4.65407993e+00  5.42037030e+00
 -7.36994406e+00 -2.89460531e+00 -2.84003803e+00 -3.32457438e+00
 -1.45738393e+00  3.82819022e-01  5.09399461e+00 -6.95983113e+00
 -5.70104390e-02  1.91484860e+00]
2022-09-12 17:35:30,749 mloop.controllers    INFO     cost 82.28618050965213 +/- 0.0
2022-09-12 17:35:30,750 mloop.controllers    INFO     Run:47 (training)
2022-09-12 17:35:30,752 mloop.controllers    INFO     params [ 1.04931158e+01  8.37236588e+00  5.84642537e+00  1.16178503e+01
  5.30919922e+00  1.30814041e+01  3.29337703e-01  2.77628704e-01
  3.95503028e-01  4.00414054e-03  1.00928281e-02 -7.42347553e+00
 -4.16853578e+00 -3.35147679e+00  2.56527654e+00  2.71106109e+00
  4.38089360e+00 -7.95560194e+00 -6.09457066e+00 -6.29883645e+00
 -1.59301877e+00  2.14649734e+00 -2.81794552e+00 -6.37762426e+00
 -5.94238447e+00  2.65302565e+00]
2022-09-12 17:35:30,772 mloop.controllers    INFO     cost 84.57424493464727 +/- 0.0
2022-09-12 17:35:30,772 mloop.controllers    INFO     Run:48 (training)
2022-09-12 17:35:30,774 mloop.controllers    INFO     params [ 1.43369454e+01  1.85979522e+01  1.13728899e+01  1.90538973e+01
  1.85526591e+01  6.51374382e+00  1.17371477e-01  6.69478891e-03
  7.26494236e-03  1.56519416e-01  3.38734654e-01 -1.36585584e-01
 -4.91324843e+00 -2.64503515e+00 -3.65246017e+00  7.28419397e+00
  4.53977117e+00 -5.31548759e+00  4.04817825e+00  7.83045084e+00
  6.20708560e+00  2.07537788e+00  6.42722041e+00 -3.08447532e+00
 -4.96247409e+00 -7.11086224e+00]
2022-09-12 17:35:30,791 mloop.controllers    INFO     cost 101.97189072708711 +/- 0.0
2022-09-12 17:35:30,792 mloop.controllers    INFO     Run:49 (training)
2022-09-12 17:35:30,793 mloop.controllers    INFO     params [ 3.59775635  9.26839285  4.08078142  9.2367655  17.62960459 14.41469569
  0.45991346  0.20238405  0.35937213  0.36929386  0.26576836 -6.4373426
  3.57630265  7.08490247 -5.44845753 -1.06812468  0.27680327 -1.05946413
  3.81322545  7.86348297  6.29245896 -6.68675528 -1.75414162  2.66598346
  2.11281765  0.48990954]
2022-09-12 17:35:30,811 mloop.controllers    INFO     cost 85.67024016603034 +/- 0.0
2022-09-12 17:35:30,812 mloop.controllers    INFO     Run:50 (training)
2022-09-12 17:35:30,814 mloop.controllers    INFO     params [ 4.27499258 16.73997768 14.59737459  4.45687644  8.79996494 12.76785805
  0.44292369  0.49857833  0.47913841  0.26377858  0.0657415  -7.98075981
  0.52361738  0.61416422 -2.27124922 -0.68800292 -3.99614634 -0.97884905
  0.6471911   5.35130715 -0.30568506  0.52625801 -6.30910815  3.94128294
 -1.85847337 -1.1394533 ]
2022-09-12 17:35:30,834 mloop.controllers    INFO     cost 65.46610188689436 +/- 0.0
2022-09-12 17:35:30,834 mloop.controllers    INFO     Run:51 (training)
2022-09-12 17:35:30,836 mloop.controllers    INFO     params [12.10721307 17.75698485  8.23295413 13.6995146   9.98361975  7.04707668
  0.16320363  0.05906008  0.24989162  0.17203016  0.06734928  0.89169344
 -4.4784336   0.27286562 -2.60515395 -6.77466784 -1.61086216  2.8174344
  0.25587671  6.43253772  0.49993444 -3.74603836 -6.07269135 -5.24240491
 -2.41163743  7.3790315 ]
2022-09-12 17:35:30,853 mloop.controllers    INFO     cost 69.43729060626836 +/- 0.0
2022-09-12 17:35:30,854 mloop.controllers    INFO     Run:52 (training)
2022-09-12 17:35:30,856 mloop.controllers    INFO     params [10.12599617 14.47232508 15.3378349   7.77334321 15.5034352   6.83679303
  0.08028713  0.31694584  0.48014896  0.47516879  0.35801947  5.36740912
 -3.54020194  5.58055622  4.70295915  2.20473797  4.81344506  7.78300866
 -3.67615742 -4.1792244  -5.11529963 -1.33392901 -6.23683393 -4.57869625
 -3.66747219 -6.57794241]
2022-09-12 17:35:30,879 mloop.controllers    INFO     cost 89.8428320506884 +/- 0.0
2022-09-12 17:35:30,879 mloop.controllers    INFO     Run:53 (training)
2022-09-12 17:35:30,881 mloop.controllers    INFO     params [ 7.74730269  7.46845176  6.60574237 17.9313226  12.02738608 15.30329761
  0.05808158  0.43878697  0.138006    0.16335836  0.46045963 -4.76960748
  2.60223654  2.61144111  6.74324047  2.9792663  -7.64371353  3.73288296
 -5.56991187  0.95904657 -7.78755103 -0.94237911 -3.40376573  3.77925181
 -5.7413572   6.55271236]
2022-09-12 17:35:30,882 mloop.controllers    DEBUG    Starting ML optimization.
2022-09-12 17:35:30,882 mloop.controllers    INFO     cost 90.94117418508695 +/- 0.0
2022-09-12 17:35:30,941 mloop.controllers    DEBUG    End training runs.
2022-09-12 17:35:30,942 mloop.controllers    INFO     Run:54 (trainer)
2022-09-12 17:35:30,944 mloop.controllers    INFO     params [16.5040389  16.11064727  6.29523319 12.84532339 16.57534187 12.92047528
  0.09888213  0.36723422  0.4408681   0.08780762  0.42445084 -0.51505874
 -0.46772589  6.20138081 -2.93845443  5.87430549 -2.35561729  5.90196663
 -7.50721737  0.56803048 -0.83058098  2.44282068  3.86448819 -1.94329332
 -5.26015154  2.85013633]
2022-09-12 17:35:30,978 mloop.controllers    INFO     cost 76.30018509944107 +/- 0.0
2022-09-12 17:35:30,979 mloop.controllers    INFO     Run:55 (trainer)
2022-09-12 17:35:30,981 mloop.controllers    INFO     params [13.50753073  3.25193131 19.77378003 17.53606678  6.29112033  7.31123894
  0.46829731  0.2991071   0.3223574   0.31257081  0.07773307  0.87839267
 -1.57974606  0.62387332  0.40536534  5.64565005 -1.18186913  7.60120326
 -2.82974942  6.8293153   0.51405955  7.73807179  7.72868708  0.41667326
 -2.54921988 -5.92243222]
2022-09-12 17:35:31,007 mloop.controllers    INFO     cost 86.08949484933498 +/- 0.0
2022-09-12 17:35:31,008 mloop.controllers    INFO     Run:56 (trainer)
2022-09-12 17:35:31,013 mloop.controllers    INFO     params [ 7.9091652   5.60047151  2.53803322  2.50839786 18.40864606 11.54715181
  0.12312708  0.08117648  0.45405011  0.09719856  0.3874162   0.50730726
 -1.02716924  2.67655318  1.31512507  2.81795622  2.20796909 -6.82191495
  2.97352772 -2.14923903  6.21845941 -1.6964707  -2.58593873 -5.33003465
  4.77501459 -5.00113073]
2022-09-12 17:35:31,047 mloop.controllers    INFO     cost 82.97100485233044 +/- 0.0
2022-09-12 17:35:31,049 mloop.controllers    INFO     Run:57 (trainer)
2022-09-12 17:35:31,052 mloop.controllers    INFO     params [ 5.5101135   5.45051908 19.58501301 10.36882856 16.87986056  6.01438262
  0.42558741  0.41652152  0.43512016  0.28356646  0.42418842 -2.74770443
  3.48353827  6.9990654  -1.39923801 -2.72390382  0.19935102  4.13843705
  2.10306609 -2.92868729 -4.05641578 -2.74189171 -3.43992549  4.71975838
 -7.19869231  5.37813069]
2022-09-12 17:35:31,094 mloop.controllers    INFO     cost 85.00631949700745 +/- 0.0
2022-09-12 17:35:31,095 mloop.controllers    INFO     Run:58 (trainer)
2022-09-12 17:35:31,098 mloop.controllers    INFO     params [ 9.3732099  17.82977057 10.2620332   5.42935712  4.6288433  14.86580969
  0.34306994  0.07947905  0.10423793  0.25859657  0.05806374 -2.32361006
  4.19996052 -2.51104126 -7.33378943 -7.8593561   0.4348493   5.68621358
 -1.46493312  4.07542446  2.71726129 -5.40666403 -7.89834172 -0.40493275
  6.55708007  5.70452699]
2022-09-12 17:35:31,133 mloop.controllers    INFO     cost 90.86750718436792 +/- 0.0
2022-09-12 17:35:31,134 mloop.controllers    INFO     Run:59 (trainer)
2022-09-12 17:35:31,138 mloop.controllers    INFO     params [ 1.36263023e+01  8.10332947e+00  4.93606341e+00  1.77849282e+01
  2.48163984e+00  1.56651183e+01  1.18418446e-03  1.42045483e-01
  1.04158063e-01  1.18256795e-01  4.18777063e-01  3.37180509e+00
 -9.10464244e-01  5.67074932e+00  3.72203911e+00 -2.54007267e-01
 -3.15472517e+00  6.84901634e+00  1.08513407e+00  1.56842754e+00
 -2.38131764e+00  5.02149038e+00 -2.02223653e+00 -5.06549169e+00
  9.30682757e-01  2.29502583e+00]
2022-09-12 17:35:31,182 mloop.controllers    INFO     cost 77.55356164842185 +/- 0.0
2022-09-12 17:35:31,184 mloop.controllers    INFO     Run:60 (trainer)
2022-09-12 17:35:31,186 mloop.controllers    INFO     params [ 1.64582599e+01  7.13606766e+00  1.68400688e+01  1.78320467e+01
  1.48583901e+01  9.45186556e+00  3.68708712e-02  2.33443448e-01
  1.69289813e-02  4.72084203e-01  2.99216950e-01 -3.55960646e+00
 -1.12322025e+00  5.15561881e+00 -3.41908069e+00  6.07698824e+00
 -3.69869107e+00  3.77466246e+00 -9.65648732e-02 -3.15122624e+00
 -4.92486336e+00 -1.35752618e+00 -3.22551739e+00 -4.15357767e+00
  7.25499908e+00  7.37928818e+00]
2022-09-12 17:35:31,264 mloop.controllers    INFO     cost 85.80882105722182 +/- 0.0
2022-09-12 17:35:31,265 mloop.controllers    INFO     Run:61 (trainer)
2022-09-12 17:35:31,268 mloop.controllers    INFO     params [ 8.11015336 10.4027783   5.50048194  9.22841929  5.95829982 13.29392231
  0.02350293  0.2477774   0.0605842   0.47449509  0.20737216 -5.96102238
  4.90053994  6.91009762 -3.81952986  0.47887552  1.84790481  3.48653423
 -2.53193937  2.71102474  2.18659235  2.02628763  6.77448607 -0.30082571
  2.83620904  4.54281738]
2022-09-12 17:35:31,353 mloop.controllers    INFO     cost 70.55623464846792 +/- 0.0
2022-09-12 17:35:31,355 mloop.controllers    INFO     Run:62 (trainer)
2022-09-12 17:35:31,361 mloop.controllers    INFO     params [19.92499345  2.78539285  4.0839978  13.92368069  2.02169139  6.76657084
  0.20183727  0.42347367  0.12916934  0.12819307  0.14832362 -0.8717722
  4.253967    1.43255648  2.04899213 -7.69177608  3.84026147 -0.97244966
  0.29396355 -2.57866773  6.04705004 -7.54180127  6.12006161  1.41652728
  3.47077641  6.90597087]
2022-09-12 17:35:31,403 mloop.controllers    INFO     cost 95.13606541897461 +/- 0.0
2022-09-12 17:35:31,404 mloop.controllers    INFO     Run:63 (trainer)
2022-09-12 17:35:31,409 mloop.controllers    INFO     params [ 4.78275302  6.52976962 15.8819912  11.87763806  1.96894011  6.84337589
  0.31280006  0.24858652  0.03140125  0.15304401  0.10941646  6.99747112
  6.57536966  6.96728229 -6.80420562  2.60918651  5.9544305  -5.3876929
  1.63944862  3.45740563 -7.19362459 -2.40215258 -7.8136685   5.16990052
  0.40903753  7.27680124]
2022-09-12 17:35:31,447 mloop.controllers    INFO     cost 105.70532025510727 +/- 0.0
2022-09-12 17:35:31,450 mloop.controllers    INFO     Run:64 (trainer)
2022-09-12 17:35:31,453 mloop.controllers    INFO     params [18.70528883  1.94938451 19.40895135  7.90488373 11.3619305   4.81099974
  0.19809013  0.29637371  0.02600836  0.4118962   0.18023597  0.34320108
  4.80918944 -3.79874867  3.41360219  5.88786441 -7.49959856  7.24676972
 -1.90946491 -5.05055399  2.62732574 -2.64459146  0.09201491 -3.8844446
  4.57527512  4.30079197]
2022-09-12 17:35:31,494 mloop.controllers    INFO     cost 92.55577492910187 +/- 0.0
2022-09-12 17:35:31,495 mloop.controllers    INFO     Run:65 (trainer)
2022-09-12 17:35:31,498 mloop.controllers    INFO     params [ 7.99145656  7.49467126  3.21096897  4.434007   10.13554225  8.4572532
  0.14464954  0.14979752  0.32771777  0.24462926  0.38181803  0.26808357
 -3.93962445  1.76702505 -6.34668487  3.4681803  -4.10962765 -2.18964093
 -6.60396572 -6.20162228  2.20407999  7.60858978  3.42540741  4.4571348
 -5.46355919 -2.54278564]
2022-09-12 17:35:31,572 mloop.controllers    INFO     cost 83.75507185652432 +/- 0.0
2022-09-12 17:35:31,575 mloop.controllers    INFO     Run:66 (trainer)
2022-09-12 17:35:31,586 mloop.controllers    INFO     params [ 3.02237843  6.5789932  17.45927172  5.10918019 15.73417603 13.70114947
  0.13324437  0.38444462  0.27931337  0.30906836  0.10463382 -4.91557493
 -3.83381538  5.97845702  7.37424769  2.18706252 -7.39270814 -0.78918048
  5.53035148  1.86990329  1.58387867  2.00046591 -6.3568648  -4.91651388
  4.35953816  4.67411602]
2022-09-12 17:35:31,654 mloop.controllers    INFO     cost 97.32417193687087 +/- 0.0
2022-09-12 17:35:31,657 mloop.controllers    INFO     Run:67 (trainer)
2022-09-12 17:35:31,662 mloop.controllers    INFO     params [16.19185759 14.04664778 16.79266387 17.22984166  4.72566973  9.23905662
  0.34965525  0.0331696   0.39800941  0.10306608  0.30320953  2.359228
  2.40036277  5.30056007 -5.05508865 -3.41429713  6.50433781  6.30792285
 -2.56006187 -4.37572736  4.92749203 -2.65971944 -7.05591354 -6.73977816
 -5.63762441  0.08027104]
2022-09-12 17:35:31,711 mloop.controllers    INFO     cost 93.66180818675839 +/- 0.0
2022-09-12 17:35:31,713 mloop.controllers    INFO     Run:68 (trainer)
2022-09-12 17:35:31,716 mloop.controllers    INFO     params [15.59367118  7.07944062 12.5386778   7.06124138 17.06716631 15.53256362
  0.1567411   0.09092043  0.42581216  0.24837738  0.46598178  7.96859551
 -7.42898154 -0.5480633   7.48656791 -1.55111752 -0.22125778 -6.73929772
  0.38814553 -1.7757745  -0.48908852 -7.05478074 -5.23567029 -5.29373464
  2.77589478  4.20633843]
2022-09-12 17:35:31,746 mloop.controllers    INFO     cost 85.50796062453642 +/- 0.0
2022-09-12 17:35:31,747 mloop.controllers    INFO     Run:69 (trainer)
2022-09-12 17:35:31,749 mloop.controllers    INFO     params [ 1.20845707e+01  7.28068220e+00  1.80969795e+01  9.48773659e+00
  1.02478119e+01  1.59122977e+01  1.70967725e-02  1.19417750e-01
  1.16499501e-01  9.13658042e-02  1.83558605e-01 -9.74849614e-01
  6.17631796e+00  6.10717168e+00  4.83088259e+00 -1.79997011e+00
  4.25636224e+00 -6.99211024e+00  7.14791851e+00  7.27975505e+00
 -5.12846213e+00  4.73129196e+00  4.82716303e-01 -1.68626297e+00
 -7.50520828e+00  1.22241120e+00]
2022-09-12 17:35:31,779 mloop.controllers    INFO     cost 87.0138696604943 +/- 0.0
2022-09-12 17:35:31,780 mloop.controllers    INFO     Run:70 (trainer)
2022-09-12 17:35:31,782 mloop.controllers    INFO     params [ 1.55968231e+01  1.75527150e+01  1.08039872e+01  6.61183140e+00
  1.77697911e+01  1.11508289e+01  3.72573402e-03  6.09668817e-02
  7.11498137e-02  4.48741798e-01  4.65904440e-01  6.39603596e+00
 -4.60743000e-01  4.61397206e+00  6.57412287e+00  2.89366054e+00
 -4.35841025e+00  5.80258260e+00  6.14643237e+00  2.59382434e-02
 -3.54917949e+00 -4.85386916e+00 -2.62203287e+00  3.11024624e+00
  7.90077581e+00  9.21602551e-02]
2022-09-12 17:35:31,809 mloop.controllers    INFO     cost 84.1908050215666 +/- 0.0
2022-09-12 17:35:31,810 mloop.controllers    INFO     Run:71 (trainer)
2022-09-12 17:35:31,812 mloop.controllers    INFO     params [12.68978286 14.07215209  6.35885504 16.98686637  4.54353879 13.06021218
  0.18530767  0.32613783  0.40038645  0.35847037  0.25814239 -2.90584945
 -0.16871906  2.24858042 -0.57803788  3.20001789  0.08428357 -1.37236724
 -0.9703841  -1.3810202   6.9576641   3.65387195 -4.55587707 -2.72135909
 -4.04589034  4.65438271]
2022-09-12 17:35:31,843 mloop.controllers    INFO     cost 64.92025411140027 +/- 0.0
2022-09-12 17:35:31,843 mloop.controllers    INFO     Run:72 (trainer)
2022-09-12 17:35:31,846 mloop.controllers    INFO     params [12.62601008 17.02269687 14.18138537 16.54769889 15.80941385  7.87988867
  0.44174181  0.33659909  0.37778678  0.27764234  0.35521887 -4.93823658
 -1.15808399 -4.98400333 -0.37658859  6.04783187 -0.26611982  0.039398
  0.12304286 -7.13163268 -0.04923952  1.54382664  1.24547039  6.06188588
  0.4706362  -0.07796992]
2022-09-12 17:35:31,879 mloop.controllers    INFO     cost 58.89777155120222 +/- 0.0
2022-09-12 17:35:31,880 mloop.controllers    INFO     Run:73 (trainer)
2022-09-12 17:35:31,882 mloop.controllers    INFO     params [17.39790658 12.71812642 16.38552665  2.66144888  3.47920536 14.35384762
  0.44169771  0.3303395   0.48264709  0.47088164  0.18299737  3.48516345
 -0.43667994  0.55751792 -3.83012519 -1.7284048   5.56483597  6.78312351
 -1.56513836  6.79014236 -7.67010287 -2.32058073  2.70301284 -0.63290188
 -6.34563651  2.65573194]
2022-09-12 17:35:31,916 mloop.controllers    INFO     cost 87.68391985491613 +/- 0.0
2022-09-12 17:35:31,917 mloop.controllers    INFO     Run:74 (trainer)
2022-09-12 17:35:31,919 mloop.controllers    INFO     params [ 4.43870272e+00  1.24838647e+01  1.85544916e+01  5.20684546e+00
  1.61138866e+01  7.73238303e+00  3.16330175e-04  1.56187124e-01
  2.31457118e-03  4.66014623e-01  1.61446353e-01 -6.74115052e+00
 -4.38447574e+00 -3.57667956e+00  6.14431849e+00  3.23451121e+00
  3.38904206e+00 -1.78367080e+00  7.47585723e+00  1.47859389e+00
  6.41205655e+00 -4.30289355e+00  2.82746038e+00  5.23544289e+00
  2.73601522e+00 -5.93453480e+00]
2022-09-12 17:35:32,253 mloop.controllers    INFO     cost 95.43426486329699 +/- 0.0
2022-09-12 17:35:32,253 mloop.controllers    INFO     Run:75 (trainer)
2022-09-12 17:35:32,255 mloop.controllers    INFO     params [15.91163507  9.20177671 15.72468611 18.95096878 12.74932927  9.04955397
  0.08912945  0.36821916  0.07794669  0.07270601  0.13716193  3.81201038
  1.67975064  1.74034615 -3.7668937   0.29987181  7.9322704  -7.14664706
 -4.14329493  7.02765656 -3.99988008  0.34991242  3.14107273  6.54086911
 -7.2261912  -1.74477607]
2022-09-12 17:35:32,285 mloop.controllers    INFO     cost 83.70050685724426 +/- 0.0
2022-09-12 17:35:32,285 mloop.controllers    INFO     Run:76 (trainer)
2022-09-12 17:35:32,287 mloop.controllers    INFO     params [ 6.01887209 19.7998554   7.62292847 16.7148204  14.74925454  9.87079579
  0.02868158  0.28836225  0.46561797  0.16540245  0.12901841  4.2371766
  2.16846521 -3.51676198 -5.66796999 -4.92368296  2.46143228 -0.31981384
  6.15666506 -2.86236313 -1.73602201 -0.90460912  7.14336757 -7.58654105
 -4.38536427  5.03296952]
2022-09-12 17:35:32,313 mloop.controllers    INFO     cost 86.64291634322207 +/- 0.0
2022-09-12 17:35:32,314 mloop.controllers    INFO     Run:77 (trainer)
2022-09-12 17:35:32,316 mloop.controllers    INFO     params [12.74552994  1.84588502  9.74928358 16.5640606  18.00209519 13.07638589
  0.48690611  0.27007649  0.4960544   0.28951083  0.06997476  1.2343107
  4.11260816 -0.24572678 -0.98436517 -5.96375696 -0.23389929 -0.01914392
  3.64650071 -7.39489175  2.2448393   6.03628555 -1.32254276  1.13556288
 -0.95614686  7.69642465]
2022-09-12 17:35:32,344 mloop.controllers    INFO     cost 71.84998150838713 +/- 0.0
2022-09-12 17:35:32,345 mloop.controllers    INFO     Run:78 (trainer)
2022-09-12 17:35:32,347 mloop.controllers    INFO     params [15.04062589 12.97503292  6.34371759 17.50973852 19.13731807  9.33476079
  0.49574637  0.19289079  0.03351587  0.03299968  0.15129248 -6.67792162
 -3.59291459  1.07995958 -7.89335494 -3.15938772  1.38931035 -3.54408871
 -7.36058506 -2.83449877  7.81730287 -1.61807556  6.12584384 -4.28898467
  2.74438563  2.48081176]
2022-09-12 17:35:32,370 mloop.controllers    INFO     cost 89.74921028033259 +/- 0.0
2022-09-12 17:35:32,370 mloop.controllers    INFO     Run:79 (trainer)
2022-09-12 17:35:32,373 mloop.controllers    INFO     params [18.83992583 19.14693259  2.41382601  8.63294176  5.73881998  4.40389507
  0.3032889   0.08971001  0.31135804  0.17174967  0.25212692  3.57450716
  7.54401859  1.07155629  5.79102445  2.91592293 -2.72619877  6.36677168
 -0.41851434 -5.57305272 -3.4371458  -4.22150948  1.9290767  -2.95407745
  5.12240741 -2.90780792]
2022-09-12 17:35:32,403 mloop.controllers    INFO     cost 94.59878146891118 +/- 0.0
2022-09-12 17:35:32,404 mloop.controllers    INFO     Run:80 (trainer)
2022-09-12 17:35:32,406 mloop.controllers    INFO     params [18.91313066  3.72432985 19.32544325 10.05628526 14.07615991  9.25864693
  0.48943065  0.41963565  0.04102971  0.40770365  0.18655796  3.69770106
 -0.19795524  4.54907721  0.21400365 -1.99965725 -4.79321618  2.33220652
 -0.89925089  5.74660537 -0.35687241 -6.74007165  6.9550724  -5.28295018
  7.646643    2.08732452]
2022-09-12 17:35:32,435 mloop.controllers    INFO     cost 82.72076157680135 +/- 0.0
2022-09-12 17:35:32,435 mloop.controllers    INFO     Run:81 (trainer)
2022-09-12 17:35:32,437 mloop.controllers    INFO     params [ 5.78910166e+00  1.60797889e+01  1.07842914e+01  4.77234465e+00
  1.54782996e+01  1.36262570e+01  3.18090439e-01  3.34036872e-01
  6.27894317e-02  3.80613154e-04  6.11422014e-02  5.42376692e+00
 -4.34010825e+00 -5.00854168e+00 -4.61064281e+00  4.14546192e+00
 -3.51893494e+00 -4.18193508e+00  3.44725557e+00  5.86753399e+00
  1.38071319e+00  7.52879990e+00 -7.27359732e+00 -7.63117586e+00
 -4.18617749e+00  5.01962538e+00]
2022-09-12 17:35:32,464 mloop.controllers    INFO     cost 99.07319316089286 +/- 0.0
2022-09-12 17:35:32,464 mloop.controllers    INFO     Run:82 (trainer)
2022-09-12 17:35:32,466 mloop.controllers    INFO     params [16.15737396 10.13212735 15.50803204  2.82062098 12.076867   15.19724409
  0.41918396  0.04767695  0.21788112  0.26600589  0.32754143  7.94115425
  5.05712083  7.51767264 -6.7947839  -3.86944702  0.89522995  7.0905795
  5.889273   -2.58229259  7.50663245 -5.48233542  5.57403825 -2.3453901
  6.44483611  4.23702485]
2022-09-12 17:35:32,492 mloop.controllers    INFO     cost 104.81925283894599 +/- 0.0
2022-09-12 17:35:32,492 mloop.controllers    INFO     Run:83 (trainer)
2022-09-12 17:35:32,494 mloop.controllers    INFO     params [ 7.36336795 10.28535153  2.17733271  2.49406979 15.78451309 10.80885117
  0.09733653  0.3136303   0.22682054  0.03699586  0.37730305 -0.93815863
  7.7993705   1.62626215  2.55582943  6.25948814  1.01021311 -6.12330993
 -7.05386796 -3.84191472 -6.00086919 -0.45644744  7.5597269   3.93250912
  6.2287836  -7.86718271]
2022-09-12 17:35:32,521 mloop.controllers    INFO     cost 96.78445621702609 +/- 0.0
2022-09-12 17:35:32,522 mloop.controllers    INFO     Run:84 (trainer)
2022-09-12 17:35:32,525 mloop.controllers    INFO     params [ 6.68651485  8.90265981 15.63399588  2.94522559  9.53525163  9.23513595
  0.16210315  0.10635303  0.26344551  0.33023919  0.12595422  6.47594785
  0.50926317 -1.45820742 -1.32386097 -7.08241977 -7.48146442  7.14492715
  2.48276347 -4.7095686   4.26621464  2.33142994  3.16284115  6.12320501
  6.38037384  2.3372058 ]
2022-09-12 17:35:32,554 mloop.controllers    INFO     cost 84.72567555504011 +/- 0.0
2022-09-12 17:35:32,555 mloop.controllers    INFO     Run:85 (trainer)
2022-09-12 17:35:32,557 mloop.controllers    INFO     params [11.55511531  7.97943679 19.26146174 13.95210836 16.19017808 11.41538016
  0.2748611   0.359026    0.43341347  0.18601467  0.34284567  7.50989438
  0.3272002   5.45421091  5.71857548  0.9387867   3.40982506  0.15926562
 -6.89903942 -1.35332666  3.60418997 -0.46613792  5.17188275  1.17579097
 -7.26316773  0.5535234 ]
2022-09-12 17:35:32,589 mloop.controllers    INFO     cost 72.1962556255238 +/- 0.0
2022-09-12 17:35:32,589 mloop.controllers    INFO     Run:86 (trainer)
2022-09-12 17:35:32,591 mloop.controllers    INFO     params [ 8.38973031 10.73906429 12.60481745 12.2236725  19.83892164  9.41902325
  0.47483035  0.21644007  0.35283565  0.37205818  0.04783496  5.44773429
  5.1987665  -3.05653499 -7.14579293 -7.30524435 -3.87168388  6.15526382
 -0.42639202 -1.74790466  2.03992525 -3.60642834 -6.74662091 -2.48714407
  7.83617699 -3.07832504]
2022-09-12 17:35:32,630 mloop.controllers    INFO     cost 82.06248092252685 +/- 0.0
2022-09-12 17:35:32,630 mloop.controllers    INFO     Run:87 (trainer)
2022-09-12 17:35:32,634 mloop.controllers    INFO     params [19.17389359  6.32896169  9.34665785  3.14883294 19.25286708  6.56636188
  0.122831    0.32556364  0.28560452  0.47344935  0.21375616 -5.40377033
  0.7711221   4.95186305 -5.72097262 -7.17875418 -2.81225244  1.25135042
  1.36399809  6.96081969 -4.17999914  5.40009778 -7.13022947  1.79764838
 -4.14663591  1.17550467]
2022-09-12 17:35:32,691 mloop.controllers    INFO     cost 94.67149491709048 +/- 0.0
2022-09-12 17:35:32,692 mloop.controllers    INFO     Run:88 (trainer)
2022-09-12 17:35:32,694 mloop.controllers    INFO     params [ 2.87483115  4.89979736  9.63140272  2.91474514 14.76573376  4.20064309
  0.40787114  0.06987587  0.1773389   0.39412381  0.12171282 -7.57637703
 -7.90649613  3.80654726 -0.02177154 -1.99417638 -1.37132039  3.10789057
 -0.24990463 -6.08456409  5.2721247   6.22509143 -0.45207895 -3.68072286
 -3.52192387  6.37799615]
2022-09-12 17:35:32,737 mloop.controllers    INFO     cost 91.25386762721389 +/- 0.0
2022-09-12 17:35:32,738 mloop.controllers    INFO     Run:89 (trainer)
2022-09-12 17:35:32,741 mloop.controllers    INFO     params [13.35004966 11.71449573 11.33471605  2.95793311  7.31206515  8.27094641
  0.26960574  0.03999581  0.0681159   0.11559242  0.46348723  1.37087192
 -2.55657132 -2.38018272 -3.28990649  1.2132058  -0.82761461 -5.6860772
 -4.51324397  0.93823139 -7.25391981 -6.64745638  3.75412515 -5.19716043
 -4.67587212 -4.66099271]
2022-09-12 17:35:32,783 mloop.controllers    INFO     cost 72.69063761204146 +/- 0.0
2022-09-12 17:35:32,783 mloop.controllers    INFO     Run:90 (trainer)
2022-09-12 17:35:32,785 mloop.controllers    INFO     params [ 9.95213403 18.32822471  7.13600927  5.19652395 15.30938991  7.30225621
  0.23444291  0.46690409  0.20584147  0.04051788  0.40624204  4.93500965
  5.45471929 -2.33859385 -6.70984782 -6.32746592  0.56186316  7.70625757
 -1.22975241  0.22693222 -4.62769295  0.17020371  0.60239115 -7.90327709
  3.00459729 -7.08220142]
2022-09-12 17:35:32,822 mloop.controllers    INFO     cost 84.46634053439854 +/- 0.0
2022-09-12 17:35:32,823 mloop.controllers    INFO     Run:91 (trainer)
2022-09-12 17:35:32,826 mloop.controllers    INFO     params [ 3.64197392  8.59179863  8.75640173  4.65007895  8.76955059  7.63898819
  0.29932577  0.32069136  0.20655751  0.16690361  0.0692776  -0.44549965
 -3.07028926  6.52547157  3.84939931  6.3061853  -6.08007997 -7.21311266
  2.61290739  4.21128662  3.18723706  4.66298687 -3.71182373 -1.7173196
 -4.04590484  0.37746129]
2022-09-12 17:35:32,867 mloop.controllers    INFO     cost 80.85795150607896 +/- 0.0
2022-09-12 17:35:32,868 mloop.controllers    INFO     Run:92 (trainer)
2022-09-12 17:35:32,870 mloop.controllers    INFO     params [13.92137162 10.33955347 18.66711693  5.79404273  8.11031003 14.82227733
  0.05862601  0.0759015   0.26364416  0.30757257  0.02353084 -1.90827316
 -6.23633856  1.37121545  1.36128501 -5.31081351  2.95604457 -0.82339119
  5.23725686 -7.20878952 -0.252393   -1.21223235  6.48935429  6.01214982
  4.95393048  2.89652339]
2022-09-12 17:35:32,911 mloop.controllers    INFO     cost 78.95250917721556 +/- 0.0
2022-09-12 17:35:32,912 mloop.controllers    INFO     Run:93 (trainer)
2022-09-12 17:35:32,915 mloop.controllers    INFO     params [19.28281082  2.25686502  7.74732188 16.9143782  11.20996753 10.12346298
  0.39821038  0.36744044  0.24637728  0.12216289  0.43091944  3.14247085
  4.96734535 -4.68230846  3.74813733  0.84087758 -2.05326599 -5.22288437
 -4.38453021  6.50109661 -6.8001414  -2.43212861  3.4048661   3.95131109
 -4.14478757 -7.59633259]
2022-09-12 17:35:32,955 mloop.controllers    INFO     cost 91.08444681335864 +/- 0.0
2022-09-12 17:35:32,956 mloop.controllers    INFO     Run:94 (trainer)
2022-09-12 17:35:32,958 mloop.controllers    INFO     params [ 4.70017619 13.921872    8.33595814 16.38069252  4.76474515 14.40877266
  0.06511517  0.38418409  0.41279466  0.26994265  0.17394993  2.74048022
  6.27789145 -2.79352872  5.47279795 -5.15236714  5.30255707 -1.69432491
  2.15481982 -1.13558968 -4.31992882 -1.15763983 -0.39108014  4.49109035
  0.28116922 -6.76839915]
2022-09-12 17:35:32,996 mloop.controllers    INFO     cost 78.51447847065062 +/- 0.0
2022-09-12 17:35:32,997 mloop.controllers    INFO     Run:95 (trainer)
2022-09-12 17:35:32,999 mloop.controllers    INFO     params [14.34654105 11.17269423 10.97419942 16.57615537 19.27153929 15.00702975
  0.22935638  0.3370667   0.38902502  0.39803013  0.39639148 -3.31008982
 -6.68172829  2.5962614   7.43048698  5.6305701   4.12737377 -6.53231428
 -5.79071511 -7.20185533  3.96758825 -2.22961361  1.55461539  6.43865568
 -7.72104603 -7.59187735]
2022-09-12 17:35:33,040 mloop.controllers    INFO     cost 102.23160746914236 +/- 0.0
2022-09-12 17:35:33,040 mloop.controllers    INFO     Run:96 (trainer)
2022-09-12 17:35:33,043 mloop.controllers    INFO     params [ 8.40183076  7.26096856  7.74382013 18.82821727 10.46780875 13.27844896
  0.38799502  0.02026508  0.23212925  0.21636805  0.46729898 -4.86804285
 -2.67555017 -4.17600257 -1.55744014  0.04699848 -4.82362235 -4.69392591
 -6.43505529  5.91005825 -4.87927585 -4.44837287 -7.79369849  4.514325
 -6.34351902  3.84246374]
2022-09-12 17:35:33,090 mloop.controllers    INFO     cost 88.55462065072649 +/- 0.0
2022-09-12 17:35:33,091 mloop.controllers    INFO     Run:97 (trainer)
2022-09-12 17:35:33,093 mloop.controllers    INFO     params [ 8.66521349 18.39826286  8.89624422 12.17512798  9.16903978  9.61709484
  0.4503652   0.20020317  0.35564732  0.33212366  0.14789683  2.12742983
  6.11183179  4.76295939 -3.79114016  7.7139389  -1.28236026 -0.37660174
  4.83939493 -7.05427331  1.43409835 -3.50088012  0.89911606 -0.91213556
 -3.83347853  6.73299564]
2022-09-12 17:35:33,135 mloop.controllers    INFO     cost 71.03096924884481 +/- 0.0
2022-09-12 17:35:33,135 mloop.controllers    INFO     Run:98 (trainer)
2022-09-12 17:35:33,137 mloop.controllers    INFO     params [ 5.5787146  14.29585486 14.28594303 11.86178806 18.45074719  5.52805233
  0.13426969  0.08613407  0.41890052  0.20366687  0.49771444  2.61778486
 -1.84972609 -3.52669804  4.3354205   5.15889931  3.96763675  3.52841741
 -5.37157982 -5.64887952 -2.96533229  3.68033991 -3.71576193  6.36819838
 -7.10811822 -2.85470755]
2022-09-12 17:35:33,185 mloop.controllers    INFO     cost 88.55011111335068 +/- 0.0
2022-09-12 17:35:33,186 mloop.controllers    INFO     Run:99 (trainer)
2022-09-12 17:35:33,189 mloop.controllers    INFO     params [13.23969162 14.17668016 14.34483037  8.09256517  8.57264613 15.82680184
  0.06425404  0.40555347  0.45641116  0.2281577   0.35077542 -6.39118212
 -3.11744207  4.27000836 -3.96716733  2.07033224  6.8354267   3.87738915
 -6.58293337 -3.31490085 -0.48932873  5.80117742  3.8108276  -5.43348969
  5.33760443  3.01920311]
2022-09-12 17:35:33,247 mloop.controllers    INFO     cost 85.01903416145544 +/- 0.0
2022-09-12 17:35:33,248 mloop.controllers    INFO     Run:100 (trainer)
2022-09-12 17:35:33,251 mloop.controllers    INFO     params [18.84983642  2.58259447 19.07297324 11.64344323 17.33241807  5.10933246
  0.40722152  0.29595425  0.27095584  0.29795113  0.34721131 -6.7079653
 -0.12612448  3.77938075  4.80436748 -6.4011931  -6.63935082  7.35274127
 -4.93218615  4.70206674 -2.10108045 -6.02129318  5.79022354 -7.29267713
 -6.46842607 -2.0472169 ]
2022-09-12 17:35:33,364 mloop.controllers    INFO     cost 112.06483141252146 +/- 0.0
2022-09-12 17:35:33,365 mloop.controllers    INFO     Controller finished. Closing down M-LOOP. Please wait a moment...
2022-09-12 17:35:33,366 mloop.controllers    DEBUG    ML learner end set.
2022-09-12 17:35:36,064 mloop.controllers    DEBUG    ML learner joined
2022-09-12 17:35:36,065 mloop.controllers    DEBUG    Learner end event set.
2022-09-12 17:35:36,065 mloop.controllers    DEBUG    Interface end event set.
2022-09-12 17:35:36,254 mloop.learners.1     DEBUG    Learner end signal received. Ending
2022-09-12 17:35:36,256 mloop.interfaces     DEBUG    Interface ended
2022-09-12 17:35:37,256 mloop.controllers    DEBUG    Learner joined.
2022-09-12 17:35:37,256 mloop.controllers    DEBUG    Interface joined.
2022-09-12 17:35:37,284 mloop.controllers    INFO     Optimization ended because:
2022-09-12 17:35:37,285 mloop.controllers    INFO     	* Maximum number of runs reached.
2022-09-12 17:35:37,285 mloop.controllers    INFO     Results:
2022-09-12 17:35:37,286 mloop.controllers    INFO     	* Best parameters found:[12.62601008 17.02269687 14.18138537 16.54769889 15.80941385  7.87988867
  0.44174181  0.33659909  0.37778678  0.27764234  0.35521887 -4.93823658
 -1.15808399 -4.98400333 -0.37658859  6.04783187 -0.26611982  0.039398
  0.12304286 -7.13163268 -0.04923952  1.54382664  1.24547039  6.06188588
  0.4706362  -0.07796992]
2022-09-12 17:35:37,286 mloop.controllers    INFO     	* Best cost returned:58.89777155120222 +/- 0.0
2022-09-12 17:35:37,287 mloop.controllers    INFO     	* Best run number:72
2022-09-12 17:35:37,287 mloop.controllers    INFO     	* Predicted best parameters:[11.71106638 16.23257336 12.18203591 14.92010303 11.98270497  8.88442198
  0.36819388  0.34566444  0.42555547  0.2672836   0.28365868 -3.14417528
 -0.5941455  -2.45830071 -1.77057966  4.34084906 -1.67973789  0.14038476
  0.31893136 -5.16524385  1.03025053  0.48669263 -0.11797761  3.604496
 -0.93246332  1.9197848 ]
2022-09-12 17:35:37,288 mloop.controllers    INFO     	* Predicted best cost:56.519614688559 +/- 6.127072460643403
2022-09-12 17:35:37,288 mloop.controllers    INFO     M-LOOP Done.
2022-09-12 17:35:37,289 mloop.visualizations DEBUG    Creating controller visualizations.
2022-09-12 17:35:37,565 mloop.visualizations DEBUG    Creating learner visualizations.
2022-09-12 17:35:37,579 mloop.visualizations DEBUG    Creating Gaussian process visualizer.
2022-09-12 17:35:37,596 mloop.learners.3     DEBUG    Learner init completed.
2022-09-12 17:35:37,601 mloop.visualizations DEBUG    Fitting Gaussian process.
2022-09-12 17:35:38,454 mloop.visualizations INFO     Showing visualizations, close all to end M-LOOP.
