2022-09-12 17:36:23,732 mloop                INFO     M-LOOP version 3.3.1
2022-09-12 17:36:23,732 mloop                DEBUG    M-LOOP Logger configured.
2022-09-12 17:36:23,733 mloop.interfaces     DEBUG    Creating interface.
2022-09-12 17:36:23,736 mloop.controllers    DEBUG    Controller init completed.
2022-09-12 17:36:23,739 mloop.learners.1     DEBUG    Learner init completed.
2022-09-12 17:36:23,743 mloop.learners.2     DEBUG    Learner init completed.
2022-09-12 17:36:23,744 mloop.controllers    INFO     Optimization started.
2022-09-12 17:36:23,745 mloop.interfaces     DEBUG    Entering main loop of interface.
2022-09-12 17:36:23,745 mloop.controllers    DEBUG    ML learner started.
2022-09-12 17:36:23,750 mloop.controllers    DEBUG    Starting training optimization.
2022-09-12 17:36:23,751 mloop.controllers    INFO     Run:1 (training)
2022-09-12 17:36:23,753 mloop.neuralnet      INFO     Initialising neural network impl
2022-09-12 17:36:23,753 mloop.neuralnet      INFO     Initialising neural network impl
2022-09-12 17:36:23,754 mloop.neuralnet      INFO     Initialising neural network impl
2022-09-12 17:36:23,755 mloop.controllers    INFO     params [17.67338252 19.78125644  4.20567353 11.41345631 11.59771548  8.27513778
  0.36560121  0.02869124  0.06649477  0.05157006  0.41062725 -5.50645779
 -1.03215016 -6.85023398  5.7835531   5.55671872  7.49673058  1.24460823
 -1.22722506  5.86041519  7.45811184  6.20957933  7.06745927  0.92652853
  1.11685549  4.83825527]
2022-09-12 17:36:23,760 mloop.neuralnet      INFO     Constructing net
2022-09-12 17:36:23,763 mloop.controllers    INFO     cost 94.36185434667227 +/- 0.0
2022-09-12 17:36:23,764 mloop.controllers    INFO     Run:2 (training)
2022-09-12 17:36:23,767 mloop.controllers    INFO     params [18.57866591 13.10526523  3.99895067 10.0263571  16.84089456 13.03922859
  0.31316559  0.12772083  0.06441366  0.41380203  0.12018804  7.49423036
  0.37227761  4.38169818 -7.55180277 -1.1266228  -4.40710407  0.7373445
 -3.02089377 -0.05438794  7.87050468 -1.07492302 -4.44314376  2.9520229
  6.88083002 -7.23441479]
2022-09-12 17:36:23,773 mloop.controllers    INFO     cost 86.91309279336326 +/- 0.0
2022-09-12 17:36:23,774 mloop.controllers    INFO     Run:3 (training)
2022-09-12 17:36:23,775 mloop.controllers    INFO     params [13.53671708  2.81847753  9.06680896 11.18072816 10.58866767  4.63231127
  0.46198182  0.22602842  0.20433383  0.22324427  0.17384975  6.53953535
  1.95019302  1.44639798  1.21578321 -5.30664749 -1.51577304  3.80336489
  4.43441977  6.32237665  1.72994389  5.49122735  1.56854964 -1.9460242
  1.05929956  3.12378214]
2022-09-12 17:36:23,780 mloop.controllers    INFO     cost 66.34152357717947 +/- 0.0
2022-09-12 17:36:23,781 mloop.controllers    INFO     Run:4 (training)
2022-09-12 17:36:23,783 mloop.controllers    INFO     params [10.45513474 10.59785236  5.7626073  11.30916009 13.40386354  8.29011611
  0.35920145  0.02892455  0.07302623  0.4185315   0.34680622 -2.69718338
 -1.66596426  5.07675284  4.65626163 -5.19078577 -5.36148809 -1.21954785
  2.72421202  5.13897905  3.55915972  6.30520418 -2.68232945  5.96791317
 -5.80751273  7.84185268]
2022-09-12 17:36:23,789 mloop.controllers    INFO     cost 77.16754835222734 +/- 0.0
2022-09-12 17:36:23,790 mloop.controllers    INFO     Run:5 (training)
2022-09-12 17:36:23,792 mloop.controllers    INFO     params [ 1.31865574e+01  1.41096607e+01  7.45229482e+00  2.31944182e+00
  1.46338588e+01  1.58571030e+01  1.32710775e-02  2.02315415e-01
  3.68215164e-01  5.35503936e-03  1.69224940e-01  2.20311104e+00
  5.26297325e+00  3.58046350e+00 -1.46647268e+00 -3.70355242e+00
 -7.16754545e+00 -2.12512501e+00 -1.84607189e-01 -2.42437779e+00
  4.96081568e+00  2.40926596e+00 -1.64646760e+00  5.47354124e+00
 -6.15769478e-01  7.24893553e+00]
2022-09-12 17:36:23,798 mloop.controllers    INFO     cost 78.32401566241221 +/- 0.0
2022-09-12 17:36:23,799 mloop.controllers    INFO     Run:6 (training)
2022-09-12 17:36:23,800 mloop.controllers    INFO     params [ 5.48949964 12.85978376  5.79197848 18.50832224  2.22854293 10.67056537
  0.33674067  0.33301369  0.10036348  0.14144377  0.2201193   4.33645732
 -0.3014399   2.78229325  7.46781327  2.7520787   7.3820064   4.15477366
 -7.64248448  0.27048231  6.75207236 -6.0986649   5.52084192 -4.5794397
 -3.1924188  -6.40390753]
2022-09-12 17:36:23,807 mloop.controllers    INFO     cost 99.5161526191599 +/- 0.0
2022-09-12 17:36:23,807 mloop.controllers    INFO     Run:7 (training)
2022-09-12 17:36:23,809 mloop.controllers    INFO     params [ 5.71168917  8.49669709 14.54519036 17.26030233  7.23264653 13.93312618
  0.04154375  0.49541739  0.47657604  0.30217719  0.06254522 -4.96689822
 -1.9244351  -7.41605447  6.19053396 -1.41245805 -6.33057647  2.52474468
  0.8907904   1.32934903  6.40861776 -0.80235789  5.39133337  3.57606194
 -1.50182839 -4.54038103]
2022-09-12 17:36:23,815 mloop.controllers    INFO     cost 81.31658847704159 +/- 0.0
2022-09-12 17:36:23,816 mloop.controllers    INFO     Run:8 (training)
2022-09-12 17:36:23,818 mloop.controllers    INFO     params [ 8.48343846  8.72178924 16.8210602   2.33600145 19.69594035 13.81699745
  0.29360014  0.22156504  0.48211923  0.14837351  0.17068027 -3.61612905
  7.49116616  1.46952994  2.61252277 -5.58545295  6.50555089  5.90680187
 -6.75717349 -2.0823833   1.24971008  1.09345994 -5.87475924 -1.57646506
  7.87499816  6.94030952]
2022-09-12 17:36:23,827 mloop.controllers    INFO     cost 98.80678183333038 +/- 0.0
2022-09-12 17:36:23,827 mloop.controllers    INFO     Run:9 (training)
2022-09-12 17:36:23,829 mloop.controllers    INFO     params [11.57068195 13.69204475  4.47654102  8.73037394 18.55248846  9.98932415
  0.11599275  0.2790641   0.07129375  0.08555235  0.30900074 -7.79726721
 -7.77228583  6.5305539  -2.03146336  2.40517693 -1.39785442  6.41658176
 -5.04716838  7.35115438  4.58365974  7.17962053 -0.9485411   6.45758215
  4.48159402 -4.49251252]
2022-09-12 17:36:23,838 mloop.controllers    INFO     cost 95.18471824317417 +/- 0.0
2022-09-12 17:36:23,838 mloop.controllers    INFO     Run:10 (training)
2022-09-12 17:36:23,840 mloop.controllers    INFO     params [ 2.25854009e+00  1.84548132e+01  7.95920461e+00  1.81938276e+01
  2.90459259e+00  7.64054913e+00  4.40658275e-01  1.88016448e-01
  5.54660690e-02  3.73401541e-01  4.84138030e-01  1.26595375e+00
 -2.83784051e+00  1.10760466e-02 -2.18928011e+00 -5.82474303e+00
 -1.20266094e+00 -3.27283988e+00 -1.22927521e+00 -4.97345185e+00
 -6.73440305e+00  3.53755213e+00  8.66826977e-01 -1.32932079e+00
 -7.99833501e+00 -1.11597328e+00]
2022-09-12 17:36:23,848 mloop.controllers    INFO     cost 81.97250222513921 +/- 0.0
2022-09-12 17:36:23,848 mloop.controllers    INFO     Run:11 (training)
2022-09-12 17:36:23,850 mloop.controllers    INFO     params [14.39708037 10.1518453   6.3035697  15.73027018 17.77031327 12.4178791
  0.35245561  0.44004416  0.04762115  0.3576323   0.08922181 -1.95315652
  3.80662961 -1.29301284  0.94975789 -1.72949839  5.66575755 -3.61664484
 -2.10254661  7.4893169   7.69765538 -3.99034515  0.4076438  -6.00648812
  2.80068701  4.4462632 ]
2022-09-12 17:36:23,858 mloop.controllers    INFO     cost 77.68632085584242 +/- 0.0
2022-09-12 17:36:23,858 mloop.controllers    INFO     Run:12 (training)
2022-09-12 17:36:23,860 mloop.controllers    INFO     params [ 5.28146632  7.51344809 19.75074127 11.07131581 10.33720652  5.72326225
  0.09448941  0.38115973  0.48917513  0.31202041  0.30928119 -7.13951598
  1.94333521  0.4892152  -2.56432112  7.98479568  3.14593782  3.01787505
 -7.2669201   1.40895305  1.17784069  6.48685456  0.51248915 -7.27985084
  0.71403139 -7.02986251]
2022-09-12 17:36:23,869 mloop.controllers    INFO     cost 81.66811928913445 +/- 0.0
2022-09-12 17:36:23,870 mloop.controllers    INFO     Run:13 (training)
2022-09-12 17:36:23,871 mloop.controllers    INFO     params [11.75281869  8.29471867  5.31153484 15.51490888  3.05295725  9.98890762
  0.36882921  0.11553382  0.15153421  0.40023794  0.21586834  4.07426763
  0.620206   -5.57459407 -1.40229151 -5.70351688 -1.92727515  0.72817229
 -2.68557806  5.01001743  2.83306539 -4.33058907 -4.31585556  0.39459342
  0.6728181   0.63535507]
2022-09-12 17:36:23,879 mloop.controllers    INFO     cost 62.95643561521395 +/- 0.0
2022-09-12 17:36:23,880 mloop.controllers    INFO     Run:14 (training)
2022-09-12 17:36:23,882 mloop.controllers    INFO     params [15.83560134  5.15083445  6.23293477 17.41978824  7.74451522 15.34138899
  0.36623624  0.0903281   0.33088073  0.29455957  0.37498208 -3.70596595
  0.18650195  2.11840772 -4.65293471 -6.18329116  6.07081031 -5.19147884
  1.78318707 -5.80425899 -7.19441504 -0.24647434  7.37677807  1.71184738
 -6.06835312  4.74684846]
2022-09-12 17:36:23,893 mloop.controllers    INFO     cost 93.9288777403318 +/- 0.0
2022-09-12 17:36:23,893 mloop.controllers    INFO     Run:15 (training)
2022-09-12 17:36:23,895 mloop.controllers    INFO     params [10.21071996 13.99453842  8.5128014  13.70648116 14.87462673  9.59916601
  0.42782706  0.30189222  0.12930996  0.22580921  0.12809738  5.45017333
  5.91084872  1.62560998  1.10584567 -5.29087035 -2.58582779 -5.06258216
  4.2670375   6.14310393  2.28083678  6.5688816   1.48011873 -1.53944052
 -7.37417762 -3.97078568]
2022-09-12 17:36:23,903 mloop.controllers    INFO     cost 74.51310202022836 +/- 0.0
2022-09-12 17:36:23,903 mloop.controllers    INFO     Run:16 (training)
2022-09-12 17:36:23,906 mloop.controllers    INFO     params [12.75030287  5.61216656  5.42485878  9.25069601  8.93197339  4.96538883
  0.01838688  0.30255818  0.14294     0.3920654   0.03122182 -1.13805641
 -2.20516948 -0.49286012  6.64965375 -7.31540694  1.03377856 -1.98883706
 -2.25098018 -2.92548857 -7.44462986 -4.56243144 -1.64952519  5.3338764
 -0.72297714  3.74006649]
2022-09-12 17:36:23,915 mloop.controllers    INFO     cost 71.44853177205152 +/- 0.0
2022-09-12 17:36:23,916 mloop.controllers    INFO     Run:17 (training)
2022-09-12 17:36:23,918 mloop.controllers    INFO     params [16.65018215 18.9851923   3.78076052 18.05624901  6.50318565 14.97600075
  0.05130465  0.25825115  0.37725419  0.04955879  0.27621102 -1.97048592
 -4.86902479  1.66793346  3.55644016  1.02294306  5.3771229  -6.0764111
  3.43420671 -1.19757873 -1.68321217  5.97662171 -2.59354856  3.59424329
 -0.84105078  0.50801061]
2022-09-12 17:36:23,928 mloop.controllers    INFO     cost 82.42086489942923 +/- 0.0
2022-09-12 17:36:23,928 mloop.controllers    INFO     Run:18 (training)
2022-09-12 17:36:23,930 mloop.controllers    INFO     params [ 3.92548258 19.11427267 10.11114991 17.89050745 13.38993271  5.01557527
  0.11763197  0.08262988  0.30320836  0.23885049  0.47068538  5.20173302
 -3.37253523  4.00428873  6.44930969 -6.16788032 -3.84320876 -0.99707932
 -2.64542594 -0.32964408  2.15271205  6.73113791  5.84766599 -3.99636144
  6.26791583  1.40492606]
2022-09-12 17:36:23,940 mloop.controllers    INFO     cost 90.44661085778631 +/- 0.0
2022-09-12 17:36:23,941 mloop.controllers    INFO     Run:19 (training)
2022-09-12 17:36:23,942 mloop.controllers    INFO     params [ 9.19103095  8.941267    7.78250027 18.19740526 15.91244692 12.14545491
  0.01991781  0.29765942  0.21089619  0.13136413  0.2997204  -5.23085765
 -0.84530953 -0.91669321  5.13908696 -1.11715548 -5.96475911  7.76102398
  4.83337534 -6.12638642  4.86761237 -2.84634536  0.84683537 -3.22698029
  0.78141792 -6.91174317]
2022-09-12 17:36:23,952 mloop.controllers    INFO     cost 79.13379271434252 +/- 0.0
2022-09-12 17:36:23,952 mloop.controllers    INFO     Run:20 (training)
2022-09-12 17:36:23,954 mloop.controllers    INFO     params [ 8.60870516 16.15529092  5.84017285  6.70928414 19.45496826  9.50747192
  0.44061021  0.07973693  0.37007953  0.40232895  0.06211114 -6.09573923
  0.614978    2.0860914   1.27466709  0.08614127  4.78071022 -5.12831656
 -1.77055125 -4.94330531  5.11089561 -6.27810631 -4.82922659 -6.24701831
 -5.31075899  0.22530382]
2022-09-12 17:36:23,964 mloop.controllers    INFO     cost 81.44010570065835 +/- 0.0
2022-09-12 17:36:23,965 mloop.controllers    INFO     Run:21 (training)
2022-09-12 17:36:23,967 mloop.controllers    INFO     params [11.42593328 11.00353736  5.23095796  6.79218736 16.72656782  8.73214078
  0.48965462  0.02366546  0.2066358   0.13493575  0.34966489  6.9845617
  4.86043832  2.12579313  5.96374008 -4.7017798  -0.94982378 -6.76412313
  3.36258106 -1.2324539  -7.46994333  5.00295985  2.02607781  3.58789143
 -2.44379008  5.47648071]
2022-09-12 17:36:23,967 mloop.controllers    DEBUG    Starting ML optimization.
2022-09-12 17:36:23,967 mloop.controllers    INFO     cost 81.18477297166298 +/- 0.0
2022-09-12 17:36:23,977 mloop.controllers    DEBUG    End training runs.
2022-09-12 17:36:23,978 mloop.controllers    INFO     Run:22 (trainer)
2022-09-12 17:36:23,979 mloop.controllers    INFO     params [ 3.84262246e+00  1.62184195e+01  7.42283820e+00  1.94537338e+01
  1.81205609e+01  8.91763455e+00  3.08228944e-03  1.46185938e-01
  2.36129375e-02  1.03440583e-01  1.46003788e-01 -1.80491627e+00
 -2.53925302e+00  3.73914562e+00 -5.13041343e+00  7.77761657e+00
  2.76117449e+00 -1.12454992e+00  1.01931958e+00  4.01008923e-02
 -2.75774075e+00  3.49258315e+00 -6.10394503e+00  1.52177799e-01
 -1.02157406e+00  2.71794875e+00]
2022-09-12 17:36:23,991 mloop.controllers    INFO     cost 75.72725272129091 +/- 0.0
2022-09-12 17:36:23,991 mloop.controllers    INFO     Run:23 (trainer)
2022-09-12 17:36:23,993 mloop.controllers    INFO     params [ 1.96789243e+01  1.25780180e+01  6.61575085e+00  9.73875633e+00
  1.56254718e+01  1.17973292e+01  1.40935711e-02  2.30316927e-01
  1.47381028e-01  9.46350234e-02  1.08766880e-02  2.11481592e+00
  3.07307363e+00  2.71657567e+00 -3.75129146e+00 -2.85847913e+00
  3.76509385e+00 -1.73449590e+00 -7.07570658e+00 -6.58056031e+00
  1.50619100e+00  1.34462800e+00 -4.42878081e+00  4.20008858e+00
  5.29996503e+00  9.14413055e-01]
2022-09-12 17:36:24,005 mloop.controllers    INFO     cost 74.54959183983212 +/- 0.0
2022-09-12 17:36:24,006 mloop.controllers    INFO     Run:24 (trainer)
2022-09-12 17:36:24,008 mloop.controllers    INFO     params [ 9.13130315 11.55741746 18.26646891  3.37549648  9.54325822 15.75976744
  0.34755455  0.20635093  0.17063089  0.35365299  0.476307   -3.84731291
  5.0735363   3.03463784 -5.28339175  4.68989251 -7.44056279  4.49180484
 -5.81531124  4.57789634 -7.29769571  2.8596584  -3.27010353  1.92561256
 -3.72865778  0.88738492]
2022-09-12 17:36:24,024 mloop.controllers    INFO     cost 89.20008811014482 +/- 0.0
2022-09-12 17:36:24,025 mloop.controllers    INFO     Run:25 (trainer)
2022-09-12 17:36:24,028 mloop.controllers    INFO     params [ 1.10510832e+01  6.44369716e+00  1.32697298e+01  1.28790143e+01
  6.03845141e+00  1.49833621e+01  1.49340877e-01  6.26102696e-03
  2.88780794e-01  4.94029036e-01  1.31835852e-01  3.38073327e+00
  4.45941922e+00  5.91800852e+00  5.28139069e+00  7.44757714e+00
  6.41304886e-01 -4.62816400e+00  3.25077838e+00  7.10343434e+00
  3.47977648e+00  4.74710899e+00  3.07125560e-01  8.67872422e-01
  1.92358784e+00  6.69926392e+00]
2022-09-12 17:36:24,043 mloop.controllers    INFO     cost 79.68945860151557 +/- 0.0
2022-09-12 17:36:24,043 mloop.controllers    INFO     Run:26 (trainer)
2022-09-12 17:36:24,045 mloop.controllers    INFO     params [19.93092806 10.50471927 15.56407888 19.2144302  15.12762071 13.85142188
  0.4079999   0.17883209  0.1555982   0.26568466  0.46435855  4.86550745
 -0.4735428  -0.36250492 -0.44988555  0.59965703 -7.27060014  4.3439863
 -7.34934044  6.58557942  6.99286972  2.05127145  0.30329583  0.03615714
 -4.93543478 -4.83942009]
2022-09-12 17:36:24,061 mloop.controllers    INFO     cost 82.51892632747244 +/- 0.0
2022-09-12 17:36:24,061 mloop.controllers    INFO     Run:27 (trainer)
2022-09-12 17:36:24,072 mloop.controllers    INFO     params [ 4.99646193 16.98724563  4.48993389  2.78634601  7.47532329  6.16245036
  0.3699399   0.1953543   0.31274276  0.03950893  0.31437153  2.49457009
  6.26629362 -0.92244084 -7.69490276 -7.41980995 -1.22939534 -0.08124068
 -6.49211065  6.00816293  1.90038711  2.28517266  4.77288116  1.80678132
 -6.97900197  6.6113719 ]
2022-09-12 17:36:24,085 mloop.controllers    INFO     cost 97.2309440843859 +/- 0.0
2022-09-12 17:36:24,086 mloop.controllers    INFO     Run:28 (trainer)
2022-09-12 17:36:24,088 mloop.controllers    INFO     params [19.86524116 18.4405559   9.20512267  5.50931663 17.13429521 14.28574382
  0.30989071  0.38598584  0.24737058  0.33960044  0.43851686 -3.34942856
  4.68644293  5.37937018  5.98665924  0.92905532  3.99790879  1.45956251
  4.77046901  7.93833046 -7.93525143 -7.11389965  2.84556292  4.58261189
  2.71324503  0.09912683]
2022-09-12 17:36:24,106 mloop.controllers    INFO     cost 98.38244481018552 +/- 0.0
2022-09-12 17:36:24,107 mloop.controllers    INFO     Run:29 (trainer)
2022-09-12 17:36:24,109 mloop.controllers    INFO     params [12.53084729 11.83318148 15.24793445  2.108027   16.88173779  9.60220858
  0.21186888  0.16402019  0.44546661  0.0777784   0.34441265 -3.62377322
 -4.47503768 -5.92252427 -2.48407514 -6.41321416  4.26870918  4.92260813
  7.81923174 -5.57008619  6.79864977  2.70602721  6.87266403  6.97728347
 -2.02867806 -3.28571434]
2022-09-12 17:36:24,123 mloop.controllers    INFO     cost 96.86045382191301 +/- 0.0
2022-09-12 17:36:24,125 mloop.controllers    INFO     Run:30 (trainer)
2022-09-12 17:36:24,127 mloop.controllers    INFO     params [13.4201174  18.29784397  8.58376386  9.8787107   6.61876295  5.08749388
  0.47147487  0.48354253  0.40174202  0.26291577  0.23236535  7.58466667
  6.36542748  7.6419685   6.8371315   2.04214273  1.49135608  2.30825163
 -1.98641585  4.18457132  4.1233513   3.31036271 -6.28711254 -1.36147853
  2.32553008 -3.04142617]
2022-09-12 17:36:24,144 mloop.controllers    INFO     cost 83.97023290611975 +/- 0.0
2022-09-12 17:36:24,145 mloop.controllers    INFO     Run:31 (trainer)
2022-09-12 17:36:24,147 mloop.controllers    INFO     params [19.03278452  5.02281831 12.69505422  4.57222109  2.83379001  7.9441162
  0.31589795  0.07262022  0.08738235  0.38160396  0.34597583  1.39223647
  7.74814171  0.93718172  6.73715842 -1.61370895  6.57271463 -5.93160693
  1.36882674  0.25592228 -4.41228947  0.20457336  0.98146752  6.946151
  2.08970987  1.95682139]
2022-09-12 17:36:24,189 mloop.controllers    INFO     cost 82.02937875572802 +/- 0.0
2022-09-12 17:36:24,190 mloop.controllers    INFO     Run:32 (trainer)
2022-09-12 17:36:24,193 mloop.controllers    INFO     params [ 1.14801035e+01  1.58976813e+01  1.27988956e+01  7.66673717e+00
  1.77067900e+01  1.37587055e+01  3.86695300e-01  4.45952070e-01
  2.95955071e-01  1.69740832e-01  4.78833418e-01  7.81374984e+00
  5.76485001e+00  3.29824745e+00 -3.35613239e+00  6.06821343e+00
  7.92329913e+00  2.87458175e+00  5.73944882e+00 -1.38509889e-02
  6.30762116e+00  3.11936437e+00 -3.84984050e+00  4.83061416e+00
  3.45702146e+00  6.55313725e+00]
2022-09-12 17:36:24,210 mloop.controllers    INFO     cost 92.95560645469791 +/- 0.0
2022-09-12 17:36:24,210 mloop.controllers    INFO     Run:33 (trainer)
2022-09-12 17:36:24,212 mloop.controllers    INFO     params [11.39281896  6.53225639  5.008987    3.34484999 11.70508738  4.58056916
  0.16768597  0.05072022  0.03493548  0.0799706   0.43159066  1.08066217
  4.72582951 -3.50075588  3.36516379 -1.94698294 -6.99193597  4.7944324
  7.20533273  1.84251375  3.90413542 -4.76860236  3.70390299 -5.78406748
  1.67010122  7.34236549]
2022-09-12 17:36:24,227 mloop.controllers    INFO     cost 87.99880630016455 +/- 0.0
2022-09-12 17:36:24,228 mloop.controllers    INFO     Run:34 (trainer)
2022-09-12 17:36:24,231 mloop.controllers    INFO     params [14.08803728 13.58792503  7.24913239 10.4347923   4.33198037 10.0407816
  0.25167589  0.4850435   0.14081415  0.2485331   0.28203922 -2.32793691
  4.67225747 -4.87563905  0.29151012 -3.55524144 -3.93615158 -2.71104171
  6.7814575   3.75531562 -5.22305248 -7.47248654  0.04591131  5.51282509
  7.85726386  0.16561124]
2022-09-12 17:36:24,244 mloop.controllers    INFO     cost 76.1564521335649 +/- 0.0
2022-09-12 17:36:24,245 mloop.controllers    INFO     Run:35 (trainer)
2022-09-12 17:36:24,247 mloop.controllers    INFO     params [ 6.3716494  18.54945612  2.17800109 14.73105541  9.25239894  8.59793573
  0.17801722  0.37111155  0.40617266  0.15615086  0.27615403 -0.77200648
 -2.19642467 -7.08121034  0.41292553  0.94601662  1.31147351  5.23274237
  3.22596016 -2.64120087 -2.33701269 -2.25042293  0.05870957  3.15529431
  1.75644743 -5.61000586]
2022-09-12 17:36:24,268 mloop.controllers    INFO     cost 67.23014986256497 +/- 0.0
2022-09-12 17:36:24,268 mloop.controllers    INFO     Run:36 (trainer)
2022-09-12 17:36:24,270 mloop.controllers    INFO     params [17.44343974 19.38223431  6.22558704 18.89001153 18.12451724  6.09393338
  0.37473055  0.09389549  0.39504925  0.16049471  0.2223228  -0.77757074
  5.48910118 -1.01781712  1.76343433 -5.90460937 -5.68219019  4.55975699
 -0.92989689 -7.70296725  3.97911181 -3.94902746  7.09396303 -4.43382251
  0.85600068  7.21395123]
2022-09-12 17:36:24,395 mloop.controllers    INFO     cost 100.73946997544608 +/- 0.0
2022-09-12 17:36:24,396 mloop.controllers    INFO     Run:37 (trainer)
2022-09-12 17:36:24,400 mloop.controllers    INFO     params [ 8.0761577  18.71143521 15.37619653 14.60794809  4.46276563 14.35410527
  0.10093813  0.04762239  0.2774611   0.05444505  0.0757571  -6.96932473
 -7.20189548  1.85051415 -3.27599337 -5.18070213  6.7197719   3.40204747
 -3.441371    2.11381592  4.94436012  0.88011218 -5.16814145  0.29134963
 -2.36778083 -3.12601745]
2022-09-12 17:36:24,423 mloop.controllers    INFO     cost 87.30015802388118 +/- 0.0
2022-09-12 17:36:24,424 mloop.controllers    INFO     Run:38 (trainer)
2022-09-12 17:36:24,426 mloop.controllers    INFO     params [13.65223414  2.3218418  13.81410101  8.51574116 11.93020455  5.45915823
  0.19673957  0.23957075  0.3045442   0.46588535  0.25785003 -6.08483485
 -6.91451591 -5.59534046  0.05540303 -1.38650868  2.18673035  7.90161569
  3.03071752 -7.40861534 -4.20714993  0.97951506  7.96421331 -4.79374413
  4.023758    6.26002348]
2022-09-12 17:36:24,446 mloop.controllers    INFO     cost 91.34195350817629 +/- 0.0
2022-09-12 17:36:24,446 mloop.controllers    INFO     Run:39 (trainer)
2022-09-12 17:36:24,449 mloop.controllers    INFO     params [12.39945836  9.45656208 12.41862052  2.89455     9.62938577 10.71978008
  0.24748262  0.37741611  0.47779179  0.32971891  0.19173918  1.66731931
 -1.93997132  5.09643524  4.51819921  7.49120411 -7.23213127  7.65425661
  5.4879871  -2.79047391 -6.06208923 -6.92382283  7.79960447  6.23125424
  0.83588687 -3.69900165]
2022-09-12 17:36:24,464 mloop.controllers    INFO     cost 90.37520348208335 +/- 0.0
2022-09-12 17:36:24,465 mloop.controllers    INFO     Run:40 (trainer)
2022-09-12 17:36:24,467 mloop.controllers    INFO     params [11.25396482 10.63127089 15.51733645 11.03049248 19.34895681  9.53044477
  0.40537999  0.3655611   0.33177022  0.16732555  0.27819966 -1.68555941
  6.30461297 -6.50436218 -5.06936641 -5.49681687  2.74625203  7.6309757
 -4.51125358 -2.29919297  1.2706693   5.26538628  3.21557966  3.20421956
 -5.62038139 -7.18500676]
2022-09-12 17:36:24,492 mloop.controllers    INFO     cost 82.78475538667541 +/- 0.0
2022-09-12 17:36:24,492 mloop.controllers    INFO     Run:41 (trainer)
2022-09-12 17:36:24,494 mloop.controllers    INFO     params [14.8137636  11.6794707   8.52231966 19.54053622 19.56543077 13.56250305
  0.29578071  0.33073379  0.05381024  0.16080171  0.33765132  5.02737932
  1.60855863  2.20602285  3.10038349 -4.5466058  -5.68396617  5.30968786
 -2.16587318  4.73994816 -0.81068065  3.58521521  4.32150972 -7.09224051
 -4.52304436  2.61401503]
2022-09-12 17:36:24,513 mloop.controllers    INFO     cost 85.79656948541529 +/- 0.0
2022-09-12 17:36:24,514 mloop.controllers    INFO     Run:42 (trainer)
2022-09-12 17:36:24,517 mloop.controllers    INFO     params [ 4.3528449  15.49453861  7.93852534  2.90736972  9.50738581 11.78689417
  0.12708554  0.07395389  0.27014439  0.26888831  0.36342873  0.84243231
 -7.56933921  6.21492166 -0.64984993 -3.43187377 -5.06707776 -3.90830763
 -7.00511268  7.57314306  5.22356765  1.75565547 -3.66361014 -3.30958731
  0.97687996  5.60674033]
2022-09-12 17:36:24,541 mloop.controllers    INFO     cost 88.50232787499152 +/- 0.0
2022-09-12 17:36:24,541 mloop.controllers    INFO     Run:43 (trainer)
2022-09-12 17:36:24,544 mloop.controllers    INFO     params [12.7720029   2.49449345 10.8286026  10.39542919 15.56075707  8.62757318
  0.49521441  0.01715726  0.27744435  0.2961847   0.48107187 -3.68863348
  4.91772183 -3.93112655 -2.30923585  5.01755814 -6.35067106 -5.42546261
 -0.78987392 -0.62044052  1.89962114  2.20826223 -6.96780667 -1.89342635
 -1.72891929 -2.22536951]
2022-09-12 17:36:24,566 mloop.controllers    INFO     cost 67.63604876831538 +/- 0.0
2022-09-12 17:36:24,566 mloop.controllers    INFO     Run:44 (trainer)
2022-09-12 17:36:24,569 mloop.controllers    INFO     params [13.57911129 11.81529914  9.40052316  4.47286679  7.01723929 14.70793107
  0.42171348  0.08547666  0.23937417  0.03983981  0.32113254  2.4270166
  3.24990498 -4.46302947 -0.07699157 -4.56068416 -4.83709954  6.10430625
  2.87883736  3.96822841 -7.70352752  0.43266143 -5.27500019  1.24210225
  7.67111249  5.95184618]
2022-09-12 17:36:24,590 mloop.controllers    INFO     cost 81.57471605337373 +/- 0.0
2022-09-12 17:36:24,591 mloop.controllers    INFO     Run:45 (trainer)
2022-09-12 17:36:24,592 mloop.controllers    INFO     params [ 6.72111098 15.15908257 12.10340865 11.29006975 17.08578066  8.80185287
  0.11310235  0.20913761  0.22923859  0.0666692   0.46267281 -6.49236517
 -1.64909782 -3.72939041  5.1905341  -0.62631584 -4.2515671   7.86065274
  6.14499125 -3.06646276 -6.79604095 -5.41273616 -1.02037464 -1.74441779
  4.02850797  7.4103808 ]
2022-09-12 17:36:24,612 mloop.controllers    INFO     cost 83.45623834982146 +/- 0.0
2022-09-12 17:36:24,613 mloop.controllers    INFO     Run:46 (trainer)
2022-09-12 17:36:24,616 mloop.controllers    INFO     params [15.37214589  6.28383494  9.54728228 11.916589   13.81240544 12.48553796
  0.43075836  0.4552332   0.40893937  0.02251404  0.06639589 -0.08380816
  0.41997853  3.22312609 -0.69258122 -7.29916403  5.1795179  -4.97985715
 -7.65158642 -5.57616935 -4.04640481 -1.57490078 -4.28509729 -1.80820608
  3.38992181  4.21188661]
2022-09-12 17:36:24,639 mloop.controllers    INFO     cost 72.24128828028881 +/- 0.0
2022-09-12 17:36:24,639 mloop.controllers    INFO     Run:47 (trainer)
2022-09-12 17:36:24,641 mloop.controllers    INFO     params [16.62273815 10.75629828 17.49433602 12.61613244 18.99010507 11.87049596
  0.3625023   0.42458013  0.33017151  0.44975513  0.34001061 -2.58100588
 -4.00666953  7.96454828 -1.9883955  -4.44905833  3.89454765  6.53010213
  3.66850698 -5.48955307  4.07167925 -0.58847615 -1.99512849 -4.80643655
  4.17394334  2.6477446 ]
2022-09-12 17:36:24,661 mloop.controllers    INFO     cost 83.67282476043985 +/- 0.0
2022-09-12 17:36:24,661 mloop.controllers    INFO     Run:48 (trainer)
2022-09-12 17:36:24,664 mloop.controllers    INFO     params [ 4.14336088e+00  1.23943475e+01  1.34676122e+01  5.25377374e+00
  1.55868086e+01  7.10534292e+00  3.24546147e-01  4.26290815e-01
  4.33865798e-01  2.74918240e-01  2.02306422e-01  2.61204161e+00
 -4.85412802e+00 -4.00095247e+00 -1.02154703e+00 -4.56768904e+00
  3.42392278e+00  2.08329814e+00 -1.04948060e-02  2.99167524e+00
  3.68841973e+00  3.10945059e+00 -3.26718945e+00  2.49473015e+00
  2.49258079e+00 -3.78088047e+00]
2022-09-12 17:36:24,688 mloop.controllers    INFO     cost 68.960105660005 +/- 0.0
2022-09-12 17:36:24,689 mloop.controllers    INFO     Run:49 (trainer)
2022-09-12 17:36:24,691 mloop.controllers    INFO     params [17.87162402 18.86473425  8.78408514  7.62500527 11.7452171  12.59464158
  0.49223671  0.05784231  0.06685135  0.10668065  0.26940959 -2.86885619
  2.86942845 -0.10714327  5.0654851  -7.82982901 -6.28338186 -4.17050704
 -1.84401783  4.11615495 -0.95798177 -1.81923109  6.76267826 -4.76202134
 -6.26426191  1.44865624]
2022-09-12 17:36:24,719 mloop.controllers    INFO     cost 81.7245328097931 +/- 0.0
2022-09-12 17:36:24,719 mloop.controllers    INFO     Run:50 (trainer)
2022-09-12 17:36:24,722 mloop.controllers    INFO     params [ 1.39985390e+01  1.81761740e+01  1.73581434e+01  5.41245097e+00
  1.27228216e+01  6.13248345e+00  2.31626824e-01  4.73936787e-01
  6.54294540e-02  1.97224345e-01  4.24311231e-03 -7.89870508e+00
  1.80965260e+00 -7.62339312e+00 -3.13211751e+00 -3.78929979e+00
 -6.89791128e+00 -4.50017060e+00 -4.65365187e+00 -1.73951230e+00
  3.09537658e+00  4.91671932e+00  4.71203364e-01  3.45787967e+00
 -4.84346656e+00  2.52707341e+00]
2022-09-12 17:36:24,742 mloop.controllers    INFO     cost 90.1147896803688 +/- 0.0
2022-09-12 17:36:24,743 mloop.controllers    INFO     Run:51 (trainer)
2022-09-12 17:36:24,745 mloop.controllers    INFO     params [15.24052661  6.79039869  8.09688558 13.39507149  2.76061143 14.40482975
  0.25542375  0.13254876  0.37946563  0.19882835  0.3060654  -6.68538824
  2.3831029  -0.16832728  0.45574582 -4.91060377  2.72159861  2.72048683
  0.59898473  5.73610932  6.381214    0.21210026 -4.46028133 -4.72929687
 -4.91988805  5.33358944]
2022-09-12 17:36:24,766 mloop.controllers    INFO     cost 79.06132727491045 +/- 0.0
2022-09-12 17:36:24,767 mloop.controllers    INFO     Run:52 (trainer)
2022-09-12 17:36:24,770 mloop.controllers    INFO     params [ 7.55513091 14.25832659  4.12005655  8.32029142 13.82240511 12.26454414
  0.03377664  0.13905652  0.17990867  0.34815926  0.01520805 -4.05331282
 -6.82520875 -1.38181673  2.71694108  6.59455948 -3.0764096  -1.64544299
 -1.8700977   3.35227907 -1.838877    4.66846839 -3.38070843 -4.92338853
 -2.35275343  2.50131894]
2022-09-12 17:36:24,794 mloop.controllers    INFO     cost 73.15408929377313 +/- 0.0
2022-09-12 17:36:24,795 mloop.controllers    INFO     Run:53 (trainer)
2022-09-12 17:36:24,797 mloop.controllers    INFO     params [19.82665385 12.65059836  4.59739099  2.72687359 11.86903279 14.13606278
  0.45934994  0.41426451  0.05795446  0.2434894   0.49327345  5.6237684
  2.57194109  3.21486343 -3.31860736  2.26470421  3.49077738  0.96536684
 -3.76255826  7.50272428 -2.61900203 -2.50253213  6.95845737  1.59367292
 -5.56905449 -5.62112934]
2022-09-12 17:36:24,818 mloop.controllers    INFO     cost 88.66018676082612 +/- 0.0
2022-09-12 17:36:24,818 mloop.controllers    INFO     Run:54 (trainer)
2022-09-12 17:36:24,820 mloop.controllers    INFO     params [16.26626047 15.77155552  4.68881101 16.87586264 18.05558069  8.78222422
  0.0554628   0.17267347  0.28860496  0.27986585  0.39993039  1.36797158
  2.65895401  1.57967746  6.91430626 -4.09277196 -1.41709087  1.62016077
 -5.03998101  2.38640353  4.60531437  3.87000004  0.0187295   5.01688853
  7.07621308  6.58598204]
2022-09-12 17:36:24,845 mloop.controllers    INFO     cost 85.56143404937835 +/- 0.0
2022-09-12 17:36:24,846 mloop.controllers    INFO     Run:55 (trainer)
2022-09-12 17:36:24,849 mloop.controllers    INFO     params [ 1.40126857e+01  9.55527461e+00  6.86544885e+00  1.57299380e+01
  9.95377386e+00  5.86196539e+00  4.33449390e-01  1.42371031e-02
  5.89433035e-02  2.99011318e-01  4.25875953e-01  2.26382663e+00
  1.71969705e+00 -2.48392770e-01  6.55534554e+00 -7.42378704e+00
 -1.00948970e+00 -6.34553117e+00  1.27083273e-01  7.33172582e+00
  6.28420136e+00 -5.44192722e+00  6.54882095e+00  4.17665319e+00
 -1.25017108e+00  4.07934770e+00]
2022-09-12 17:36:24,872 mloop.controllers    INFO     cost 80.0398177091126 +/- 0.0
2022-09-12 17:36:24,872 mloop.controllers    INFO     Run:56 (trainer)
2022-09-12 17:36:24,874 mloop.controllers    INFO     params [ 3.39805912 16.40222587  6.64341748 18.23392343 19.32902631  5.43864097
  0.32663485  0.35027699  0.46914474  0.21869174  0.07789099 -7.39598122
 -3.39783721 -5.94164649  0.99997326  6.70309875 -3.22068299  0.12696065
  1.8879084   1.99869105 -7.07886592  3.94348698  0.26773334  5.56987202
  1.25030569  1.70354175]
2022-09-12 17:36:24,902 mloop.controllers    INFO     cost 89.67861759319855 +/- 0.0
2022-09-12 17:36:24,902 mloop.controllers    INFO     Run:57 (trainer)
2022-09-12 17:36:24,905 mloop.controllers    INFO     params [ 8.26533834  9.68700829  7.85922743  8.27396386 10.90598522  8.34930496
  0.18967998  0.09390525  0.25217144  0.12558932  0.20107238  2.42352308
  1.6007036  -5.53248037  6.13400472 -3.58451832  2.62372894 -4.36668968
  6.37550554 -1.98931683  1.82868965  5.20957234  0.10981973  1.99256503
  4.50377167  7.66653308]
2022-09-12 17:36:24,929 mloop.controllers    INFO     cost 67.48198942449662 +/- 0.0
2022-09-12 17:36:24,930 mloop.controllers    INFO     Run:58 (trainer)
2022-09-12 17:36:24,932 mloop.controllers    INFO     params [11.56770342  4.49440224 10.44223315 10.76923278  2.57637048 15.91226865
  0.28326496  0.4668246   0.08359521  0.37339265  0.11137735  0.49162138
 -6.29251893 -3.35611684  4.63052389  6.79645268  4.51073097  6.45833418
 -5.14487545  2.85062574 -5.76374106 -5.46630884  4.19649151 -7.34651186
 -1.69445948  2.96867802]
2022-09-12 17:36:24,960 mloop.controllers    INFO     cost 90.52173388756789 +/- 0.0
2022-09-12 17:36:24,960 mloop.controllers    INFO     Run:59 (trainer)
2022-09-12 17:36:24,963 mloop.controllers    INFO     params [ 2.4648422   6.38166528  7.10537573 17.92493408 19.04049859 11.79786965
  0.24494443  0.29334476  0.26215524  0.04185192  0.39228846 -2.2984976
 -1.3253512  -7.96449239 -7.01927612  3.13494302 -2.99411257 -0.48580016
 -2.29119832  3.0332247   0.19289908  6.71655025 -0.03923546  4.21610337
  0.65675889  7.90237224]
2022-09-12 17:36:25,027 mloop.controllers    INFO     cost 84.38572659445984 +/- 0.0
2022-09-12 17:36:25,028 mloop.controllers    INFO     Run:60 (trainer)
2022-09-12 17:36:25,030 mloop.controllers    INFO     params [ 8.30377454 13.96687815  8.14867361 10.82200103  5.00073782  8.70089802
  0.02023023  0.25353969  0.45973685  0.42165706  0.10911224 -0.13402083
 -1.00595289 -6.39332063 -1.43933805  1.13870332 -0.29827085  3.85888498
 -7.09320872 -3.95994679 -7.99248291 -1.41351609  2.51774872  5.39748011
  7.99746243  5.72271721]
2022-09-12 17:36:25,078 mloop.controllers    INFO     cost 72.7869387886592 +/- 0.0
2022-09-12 17:36:25,079 mloop.controllers    INFO     Run:61 (trainer)
2022-09-12 17:36:25,082 mloop.controllers    INFO     params [ 8.4210002  18.7689747  16.81477361  5.8733102   2.72746463  9.4782715
  0.37977682  0.09909108  0.08505307  0.20503353  0.47967431  1.65669091
  3.04897916  1.78592547  2.27899954  4.46024972  7.78362893 -2.55290563
 -2.25685622  1.62062131 -6.6500387  -2.21349031 -0.97257297  4.90007179
  7.27893029  0.24646645]
2022-09-12 17:36:25,116 mloop.controllers    INFO     cost 80.40290263025885 +/- 0.0
2022-09-12 17:36:25,117 mloop.controllers    INFO     Run:62 (trainer)
2022-09-12 17:36:25,120 mloop.controllers    INFO     params [10.2418553   6.23607732  5.26852761 16.8485996   3.36320868  8.24821
  0.48883236  0.04486267  0.24734441  0.35937713  0.11725292 -5.55575749
 -0.99897226 -6.7419644   3.5616138  -1.43198174 -7.90229243  2.60640258
  3.82931469  0.89364965 -6.64333011  0.22156712 -4.93552083  1.03809573
 -2.17007609 -3.49847137]
2022-09-12 17:36:25,147 mloop.controllers    INFO     cost 78.88598045414354 +/- 0.0
2022-09-12 17:36:25,149 mloop.controllers    INFO     Run:63 (trainer)
2022-09-12 17:36:25,152 mloop.controllers    INFO     params [17.65059657 18.01369289 14.56225561 19.67552326 15.87947193 13.39933705
  0.45006647  0.33259179  0.1885841   0.4227277   0.21221235  3.18040623
  3.87011055  3.22502612 -2.04470651  2.19527937  7.42346692 -7.8238693
 -2.96910302 -3.8801711  -7.78394254  3.33986713  1.27182093 -3.23419622
 -5.44172674 -4.62856482]
2022-09-12 17:36:25,191 mloop.controllers    INFO     cost 97.5852242997367 +/- 0.0
2022-09-12 17:36:25,191 mloop.controllers    INFO     Run:64 (trainer)
2022-09-12 17:36:25,194 mloop.controllers    INFO     params [ 6.64736494 17.25750546 11.60313872  6.28090828  4.57595576 11.46329727
  0.02911634  0.19543699  0.0564857   0.38849296  0.47794279  7.69085511
 -5.26524518  0.5540089   1.43934926 -4.71547926 -1.07064427 -0.38286199
  6.53985559 -7.86625162 -0.02762277  5.99545441  7.44052384  7.45973254
  1.93540382  2.98027213]
2022-09-12 17:36:25,227 mloop.controllers    INFO     cost 85.91116988057364 +/- 0.0
2022-09-12 17:36:25,227 mloop.controllers    INFO     Run:65 (trainer)
2022-09-12 17:36:25,230 mloop.controllers    INFO     params [19.32068896  8.00397818 12.85742482 17.81073937 14.48876947 13.43400412
  0.137034    0.09500647  0.1871283   0.39167478  0.49829513  2.00405533
 -4.73228081 -0.08082366 -3.93928897 -3.19142935  4.98539901  4.36821944
 -2.65802169 -5.38014075 -1.98532803 -3.06937051  1.16788869  0.73170604
 -5.83344145  7.45459806]
2022-09-12 17:36:25,262 mloop.controllers    INFO     cost 79.53294146901595 +/- 0.0
2022-09-12 17:36:25,263 mloop.controllers    INFO     Run:66 (trainer)
2022-09-12 17:36:25,266 mloop.controllers    INFO     params [12.10245783  7.03380563  4.49597182  9.45359944 18.02472967 13.85248927
  0.16816946  0.13143054  0.15685638  0.16830253  0.31368579  6.11077459
 -0.62203006 -1.69274374  1.36635801  6.74226479  1.45088213  7.54499638
  0.10643053 -5.53328014  1.85291286 -3.81373553  6.05457242 -3.25352194
 -3.26025632 -3.18779584]
2022-09-12 17:36:25,307 mloop.controllers    INFO     cost 76.9202820414667 +/- 0.0
2022-09-12 17:36:25,308 mloop.controllers    INFO     Run:67 (trainer)
2022-09-12 17:36:25,310 mloop.controllers    INFO     params [ 3.45363238 15.78058222  6.09854375  6.22558689 14.11457206  4.34388925
  0.0516396   0.12762092  0.02798056  0.35375006  0.47282029  7.05423837
 -7.49270677  4.84714835 -2.58568439  3.84576697  0.91626927 -6.23624393
 -4.73594856 -4.40924307  6.78697664 -6.27052842 -5.58994814 -4.69554559
 -2.54364556  1.96758112]
2022-09-12 17:36:25,343 mloop.controllers    INFO     cost 101.51280644173934 +/- 0.0
2022-09-12 17:36:25,344 mloop.controllers    INFO     Run:68 (trainer)
2022-09-12 17:36:25,347 mloop.controllers    INFO     params [ 1.72231822e+01  1.93798042e+00  6.07798389e+00  1.27004444e+01
  1.11129643e+01  4.30602043e+00  3.60608151e-01  4.95396170e-01
  3.26528296e-01  4.29513432e-01  6.09404564e-03  5.95902111e+00
 -4.74486878e+00  2.41797766e+00  6.21089079e+00  1.76574077e+00
 -4.61796677e-01  6.98699980e+00 -3.75771087e+00  3.66342046e+00
 -2.39090182e-02  4.61214009e+00  6.73108059e+00 -7.18419799e+00
 -6.89268825e+00 -4.71567473e+00]
2022-09-12 17:36:25,392 mloop.controllers    INFO     cost 94.80617571370053 +/- 0.0
2022-09-12 17:36:25,399 mloop.controllers    INFO     Run:69 (trainer)
2022-09-12 17:36:25,406 mloop.controllers    INFO     params [19.23332757 16.33978298  3.50327273  7.46211429  6.97867695 14.44745747
  0.29512208  0.37833208  0.20672326  0.02271669  0.0372304  -2.64110273
 -7.14492088  3.71349819  4.47343151 -1.4810207   5.08274173 -1.19107219
 -1.63935017  6.93755704  0.90347269  6.78603252  2.12919422 -0.73756912
 -6.25311574 -2.37660274]
2022-09-12 17:36:25,453 mloop.controllers    INFO     cost 87.11647004381135 +/- 0.0
2022-09-12 17:36:25,454 mloop.controllers    INFO     Run:70 (trainer)
2022-09-12 17:36:25,456 mloop.controllers    INFO     params [ 7.04712567  4.44489471 17.03655187 10.82171471  2.22013022  9.63718203
  0.09915843  0.38357158  0.20487422  0.39563     0.23542086 -6.0325263
  4.18957706 -5.24450949 -0.72714984  2.22439164 -2.05919873 -3.77550835
 -4.24924631  6.20577733 -2.91448713  1.18567835  0.7741304   5.03333243
 -4.35457594 -2.05348287]
2022-09-12 17:36:25,496 mloop.controllers    INFO     cost 77.05632477105242 +/- 0.0
2022-09-12 17:36:25,496 mloop.controllers    INFO     Run:71 (trainer)
2022-09-12 17:36:25,500 mloop.controllers    INFO     params [10.62878889 14.77956786 13.20301686  5.83952846 10.47667902  8.73543304
  0.23717999  0.43008781  0.36056999  0.02744352  0.26972268  3.55506133
 -4.84783653 -5.62531678 -1.39143932 -4.14278557 -2.37434385 -2.12382665
  7.94921099  2.15427994  0.45981148 -3.60998032 -4.95138493 -2.54480663
 -5.62761076  5.02610323]
2022-09-12 17:36:25,538 mloop.controllers    INFO     cost 70.1242106006765 +/- 0.0
2022-09-12 17:36:25,539 mloop.controllers    INFO     Run:72 (trainer)
2022-09-12 17:36:25,542 mloop.controllers    INFO     params [ 7.62045411 18.44686416 19.19236624 14.04036858 17.84505282  7.65792622
  0.02670808  0.1382518   0.13343412  0.19499229  0.35119905  4.3004695
 -3.20017285  0.37186644 -5.826014    5.94069325  0.48538562 -5.5622395
 -4.88705585 -4.29199991 -2.37793209 -4.13561996  1.88941924  0.57220075
 -7.30635787  1.02813328]
2022-09-12 17:36:25,579 mloop.controllers    INFO     cost 84.35214434191211 +/- 0.0
2022-09-12 17:36:25,580 mloop.controllers    INFO     Run:73 (trainer)
2022-09-12 17:36:25,586 mloop.controllers    INFO     params [ 6.27446421  3.75754787 18.90214559  2.92148079  5.1586632   4.18490503
  0.29566897  0.14264393  0.11756962  0.06048239  0.04980067 -4.5021073
 -5.86948984 -5.42723646  7.08595348  6.72395649 -1.59949189  4.21136383
 -3.69524322 -6.83797107  2.87440146 -2.11634342  3.35277618  7.21952781
  6.72298645  5.44334226]
2022-09-12 17:36:25,623 mloop.controllers    INFO     cost 113.63994800763246 +/- 0.0
2022-09-12 17:36:25,623 mloop.controllers    INFO     Run:74 (trainer)
2022-09-12 17:36:25,626 mloop.controllers    INFO     params [ 1.71930045e+01  5.97173100e+00  2.24975566e+00  1.52025934e+01
  5.01655732e+00  5.90659908e+00  1.90203882e-01  4.08700272e-01
  2.71673699e-01  1.25207939e-02  4.13963426e-03 -4.50998023e+00
  7.51749310e+00 -2.17303688e+00  8.88804341e-01 -6.30047400e+00
 -6.30259085e+00  9.67580961e-01 -4.28182315e+00 -5.40436801e+00
 -3.23144800e+00  1.71450894e-01  4.02672317e+00 -4.44410550e+00
  7.80074137e-01 -7.47655953e+00]
2022-09-12 17:36:25,663 mloop.controllers    INFO     cost 93.34347725369557 +/- 0.0
2022-09-12 17:36:25,665 mloop.controllers    INFO     Run:75 (trainer)
2022-09-12 17:36:25,669 mloop.controllers    INFO     params [18.92906546 17.14696297  4.74409382  3.4883298   4.80451622 11.88049225
  0.41940036  0.19522155  0.28447281  0.28277056  0.11906084  4.61236411
 -7.22814312  3.36910428  5.62567666  5.24712808  1.86906411  0.94211958
 -5.84222992  1.03740552  5.79698538  3.30924402 -2.2295631   0.57609204
  6.61563524  7.05745673]
2022-09-12 17:36:25,714 mloop.controllers    INFO     cost 97.59265406926649 +/- 0.0
2022-09-12 17:36:25,715 mloop.controllers    INFO     Run:76 (trainer)
2022-09-12 17:36:25,719 mloop.controllers    INFO     params [ 2.14532552  5.20878852  5.75653581 16.86302409 15.99055552 14.8740182
  0.46488319  0.03646288  0.14246833  0.13983835  0.08452799 -5.82109154
 -6.46265206  2.44075378  5.49613766 -2.79531604  0.90230316 -7.65248695
  4.7447717   7.59050135  1.18888941 -7.07624028 -6.47749829 -6.26488098
 -5.7601056  -4.071347  ]
2022-09-12 17:36:25,729 mloop.neuralnet      DEBUG    Finished constructing net in: 1.9750275611877441
2022-09-12 17:36:25,754 mloop.controllers    INFO     cost 111.06600939601019 +/- 0.0
2022-09-12 17:36:25,755 mloop.controllers    INFO     Run:77 (trainer)
2022-09-12 17:36:25,757 mloop.controllers    INFO     params [18.0372045   2.17596919 17.32012223 11.78951109  4.6961589  10.62329359
  0.31247246  0.22325596  0.40660616  0.39533136  0.45653575  1.68890579
  2.16939666 -0.27975017  0.53105417  6.80602578 -6.29314844  7.93307376
  7.99363433  6.87472372  6.76078444  1.25908227 -4.56849052 -7.20280932
  2.04912714  4.67404502]
2022-09-12 17:36:25,794 mloop.controllers    INFO     cost 97.68724460812425 +/- 0.0
2022-09-12 17:36:25,795 mloop.controllers    INFO     Run:78 (trainer)
2022-09-12 17:36:25,797 mloop.controllers    INFO     params [ 8.52515707 18.35345109 19.23328747  5.52981246  9.08002463  8.75281923
  0.18435325  0.30898336  0.46529631  0.23687108  0.32384347  1.53276573
  1.102623    0.37305182  7.01476948 -3.54682493 -0.63559895 -6.59942542
 -2.27758002  1.95951534 -6.83809381 -5.02911825  3.85338301 -1.0625446
 -3.46368867 -0.81505735]
2022-09-12 17:36:25,836 mloop.controllers    INFO     cost 73.12236434940947 +/- 0.0
2022-09-12 17:36:25,837 mloop.controllers    INFO     Run:79 (trainer)
2022-09-12 17:36:25,840 mloop.controllers    INFO     params [ 7.24197216 17.51550735 10.31082208 14.11787168 10.19495072 10.87937856
  0.49038095  0.24938709  0.47809301  0.172047    0.29230714  0.35181605
 -4.84690403 -3.99196478  4.88080189  3.9505133   3.67720192 -2.70034783
  5.78356528  5.29205744  7.95032468  4.91014376 -2.62747727 -0.72834333
  0.33033385 -2.06868323]
2022-09-12 17:36:25,882 mloop.controllers    INFO     cost 70.33733828150389 +/- 0.0
2022-09-12 17:36:25,883 mloop.controllers    INFO     Run:80 (trainer)
2022-09-12 17:36:25,886 mloop.controllers    INFO     params [19.993299   15.15390166 12.34446128 15.38921194 12.61909775 11.14691681
  0.28992611  0.07708063  0.11617263  0.34340748  0.15713596  0.31920082
 -6.31390283  2.46556649 -2.28112841  0.56314359 -3.16481671  4.44593302
 -7.37202117 -1.6412268  -7.98023682 -3.22642866 -1.82575317 -2.73079376
  6.65407666  6.23279619]
2022-09-12 17:36:25,921 mloop.neuralnet      INFO     Constructing net
2022-09-12 17:36:25,930 mloop.controllers    INFO     cost 79.93435791433889 +/- 0.0
2022-09-12 17:36:25,931 mloop.controllers    INFO     Run:81 (trainer)
2022-09-12 17:36:25,934 mloop.controllers    INFO     params [ 3.50106722 19.4981502  17.2632025   7.77542525  8.34841618  8.70431118
  0.23083214  0.29355028  0.44083986  0.08289526  0.25192782 -2.90278259
  4.48117187 -4.38725724  1.36548762  0.76740625  7.22170826  7.60597091
  3.75891112 -3.07238282 -7.29347427  2.57043656  0.51409831 -3.62968365
 -2.59216986  2.42054237]
2022-09-12 17:36:25,977 mloop.controllers    INFO     cost 84.33070713741634 +/- 0.0
2022-09-12 17:36:25,978 mloop.controllers    INFO     Run:82 (trainer)
2022-09-12 17:36:25,980 mloop.controllers    INFO     params [ 8.35140874 10.53239068 11.92873382 16.00727406 11.89989199  7.09467554
  0.22981777  0.27582167  0.35762521  0.10355307  0.48054723  4.16931586
 -4.8462367   5.69510978 -6.76914846 -0.31731998  1.83553165  3.54317524
  5.61177301  4.20135235  7.74350449  0.90390287  4.45051532 -5.87612639
  2.95736427  1.38542088]
2022-09-12 17:36:26,016 mloop.controllers    INFO     cost 73.80134542773402 +/- 0.0
2022-09-12 17:36:26,016 mloop.controllers    INFO     Run:83 (trainer)
2022-09-12 17:36:26,018 mloop.controllers    INFO     params [ 1.09802840e+01  1.63353032e+01  1.60367131e+01  1.52971943e+01
  1.44131588e+01  6.67182612e+00  2.51182216e-01  2.70305127e-01
  3.18139337e-03  1.62052671e-01  3.41310590e-01 -5.57605263e-01
 -7.01625652e+00 -4.44819639e+00 -6.85766782e+00  1.48317073e+00
 -7.26584163e+00  2.05890424e+00  4.08056670e+00  7.23957354e+00
  3.79778386e+00  5.25132294e+00 -3.89102916e+00 -2.95677210e+00
  2.67749044e+00  6.31624571e+00]
2022-09-12 17:36:26,053 mloop.controllers    INFO     cost 88.27431820171235 +/- 0.0
2022-09-12 17:36:26,054 mloop.controllers    INFO     Run:84 (trainer)
2022-09-12 17:36:26,056 mloop.controllers    INFO     params [13.44886224  3.13237116 11.88294818  9.31316125  4.39121373 15.82536493
  0.12773826  0.45825981  0.43460131  0.19290188  0.05983342 -4.21732158
  4.75851105  3.88012654 -3.23217569  1.16751478 -0.35274866 -2.76841744
 -5.83058819 -7.5258534  -0.40200024 -6.71157796 -1.67179288 -1.55550332
  6.19216904 -6.10287705]
2022-09-12 17:36:26,095 mloop.controllers    INFO     cost 82.34449461057262 +/- 0.0
2022-09-12 17:36:26,096 mloop.controllers    INFO     Run:85 (trainer)
2022-09-12 17:36:26,099 mloop.controllers    INFO     params [ 4.04785543  5.87920601 16.25452033  4.21226448  6.44177159  9.10225058
  0.40432983  0.36573213  0.44648982  0.02587947  0.04043468 -6.20656415
 -2.89453774  0.40987191 -6.39452601  6.44852294  4.49309041 -1.11074903
  0.56980734 -6.38096776  7.67441996 -5.72904311  3.11089579  3.37671353
  2.14302021  6.78284621]
2022-09-12 17:36:26,138 mloop.controllers    INFO     cost 93.87448596338936 +/- 0.0
2022-09-12 17:36:26,139 mloop.controllers    INFO     Run:86 (trainer)
2022-09-12 17:36:26,142 mloop.controllers    INFO     params [ 3.67683723  7.19043379  3.57368234 10.82381971 11.20779938  5.00393756
  0.33172237  0.29322082  0.31957365  0.44909078  0.2902534   4.89178233
 -4.03936205  3.72033725 -1.00866756  0.55665148  5.80464886 -1.24932081
  7.90088132 -1.12927671  6.93586767 -2.92983547  4.81709036 -7.15976313
  2.01443383 -3.95871991]
2022-09-12 17:36:26,179 mloop.controllers    INFO     cost 82.1670885144611 +/- 0.0
2022-09-12 17:36:26,181 mloop.controllers    INFO     Run:87 (trainer)
2022-09-12 17:36:26,184 mloop.controllers    INFO     params [ 3.07128193  6.2721116   3.60254995  3.8197186  11.60708512  8.53396685
  0.48777502  0.27858717  0.42621483  0.39218625  0.38947979 -7.26415431
  1.0629319  -2.01359559 -6.00023981 -4.70427931 -1.72839095 -5.5039952
  1.40590535 -4.04734162 -2.55878062 -7.93771025 -0.98595667  0.76001707
  6.43368255  4.27351224]
2022-09-12 17:36:26,227 mloop.controllers    INFO     cost 86.3896927080417 +/- 0.0
2022-09-12 17:36:26,228 mloop.controllers    INFO     Run:88 (trainer)
2022-09-12 17:36:26,230 mloop.controllers    INFO     params [ 2.24475933 16.76473746  9.94487882 16.0567511  14.07259794  9.80847768
  0.2102951   0.07964234  0.33091374  0.12884228  0.38520299 -6.37649024
 -0.07441856 -3.53438544  3.99359233  6.34740867  1.73233329  6.48787452
  7.11817546  0.2177382   0.59988722 -5.59001976  5.11185834  0.50604775
 -3.21654394  6.60340513]
2022-09-12 17:36:26,274 mloop.controllers    INFO     cost 82.06098654187903 +/- 0.0
2022-09-12 17:36:26,275 mloop.controllers    INFO     Run:89 (trainer)
2022-09-12 17:36:26,278 mloop.controllers    INFO     params [ 8.45809054  4.98047917 15.25274635 14.15064682 16.53300603 15.57298609
  0.36668639  0.17614329  0.09587827  0.20631781  0.25168715 -4.82600551
  4.81764286 -6.49857295  7.09269974 -1.60267145  3.5810259  -6.28284374
 -4.05207011 -6.82457188  6.75787246  5.5623619   6.83895991  0.74888816
 -0.03834215  7.19469421]
2022-09-12 17:36:26,323 mloop.controllers    INFO     cost 100.28757268252728 +/- 0.0
2022-09-12 17:36:26,323 mloop.controllers    INFO     Run:90 (trainer)
2022-09-12 17:36:26,325 mloop.controllers    INFO     params [ 6.20519652  7.5986633   9.50735308  3.13194662  7.41389498  6.54992557
  0.21427563  0.16579725  0.21630095  0.23437195  0.11820345 -1.10419865
 -2.08318429  1.86888129  6.78820054  2.66523678  6.8228857   5.41500012
  5.89123052  5.35487878  0.48464172  4.93970759  5.12105563  5.89541117
 -4.71778635 -2.14560987]
2022-09-12 17:36:26,366 mloop.controllers    INFO     cost 85.65447970099758 +/- 0.0
2022-09-12 17:36:26,367 mloop.controllers    INFO     Run:91 (trainer)
2022-09-12 17:36:26,369 mloop.controllers    INFO     params [14.77369785  6.17496596  6.60677034 17.56383724 15.51134766 14.27689803
  0.46609575  0.24073648  0.47396031  0.3230282   0.18979129  7.24872947
 -2.35818144  7.28599142  3.58802047 -5.18330277 -5.0945868   7.99980457
 -5.07723829 -2.5799      5.26814168  6.08883583  4.93985522 -2.4606269
  0.74048253 -0.76032909]
2022-09-12 17:36:26,491 mloop.controllers    INFO     cost 95.70812745082947 +/- 0.0
2022-09-12 17:36:26,492 mloop.controllers    INFO     Run:92 (trainer)
2022-09-12 17:36:26,495 mloop.controllers    INFO     params [ 9.83298149 10.20505255  7.4240327   5.58760499  5.66010125  6.36189068
  0.13091508  0.28975476  0.46607192  0.35486055  0.03541402 -5.73047961
 -1.64093878 -0.30338232 -5.60937209  4.16873599 -4.33621086 -6.42441778
 -1.92758343  3.7597968  -1.07275138  7.93456527 -5.50705224 -7.80850033
 -6.94822214 -3.44034728]
2022-09-12 17:36:26,552 mloop.controllers    INFO     cost 86.69755078002999 +/- 0.0
2022-09-12 17:36:26,552 mloop.controllers    INFO     Run:93 (trainer)
2022-09-12 17:36:26,555 mloop.controllers    INFO     params [15.07734619 11.11306698 12.01089924 18.98968272 17.23426525 15.25911122
  0.05879108  0.19062254  0.10671562  0.02787275  0.42180518  0.4535948
  7.35171715 -3.69282402  0.50617527  6.24302726  6.45057795  1.62188984
  0.65823314  4.43907923  4.20004788  7.71428782 -1.83261048 -0.5390483
 -1.63705455  7.57442806]
2022-09-12 17:36:26,594 mloop.controllers    INFO     cost 80.92427055425365 +/- 0.0
2022-09-12 17:36:26,595 mloop.controllers    INFO     Run:94 (trainer)
2022-09-12 17:36:26,597 mloop.controllers    INFO     params [10.31492658  5.53310272 10.47674604 17.16262876 10.60430761  7.87681358
  0.22956152  0.32976643  0.0463136   0.09167722  0.23454713  6.48419592
 -7.94700329  4.71307944 -4.22318725  5.63384166 -1.80156288 -0.42188221
 -3.73438981 -6.35059704  1.97306121 -3.04893109 -2.5457811  -4.55706878
 -7.90532491 -7.53421302]
2022-09-12 17:36:26,635 mloop.controllers    INFO     cost 84.38601879079857 +/- 0.0
2022-09-12 17:36:26,636 mloop.controllers    INFO     Run:95 (trainer)
2022-09-12 17:36:26,638 mloop.controllers    INFO     params [ 5.10246253 15.84192166  3.90758951 18.1769195  11.58891592  5.81951024
  0.37976026  0.08154309  0.20483581  0.21556218  0.47689593  6.20607002
 -5.40347975 -5.63723695 -2.99959812  5.43807416 -7.18540835  0.8291992
  2.85178044 -6.18768095 -3.92759648  2.32820496  1.6000274   7.06260685
  1.17518278 -7.2329006 ]
2022-09-12 17:36:26,681 mloop.controllers    INFO     cost 96.55545692191157 +/- 0.0
2022-09-12 17:36:26,681 mloop.controllers    INFO     Run:96 (trainer)
2022-09-12 17:36:26,684 mloop.controllers    INFO     params [ 7.984303   13.49170616 12.3599071   7.79017074 17.53169872  8.36021074
  0.35505508  0.15630138  0.28409175  0.44100073  0.29747529  5.75379189
 -6.02664331 -6.27767731 -1.73832126  3.34216194 -7.5805999   4.96683436
  0.4683091  -0.70346182  6.38590399 -0.80114319 -0.34321159  5.36809489
 -4.43379773 -1.34695536]
2022-09-12 17:36:26,720 mloop.controllers    INFO     cost 74.36435660698044 +/- 0.0
2022-09-12 17:36:26,722 mloop.controllers    INFO     Run:97 (trainer)
2022-09-12 17:36:26,724 mloop.controllers    INFO     params [ 1.03438598e+01  1.27320637e+01  1.24430225e+01  1.05050604e+01
  1.66168570e+01  6.24554393e+00  2.64460494e-02  2.19576668e-01
  9.74345606e-03  4.23486549e-01  2.48061354e-01  5.78852639e+00
  1.72407006e+00  5.84743784e+00  7.74741837e+00 -7.22812899e+00
  7.22076823e+00  4.81731106e+00 -5.27969580e+00 -6.18032901e+00
 -2.84643807e-01 -6.56692115e+00 -7.94928302e+00 -6.51877031e-01
  3.55991560e-01 -4.42358901e+00]
2022-09-12 17:36:26,771 mloop.controllers    INFO     cost 86.54062944998628 +/- 0.0
2022-09-12 17:36:26,772 mloop.controllers    INFO     Run:98 (trainer)
2022-09-12 17:36:26,774 mloop.controllers    INFO     params [ 1.86713471 16.11007417 14.06844867 11.3999572  12.01445175  9.90316261
  0.39534618  0.18486371  0.22600713  0.48888063  0.28536669  5.47276211
 -0.4234155   4.76717922 -5.00681147  2.63959674 -4.86043709 -2.46645833
  2.18008789 -0.87147993  2.18575643 -4.10095383 -3.42817883  5.44253285
  4.32514239  0.14922159]
2022-09-12 17:36:26,808 mloop.controllers    INFO     cost 67.97387134764176 +/- 0.0
2022-09-12 17:36:26,809 mloop.controllers    INFO     Run:99 (trainer)
2022-09-12 17:36:26,811 mloop.controllers    INFO     params [ 1.46008811e+01  1.94210001e+01  3.88419600e+00  8.73504205e+00
  1.84089703e+01  9.50215054e+00  2.89547615e-01  4.01793128e-01
  1.73328220e-03  4.51712074e-02  2.25120859e-01 -4.00974771e+00
 -5.54081486e+00 -5.57476428e+00 -7.75586459e+00  6.51179163e+00
 -1.72172734e+00  5.97432544e+00 -4.30821951e+00 -3.37105435e+00
  6.12651963e+00  2.38639155e+00 -4.12633663e+00 -2.64667099e+00
 -7.56541171e+00 -5.23342938e-01]
2022-09-12 17:36:26,850 mloop.controllers    INFO     cost 98.22926145209406 +/- 0.0
2022-09-12 17:36:26,850 mloop.controllers    INFO     Run:100 (trainer)
2022-09-12 17:36:26,852 mloop.controllers    INFO     params [ 1.56649755e+01  1.05492118e+01  4.65570916e+00  1.38614622e+01
  1.78105210e+01  1.55273485e+01  2.93308440e-01  5.77385504e-03
  4.44191772e-01  1.42940850e-02  2.03421906e-01 -5.01957472e-02
 -4.27478490e+00 -5.30779907e+00  3.34650399e+00  6.32686083e+00
 -3.78866890e+00  2.36914381e+00 -4.44282283e+00  6.60328471e+00
  4.04647169e-01 -9.87606182e-01  4.99495750e+00 -4.69216875e+00
  6.16973043e-01  3.89735321e+00]
2022-09-12 17:36:26,890 mloop.controllers    INFO     cost 79.63466724295901 +/- 0.0
2022-09-12 17:36:26,891 mloop.controllers    INFO     Controller finished. Closing down M-LOOP. Please wait a moment...
2022-09-12 17:36:26,892 mloop.controllers    DEBUG    ML learner end set.
2022-09-12 17:36:27,423 mloop.neuralnet      DEBUG    Finished constructing net in: 1.5028600692749023
2022-09-12 17:36:27,530 mloop.neuralnet      INFO     Constructing net
2022-09-12 17:36:28,568 mloop.neuralnet      DEBUG    Finished constructing net in: 1.039060115814209
2022-09-12 17:36:28,681 mloop.controllers    DEBUG    ML learner joined
2022-09-12 17:36:28,682 mloop.controllers    INFO     Machine learning learner did not provide best and/or all minima.
2022-09-12 17:36:28,682 mloop.controllers    DEBUG    Learner end event set.
2022-09-12 17:36:28,683 mloop.controllers    DEBUG    Interface end event set.
2022-09-12 17:36:28,854 mloop.learners.1     DEBUG    Learner end signal received. Ending
2022-09-12 17:36:28,855 mloop.interfaces     DEBUG    Interface ended
2022-09-12 17:36:29,856 mloop.controllers    DEBUG    Learner joined.
2022-09-12 17:36:29,857 mloop.controllers    DEBUG    Interface joined.
2022-09-12 17:36:29,877 mloop.controllers    INFO     Optimization ended because:
2022-09-12 17:36:29,877 mloop.controllers    INFO     	* Maximum number of runs reached.
2022-09-12 17:36:29,878 mloop.controllers    INFO     Results:
2022-09-12 17:36:29,879 mloop.controllers    INFO     	* Best parameters found:[11.75281869  8.29471867  5.31153484 15.51490888  3.05295725  9.98890762
  0.36882921  0.11553382  0.15153421  0.40023794  0.21586834  4.07426763
  0.620206   -5.57459407 -1.40229151 -5.70351688 -1.92727515  0.72817229
 -2.68557806  5.01001743  2.83306539 -4.33058907 -4.31585556  0.39459342
  0.6728181   0.63535507]
2022-09-12 17:36:29,879 mloop.controllers    INFO     	* Best cost returned:62.95643561521395 +/- 0.0
2022-09-12 17:36:29,879 mloop.controllers    INFO     	* Best run number:13
2022-09-12 17:36:29,880 mloop.controllers    INFO     M-LOOP Done.
2022-09-12 17:36:29,881 mloop.visualizations DEBUG    Creating controller visualizations.
2022-09-12 17:36:30,050 mloop.visualizations DEBUG    Creating learner visualizations.
