2022-09-12 17:50:34,249 mloop                INFO     M-LOOP version 3.3.1
2022-09-12 17:50:34,249 mloop                DEBUG    M-LOOP Logger configured.
2022-09-12 17:50:34,250 mloop.interfaces     DEBUG    Creating interface.
2022-09-12 17:50:34,251 mloop.controllers    DEBUG    Controller init completed.
2022-09-12 17:50:34,252 mloop.learners.1     DEBUG    Learner init completed.
2022-09-12 17:50:34,254 mloop.learners.2     DEBUG    Learner init completed.
2022-09-12 17:50:34,255 mloop.controllers    INFO     Optimization started.
2022-09-12 17:50:34,256 mloop.interfaces     DEBUG    Entering main loop of interface.
2022-09-12 17:50:34,256 mloop.controllers    DEBUG    ML learner started.
2022-09-12 17:50:36,512 mloop.controllers    DEBUG    Starting training optimization.
2022-09-12 17:50:36,513 mloop.controllers    INFO     Run:1 (training)
2022-09-12 17:50:36,515 mloop.controllers    INFO     params [ 3.80959607  1.80301095  4.71591761  2.33280732  6.22133236 12.9602916
  0.28424831  0.03151066  0.26089746  0.44033898  0.0922825   1.31611787
 -3.18438521 -5.87613249  1.05541145  2.03825599  5.3340773  -0.95445897
 -6.73560733  5.12075584  6.42614468 -5.94064524  0.68746155  0.06226155
 -7.81608333  0.71581583]
2022-09-12 17:50:36,520 mloop.controllers    INFO     cost -6.37381617787099 +/- 0.0
2022-09-12 17:50:36,520 mloop.controllers    INFO     Run:2 (training)
2022-09-12 17:50:36,523 mloop.controllers    INFO     params [ 1.94322343 15.31710804 16.62685505 15.05245583 11.0691734  14.73702416
  0.49169953  0.26099997  0.28165712  0.43495401  0.11867771 -6.88545701
  4.1588423  -0.78639793  4.32136165 -6.15507386 -4.8162258   6.02186901
  3.62705024  4.18521587  5.35378939 -3.40476911 -6.05219386  0.37633276
  2.78973019  2.69457523]
2022-09-12 17:50:36,528 mloop.controllers    INFO     cost -7.098781554361539 +/- 0.0
2022-09-12 17:50:36,528 mloop.controllers    INFO     Run:3 (training)
2022-09-12 17:50:36,530 mloop.controllers    INFO     params [17.49388391 18.94845778  3.3661778   5.48266897 12.25634745  5.98895135
  0.02578281  0.31210779  0.46052777  0.26721153  0.36479035  6.4181424
  3.03702451 -3.76291662  2.08651387 -1.69211481 -5.58509681  4.15040829
  1.92915718 -7.62523341 -6.97871601  5.31557987 -7.00498156 -7.69396345
  4.55731754 -0.11165227]
2022-09-12 17:50:36,534 mloop.controllers    INFO     cost -5.300236353100207 +/- 0.0
2022-09-12 17:50:36,534 mloop.controllers    INFO     Run:4 (training)
2022-09-12 17:50:36,535 mloop.controllers    INFO     params [ 6.84513670e+00  1.36473972e+01  1.44524404e+01  8.16915414e+00
  9.37381269e+00  1.53513923e+01  2.78306256e-01  3.24489938e-02
  1.37947006e-02  4.77214674e-01  4.87024212e-01 -4.92681833e+00
  2.64039824e-01 -7.64085348e+00  6.57364789e-01 -7.78952679e+00
 -4.32829912e+00  2.78785072e+00 -2.80244956e+00  9.84204803e-01
 -3.08762004e-01  6.53033856e+00 -1.14228662e+00 -6.45645151e+00
 -3.90941210e-01 -1.64273523e+00]
2022-09-12 17:50:36,541 mloop.controllers    INFO     cost -7.394650029086155 +/- 0.0
2022-09-12 17:50:36,542 mloop.controllers    INFO     Run:5 (training)
2022-09-12 17:50:36,543 mloop.controllers    INFO     params [12.4510992  14.70649451 14.63570212  2.17287186 15.26141282  5.66725056
  0.09362335  0.39043189  0.29645045  0.43789057  0.01834601 -4.85611016
 -3.37613541 -1.32888717  6.4484049   3.92941614 -6.89682442  5.53907326
 -4.08191118 -2.24385924  1.23569579 -6.50300863 -2.75132246  1.82739085
 -3.93865817  5.30328298]
2022-09-12 17:50:36,548 mloop.controllers    INFO     cost -4.276570057393513 +/- 0.0
2022-09-12 17:50:36,548 mloop.controllers    INFO     Run:6 (training)
2022-09-12 17:50:36,549 mloop.controllers    INFO     params [ 9.98020089e+00  6.12937036e+00  1.35759909e+01  1.60030597e+01
  4.40396191e+00  1.18008072e+01  2.72959120e-01  7.19747452e-03
  3.72820456e-01  1.25329369e-01  2.66824673e-01  5.17164539e-02
  5.82417346e+00  6.12386624e+00 -2.15180945e+00 -7.39810533e+00
 -4.49675770e+00 -5.65554822e+00  6.29615362e+00  3.91720427e+00
 -5.91209770e+00  3.08789256e+00 -1.06540794e+00  7.05845055e+00
 -5.24026933e+00  2.45493124e+00]
2022-09-12 17:50:36,553 mloop.controllers    INFO     cost -6.047608722213971 +/- 0.0
2022-09-12 17:50:36,553 mloop.controllers    INFO     Run:7 (training)
2022-09-12 17:50:36,555 mloop.controllers    INFO     params [ 4.50218113 14.98475956 13.89405796  4.83524179 11.23721897 14.28168614
  0.23037388  0.4435186   0.04661729  0.3950435   0.48419779  3.26261636
  5.69535588 -1.08307691  0.47884937  6.95181564 -1.53083016 -5.74828113
  1.74347304 -2.2664025   7.43574005  3.76787196 -6.36603406 -2.41358023
  3.29983246 -2.46644707]
2022-09-12 17:50:36,560 mloop.controllers    INFO     cost -6.029400114864894 +/- 0.0
2022-09-12 17:50:36,561 mloop.controllers    INFO     Run:8 (training)
2022-09-12 17:50:36,562 mloop.controllers    INFO     params [19.20313269 11.25888058  6.16618448 17.8829491  13.54442696  7.87196729
  0.26107955  0.26530701  0.08078237  0.3591062   0.17052154 -3.3141059
  7.18504501 -6.13541466 -3.22504756  1.04760369 -7.72629964  7.87967465
  2.36023015  1.3181572  -4.95947957 -0.81956532  5.71139624 -2.5135884
 -4.17483558 -1.99948521]
2022-09-12 17:50:36,567 mloop.controllers    INFO     cost -5.98506579462334 +/- 0.0
2022-09-12 17:50:36,568 mloop.controllers    INFO     Run:9 (training)
2022-09-12 17:50:36,569 mloop.controllers    INFO     params [ 3.24194144e+00  1.16448689e+01  9.72618561e+00  7.60924349e+00
  4.26161336e+00  9.33973883e+00  7.52958458e-02  1.15877209e-02
  1.16532709e-01  1.50426982e-01  6.75820603e-02 -3.96039893e+00
 -2.50973430e-02 -2.45282365e+00 -5.15488565e+00  1.26323086e+00
  5.93543751e+00 -1.09518053e+00 -6.78752005e+00  4.12341203e+00
 -4.38668707e+00 -9.85889023e-01 -3.14808269e+00  6.18252849e-01
 -5.57909874e+00  7.37943897e+00]
2022-09-12 17:50:37,028 mloop.controllers    INFO     cost -6.561297745415768 +/- 0.0
2022-09-12 17:50:37,029 mloop.controllers    INFO     Run:10 (training)
2022-09-12 17:50:37,030 mloop.controllers    INFO     params [ 3.28907381 13.46865677 11.68177153 17.47364871  7.64282896 12.42799838
  0.27641891  0.34571948  0.19750768  0.12046013  0.03729206 -6.59260421
 -4.83123259  2.50588393  5.08094217 -3.46536489 -1.08775277  6.66127498
 -2.26870519  4.41508567  0.59132725 -6.92126528 -1.22118726 -6.92942452
  7.45184587 -4.9529779 ]
2022-09-12 17:50:37,040 mloop.controllers    INFO     cost -5.886851626834569 +/- 0.0
2022-09-12 17:50:37,040 mloop.controllers    INFO     Run:11 (training)
2022-09-12 17:50:37,042 mloop.controllers    INFO     params [11.87684175 16.89687393  7.21552319  6.06856299 12.76377406  9.84312123
  0.43130257  0.13851734  0.11717935  0.29523091  0.15526779  0.59677563
  7.8565377  -0.86026521  4.50018373  5.38842862  3.13625983 -0.64578728
 -4.13041218  7.70586024  7.44770447  1.63360775  4.50578933 -5.46272849
 -4.63474758  7.94334001]
2022-09-12 17:50:37,049 mloop.controllers    INFO     cost -6.6601699192377195 +/- 0.0
2022-09-12 17:50:37,049 mloop.controllers    INFO     Run:12 (training)
2022-09-12 17:50:37,051 mloop.controllers    INFO     params [17.45259313 18.25932053  8.01242093  9.19599981 17.10688006  9.53089577
  0.24508679  0.39352189  0.2148255   0.49673057  0.16339133 -4.99849632
 -2.42217426 -7.80999643  5.79948196  7.75459951 -4.29483399 -3.92902634
 -7.76503052  7.49873847  3.69124441  6.7077736   7.52562475  7.36971352
 -4.24072478 -5.68873458]
2022-09-12 17:50:37,058 mloop.controllers    INFO     cost -5.3632098108444755 +/- 0.0
2022-09-12 17:50:37,059 mloop.controllers    INFO     Run:13 (training)
2022-09-12 17:50:37,060 mloop.controllers    INFO     params [11.94570714 19.87092515 11.79520994 15.02130204 13.54986532 12.18044667
  0.45208463  0.30672079  0.09620824  0.03498808  0.03568423 -4.65536664
  0.74224544  6.56267588 -0.40730716  1.34630515  4.89428832 -7.05605645
 -0.44301623 -5.24034101  7.74254185 -3.31646328 -2.08104374  5.17335979
  6.17020015 -3.9524708 ]
2022-09-12 17:50:37,065 mloop.controllers    INFO     cost -6.561781523419717 +/- 0.0
2022-09-12 17:50:37,065 mloop.controllers    INFO     Run:14 (training)
2022-09-12 17:50:37,066 mloop.controllers    INFO     params [ 7.52990178  3.60641284  8.70179722 16.6748004   7.82653193 12.56779527
  0.15959341  0.0244353   0.38390908  0.2173295   0.08047525  1.07065668
 -2.35368892  7.24407042  4.2270569   0.13213446  5.25994477 -2.71705678
 -5.79417333 -7.70772599  7.80576312  1.12115684 -4.64442028 -6.19124086
  7.32184888 -4.89295969]
2022-09-12 17:50:37,071 mloop.controllers    INFO     cost -5.827629903800549 +/- 0.0
2022-09-12 17:50:37,072 mloop.controllers    INFO     Run:15 (training)
2022-09-12 17:50:37,073 mloop.controllers    INFO     params [ 9.09250718 15.40997557 16.7842679   9.34197413 13.98864788  8.76168211
  0.15307224  0.32010722  0.4132046   0.17711343  0.24036223  5.28705373
  7.67270626 -3.3743877   7.37184962  4.11263095 -5.48646402  6.85442708
 -0.82864069  2.95830144  5.44810301  2.11045645  1.41699043  6.06088289
 -0.4138327  -2.91427595]
2022-09-12 17:50:37,079 mloop.controllers    INFO     cost -5.012177994700749 +/- 0.0
2022-09-12 17:50:37,079 mloop.controllers    INFO     Run:16 (training)
2022-09-12 17:50:37,080 mloop.controllers    INFO     params [ 8.14892085  2.32857716  9.9084525  11.60520922 12.87814552  4.44264906
  0.03127673  0.48583858  0.39887859  0.27303573  0.16118753  6.14160508
 -1.99854433 -3.04360204 -3.75746935  1.47539587 -0.91538928 -0.72653955
  0.64716823 -4.82007921 -6.33941658  7.99892472  3.16020721 -3.1656775
  3.40006747  3.57245111]
2022-09-12 17:50:37,085 mloop.controllers    INFO     cost -5.609352322679477 +/- 0.0
2022-09-12 17:50:37,086 mloop.controllers    INFO     Run:17 (training)
2022-09-12 17:50:37,087 mloop.controllers    INFO     params [ 9.75071914 11.63886307  9.49082341  2.00343141 16.06987239  8.36997604
  0.26721105  0.42926983  0.49133436  0.11937583  0.36925678 -2.67555891
  1.73786622  5.2828112   7.35740785  0.9932644  -2.83695223 -1.45992294
  1.01852951  7.18641335 -4.88540576  7.91106627 -5.11142235 -4.47707085
 -1.15835176 -0.05036013]
2022-09-12 17:50:37,093 mloop.controllers    INFO     cost -5.182500573700393 +/- 0.0
2022-09-12 17:50:37,094 mloop.controllers    INFO     Run:18 (training)
2022-09-12 17:50:37,095 mloop.controllers    INFO     params [ 9.36843924 16.94968902 13.46857261  1.96441905 16.0175401  12.26918519
  0.43590081  0.46152548  0.13659809  0.17103784  0.1189038   1.46984695
 -1.74448166 -0.54461311 -2.95858016  1.65272528 -6.34559973 -4.96817904
  2.39228666  1.69638799 -5.19762094 -4.24891211  7.94227171 -1.85835505
 -5.71575643 -7.72407399]
2022-09-12 17:50:37,100 mloop.controllers    INFO     cost -4.782894677813307 +/- 0.0
2022-09-12 17:50:37,100 mloop.controllers    INFO     Run:19 (training)
2022-09-12 17:50:37,101 mloop.controllers    INFO     params [ 3.33314282  6.28142314  9.26583368 18.51140759  6.46187476  8.41173307
  0.35953519  0.03967749  0.28401002  0.36218737  0.37180002  7.93300654
 -5.2992987  -4.61475503 -4.38465208 -2.11306876 -5.16479046  1.92891397
 -3.75472266 -1.6244247   5.81126375  5.37914842 -3.71049861 -1.38765931
  4.25419686  5.33429363]
2022-09-12 17:50:37,108 mloop.controllers    INFO     cost -3.998037109309803 +/- 0.0
2022-09-12 17:50:37,108 mloop.controllers    INFO     Run:20 (training)
2022-09-12 17:50:37,110 mloop.controllers    INFO     params [ 4.25421656e+00  1.20081134e+01  2.51953650e+00  1.14973243e+01
  2.46422876e+00  1.11782764e+01  3.63595792e-01  3.71021909e-01
  3.48250933e-01  3.80185079e-01  2.14149508e-01 -5.95437892e+00
  7.21492539e+00 -7.98350900e+00 -1.89192929e+00 -5.43043594e+00
  9.32952723e-01 -7.07591381e+00  1.84114997e+00 -9.82884385e-01
 -1.78257889e+00  4.60455504e+00 -5.15109692e+00 -1.52674504e+00
  7.05779400e+00  6.73328374e-03]
2022-09-12 17:50:37,116 mloop.controllers    INFO     cost -5.831241407916906 +/- 0.0
2022-09-12 17:50:37,116 mloop.controllers    INFO     Run:21 (training)
2022-09-12 17:50:37,117 mloop.controllers    INFO     params [19.39856808  2.02140748  4.03621559  9.60771827 13.53965764 13.20640267
  0.33847558  0.22510919  0.36169879  0.24995697  0.22649133  2.77162773
 -6.64994007 -2.20863148  0.63399305  0.45665319 -0.61650371  0.64558088
 -5.51002911  2.01128801 -3.43319722  4.16066125 -7.49609699 -0.7152342
 -3.53100612  1.93040048]
2022-09-12 17:50:37,123 mloop.controllers    INFO     cost -7.243774707315447 +/- 0.0
2022-09-12 17:50:37,124 mloop.controllers    INFO     Run:22 (training)
2022-09-12 17:50:37,125 mloop.controllers    INFO     params [ 3.21316771 10.59462667  2.71888422  2.07767659 12.57619627 12.09772036
  0.3687505   0.24511853  0.16003962  0.33198359  0.34079649  5.78574008
 -1.28897411  6.35104349 -7.09693608  1.51096043  3.0801387  -0.96054615
  4.19053259  3.7312405  -5.11613163 -2.58213849  5.83927116  0.97919448
  0.03045238 -2.40762968]
2022-09-12 17:50:37,132 mloop.controllers    INFO     cost -6.494937085208516 +/- 0.0
2022-09-12 17:50:37,132 mloop.controllers    INFO     Run:23 (training)
2022-09-12 17:50:37,133 mloop.controllers    INFO     params [18.94810447  7.7441122   6.83587973 19.94438454  6.94278622 12.09061577
  0.33948238  0.35713764  0.19782112  0.43202905  0.08641173  4.19834276
 -2.52217098  4.872396    5.3137702  -0.473974    0.15630579  7.77755843
 -1.98729118 -5.50435555 -7.00917492  3.58620013 -2.83004504  6.50767135
 -4.41899987  1.75560098]
2022-09-12 17:50:37,140 mloop.controllers    INFO     cost -6.514121651926327 +/- 0.0
2022-09-12 17:50:37,141 mloop.controllers    INFO     Run:24 (training)
2022-09-12 17:50:37,142 mloop.controllers    INFO     params [ 5.86702186  6.11148484 10.85507543 12.12172437 16.56742553  8.83275944
  0.43825505  0.20813906  0.31360882  0.36959562  0.11440429  0.54539067
 -3.74013381  0.38488953  0.91026436  5.28365051  1.58128823  2.76814625
 -1.87518338 -1.59321385 -2.72609906 -4.43042255  7.84053428 -7.16273465
 -6.23230295 -2.6035563 ]
2022-09-12 17:50:37,148 mloop.controllers    INFO     cost -6.791972824914651 +/- 0.0
2022-09-12 17:50:37,149 mloop.controllers    INFO     Run:25 (training)
2022-09-12 17:50:37,150 mloop.controllers    INFO     params [11.65692041  6.91987942  3.92245237  5.5184837  13.46765255  7.53609807
  0.16435965  0.28911014  0.24213081  0.47483737  0.48579241  1.7735817
 -1.13548454  3.15512122 -5.51858224 -2.40316862 -2.65808887 -7.31388881
  4.85848547 -2.21006092 -4.93491852  2.47966326  7.15734733 -2.75335454
  4.60793835  4.57582564]
2022-09-12 17:50:37,159 mloop.controllers    INFO     cost -5.5952111806025435 +/- 0.0
2022-09-12 17:50:37,159 mloop.controllers    INFO     Run:26 (training)
2022-09-12 17:50:37,161 mloop.controllers    INFO     params [14.92059048 11.84137923  9.09222377 19.61068858  3.67461758 11.54336681
  0.28822328  0.36511094  0.27255723  0.23995783  0.1938049  -7.07339233
 -6.34265807  1.88094906  4.32990549 -0.32910659 -1.88828316  4.21991468
  6.13634172  0.67080976  1.22690749 -2.21785689 -4.89313742  2.58650367
  6.19938612  5.84655519]
2022-09-12 17:50:37,170 mloop.controllers    INFO     cost -6.0744391435959795 +/- 0.0
2022-09-12 17:50:37,170 mloop.controllers    INFO     Run:27 (training)
2022-09-12 17:50:37,172 mloop.controllers    INFO     params [ 2.81830197 15.24242007 12.28737555 11.50652367 12.51190657 10.28172825
  0.2480609   0.17444049  0.29788772  0.10446732  0.08367657 -6.80424399
  6.28044242 -3.43725014  7.76014743 -3.20363363 -7.85237463  2.95717406
 -6.28274616  5.63160965  0.76400984  3.64849366  4.56052152  2.05182554
 -4.63126726 -2.00354561]
2022-09-12 17:50:37,180 mloop.controllers    INFO     cost -6.176601616409484 +/- 0.0
2022-09-12 17:50:37,181 mloop.controllers    INFO     Run:28 (training)
2022-09-12 17:50:37,182 mloop.controllers    INFO     params [16.02975281 11.89905354 15.29416209 10.57552646  1.8858977  14.82964437
  0.15599337  0.26514544  0.17544665  0.4159237   0.16061563 -1.52944971
  7.74592932 -7.17706525 -1.17240237  4.03334135 -5.07546943 -0.62057528
 -4.66481247  2.26448504 -4.58482606  7.00878852  6.76482267  6.17419768
 -2.67012105 -3.69505511]
2022-09-12 17:50:37,190 mloop.controllers    INFO     cost -6.219867973909018 +/- 0.0
2022-09-12 17:50:37,191 mloop.controllers    INFO     Run:29 (training)
2022-09-12 17:50:37,192 mloop.controllers    INFO     params [19.09621185 11.80031973  9.4858932  19.68116975  5.34342513  7.73670978
  0.17968004  0.24201341  0.42827857  0.14448703  0.43690878 -2.67841596
 -2.36246393  7.71657743 -2.02427558 -4.03985469 -0.35506685 -0.61412665
  4.19197224 -5.25674694  5.01630203  7.96820826 -6.91151261  3.80970919
 -6.63884096  1.24861359]
2022-09-12 17:50:37,200 mloop.controllers    INFO     cost -6.166419484100331 +/- 0.0
2022-09-12 17:50:37,200 mloop.controllers    INFO     Run:30 (training)
2022-09-12 17:50:37,201 mloop.controllers    INFO     params [ 8.5227241   7.77372524 11.66718226 14.19929286  8.30678425  5.93170891
  0.30108213  0.42523799  0.33488141  0.25448848  0.42206307 -2.56616564
 -1.39003247  7.09876386 -3.68144887 -7.17788241  0.64258015  1.08678866
 -0.6782428  -3.37028848 -5.3373238   4.15082003 -3.41734574  3.28518324
 -1.76563193  7.50686164]
2022-09-12 17:50:37,210 mloop.controllers    INFO     cost -5.423874341442462 +/- 0.0
2022-09-12 17:50:37,210 mloop.controllers    INFO     Run:31 (training)
2022-09-12 17:50:37,212 mloop.controllers    INFO     params [19.18110352 18.9493513  16.14352201  9.15443444 13.41502456  5.4243334
  0.45882793  0.44040477  0.3209931   0.29339327  0.24240028  5.43710558
 -4.57290003  7.9650545  -0.25833591 -2.62917631 -1.39883731  2.32380188
  5.77824596 -4.50198455 -2.64139262 -0.84275471  6.94198997 -4.68354992
 -7.56871133  4.63609039]
2022-09-12 17:50:37,220 mloop.controllers    INFO     cost -6.23456099735668 +/- 0.0
2022-09-12 17:50:37,220 mloop.controllers    INFO     Run:32 (training)
2022-09-12 17:50:37,221 mloop.controllers    INFO     params [ 1.87780580e+01  7.27302635e+00  1.50874915e+01  2.18728749e+00
  5.66590519e+00  8.73588711e+00  3.94634477e-01  3.34294166e-01
  2.80147326e-01  1.25646341e-02  4.61601671e-01 -1.38132156e+00
  2.04502574e+00  1.95832180e+00 -6.61137333e-01 -2.78596029e+00
 -1.99734497e+00 -5.34288122e+00 -5.32233848e+00  7.82502241e+00
  6.43647058e+00 -5.82206896e+00  7.40586801e+00 -1.18741170e+00
 -3.46628787e+00  7.75869222e+00]
2022-09-12 17:50:37,231 mloop.controllers    INFO     cost -4.40439884612078 +/- 0.0
2022-09-12 17:50:37,231 mloop.controllers    INFO     Run:33 (training)
2022-09-12 17:50:37,233 mloop.controllers    INFO     params [12.67157966 12.9622955   7.10067235 19.90461041 11.89266582  7.54335833
  0.21790983  0.3131919   0.38995497  0.36358211  0.47969443 -4.57066844
 -0.35456228  0.32240259  4.07542026 -0.86468954 -3.50596285 -5.32308313
  4.18529176 -2.89098813 -6.23450443  7.09598959  2.61527677  1.56167187
  7.7027533  -4.61945583]
2022-09-12 17:50:37,242 mloop.controllers    INFO     cost -6.633213066756745 +/- 0.0
2022-09-12 17:50:37,242 mloop.controllers    INFO     Run:34 (training)
2022-09-12 17:50:37,244 mloop.controllers    INFO     params [ 4.64364765  2.14970927 11.5639414   3.12097922 18.98139262 10.6398608
  0.05960964  0.20450457  0.13299689  0.0992557   0.1514931   0.5424978
 -6.58494878  2.74812382  0.17906857  0.95721933  0.36460645  7.63504825
 -1.48347845  5.92279847  7.99380701 -4.64002147 -3.49932996 -4.80635551
 -4.23001656  7.62643147]
2022-09-12 17:50:37,254 mloop.controllers    INFO     cost -8.01879148896995 +/- 0.0
2022-09-12 17:50:37,254 mloop.controllers    INFO     Run:35 (training)
2022-09-12 17:50:37,255 mloop.controllers    INFO     params [18.23658619  2.05443317 18.46510029 18.46790791 17.56390019  8.71749751
  0.22826319  0.37069161  0.13090921  0.40218424  0.40892231 -7.7643342
 -1.39398467  2.15201919 -1.26202337  5.85028111 -1.40013179  7.95857818
  6.35859427 -6.51661055 -1.94058931 -5.75097293  7.08488929  7.4823643
  6.26001224  5.43394135]
2022-09-12 17:50:37,265 mloop.controllers    INFO     cost -3.963004660741538 +/- 0.0
2022-09-12 17:50:37,265 mloop.controllers    INFO     Run:36 (training)
2022-09-12 17:50:37,266 mloop.controllers    INFO     params [ 1.71698831e+01  1.29033624e+01  1.67453978e+01  1.28352414e+01
  1.69577006e+01  5.35283687e+00  3.22752467e-01  2.28977931e-01
  4.25856128e-01  1.86734452e-01  3.93405198e-03  9.05821708e-01
  2.26837714e+00  9.69317051e-01  7.33671652e+00 -3.69047481e+00
 -4.62284154e+00 -6.68235859e+00  1.72675391e+00  2.23055486e+00
 -5.43781517e+00 -6.01408979e+00  7.96562615e+00  1.52281501e+00
  1.16867675e+00  6.01727412e+00]
2022-09-12 17:50:37,275 mloop.controllers    INFO     cost -4.685847542844072 +/- 0.0
2022-09-12 17:50:37,276 mloop.controllers    INFO     Run:37 (training)
2022-09-12 17:50:37,277 mloop.controllers    INFO     params [17.26126377 11.32064267 15.48494875  5.67521454  4.19796947  8.97592541
  0.2083461   0.26574735  0.27115418  0.23203011  0.19166892  5.6886401
 -6.3127609   0.67689443  1.22533436  5.49215661 -6.83219634 -7.84831967
  6.3120872   7.39484698  5.06481548  1.12130873  0.71219096  1.94649697
  6.40272484  0.19915125]
2022-09-12 17:50:37,285 mloop.controllers    INFO     cost -7.166878543469959 +/- 0.0
2022-09-12 17:50:37,285 mloop.controllers    INFO     Run:38 (training)
2022-09-12 17:50:37,286 mloop.controllers    INFO     params [15.24990906  6.19841677 15.12687082  5.93677178  8.11707586  6.16206641
  0.49136648  0.35969562  0.39201121  0.0856498   0.43824705  2.66453842
 -0.93644634  4.91567671  1.21567909 -5.85065174  4.47058825  3.63241906
 -6.95960985 -2.87673439  0.04795979 -5.60707909 -5.32813726 -3.89595675
  5.59017373 -7.91724313]
2022-09-12 17:50:37,296 mloop.controllers    INFO     cost -5.805948069069153 +/- 0.0
2022-09-12 17:50:37,296 mloop.controllers    INFO     Run:39 (training)
2022-09-12 17:50:37,297 mloop.controllers    INFO     params [ 4.52287417 15.44865411  4.81609779 18.00540586  6.80845947  8.35871192
  0.36086269  0.0778168   0.3226926   0.02171936  0.08366217 -1.32340339
 -1.73620138 -5.13810725  1.82351988 -5.86208264 -4.40303341  4.22942193
  7.69803399  7.3991486  -2.97261128  0.55611882  5.55428381 -6.99653047
 -1.55430332  6.14197722]
2022-09-12 17:50:37,307 mloop.controllers    INFO     cost -4.652556323089322 +/- 0.0
2022-09-12 17:50:37,308 mloop.controllers    INFO     Run:40 (training)
2022-09-12 17:50:37,309 mloop.controllers    INFO     params [15.26965341  4.78305653 14.64458189  5.69407188 15.56726426 13.46195846
  0.23996464  0.22300371  0.48795829  0.24492685  0.30237046 -1.65450077
  5.7346567   0.46583508  4.56665194  5.27098214 -1.3899854   0.57672522
 -4.21530038  4.60974508 -1.05986679 -4.15839588  6.1931025   7.16302003
 -0.73808187  3.47095562]
2022-09-12 17:50:37,318 mloop.controllers    INFO     cost -5.996282722914528 +/- 0.0
2022-09-12 17:50:37,318 mloop.controllers    INFO     Run:41 (training)
2022-09-12 17:50:37,319 mloop.controllers    INFO     params [14.74196787  8.53677452  8.26060984 15.67561147  9.48375557 12.23412399
  0.24906841  0.10276454  0.33949616  0.13823745  0.03043557 -4.85919244
 -6.08440186  2.73504487 -2.76006696 -5.45841031  6.31890059 -5.15542578
  7.4022735  -7.84464138  3.25634624  2.50487503 -6.44712042  6.8322319
  6.59946159 -4.79301241]
2022-09-12 17:50:37,330 mloop.controllers    INFO     cost -5.286242161654295 +/- 0.0
2022-09-12 17:50:37,330 mloop.controllers    INFO     Run:42 (training)
2022-09-12 17:50:37,331 mloop.controllers    INFO     params [10.13521232  2.12922437 11.37709615 17.44351279 13.3256187  15.20513509
  0.38066225  0.04126191  0.0291423   0.12454673  0.07207031  3.46971421
  7.64627409  1.58884948 -3.46548523  6.89413356 -5.04029191  1.87787136
 -7.3844482  -4.95693297 -0.74765944 -4.59101833  3.21442186 -2.78235318
  1.03548943  2.34840116]
2022-09-12 17:50:37,351 mloop.controllers    INFO     cost -5.822911677166271 +/- 0.0
2022-09-12 17:50:37,364 mloop.controllers    INFO     Run:43 (training)
2022-09-12 17:50:37,366 mloop.controllers    INFO     params [ 9.27683518  7.70164429 14.21410036 18.73416407 19.2455069  10.17535023
  0.31580964  0.06090098  0.32511274  0.18759345  0.21409255  2.63213709
 -0.29435145 -5.08892248 -0.28146465 -0.60221657 -5.76114578  2.52451087
 -3.44136445 -5.50344839 -6.19575568 -1.974596   -7.550291   -3.64591983
  0.44647404 -0.10863391]
2022-09-12 17:50:37,396 mloop.controllers    INFO     cost -9.413463879526256 +/- 0.0
2022-09-12 17:50:37,396 mloop.controllers    INFO     Run:44 (training)
2022-09-12 17:50:37,398 mloop.controllers    INFO     params [15.73164648 18.2745237   9.51907551 17.14304721  4.60946906 15.74327838
  0.26315549  0.08308148  0.16057288  0.43122871  0.15386572 -7.06781582
  7.73197652 -6.47082159  1.12742895 -2.61341605  4.29229077  6.85453459
 -5.99616168  6.98113354 -7.86979941  7.03115636  7.63414927  6.70126803
  3.99130205  3.47090375]
2022-09-12 17:50:37,796 mloop.controllers    INFO     cost -4.667089965981361 +/- 0.0
2022-09-12 17:50:37,797 mloop.controllers    INFO     Run:45 (training)
2022-09-12 17:50:37,798 mloop.controllers    INFO     params [ 1.69116688e+01  1.08478003e+01  1.15008292e+01  1.30086377e+01
  1.44006601e+01  1.41862189e+01  3.24599077e-01  3.03102252e-01
  4.51671509e-01  1.46098081e-02  3.91599936e-01 -9.71345395e-01
  4.27425455e+00 -9.77175686e-01 -3.17880342e+00 -5.69407017e+00
  6.23294719e+00 -3.13606254e+00  5.22937979e+00  7.16193728e+00
  2.48919538e+00  5.94644794e+00  5.02477641e+00 -7.32027753e+00
 -5.35200736e+00  3.50290021e+00]
2022-09-12 17:50:37,810 mloop.controllers    INFO     cost -6.17095797030833 +/- 0.0
2022-09-12 17:50:37,811 mloop.controllers    INFO     Run:46 (training)
2022-09-12 17:50:37,812 mloop.controllers    INFO     params [19.02484316 18.74668447  2.45373492  5.23780007  6.56227963  4.29876659
  0.02546797  0.17916838  0.36862161  0.42820238  0.4917908  -0.40430504
 -4.82393141 -1.15648643  7.05319602 -2.55962215  3.22612129 -3.42635929
 -6.18626073  6.39181611 -2.90077583  2.79076438 -2.06293118  3.16054333
 -4.76313951 -2.65805588]
2022-09-12 17:50:37,824 mloop.controllers    INFO     cost -5.673976274734489 +/- 0.0
2022-09-12 17:50:37,824 mloop.controllers    INFO     Run:47 (training)
2022-09-12 17:50:37,826 mloop.controllers    INFO     params [ 1.71286599e+01  1.65228319e+01  1.86286678e+00  5.82913318e+00
  3.63899341e+00  1.16739703e+01  3.70827647e-01  3.83557819e-01
  1.65847774e-02  3.32280749e-01  1.17181768e-03  2.68067192e+00
  4.18021952e+00  6.95025491e+00  8.04890463e-01  5.15057235e+00
 -2.60633980e+00 -1.89389220e-01 -6.99178976e+00 -1.10783703e-01
  2.68153614e+00 -6.82298347e+00 -5.51414729e+00 -1.22439253e+00
 -7.14999784e+00  1.99590823e+00]
2022-09-12 17:50:37,837 mloop.controllers    INFO     cost -6.785170183045171 +/- 0.0
2022-09-12 17:50:37,837 mloop.controllers    INFO     Run:48 (training)
2022-09-12 17:50:37,838 mloop.controllers    INFO     params [ 7.80709719e+00  5.29769554e+00  5.97900508e+00  1.00767681e+01
  1.21608831e+01  1.11544750e+01  3.06258994e-01  3.11854178e-01
  4.10250529e-01  4.32740331e-01  3.72373111e-03 -1.94569484e+00
  4.96786670e+00 -7.22428385e-01  2.46217433e+00  7.26901320e+00
  7.25010139e+00 -7.89772060e-01 -7.36390269e+00 -4.03576029e+00
 -4.14580948e+00 -5.40212056e+00 -2.35989735e+00  3.92771424e+00
 -7.59434789e-01 -3.03365836e+00]
2022-09-12 17:50:37,851 mloop.controllers    INFO     cost -5.584383350270091 +/- 0.0
2022-09-12 17:50:37,851 mloop.controllers    INFO     Run:49 (training)
2022-09-12 17:50:37,852 mloop.controllers    INFO     params [ 3.83619912e+00  3.88067151e+00  1.71809725e+01  1.35890806e+01
  1.73722919e+01  1.47443638e+01  2.12593031e-03  3.38537144e-01
  2.48378266e-01  1.37008546e-01  9.74682576e-02  7.71400838e+00
 -7.75853282e+00 -2.79431282e+00  3.33009647e+00  6.76535250e+00
 -3.20277183e+00 -1.86235606e+00 -2.77614859e+00  6.38555021e+00
  5.16519453e+00 -1.04279359e+00 -2.09089499e-01  2.33501707e+00
 -7.52354212e+00 -7.36998279e+00]
2022-09-12 17:50:37,864 mloop.controllers    INFO     cost -5.896380314539091 +/- 0.0
2022-09-12 17:50:37,865 mloop.controllers    INFO     Run:50 (training)
2022-09-12 17:50:37,866 mloop.controllers    INFO     params [16.6207534  15.11911748  2.79472065 12.91308612 15.47167007 10.82203912
  0.44766549  0.02443357  0.1068427   0.27845731  0.35305679 -0.88901746
 -1.49232491  1.35108992  4.60849369 -2.9068673  -0.71050209  3.58748412
 -2.48752357  1.82503008  2.81563675 -7.07796729  4.61949867 -0.92117139
 -4.07952875  3.14703953]
2022-09-12 17:50:37,877 mloop.controllers    INFO     cost -5.379791281265718 +/- 0.0
2022-09-12 17:50:37,877 mloop.controllers    INFO     Run:51 (training)
2022-09-12 17:50:37,879 mloop.controllers    INFO     params [17.88834544 10.1054715  19.69562241 11.46643466  4.42327808 13.39155009
  0.22078401  0.3533933   0.23805541  0.23550637  0.20696814  1.07015927
 -2.16009122 -1.55472871 -0.52930297 -4.38750542 -5.73204814  4.43999046
  1.10133351  2.22318758 -6.64701407  7.92645044 -5.57355979 -5.93407265
  0.56049511 -6.55453837]
2022-09-12 17:50:37,889 mloop.controllers    INFO     cost -6.824796516346772 +/- 0.0
2022-09-12 17:50:37,890 mloop.controllers    INFO     Run:52 (training)
2022-09-12 17:50:37,891 mloop.controllers    INFO     params [ 4.42691902e+00  1.24635350e+01  1.72966624e+01  7.59815281e+00
  9.08973789e+00  1.27091926e+01  3.71670489e-01  2.05913813e-01
  2.13466078e-02  4.01467121e-01  1.18314402e-02 -7.20007182e+00
 -4.90139772e+00 -5.47193339e-01  7.47812084e-01 -1.72829790e+00
 -3.65936025e-01  6.10480312e+00 -5.94004813e+00 -1.78398932e+00
  5.66313243e+00  7.15860535e+00  2.56015735e+00 -6.90837802e+00
 -5.09435289e+00  2.12245395e+00]
2022-09-12 17:50:37,903 mloop.controllers    INFO     cost -6.097964528099065 +/- 0.0
2022-09-12 17:50:37,904 mloop.controllers    INFO     Run:53 (training)
2022-09-12 17:50:37,906 mloop.controllers    INFO     params [19.89683892  7.38047826 18.46139365 14.23341105 15.04525601 13.5237227
  0.36318189  0.27390474  0.0915205   0.44782994  0.1048465   4.20183988
  4.46952689 -4.82935259  6.7208857  -1.01861704 -3.10700931 -7.80510668
 -5.86093653 -1.06763274 -6.77921354 -3.94158237 -3.12120041 -3.39564809
  5.53021935 -4.24167055]
2022-09-12 17:50:37,906 mloop.controllers    DEBUG    Starting ML optimization.
2022-09-12 17:50:37,907 mloop.controllers    INFO     cost -4.476915469377563 +/- 0.0
2022-09-12 17:50:37,919 mloop.controllers    DEBUG    End training runs.
2022-09-12 17:50:37,919 mloop.controllers    INFO     Run:54 (trainer)
2022-09-12 17:50:37,921 mloop.controllers    INFO     params [ 5.18900905 14.4950628   8.76744502 14.03591768  5.15812999 11.78108622
  0.26820027  0.44656529  0.0336043   0.10485907  0.08791787  6.16659629
 -6.30433304  4.20947677  5.61520176 -3.67109367  3.63445357  3.80678118
 -0.92743952  2.50643953 -0.46953137 -7.43635937  1.97928851  0.66855327
  7.91023442  7.71560102]
2022-09-12 17:50:37,934 mloop.controllers    INFO     cost -5.567692244082756 +/- 0.0
2022-09-12 17:50:37,934 mloop.controllers    INFO     Run:55 (trainer)
2022-09-12 17:50:37,936 mloop.controllers    INFO     params [13.85343256  6.77586474 11.94685024 13.15179332 10.76038261  5.35159844
  0.12451657  0.36771936  0.20424174  0.02742414  0.44188301  7.68522386
  1.14144676  7.89339257  1.03847752 -1.78108217 -6.01840155 -0.59526166
 -2.05108153  7.62235024  3.04584837  5.39300995 -3.13666941 -1.50955087
 -6.12580844 -7.3356784 ]
2022-09-12 17:50:37,971 mloop.controllers    INFO     cost -5.774479440702921 +/- 0.0
2022-09-12 17:50:37,972 mloop.controllers    INFO     Run:56 (trainer)
2022-09-12 17:50:37,974 mloop.controllers    INFO     params [14.6009986   4.83191621  8.44310353  7.97387216  6.95521546  4.19824983
  0.453894    0.49213473  0.27170187  0.05853625  0.1553523  -4.82368594
 -6.79332317 -6.78476395 -4.64200418  7.90342851 -0.41178435  0.64312896
  0.3035539  -7.29431567 -1.43182038 -2.7732041  -7.53913123 -7.27486548
 -3.96968882  1.49386839]
2022-09-12 17:50:37,986 mloop.controllers    INFO     cost -6.52837256280569 +/- 0.0
2022-09-12 17:50:37,986 mloop.controllers    INFO     Run:57 (trainer)
2022-09-12 17:50:37,988 mloop.controllers    INFO     params [ 2.40499167  2.92160692 17.29352482 11.11744572  6.58863214 11.14913634
  0.3113988   0.42811875  0.2535343   0.16665394  0.03489128  1.59847903
  5.46325778 -1.32441311 -4.30279661  2.79976414 -4.93942525  6.02660643
 -2.84265692  0.22531142  0.36253391 -3.75029277  5.22415636  0.78434937
 -0.17073479 -3.78241375]
2022-09-12 17:50:38,003 mloop.controllers    INFO     cost -8.307020653430104 +/- 0.0
2022-09-12 17:50:38,004 mloop.controllers    INFO     Run:58 (trainer)
2022-09-12 17:50:38,006 mloop.controllers    INFO     params [11.31336138 13.1823395  15.34052463  6.62732327  8.20676871  4.88082952
  0.31229433  0.33214911  0.48874164  0.49952193  0.16366908  7.68270504
  5.94198258 -5.92971568 -1.23295544  2.12892192 -7.02727119  2.0538169
 -6.68995638  7.47470098  7.07300861 -4.43421688 -4.07422182  6.14402034
  0.3936048   0.6410479 ]
2022-09-12 17:50:38,022 mloop.controllers    INFO     cost -6.9872673083872145 +/- 0.0
2022-09-12 17:50:38,023 mloop.controllers    INFO     Run:59 (trainer)
2022-09-12 17:50:38,024 mloop.controllers    INFO     params [ 9.05689657 17.17263771 15.55591101  4.91568891  7.00590745  5.67310759
  0.34128897  0.20149561  0.22050292  0.15223527  0.34345073 -0.13625509
 -1.36314862  6.35727977 -2.31388641  6.45511416 -7.20619862 -0.94869594
  7.71192571 -5.93440856  0.64634576 -6.20917069  5.90233021 -6.35897082
  6.82194302  6.6650982 ]
2022-09-12 17:50:38,037 mloop.controllers    INFO     cost -6.512219251718796 +/- 0.0
2022-09-12 17:50:38,037 mloop.controllers    INFO     Run:60 (trainer)
2022-09-12 17:50:38,040 mloop.controllers    INFO     params [ 6.81519773  8.60253623  5.0167154  17.85751406  6.4101585  10.962493
  0.10116278  0.24947768  0.32346822  0.10833887  0.20047234 -4.91325057
  0.48674231 -3.3649553  -0.88211163 -3.5651808   1.03335873 -1.03228915
 -3.97576832  2.61390636  6.54301729  0.32627376  3.44852026 -6.18644479
 -4.74431801 -7.90899891]
2022-09-12 17:50:38,057 mloop.controllers    INFO     cost -6.669852087651232 +/- 0.0
2022-09-12 17:50:38,058 mloop.controllers    INFO     Run:61 (trainer)
2022-09-12 17:50:38,061 mloop.controllers    INFO     params [ 1.31740186e+01  1.25284941e+01  1.02229374e+01  9.92374781e+00
  6.68852755e+00  4.77661897e+00  2.88759570e-01  7.07685954e-02
  4.41625514e-01  3.13568357e-03  4.93316543e-01 -2.19991320e+00
  4.69915383e+00 -6.43893758e+00  2.86141384e+00 -6.28349735e+00
  1.68075645e+00 -1.66779677e+00  7.90379093e+00  4.51872559e+00
  6.53031590e+00  7.33719426e+00 -5.29710409e+00  7.94569490e+00
 -6.52969086e+00 -6.59221482e+00]
2022-09-12 17:50:38,077 mloop.controllers    INFO     cost -5.131738500270497 +/- 0.0
2022-09-12 17:50:38,078 mloop.controllers    INFO     Run:62 (trainer)
2022-09-12 17:50:38,079 mloop.controllers    INFO     params [ 9.93448692 11.77303321  7.57971341 19.47509915 19.77636129 12.78486088
  0.22227984  0.3813791   0.0356748   0.17669967  0.24213792 -6.89490741
  5.09406413 -4.56704868 -4.29970727  6.39921948 -0.23499551  5.6645162
  3.75911594  5.53615689  0.70786489 -2.0926936  -1.81998065 -2.82759317
  2.63137861  3.94857068]
2022-09-12 17:50:38,094 mloop.controllers    INFO     cost -6.486723945419893 +/- 0.0
2022-09-12 17:50:38,095 mloop.controllers    INFO     Run:63 (trainer)
2022-09-12 17:50:38,096 mloop.controllers    INFO     params [ 9.08357758  7.65719213 11.06618398  3.51634937  2.21116519 11.07647711
  0.18316082  0.27755791  0.38752426  0.25234489  0.2650921   7.63152533
  3.7209079   5.54232107  2.57686495 -0.2105354  -7.70338697  2.25528676
  3.36403662 -3.7484499  -5.21794407 -7.73556088 -7.57799153 -1.06790202
 -7.84598508 -1.37507241]
2022-09-12 17:50:38,113 mloop.controllers    INFO     cost -6.0701892179550105 +/- 0.0
2022-09-12 17:50:38,113 mloop.controllers    INFO     Run:64 (trainer)
2022-09-12 17:50:38,114 mloop.controllers    INFO     params [17.03940807 12.04053551 14.2051491   6.45108804  5.85544229 14.23382735
  0.16702729  0.31435944  0.2118317   0.30593556  0.02068239  3.71485297
  7.70916488 -2.80347729 -3.00040716 -0.66568452  0.38281664 -6.31222839
 -7.42999331  1.50990327 -6.98398724  5.8364242  -6.46336293 -0.37338305
 -0.2287624  -7.21376846]
2022-09-12 17:50:38,133 mloop.controllers    INFO     cost -7.467417578267938 +/- 0.0
2022-09-12 17:50:38,133 mloop.controllers    INFO     Run:65 (trainer)
2022-09-12 17:50:38,135 mloop.controllers    INFO     params [ 6.23096061  9.27968544 10.51685662 10.21760221 16.43975643  4.58960984
  0.21143015  0.18745535  0.29462517  0.2161275   0.17064554 -2.37577437
  0.72942697  1.67555049  5.77837346  2.42438598  1.19248903 -6.72704584
  3.61776991  5.59308285  5.80912118  2.84896888 -7.07752059 -5.2548931
 -4.05952066  3.48600048]
2022-09-12 17:50:38,152 mloop.controllers    INFO     cost -5.941581321186198 +/- 0.0
2022-09-12 17:50:38,153 mloop.controllers    INFO     Run:66 (trainer)
2022-09-12 17:50:38,154 mloop.controllers    INFO     params [ 6.90758464 11.72346995 18.08023648  4.62803715 16.26257417 14.90970664
  0.3664266   0.38815234  0.47177123  0.26950419  0.40710505  6.00673823
  1.57474241  0.50354567  1.45806633 -3.68611478  7.16873489 -7.95166048
  4.54185913 -6.17441385 -6.50406717 -2.16134432  1.12411918 -2.96806682
 -7.00773802  5.29352452]
2022-09-12 17:50:38,177 mloop.controllers    INFO     cost -5.184434912054294 +/- 0.0
2022-09-12 17:50:38,177 mloop.controllers    INFO     Run:67 (trainer)
2022-09-12 17:50:38,179 mloop.controllers    INFO     params [ 2.85394813 14.14737437  7.79198972  9.70519794 15.47112679  5.94085716
  0.36538956  0.17202741  0.44131035  0.16192608  0.0693826  -5.60692706
 -0.42381153 -1.14893477 -4.49553813  0.23742614  3.09022229 -5.05799101
  5.66831031 -7.66131207  7.76837406 -1.09403331  6.15004193 -2.48320762
  5.25167042 -6.37534998]
2022-09-12 17:50:38,196 mloop.controllers    INFO     cost -6.128736637561538 +/- 0.0
2022-09-12 17:50:38,196 mloop.controllers    INFO     Run:68 (trainer)
2022-09-12 17:50:38,198 mloop.controllers    INFO     params [11.31487531  5.79556959  1.84340027 19.50043959 13.95121128  9.63433052
  0.44472631  0.44916468  0.10508194  0.24622218  0.42531476 -5.19903616
 -4.17071925  2.80415572 -3.6198921   7.48665345  5.37507501 -0.79204371
 -0.98506006  3.55207425 -2.73226097  5.00796609 -5.54141543 -4.85860021
 -1.55093609  3.31617792]
2022-09-12 17:50:38,218 mloop.controllers    INFO     cost -6.142025865288116 +/- 0.0
2022-09-12 17:50:38,219 mloop.controllers    INFO     Run:69 (trainer)
2022-09-12 17:50:38,220 mloop.controllers    INFO     params [15.52141469  5.35114338 19.82976499 13.76695211 13.66552105  9.41505339
  0.27091869  0.36200493  0.23624628  0.04168247  0.49844548  2.68271487
 -2.32899313  3.30765183  3.76605069  6.66406753 -4.9849046  -6.95711281
 -2.62708085  4.41275471 -3.63822097  1.79293969 -2.82791712  1.20459977
 -2.85087277  1.06893288]
2022-09-12 17:50:38,239 mloop.controllers    INFO     cost -5.477955084561808 +/- 0.0
2022-09-12 17:50:38,240 mloop.controllers    INFO     Run:70 (trainer)
2022-09-12 17:50:38,241 mloop.controllers    INFO     params [ 7.09884831  5.16665448 19.64682429  7.84248174 10.14349036  9.4986322
  0.31272268  0.40303466  0.45258824  0.34620601  0.42566142 -4.42937181
 -0.90931804 -7.04635412  0.8585609   2.45525813 -1.82337156  2.37604872
  3.65166393 -1.24860277 -6.27558284 -5.18651225 -0.83560863  1.41821266
 -5.73260805  2.40410601]
2022-09-12 17:50:38,258 mloop.controllers    INFO     cost -5.962164368887169 +/- 0.0
2022-09-12 17:50:38,258 mloop.controllers    INFO     Run:71 (trainer)
2022-09-12 17:50:38,260 mloop.controllers    INFO     params [18.3174094   3.55564248 11.13674412  8.25322888 16.7549089  10.84181285
  0.29853371  0.26356641  0.0721235   0.26404797  0.02301704  5.39041521
  7.06519125  2.8283635  -5.92601067 -5.46938842  2.20682425 -0.69331226
  7.30179286  6.90812042 -1.91010714  5.47302667  5.36193164  1.22051788
 -7.11616107 -3.71290976]
2022-09-12 17:50:38,610 mloop.controllers    INFO     cost -5.910317465731482 +/- 0.0
2022-09-12 17:50:38,611 mloop.controllers    INFO     Run:72 (machine learner)
2022-09-12 17:50:38,612 mloop.controllers    INFO     params [ 9.28500231  7.70981141 14.22226749 18.74233119 19.25367402 10.18073072
  0.31603383  0.06112517  0.32533693  0.18781763  0.21431674  2.63931106
 -0.28717748 -5.0817485  -0.27429068 -0.59504259 -5.7539718   2.53168484
 -3.43419048 -5.49627441 -6.1885817  -1.96742203 -7.54311703 -3.63874585
  0.45364802 -0.10145993]
2022-09-12 17:50:38,635 mloop.controllers    INFO     cost -9.418701578172607 +/- 0.0
2022-09-12 17:50:38,636 mloop.controllers    INFO     Run:73 (machine learner)
2022-09-12 17:50:38,637 mloop.controllers    INFO     params [ 9.29232829  7.7171374  14.22959347 18.74965718 19.26100001 10.18555706
  0.31623493  0.06132626  0.32553803  0.18801873  0.21451783  2.64574619
 -0.28074235 -5.07531338 -0.26785556 -0.58860747 -5.74753668  2.53811997
 -3.42775535 -5.48983929 -6.18214658 -1.9609869  -7.5366819  -3.63231073
  0.46008314 -0.09502481]
2022-09-12 17:50:38,653 mloop.controllers    INFO     cost -9.42305133347966 +/- 0.0
2022-09-12 17:50:38,653 mloop.controllers    INFO     Run:74 (trainer)
2022-09-12 17:50:38,655 mloop.controllers    INFO     params [ 9.56946842  6.09629845  9.7444237   3.25310486 19.94697866 12.25928052
  0.3337418   0.20195783  0.11424221  0.31523862  0.15528192  2.17346711
 -3.50048808 -7.64733735 -3.45474764  5.38002638  2.41731506  5.34885224
 -2.79226866 -6.49402944  6.06769467  0.36400209 -5.96422499 -4.1837009
  2.85169424 -4.7241964 ]
2022-09-12 17:50:38,672 mloop.controllers    INFO     cost -5.6407158205189685 +/- 0.0
2022-09-12 17:50:38,673 mloop.controllers    INFO     Run:75 (trainer)
2022-09-12 17:50:38,674 mloop.controllers    INFO     params [12.94789682 14.48672969 12.23501971  2.7986548  11.47499571  7.13073143
  0.15606271  0.35149416  0.18317861  0.05392378  0.43830172  2.1755234
 -5.17083592 -4.21044514 -1.51952953  0.46365405  4.15989503 -7.73888857
 -3.74070681 -2.17477143  6.20287384  4.25205592 -4.12320199  6.77829974
 -5.47957167 -5.79602218]
2022-09-12 17:50:38,690 mloop.controllers    INFO     cost -5.797447645436023 +/- 0.0
2022-09-12 17:50:38,691 mloop.controllers    INFO     Run:76 (trainer)
2022-09-12 17:50:38,693 mloop.controllers    INFO     params [19.74088906 13.09555805 19.12956215  6.32248135  6.84892924  7.41101155
  0.10884262  0.13350307  0.18490127  0.42499747  0.46245572 -7.54269602
 -1.39713339 -6.07170227  3.50338144 -0.0960635  -3.40002749 -3.55643616
  2.63042136 -2.79614252 -4.78884006 -7.72595075 -3.2598402   1.35411655
  6.46778645  6.90131635]
2022-09-12 17:50:38,712 mloop.controllers    INFO     cost -5.582328213404135 +/- 0.0
2022-09-12 17:50:38,713 mloop.controllers    INFO     Run:77 (trainer)
2022-09-12 17:50:38,714 mloop.controllers    INFO     params [ 8.92509848e+00  5.44607960e+00  4.98060334e+00  1.61925677e+01
  1.23503156e+01  5.75443818e+00  1.42660881e-02  1.84987368e-01
  3.46112792e-02  3.06626282e-02  2.45074940e-01  4.58251638e+00
  6.98642448e+00  1.85962018e+00 -1.01487777e+00  2.90892568e+00
  5.79989006e+00  2.92874690e+00 -4.89649285e+00  4.73020388e+00
  3.09942689e+00  2.32503121e+00 -1.25741410e+00 -7.28831460e+00
 -7.93822361e+00 -5.74407687e+00]
2022-09-12 17:50:38,735 mloop.controllers    INFO     cost -4.345961170477222 +/- 0.0
2022-09-12 17:50:38,735 mloop.controllers    INFO     Run:78 (trainer)
2022-09-12 17:50:38,737 mloop.controllers    INFO     params [ 5.27255374e+00  1.75845543e+01  1.91773552e+01  1.48598771e+01
  3.96623221e+00  4.94848557e+00  7.94775310e-02  8.43955919e-03
  2.95813198e-01  1.99392961e-01  4.40700017e-02  6.42194229e+00
 -3.17949076e+00  2.84986456e+00 -1.18741798e+00  6.83549841e+00
  2.13964547e+00  8.47167103e-01 -9.05172094e-01 -5.90061202e+00
  7.43722013e+00 -4.91440063e-01  1.62491690e+00 -4.29411349e+00
 -5.07740183e-01  2.49476729e-01]
2022-09-12 17:50:38,754 mloop.controllers    INFO     cost -7.046248511352276 +/- 0.0
2022-09-12 17:50:38,754 mloop.controllers    INFO     Run:79 (machine learner)
2022-09-12 17:50:38,756 mloop.controllers    INFO     params [ 9.29859467  7.72340377 14.23585984 18.75592355 19.26335057 10.18968533
  0.31640694  0.06149828  0.32571004  0.18819074  0.21468985  2.65125055
 -0.27523799 -5.06980902 -0.26235119 -0.58310311 -5.74203232  2.54362433
 -3.42225099 -5.48433492 -6.17664222 -1.95548254 -7.53117754 -3.62680637
  0.4655875  -0.08952045]
2022-09-12 17:50:38,773 mloop.controllers    INFO     cost -9.426345724773112 +/- 0.0
2022-09-12 17:50:38,774 mloop.controllers    INFO     Run:80 (trainer)
2022-09-12 17:50:38,775 mloop.controllers    INFO     params [ 7.78649920e+00  1.20934300e+01  1.36067960e+01  6.18026469e+00
  1.39588067e+01  1.38261621e+01  8.61750097e-02  1.56924639e-01
  3.81008438e-02  8.43469078e-03  2.23453939e-02  1.31370668e+00
  1.21396496e+00 -3.87858125e+00 -7.12879122e+00  3.31140262e+00
  2.46714842e+00 -7.16260156e-01  3.99146420e+00 -7.79779302e+00
 -2.23207439e-01  5.70764178e+00  3.70905051e+00  2.26361462e+00
  6.22978292e+00  5.76508840e-01]
2022-09-12 17:50:38,796 mloop.controllers    INFO     cost -6.019763299950097 +/- 0.0
2022-09-12 17:50:38,797 mloop.controllers    INFO     Run:81 (trainer)
2022-09-12 17:50:38,798 mloop.controllers    INFO     params [ 7.24045301 15.61606096  9.17819844 16.58836662  7.40697243 11.3517992
  0.22808116  0.49347436  0.13048146  0.26092932  0.41786699  1.00336237
  3.37977087 -1.50116924 -0.39873185 -7.0601165   3.49547783  5.34756838
 -6.55827959 -0.77701798 -4.70510884  2.05858593  2.41195185 -0.67571923
  5.25646993 -4.49738051]
2022-09-12 17:50:38,819 mloop.controllers    INFO     cost -5.569159208486782 +/- 0.0
2022-09-12 17:50:38,819 mloop.controllers    INFO     Run:82 (trainer)
2022-09-12 17:50:38,820 mloop.controllers    INFO     params [ 5.3890397   4.54582625  6.08616149 16.89382906 19.53352638 15.34609412
  0.20921485  0.05284111  0.10300776  0.05357028  0.40106512 -5.1666801
  6.98195139 -6.94275427 -3.90332009 -5.11932462  6.62481087  2.14511646
  2.17772159 -0.75963176 -1.59784913 -0.36739475  3.60703495  7.94093624
 -4.75067553 -3.54042585]
2022-09-12 17:50:38,838 mloop.controllers    INFO     cost -5.682245521627169 +/- 0.0
2022-09-12 17:50:38,838 mloop.controllers    INFO     Run:83 (trainer)
2022-09-12 17:50:38,839 mloop.controllers    INFO     params [ 1.53750658e+01  8.07937216e+00  2.44363795e+00  1.01100803e+01
  1.29189429e+01  4.39908099e+00  3.58721781e-01  7.50703707e-02
  1.99563517e-02  2.42130054e-01  1.08661591e-01  1.48512819e+00
  2.52524621e+00 -1.70420170e+00 -1.58038845e+00  3.95115784e+00
  3.27265989e+00 -1.33240641e+00  4.84957536e+00  1.97120329e+00
  1.17305420e-02 -3.57603625e+00 -6.49201096e+00  5.75944361e+00
  7.14791060e+00 -4.74308358e+00]
2022-09-12 17:50:38,860 mloop.controllers    INFO     cost -5.443126970030534 +/- 0.0
2022-09-12 17:50:38,860 mloop.controllers    INFO     Run:84 (trainer)
2022-09-12 17:50:38,862 mloop.controllers    INFO     params [14.18787728  9.24007136 10.25097569  9.90246299 11.51036701  4.32800075
  0.45352173  0.30131917  0.40045823  0.27958607  0.03025085  5.00408656
  0.34425246 -5.10952773 -1.85547547 -6.84836304 -3.63256304  3.08885631
 -6.98038628  6.54020825 -6.42440508  2.91080626  6.23720194  1.33012329
  0.18581761 -1.07252082]
2022-09-12 17:50:38,881 mloop.controllers    INFO     cost -6.922001405030538 +/- 0.0
2022-09-12 17:50:38,882 mloop.controllers    INFO     Run:85 (trainer)
2022-09-12 17:50:38,883 mloop.controllers    INFO     params [17.70075844 13.11962027 16.18039458  8.32239893  4.34128863 14.4995
  0.46402586  0.48605295  0.1688542   0.40015284  0.07919577  0.50665821
  7.96027073 -0.28224227  5.57797175  4.70654296 -3.12588596  1.14029481
  5.38735417  7.46506607 -3.41686977  7.50026686 -7.02570862  1.37462655
 -1.71856351  3.62251876]
2022-09-12 17:50:38,900 mloop.controllers    INFO     cost -5.719614486763706 +/- 0.0
2022-09-12 17:50:38,901 mloop.controllers    INFO     Run:86 (trainer)
2022-09-12 17:50:38,903 mloop.controllers    INFO     params [12.01206586 10.73282006  6.31617893  9.25814734  8.2662721   5.50301474
  0.44989563  0.15081458  0.33866416  0.14085169  0.04687521  4.95158772
  6.22333496 -0.25808625  1.0570842   2.32447264 -0.47650691  2.845129
  6.20939594  2.54926857 -5.77648579 -4.25114166 -0.92118943 -2.01243165
 -5.80540745 -3.68899822]
2022-09-12 17:50:38,929 mloop.controllers    INFO     cost -7.625627705863415 +/- 0.0
2022-09-12 17:50:38,930 mloop.controllers    INFO     Run:87 (machine learner)
2022-09-12 17:50:38,930 mloop.controllers    INFO     params [ 9.27683518  7.70164429 14.21410036 18.73416407 19.2455069  10.17535023
  0.31580964  0.06090098  0.32511274  0.18759345  0.21409255  2.63213709
 -0.29435145 -5.08892248 -0.28146465 -0.60221657 -5.76114578  2.52451087
 -3.44136445 -5.50344839 -6.19575568 -1.974596   -7.550291   -3.64591983
  0.44647404 -0.10863391]
2022-09-12 17:50:38,950 mloop.controllers    INFO     cost -9.413463879330468 +/- 0.0
2022-09-12 17:50:38,951 mloop.controllers    INFO     Run:88 (trainer)
2022-09-12 17:50:38,952 mloop.controllers    INFO     params [17.98971713  3.80219545  8.80810829  6.06576863  2.23120879  8.87013772
  0.08798628  0.41697404  0.35316633  0.05566731  0.45161831 -2.73400766
  1.82973302 -3.30625348  4.76003279  4.0162208  -3.64287908  5.25919359
 -3.95078566  2.72811394 -2.4929695  -0.96918033  2.91227474 -1.00113906
 -2.54727687 -2.19855121]
2022-09-12 17:50:38,976 mloop.controllers    INFO     cost -5.054178099855995 +/- 0.0
2022-09-12 17:50:38,977 mloop.controllers    INFO     Run:89 (trainer)
2022-09-12 17:50:38,979 mloop.controllers    INFO     params [11.68359972  5.55688841 19.82837562 14.55229221  8.06103667  4.29461054
  0.29038362  0.13437634  0.33420937  0.22291506  0.44019617 -5.29713746
 -6.40227397 -7.27518778  4.13845497 -3.74042035  2.75909907  4.94873271
  0.04865262  4.78071699  1.89170837  0.15556171  5.36942752  2.32770509
 -5.30327155  1.52123786]
2022-09-12 17:50:39,016 mloop.controllers    INFO     cost -6.814801625441899 +/- 0.0
2022-09-12 17:50:39,016 mloop.controllers    INFO     Run:90 (trainer)
2022-09-12 17:50:39,018 mloop.controllers    INFO     params [17.59810168 10.87498987 19.06456455 19.12289491  6.64128338  8.88774224
  0.37012003  0.05111119  0.19192911  0.17476227  0.19114746  2.41671852
 -3.64609769 -0.02418401  6.75034108  5.84250777 -2.00293595  5.61155727
  2.10048333 -4.45707023 -5.1380885  -7.17565838 -2.96636098 -1.49716395
  6.1929427   6.05551361]
2022-09-12 17:50:39,065 mloop.controllers    INFO     cost -6.838740594448667 +/- 0.0
2022-09-12 17:50:39,065 mloop.controllers    INFO     Run:91 (trainer)
2022-09-12 17:50:39,067 mloop.controllers    INFO     params [17.0758031   6.1716235  10.53187561 11.6265338   9.34761343 12.56429673
  0.46580858  0.40627565  0.32817389  0.15910952  0.25140071 -6.7280844
 -5.253124    5.86285471  4.94621114  7.83832689  5.57014504 -6.41874528
  6.04789116  2.54260765 -5.58141412 -0.96541767 -6.68778608  3.42422582
 -2.84389675 -2.27965535]
2022-09-12 17:50:39,087 mloop.controllers    INFO     cost -6.155359606870702 +/- 0.0
2022-09-12 17:50:39,088 mloop.controllers    INFO     Run:92 (trainer)
2022-09-12 17:50:39,089 mloop.controllers    INFO     params [ 7.78866778 19.42343988 16.06846583  4.50959219 19.45636034 13.98826379
  0.41009756  0.08446716  0.25618106  0.0771458   0.0601369   7.92917514
 -0.10498148 -1.2213741   0.45430623 -5.56887274 -4.35415953  5.97854422
 -4.68566646  6.66993696 -5.85841785  3.32052152  4.79692481 -0.54750219
 -5.39171065 -3.06468675]
2022-09-12 17:50:39,109 mloop.controllers    INFO     cost -6.896084616110269 +/- 0.0
2022-09-12 17:50:39,109 mloop.controllers    INFO     Run:93 (trainer)
2022-09-12 17:50:39,111 mloop.controllers    INFO     params [ 7.59108776 13.05327611  5.52110377  8.9563055  18.7679258  14.5456473
  0.32652551  0.48763208  0.38265868  0.17071338  0.36746894  4.39367899
 -1.52719212 -1.08016626  2.20587396  0.80987304  4.82538869 -2.97891226
 -4.43362129 -0.44881345 -3.93011872  7.94740014 -7.35812567  6.08774233
 -5.25278989 -2.86477492]
2022-09-12 17:50:39,132 mloop.controllers    INFO     cost -5.658883896672005 +/- 0.0
2022-09-12 17:50:39,132 mloop.controllers    INFO     Run:94 (trainer)
2022-09-12 17:50:39,134 mloop.controllers    INFO     params [19.74219101 10.31668783 12.77574747  6.32207763 17.74194749 14.90357277
  0.19942651  0.07976094  0.26354153  0.4261056   0.46787916  1.10577602
 -0.31252118 -3.96556398  6.31037151 -7.56201365  2.71697575 -5.3718534
  3.33452579 -7.77312396 -6.3674736  -6.12751178 -0.67716962 -5.59615002
 -7.66798826 -7.39522843]
2022-09-12 17:50:39,155 mloop.controllers    INFO     cost -6.429216458928552 +/- 0.0
2022-09-12 17:50:39,156 mloop.controllers    INFO     Run:95 (trainer)
2022-09-12 17:50:39,157 mloop.controllers    INFO     params [ 5.88436359 15.09409784 11.34594979  8.97659923  4.22400168  7.3063532
  0.16517083  0.20216088  0.3117434   0.3417908   0.26796751  6.00253524
 -5.52191612  1.97978143  5.37722118 -0.48770526 -1.17383922  6.72625499
 -4.64588894 -7.66101404  6.40696629 -5.11472998 -6.57893007 -4.87021202
 -4.70196716  7.13407691]
2022-09-12 17:50:39,178 mloop.controllers    INFO     cost -6.3812166789139315 +/- 0.0
2022-09-12 17:50:39,178 mloop.controllers    INFO     Run:96 (trainer)
2022-09-12 17:50:39,179 mloop.controllers    INFO     params [ 2.53952085e+00  2.59845069e+00  2.30629126e+00  1.70161820e+01
  1.54771000e+01  1.17413775e+01  1.78721406e-01  1.53959089e-02
  1.72303093e-01  2.09576488e-02  7.52147537e-02  7.73104808e+00
  7.75960458e+00  6.19617756e+00  7.15567512e+00 -3.43436733e+00
  2.16775301e+00  2.59434273e+00  6.14168189e+00  1.20324044e+00
 -4.22287772e+00  5.42085204e+00 -1.63497445e+00  7.81700500e+00
  2.43488482e+00  5.40390707e+00]
2022-09-12 17:50:39,202 mloop.controllers    INFO     cost -4.593344107041413 +/- 0.0
2022-09-12 17:50:39,202 mloop.controllers    INFO     Run:97 (trainer)
2022-09-12 17:50:39,204 mloop.controllers    INFO     params [14.42477444 11.63290959  5.96992702  7.54320527 12.56512706  4.01270845
  0.43398244  0.10385587  0.28665283  0.21220867  0.24136628  1.01859582
 -3.58467426 -6.79683375  2.87996105 -3.71607592 -6.73327543 -0.76746965
  2.68675323 -7.97972031  3.5055697   3.54086915 -5.32308527  1.31943778
  1.4776907   7.55644515]
2022-09-12 17:50:39,227 mloop.controllers    INFO     cost -4.5104999510540384 +/- 0.0
2022-09-12 17:50:39,227 mloop.controllers    INFO     Run:98 (trainer)
2022-09-12 17:50:39,229 mloop.controllers    INFO     params [15.44275405  6.26831026  8.90988631  9.50480473 19.4221306   7.37231653
  0.17694757  0.4517644   0.04412786  0.23920477  0.31703336 -0.77750517
  5.02993008 -5.30282156  0.25497342 -3.42326366  4.28405347 -7.69117269
 -5.56887294  3.39748012  3.99842358  3.10789725 -6.71862571 -1.72756887
 -3.35435566 -5.68704055]
2022-09-12 17:50:39,253 mloop.controllers    INFO     cost -5.532272990843936 +/- 0.0
2022-09-12 17:50:39,254 mloop.controllers    INFO     Run:99 (trainer)
2022-09-12 17:50:39,256 mloop.controllers    INFO     params [ 4.44135178e+00  7.79839775e+00  4.16317196e+00  1.48500154e+01
  1.85874947e+01  6.68481348e+00  1.66014852e-01  5.08906772e-02
  1.49328656e-02  3.18586784e-01  3.86142205e-01 -4.06105992e-01
  1.19089241e+00 -3.33913519e+00  3.90691625e+00  3.32416755e+00
 -2.18038565e+00 -1.99900962e+00 -3.14471643e+00  6.50617454e+00
 -7.19376947e+00 -2.99004384e+00 -2.37141866e+00 -4.12807751e+00
  3.43643574e+00 -3.46500469e+00]
2022-09-12 17:50:39,274 mloop.controllers    INFO     cost -5.170199858652582 +/- 0.0
2022-09-12 17:50:39,274 mloop.controllers    INFO     Run:100 (trainer)
2022-09-12 17:50:39,276 mloop.controllers    INFO     params [ 9.19111046  3.15105271  7.37677516  3.8308064   8.81622188 12.4239075
  0.15198467  0.25540854  0.49384384  0.11777491  0.3257504  -6.70886031
  1.05835919  7.48314575 -7.30669016  0.08190633 -3.20777145 -5.1537214
 -0.56671265 -1.04824447 -0.66228755  7.49713675 -1.83393364 -1.57734682
  6.94870566 -0.47038518]
2022-09-12 17:50:39,297 mloop.controllers    INFO     cost -6.819356766614103 +/- 0.0
2022-09-12 17:50:39,297 mloop.controllers    INFO     Controller finished. Closing down M-LOOP. Please wait a moment...
2022-09-12 17:50:39,297 mloop.controllers    DEBUG    ML learner end set.
2022-09-12 17:50:55,466 mloop.controllers    DEBUG    ML learner joined
2022-09-12 17:50:55,467 mloop.controllers    DEBUG    Learner end event set.
2022-09-12 17:50:55,468 mloop.controllers    DEBUG    Interface end event set.
2022-09-12 17:50:56,297 mloop.learners.1     DEBUG    Learner end signal received. Ending
2022-09-12 17:50:56,297 mloop.interfaces     DEBUG    Interface ended
2022-09-12 17:50:57,299 mloop.controllers    DEBUG    Learner joined.
2022-09-12 17:50:57,300 mloop.controllers    DEBUG    Interface joined.
2022-09-12 17:50:57,326 mloop.controllers    INFO     Optimization ended because:
2022-09-12 17:50:57,326 mloop.controllers    INFO     	* Maximum number of runs reached.
2022-09-12 17:50:57,326 mloop.controllers    INFO     Results:
2022-09-12 17:50:57,327 mloop.controllers    INFO     	* Best parameters found:[ 9.29859467  7.72340377 14.23585984 18.75592355 19.26335057 10.18968533
  0.31640694  0.06149828  0.32571004  0.18819074  0.21468985  2.65125055
 -0.27523799 -5.06980902 -0.26235119 -0.58310311 -5.74203232  2.54362433
 -3.42225099 -5.48433492 -6.17664222 -1.95548254 -7.53117754 -3.62680637
  0.4655875  -0.08952045]
2022-09-12 17:50:57,328 mloop.controllers    INFO     	* Best cost returned:-9.426345724773112 +/- 0.0
2022-09-12 17:50:57,328 mloop.controllers    INFO     	* Best run number:79
2022-09-12 17:50:57,329 mloop.controllers    INFO     	* Predicted best parameters:[ 9.70518819  8.10727071 14.63614495 19.14917095 19.62744894 10.45554467
  0.32717282  0.07218221  0.336932    0.19829231  0.22483302  2.9849198
  0.0576912  -4.7193636   0.07961799 -0.23260365 -5.39480894  2.90865004
 -3.07710355 -5.14334401 -5.86264891 -1.62691053 -7.19766282 -3.29171173
  0.78631114  0.24548069]
2022-09-12 17:50:57,329 mloop.controllers    INFO     	* Predicted best cost:-9.535324545131997 +/- 0.08111286271980693
2022-09-12 17:50:57,330 mloop.controllers    INFO     M-LOOP Done.
2022-09-12 17:50:57,331 mloop.visualizations DEBUG    Creating controller visualizations.
2022-09-12 17:50:58,461 mloop.visualizations DEBUG    Creating learner visualizations.
2022-09-12 17:50:58,472 mloop.visualizations DEBUG    Creating Gaussian process visualizer.
2022-09-12 17:50:58,482 mloop.learners.3     DEBUG    Learner init completed.
2022-09-12 17:50:58,484 mloop.visualizations DEBUG    Fitting Gaussian process.
2022-09-12 17:50:58,819 mloop.visualizations INFO     Showing visualizations, close all to end M-LOOP.
