2022-09-12 17:59:17,410 mloop                INFO     M-LOOP version 3.3.1
2022-09-12 17:59:17,410 mloop                DEBUG    M-LOOP Logger configured.
2022-09-12 17:59:17,411 mloop.interfaces     DEBUG    Creating interface.
2022-09-12 17:59:17,413 mloop.controllers    DEBUG    Controller init completed.
2022-09-12 17:59:17,414 mloop.learners.1     DEBUG    Learner init completed.
2022-09-12 17:59:17,416 mloop.learners.2     DEBUG    Learner init completed.
2022-09-12 17:59:17,418 mloop.controllers    INFO     Optimization started.
2022-09-12 17:59:17,419 mloop.interfaces     DEBUG    Entering main loop of interface.
2022-09-12 17:59:17,419 mloop.controllers    DEBUG    ML learner started.
2022-09-12 17:59:17,423 mloop.controllers    DEBUG    Starting training optimization.
2022-09-12 17:59:17,424 mloop.controllers    INFO     Run:1 (training)
2022-09-12 17:59:17,426 mloop.controllers    INFO     params [ 8.10618452  5.08643925  2.98725123  9.72604116 13.27187653 11.01446345
  0.45365931  0.43893068  0.49636179  0.37841129  0.02346639  3.48665985
 -2.16184494  1.31480043  5.43987782 -0.38377149 -3.63243926 -7.64116617
 -2.78132422  2.62453436  5.57076541  7.49601484  4.6877778   0.42025845
 -3.92542367  5.07671967]
2022-09-12 17:59:17,530 mloop.controllers    INFO     cost 0.05017049934466325 +/- 0.0
2022-09-12 17:59:17,531 mloop.controllers    INFO     Run:2 (training)
2022-09-12 17:59:17,533 mloop.controllers    INFO     params [ 8.68176753 17.78178735 15.06453542  8.00921679 15.33822606 14.56652502
  0.24542867  0.05787774  0.2651798   0.26713037  0.39516775  7.26356535
 -6.0258776   2.85055916  2.32460872 -0.38479987 -3.36429405  1.50023653
  6.43444986 -3.06419425  5.08589326  0.30321408 -0.97737524  6.72698123
 -7.90132532  6.04383737]
2022-09-12 17:59:17,634 mloop.controllers    INFO     cost 0.04677913033898354 +/- 0.0
2022-09-12 17:59:17,635 mloop.controllers    INFO     Run:3 (training)
2022-09-12 17:59:17,636 mloop.controllers    INFO     params [14.21603771  4.60790158  8.0506909   7.57987113 18.30835126 10.44649889
  0.27859631  0.13898996  0.25489461  0.24327983  0.07376769  2.25910757
 -5.66226601 -4.93240174 -6.64333268 -2.43712689  1.9482468   2.94010528
 -3.02162248 -7.03976466  5.72917157 -0.2104053  -0.96134496  1.75804593
 -1.0781806  -4.62228279]
2022-09-12 17:59:17,738 mloop.controllers    INFO     cost 0.05220414515377674 +/- 0.0
2022-09-12 17:59:17,738 mloop.controllers    INFO     Run:4 (training)
2022-09-12 17:59:17,740 mloop.controllers    INFO     params [ 3.44934029  7.10276619  6.38367133 10.62212229 17.49668566  7.83267654
  0.02928836  0.34383667  0.46922578  0.14646482  0.32259869 -0.75188449
 -4.05962747 -6.4337731   7.08079861 -2.25863053 -7.49673014 -7.26545667
  0.04896982 -5.22565725 -4.75236799  3.01435649 -2.85446784 -2.525126
 -1.68914579 -3.08334577]
2022-09-12 17:59:17,841 mloop.controllers    INFO     cost 0.04729142217231786 +/- 0.0
2022-09-12 17:59:17,842 mloop.controllers    INFO     Run:5 (training)
2022-09-12 17:59:17,844 mloop.controllers    INFO     params [ 5.00075373  1.86957631 10.80192948 10.20189269 12.80138594 15.99259942
  0.11959823  0.36047268  0.19253426  0.06611658  0.17718074  2.35977456
  7.44342211  5.32711001  7.36625244 -0.82939518  1.80054764  0.26605574
  6.89151351  0.7310099   6.80965754  5.76150413  4.63236418 -1.80427441
  7.03692324  6.72448684]
2022-09-12 17:59:17,945 mloop.controllers    INFO     cost 0.042605449379411776 +/- 0.0
2022-09-12 17:59:17,946 mloop.controllers    INFO     Run:6 (training)
2022-09-12 17:59:17,947 mloop.controllers    INFO     params [15.47813276 16.93757965  3.13252966 11.68346694 11.98090042 15.65535182
  0.14749285  0.36338929  0.11207673  0.49843693  0.17667447  6.3370874
 -5.72745739  0.33819283 -7.24069483 -6.16609072 -4.29846502 -6.89369586
 -3.49046938  4.26044264  2.83585486  4.26272558  0.53929499  2.92079278
  6.61514611  3.38658168]
2022-09-12 17:59:18,048 mloop.controllers    INFO     cost 0.0446404327510915 +/- 0.0
2022-09-12 17:59:18,049 mloop.controllers    INFO     Run:7 (training)
2022-09-12 17:59:18,051 mloop.controllers    INFO     params [ 1.75499920e+01  2.76349257e+00  1.72954184e+01  7.19411047e+00
  2.54102121e+00  7.57200110e+00  4.90957401e-01  1.57798347e-02
  3.42276214e-01  1.58782040e-01  4.51842069e-01 -3.09071444e+00
  5.70754009e-01 -4.90444066e+00 -1.90132727e+00  1.46312087e+00
  1.74054271e+00 -3.50124667e+00 -4.96473775e+00 -3.84310543e+00
 -3.37003039e-01 -3.45188937e+00 -7.88565751e+00 -5.91924827e+00
  3.44640712e+00  7.00736944e+00]
2022-09-12 17:59:18,152 mloop.controllers    INFO     cost 0.04447668508126208 +/- 0.0
2022-09-12 17:59:18,153 mloop.controllers    INFO     Run:8 (training)
2022-09-12 17:59:18,154 mloop.controllers    INFO     params [ 1.42004118e+01  3.45028665e+00  1.56124417e+01  1.53507970e+01
  1.27386700e+01  7.09166240e+00  2.72716113e-03  1.51710621e-01
  4.10937002e-01  4.15470487e-01  2.15140111e-01 -1.72090111e+00
 -5.92213345e+00 -3.67767043e+00  6.73023679e+00 -1.99567863e+00
  6.22508530e+00 -1.83385772e+00  7.19163063e+00 -1.53170931e+00
  2.93673200e-01 -3.85515103e+00 -2.97334757e+00 -1.29378039e+00
 -1.67147616e+00  1.36306120e+00]
2022-09-12 17:59:18,255 mloop.controllers    INFO     cost 0.05363586938454044 +/- 0.0
2022-09-12 17:59:18,256 mloop.controllers    INFO     Run:9 (training)
2022-09-12 17:59:18,257 mloop.controllers    INFO     params [ 9.24850565 15.50369973 18.43302746 18.62316841  7.17046767  4.79801125
  0.44423073  0.16065095  0.07284654  0.0557811   0.06443889  1.95891471
  4.05936543 -0.35197363 -2.03158691 -3.0569141   5.8551257  -4.5635256
 -1.98681321 -3.33109467  7.87765269 -6.37133082 -2.70689486 -7.54229843
 -6.12957717  5.3165127 ]
2022-09-12 17:59:18,359 mloop.controllers    INFO     cost 0.043919777752867366 +/- 0.0
2022-09-12 17:59:18,359 mloop.controllers    INFO     Run:10 (training)
2022-09-12 17:59:18,361 mloop.controllers    INFO     params [14.16541154  9.63482186 17.05978373  3.81029521 18.25929195  4.8164525
  0.3646498   0.40981224  0.38652108  0.31250587  0.34074226  3.34446638
  3.4756084  -5.93417893 -7.62706605  3.13419938 -5.54769127 -1.94003358
 -1.51767836 -5.31929716  3.9866953   2.13582482 -1.63170162  7.51373145
  3.43797813  2.99385337]
2022-09-12 17:59:18,462 mloop.controllers    INFO     cost 0.0459477158722487 +/- 0.0
2022-09-12 17:59:18,463 mloop.controllers    INFO     Run:11 (training)
2022-09-12 17:59:18,464 mloop.controllers    INFO     params [12.69060093  2.42944532  8.35422822 12.03429502 16.71278242 13.09221306
  0.07251213  0.19459598  0.4037725   0.26034113  0.05044136 -4.43762754
  7.32621639  1.67510338  0.16086711  3.64809645 -0.12040464  5.5783869
 -3.5199803   3.13184933  6.9810544  -2.23783898  1.84734533  7.47408622
  5.31082944  3.7844806 ]
2022-09-12 17:59:18,566 mloop.controllers    INFO     cost 0.048534450422883756 +/- 0.0
2022-09-12 17:59:18,566 mloop.controllers    INFO     Run:12 (training)
2022-09-12 17:59:18,568 mloop.controllers    INFO     params [17.95488186  8.5956754  11.95115386 13.11145689 15.26614637 14.59540601
  0.13640438  0.41748536  0.31612436  0.48721374  0.24818081  4.56408288
 -4.97042587 -6.05564719 -6.07375106  1.26790412  1.76055968 -4.5851087
 -7.68320847 -4.74307744 -4.9326011  -2.98881623 -1.9761383  -0.99463992
 -5.67422809 -1.98621368]
2022-09-12 17:59:18,669 mloop.controllers    INFO     cost 0.04986297998627178 +/- 0.0
2022-09-12 17:59:18,670 mloop.controllers    INFO     Run:13 (training)
2022-09-12 17:59:18,671 mloop.controllers    INFO     params [ 5.22663756e+00  1.66391356e+01  1.99108108e+00  1.58793420e+01
  2.13518127e+00  1.43238321e+01  5.99683919e-02  3.55913199e-01
  4.94660075e-01  3.59090701e-01  4.11759757e-01  5.66020332e+00
  2.54535611e+00  4.43362264e+00  5.47877520e-01 -8.87455934e-04
 -5.99690474e+00 -1.62269053e+00  6.34532113e+00 -5.91543033e+00
 -3.67431327e+00 -1.70683424e+00 -7.92827761e-01  3.12288551e+00
  1.95147208e+00  5.98782071e+00]
2022-09-12 17:59:18,773 mloop.controllers    INFO     cost 0.04456372684780094 +/- 0.0
2022-09-12 17:59:18,773 mloop.controllers    INFO     Run:14 (training)
2022-09-12 17:59:18,775 mloop.controllers    INFO     params [11.71469829  9.05880846  6.11493384  6.98776983  3.88244389  4.43932689
  0.11765153  0.08318802  0.11187842  0.05614289  0.02966781 -2.43863021
 -6.53498005 -7.7145452   6.27298621  3.5308532   4.84438287 -6.33197389
 -5.55824001  4.99646257 -3.36434165  3.02665661 -7.62801533  0.30367597
 -7.22185637 -7.18333772]
2022-09-12 17:59:18,876 mloop.controllers    INFO     cost 0.041371729808734735 +/- 0.0
2022-09-12 17:59:18,877 mloop.controllers    INFO     Run:15 (training)
2022-09-12 17:59:18,879 mloop.controllers    INFO     params [ 4.55455937 14.49587945  9.63068726  9.92617233 18.96435076  5.96403371
  0.06981028  0.15623657  0.12927171  0.40295983  0.38278301  6.27375062
 -4.56418168 -2.28471672 -2.5030272   6.78741264  2.8760428   7.49690358
  7.67552132 -5.59833001 -5.95916641 -1.84175853 -4.50824181 -4.24477086
  6.8541217   0.96214639]
2022-09-12 17:59:18,980 mloop.controllers    INFO     cost 0.04323994986630944 +/- 0.0
2022-09-12 17:59:18,980 mloop.controllers    INFO     Run:16 (training)
2022-09-12 17:59:18,982 mloop.controllers    INFO     params [12.92553158 13.13280416 18.28202294  4.08886415 17.57013693  7.93431356
  0.22138631  0.25813904  0.14126295  0.12431798  0.30506484  5.71452043
  6.40389362 -1.42819119  3.22352522 -1.95334232 -5.05561508  1.89486536
  4.03297122  6.05212658 -0.27902715  0.08962543 -4.04097597  6.96783947
  0.38571746 -1.10416315]
2022-09-12 17:59:19,083 mloop.controllers    INFO     cost 0.05017434015984149 +/- 0.0
2022-09-12 17:59:19,084 mloop.controllers    INFO     Run:17 (training)
2022-09-12 17:59:19,086 mloop.controllers    INFO     params [13.98637119 17.53700515  7.14747901 18.98293538  2.9662186   8.98612766
  0.36733999  0.14574357  0.40059066  0.3904208   0.40706147  3.7402559
 -2.93296939  3.90298068 -4.11609701  7.6543034  -5.70447938  2.07730881
  7.82961108 -2.56877155 -3.30595377  2.96644348  1.14953169  2.86889365
 -0.44379117 -4.60528626]
2022-09-12 17:59:19,187 mloop.controllers    INFO     cost 0.04632671592215341 +/- 0.0
2022-09-12 17:59:19,188 mloop.controllers    INFO     Run:18 (training)
2022-09-12 17:59:19,190 mloop.controllers    INFO     params [ 5.14832135e+00  3.10680285e+00  1.12638357e+01  1.26733686e+01
  1.18636825e+01  1.51985415e+01  4.93844318e-01  1.20909080e-01
  3.06587596e-01  3.73394238e-01  3.65440831e-01 -4.12720796e+00
 -3.88164914e+00 -8.86955812e-03  5.15770072e+00 -6.52544293e-01
  5.78849982e+00  8.70189361e-01 -4.86453482e+00 -2.19341726e+00
 -3.49966341e+00 -6.69223575e+00 -3.52243523e-01  1.03012958e+00
  2.38390131e+00  1.25725920e+00]
2022-09-12 17:59:19,291 mloop.controllers    INFO     cost 0.05658229543337462 +/- 0.0
2022-09-12 17:59:19,292 mloop.controllers    INFO     Run:19 (training)
2022-09-12 17:59:19,293 mloop.controllers    INFO     params [10.86955437 11.4745808  19.78889248  6.43107804 15.42008622 13.58359398
  0.33977507  0.42965543  0.09075126  0.11051013  0.40305625  1.02330046
 -7.39118136  6.02202    -1.44421484 -5.79377653  0.11423616 -5.0823945
 -7.73748463 -0.97672672  3.54791403  2.37655377 -1.55221941 -2.00276773
 -1.02478351 -2.41601241]
2022-09-12 17:59:19,394 mloop.controllers    INFO     cost 0.05139068216477315 +/- 0.0
2022-09-12 17:59:19,395 mloop.controllers    INFO     Run:20 (training)
2022-09-12 17:59:19,397 mloop.controllers    INFO     params [ 7.86635422 17.93752302  6.65104348 13.24901084  5.06660589  5.5754777
  0.01837828  0.26579806  0.27831952  0.32127149  0.46915643 -6.43360729
 -6.12344163  7.83764534 -0.64654523 -5.10028075  4.15063167  0.11463404
  6.98043968  5.19316877  0.22433536  7.36869024  6.99947964  6.91901252
  7.05796522  0.17219504]
2022-09-12 17:59:19,498 mloop.controllers    INFO     cost 0.040937563152279983 +/- 0.0
2022-09-12 17:59:19,499 mloop.controllers    INFO     Run:21 (training)
2022-09-12 17:59:19,500 mloop.controllers    INFO     params [ 8.69314181 12.96550715  6.40991061 19.87300037 19.50473915 10.99664793
  0.23224447  0.26645795  0.03040987  0.38829289  0.1223278  -2.77422094
 -7.65064901  5.02262162 -3.09591941  1.51447193  0.55010432 -1.25792422
 -0.77229679  6.59778444  0.40860051  5.81172659 -0.33064779  6.31133628
  3.34236081  3.04759277]
2022-09-12 17:59:19,601 mloop.controllers    INFO     cost 0.04829079331472296 +/- 0.0
2022-09-12 17:59:19,602 mloop.controllers    INFO     Run:22 (training)
2022-09-12 17:59:19,603 mloop.controllers    INFO     params [ 7.93333212 18.00574455  9.5614924   7.24583336 18.81950319 12.37260483
  0.15378158  0.07829718  0.34366282  0.13883132  0.13841604 -4.78485747
 -0.88499272  5.51547307 -0.21119195 -7.92877866 -0.32169216 -7.15626233
  1.37811615 -3.37230865  3.7731745   5.26105314  3.71644176  6.45820422
  3.2738705  -1.33169019]
2022-09-12 17:59:19,704 mloop.controllers    INFO     cost 0.047974625540315625 +/- 0.0
2022-09-12 17:59:19,705 mloop.controllers    INFO     Run:23 (training)
2022-09-12 17:59:19,707 mloop.controllers    INFO     params [ 8.64294749  9.15541176 13.08073742  9.60121994  6.45541641  8.99223675
  0.42419987  0.18286334  0.08936283  0.49413501  0.11866558 -7.39173488
 -3.4266422   2.11363751  6.73646765 -1.93962726 -7.74955871  1.28741414
  4.31153919 -5.83333068 -5.57250409  0.25170388 -7.98962894  3.0586667
 -1.56575069  7.06085012]
2022-09-12 17:59:19,808 mloop.controllers    INFO     cost 0.04843271255831898 +/- 0.0
2022-09-12 17:59:19,808 mloop.controllers    INFO     Run:24 (training)
2022-09-12 17:59:19,810 mloop.controllers    INFO     params [18.77918965 18.70846142  7.63393425  2.46202487  9.96310196 14.57491148
  0.41695403  0.22649683  0.03419368  0.32892887  0.48205856 -3.04115504
  7.20903235  7.69641322 -4.90839303 -3.9848706  -1.86635692 -4.5375646
  7.14305355 -5.60820913  6.72340037 -0.462786    3.12951183  3.1124219
 -6.18228301 -5.50968736]
2022-09-12 17:59:19,911 mloop.controllers    INFO     cost 0.03992473752057554 +/- 0.0
2022-09-12 17:59:19,912 mloop.controllers    INFO     Run:25 (training)
2022-09-12 17:59:19,914 mloop.controllers    INFO     params [ 1.48030810e+01  1.32883376e+01  1.01050754e+01  1.77993450e+01
  5.46378593e+00  1.04526495e+01  1.27149787e-01  3.59793587e-01
  1.61874677e-02  1.13833202e-01  3.56596857e-01  8.76194355e-02
  1.36806163e+00 -6.36154379e+00  5.22908684e+00  4.20213797e+00
  3.31063449e+00 -6.19324731e+00 -6.45761627e+00 -1.23379260e+00
  4.59859957e+00 -3.79171340e+00 -2.79043777e+00 -6.18528821e+00
  5.43020310e+00 -3.35072368e+00]
2022-09-12 17:59:20,015 mloop.controllers    INFO     cost 0.04991787419247906 +/- 0.0
2022-09-12 17:59:20,016 mloop.controllers    INFO     Run:26 (training)
2022-09-12 17:59:20,017 mloop.controllers    INFO     params [ 5.54457297  7.00127302 15.67152997 16.19697772  6.91178369  5.36785546
  0.3906147   0.39896678  0.47613973  0.13921939  0.44595455 -3.61523907
 -4.19225499  3.77970907 -2.84386111 -7.63908664 -1.86384735  4.63040621
 -6.34510288  3.00970422  5.50395171  3.44824543  7.22632886  3.69871434
  6.80547312  5.7624667 ]
2022-09-12 17:59:20,118 mloop.controllers    INFO     cost 0.04448279347326649 +/- 0.0
2022-09-12 17:59:20,119 mloop.controllers    INFO     Run:27 (training)
2022-09-12 17:59:20,121 mloop.controllers    INFO     params [12.39218334 18.53528371 14.49862255 17.05127159 18.67216763 15.08746714
  0.20921868  0.42025352  0.35687007  0.03821056  0.45085743  1.03505446
  3.8567944   1.61144579  3.56670535 -0.38573556 -6.48964982 -5.14383752
 -6.37725323 -1.50695978 -2.10009746 -1.25428993  0.53700432 -2.11494467
 -7.27049908 -3.5116142 ]
2022-09-12 17:59:20,222 mloop.controllers    INFO     cost 0.04897060696566902 +/- 0.0
2022-09-12 17:59:20,223 mloop.controllers    INFO     Run:28 (training)
2022-09-12 17:59:20,224 mloop.controllers    INFO     params [ 9.12917406  8.2891134   8.16401076  6.70185054  3.94639036 12.14102446
  0.33131005  0.3562305   0.25276275  0.42418999  0.29046146 -2.835149
  1.69781286 -4.94472448  1.23658376 -5.81111752  3.82811115 -6.97232055
  7.85927194  4.41215645 -7.33645507  7.74729106 -3.10295602 -0.57762723
  0.11384832  4.14007754]
2022-09-12 17:59:20,325 mloop.controllers    INFO     cost 0.047462878159141776 +/- 0.0
2022-09-12 17:59:20,326 mloop.controllers    INFO     Run:29 (training)
2022-09-12 17:59:20,327 mloop.controllers    INFO     params [16.08493058  8.97019046  7.89267423  8.44692121 11.92866913 13.49995001
  0.25215423  0.15572049  0.02133082  0.15051265  0.490187    1.89968365
  0.86208033  2.71345997 -5.99242642  0.40164043  4.262917   -5.64132862
  7.23956715  4.08399096  1.90237505  5.45997816 -6.40101475  4.18809773
 -2.17737545  2.24156134]
2022-09-12 17:59:20,428 mloop.controllers    INFO     cost 0.055243535631382235 +/- 0.0
2022-09-12 17:59:20,429 mloop.controllers    INFO     Run:30 (training)
2022-09-12 17:59:20,430 mloop.controllers    INFO     params [17.6625089   8.94407776 14.89770343 17.02013173  9.96377525 13.23513263
  0.22297156  0.053519    0.34113993  0.42287818  0.26354694 -7.96607257
 -4.78993297  5.36241728 -1.46204589 -3.45570252  4.38586196  5.56496849
  3.25862956 -4.27414111  3.90719174 -5.3692174  -6.27789832 -7.8931474
 -3.69821051 -2.4847296 ]
2022-09-12 17:59:20,531 mloop.controllers    INFO     cost 0.04523948472567118 +/- 0.0
2022-09-12 17:59:20,532 mloop.controllers    INFO     Run:31 (training)
2022-09-12 17:59:20,534 mloop.controllers    INFO     params [ 4.79038804  5.41651283 14.97309264 13.96281021 13.09092366  5.36176911
  0.14707898  0.09418056  0.18056798  0.09459443  0.43561281 -0.69321647
 -7.48606289  2.18170122  2.41351457 -0.96216282 -5.09183099  3.30133137
  0.05445455  5.65670267 -2.34954004  2.75278019  0.15233707  2.31480344
 -6.40011443 -1.48553702]
2022-09-12 17:59:20,635 mloop.controllers    INFO     cost 0.056055023597289005 +/- 0.0
2022-09-12 17:59:20,635 mloop.controllers    INFO     Run:32 (training)
2022-09-12 17:59:20,637 mloop.controllers    INFO     params [10.75203966 19.27582787 18.68405141 13.230824   14.59474508  6.23756033
  0.39362686  0.21067096  0.30158512  0.12080388  0.31698238  5.3439159
 -2.26437566 -4.03774098  6.7628093  -1.9751834  -2.28513493 -5.65451771
  1.07835479  5.36612389 -5.87565215  1.79008586  3.29762495 -1.18458868
  0.42365587 -5.96948712]
2022-09-12 17:59:20,738 mloop.controllers    INFO     cost 0.04897122401493943 +/- 0.0
2022-09-12 17:59:20,739 mloop.controllers    INFO     Run:33 (training)
2022-09-12 17:59:20,741 mloop.controllers    INFO     params [13.05350367  8.14624021  6.39831267 17.67740061  8.15892295 14.97342908
  0.19861557  0.22043809  0.12140606  0.0361887   0.0233908   4.30956119
  5.02292004 -2.40626004 -2.90487273 -5.78298673  6.0501953  -2.58230227
 -0.89802365  2.83503756 -4.92776747  6.02723725 -2.41717132  0.7925364
 -5.70222632 -4.98984354]
2022-09-12 17:59:20,842 mloop.controllers    INFO     cost 0.05137640203044504 +/- 0.0
2022-09-12 17:59:20,843 mloop.controllers    INFO     Run:34 (training)
2022-09-12 17:59:20,844 mloop.controllers    INFO     params [ 2.8495092  11.99505934 11.6970399   9.60004577 17.56755256  5.62783821
  0.41578906  0.26015702  0.0430057   0.23197332  0.39696827 -7.39899766
 -1.33422283  6.98561378 -5.6892304   5.18843451 -4.7194347   5.48127717
 -2.36875127 -6.80757157 -7.36643687  0.06900294 -2.41927805  0.10455366
  1.11710862  5.06446779]
2022-09-12 17:59:20,946 mloop.controllers    INFO     cost 0.045272507569159084 +/- 0.0
2022-09-12 17:59:20,946 mloop.controllers    INFO     Run:35 (training)
2022-09-12 17:59:20,948 mloop.controllers    INFO     params [12.09419863 15.35711672 14.60017865  9.12032253  2.5947764   7.3466218
  0.31751959  0.35717861  0.22004438  0.02363682  0.37887134  1.93580743
 -0.27101082  5.53621065  4.11060474  3.87510393  5.7688828   3.51916145
  3.88550181  3.50385999 -3.65252407 -2.874527    4.40924559 -5.68947946
  0.12345905 -6.46064301]
2022-09-12 17:59:21,049 mloop.controllers    INFO     cost 0.05206956322372225 +/- 0.0
2022-09-12 17:59:21,050 mloop.controllers    INFO     Run:36 (training)
2022-09-12 17:59:21,052 mloop.controllers    INFO     params [ 6.03813706 10.85268956 11.59472331 14.2416497   9.24559472  4.94234883
  0.0251111   0.21968103  0.12423899  0.42508613  0.07607322  1.21416107
 -5.36695918 -4.68159075 -5.41163502 -3.42282763  3.99402684 -7.57501396
 -4.52805569 -4.98640303 -0.76205231  2.35834451 -4.25100787 -2.44054064
  7.94685542  2.46089382]
2022-09-12 17:59:21,153 mloop.controllers    INFO     cost 0.05164164499335302 +/- 0.0
2022-09-12 17:59:21,153 mloop.controllers    INFO     Run:37 (training)
2022-09-12 17:59:21,155 mloop.controllers    INFO     params [11.00212133 10.9757272   7.92911236 18.58201748 11.08116318  8.22903503
  0.21410157  0.07763792  0.21350755  0.37410263  0.09538443 -0.85520897
  0.09587924 -5.34066687  6.2640582  -5.37404295  3.84318468 -2.88622822
 -2.91587714  2.74597294  5.30962097  3.35739438  5.44338534 -4.32830757
 -2.04405406 -7.56097691]
2022-09-12 17:59:21,256 mloop.controllers    INFO     cost 0.05293500091819966 +/- 0.0
2022-09-12 17:59:21,257 mloop.controllers    INFO     Run:38 (training)
2022-09-12 17:59:21,259 mloop.controllers    INFO     params [ 7.00450257  5.33140494 15.00789907  6.81514846 19.58920037  7.01376626
  0.08955524  0.45248294  0.47254253  0.36247797  0.44762506 -4.95132473
  2.91562736 -5.72063609  0.8445857   2.45962446  4.77168302  2.51224727
 -7.29282449  0.14170704 -6.9952301   7.10547756 -0.66072106 -5.40380021
 -2.9239408   6.46461843]
2022-09-12 17:59:21,360 mloop.controllers    INFO     cost 0.04478804818148331 +/- 0.0
2022-09-12 17:59:21,360 mloop.controllers    INFO     Run:39 (training)
2022-09-12 17:59:21,362 mloop.controllers    INFO     params [ 8.72754036 14.48313261 15.31495062  2.42472634 17.08780991  8.25240165
  0.2289862   0.38636077  0.35893     0.19022033  0.24523853  6.36950364
 -3.68178425  1.16619778 -3.58325586  7.09900894  3.89664826  2.43426776
  3.89449934  6.96689756  1.00091265  6.20213387  6.61279773 -0.55648589
  4.8183583  -1.44503522]
2022-09-12 17:59:21,463 mloop.controllers    INFO     cost 0.0464910509811842 +/- 0.0
2022-09-12 17:59:21,464 mloop.controllers    INFO     Run:40 (training)
2022-09-12 17:59:21,465 mloop.controllers    INFO     params [16.21854625  2.0974913   3.87816635 14.52535821 11.10471216 15.67122929
  0.14846489  0.23304637  0.25371647  0.11914018  0.41421752  0.49553279
 -4.5515849   2.5987542   3.65873035  5.44354531  0.74482258  4.84498543
  4.90814673 -7.77968156  6.90869931 -7.85726996 -1.8862765   4.79760314
 -2.46635183  5.01840923]
2022-09-12 17:59:21,566 mloop.controllers    INFO     cost 0.042754344041516255 +/- 0.0
2022-09-12 17:59:21,567 mloop.controllers    INFO     Run:41 (training)
2022-09-12 17:59:21,569 mloop.controllers    INFO     params [ 8.53526116 14.96322681  2.48388054  9.06762566 16.71597282  7.92648451
  0.49781236  0.38698386  0.26317608  0.29304228  0.35155227  3.80011741
  2.92546947 -6.14449614 -5.5795294   1.2771202   2.66389116 -1.5711383
  4.48744487  7.35192074 -0.70557709 -5.97718276 -5.04477281  6.19853352
  1.8724358  -3.66902165]
2022-09-12 17:59:21,670 mloop.controllers    INFO     cost 0.048291709260955856 +/- 0.0
2022-09-12 17:59:21,670 mloop.controllers    INFO     Run:42 (training)
2022-09-12 17:59:21,672 mloop.controllers    INFO     params [ 5.54296416  9.545623   14.64502127  9.86825174  9.89107062 15.19260747
  0.36478411  0.38322416  0.41652992  0.33579436  0.39877647 -5.69425911
  4.64514695 -3.21224977 -4.96555579  7.30265508 -2.79485479  2.22763147
  0.53366356 -6.50282303 -0.75506665  0.99050102 -4.41530885  1.11789771
 -6.56859775  0.06575731]
2022-09-12 17:59:21,773 mloop.controllers    INFO     cost 0.05449659558636132 +/- 0.0
2022-09-12 17:59:21,774 mloop.controllers    INFO     Run:43 (training)
2022-09-12 17:59:21,775 mloop.controllers    INFO     params [13.78834545  3.00328915  5.65002203  5.56883545  5.99184539 11.69543376
  0.01993596  0.09965874  0.19259317  0.25331512  0.25082928 -6.91711508
 -5.24364954 -7.49793587 -4.48286477  6.9763935   3.88064563 -0.58955768
  0.60518673  0.29666964  6.65469353  1.12076181 -1.50285217  5.81047961
 -6.98034967 -3.14976984]
2022-09-12 17:59:21,876 mloop.controllers    INFO     cost 0.04428870390835088 +/- 0.0
2022-09-12 17:59:21,877 mloop.controllers    INFO     Run:44 (training)
2022-09-12 17:59:21,879 mloop.controllers    INFO     params [ 8.19485016  3.54165164  7.41058874  3.72704373  5.68918714  5.38261325
  0.06996526  0.34992984  0.38355592  0.12159955  0.39162984 -4.84845306
  1.73054061 -0.77038213 -1.9808473  -4.96357896  5.47386359  7.77535078
 -6.99906346 -6.4408992   7.46352416 -6.95267231 -4.14113831  1.42018827
  0.89468958 -7.77377166]
2022-09-12 17:59:21,980 mloop.controllers    INFO     cost 0.04102148476072021 +/- 0.0
2022-09-12 17:59:21,981 mloop.controllers    INFO     Run:45 (training)
2022-09-12 17:59:21,982 mloop.controllers    INFO     params [ 4.51916282 13.57244098 15.44608774  4.26858357  9.20612088  6.94591971
  0.17608998  0.11674351  0.19464821  0.20876678  0.14336445 -2.13614501
 -3.55773444 -2.83280814 -4.1025983   4.2860629   5.19053857 -5.60252588
 -2.3409923   4.00894887  7.11190325  3.45781793  4.06833396 -0.73464005
  3.05166176  3.99208878]
2022-09-12 17:59:22,083 mloop.controllers    INFO     cost 0.051999567191209545 +/- 0.0
2022-09-12 17:59:22,083 mloop.controllers    INFO     Run:46 (training)
2022-09-12 17:59:22,085 mloop.controllers    INFO     params [ 8.89895112  7.30275485  5.59174143 13.55809412 11.15877466  8.80778008
  0.29090696  0.4898067   0.08344601  0.26684865  0.08889157 -2.90391827
  0.16178317  2.87204691  6.6636865  -0.84805718  5.85257267 -6.47169773
 -5.45293205 -3.02668255 -6.64769667  5.43743178 -0.7662738  -7.60901114
 -4.98057928  6.50713103]
2022-09-12 17:59:22,186 mloop.controllers    INFO     cost 0.048228638766021056 +/- 0.0
2022-09-12 17:59:22,187 mloop.controllers    INFO     Run:47 (training)
2022-09-12 17:59:22,189 mloop.controllers    INFO     params [ 6.44661992  5.17391926  2.39222831 16.72493028  3.92816676  6.00933278
  0.28622634  0.41315247  0.20167821  0.04698405  0.2440077  -4.70757453
  6.03417007 -7.75621854  6.73957832  6.86541576  4.23897619  4.52720999
 -5.97019434 -0.83836555 -0.59322261  7.81693392 -0.35274252  3.24430629
  4.51500341 -6.81935236]
2022-09-12 17:59:22,290 mloop.controllers    INFO     cost 0.03927365754987834 +/- 0.0
2022-09-12 17:59:22,290 mloop.controllers    INFO     Run:48 (training)
2022-09-12 17:59:22,292 mloop.controllers    INFO     params [ 1.99433466e+01  5.48696933e+00  1.69241219e+01  1.81671996e+01
  1.08327806e+01  7.10583750e+00  4.03370872e-01  3.27509271e-01
  1.93485127e-01  2.32258438e-01  5.42261017e-03  5.64286657e+00
  2.15914561e+00 -4.17391559e+00 -5.44412497e+00  6.50742513e+00
  1.24457303e+00 -2.69563558e+00  1.55005810e+00 -7.39841063e+00
  5.26179743e+00  4.45868874e+00 -7.61208620e+00 -6.67375831e+00
 -3.70531282e+00 -1.47245417e+00]
2022-09-12 17:59:22,393 mloop.controllers    INFO     cost 0.04200628617257334 +/- 0.0
2022-09-12 17:59:22,394 mloop.controllers    INFO     Run:49 (training)
2022-09-12 17:59:22,395 mloop.controllers    INFO     params [17.96617483 19.91680977 16.27457469  7.47670659  9.7164616   5.64611663
  0.45761589  0.24011147  0.04524327  0.38055219  0.15479038  2.96019055
  0.95107647  5.17904256 -4.48492372  7.44095717  5.04904762 -4.45536893
  6.30509772  0.12733059 -7.79508736 -7.85541739  3.11208626  5.05339998
  2.53269954 -6.6530699 ]
2022-09-12 17:59:22,497 mloop.controllers    INFO     cost 0.04089247238160597 +/- 0.0
2022-09-12 17:59:22,498 mloop.controllers    INFO     Run:50 (training)
2022-09-12 17:59:22,499 mloop.controllers    INFO     params [14.26306457 14.51272662 11.3329142  19.96035174 14.43863038  8.41758365
  0.22437545  0.32609508  0.42458871  0.4666657   0.25899223  6.66733025
  2.57906382  0.17940631 -3.94866298 -7.24413162  5.81717475 -6.94114472
  4.00692528  1.34697142  1.03537661  6.7128927   6.63697494 -2.86664773
  1.14177021  5.63324519]
2022-09-12 17:59:22,601 mloop.controllers    INFO     cost 0.04600028009739812 +/- 0.0
2022-09-12 17:59:22,601 mloop.controllers    INFO     Run:51 (training)
2022-09-12 17:59:22,603 mloop.controllers    INFO     params [ 2.24930786e+00  1.92366152e+01  1.84299612e+01  8.20913176e+00
  3.53925497e+00  4.03655563e+00  1.30540286e-02  1.82533863e-01
  4.20879884e-01  1.66480388e-01  2.46274115e-01 -1.23569432e+00
 -8.80901797e-01  7.95103095e+00 -1.84946821e+00  9.48796250e-01
 -6.20323691e+00 -2.52270807e+00  1.28534067e+00 -5.05216768e+00
 -6.58096261e+00  8.49024268e-01  4.45102094e+00  2.57443338e+00
 -7.70012074e+00  3.08324968e+00]
2022-09-12 17:59:22,704 mloop.controllers    INFO     cost 0.04155128594951172 +/- 0.0
2022-09-12 17:59:22,705 mloop.controllers    INFO     Run:52 (training)
2022-09-12 17:59:22,707 mloop.controllers    INFO     params [16.79726158 14.02421517 10.22011098  9.24625118 15.80145148 13.93053267
  0.29608037  0.21699569  0.3432322   0.27320766  0.14668416  2.63471953
  6.13212424  3.52927336 -2.25874712  2.13043505 -7.17787554  4.69467588
 -6.48815878 -2.80989302  6.67214717 -0.25485692 -7.27200595  4.30105653
  0.82351368  5.10964535]
2022-09-12 17:59:22,808 mloop.controllers    INFO     cost 0.04877461847432911 +/- 0.0
2022-09-12 17:59:22,808 mloop.controllers    INFO     Run:53 (training)
2022-09-12 17:59:22,810 mloop.controllers    INFO     params [ 9.30879454e+00  7.45273901e+00  1.90600081e+01  4.75033585e+00
  2.98700153e+00  1.37984888e+01  1.70144999e-01  6.86311528e-03
  1.45391987e-01  1.54672284e-01  2.42935132e-01  5.33793949e+00
 -4.13077378e+00  7.50504351e+00  1.62579502e+00 -3.89504085e+00
  3.18386887e+00  5.05686423e+00 -2.29689993e+00 -7.69415733e+00
  7.86386808e+00  3.11537623e+00  2.00430411e+00  7.31164950e+00
  1.07477170e+00 -3.20229984e+00]
2022-09-12 17:59:22,811 mloop.controllers    DEBUG    Starting ML optimization.
2022-09-12 17:59:22,911 mloop.controllers    INFO     cost 0.042405611475946396 +/- 0.0
2022-09-12 17:59:22,926 mloop.controllers    DEBUG    End training runs.
2022-09-12 17:59:22,926 mloop.controllers    INFO     Run:54 (machine learner)
2022-09-12 17:59:26,671 mloop.controllers    INFO     params [ 6.64644449  3.90750385  1.785      13.60296792  2.71437945  4.63697124
  0.23022908  0.40789896  0.22819163  0.02241975  0.24329212 -5.71713777
  5.20776249 -7.95557283  6.03959792  6.30371627  4.91427518  5.29713957
 -6.87837037 -1.62045501  0.32348231  6.75870714 -2.06073641  4.04737721
  3.61312968 -7.68821552]
2022-09-12 17:59:26,772 mloop.controllers    INFO     cost 0.03799046173630416 +/- 0.0
2022-09-12 17:59:26,773 mloop.controllers    INFO     Run:55 (machine learner)
2022-09-12 17:59:30,321 mloop.controllers    INFO     params [ 6.84647186  3.61123101  2.58117812 11.54494     3.12673044  4.74594002
  0.19088159  0.40878913  0.2688122   0.04071078  0.28963759 -5.67019654
  4.93692088 -6.20727224  4.15092803  3.61614234  5.10501041  6.39399631
 -7.00533977 -3.03302191  2.32307714  3.70135245 -2.27699503  3.61265081
  3.44399227 -7.7541513 ]
2022-09-12 17:59:30,422 mloop.controllers    INFO     cost 0.04128222825889274 +/- 0.0
2022-09-12 17:59:30,422 mloop.controllers    INFO     Run:56 (machine learner)
2022-09-12 17:59:34,370 mloop.controllers    INFO     params [ 7.02590981  3.39589851  3.00509232 10.23159424  3.10626803  4.65996346
  0.16585211  0.40460035  0.28777711  0.04626733  0.30848247 -5.75375953
  4.60818714 -5.45406198  3.26615236  2.38286192  5.2687529   6.83220813
 -7.13962166 -3.66372423  3.28236501  2.20177659 -2.61478143  3.49756363
  3.13589629 -7.87265886]
2022-09-12 17:59:34,472 mloop.controllers    INFO     cost 0.04192990905499258 +/- 0.0
2022-09-12 17:59:34,473 mloop.controllers    INFO     Run:57 (machine learner)
2022-09-12 17:59:37,518 mloop.controllers    INFO     params [ 6.38434785  5.01222141  2.18666509 16.60829897  3.76340082  5.84500906
  0.28408532  0.4163626   0.20307262  0.04235407  0.24328757 -4.83757376
  6.0984345  -7.87402892  6.79211072  6.9909749   4.29246067  4.6720698
 -6.07274372 -0.9002856  -0.58723967  7.9457376  -0.45524617  3.39087467
  4.56744183 -6.90996068]
2022-09-12 17:59:37,619 mloop.controllers    INFO     cost 0.03860856422849409 +/- 0.0
2022-09-12 17:59:37,620 mloop.controllers    INFO     Run:58 (trainer)
2022-09-12 17:59:37,621 mloop.controllers    INFO     params [ 8.76332758  4.97699281  4.69003332 18.00718923 13.31149517  5.12103783
  0.20801245  0.15167531  0.31776672  0.1601923   0.43947347 -1.07120178
 -3.65534771 -3.73538152 -0.23372258  4.02101717  0.03149133 -7.86259342
 -3.38271156 -3.26669885  0.65936869  4.79524364 -4.30789879 -1.57604302
  3.03887892 -3.91753216]
2022-09-12 17:59:37,723 mloop.controllers    INFO     cost 0.05299949083237249 +/- 0.0
2022-09-12 17:59:37,725 mloop.controllers    INFO     Run:59 (machine learner)
2022-09-12 17:59:41,838 mloop.controllers    INFO     params [ 5.77696463  2.44688132  1.785      15.25430692  1.785       4.
  0.25876339  0.4386959   0.16775447  0.          0.14292698 -7.62213196
  6.13832253 -8.          8.          8.          5.375818    4.82077425
 -8.          0.22715107 -3.12759541  8.         -3.39281137  6.73629173
  4.21510263 -8.        ]
2022-09-12 17:59:41,939 mloop.controllers    INFO     cost 0.032704606188073845 +/- 0.0
2022-09-12 17:59:41,939 mloop.controllers    INFO     Run:60 (machine learner)
2022-09-12 17:59:45,969 mloop.controllers    INFO     params [ 4.97939573  1.785       1.785      15.75726662  1.785       4.
  0.2656524   0.47301625  0.1448338   0.          0.09771915 -8.
  7.02819483 -8.          8.          8.          5.76651705  5.33650586
 -8.          0.78785841 -4.63746525  8.         -4.2353139   8.
  5.01147103 -8.        ]
2022-09-12 17:59:46,070 mloop.controllers    INFO     cost 0.031129798318046062 +/- 0.0
2022-09-12 17:59:46,071 mloop.controllers    INFO     Run:61 (machine learner)
2022-09-12 17:59:49,210 mloop.controllers    INFO     params [ 4.03178874  1.785       1.785      15.8024219   1.785       4.
  0.26490359  0.5         0.128105    0.          0.05531727 -8.
  7.93947338 -8.          8.          8.          6.23258024  6.1927144
 -8.          1.14503113 -5.98129301  8.         -5.32855274  8.
  5.86189711 -8.        ]
2022-09-12 17:59:49,312 mloop.controllers    INFO     cost 0.030038474481146504 +/- 0.0
2022-09-12 17:59:49,312 mloop.controllers    INFO     Run:62 (machine learner)
2022-09-12 17:59:51,742 mloop.controllers    INFO     params [ 6.33200597  3.35383624  1.785      14.49574819  1.785       4.
  0.24646519  0.41605064  0.19592994  0.          0.19162111 -6.50918969
  5.49020394 -8.          8.          8.          5.09348929  4.80051914
 -7.35078107 -0.57244648 -1.46262521  8.         -2.67756903  5.23539647
  3.71973806 -8.        ]
2022-09-12 17:59:51,843 mloop.controllers    INFO     cost 0.034523440111160875 +/- 0.0
2022-09-12 17:59:51,844 mloop.controllers    INFO     Run:63 (trainer)
2022-09-12 17:59:51,846 mloop.controllers    INFO     params [ 2.37616826e+00  1.65051934e+01  6.97556341e+00  3.81935275e+00
  1.99413953e+01  4.37792010e+00  5.69943714e-03  4.91713864e-02
  4.28742423e-01  2.48310460e-01  1.07102707e-01 -3.28338146e+00
  7.48472007e+00 -3.10233052e+00  3.12528860e+00 -4.61491040e+00
 -3.29991822e+00 -1.31244509e+00  2.47765718e-02 -2.83541456e+00
 -4.37669405e+00  5.87408662e+00 -6.47399755e+00 -4.52696919e+00
  7.36390806e+00 -1.56873700e+00]
2022-09-12 17:59:51,947 mloop.controllers    INFO     cost 0.04138233880173398 +/- 0.0
2022-09-12 17:59:51,947 mloop.controllers    INFO     Run:64 (machine learner)
2022-09-12 17:59:53,962 mloop.controllers    INFO     params [ 1.785       2.96014745  1.785      15.0792731   1.785       4.
  0.17222982  0.5         0.02915326  0.          0.         -8.
  8.         -8.          8.          8.          6.51872314  8.
 -4.72584079 -0.56718282 -8.          8.         -4.95465619  8.
  8.         -8.        ]
2022-09-12 17:59:54,063 mloop.controllers    INFO     cost 0.029370749080114635 +/- 0.0
2022-09-12 17:59:54,064 mloop.controllers    INFO     Run:65 (machine learner)
2022-09-12 17:59:55,880 mloop.controllers    INFO     params [ 1.785       3.77088112  1.785      14.79750516  1.785       4.
  0.01561127  0.5         0.          0.          0.         -8.
  8.         -8.          8.          8.          5.41209546  8.
 -3.16972217 -0.6493418  -8.          8.         -3.15504075  8.
  8.         -8.        ]
2022-09-12 17:59:55,981 mloop.controllers    INFO     cost 0.03008522469315244 +/- 0.0
2022-09-12 17:59:55,982 mloop.controllers    INFO     Run:66 (machine learner)
2022-09-12 17:59:58,426 mloop.controllers    INFO     params [ 1.785       2.54206376  1.785      10.30262868  1.785       4.
  0.          0.5         0.          0.          0.         -8.
  8.         -8.          8.          8.          5.08059395  8.
 -1.19532184 -0.60264974 -8.          8.         -1.58624236  8.
  8.         -1.47833392]
2022-09-12 17:59:58,527 mloop.controllers    INFO     cost 0.031196184952119448 +/- 0.0
2022-09-12 17:59:58,528 mloop.controllers    INFO     Run:67 (machine learner)
2022-09-12 18:00:00,271 mloop.controllers    INFO     params [ 2.78034241  2.08350344  1.785      15.69339493  1.785       4.
  0.25592509  0.5         0.10709008  0.          0.         -7.55381981
  8.         -8.          8.          8.          6.82489116  7.82491532
 -7.47298292  1.32821592 -7.63884976  8.         -6.55241926  7.93089503
  7.50217744 -8.        ]
2022-09-12 18:00:00,372 mloop.controllers    INFO     cost 0.02892177540469614 +/- 0.0
2022-09-12 18:00:00,373 mloop.controllers    INFO     Run:68 (trainer)
2022-09-12 18:00:00,374 mloop.controllers    INFO     params [ 1.97420685e+01  1.17136209e+01  1.49475115e+01  5.86825156e+00
  4.73502210e+00  9.71126352e+00  4.10946397e-02  1.37578510e-02
  1.45369388e-01  4.98703677e-01  1.31121072e-01  7.28060984e+00
  1.37269803e+00  6.91752472e+00 -3.48586499e-01 -2.41123991e+00
  1.78587815e+00  1.55848863e-01  5.71492271e+00 -3.63133871e+00
 -9.80119136e-01  7.63638025e-01 -6.65635635e+00  4.42827285e+00
 -3.42250985e+00  2.24139846e+00]
2022-09-12 18:00:00,475 mloop.controllers    INFO     cost 0.05007533182049729 +/- 0.0
2022-09-12 18:00:00,476 mloop.controllers    INFO     Run:69 (machine learner)
2022-09-12 18:00:03,970 mloop.controllers    INFO     params [ 5.36508431  5.58282672  1.785      11.40669759  1.785       4.
  0.12569186  0.5         0.07549668  0.          0.         -8.
  5.41446088 -8.          8.          8.          7.55025278  8.
 -7.80854846  8.         -8.          8.         -8.          8.
  8.         -8.        ]
2022-09-12 18:00:04,071 mloop.controllers    INFO     cost 0.029155237588453224 +/- 0.0
2022-09-12 18:00:04,072 mloop.controllers    INFO     Run:70 (machine learner)
2022-09-12 18:00:07,878 mloop.controllers    INFO     params [15.3211882   7.85668418  1.785       9.17274674  1.785       4.
  0.13838037  0.5         0.          0.          0.         -8.
  5.14720925 -8.          8.          8.          8.          8.
 -8.          8.         -8.          8.         -8.          8.
  8.         -8.        ]
2022-09-12 18:00:07,979 mloop.controllers    INFO     cost 0.029406215408291855 +/- 0.0
2022-09-12 18:00:07,980 mloop.controllers    INFO     Run:71 (machine learner)
2022-09-12 18:00:10,665 mloop.controllers    INFO     params [20.         12.52475731  1.785       6.78096263  1.785       4.
  0.14482838  0.5         0.          0.          0.         -8.
  5.21436634 -8.          8.          8.          8.          8.
 -8.          8.         -8.          8.         -8.          8.
  8.         -8.        ]
2022-09-12 18:00:10,766 mloop.controllers    INFO     cost 0.02853814164706349 +/- 0.0
2022-09-12 18:00:10,767 mloop.controllers    INFO     Run:72 (machine learner)
2022-09-12 18:00:12,360 mloop.controllers    INFO     params [ 3.19409113  2.26276142  1.785      15.1352429   1.785       4.
  0.16626491  0.49525856  0.12703833  0.          0.         -7.68339187
  7.64109804 -8.          8.          8.          6.44731556  8.
 -7.92738924  3.71397569 -8.          8.         -7.62234844  8.
  8.         -7.7207322 ]
2022-09-12 18:00:12,461 mloop.controllers    INFO     cost 0.0286396025910192 +/- 0.0
2022-09-12 18:00:12,462 mloop.controllers    INFO     Run:73 (trainer)
2022-09-12 18:00:12,464 mloop.controllers    INFO     params [ 5.89585303 15.3120717   9.05888813 10.1710692  14.90896993 13.16043168
  0.24117551  0.36452595  0.08271108  0.23871416  0.08905698  1.37248506
 -1.54062475 -2.65598038 -4.83358466 -7.50920925  5.71636621 -4.68036038
 -0.99888938  4.93985271 -6.94519906 -5.80600934  4.27202903 -7.2854756
 -4.23959631 -1.36901434]
2022-09-12 18:00:12,565 mloop.controllers    INFO     cost 0.04886851683723534 +/- 0.0
2022-09-12 18:00:12,565 mloop.controllers    INFO     Run:74 (machine learner)
2022-09-12 18:00:14,725 mloop.controllers    INFO     params [12.90818855 20.          1.785       8.68715734  1.785       4.
  0.14399336  0.5         0.27756828  0.          0.         -8.
  7.95636856 -8.          8.          8.          2.8911557   8.
 -8.          0.64367925 -8.          8.         -8.          8.
  8.         -7.35252053]
2022-09-12 18:00:14,826 mloop.controllers    INFO     cost 0.02982614382346439 +/- 0.0
2022-09-12 18:00:14,826 mloop.controllers    INFO     Run:75 (machine learner)
2022-09-12 18:00:17,859 mloop.controllers    INFO     params [13.22537543 20.          1.785       3.79833687  1.785       4.
  0.0711432   0.5         0.37990805  0.          0.         -8.
  6.55951214 -8.          8.          8.         -1.7173211   7.83293704
 -8.         -2.05441476 -8.          8.         -8.          8.
  8.         -8.        ]
2022-09-12 18:00:17,960 mloop.controllers    INFO     cost 0.029406710455928187 +/- 0.0
2022-09-12 18:00:17,961 mloop.controllers    INFO     Run:76 (machine learner)
2022-09-12 18:00:21,766 mloop.controllers    INFO     params [16.33144235 20.          1.785       1.785       1.785       4.
  0.          0.5         0.45886591  0.          0.         -8.
  0.72614862 -8.          8.          8.         -5.98159235  8.
 -8.         -3.61815429 -8.          8.         -8.          8.
  8.         -8.        ]
2022-09-12 18:00:21,867 mloop.controllers    INFO     cost 0.028688060455740853 +/- 0.0
2022-09-12 18:00:21,868 mloop.controllers    INFO     Run:77 (machine learner)
2022-09-12 18:00:23,342 mloop.controllers    INFO     params [16.24776082 18.77831068  1.785       6.98658664  1.785       4.
  0.16136597  0.48085118  0.16948145  0.          0.         -8.
  6.66449652 -8.          8.          8.          5.40363997  7.62682233
 -8.          3.71162489 -8.          8.         -8.          8.
  8.         -8.        ]
2022-09-12 18:00:23,443 mloop.controllers    INFO     cost 0.029389322617380798 +/- 0.0
2022-09-12 18:00:23,444 mloop.controllers    INFO     Run:78 (trainer)
2022-09-12 18:00:23,446 mloop.controllers    INFO     params [ 9.34038355e+00  6.77379785e+00  1.00891957e+01  1.26308484e+01
  1.76121736e+01  1.04485197e+01  4.58857720e-01  2.59188416e-01
  2.50854453e-03  1.25661489e-02  4.51231457e-01  4.67561458e+00
  2.83230168e+00 -6.60679192e+00 -2.04467673e+00 -1.17806482e+00
  6.33953645e+00 -2.93398820e+00 -7.87732793e+00  3.95387188e+00
 -5.93296465e-01  4.96079872e+00  2.03514199e+00 -4.27744042e-01
 -7.30238667e+00 -7.56656770e-01]
2022-09-12 18:00:23,547 mloop.controllers    INFO     cost 0.05289853591787783 +/- 0.0
2022-09-12 18:00:23,548 mloop.controllers    INFO     Run:79 (machine learner)
2022-09-12 18:00:26,068 mloop.controllers    INFO     params [20.         19.68455404  1.785       1.785       1.785       4.
  0.          0.5         0.          0.          0.         -8.
 -7.87642993 -8.          8.          8.         -1.2353746   8.
 -8.          8.         -8.          8.         -8.          8.
  4.62715831 -7.74691911]
2022-09-12 18:00:26,169 mloop.controllers    INFO     cost 0.027795062976531015 +/- 0.0
2022-09-12 18:00:26,170 mloop.controllers    INFO     Run:80 (machine learner)
2022-09-12 18:00:28,904 mloop.controllers    INFO     params [20.         20.          1.785       1.785       1.785       4.
  0.          0.5         0.          0.          0.         -8.
 -8.         -8.          8.          8.         -3.73028662  8.
 -8.          8.         -8.          8.         -8.          8.
 -5.7883578  -8.        ]
2022-09-12 18:00:29,005 mloop.controllers    INFO     cost 0.027415628513346627 +/- 0.0
2022-09-12 18:00:29,006 mloop.controllers    INFO     Run:81 (machine learner)
2022-09-12 18:00:33,352 mloop.controllers    INFO     params [20.         20.          1.785       1.785       1.785      10.74263845
  0.          0.5         0.13935768  0.24336799  0.5        -8.
 -8.          8.         -8.         -8.         -8.          8.
  8.         -8.          8.         -8.          8.          8.
  8.          8.        ]
2022-09-12 18:00:33,454 mloop.controllers    INFO     cost 0.026963248611623043 +/- 0.0
2022-09-12 18:00:33,455 mloop.controllers    INFO     Run:82 (machine learner)
2022-09-12 18:00:34,753 mloop.controllers    INFO     params [20.         16.41870666  1.785       1.785       1.785       4.
  0.          0.5         0.14605044  0.          0.         -8.
 -1.87664805 -8.          8.          8.          0.75327166  8.
 -8.          6.04975824 -8.          8.         -8.          8.
  7.12856167 -7.56348076]
2022-09-12 18:00:34,855 mloop.controllers    INFO     cost 0.029021525505361696 +/- 0.0
2022-09-12 18:00:34,856 mloop.controllers    INFO     Run:83 (trainer)
2022-09-12 18:00:34,858 mloop.controllers    INFO     params [ 9.75612253 16.74268551 14.45664246 19.87529844  5.6251809   4.69101915
  0.45983053  0.03228433  0.09349857  0.04597621  0.06460964 -3.26842186
  6.44038526  1.5595045   1.27880738  3.2236066  -6.04754496  6.01344984
 -4.61271828  2.05103572 -2.72917731 -3.46997129 -4.71887508 -7.9749685
  7.09999234 -5.78446368]
2022-09-12 18:00:34,959 mloop.controllers    INFO     cost 0.04306917171355921 +/- 0.0
2022-09-12 18:00:34,960 mloop.controllers    INFO     Run:84 (machine learner)
2022-09-12 18:00:38,386 mloop.controllers    INFO     params [20.         20.          1.785       1.785       1.785      12.19184839
  0.          0.43500695  0.07496517  0.46853525  0.5        -8.
 -8.          8.         -8.         -8.         -4.38483778  8.
  8.         -8.          8.         -8.          8.          8.
 -1.76250455 -3.07388327]
2022-09-12 18:00:38,487 mloop.controllers    INFO     cost 0.028635120963483862 +/- 0.0
2022-09-12 18:00:38,488 mloop.controllers    INFO     Run:85 (machine learner)
2022-09-12 18:00:42,474 mloop.controllers    INFO     params [ 2.00000000e+01  2.00000000e+01  1.78500000e+00  1.78500000e+00
  1.78500000e+00  4.59843705e+00  0.00000000e+00  5.00000000e-01
  1.49446042e-03  5.00000000e-01  5.00000000e-01 -8.00000000e+00
 -8.00000000e+00  8.00000000e+00 -8.00000000e+00 -8.00000000e+00
 -8.00000000e+00  8.00000000e+00  4.44214258e+00 -8.00000000e+00
  8.00000000e+00 -8.00000000e+00  8.00000000e+00  8.00000000e+00
 -8.00000000e+00 -8.00000000e+00]
2022-09-12 18:00:42,576 mloop.controllers    INFO     cost 0.02711676533309974 +/- 0.0
2022-09-12 18:00:42,576 mloop.controllers    INFO     Run:86 (machine learner)
2022-09-12 18:00:47,569 mloop.controllers    INFO     params [20.         20.          1.785       1.785       1.785       4.
  0.          0.5         0.          0.24410956  0.         -8.
 -8.          8.         -8.          8.         -8.          8.
  8.         -8.          8.         -8.          8.          8.
 -8.         -8.        ]
2022-09-12 18:00:47,670 mloop.controllers    INFO     cost 0.026621905512966934 +/- 0.0
2022-09-12 18:00:47,671 mloop.controllers    INFO     Run:87 (machine learner)
2022-09-12 18:00:48,878 mloop.controllers    INFO     params [20.         20.          2.0342218   1.785       1.785      10.85516645
  0.          0.45556982  0.1804928   0.28194619  0.5        -8.
 -8.          8.         -6.990175   -8.         -6.68284422  8.
  7.73306094 -8.          8.         -8.          8.          8.
  5.53923431  5.53882899]
2022-09-12 18:00:48,980 mloop.controllers    INFO     cost 0.028106695713561256 +/- 0.0
2022-09-12 18:00:48,981 mloop.controllers    INFO     Run:88 (trainer)
2022-09-12 18:00:48,982 mloop.controllers    INFO     params [12.01544642  3.61003377 11.03389113  8.11196939 19.90271426  8.82147286
  0.03556927  0.10698176  0.05439244  0.26000861  0.25600912  0.43069279
  0.90633571  1.70991113  0.05343863  0.77258319 -0.27709674 -1.97501692
  3.16453631  2.02329827 -3.1699056   3.54849539  7.64789229 -2.32144694
 -1.97276053  5.17703032]
2022-09-12 18:00:49,083 mloop.controllers    INFO     cost 0.05928136557251457 +/- 0.0
2022-09-12 18:00:49,084 mloop.controllers    INFO     Run:89 (machine learner)
2022-09-12 18:00:52,081 mloop.controllers    INFO     params [20.         20.          1.785       1.785       4.87768635  4.
  0.          0.5         0.          0.34507684  0.36268281 -8.
 -8.          8.         -8.          6.52846256 -8.          8.
  8.         -8.          8.         -8.          8.          8.
  8.          8.        ]
2022-09-12 18:00:52,182 mloop.controllers    INFO     cost 0.027289480016925872 +/- 0.0
2022-09-12 18:00:52,182 mloop.controllers    INFO     Run:90 (machine learner)
2022-09-12 18:00:55,900 mloop.controllers    INFO     params [20.         20.          1.785       1.785       1.785       4.
  0.          0.5         0.          0.49508995  0.31028786 -8.
 -8.          8.         -8.          8.         -8.          8.
  8.         -8.          8.          8.          8.          8.
  8.          8.        ]
2022-09-12 18:00:56,001 mloop.controllers    INFO     cost 0.026621894484744127 +/- 0.0
2022-09-12 18:00:56,002 mloop.controllers    INFO     Run:91 (machine learner)
2022-09-12 18:00:59,455 mloop.controllers    INFO     params [20.    20.     1.785  1.785 20.     4.     0.     0.5    0.     0.5
  0.5   -8.     8.     8.    -8.    -8.    -8.     8.     8.    -8.
  8.    -8.     8.    -8.     8.     8.   ]
2022-09-12 18:00:59,556 mloop.controllers    INFO     cost 0.026621316246338247 +/- 0.0
2022-09-12 18:00:59,557 mloop.controllers    INFO     Run:92 (machine learner)
2022-09-12 18:01:01,052 mloop.controllers    INFO     params [20.         20.          1.785       1.785       1.785       6.26044285
  0.          0.5         0.          0.22598494  0.37487027 -8.
 -8.          8.         -8.         -3.16848182 -8.          8.
  8.         -8.          8.         -7.317238    8.          8.
  8.          7.08769491]
2022-09-12 18:01:01,153 mloop.controllers    INFO     cost 0.027621175236708907 +/- 0.0
2022-09-12 18:01:01,154 mloop.controllers    INFO     Run:93 (trainer)
2022-09-12 18:01:01,156 mloop.controllers    INFO     params [18.14328107  9.46357258  9.51394892  6.42473523  6.03757376 12.19978886
  0.30830122  0.08579366  0.13637188  0.15594725  0.05595425 -0.710563
  6.49099622 -2.14992245  7.16135324  4.75825748 -0.48180425  1.5678676
 -4.51289345  4.50150089  2.48626689 -1.71804707  3.49177687  0.30273709
  1.21239441 -2.80772642]
2022-09-12 18:01:01,258 mloop.controllers    INFO     cost 0.057710708424086044 +/- 0.0
2022-09-12 18:01:01,258 mloop.controllers    INFO     Run:94 (machine learner)
2022-09-12 18:01:05,171 mloop.controllers    INFO     params [20.         20.          1.785       1.785       1.785       4.
  0.          0.5         0.          0.5         0.         -8.
 -8.         -3.42853696 -8.          8.         -8.          8.
  8.         -8.          8.          7.42727741 -0.58331006  8.
 -8.         -8.        ]
2022-09-12 18:01:05,273 mloop.controllers    INFO     cost 0.027882264766551226 +/- 0.0
2022-09-12 18:01:05,273 mloop.controllers    INFO     Run:95 (machine learner)
2022-09-12 18:01:08,641 mloop.controllers    INFO     params [20.    20.     1.785  1.785  1.785  4.     0.     0.5    0.     0.5
  0.    -8.    -8.    -8.    -8.     8.    -8.     8.     8.    -8.
  8.     8.    -8.     8.    -8.    -8.   ]
2022-09-12 18:01:08,742 mloop.controllers    INFO     cost 0.026621316246338247 +/- 0.0
2022-09-12 18:01:08,743 mloop.controllers    INFO     Run:96 (machine learner)
2022-09-12 18:01:10,859 mloop.controllers    INFO     params [20.    20.     1.785  1.785  1.785  4.     0.5    0.5    0.     0.5
  0.    -8.    -8.    -8.    -8.     8.    -8.     8.     8.     8.
 -8.     8.     8.     8.     8.    -8.   ]
2022-09-12 18:01:10,960 mloop.controllers    INFO     cost 0.026621316246338247 +/- 0.0
2022-09-12 18:01:10,961 mloop.controllers    INFO     Run:97 (machine learner)
2022-09-12 18:01:12,377 mloop.controllers    INFO     params [20.         20.          1.785       1.785       1.785       4.
  0.          0.5         0.          0.5         0.16926351 -8.
 -8.          8.         -8.          8.         -8.          8.
  7.23137407 -8.          8.         -3.43011861  5.60099025  8.
 -8.         -8.        ]
2022-09-12 18:01:12,479 mloop.controllers    INFO     cost 0.027582466943521972 +/- 0.0
2022-09-12 18:01:12,480 mloop.controllers    INFO     Run:98 (trainer)
2022-09-12 18:01:12,481 mloop.controllers    INFO     params [ 4.71655687e+00  1.20806711e+01  1.79551985e+00  1.77780238e+01
  6.45474221e+00  1.47958732e+01  4.22450297e-01  2.10503984e-01
  5.65851044e-02  1.02693990e-03  1.55211174e-01  2.94382890e+00
 -3.60875992e+00 -2.29698165e+00 -5.68570452e+00 -1.11708546e+00
  3.41174018e-01  4.04272998e+00  3.11951279e+00  5.12635770e+00
  7.42926706e-01  5.45222369e+00  4.25313450e+00 -6.91948937e+00
  5.59381525e+00  4.35811744e-01]
2022-09-12 18:01:12,582 mloop.controllers    INFO     cost 0.046968929929823766 +/- 0.0
2022-09-12 18:01:12,583 mloop.controllers    INFO     Run:99 (machine learner)
2022-09-12 18:01:58,899 mloop.controllers    INFO     params [20.         20.          1.785       1.785       1.785       4.
  0.25764935  0.5         0.          0.09904275  0.         -8.
 -8.         -8.         -8.          8.         -8.          8.
  8.         -4.11130341 -8.          8.         -8.          8.
  6.56534283 -8.        ]
2022-09-12 18:01:59,001 mloop.controllers    INFO     cost 0.02728790104942727 +/- 0.0
2022-09-12 18:01:59,002 mloop.controllers    INFO     Run:100 (machine learner)
2022-09-12 18:02:28,059 mloop.controllers    INFO     params [20.         20.          1.785       1.785       1.785       4.
  0.5         0.5         0.          0.33366157  0.         -8.
 -8.         -8.         -8.          8.          8.          8.
  8.          8.         -8.          8.         -8.          8.
 -8.         -8.        ]
2022-09-12 18:02:28,184 mloop.controllers    INFO     cost 0.02662183981082816 +/- 0.0
2022-09-12 18:02:28,185 mloop.controllers    INFO     Controller finished. Closing down M-LOOP. Please wait a moment...
2022-09-12 18:02:28,186 mloop.controllers    DEBUG    ML learner end set.
2022-09-12 18:02:50,584 mloop.controllers    DEBUG    ML learner joined
2022-09-12 18:02:50,585 mloop.controllers    DEBUG    Learner end event set.
2022-09-12 18:02:50,586 mloop.controllers    DEBUG    Interface end event set.
2022-09-12 18:02:50,659 mloop.learners.1     DEBUG    Learner end signal received. Ending
2022-09-12 18:02:51,201 mloop.interfaces     DEBUG    Interface ended
2022-09-12 18:02:51,661 mloop.controllers    DEBUG    Learner joined.
2022-09-12 18:02:51,662 mloop.controllers    DEBUG    Interface joined.
2022-09-12 18:02:51,682 mloop.controllers    INFO     Optimization ended because:
2022-09-12 18:02:51,683 mloop.controllers    INFO     	* Maximum number of runs reached.
2022-09-12 18:02:51,683 mloop.controllers    INFO     Results:
2022-09-12 18:02:51,684 mloop.controllers    INFO     	* Best parameters found:[20.    20.     1.785  1.785 20.     4.     0.     0.5    0.     0.5
  0.5   -8.     8.     8.    -8.    -8.    -8.     8.     8.    -8.
  8.    -8.     8.    -8.     8.     8.   ]
2022-09-12 18:02:51,684 mloop.controllers    INFO     	* Best cost returned:0.026621316246338247 +/- 0.0
2022-09-12 18:02:51,685 mloop.controllers    INFO     	* Best run number:91
2022-09-12 18:02:51,686 mloop.controllers    INFO     	* Predicted best parameters:[20.         20.          1.785       1.785       1.785       4.
  0.31584013  0.5         0.          0.38044425  0.         -8.
 -8.         -8.         -5.07362489  8.          2.79253172  8.
  2.81705949  8.         -8.          8.         -8.          8.
  1.18783509 -8.        ]
2022-09-12 18:02:51,686 mloop.controllers    INFO     	* Predicted best cost:0.025358241782936906 +/- 0.0022741102491898348
2022-09-12 18:02:51,686 mloop.controllers    INFO     M-LOOP Done.
2022-09-12 18:02:51,687 mloop.visualizations DEBUG    Creating controller visualizations.
2022-09-12 18:02:51,903 mloop.visualizations DEBUG    Creating learner visualizations.
2022-09-12 18:02:51,915 mloop.visualizations DEBUG    Creating Gaussian process visualizer.
2022-09-12 18:02:51,926 mloop.learners.3     DEBUG    Learner init completed.
2022-09-12 18:02:51,928 mloop.visualizations DEBUG    Fitting Gaussian process.
2022-09-12 18:02:52,182 mloop.visualizations INFO     Showing visualizations, close all to end M-LOOP.
