2022-09-12 17:51:43,706 mloop                INFO     M-LOOP version 3.3.1
2022-09-12 17:51:43,707 mloop                DEBUG    M-LOOP Logger configured.
2022-09-12 17:51:43,707 mloop.interfaces     DEBUG    Creating interface.
2022-09-12 17:51:43,709 mloop.controllers    DEBUG    Controller init completed.
2022-09-12 17:51:43,709 mloop.learners.1     DEBUG    Learner init completed.
2022-09-12 17:51:43,711 mloop.learners.2     DEBUG    Learner init completed.
2022-09-12 17:51:43,713 mloop.controllers    INFO     Optimization started.
2022-09-12 17:51:43,715 mloop.interfaces     DEBUG    Entering main loop of interface.
2022-09-12 17:51:43,715 mloop.controllers    DEBUG    ML learner started.
2022-09-12 17:51:43,721 mloop.controllers    DEBUG    Starting training optimization.
2022-09-12 17:51:43,721 mloop.controllers    INFO     Run:1 (training)
2022-09-12 17:51:43,724 mloop.controllers    INFO     params [ 5.26744437  5.29320927 18.389139   18.82180091 15.32407216 15.48695616
  0.29692255  0.39713032  0.49750105  0.40435228  0.42582982  0.95535505
  1.97333109 -3.96544367 -1.48682671 -6.82120196  6.14590938  1.7200974
 -3.24864658  7.92769188 -1.49465467  3.085025   -5.89449606 -7.8467106
 -6.39699324  5.27950917]
2022-09-12 17:51:43,829 mloop.controllers    INFO     cost -3.991023141063038 +/- 0.0
2022-09-12 17:51:43,830 mloop.controllers    INFO     Run:2 (training)
2022-09-12 17:51:43,833 mloop.controllers    INFO     params [ 3.50093228 19.27913749 13.1974858  15.18937719  8.6930877   7.61353216
  0.03422181  0.226848    0.42097596  0.34707333  0.44250112  2.87817403
 -1.24815513  6.51430199 -2.56131927  3.63810969 -4.92140746  3.61490552
  1.29036526 -5.14596946 -4.46077328 -4.35586386 -3.8263727  -4.94754753
  1.1533517   7.66752885]
2022-09-12 17:51:43,934 mloop.controllers    INFO     cost -4.783425955575803 +/- 0.0
2022-09-12 17:51:43,935 mloop.controllers    INFO     Run:3 (training)
2022-09-12 17:51:43,936 mloop.controllers    INFO     params [11.97456428  5.59681933  8.9777652   3.03881568  9.13192322  7.45121333
  0.49381832  0.24603543  0.21144955  0.43211753  0.44802422 -7.98683175
  4.16123481 -1.34374539 -4.97523514 -1.63162187 -1.67163951  0.83567923
 -4.19549327 -2.58600219  4.27866361 -7.18755282  2.80246637  7.84888754
 -4.84752277 -7.05674537]
2022-09-12 17:51:44,037 mloop.controllers    INFO     cost -4.542531664889413 +/- 0.0
2022-09-12 17:51:44,038 mloop.controllers    INFO     Run:4 (training)
2022-09-12 17:51:44,040 mloop.controllers    INFO     params [13.43815695  9.78027227 15.37428082  9.8712197  19.12643551 14.72671908
  0.04280453  0.23654713  0.08036382  0.42611564  0.28116188  3.53660438
 -0.49184101 -3.8339643  -6.71598169  4.43525007  6.03663265  7.63392097
  6.61204327 -7.86604612  4.97652466 -2.90984195  1.50587119 -5.75916647
 -3.02821994  3.68817932]
2022-09-12 17:51:44,141 mloop.controllers    INFO     cost -5.309028471854552 +/- 0.0
2022-09-12 17:51:44,141 mloop.controllers    INFO     Run:5 (training)
2022-09-12 17:51:44,143 mloop.controllers    INFO     params [10.9873686  19.72757089 11.22058743  8.07231773  4.26911704 12.99335139
  0.11488228  0.32158659  0.17467676  0.4145157   0.07162752 -0.22081948
 -0.27762044 -5.99219018 -5.26094049  0.88244843  0.67862183  2.64520257
  7.38573833  1.22034564 -5.56993775  5.7514737  -4.83408878 -2.92065326
  1.59650748 -5.68411857]
2022-09-12 17:51:44,244 mloop.controllers    INFO     cost -8.709839834092362 +/- 0.0
2022-09-12 17:51:44,244 mloop.controllers    INFO     Run:6 (training)
2022-09-12 17:51:44,246 mloop.controllers    INFO     params [16.73181714 17.5739725   8.99112754 19.07698201  2.06121107 10.92329829
  0.20197191  0.43548316  0.21102885  0.0917195   0.22425032 -3.71728304
  5.04855087 -4.0470169   3.97391162  7.24362434 -7.80165334  3.31911322
  3.56180311  0.30981985 -7.52676099  0.59286128  0.09664003  7.24791013
 -6.05702216 -4.43881612]
2022-09-12 17:51:44,347 mloop.controllers    INFO     cost -7.042102576378802 +/- 0.0
2022-09-12 17:51:44,347 mloop.controllers    INFO     Run:7 (training)
2022-09-12 17:51:44,349 mloop.controllers    INFO     params [ 1.80182058 19.44103623  6.18859232  4.86458486  4.19519524 14.69629271
  0.40820437  0.29721144  0.39551781  0.05596878  0.22357777  5.43031926
 -2.37560819  6.37155381 -7.19600467  0.63326884 -0.19867002  6.14784383
  5.67930964  0.84232858  5.23173528  4.77607988 -6.60348958  6.75441457
  2.07268229  2.1958483 ]
2022-09-12 17:51:44,450 mloop.controllers    INFO     cost -6.876738697656506 +/- 0.0
2022-09-12 17:51:44,451 mloop.controllers    INFO     Run:8 (training)
2022-09-12 17:51:44,452 mloop.controllers    INFO     params [ 1.12289789e+01  1.53039707e+01  8.69968182e+00  8.14636833e+00
  8.70296394e+00  1.13924992e+01  1.18413518e-02  4.76150162e-01
  2.31046947e-01  4.12416584e-01  6.65259651e-02  4.38133801e+00
  7.00703929e+00  6.82505851e+00 -3.62443222e+00  3.13380847e+00
  3.48446763e+00  1.62980368e+00 -3.30729665e+00 -7.56102266e+00
 -4.22916537e+00 -8.90576195e-01  5.19894007e+00 -5.66535893e+00
 -5.81328084e+00  3.94149020e+00]
2022-09-12 17:51:44,553 mloop.controllers    INFO     cost -5.271901428430686 +/- 0.0
2022-09-12 17:51:44,554 mloop.controllers    INFO     Run:9 (training)
2022-09-12 17:51:44,556 mloop.controllers    INFO     params [ 9.42798719  7.97681929 16.84320741 15.69214578 19.44755459  7.04294376
  0.29118868  0.11140445  0.08675941  0.36591695  0.05937335  0.34960263
 -0.21541865  3.39307384 -4.8613716  -5.3379661   6.65139189 -6.89700511
 -3.06623258 -0.05423597 -5.33779571 -4.52762193  7.43059813 -4.89844737
 -3.27953306 -1.71169176]
2022-09-12 17:51:44,658 mloop.controllers    INFO     cost -7.166061690065703 +/- 0.0
2022-09-12 17:51:44,658 mloop.controllers    INFO     Run:10 (training)
2022-09-12 17:51:44,660 mloop.controllers    INFO     params [12.46801588 11.89204995  4.69138641  9.59579895 19.37438609  4.78202062
  0.20735209  0.33677233  0.04932826  0.43524726  0.28595641 -4.77421675
 -3.6509786  -0.66927476  1.53378916 -7.91902128 -5.26669384  5.01062011
  0.23604705 -0.16571838 -4.2446544  -4.69492075  0.05802627  2.79757344
 -0.68621334 -2.48494051]
2022-09-12 17:51:44,761 mloop.controllers    INFO     cost -8.161170502461003 +/- 0.0
2022-09-12 17:51:44,761 mloop.controllers    INFO     Run:11 (training)
2022-09-12 17:51:44,763 mloop.controllers    INFO     params [15.60811397 19.79909483  6.29978872 18.40762922  4.86477181  7.37321336
  0.43701341  0.11278836  0.03039355  0.40776475  0.21164955  2.49482773
 -3.28902234 -0.05909189  2.82277083 -3.4993585  -3.35122853 -3.6001134
 -6.0936736  -4.89089279  2.12953022 -5.54873812 -6.36429624 -3.95362221
 -0.36744321  5.46152941]
2022-09-12 17:51:44,864 mloop.controllers    INFO     cost -6.648783862526123 +/- 0.0
2022-09-12 17:51:44,865 mloop.controllers    INFO     Run:12 (training)
2022-09-12 17:51:44,867 mloop.controllers    INFO     params [ 3.45327204 15.36542923 15.24948094 10.84692205 13.71213918 14.01984913
  0.22905188  0.29404683  0.1379846   0.17978141  0.29419663 -0.24211796
  0.06123012  2.80972249 -6.58527017 -3.82386237 -1.62377766  3.96173711
  3.8531218   5.83117613  7.57712162 -7.14416189 -4.62614229  2.02824321
 -1.38777987  6.25152345]
2022-09-12 17:51:44,968 mloop.controllers    INFO     cost -7.670484232312822 +/- 0.0
2022-09-12 17:51:44,969 mloop.controllers    INFO     Run:13 (training)
2022-09-12 17:51:44,970 mloop.controllers    INFO     params [ 1.97599135e+01  1.65963760e+01  1.92229120e+01  1.30223555e+01
  1.48567355e+01  1.57885097e+01  1.47408422e-02  1.44843577e-01
  1.18299147e-01  4.76095819e-01  3.64914724e-01 -7.22782615e+00
 -6.44869546e+00 -4.50605076e+00  7.08726302e+00 -7.29002322e+00
 -3.77897289e+00 -6.57776326e+00 -3.84938161e+00  7.21126745e+00
 -1.25357674e+00 -6.22171009e+00  3.05847857e-01  4.61097661e-01
 -1.80496110e+00  1.92640787e+00]
2022-09-12 17:51:45,071 mloop.controllers    INFO     cost -6.002744158838525 +/- 0.0
2022-09-12 17:51:45,072 mloop.controllers    INFO     Run:14 (training)
2022-09-12 17:51:45,073 mloop.controllers    INFO     params [15.16706943 17.81711537 19.49004193 10.76748957  5.7809879   6.7626182
  0.44388961  0.04337203  0.22246484  0.0353254   0.45537884 -0.66063395
  1.28518884  1.18780478  0.46584318  5.43262823 -4.84089085  4.75733378
 -1.02303816 -0.06379981 -0.37363687 -0.21999988  0.77420606  5.15462183
  2.72183859  7.81165554]
2022-09-12 17:51:45,175 mloop.controllers    INFO     cost -9.480035377705377 +/- 0.0
2022-09-12 17:51:45,175 mloop.controllers    INFO     Run:15 (training)
2022-09-12 17:51:45,177 mloop.controllers    INFO     params [18.70447246  3.39338275 13.8729559  18.1936929   3.61943729 13.28012747
  0.1967337   0.03261948  0.07160731  0.33793154  0.47039949 -4.66692694
  2.6381591   3.38650135  0.69647587  2.40165266 -3.81738301 -3.39188675
 -4.23122313 -6.34647807  4.68500171 -7.84969916  4.09845169 -6.79238223
 -0.43307651  1.73008962]
2022-09-12 17:51:45,278 mloop.controllers    INFO     cost -5.786642346365297 +/- 0.0
2022-09-12 17:51:45,278 mloop.controllers    INFO     Run:16 (training)
2022-09-12 17:51:45,280 mloop.controllers    INFO     params [ 4.54842180e+00  1.75494200e+01  1.97565982e+01  1.96034089e+00
  3.37180029e+00  1.27888790e+01  4.70312480e-01  9.58337431e-02
  4.47952440e-01  1.34662139e-02  1.94856539e-01  5.25727576e+00
  5.09171103e-01  4.88844276e+00 -7.79703661e+00  3.86103071e+00
  7.43053251e+00 -5.90139227e+00  7.40537002e-01  4.75048524e+00
  7.61807731e+00  5.08625451e+00 -1.81012655e+00  2.66765959e+00
  3.02920835e+00  2.46483481e+00]
2022-09-12 17:51:45,382 mloop.controllers    INFO     cost -5.77609807492435 +/- 0.0
2022-09-12 17:51:45,382 mloop.controllers    INFO     Run:17 (training)
2022-09-12 17:51:45,384 mloop.controllers    INFO     params [12.32819795  5.67772598 17.21467668  8.76661336  6.47125426 15.23966893
  0.46680413  0.42240118  0.43363013  0.43836845  0.48142021  0.90906035
  4.87800383 -7.33723921  7.99150964 -2.45282995  1.75588811  5.15808836
  7.88087764 -4.51507596  1.18988485 -1.82324861  5.89545871  1.49497224
  1.83396646 -1.17880794]
2022-09-12 17:51:45,485 mloop.controllers    INFO     cost -3.961933027856596 +/- 0.0
2022-09-12 17:51:45,486 mloop.controllers    INFO     Run:18 (training)
2022-09-12 17:51:45,488 mloop.controllers    INFO     params [11.43961773  6.78027218 13.5835873  15.15644367  3.2893973   4.05574443
  0.32611998  0.30980872  0.31724881  0.35898022  0.03599186  2.50580369
 -5.35004254 -6.4789708  -1.89482757 -2.99717624 -5.55875261 -2.95265146
  5.52504566 -4.32896247 -5.09106299 -3.98332158 -5.43738139  7.39478217
 -5.94587799 -2.88395044]
2022-09-12 17:51:45,590 mloop.controllers    INFO     cost -5.535134259378356 +/- 0.0
2022-09-12 17:51:45,590 mloop.controllers    INFO     Run:19 (training)
2022-09-12 17:51:45,593 mloop.controllers    INFO     params [18.86265533 16.01871279  2.76536527 18.79865497  2.12516884  7.76534416
  0.08237255  0.2438538   0.1202917   0.35666901  0.07769902  6.59735372
 -5.17335236  5.6749504  -2.18488522  5.4377646  -0.37210235 -5.44054922
  2.00844685  5.01237914 -1.76939044 -2.96035666 -1.1329212   1.64537726
 -1.83641464  2.38393224]
2022-09-12 17:51:45,694 mloop.controllers    INFO     cost -5.322440738571724 +/- 0.0
2022-09-12 17:51:45,694 mloop.controllers    INFO     Run:20 (training)
2022-09-12 17:51:45,696 mloop.controllers    INFO     params [19.73725371 12.27139127 17.15705607  3.28319888 18.69403303 11.65711276
  0.31019561  0.14699929  0.34813049  0.42747313  0.36989528 -2.78187211
 -2.5114447   3.71567168  3.858846   -2.75863043  2.0608643   7.74620524
 -4.41855003 -1.89176055  1.78683821 -5.54222234 -7.49212712  7.3725332
  7.86621418  7.72691878]
2022-09-12 17:51:45,797 mloop.controllers    INFO     cost -4.386530347258712 +/- 0.0
2022-09-12 17:51:45,798 mloop.controllers    INFO     Run:21 (training)
2022-09-12 17:51:45,800 mloop.controllers    INFO     params [ 8.89141295e+00  1.36202243e+01  7.57566046e+00  1.38750598e+01
  1.65681477e+01  1.55730428e+01  3.47275025e-01  4.82535015e-01
  5.36609137e-02  5.48298334e-03  2.92525840e-02 -1.50300127e-02
  6.30214303e+00  8.70147606e-01 -3.23850831e-01  6.99983388e+00
 -1.96189281e+00 -6.36876302e-01 -5.24876125e+00 -4.91556307e+00
  3.09584511e+00 -2.36144233e+00 -4.69090109e+00 -2.04225783e+00
  2.09944058e+00  7.42867125e+00]
2022-09-12 17:51:45,901 mloop.controllers    INFO     cost -7.176942105865612 +/- 0.0
2022-09-12 17:51:45,901 mloop.controllers    INFO     Run:22 (training)
2022-09-12 17:51:45,903 mloop.controllers    INFO     params [ 9.49891868  8.14889991 17.7956401   6.47069809 16.34305618 15.09829063
  0.03484087  0.45192982  0.32487398  0.15711268  0.35057104  0.78454835
 -5.66223319  2.87853927 -1.43956526 -6.99898099 -4.4315996  -1.28284152
  6.8865376  -6.3351632   7.42639193 -6.88158848 -5.21414148  3.66390588
 -3.20636534 -2.41468407]
2022-09-12 17:51:46,004 mloop.controllers    INFO     cost -4.590042722477172 +/- 0.0
2022-09-12 17:51:46,005 mloop.controllers    INFO     Run:23 (training)
2022-09-12 17:51:46,006 mloop.controllers    INFO     params [ 4.08661237  5.78585085 14.52252457  8.85548711 14.13719589  4.28044239
  0.2101979   0.32914401  0.14418702  0.30528535  0.24345332  3.00052241
 -3.00747148 -7.32103136  6.58473512 -1.57706527 -4.28522912  7.59402539
 -6.83170571  3.31745738 -5.69519543  1.0828073   3.92866347 -5.7552209
 -6.5804653   0.25999613]
2022-09-12 17:51:46,108 mloop.controllers    INFO     cost -5.330081442569907 +/- 0.0
2022-09-12 17:51:46,108 mloop.controllers    INFO     Run:24 (training)
2022-09-12 17:51:46,110 mloop.controllers    INFO     params [ 5.38333914 11.09733137  3.19261891  4.38548851  5.61766517  9.85251464
  0.42305696  0.44836591  0.30360398  0.31249094  0.42074655  2.29216952
 -1.72942304  4.93242396  6.43647369  4.67819298 -6.58775345 -6.29439517
  3.86575502 -2.41865171 -5.07145347  5.92689684  6.62041508 -6.87953823
 -6.35368611  6.76565082]
2022-09-12 17:51:46,211 mloop.controllers    INFO     cost -7.022728285673261 +/- 0.0
2022-09-12 17:51:46,212 mloop.controllers    INFO     Run:25 (training)
2022-09-12 17:51:46,214 mloop.controllers    INFO     params [ 2.09249299 16.5647449   7.6895086  11.23076844 14.65037262 13.79030843
  0.35467197  0.49097581  0.21752733  0.39514189  0.19147469 -1.36293169
  7.99197676 -7.26029431  0.38406276 -7.68540679 -7.47108971  2.950086
  6.24041167  7.3553948  -0.60043877 -6.05102174 -1.03884652 -3.51150362
 -3.70987581  5.342769  ]
2022-09-12 17:51:46,315 mloop.controllers    INFO     cost -6.203227275455165 +/- 0.0
2022-09-12 17:51:46,315 mloop.controllers    INFO     Run:26 (training)
2022-09-12 17:51:46,317 mloop.controllers    INFO     params [15.88249276 19.90077073 10.68457002  7.30667069  7.84539817  4.05858947
  0.39906636  0.0238116   0.33212567  0.15987043  0.03145271 -6.58296942
 -0.41044723  1.99969972  0.38359449  2.67647809 -2.9156242  -3.92517377
 -1.74848537  4.97046478  1.77273411  5.88600875  5.14395303 -2.77047714
  4.77439843 -6.89524031]
2022-09-12 17:51:46,418 mloop.controllers    INFO     cost -7.125934579865576 +/- 0.0
2022-09-12 17:51:46,419 mloop.controllers    INFO     Run:27 (training)
2022-09-12 17:51:46,421 mloop.controllers    INFO     params [ 6.63725598  4.87553292 18.74550588 11.15444265 11.94515603 10.26911996
  0.06599437  0.43690548  0.20521463  0.21765004  0.44463033 -1.02331906
  1.86429611 -5.9702374  -0.0429189   6.83152753  4.90834264  0.58335408
  3.97520368 -2.89176738 -0.21010699  7.31150418 -7.89643883  3.90692625
  1.20916143 -0.32298013]
2022-09-12 17:51:46,522 mloop.controllers    INFO     cost -9.618025655990593 +/- 0.0
2022-09-12 17:51:46,522 mloop.controllers    INFO     Run:28 (training)
2022-09-12 17:51:46,524 mloop.controllers    INFO     params [ 7.91786039 15.81668412 17.87726643 19.08385952  6.86247715 11.95022183
  0.10106082  0.34170553  0.42334932  0.08205477  0.220485    1.28514231
  5.14240965 -2.12724825  5.97364006  6.82943781  7.29901438 -1.72987843
  2.35666355  6.97786046  2.84711402 -2.25266565  3.07922856 -7.92763344
  1.61611904  1.04127279]
2022-09-12 17:51:46,625 mloop.controllers    INFO     cost -4.587533842829771 +/- 0.0
2022-09-12 17:51:46,626 mloop.controllers    INFO     Run:29 (training)
2022-09-12 17:51:46,628 mloop.controllers    INFO     params [14.48736902  4.36381568  8.19355982 13.92889435 13.38709254  6.85770848
  0.35249599  0.04213926  0.26695688  0.11063148  0.17191534 -1.33813172
 -7.55451509  1.30008477 -5.35590002  5.89045857 -3.0056605  -7.0392679
 -5.00456747 -4.17631089  0.49205747  2.54491678 -7.461101   -0.93165958
 -4.05162412  4.66643241]
2022-09-12 17:51:46,729 mloop.controllers    INFO     cost -5.3879148146515 +/- 0.0
2022-09-12 17:51:46,729 mloop.controllers    INFO     Run:30 (training)
2022-09-12 17:51:46,731 mloop.controllers    INFO     params [ 6.94116668e+00  1.98937374e+01  6.18627020e+00  1.64747013e+01
  1.31714334e+01  1.08429809e+01  1.85788328e-01  3.40263631e-01
  6.50713633e-02  7.93170367e-02  3.74215158e-02 -7.30059544e+00
 -6.48105904e+00  2.87607732e+00 -5.39702861e+00  4.27358104e+00
 -3.01451835e+00 -3.44560532e+00  2.03107683e-01 -1.24674857e+00
  4.63530743e+00  1.73192953e+00 -5.88670496e+00 -1.21742748e+00
 -1.65006362e-02 -1.20518650e+00]
2022-09-12 17:51:46,832 mloop.controllers    INFO     cost -6.374766857390564 +/- 0.0
2022-09-12 17:51:46,832 mloop.controllers    INFO     Run:31 (training)
2022-09-12 17:51:46,834 mloop.controllers    INFO     params [13.44753692  8.4672753  12.5709635   3.19178223  4.25053185 12.66014663
  0.39337565  0.33211116  0.15924829  0.12114065  0.25727725  6.06506833
  5.99180758 -1.19722253 -3.08250634  2.52036475  6.48291851  7.51574393
 -1.25766992 -7.52436094 -1.26611427  2.24554349 -3.05036008 -7.85950864
 -6.88366549  5.34630625]
2022-09-12 17:51:46,935 mloop.controllers    INFO     cost -4.697362821379772 +/- 0.0
2022-09-12 17:51:46,935 mloop.controllers    INFO     Run:32 (training)
2022-09-12 17:51:46,938 mloop.controllers    INFO     params [18.15991907 17.26501638  9.04846047 18.33867744 16.46363695 14.68212845
  0.27414594  0.20943991  0.04746999  0.49855126  0.04483819  4.51770134
  1.13579341 -7.09293443  1.20937241 -1.85366082 -7.74131389 -2.08173513
  1.57232357 -3.95226961 -5.19634242 -6.5417382   7.55348995  4.43839684
 -2.98718302  2.67029913]
2022-09-12 17:51:47,039 mloop.controllers    INFO     cost -4.307827887093102 +/- 0.0
2022-09-12 17:51:47,039 mloop.controllers    INFO     Run:33 (training)
2022-09-12 17:51:47,041 mloop.controllers    INFO     params [17.32316435 17.70134973  7.16159984  8.80457722 19.56154225 11.85853392
  0.27004174  0.12699243  0.1732852   0.37817881  0.47927726 -2.12650405
  4.20642577  2.40486612 -7.94862105  5.61952532  5.8916642  -5.26203431
  5.98746079 -0.70193193  6.91324385 -4.66046934 -0.81614467 -5.68289815
  7.15939286 -0.52626713]
2022-09-12 17:51:47,142 mloop.controllers    INFO     cost -6.155764611317584 +/- 0.0
2022-09-12 17:51:47,143 mloop.controllers    INFO     Run:34 (training)
2022-09-12 17:51:47,145 mloop.controllers    INFO     params [ 4.61638938  6.14086763  7.59306612  8.17607995  8.26753465 15.36055119
  0.02718501  0.260697    0.31990229  0.32657991  0.38273958  7.8609936
  7.418044   -4.6387235  -3.35692965  4.98604037  4.32705566 -2.65699581
  6.26924888  6.29530001 -0.47814728 -7.60797719 -0.36219435  4.3536345
 -5.30249411 -4.63364778]
2022-09-12 17:51:47,246 mloop.controllers    INFO     cost -6.700796028053625 +/- 0.0
2022-09-12 17:51:47,247 mloop.controllers    INFO     Run:35 (training)
2022-09-12 17:51:47,248 mloop.controllers    INFO     params [16.01884249  7.21754829  9.84473693 11.02446224  8.30527864  4.8883114
  0.26146354  0.31523849  0.11901531  0.24997412  0.02039413 -6.918605
 -2.92809017 -5.58806888 -1.97970755  2.92966325 -7.65402846  2.80157328
 -5.2601956   6.54289919  4.24773265 -7.1146197  -0.30743128 -2.9940107
  2.3653731  -5.01774092]
2022-09-12 17:51:47,349 mloop.controllers    INFO     cost -6.8436776525433505 +/- 0.0
2022-09-12 17:51:47,350 mloop.controllers    INFO     Run:36 (training)
2022-09-12 17:51:47,353 mloop.controllers    INFO     params [ 7.70159067  3.92215747 19.24504248 14.08303781 11.81411225 10.19363745
  0.28913734  0.38611639  0.35560574  0.31591872  0.0384956  -3.25885837
 -3.43929481 -3.86792606  1.02326667 -1.91490914  3.03881123  6.99057749
 -5.66446339  3.89500055  1.95268839  6.98850994 -0.58988939  3.29619032
  3.98492606 -3.9598353 ]
2022-09-12 17:51:47,454 mloop.controllers    INFO     cost -5.875442051271748 +/- 0.0
2022-09-12 17:51:47,454 mloop.controllers    INFO     Run:37 (training)
2022-09-12 17:51:47,456 mloop.controllers    INFO     params [11.13505088 18.5632754   4.72691694  8.37065486 11.52521682  4.72766506
  0.32701144  0.22469515  0.45896137  0.05315298  0.19290263  3.41499547
 -3.08948622  6.92077094  0.80523985  1.23442768 -2.09635006 -4.22986257
 -4.33937864  3.01076421  6.61439618 -3.93987079 -3.77096119 -0.74410846
 -4.31641912 -3.44502523]
2022-09-12 17:51:47,557 mloop.controllers    INFO     cost -6.642768613944347 +/- 0.0
2022-09-12 17:51:47,558 mloop.controllers    INFO     Run:38 (training)
2022-09-12 17:51:47,560 mloop.controllers    INFO     params [15.95411436 17.51123693 12.25766792  5.75639001 13.83677507  9.8168383
  0.39251289  0.35993624  0.1444225   0.35692279  0.0840379  -0.19404468
  7.45201505  7.28264678 -6.20218173  5.72764635  3.92288722  3.88868324
  0.36405168  3.14158402  2.35700527 -7.25427429  1.96588391  7.89218533
 -1.1672248  -4.15081702]
2022-09-12 17:51:47,661 mloop.controllers    INFO     cost -7.13848611339751 +/- 0.0
2022-09-12 17:51:47,661 mloop.controllers    INFO     Run:39 (training)
2022-09-12 17:51:47,663 mloop.controllers    INFO     params [ 1.97150788e+01  1.57770184e+01  1.37276536e+01  5.46831040e+00
  5.47353047e+00  5.68633279e+00  2.82285602e-01  1.45476780e-01
  1.05119549e-02  3.58507296e-01  4.24191529e-01 -5.73939251e+00
 -4.67770310e+00  6.79504356e+00  4.19262550e+00  1.28208928e+00
 -6.16865839e+00 -1.08285443e+00 -2.14748419e+00 -7.24637832e+00
 -1.61229662e+00 -6.82852931e+00 -2.33283780e+00  1.96650457e+00
  7.58711046e-01 -5.97195991e+00]
2022-09-12 17:51:47,764 mloop.controllers    INFO     cost -4.9713081558375976 +/- 0.0
2022-09-12 17:51:47,765 mloop.controllers    INFO     Run:40 (training)
2022-09-12 17:51:47,766 mloop.controllers    INFO     params [ 8.54822998e+00  1.98415664e+00  1.34355989e+01  1.27446990e+01
  1.99267369e+00  1.36572955e+01  3.81315044e-03  3.38006599e-01
  7.79026979e-02  4.47187656e-01  1.35243787e-01  5.03260186e+00
 -5.21908896e+00  7.32527244e+00 -5.43009903e-01  7.42491347e+00
  4.65774291e+00  4.94089686e+00 -1.98012181e+00  2.98421377e+00
  4.59081500e+00  4.82468995e+00 -1.21301135e+00  5.21811310e+00
 -1.83428702e+00 -3.83065777e+00]
2022-09-12 17:51:47,867 mloop.controllers    INFO     cost -5.165141905322753 +/- 0.0
2022-09-12 17:51:47,868 mloop.controllers    INFO     Run:41 (training)
2022-09-12 17:51:47,870 mloop.controllers    INFO     params [17.2750099   5.12178313  3.08542528 13.77684479 12.15488496 15.63830611
  0.48578453  0.33861305  0.2415714   0.31963329  0.21251829 -7.52329856
  3.18038488  7.27429105  6.0229392   2.38497728  0.44184022  3.27986974
 -5.56390286  2.67546002 -6.08088407 -1.40168329 -3.08355431 -2.63231452
 -0.45095111  4.57879613]
2022-09-12 17:51:47,971 mloop.controllers    INFO     cost -6.0016259528407785 +/- 0.0
2022-09-12 17:51:47,971 mloop.controllers    INFO     Run:42 (training)
2022-09-12 17:51:47,973 mloop.controllers    INFO     params [19.31646981  4.68006701  6.47383764 11.82864952  6.87631971  6.0526019
  0.37060575  0.26471017  0.07831128  0.02090022  0.16544683  7.65642132
  6.9372834  -0.89709735  5.50362422  6.19216527  3.0854109   3.38529943
  2.30376753  7.1111413   6.00526535  0.94732976 -1.50114077  6.55674988
  4.89716508 -5.60808783]
2022-09-12 17:51:48,074 mloop.controllers    INFO     cost -4.9264400011485545 +/- 0.0
2022-09-12 17:51:48,074 mloop.controllers    INFO     Run:43 (training)
2022-09-12 17:51:48,076 mloop.controllers    INFO     params [ 9.09565255  5.5208948   3.4603737  17.15131422 17.86356768 11.85280116
  0.12059145  0.02105815  0.44420909  0.04812006  0.17102055  1.22398977
  1.1313402  -3.17041301 -0.67678641  2.54402563  0.15346719  0.08399853
 -3.9289954  -7.6526302  -5.50158477 -7.86758481 -3.45467456 -5.69809897
  5.95163712 -7.84031606]
2022-09-12 17:51:48,177 mloop.controllers    INFO     cost -6.362514823993681 +/- 0.0
2022-09-12 17:51:48,178 mloop.controllers    INFO     Run:44 (training)
2022-09-12 17:51:48,180 mloop.controllers    INFO     params [ 3.86749026 13.67784404 16.29344292 14.51432873  7.86403309  6.77024121
  0.17863109  0.14849689  0.17315313  0.28358399  0.01920856 -7.95603967
  1.40521511 -1.99892274 -1.48392412 -5.70678133  7.17876871 -7.71690655
 -7.22875715 -2.71381562  1.09741572 -4.21594448 -1.92237925 -5.8035172
 -3.65304809  0.34670717]
2022-09-12 17:51:48,281 mloop.controllers    INFO     cost -4.884165731562412 +/- 0.0
2022-09-12 17:51:48,281 mloop.controllers    INFO     Run:45 (training)
2022-09-12 17:51:48,283 mloop.controllers    INFO     params [19.36614856  9.37185642 16.01798642  3.15854441  5.23630294 11.7547599
  0.0567655   0.08316936  0.48558659  0.14917384  0.04345287 -5.21657323
  1.72847446 -7.15885159 -1.8343374  -2.84257685 -4.62228038 -1.21966807
  0.71660166 -4.49365023 -5.35798021  3.78622102  0.78547739 -1.79114501
 -0.48473556  0.41654702]
2022-09-12 17:51:48,384 mloop.controllers    INFO     cost -5.833355546345438 +/- 0.0
2022-09-12 17:51:48,385 mloop.controllers    INFO     Run:46 (training)
2022-09-12 17:51:48,387 mloop.controllers    INFO     params [12.07897109  9.92768546  7.58851034 14.16850617  5.99953641 14.19024385
  0.18874782  0.43383414  0.4923992   0.49808853  0.26675551 -6.76428033
 -3.6081658   6.5178039  -3.73218941 -2.76630316  7.5649832  -1.26823427
  7.64702898  4.46309274  0.04424242 -7.26362814  2.24615629 -3.09129446
  4.00745267 -3.79198556]
2022-09-12 17:51:48,488 mloop.controllers    INFO     cost -5.347213692322224 +/- 0.0
2022-09-12 17:51:48,488 mloop.controllers    INFO     Run:47 (training)
2022-09-12 17:51:48,490 mloop.controllers    INFO     params [ 1.07783392e+01  1.37528894e+01  1.67122480e+01  5.51225718e+00
  1.98162385e+01  8.13816269e+00  1.46925530e-02  4.86242760e-01
  3.43991387e-01  1.80619701e-01  3.59047200e-02 -1.35265577e+00
 -3.26092753e+00  1.55350384e+00 -4.30828396e+00  4.28479905e+00
 -2.65446361e+00  7.02782131e+00  2.58988804e+00 -5.96648031e+00
  2.15393062e+00  7.47272805e+00 -1.68932609e-01  5.83840407e+00
 -4.59119431e-01 -2.82753794e+00]
2022-09-12 17:51:48,591 mloop.controllers    INFO     cost -7.152729541575547 +/- 0.0
2022-09-12 17:51:48,592 mloop.controllers    INFO     Run:48 (training)
2022-09-12 17:51:48,594 mloop.controllers    INFO     params [11.67241047  1.830711   18.83044515 13.90622354  6.83986048 10.29485525
  0.35065719  0.43265396  0.12984733  0.18859818  0.08699513 -0.21821482
  7.19170148 -2.71711041  1.5839273  -4.45226223  4.32166785 -3.1544275
 -3.38730144 -4.03269005 -2.27943112  2.67317568 -5.55644304 -6.14966508
  0.53231801  2.06968697]
2022-09-12 17:51:48,695 mloop.controllers    INFO     cost -7.57960195574384 +/- 0.0
2022-09-12 17:51:48,695 mloop.controllers    INFO     Run:49 (training)
2022-09-12 17:51:48,697 mloop.controllers    INFO     params [ 8.5690077  15.21328493  8.39958074  5.04230664 11.26881112  9.38107426
  0.21772596  0.17629592  0.46499585  0.05981107  0.14594389  3.72961869
  7.10538096 -3.92811457 -3.98040913 -7.8830928  -3.88341189  5.60222003
 -4.59667864  4.41077881  4.98833851  1.19790923  7.23731387  3.3662462
 -4.91795153 -6.24648068]
2022-09-12 17:51:48,798 mloop.controllers    INFO     cost -6.101740599392504 +/- 0.0
2022-09-12 17:51:48,798 mloop.controllers    INFO     Run:50 (training)
2022-09-12 17:51:48,800 mloop.controllers    INFO     params [ 6.82000558e+00  1.29843807e+01  5.94990032e+00  1.93169174e+00
  1.71911734e+01  1.18601463e+01  4.73696917e-02  3.86560847e-03
  2.09237613e-01  3.32624273e-01  2.10632078e-01  2.78879860e+00
  5.78663315e+00  5.70248583e-01  9.24681280e-01  1.37833890e+00
  5.92135244e+00 -5.98407212e+00 -7.12607076e+00 -5.96370892e+00
 -6.13752704e+00  2.79677272e+00  7.47473919e+00 -2.15381390e+00
 -1.23335439e+00 -4.82398463e+00]
2022-09-12 17:51:48,901 mloop.controllers    INFO     cost -5.251279884581375 +/- 0.0
2022-09-12 17:51:48,902 mloop.controllers    INFO     Run:51 (training)
2022-09-12 17:51:48,903 mloop.controllers    INFO     params [13.51922862 10.58043296 10.78589871 11.91028252 16.94429216 13.26419013
  0.17745706  0.24043837  0.47775473  0.05293948  0.20625813  7.99724724
  5.82615004  5.27127324 -4.45119979  5.84218646  0.2407251   3.92847465
 -6.81051768 -4.85876896 -5.71687865  2.12086169 -1.62577257 -0.64467306
  5.32331095 -7.69865798]
2022-09-12 17:51:49,005 mloop.controllers    INFO     cost -7.806937340944318 +/- 0.0
2022-09-12 17:51:49,005 mloop.controllers    INFO     Run:52 (training)
2022-09-12 17:51:49,007 mloop.controllers    INFO     params [10.04484475 16.76381265 14.62940605 10.48328449 17.45059661 13.16163517
  0.27750072  0.29654884  0.3298312   0.44319104  0.20487782 -7.68897995
  5.03811855  6.95105161  3.65461917  2.05017931 -0.12301616 -1.30928817
  5.40946037 -7.26352731 -6.12936174 -3.72660542  7.76246944  1.53130944
  5.44190596  2.52866486]
2022-09-12 17:51:49,107 mloop.controllers    INFO     cost -6.1425706263279105 +/- 0.0
2022-09-12 17:51:49,108 mloop.controllers    INFO     Run:53 (training)
2022-09-12 17:51:49,109 mloop.controllers    INFO     params [10.9835127   8.78121752 12.49442845  9.71085767  8.15072712 12.55674833
  0.02845827  0.47978076  0.49076238  0.06713349  0.1815499   7.56295794
  7.50404706  0.04662689  3.46276325  4.16200748 -2.73827917 -0.2467508
 -2.87173721 -2.14882894 -0.18640563  2.32921238  3.0945323   4.10071825
  0.09966293 -0.3449908 ]
2022-09-12 17:51:49,110 mloop.controllers    DEBUG    Starting ML optimization.
2022-09-12 17:51:49,210 mloop.controllers    INFO     cost -10.404189391996965 +/- 0.0
2022-09-12 17:51:49,229 mloop.controllers    DEBUG    End training runs.
2022-09-12 17:51:49,230 mloop.controllers    INFO     Run:54 (trainer)
2022-09-12 17:51:49,232 mloop.controllers    INFO     params [15.06042159  8.08745475  7.92964174 17.55545807  5.38634624  7.16963885
  0.02496444  0.24875634  0.41096379  0.42816052  0.30636419  5.18679623
  4.2531346  -3.50270186  7.4384699  -5.09980215 -0.23138062  7.57301271
 -4.67935772 -2.00917292 -2.89157379 -3.10396876  4.07261769 -6.75734713
 -5.79553763 -2.10173815]
2022-09-12 17:51:49,333 mloop.controllers    INFO     cost -5.848714179043318 +/- 0.0
2022-09-12 17:51:49,334 mloop.controllers    INFO     Run:55 (trainer)
2022-09-12 17:51:49,336 mloop.controllers    INFO     params [17.92630083  4.90116051  8.55844326 15.38795679 11.9421961  15.41239996
  0.13550537  0.28279164  0.21932913  0.1281443   0.05798155 -1.58853454
 -7.36461243  5.13955988  2.0269022  -6.31631677 -0.46169476  6.46698643
 -0.8238823  -6.11766696  5.46637719  7.60664777  5.71469389  3.78876725
  7.51356815 -5.42476314]
2022-09-12 17:51:49,437 mloop.controllers    INFO     cost -5.4308571263454635 +/- 0.0
2022-09-12 17:51:49,438 mloop.controllers    INFO     Run:56 (trainer)
2022-09-12 17:51:49,440 mloop.controllers    INFO     params [19.80645482  2.23761154 13.73097149  4.30669345  2.48657932 13.3762119
  0.27142491  0.32805778  0.27804251  0.4611549   0.06333844 -7.13029722
 -3.11728164 -7.09809584  6.71110747  3.1835645  -2.92638142 -0.38372786
  3.91909475  2.42077871  2.93527923 -2.62270134 -5.36728875 -6.15813424
  6.01002072  7.31912417]
2022-09-12 17:51:49,541 mloop.controllers    INFO     cost -5.843225088028488 +/- 0.0
2022-09-12 17:51:49,542 mloop.controllers    INFO     Run:57 (trainer)
2022-09-12 17:51:49,544 mloop.controllers    INFO     params [ 1.16780402e+01  8.55984531e+00  2.16021605e+00  1.97524514e+01
  1.69087365e+01  4.97434991e+00  2.40952696e-01  2.39550638e-01
  2.92315908e-02  4.80062404e-01  4.88110636e-01  8.32245384e-01
  7.26793964e+00  6.27851607e+00  4.99639388e-01  2.21992934e+00
  4.10651916e+00 -3.70095134e+00 -7.55987753e+00  3.56823224e+00
  7.61983985e+00  3.02670137e+00 -6.99114586e+00 -7.90590081e+00
 -4.19567661e+00 -7.00266265e-03]
2022-09-12 17:51:49,645 mloop.controllers    INFO     cost -6.896953566418892 +/- 0.0
2022-09-12 17:51:49,646 mloop.controllers    INFO     Run:58 (trainer)
2022-09-12 17:51:49,648 mloop.controllers    INFO     params [ 8.34640734  2.47964923 13.03277981 14.46192273 18.23314412  6.41606915
  0.32694559  0.42325561  0.05816828  0.4125336   0.03775287  7.04203664
  3.20941273  2.37424176  5.3238364  -3.95319335  2.43591356  1.60040072
  1.91344209 -1.11802887  4.95887281 -6.07630414  0.39995095 -2.59086513
  5.26270429 -4.61531682]
2022-09-12 17:51:49,750 mloop.controllers    INFO     cost -5.480674067697209 +/- 0.0
2022-09-12 17:51:49,751 mloop.controllers    INFO     Run:59 (trainer)
2022-09-12 17:51:49,754 mloop.controllers    INFO     params [18.81549898 13.30588112 13.66549815 19.36060137  6.3182904   7.46691009
  0.44520066  0.23801577  0.11956206  0.49748456  0.24778356 -4.18261025
 -7.67816323  0.65929904 -3.24015645  5.75261786 -0.35150297  4.92857859
  2.98697271 -7.30281962  0.8121955  -2.41144947  2.76178844 -2.54101916
  4.87901841  6.31220739]
2022-09-12 17:51:49,855 mloop.controllers    INFO     cost -6.964798094112592 +/- 0.0
2022-09-12 17:51:49,856 mloop.controllers    INFO     Run:60 (trainer)
2022-09-12 17:51:49,858 mloop.controllers    INFO     params [18.02049434 13.98355523 13.35310764 13.88660818  3.05440868 10.26363561
  0.03960417  0.39519045  0.04127982  0.12671018  0.4359782   4.25111607
 -7.32346835 -3.95209272  1.59884344  4.64695637 -0.67158191  6.87982822
  6.51545497 -6.68760782 -3.69659551  0.38426366  3.348546   -4.67053318
 -2.77890676  4.2680294 ]
2022-09-12 17:51:49,959 mloop.controllers    INFO     cost -6.8922279921578555 +/- 0.0
2022-09-12 17:51:49,960 mloop.controllers    INFO     Run:61 (trainer)
2022-09-12 17:51:49,962 mloop.controllers    INFO     params [ 7.97940861  6.32956176 15.57557425 14.99938785 19.18826447 12.83835548
  0.03959644  0.3779532   0.2534416   0.10496321  0.43997582 -3.1319149
  3.19405188 -1.9054707  -5.0455949  -3.35918691 -5.47865611 -1.51410661
 -6.80171669 -7.60328064  4.09562372 -7.98852826 -2.92280302 -5.71822572
  6.90309734 -0.92981847]
2022-09-12 17:51:50,063 mloop.controllers    INFO     cost -4.646608099713461 +/- 0.0
2022-09-12 17:51:50,063 mloop.controllers    INFO     Run:62 (trainer)
2022-09-12 17:51:50,065 mloop.controllers    INFO     params [17.26952078 15.17560696 16.83425212  2.61452374 10.58539128 12.04959699
  0.05488897  0.07427716  0.16103109  0.27346513  0.42921731  5.27754102
  6.31475316 -6.22168562  5.75662819 -1.3565139   3.97558498 -2.79633211
 -5.39877011 -5.65434033  6.02110651  5.18216298  3.36805653 -5.763332
 -5.26802859  0.83265649]
2022-09-12 17:51:50,167 mloop.controllers    INFO     cost -5.550749860911083 +/- 0.0
2022-09-12 17:51:50,167 mloop.controllers    INFO     Run:63 (trainer)
2022-09-12 17:51:50,169 mloop.controllers    INFO     params [ 7.55995214e+00  4.77715517e+00  4.54128715e+00  1.98081823e+01
  7.84969933e+00  1.55934576e+01  4.82222765e-01  2.36063732e-01
  1.30373440e-01  2.40655174e-01  1.77678255e-01 -2.49569265e+00
 -7.57202340e+00 -1.69521902e-02 -8.85916471e-02  3.35741225e+00
 -6.33428823e+00  2.84943324e+00 -6.89988633e+00  7.31408566e+00
  3.66814060e+00 -2.63322992e+00  4.47227627e-01 -3.28521171e+00
  4.87188828e-01 -2.43238466e+00]
2022-09-12 17:51:50,270 mloop.controllers    INFO     cost -8.305454993044455 +/- 0.0
2022-09-12 17:51:50,271 mloop.controllers    INFO     Run:64 (trainer)
2022-09-12 17:51:50,273 mloop.controllers    INFO     params [14.79729795  9.18391067  9.93429386 13.65849196 17.27852738 13.07168535
  0.4917414   0.12396117  0.35258308  0.17453763  0.0584736  -4.69271574
  5.92412022  3.56475117  4.57928525 -0.09913969 -2.9749913  -1.38629656
 -4.18718983 -7.56648531  3.4222902   3.52810626 -7.09413203  7.78295931
  3.20371704 -4.69906098]
2022-09-12 17:51:50,374 mloop.controllers    INFO     cost -5.3451694489069315 +/- 0.0
2022-09-12 17:51:50,375 mloop.controllers    INFO     Run:65 (trainer)
2022-09-12 17:51:50,377 mloop.controllers    INFO     params [ 3.04035668  9.74836704 12.93920687  9.78594999 13.50470063 12.08261449
  0.17877065  0.16120481  0.10566249  0.35570949  0.21162193  4.93956945
 -7.8596417  -4.36550429  5.06617485 -4.52262298  0.10200581  1.56198106
  5.63924202 -0.86287576 -4.4752136  -4.06276686 -6.9840453   6.97748833
 -4.49010541 -4.29562105]
2022-09-12 17:51:50,478 mloop.controllers    INFO     cost -6.0926204161970885 +/- 0.0
2022-09-12 17:51:50,478 mloop.controllers    INFO     Run:66 (trainer)
2022-09-12 17:51:50,480 mloop.controllers    INFO     params [ 1.86827727  5.52144985 19.62349441 11.68424616 17.5792885  14.71556223
  0.45281198  0.17889857  0.33249605  0.12813275  0.05847201  7.76117539
  5.17721496  6.76340983 -4.33485503  0.72345874  2.6035678  -6.81756524
  6.76435602  4.79770529  3.43705233 -5.33266966 -6.46692076 -4.8948604
  7.43808651 -7.66249817]
2022-09-12 17:51:50,581 mloop.controllers    INFO     cost -5.570540669030216 +/- 0.0
2022-09-12 17:51:50,582 mloop.controllers    INFO     Run:67 (trainer)
2022-09-12 17:51:50,584 mloop.controllers    INFO     params [14.10047433  2.32964806 19.475173   18.59574768 15.41245401  7.99655844
  0.34796756  0.29977964  0.3619093   0.33769709  0.1532146   7.75828238
  0.37138215 -5.99967709 -2.86455959  6.90651639 -7.68129621  7.66278239
  6.43528685  4.98525145  1.64379292  0.90351678  4.12506074 -3.16467529
 -3.80696435 -7.51907594]
2022-09-12 17:51:50,685 mloop.controllers    INFO     cost -5.602690227892266 +/- 0.0
2022-09-12 17:51:50,686 mloop.controllers    INFO     Run:68 (trainer)
2022-09-12 17:51:50,688 mloop.controllers    INFO     params [19.68610484  6.4062953   4.37326101  6.87531047  4.57753316 11.76486354
  0.4051389   0.12887356  0.47671377  0.33651577  0.24469667 -1.11149886
  5.51790037  0.61342531  6.71068767  5.89611813 -2.62247424 -6.81419109
  4.44590511 -3.3008023  -1.40201731 -4.11412045  0.81772636  5.89809761
 -4.33004255 -4.39327048]
2022-09-12 17:51:50,789 mloop.controllers    INFO     cost -5.526240118647153 +/- 0.0
2022-09-12 17:51:50,789 mloop.controllers    INFO     Run:69 (trainer)
2022-09-12 17:51:50,791 mloop.controllers    INFO     params [ 1.08536472e+01  1.63959194e+01  5.23726083e+00  9.49871895e+00
  8.98700092e+00  9.53881508e+00  1.33790536e-01  4.48581036e-01
  3.59957521e-01  1.44348305e-02  3.95635258e-01  4.91909562e-01
 -7.56734700e+00 -2.09241096e+00  6.19437408e+00 -5.24985939e+00
 -6.00971271e+00  4.40854145e-01 -7.47102784e+00 -4.60650842e+00
  3.05952913e+00  1.24739736e+00 -1.23587809e+00  6.74826298e+00
 -8.95292963e-01  2.61241259e+00]
2022-09-12 17:51:50,893 mloop.controllers    INFO     cost -7.342114413604103 +/- 0.0
2022-09-12 17:51:50,894 mloop.controllers    INFO     Run:70 (trainer)
2022-09-12 17:51:50,896 mloop.controllers    INFO     params [ 1.59196285e+01  3.16199165e+00  2.86610757e+00  1.61937432e+01
  1.54611468e+01  6.55591495e+00  1.85372273e-01  3.76357395e-01
  3.16510641e-02  9.29469869e-02  2.85885443e-01  9.93833188e-01
 -6.29016074e+00  1.38483037e+00  7.77830209e+00 -4.86146416e-03
  6.21826755e+00 -4.63669225e+00 -2.48272865e-01 -6.14835068e+00
  2.95811410e+00 -7.66424381e+00  6.93127086e+00 -1.69817769e+00
  1.02305939e-01  7.66288384e-01]
2022-09-12 17:51:50,997 mloop.controllers    INFO     cost -7.66511825822217 +/- 0.0
2022-09-12 17:51:50,998 mloop.controllers    INFO     Run:71 (trainer)
2022-09-12 17:51:51,001 mloop.controllers    INFO     params [ 7.40199803 13.16467598 11.01649915  1.91955663 18.9734296  15.94770046
  0.08759988  0.12915319  0.30465111  0.07916881  0.36283266 -0.77308182
  6.62184921  5.2679679   2.4844612  -7.09767129 -7.04327678 -3.95674436
  1.42456654  5.22010429  2.37878126  5.78817856 -6.7352221   4.92382396
 -7.09815219 -2.91790401]
2022-09-12 17:51:51,102 mloop.controllers    INFO     cost -6.118786746718298 +/- 0.0
2022-09-12 17:51:51,103 mloop.controllers    INFO     Run:72 (trainer)
2022-09-12 17:51:51,105 mloop.controllers    INFO     params [14.31804032 11.25603847 11.64636546 18.90701633  9.47835923 13.43608763
  0.12261121  0.48459738  0.14506076  0.09141603  0.44526259 -7.04325319
  7.52354848 -3.54123884  3.54086195  2.18115896 -7.47514277 -4.2111179
  6.85232927  3.11013268 -7.94020331 -5.7972439  -5.58815367  2.38138227
 -1.62684379 -7.94033908]
2022-09-12 17:51:51,206 mloop.controllers    INFO     cost -5.143914091718823 +/- 0.0
2022-09-12 17:51:51,207 mloop.controllers    INFO     Run:73 (trainer)
2022-09-12 17:51:51,209 mloop.controllers    INFO     params [19.46804615  4.3745549   5.42092375  7.21814323  2.34627512  7.82081147
  0.33634463  0.22747848  0.13709921  0.43899924  0.35586508 -7.16577966
  2.20049264 -4.28557365  0.26432273 -6.47078327 -4.34097102 -7.22207195
  3.06782864  0.72931764  6.40571207 -3.30830879 -1.13713408 -2.78104965
  4.96814185  0.05915169]
2022-09-12 17:51:51,311 mloop.controllers    INFO     cost -7.283670544177121 +/- 0.0
2022-09-12 17:51:51,311 mloop.controllers    INFO     Run:74 (trainer)
2022-09-12 17:51:51,313 mloop.controllers    INFO     params [13.29164836 13.86881971 10.71515504 18.24536398 10.04503418  7.1122517
  0.02361297  0.03901304  0.15091145  0.48665785  0.31020452 -7.32907027
 -2.44266985 -1.45410854  0.10934952 -2.55451045  1.13542198 -2.76816895
 -6.35415459  3.52218906 -5.36158365  4.64596966  2.8399713  -1.99042076
  0.06721481 -2.0146652 ]
2022-09-12 17:51:51,415 mloop.controllers    INFO     cost -7.939853927638034 +/- 0.0
2022-09-12 17:51:51,415 mloop.controllers    INFO     Run:75 (trainer)
2022-09-12 17:51:51,417 mloop.controllers    INFO     params [13.04990227  3.78299596  7.44843702  3.77546544 16.37710272 15.06633877
  0.25851282  0.42013809  0.45484557  0.10349383  0.28141259  1.14831981
  4.52769726 -6.36484027  0.68520257 -7.39677984 -5.50111605  6.99026561
  6.41327906  4.00863372  2.52863608 -5.80018984  4.6426622   5.42935595
  1.00805597 -6.82611351]
2022-09-12 17:51:51,518 mloop.controllers    INFO     cost -5.1715025327136726 +/- 0.0
2022-09-12 17:51:51,519 mloop.controllers    INFO     Run:76 (trainer)
2022-09-12 17:51:51,521 mloop.controllers    INFO     params [14.95348418  2.60536984  1.96272863  5.06649041 11.13369469 12.36984487
  0.08718903  0.48324255  0.09504814  0.27174879  0.33519299  6.58290459
  6.13554186 -7.81640317  3.37233006  7.1006334   2.33149562 -6.97950593
 -6.90143602  7.24441799  7.94384181 -4.75140424  4.66828106  7.82661558
  0.80281306 -6.55786386]
2022-09-12 17:51:51,622 mloop.controllers    INFO     cost -6.278165348432494 +/- 0.0
2022-09-12 17:51:51,623 mloop.controllers    INFO     Run:77 (trainer)
2022-09-12 17:51:51,625 mloop.controllers    INFO     params [19.29228208 13.06001928 18.68626265  9.35056468  7.69806615 12.30985201
  0.47781656  0.33888932  0.14992375  0.2778734   0.24622037 -2.84346816
 -5.17604849  6.61857743  6.50992876 -1.15522591  1.69050926  2.69965517
  3.78221336  0.91594444  4.86899934 -2.0652172   5.82718467  2.48779909
 -3.59146036  7.388629  ]
2022-09-12 17:51:51,726 mloop.controllers    INFO     cost -4.817644943674343 +/- 0.0
2022-09-12 17:51:51,726 mloop.controllers    INFO     Run:78 (trainer)
2022-09-12 17:51:51,728 mloop.controllers    INFO     params [ 6.15165897e+00  5.10945236e+00  1.23148120e+01  7.38539158e+00
  6.23298002e+00  9.69598476e+00  1.02938946e-02  1.23302701e-02
  4.75539199e-01  4.20833285e-01  4.21347003e-01 -2.39335150e+00
 -3.00338796e+00 -3.60754305e+00  4.27621292e+00  2.62438740e+00
  3.81941795e+00  3.71573395e+00 -1.26737805e+00  6.22694891e+00
 -3.87527460e+00 -3.25713518e+00 -3.85035940e+00 -6.26099098e-01
 -2.38653505e+00 -1.38391716e+00]
2022-09-12 17:51:51,830 mloop.controllers    INFO     cost -5.446903771745246 +/- 0.0
2022-09-12 17:51:51,830 mloop.controllers    INFO     Run:79 (trainer)
2022-09-12 17:51:51,832 mloop.controllers    INFO     params [ 2.77004674  5.45572314 15.52415554 13.62653465  9.38827955  5.26726966
  0.29255892  0.27861514  0.34320146  0.38509167  0.07687866  4.33902592
 -3.86963407  6.26664863  3.45445195 -5.71744015 -1.48372469  3.97378708
 -3.78159576  4.41717827  5.96459516  2.04632057  1.67023223  3.96632403
 -5.86692554 -0.2060842 ]
2022-09-12 17:51:51,933 mloop.controllers    INFO     cost -5.332184803786255 +/- 0.0
2022-09-12 17:51:51,934 mloop.controllers    INFO     Run:80 (trainer)
2022-09-12 17:51:51,936 mloop.controllers    INFO     params [ 6.48704597 17.2708381   8.15378608 15.73194537 15.64156587 12.83757077
  0.06471833  0.02392254  0.15997265  0.11273845  0.12206598 -1.49445966
  4.35886825 -2.05955891  0.27829311 -6.75955707 -6.80078262 -2.54224709
 -0.20443464  5.11934915  4.77882605  3.85252201 -0.46188987  1.02338742
 -2.85983886 -0.1002999 ]
2022-09-12 17:51:52,037 mloop.controllers    INFO     cost -8.67727127741992 +/- 0.0
2022-09-12 17:51:52,038 mloop.controllers    INFO     Run:81 (trainer)
2022-09-12 17:51:52,040 mloop.controllers    INFO     params [ 5.98268569 11.52323617 10.62129804  5.76861233  8.80908313 11.71566877
  0.04223564  0.24233     0.18151727  0.25937052  0.02676582 -3.78698255
 -0.66921541 -5.41962868 -6.19393612  6.05447842 -0.39435413  1.83066202
 -2.30755961 -6.04866109  5.18043026  7.31774588  5.1522634   3.24316192
 -6.69105536 -1.96175853]
2022-09-12 17:51:52,141 mloop.controllers    INFO     cost -7.067879421655055 +/- 0.0
2022-09-12 17:51:52,141 mloop.controllers    INFO     Run:82 (trainer)
2022-09-12 17:51:52,144 mloop.controllers    INFO     params [ 6.84012702 15.853528   12.71580165 19.99470706 13.99065302 10.83567362
  0.24783099  0.40362301  0.39473978  0.49858808  0.05987123 -0.05312534
 -3.70666913 -6.60409235 -1.08595478  0.89216694  3.22310034 -7.51242762
  7.97311513 -3.30615558  5.52770806 -5.93932279 -6.56627546  3.35761898
  1.75993414 -7.95497601]
2022-09-12 17:51:52,245 mloop.controllers    INFO     cost -5.434573373565895 +/- 0.0
2022-09-12 17:51:52,245 mloop.controllers    INFO     Run:83 (trainer)
2022-09-12 17:51:52,247 mloop.controllers    INFO     params [ 1.39263099e+01  4.10212654e+00  7.47321525e+00  1.03396875e+01
  3.60701764e+00  8.36346797e+00  1.62832539e-01  9.47445775e-03
  1.30073029e-01  3.47151287e-01  1.34099355e-01  1.74587866e+00
 -4.00499551e-01  1.28028651e+00 -2.59749876e+00  2.12322457e+00
 -8.69707626e-01  4.41035065e+00  7.82458764e+00 -2.84603822e+00
 -3.30702897e-01  3.36079856e+00  2.76187111e+00  1.72447248e+00
 -4.61229286e+00  1.99716090e-01]
2022-09-12 17:51:52,348 mloop.controllers    INFO     cost -7.653652673438763 +/- 0.0
2022-09-12 17:51:52,349 mloop.controllers    INFO     Run:84 (trainer)
2022-09-12 17:51:52,351 mloop.controllers    INFO     params [ 9.17947610e+00  1.87064263e+01  3.34631865e+00  1.90452496e+01
  7.48217154e+00  1.44698287e+01  4.52956851e-01  2.24388849e-01
  3.46020562e-01  1.02731737e-01  7.74255836e-03 -1.97732215e+00
  4.78718680e+00 -3.17355143e+00 -5.71807960e+00 -3.13547695e+00
  5.90415758e+00  6.94464787e+00 -5.03035052e-01  5.68120366e-01
  6.61712372e+00 -3.64019959e+00 -2.83265817e-01  5.75750114e+00
 -1.14216060e+00 -1.53207048e+00]
2022-09-12 17:51:52,452 mloop.controllers    INFO     cost -6.116260501019121 +/- 0.0
2022-09-12 17:51:52,453 mloop.controllers    INFO     Run:85 (trainer)
2022-09-12 17:51:52,455 mloop.controllers    INFO     params [15.6446423  18.57162173 12.28694463  7.90983248  4.66212642  9.23357792
  0.43570938  0.09048096  0.47479185  0.33723388  0.32720302  2.16214196
  5.81665031 -4.80214964 -7.44525018 -2.16652244 -4.30619658  3.8560206
 -3.03582677  6.67505043 -0.38947465  3.47018513 -3.3349814  -1.72949173
  1.38818441 -7.78831659]
2022-09-12 17:51:52,556 mloop.controllers    INFO     cost -5.294310505666663 +/- 0.0
2022-09-12 17:51:52,557 mloop.controllers    INFO     Run:86 (trainer)
2022-09-12 17:51:52,559 mloop.controllers    INFO     params [ 6.97060412  3.73858184  4.61026388  4.18935257  2.79520027 13.14541001
  0.22427532  0.03703924  0.47095967  0.2867746   0.03020239 -5.44685142
 -7.44378481 -4.26449999  5.5766163   1.06290025 -6.05615908  0.7399938
  3.57390874  1.45304163 -6.74566621 -7.69699824  1.86710019 -3.8610044
 -5.12635483 -7.14637506]
2022-09-12 17:51:52,660 mloop.controllers    INFO     cost -4.484920412502029 +/- 0.0
2022-09-12 17:51:52,661 mloop.controllers    INFO     Run:87 (trainer)
2022-09-12 17:51:52,663 mloop.controllers    INFO     params [ 4.3674576   2.39231117 19.44811242 11.7537396  13.70250599  6.2941835
  0.34431617  0.41512513  0.23855278  0.17854116  0.0727162   4.27529396
 -0.31706939 -5.31128357 -0.78350785 -0.99274871 -0.36056061  7.28486536
  3.32049024  0.79606161  7.84770542 -3.85572371 -6.35341393 -7.50066651
  7.88404395 -7.53260909]
2022-09-12 17:51:52,764 mloop.controllers    INFO     cost -7.082539152408845 +/- 0.0
2022-09-12 17:51:52,765 mloop.controllers    INFO     Run:88 (trainer)
2022-09-12 17:51:52,767 mloop.controllers    INFO     params [ 4.99798763  7.86667782 14.2909212  16.23501092  7.13894387  8.71269237
  0.15266354  0.43716851  0.32652519  0.48235118  0.44130884  3.07262891
 -4.53796212 -5.97464688 -1.95366071 -5.36169156 -7.78974564  1.29454683
 -7.92911396 -6.63201922 -7.8716858   6.08405396  1.97920826 -1.01006613
 -7.90655131 -5.24709756]
2022-09-12 17:51:52,868 mloop.controllers    INFO     cost -4.053038707189296 +/- 0.0
2022-09-12 17:51:52,869 mloop.controllers    INFO     Run:89 (trainer)
2022-09-12 17:51:52,871 mloop.controllers    INFO     params [ 4.55030851 15.65842051 18.18937785  9.0193563  19.54968307 11.76454563
  0.27122075  0.25335561  0.37361522  0.19633674  0.36342608 -1.42212764
 -4.18558172  1.4413611  -5.42238987  7.63822287 -0.84433652 -2.61926727
  7.53456795  6.46981515  1.52374346 -1.05647665  0.15309755 -2.83862115
 -5.57788252  3.6644301 ]
2022-09-12 17:51:52,976 mloop.controllers    INFO     cost -5.28123306894436 +/- 0.0
2022-09-12 17:51:52,977 mloop.controllers    INFO     Run:90 (trainer)
2022-09-12 17:51:52,979 mloop.controllers    INFO     params [10.33404657 19.12493101 15.29681672 13.50180511  3.65965128 15.29179166
  0.45970431  0.20223211  0.4415628   0.18700421  0.3232781   4.51606499
 -2.49326454 -5.54734677  3.61586424 -6.44587756 -7.8837892   0.15094284
  1.64475423 -5.74111323  0.77452232  5.27803014 -3.73826526 -4.23801402
 -2.57702788 -7.36441126]
2022-09-12 17:51:53,081 mloop.controllers    INFO     cost -6.6762846402174745 +/- 0.0
2022-09-12 17:51:53,081 mloop.controllers    INFO     Run:91 (trainer)
2022-09-12 17:51:53,084 mloop.controllers    INFO     params [15.87933487  4.1359668   5.51702617 19.51507428 19.15502111 10.69295376
  0.24940179  0.28984052  0.49782444  0.43570116  0.14996927 -7.97639627
 -0.54256589  5.76165406 -7.33163271 -2.15287187  2.98308612 -4.44511777
  0.44227877  5.01588013 -3.37836738 -1.78951158 -2.22875986  1.77772028
  4.07165467 -0.02015802]
2022-09-12 17:51:53,185 mloop.controllers    INFO     cost -7.399452264307367 +/- 0.0
2022-09-12 17:51:53,186 mloop.controllers    INFO     Run:92 (trainer)
2022-09-12 17:51:53,189 mloop.controllers    INFO     params [ 8.23918932  3.08859983  9.81166944  3.71860769 12.00160882  6.96691041
  0.38651916  0.08142114  0.30975855  0.22442562  0.02391275  3.59831644
 -0.06835672  2.3417551   4.39512386 -2.56249316 -1.20945419  4.09394946
 -5.77596369  0.36765394 -7.37173901  4.27079806 -0.5363527   5.82618834
  3.06367564 -3.80281962]
2022-09-12 17:51:53,291 mloop.controllers    INFO     cost -7.057181419647828 +/- 0.0
2022-09-12 17:51:53,291 mloop.controllers    INFO     Run:93 (trainer)
2022-09-12 17:51:53,294 mloop.controllers    INFO     params [16.29882577 18.60691048  1.84356993 15.24600979  5.96557588  4.94367949
  0.37767667  0.31250467  0.39424105  0.34774992  0.10876899  2.36277432
 -7.29005742  4.51574818 -4.72704056 -0.69271679 -2.64813621 -4.95099255
 -5.26505555 -1.30698053 -2.44383879 -1.70059234  2.56123096  0.81574912
  1.41119352  7.79942624]
2022-09-12 17:51:53,395 mloop.controllers    INFO     cost -5.391171797855064 +/- 0.0
2022-09-12 17:51:53,396 mloop.controllers    INFO     Run:94 (trainer)
2022-09-12 17:51:53,398 mloop.controllers    INFO     params [ 1.88172808 11.56866251 19.09263857 13.0188204   3.38306039  7.49881053
  0.10336339  0.02198219  0.31664146  0.4327545   0.04798662 -5.02312916
 -3.80470046 -7.57384549  7.8109405  -3.02311497  7.19094176  5.64828298
  5.68917272  0.96467081  1.21603738  7.06263006 -6.34943149 -4.443125
  3.39021901 -0.18686609]
2022-09-12 17:51:53,500 mloop.controllers    INFO     cost -5.907306596907899 +/- 0.0
2022-09-12 17:51:53,501 mloop.controllers    INFO     Run:95 (trainer)
2022-09-12 17:51:53,503 mloop.controllers    INFO     params [ 9.07458912 13.14222171 12.9381672  18.11141695 14.53029641  6.03883011
  0.45206002  0.39654445  0.46432366  0.14436958  0.10597008  4.78006581
 -7.80685796 -2.96945288 -7.61265057 -7.8731566  -0.93137597  2.45421505
  6.44713018  1.71226684  3.23456448  7.73963809 -0.78465701 -6.00184701
 -6.97079226 -4.60826761]
2022-09-12 17:51:53,604 mloop.controllers    INFO     cost -4.989636976848671 +/- 0.0
2022-09-12 17:51:53,605 mloop.controllers    INFO     Run:96 (trainer)
2022-09-12 17:51:53,608 mloop.controllers    INFO     params [ 6.28640716e+00  9.50739068e+00  5.93413377e+00  1.44967771e+01
  9.12787661e+00  8.97231842e+00  2.40047467e-01  1.35022942e-02
  7.51513110e-02  4.67832202e-01  4.18379281e-01 -4.90193077e+00
 -4.94124016e+00  3.83404019e+00  2.03081102e+00  3.63562537e+00
  5.10756132e+00 -4.36652780e+00  6.73403068e+00  6.27041581e+00
 -3.39052012e+00  7.15825681e-01  5.09193111e+00 -3.31331491e-01
  7.86346491e+00 -4.19922597e+00]
2022-09-12 17:51:53,709 mloop.controllers    INFO     cost -5.506506623894204 +/- 0.0
2022-09-12 17:51:53,710 mloop.controllers    INFO     Run:97 (trainer)
2022-09-12 17:51:53,712 mloop.controllers    INFO     params [ 5.79705255 12.43030688  5.86486469 19.7755136  12.56028551 15.09701366
  0.29100019  0.11922777  0.2778178   0.47685762  0.22958564  0.28509925
 -3.3573251   3.28924258 -4.72291996  6.13506027 -5.39704673  4.72693842
 -0.20670969  4.49813535  5.34516141 -6.29544421  3.77018735  2.20179634
  0.14519514  6.27198562]
2022-09-12 17:51:53,814 mloop.controllers    INFO     cost -7.285838889855998 +/- 0.0
2022-09-12 17:51:53,814 mloop.controllers    INFO     Run:98 (trainer)
2022-09-12 17:51:53,817 mloop.controllers    INFO     params [14.71184525  3.50254742  3.49504728  9.65542014 13.36475919  4.84539425
  0.37137013  0.30027493  0.07638372  0.44715501  0.03918142 -1.23446978
 -2.63978036  1.14442505  2.68900179 -5.79366672 -1.44995306  7.96283116
  1.41349057 -4.87793083  4.68586937 -4.54924065  4.68774843 -0.01487527
 -3.86442228  4.71650551]
2022-09-12 17:51:53,918 mloop.controllers    INFO     cost -5.252849078776188 +/- 0.0
2022-09-12 17:51:53,919 mloop.controllers    INFO     Run:99 (trainer)
2022-09-12 17:51:53,921 mloop.controllers    INFO     params [11.90538688  6.33960399 14.05855674 15.03701589 11.45657521  4.23000282
  0.44908187  0.26535407  0.26656698  0.43315129  0.2272677  -0.9302159
 -2.9719222   1.05699158  6.13130355  3.78533229  4.60016701 -2.16544991
 -2.71720409 -1.88141255  3.51264938  3.92725675 -6.1570085   7.02160704
 -2.3461409  -0.5437192 ]
2022-09-12 17:51:54,023 mloop.controllers    INFO     cost -6.215559435378243 +/- 0.0
2022-09-12 17:51:54,024 mloop.controllers    INFO     Run:100 (trainer)
2022-09-12 17:51:54,027 mloop.controllers    INFO     params [15.84176304  6.99748167  7.62761586  3.53760543  9.6065618   5.14908833
  0.46927801  0.12580139  0.11002658  0.48687428  0.02578144  2.15698221
  4.15066589 -3.71402651  2.09485962 -5.72063794 -7.62224555  7.06702575
 -1.15990439 -4.62098501 -4.06866711  3.58419099 -0.42406432  5.34034885
 -2.01093454 -6.46695497]
2022-09-12 17:51:54,128 mloop.controllers    INFO     cost -4.989800588603755 +/- 0.0
2022-09-12 17:51:54,129 mloop.controllers    INFO     Controller finished. Closing down M-LOOP. Please wait a moment...
2022-09-12 17:51:54,130 mloop.controllers    DEBUG    ML learner end set.
2022-09-12 17:52:02,128 mloop.controllers    DEBUG    ML learner joined
2022-09-12 17:52:02,129 mloop.controllers    DEBUG    Learner end event set.
2022-09-12 17:52:02,129 mloop.controllers    DEBUG    Interface end event set.
2022-09-12 17:52:02,137 mloop.interfaces     DEBUG    Interface ended
2022-09-12 17:52:03,037 mloop.learners.1     DEBUG    Learner end signal received. Ending
2022-09-12 17:52:04,039 mloop.controllers    DEBUG    Learner joined.
2022-09-12 17:52:04,039 mloop.controllers    DEBUG    Interface joined.
2022-09-12 17:52:04,070 mloop.controllers    INFO     Optimization ended because:
2022-09-12 17:52:04,071 mloop.controllers    INFO     	* Maximum number of runs reached.
2022-09-12 17:52:04,071 mloop.controllers    INFO     Results:
2022-09-12 17:52:04,072 mloop.controllers    INFO     	* Best parameters found:[10.9835127   8.78121752 12.49442845  9.71085767  8.15072712 12.55674833
  0.02845827  0.47978076  0.49076238  0.06713349  0.1815499   7.56295794
  7.50404706  0.04662689  3.46276325  4.16200748 -2.73827917 -0.2467508
 -2.87173721 -2.14882894 -0.18640563  2.32921238  3.0945323   4.10071825
  0.09966293 -0.3449908 ]
2022-09-12 17:52:04,072 mloop.controllers    INFO     	* Best cost returned:-10.404189391996965 +/- 0.0
2022-09-12 17:52:04,073 mloop.controllers    INFO     	* Best run number:53
2022-09-12 17:52:04,073 mloop.controllers    INFO     	* Predicted best parameters:[10.9769625   8.81873696 12.46650579  9.73536653  8.33753535 12.52999671
  0.03099799  0.47589649  0.48688502  0.06585345  0.18297398  7.47423187
  7.38632989  0.07055026  3.28368248  4.21539437 -2.721047   -0.17272777
 -2.91051459 -2.22669155 -0.28174523  2.43797472  2.88518354  4.1369928
  0.1924491  -0.4506346 ]
2022-09-12 17:52:04,074 mloop.controllers    INFO     	* Predicted best cost:-10.410119789373034 +/- 0.07164487437462277
2022-09-12 17:52:04,074 mloop.controllers    INFO     M-LOOP Done.
2022-09-12 17:52:04,076 mloop.visualizations DEBUG    Creating controller visualizations.
2022-09-12 17:52:04,495 mloop.visualizations DEBUG    Creating learner visualizations.
2022-09-12 17:52:04,518 mloop.visualizations DEBUG    Creating Gaussian process visualizer.
2022-09-12 17:52:04,540 mloop.learners.3     DEBUG    Learner init completed.
2022-09-12 17:52:04,543 mloop.visualizations DEBUG    Fitting Gaussian process.
2022-09-12 17:52:05,164 mloop.visualizations INFO     Showing visualizations, close all to end M-LOOP.
