2022-09-16 18:42:50,310 mloop                INFO     M-LOOP version 3.3.1
2022-09-16 18:42:50,310 mloop                DEBUG    M-LOOP Logger configured.
2022-09-16 18:42:50,310 mloop.interfaces     DEBUG    Creating interface.
2022-09-16 18:42:50,331 mloop.controllers    DEBUG    Controller init completed.
2022-09-16 18:42:50,332 mloop.learners.1     DEBUG    Learner init completed.
2022-09-16 18:42:50,332 mloop.learners.1     DEBUG    Random learner init completed.
2022-09-16 18:42:50,333 mloop.learners.2     DEBUG    Learner init completed.
2022-09-16 18:42:50,333 mloop.controllers    INFO     Optimization started.
2022-09-16 18:42:50,335 mloop.learners.1     DEBUG    Starting Random Learner
2022-09-16 18:42:50,335 mloop.interfaces     DEBUG    Entering main loop of interface.
2022-09-16 18:42:50,335 mloop.controllers    DEBUG    ML learner started.
2022-09-16 18:42:50,474 mloop.controllers    DEBUG    Starting training optimization.
2022-09-16 18:42:50,475 mloop.controllers    INFO     Run:1 (training)
2022-09-16 18:42:50,476 mloop.controllers    INFO     params [10.    5.    3.    2.3   2.21  0.15  0.1   0.15  0.1   0.05  0.    0.
  0.    0.    0.    0.    0.    0.    0.    0.    0.    0.    0.    0.
  0.  ]
2022-09-16 18:43:57,714 mloop.controllers    INFO     cost -1.9249991086504272 +/- 0.0
2022-09-16 18:43:57,714 mloop.controllers    INFO     Run:2 (training)
2022-09-16 18:43:57,716 mloop.controllers    INFO     params [16.48819088  9.53186453 11.61640763 18.5330396   9.83192427  0.17161816
  0.17413813  0.07580653  0.16554841  0.15698551  4.27844912 -3.31812709
  3.19382295 -4.87607339  3.31800539 -7.24279741  4.84485024  3.21324006
 -4.39108637  3.05452055  3.6947111  -6.46770894  1.80748145  3.6579776
 -3.46555379]
2022-09-16 18:45:08,325 mloop.controllers    INFO     cost -0.008055021347265707 +/- 0.0
2022-09-16 18:45:08,325 mloop.controllers    INFO     Run:3 (training)
2022-09-16 18:45:08,326 mloop.controllers    INFO     params [ 2.79467101  3.17256357 18.39406812 11.20543002  4.01410092  0.08224122
  0.13150305  0.19682364  0.17051931  0.19362451 -1.34191829  0.65632738
  0.96082458  1.41087148 -2.11062886  5.17572816  3.61222946 -1.15078598
 -4.99909337 -1.51421917 -2.65747473 -4.85778955  5.66475704  4.71285109
 -7.69151682]
2022-09-16 18:45:08,327 mloop.controllers    DEBUG    Starting ML optimization.
2022-09-16 18:46:08,648 mloop.controllers    INFO     cost -0.017181796552115776 +/- 0.0
2022-09-16 18:46:08,651 mloop.controllers    DEBUG    End training runs.
2022-09-16 18:46:08,651 mloop.controllers    INFO     Controller finished. Closing down M-LOOP. Please wait a moment...
2022-09-16 18:46:08,652 mloop.controllers    DEBUG    ML learner end set.
2022-09-16 18:46:12,680 mloop.controllers    DEBUG    ML learner joined
2022-09-16 18:46:12,680 mloop.controllers    DEBUG    Learner end event set.
2022-09-16 18:46:12,680 mloop.controllers    DEBUG    Interface end event set.
2022-09-16 18:46:13,352 mloop.learners.1     DEBUG    Learner end signal received. Ending
2022-09-16 18:46:13,649 mloop.interfaces     DEBUG    Interface ended
2022-09-16 18:46:14,352 mloop.learners.1     DEBUG    Performing shut down of learner.
2022-09-16 18:46:14,352 mloop.learners.1     DEBUG    Ended Random Learner
2022-09-16 18:46:14,352 mloop.controllers    DEBUG    Learner joined.
2022-09-16 18:46:14,352 mloop.controllers    DEBUG    Interface joined.
2022-09-16 18:46:14,355 mloop.controllers    INFO     Optimization ended because:
2022-09-16 18:46:14,355 mloop.controllers    INFO     	* Maximum number of runs reached.
2022-09-16 18:46:14,356 mloop.controllers    INFO     Results:
2022-09-16 18:46:14,356 mloop.controllers    INFO     	* Best parameters found:[10.    5.    3.    2.3   2.21  0.15  0.1   0.15  0.1   0.05  0.    0.
  0.    0.    0.    0.    0.    0.    0.    0.    0.    0.    0.    0.
  0.  ]
2022-09-16 18:46:14,356 mloop.controllers    INFO     	* Best cost returned:-1.9249991086504272 +/- 0.0
2022-09-16 18:46:14,356 mloop.controllers    INFO     	* Best run number:1
2022-09-16 18:46:14,357 mloop.controllers    INFO     	* Predicted best parameters:[20.         20.          1.785      20.         20.          0.2
  0.10029287  0.          0.2         0.12598834 -8.         -5.512825
 -4.66055453 -4.91593623  7.20785809 -8.         -8.         -8.
  8.          6.01606863  8.          8.         -7.85509828 -8.
  8.        ]
2022-09-16 18:46:14,357 mloop.controllers    INFO     	* Predicted best cost:-11.672932826156595
2022-09-16 18:46:14,357 mloop.controllers    INFO     M-LOOP Done.
2022-09-16 18:46:14,385 mloop.visualizations DEBUG    Creating controller visualizations.
2022-09-16 18:46:14,600 mloop.visualizations DEBUG    Creating learner visualizations.
2022-09-16 18:46:14,605 mloop.visualizations DEBUG    Creating neural net visualizer.
2022-09-16 18:46:14,607 mloop.learners.3     DEBUG    Learner init completed.
2022-09-16 18:46:14,607 mloop.neuralnet      INFO     Initialising neural network impl
2022-09-16 18:46:14,608 mloop.neuralnet      INFO     Initialising neural network impl
2022-09-16 18:46:14,608 mloop.neuralnet      INFO     Initialising neural network impl
2022-09-16 18:46:14,609 mloop.neuralnet      INFO     Constructing net
2022-09-16 18:46:15,515 mloop.neuralnet      DEBUG    Finished constructing net in: 0.906548023223877
2022-09-16 18:46:15,515 mloop.neuralnet      INFO     Loading neural network
2022-09-16 18:46:15,628 mloop.neuralnet      INFO     Constructing net
2022-09-16 18:46:16,462 mloop.neuralnet      DEBUG    Finished constructing net in: 0.8337714672088623
2022-09-16 18:46:16,462 mloop.neuralnet      INFO     Loading neural network
2022-09-16 18:46:16,540 mloop.neuralnet      INFO     Constructing net
2022-09-16 18:46:17,432 mloop.neuralnet      DEBUG    Finished constructing net in: 0.8916163444519043
2022-09-16 18:46:17,432 mloop.neuralnet      INFO     Loading neural network
