2022-09-12 16:22:55,350 mloop                INFO     M-LOOP version 3.3.1
2022-09-12 16:22:55,350 mloop                DEBUG    M-LOOP Logger configured.
2022-09-12 16:22:55,351 mloop.interfaces     DEBUG    Creating interface.
2022-09-12 16:22:55,352 mloop.controllers    DEBUG    Controller init completed.
2022-09-12 16:22:55,353 mloop.learners.1     DEBUG    Learner init completed.
2022-09-12 16:22:55,354 mloop.learners.2     DEBUG    Learner init completed.
2022-09-12 16:22:55,356 mloop.controllers    INFO     Optimization started.
2022-09-12 16:22:55,360 mloop.interfaces     DEBUG    Entering main loop of interface.
2022-09-12 16:22:55,360 mloop.controllers    DEBUG    ML learner started.
2022-09-12 16:22:55,485 mloop.controllers    DEBUG    Starting training optimization.
2022-09-12 16:22:55,485 mloop.controllers    INFO     Run:1 (training)
2022-09-12 16:22:55,488 mloop.controllers    INFO     params [-0.47049531 -1.57838376 -1.42807179]
2022-09-12 16:22:55,492 mloop.controllers    INFO     cost -0.3074366489963698 +/- 0.0
2022-09-12 16:22:55,494 mloop.controllers    INFO     Run:2 (training)
2022-09-12 16:22:55,498 mloop.controllers    INFO     params [-1.7403242  -1.30798824 -0.75704857]
2022-09-12 16:22:55,502 mloop.controllers    INFO     cost -0.07677870380730994 +/- 0.0
2022-09-12 16:22:55,503 mloop.controllers    INFO     Run:3 (training)
2022-09-12 16:22:55,505 mloop.controllers    INFO     params [1.14138491 0.60579225 1.82870252]
2022-09-12 16:22:55,509 mloop.controllers    INFO     cost -0.472728640099499 +/- 0.0
2022-09-12 16:22:55,510 mloop.controllers    INFO     Run:4 (training)
2022-09-12 16:22:55,514 mloop.controllers    INFO     params [ 0.65108117  0.30276306 -1.54551551]
2022-09-12 16:22:55,519 mloop.controllers    INFO     cost -1.151595441508186 +/- 0.0
2022-09-12 16:22:55,519 mloop.controllers    INFO     Run:5 (training)
2022-09-12 16:22:55,523 mloop.controllers    INFO     params [-1.86020899 -1.67583013  1.36477435]
2022-09-12 16:22:55,528 mloop.controllers    INFO     cost 0.40479105397623383 +/- 0.0
2022-09-12 16:22:55,528 mloop.controllers    INFO     Run:6 (training)
2022-09-12 16:22:55,532 mloop.controllers    INFO     params [ 0.78132995 -1.20902177 -0.83465374]
2022-09-12 16:22:55,536 mloop.controllers    INFO     cost -0.37845593850030124 +/- 0.0
2022-09-12 16:22:55,537 mloop.controllers    INFO     Run:7 (training)
2022-09-12 16:22:55,541 mloop.controllers    INFO     params [ 0.9286568   0.19891731 -1.86409384]
2022-09-12 16:22:55,545 mloop.controllers    INFO     cost -0.9383483556277918 +/- 0.0
2022-09-12 16:22:55,546 mloop.controllers    INFO     Run:8 (training)
2022-09-12 16:22:55,550 mloop.controllers    INFO     params [-0.09657772 -1.07065498 -0.55738146]
2022-09-12 16:22:55,556 mloop.controllers    INFO     cost -1.5355453153204224 +/- 0.0
2022-09-12 16:22:55,556 mloop.controllers    INFO     Run:9 (training)
2022-09-12 16:22:55,559 mloop.controllers    INFO     params [0.10503462 1.68061359 1.44559717]
2022-09-12 16:22:55,566 mloop.controllers    INFO     cost -0.5831543550277427 +/- 0.0
2022-09-12 16:22:55,567 mloop.controllers    INFO     Run:10 (training)
2022-09-12 16:22:55,570 mloop.controllers    INFO     params [1.98827294 1.37113155 1.56281567]
2022-09-12 16:22:55,576 mloop.controllers    INFO     cost 0.3612505794473317 +/- 0.0
2022-09-12 16:22:55,577 mloop.controllers    INFO     Run:11 (training)
2022-09-12 16:22:55,581 mloop.controllers    INFO     params [-0.41477097 -1.88753759 -1.04347831]
2022-09-12 16:22:55,582 mloop.controllers    DEBUG    Starting ML optimization.
2022-09-12 16:22:55,583 mloop.controllers    INFO     cost -0.7934142958965157 +/- 0.0
2022-09-12 16:22:55,589 mloop.controllers    DEBUG    End training runs.
2022-09-12 16:22:55,589 mloop.controllers    INFO     Run:12 (trainer)
2022-09-12 16:22:55,592 mloop.controllers    INFO     params [-0.16669401 -1.20998023  1.27379629]
2022-09-12 16:22:55,598 mloop.controllers    INFO     cost -0.5402257213982244 +/- 0.0
2022-09-12 16:22:55,599 mloop.controllers    INFO     Run:13 (trainer)
2022-09-12 16:22:55,601 mloop.controllers    INFO     params [-1.26159877  0.58148723  0.14030149]
2022-09-12 16:22:55,607 mloop.controllers    INFO     cost -1.38287449292336 +/- 0.0
2022-09-12 16:22:55,608 mloop.controllers    INFO     Run:14 (trainer)
2022-09-12 16:22:55,611 mloop.controllers    INFO     params [-1.53692844 -0.08111213 -1.86049499]
2022-09-12 16:22:55,618 mloop.controllers    INFO     cost -0.6176287779891582 +/- 0.0
2022-09-12 16:22:55,619 mloop.controllers    INFO     Run:15 (trainer)
2022-09-12 16:22:55,621 mloop.controllers    INFO     params [-0.35125193 -1.12630507 -0.39417003]
2022-09-12 16:22:55,629 mloop.controllers    INFO     cost -1.5032822420139218 +/- 0.0
2022-09-12 16:22:55,630 mloop.controllers    INFO     Run:16 (trainer)
2022-09-12 16:22:55,632 mloop.controllers    INFO     params [ 0.15887594 -1.42307038 -0.11623843]
2022-09-12 16:22:55,638 mloop.controllers    INFO     cost -1.7501161778211185 +/- 0.0
2022-09-12 16:22:55,639 mloop.controllers    INFO     Run:17 (trainer)
2022-09-12 16:22:55,642 mloop.controllers    INFO     params [-1.48013739  0.14382429  1.84789257]
2022-09-12 16:22:55,650 mloop.controllers    INFO     cost -0.7555766984761177 +/- 0.0
2022-09-12 16:22:55,651 mloop.controllers    INFO     Run:18 (trainer)
2022-09-12 16:22:55,653 mloop.controllers    INFO     params [-0.53425437 -0.9239628   1.03829179]
2022-09-12 16:22:55,660 mloop.controllers    INFO     cost -0.45127104517095695 +/- 0.0
2022-09-12 16:22:55,662 mloop.controllers    INFO     Run:19 (trainer)
2022-09-12 16:22:55,666 mloop.controllers    INFO     params [ 0.0141393  -0.64395585 -0.96379469]
2022-09-12 16:22:55,674 mloop.controllers    INFO     cost -1.4608190921660578 +/- 0.0
2022-09-12 16:22:55,675 mloop.controllers    INFO     Run:20 (trainer)
2022-09-12 16:22:55,678 mloop.controllers    INFO     params [0.47310291 1.65194211 1.88233134]
2022-09-12 16:22:55,686 mloop.controllers    INFO     cost -0.4591246188018486 +/- 0.0
2022-09-12 16:22:55,688 mloop.controllers    INFO     Run:21 (trainer)
2022-09-12 16:22:55,693 mloop.controllers    INFO     params [ 0.04920211  0.95519765 -1.49824078]
2022-09-12 16:22:55,701 mloop.controllers    INFO     cost -0.9434469617421896 +/- 0.0
2022-09-12 16:22:55,702 mloop.controllers    INFO     Run:22 (trainer)
2022-09-12 16:22:55,705 mloop.controllers    INFO     params [-0.86781258 -1.48855819 -1.86706667]
2022-09-12 16:22:55,713 mloop.controllers    INFO     cost 0.16505492160508484 +/- 0.0
2022-09-12 16:22:55,715 mloop.controllers    INFO     Run:23 (trainer)
2022-09-12 16:22:55,717 mloop.controllers    INFO     params [-0.57886944  1.15726015 -1.12028818]
2022-09-12 16:22:55,726 mloop.controllers    INFO     cost -0.4593501126480976 +/- 0.0
2022-09-12 16:22:55,727 mloop.controllers    INFO     Run:24 (trainer)
2022-09-12 16:22:55,730 mloop.controllers    INFO     params [-0.45297608  1.93780415 -0.13983208]
2022-09-12 16:22:55,739 mloop.controllers    INFO     cost -1.6079607193016692 +/- 0.0
2022-09-12 16:22:55,739 mloop.controllers    INFO     Run:25 (trainer)
2022-09-12 16:22:55,742 mloop.controllers    INFO     params [ 0.78898623 -0.61465759 -1.01302723]
2022-09-12 16:22:55,751 mloop.controllers    INFO     cost -0.690267573961337 +/- 0.0
2022-09-12 16:22:55,753 mloop.controllers    INFO     Run:26 (trainer)
2022-09-12 16:22:55,758 mloop.controllers    INFO     params [1.65940372 1.13201555 0.34947217]
2022-09-12 16:22:55,768 mloop.controllers    INFO     cost -0.500044717939051 +/- 0.0
2022-09-12 16:22:55,769 mloop.controllers    INFO     Run:27 (trainer)
2022-09-12 16:22:55,772 mloop.controllers    INFO     params [-1.27115262 -1.50347901 -1.27724614]
2022-09-12 16:22:55,782 mloop.controllers    INFO     cost 0.5194476293774304 +/- 0.0
2022-09-12 16:22:55,783 mloop.controllers    INFO     Run:28 (trainer)
2022-09-12 16:22:55,785 mloop.controllers    INFO     params [-1.99855237 -1.45974957 -1.03580774]
2022-09-12 16:22:55,791 mloop.controllers    INFO     cost 0.13308558581807775 +/- 0.0
2022-09-12 16:22:55,792 mloop.controllers    INFO     Run:29 (trainer)
2022-09-12 16:22:55,794 mloop.controllers    INFO     params [-1.15702503  0.34003641 -1.69286708]
2022-09-12 16:22:55,802 mloop.controllers    INFO     cost -0.5862151065359502 +/- 0.0
2022-09-12 16:22:55,803 mloop.controllers    INFO     Run:30 (trainer)
2022-09-12 16:22:55,805 mloop.controllers    INFO     params [-1.61228842 -0.96238934  1.04933771]
2022-09-12 16:22:55,814 mloop.controllers    INFO     cost 0.3688395412192127 +/- 0.0
2022-09-12 16:22:55,815 mloop.controllers    INFO     Run:31 (trainer)
2022-09-12 16:22:55,817 mloop.controllers    INFO     params [1.63518118 1.60179472 1.04655234]
2022-09-12 16:22:55,824 mloop.controllers    INFO     cost 0.5126726928977683 +/- 0.0
2022-09-12 16:22:55,825 mloop.controllers    INFO     Run:32 (trainer)
2022-09-12 16:22:55,827 mloop.controllers    INFO     params [ 1.9754748   0.9954664  -1.72960697]
2022-09-12 16:22:55,833 mloop.controllers    INFO     cost 0.07711304786721065 +/- 0.0
2022-09-12 16:22:55,835 mloop.controllers    INFO     Run:33 (trainer)
2022-09-12 16:22:55,838 mloop.controllers    INFO     params [1.91157882 0.71920975 1.55240485]
2022-09-12 16:22:55,847 mloop.controllers    INFO     cost -0.2617917919942422 +/- 0.0
2022-09-12 16:22:55,848 mloop.controllers    INFO     Run:34 (trainer)
2022-09-12 16:22:55,850 mloop.controllers    INFO     params [-0.35502632 -1.81128744  1.20030494]
2022-09-12 16:22:55,859 mloop.controllers    INFO     cost -0.5611884664316664 +/- 0.0
2022-09-12 16:22:55,860 mloop.controllers    INFO     Run:35 (trainer)
2022-09-12 16:22:55,863 mloop.controllers    INFO     params [-0.39010196 -1.13303335 -1.35805588]
2022-09-12 16:22:55,873 mloop.controllers    INFO     cost -0.41187826309593184 +/- 0.0
2022-09-12 16:22:55,874 mloop.controllers    INFO     Run:36 (trainer)
2022-09-12 16:22:55,876 mloop.controllers    INFO     params [-1.45340916  0.05067626 -0.67974061]
2022-09-12 16:22:55,891 mloop.controllers    INFO     cost -1.311252863484155 +/- 0.0
2022-09-12 16:22:55,893 mloop.controllers    INFO     Run:37 (trainer)
2022-09-12 16:22:55,895 mloop.controllers    INFO     params [1.85960766 1.65579802 1.04470596]
2022-09-12 16:22:55,908 mloop.controllers    INFO     cost 0.39663591889435745 +/- 0.0
2022-09-12 16:22:55,910 mloop.controllers    INFO     Run:38 (trainer)
2022-09-12 16:22:55,913 mloop.controllers    INFO     params [-1.29694984  1.21273069 -1.79860071]
2022-09-12 16:22:55,928 mloop.controllers    INFO     cost 0.44845944364916634 +/- 0.0
2022-09-12 16:22:55,929 mloop.controllers    INFO     Run:39 (trainer)
2022-09-12 16:22:55,931 mloop.controllers    INFO     params [-0.93484534 -0.15774076  1.07309765]
2022-09-12 16:22:55,943 mloop.controllers    INFO     cost -0.8230730645864959 +/- 0.0
2022-09-12 16:22:55,944 mloop.controllers    INFO     Run:40 (trainer)
2022-09-12 16:22:55,947 mloop.controllers    INFO     params [ 0.04513746 -0.74704549  0.6521773 ]
2022-09-12 16:22:55,962 mloop.controllers    INFO     cost -1.46753972677282 +/- 0.0
2022-09-12 16:22:55,963 mloop.controllers    INFO     Run:41 (trainer)
2022-09-12 16:22:55,965 mloop.controllers    INFO     params [0.40986842 1.95132459 1.04083522]
2022-09-12 16:22:55,977 mloop.controllers    INFO     cost -0.548808660337111 +/- 0.0
2022-09-12 16:22:55,978 mloop.controllers    INFO     Run:42 (trainer)
2022-09-12 16:22:55,981 mloop.controllers    INFO     params [-1.41274858  1.00104662 -0.32360919]
2022-09-12 16:22:55,995 mloop.controllers    INFO     cost -0.8109165831128753 +/- 0.0
2022-09-12 16:22:55,997 mloop.controllers    INFO     Run:43 (trainer)
2022-09-12 16:22:55,999 mloop.controllers    INFO     params [-1.1773403  -1.72800424  0.82294955]
2022-09-12 16:22:56,011 mloop.controllers    INFO     cost 0.14986285338574468 +/- 0.0
2022-09-12 16:22:56,012 mloop.controllers    INFO     Run:44 (trainer)
2022-09-12 16:22:56,014 mloop.controllers    INFO     params [-1.6551262  -0.16644996  1.7958354 ]
2022-09-12 16:22:56,025 mloop.controllers    INFO     cost -0.6633443373548144 +/- 0.0
2022-09-12 16:22:56,026 mloop.controllers    INFO     Run:45 (trainer)
2022-09-12 16:22:56,028 mloop.controllers    INFO     params [-0.7374307   0.988321    0.05349211]
2022-09-12 16:22:56,037 mloop.controllers    INFO     cost -1.4018815325812848 +/- 0.0
2022-09-12 16:22:56,037 mloop.controllers    INFO     Run:46 (trainer)
2022-09-12 16:22:56,040 mloop.controllers    INFO     params [-0.47049531 -0.13353805 -1.70356575]
2022-09-12 16:22:56,048 mloop.controllers    INFO     cost -1.3982200250148769 +/- 0.0
2022-09-12 16:22:56,049 mloop.controllers    INFO     Run:47 (trainer)
2022-09-12 16:22:56,051 mloop.controllers    INFO     params [-1.22719444 -1.9069302   1.85302566]
2022-09-12 16:22:56,059 mloop.controllers    INFO     cost 0.19032168028305668 +/- 0.0
2022-09-12 16:22:56,060 mloop.controllers    INFO     Run:48 (trainer)
2022-09-12 16:22:56,062 mloop.controllers    INFO     params [ 1.14138491  0.02048565 -0.69475953]
2022-09-12 16:22:56,074 mloop.controllers    INFO     cost -1.3814444609853327 +/- 0.0
2022-09-12 16:22:56,075 mloop.controllers    INFO     Run:49 (trainer)
2022-09-12 16:22:56,078 mloop.controllers    INFO     params [0.65108117 0.30276306 1.00873077]
2022-09-12 16:22:56,089 mloop.controllers    INFO     cost -1.2724108133818464 +/- 0.0
2022-09-12 16:22:56,090 mloop.controllers    INFO     Run:50 (trainer)
2022-09-12 16:22:56,093 mloop.controllers    INFO     params [-0.92126048  1.27394819  1.27092993]
2022-09-12 16:22:56,108 mloop.controllers    INFO     cost 0.2696653835623252 +/- 0.0
2022-09-12 16:22:56,109 mloop.controllers    INFO     Run:51 (trainer)
2022-09-12 16:22:56,112 mloop.controllers    INFO     params [1.98035682 0.07283079 1.41819446]
2022-09-12 16:22:56,127 mloop.controllers    INFO     cost -0.7795524561210738 +/- 0.0
2022-09-12 16:22:56,128 mloop.controllers    INFO     Run:52 (trainer)
2022-09-12 16:22:56,130 mloop.controllers    INFO     params [ 1.6121992  -1.37827049 -1.15365278]
2022-09-12 16:22:56,146 mloop.controllers    INFO     cost 0.4508037158930427 +/- 0.0
2022-09-12 16:22:56,148 mloop.controllers    INFO     Run:53 (trainer)
2022-09-12 16:22:56,150 mloop.controllers    INFO     params [-1.68370816  0.99115705 -1.06481849]
2022-09-12 16:22:56,165 mloop.controllers    INFO     cost 0.0022711060705775665 +/- 0.0
2022-09-12 16:22:56,166 mloop.controllers    INFO     Run:54 (trainer)
2022-09-12 16:22:56,168 mloop.controllers    INFO     params [ 0.10503462  1.32837786 -0.66499409]
2022-09-12 16:22:56,181 mloop.controllers    INFO     cost -1.3632608116704124 +/- 0.0
2022-09-12 16:22:56,181 mloop.controllers    INFO     Run:55 (trainer)
2022-09-12 16:22:56,184 mloop.controllers    INFO     params [-0.89738744 -1.18063618 -1.62238325]
2022-09-12 16:22:56,196 mloop.controllers    INFO     cost 0.28802617806064307 +/- 0.0
2022-09-12 16:22:56,197 mloop.controllers    INFO     Run:56 (trainer)
2022-09-12 16:22:56,199 mloop.controllers    INFO     params [ 0.74317602  1.96722538 -0.22159229]
2022-09-12 16:22:56,211 mloop.controllers    INFO     cost -1.2160769420784807 +/- 0.0
2022-09-12 16:22:56,212 mloop.controllers    INFO     Run:57 (trainer)
2022-09-12 16:22:56,214 mloop.controllers    INFO     params [ 1.9058491  -0.53070372  1.83629481]
2022-09-12 16:22:56,229 mloop.controllers    INFO     cost -0.3813721491519122 +/- 0.0
2022-09-12 16:22:56,230 mloop.controllers    INFO     Run:58 (trainer)
2022-09-12 16:22:56,234 mloop.controllers    INFO     params [-1.26159877 -1.0150496  -0.49364718]
2022-09-12 16:22:56,248 mloop.controllers    INFO     cost -0.4781649197362805 +/- 0.0
2022-09-12 16:22:56,249 mloop.controllers    INFO     Run:59 (trainer)
2022-09-12 16:22:56,251 mloop.controllers    INFO     params [ 0.83963873 -0.08111213 -0.49608331]
2022-09-12 16:22:56,264 mloop.controllers    INFO     cost -1.8911187247848318 +/- 0.0
2022-09-12 16:22:56,264 mloop.controllers    INFO     Run:60 (trainer)
2022-09-12 16:22:56,266 mloop.controllers    INFO     params [ 1.40300551 -1.12630507  0.00487378]
2022-09-12 16:22:56,278 mloop.controllers    INFO     cost -0.5961968483193771 +/- 0.0
2022-09-12 16:22:56,279 mloop.controllers    INFO     Run:61 (trainer)
2022-09-12 16:22:56,281 mloop.controllers    INFO     params [ 0.2636803  -1.93264356 -0.88915976]
2022-09-12 16:22:56,292 mloop.controllers    INFO     cost -1.1535824803357464 +/- 0.0
2022-09-12 16:22:56,293 mloop.controllers    INFO     Run:62 (trainer)
2022-09-12 16:22:56,295 mloop.controllers    INFO     params [ 0.16260921 -1.24947245 -1.20715944]
2022-09-12 16:22:56,306 mloop.controllers    INFO     cost -0.6521088258617629 +/- 0.0
2022-09-12 16:22:56,307 mloop.controllers    INFO     Run:63 (trainer)
2022-09-12 16:22:56,310 mloop.controllers    INFO     params [-1.80047545 -1.14377133  1.86849614]
2022-09-12 16:22:56,321 mloop.controllers    INFO     cost 0.29706942717700846 +/- 0.0
2022-09-12 16:22:56,322 mloop.controllers    INFO     Run:64 (trainer)
2022-09-12 16:22:56,325 mloop.controllers    INFO     params [ 0.28886287 -1.740343   -1.52409056]
2022-09-12 16:22:56,338 mloop.controllers    INFO     cost -0.5679319751577819 +/- 0.0
2022-09-12 16:22:56,340 mloop.controllers    INFO     Run:65 (trainer)
2022-09-12 16:22:56,343 mloop.controllers    INFO     params [ 1.44394035 -0.61356387  0.05862432]
2022-09-12 16:22:56,358 mloop.controllers    INFO     cost -1.0914790784980526 +/- 0.0
2022-09-12 16:22:56,359 mloop.controllers    INFO     Run:66 (trainer)
2022-09-12 16:22:56,361 mloop.controllers    INFO     params [-0.84058734  0.95519765 -1.76290921]
2022-09-12 16:22:56,375 mloop.controllers    INFO     cost -0.17846564790404734 +/- 0.0
2022-09-12 16:22:56,376 mloop.controllers    INFO     Run:67 (trainer)
2022-09-12 16:22:56,379 mloop.controllers    INFO     params [-0.321799   -1.51643824 -1.86706667]
2022-09-12 16:22:56,394 mloop.controllers    INFO     cost -0.5338984092454123 +/- 0.0
2022-09-12 16:22:56,395 mloop.controllers    INFO     Run:68 (trainer)
2022-09-12 16:22:56,397 mloop.controllers    INFO     params [-0.38022823  0.9683192  -0.12313387]
2022-09-12 16:22:56,411 mloop.controllers    INFO     cost -1.9250690917237199 +/- 0.0
2022-09-12 16:22:56,412 mloop.controllers    INFO     Run:69 (trainer)
2022-09-12 16:22:56,414 mloop.controllers    INFO     params [ 0.80149396  1.57158636 -1.00041372]
2022-09-12 16:22:56,429 mloop.controllers    INFO     cost -0.12528822548247986 +/- 0.0
2022-09-12 16:22:56,430 mloop.controllers    INFO     Run:70 (trainer)
2022-09-12 16:22:56,432 mloop.controllers    INFO     params [-1.9230768  -1.07871567  1.40701449]
2022-09-12 16:22:56,446 mloop.controllers    INFO     cost 0.39455727940358476 +/- 0.0
2022-09-12 16:22:56,447 mloop.controllers    INFO     Run:71 (trainer)
2022-09-12 16:22:56,449 mloop.controllers    INFO     params [ 1.65940372 -0.39479356 -1.01291612]
2022-09-12 16:22:56,460 mloop.controllers    INFO     cost -0.5691703212053062 +/- 0.0
2022-09-12 16:22:56,461 mloop.controllers    INFO     Run:72 (trainer)
2022-09-12 16:22:56,463 mloop.controllers    INFO     params [-0.39390132  1.05220267  1.15264674]
2022-09-12 16:22:56,475 mloop.controllers    INFO     cost -0.6324568269277552 +/- 0.0
2022-09-12 16:22:56,476 mloop.controllers    INFO     Run:73 (trainer)
2022-09-12 16:22:56,478 mloop.controllers    INFO     params [-0.40285601 -1.45974957 -1.45726144]
2022-09-12 16:22:56,494 mloop.controllers    INFO     cost -0.34179255136316955 +/- 0.0
2022-09-12 16:22:56,497 mloop.controllers    INFO     Run:74 (trainer)
2022-09-12 16:22:56,502 mloop.controllers    INFO     params [-1.15702503 -0.04514576  0.66560852]
2022-09-12 16:22:56,531 mloop.controllers    INFO     cost -1.114651290121 +/- 0.0
2022-09-12 16:22:56,531 mloop.controllers    INFO     Run:75 (trainer)
2022-09-12 16:22:56,534 mloop.controllers    INFO     params [ 0.10919736  0.10967653 -1.39223919]
2022-09-12 16:22:56,553 mloop.controllers    INFO     cost -1.7846551980920091 +/- 0.0
2022-09-12 16:22:56,554 mloop.controllers    INFO     Run:76 (trainer)
2022-09-12 16:22:56,561 mloop.controllers    INFO     params [ 1.63518118 -0.4348716   1.04655234]
2022-09-12 16:22:56,584 mloop.controllers    INFO     cost -0.2908238749605317 +/- 0.0
2022-09-12 16:22:56,584 mloop.controllers    INFO     Run:77 (trainer)
2022-09-12 16:22:56,586 mloop.controllers    INFO     params [-1.959007   -0.51452901 -1.72960697]
2022-09-12 16:22:56,600 mloop.controllers    INFO     cost -0.2845782605429147 +/- 0.0
2022-09-12 16:22:56,600 mloop.controllers    INFO     Run:78 (trainer)
2022-09-12 16:22:56,602 mloop.controllers    INFO     params [ 0.19347097  0.29651294 -0.93858043]
2022-09-12 16:22:56,616 mloop.controllers    INFO     cost -2.0615790072897506 +/- 0.0
2022-09-12 16:22:56,617 mloop.controllers    INFO     Run:79 (trainer)
2022-09-12 16:22:56,619 mloop.controllers    INFO     params [-1.1025941  -1.81128744  0.31842102]
2022-09-12 16:22:56,637 mloop.controllers    INFO     cost -0.5986312577969893 +/- 0.0
2022-09-12 16:22:56,639 mloop.controllers    INFO     Run:80 (trainer)
2022-09-12 16:22:56,642 mloop.controllers    INFO     params [ 0.78235887 -1.13303335 -1.35805588]
2022-09-12 16:22:56,660 mloop.controllers    INFO     cost 0.0989252890417395 +/- 0.0
2022-09-12 16:22:56,660 mloop.controllers    INFO     Run:81 (trainer)
2022-09-12 16:22:56,663 mloop.controllers    INFO     params [1.53333563 0.84158999 1.41311471]
2022-09-12 16:22:56,683 mloop.controllers    INFO     cost 0.10522363745847552 +/- 0.0
2022-09-12 16:22:56,683 mloop.controllers    INFO     Run:82 (trainer)
2022-09-12 16:22:56,685 mloop.controllers    INFO     params [-0.84170198 -0.85931613  1.04470596]
2022-09-12 16:22:56,702 mloop.controllers    INFO     cost -0.10060235418794698 +/- 0.0
2022-09-12 16:22:56,703 mloop.controllers    INFO     Run:83 (trainer)
2022-09-12 16:22:56,711 mloop.controllers    INFO     params [-1.29694984  1.28018202 -1.50776367]
2022-09-12 16:22:56,782 mloop.controllers    INFO     cost 0.5584984308984342 +/- 0.0
2022-09-12 16:22:56,788 mloop.controllers    INFO     Run:84 (trainer)
2022-09-12 16:22:56,793 mloop.controllers    INFO     params [-0.42052607 -1.53194368 -1.45776457]
2022-09-12 16:22:56,812 mloop.controllers    INFO     cost -0.34351250953598433 +/- 0.0
2022-09-12 16:22:56,814 mloop.controllers    INFO     Run:85 (trainer)
2022-09-12 16:22:56,817 mloop.controllers    INFO     params [-0.13600307 -1.72239491  1.25960735]
2022-09-12 16:22:56,834 mloop.controllers    INFO     cost -0.6656580377593458 +/- 0.0
2022-09-12 16:22:56,835 mloop.controllers    INFO     Run:86 (trainer)
2022-09-12 16:22:56,837 mloop.controllers    INFO     params [0.40986842 1.02821438 1.5534611 ]
2022-09-12 16:22:56,860 mloop.controllers    INFO     cost -0.6518037469845569 +/- 0.0
2022-09-12 16:22:56,861 mloop.controllers    INFO     Run:87 (trainer)
2022-09-12 16:22:56,864 mloop.controllers    INFO     params [-1.44097837  0.12154304  1.4550154 ]
2022-09-12 16:22:56,883 mloop.controllers    INFO     cost -0.5804757699160665 +/- 0.0
2022-09-12 16:22:56,884 mloop.controllers    INFO     Run:88 (trainer)
2022-09-12 16:22:56,886 mloop.controllers    INFO     params [ 1.36094989 -0.58767759  0.77878575]
2022-09-12 16:22:56,901 mloop.controllers    INFO     cost -0.30742404329174666 +/- 0.0
2022-09-12 16:22:56,902 mloop.controllers    INFO     Run:89 (trainer)
2022-09-12 16:22:56,905 mloop.controllers    INFO     params [ 0.87551702 -0.16644996  1.90496959]
2022-09-12 16:22:56,919 mloop.controllers    INFO     cost -1.0283050090412678 +/- 0.0
2022-09-12 16:22:56,920 mloop.controllers    INFO     Run:90 (trainer)
2022-09-12 16:22:56,924 mloop.controllers    INFO     params [-0.52848542  0.2360076   0.05349211]
2022-09-12 16:22:56,941 mloop.controllers    INFO     cost -2.5314379413759434 +/- 0.0
2022-09-12 16:22:56,941 mloop.controllers    INFO     Run:91 (trainer)
2022-09-12 16:22:56,943 mloop.controllers    INFO     params [ 0.65730252 -0.13353805 -1.70356575]
2022-09-12 16:22:56,958 mloop.controllers    INFO     cost -1.150910337314619 +/- 0.0
2022-09-12 16:22:56,959 mloop.controllers    INFO     Run:92 (trainer)
2022-09-12 16:22:56,961 mloop.controllers    INFO     params [ 0.56235693 -1.97707004  1.29276129]
2022-09-12 16:22:56,975 mloop.controllers    INFO     cost -0.3762474815374671 +/- 0.0
2022-09-12 16:22:56,976 mloop.controllers    INFO     Run:93 (trainer)
2022-09-12 16:22:56,977 mloop.controllers    INFO     params [-1.91753696 -1.79823501  1.47196744]
2022-09-12 16:22:56,990 mloop.controllers    INFO     cost 0.2925649101803047 +/- 0.0
2022-09-12 16:22:56,991 mloop.controllers    INFO     Run:94 (trainer)
2022-09-12 16:22:56,993 mloop.controllers    INFO     params [-1.43047712  0.85466419  1.00873077]
2022-09-12 16:22:57,005 mloop.controllers    INFO     cost 0.019556831550999618 +/- 0.0
2022-09-12 16:22:57,006 mloop.controllers    INFO     Run:95 (trainer)
2022-09-12 16:22:57,009 mloop.controllers    INFO     params [1.09381571 1.27394819 1.01860881]
2022-09-12 16:22:57,021 mloop.controllers    INFO     cost 0.32903660664651335 +/- 0.0
2022-09-12 16:22:57,022 mloop.controllers    INFO     Run:96 (trainer)
2022-09-12 16:22:57,025 mloop.controllers    INFO     params [-0.70928565  0.638502   -1.06648512]
2022-09-12 16:22:57,042 mloop.controllers    INFO     cost -0.9766151444669179 +/- 0.0
2022-09-12 16:22:57,043 mloop.controllers    INFO     Run:97 (trainer)
2022-09-12 16:22:57,045 mloop.controllers    INFO     params [-1.09677863  0.19891731 -1.86409384]
2022-09-12 16:22:57,061 mloop.controllers    INFO     cost -0.7752800852960049 +/- 0.0
2022-09-12 16:22:57,061 mloop.controllers    INFO     Run:98 (trainer)
2022-09-12 16:22:57,063 mloop.controllers    INFO     params [-0.09657772 -0.74670456 -1.72128387]
2022-09-12 16:22:57,077 mloop.controllers    INFO     cost -0.9766076019705143 +/- 0.0
2022-09-12 16:22:57,078 mloop.controllers    INFO     Run:99 (trainer)
2022-09-12 16:22:57,080 mloop.controllers    INFO     params [-0.7047573   0.44221157 -0.0338671 ]
2022-09-12 16:22:57,092 mloop.controllers    INFO     cost -2.1724075580112285 +/- 0.0
2022-09-12 16:22:57,093 mloop.controllers    INFO     Run:100 (trainer)
2022-09-12 16:22:57,095 mloop.controllers    INFO     params [ 0.13476001 -0.91700966  0.2784642 ]
2022-09-12 16:22:57,108 mloop.controllers    INFO     cost -1.7341688192724485 +/- 0.0
2022-09-12 16:22:57,109 mloop.controllers    INFO     Run:101 (trainer)
2022-09-12 16:22:57,111 mloop.controllers    INFO     params [ 0.40040772 -1.22223789  0.37608037]
2022-09-12 16:22:57,123 mloop.controllers    INFO     cost -1.218926850509487 +/- 0.0
2022-09-12 16:22:57,124 mloop.controllers    INFO     Run:102 (trainer)
2022-09-12 16:22:57,126 mloop.controllers    INFO     params [ 0.41844344 -0.02298672  0.6941785 ]
2022-09-12 16:22:57,140 mloop.controllers    INFO     cost -1.9526486455299927 +/- 0.0
2022-09-12 16:22:57,141 mloop.controllers    INFO     Run:103 (trainer)
2022-09-12 16:22:57,143 mloop.controllers    INFO     params [-1.89815846 -0.29383315  1.31089939]
2022-09-12 16:22:57,157 mloop.controllers    INFO     cost -0.4941259804154432 +/- 0.0
2022-09-12 16:22:57,157 mloop.controllers    INFO     Run:104 (trainer)
2022-09-12 16:22:57,159 mloop.controllers    INFO     params [-0.07490146 -1.58207609 -0.94447361]
2022-09-12 16:22:57,185 mloop.controllers    INFO     cost -1.0086130697281597 +/- 0.0
2022-09-12 16:22:57,190 mloop.controllers    INFO     Run:105 (trainer)
2022-09-12 16:22:57,201 mloop.controllers    INFO     params [-0.65723678 -1.12630507  0.51574104]
2022-09-12 16:22:57,232 mloop.controllers    INFO     cost -0.7401892574545224 +/- 0.0
2022-09-12 16:22:57,232 mloop.controllers    INFO     Run:106 (trainer)
2022-09-12 16:22:57,234 mloop.controllers    INFO     params [ 0.01479245 -1.30383233 -0.11623843]
2022-09-12 16:22:57,251 mloop.controllers    INFO     cost -1.7827325672145857 +/- 0.0
2022-09-12 16:22:57,251 mloop.controllers    INFO     Run:107 (trainer)
2022-09-12 16:22:57,253 mloop.controllers    INFO     params [-1.48013739 -1.68526099  0.10666908]
2022-09-12 16:22:57,273 mloop.controllers    INFO     cost -0.6052058842497395 +/- 0.0
2022-09-12 16:22:57,274 mloop.controllers    INFO     Run:108 (trainer)
2022-09-12 16:22:57,276 mloop.controllers    INFO     params [ 0.45408127 -0.9239628  -1.53568791]
2022-09-12 16:22:57,295 mloop.controllers    INFO     cost -0.45313377852726555 +/- 0.0
2022-09-12 16:22:57,296 mloop.controllers    INFO     Run:109 (trainer)
2022-09-12 16:22:57,297 mloop.controllers    INFO     params [0.30017035 0.5749658  1.11009987]
2022-09-12 16:22:57,315 mloop.controllers    INFO     cost -1.3650558329330025 +/- 0.0
2022-09-12 16:22:57,315 mloop.controllers    INFO     Run:110 (trainer)
2022-09-12 16:22:57,316 mloop.controllers    INFO     params [ 0.36308303 -1.49156016  1.13767937]
2022-09-12 16:22:57,335 mloop.controllers    INFO     cost -0.4303635985980193 +/- 0.0
2022-09-12 16:22:57,335 mloop.controllers    INFO     Run:111 (trainer)
2022-09-12 16:22:57,340 mloop.controllers    INFO     params [-1.37443037  0.5169665  -1.49824078]
2022-09-12 16:22:57,356 mloop.controllers    INFO     cost -0.30764592186852135 +/- 0.0
2022-09-12 16:22:57,356 mloop.controllers    INFO     Run:112 (trainer)
2022-09-12 16:22:57,359 mloop.controllers    INFO     params [ 0.8962661  -1.40266466 -1.62742553]
2022-09-12 16:22:57,375 mloop.controllers    INFO     cost 0.3057439251854639 +/- 0.0
2022-09-12 16:22:57,376 mloop.controllers    INFO     Run:113 (trainer)
2022-09-12 16:22:57,377 mloop.controllers    INFO     params [-0.89370721  1.13974405 -0.12313387]
2022-09-12 16:22:57,395 mloop.controllers    INFO     cost -1.077730918491322 +/- 0.0
2022-09-12 16:22:57,396 mloop.controllers    INFO     Run:114 (trainer)
2022-09-12 16:22:57,398 mloop.controllers    INFO     params [-0.21608542 -1.95518806  0.81760781]
2022-09-12 16:22:57,413 mloop.controllers    INFO     cost -1.0404533516505166 +/- 0.0
2022-09-12 16:22:57,414 mloop.controllers    INFO     Run:115 (trainer)
2022-09-12 16:22:57,415 mloop.controllers    INFO     params [-1.53160882 -0.61465759 -0.70797277]
2022-09-12 16:22:57,432 mloop.controllers    INFO     cost -0.6348278078354476 +/- 0.0
2022-09-12 16:22:57,432 mloop.controllers    INFO     Run:116 (trainer)
2022-09-12 16:22:57,434 mloop.controllers    INFO     params [ 1.20511147 -0.97093822 -1.01291612]
2022-09-12 16:22:57,451 mloop.controllers    INFO     cost 0.13015183535292874 +/- 0.0
2022-09-12 16:22:57,451 mloop.controllers    INFO     Run:117 (trainer)
2022-09-12 16:22:57,455 mloop.controllers    INFO     params [-0.14641016  1.53393869 -1.81052622]
2022-09-12 16:22:57,476 mloop.controllers    INFO     cost -0.6010406902117718 +/- 0.0
2022-09-12 16:22:57,476 mloop.controllers    INFO     Run:118 (trainer)
2022-09-12 16:22:57,478 mloop.controllers    INFO     params [1.93404786 1.59601261 1.94767374]
2022-09-12 16:22:57,497 mloop.controllers    INFO     cost 0.2234176493052787 +/- 0.0
2022-09-12 16:22:57,497 mloop.controllers    INFO     Run:119 (trainer)
2022-09-12 16:22:57,500 mloop.controllers    INFO     params [-1.15702503 -0.04514576  1.48041688]
2022-09-12 16:22:57,518 mloop.controllers    INFO     cost -0.6404121488277642 +/- 0.0
2022-09-12 16:22:57,520 mloop.controllers    INFO     Run:120 (trainer)
2022-09-12 16:22:57,522 mloop.controllers    INFO     params [-1.59344902 -0.18514069  0.62248652]
2022-09-12 16:22:57,535 mloop.controllers    INFO     cost -1.0175734757670167 +/- 0.0
2022-09-12 16:22:57,536 mloop.controllers    INFO     Run:121 (trainer)
2022-09-12 16:22:57,538 mloop.controllers    INFO     params [-1.9407783  -0.4348716  -0.39379407]
2022-09-12 16:22:57,552 mloop.controllers    INFO     cost -1.4251523375701094 +/- 0.0
2022-09-12 16:22:57,552 mloop.controllers    INFO     Run:122 (trainer)
2022-09-12 16:22:57,555 mloop.controllers    INFO     params [-0.36058762  1.86705008  1.31971961]
2022-09-12 16:22:57,571 mloop.controllers    INFO     cost -0.46194499717596216 +/- 0.0
2022-09-12 16:22:57,572 mloop.controllers    INFO     Run:123 (trainer)
2022-09-12 16:22:57,573 mloop.controllers    INFO     params [ 0.21781953  0.29651294 -0.19458082]
2022-09-12 16:22:57,589 mloop.controllers    INFO     cost -2.846789233491747 +/- 0.0
2022-09-12 16:22:57,590 mloop.controllers    INFO     Run:124 (trainer)
2022-09-12 16:22:57,592 mloop.controllers    INFO     params [0.41693162 0.43488858 0.31842102]
2022-09-12 16:22:57,607 mloop.controllers    INFO     cost -2.2989662497271928 +/- 0.0
2022-09-12 16:22:57,607 mloop.controllers    INFO     Run:125 (trainer)
2022-09-12 16:22:57,609 mloop.controllers    INFO     params [ 1.73824806 -0.13924533  0.82794864]
2022-09-12 16:22:57,625 mloop.controllers    INFO     cost -0.8512777264171533 +/- 0.0
2022-09-12 16:22:57,625 mloop.controllers    INFO     Run:126 (trainer)
2022-09-12 16:22:57,627 mloop.controllers    INFO     params [ 1.05642407  0.72127032 -0.67974061]
2022-09-12 16:22:57,643 mloop.controllers    INFO     cost -0.9544035624287236 +/- 0.0
2022-09-12 16:22:57,643 mloop.controllers    INFO     Run:127 (trainer)
2022-09-12 16:22:57,645 mloop.controllers    INFO     params [ 0.20201481 -1.98634317  0.75864326]
2022-09-12 16:22:57,662 mloop.controllers    INFO     cost -1.1343586109756139 +/- 0.0
2022-09-12 16:22:57,663 mloop.controllers    INFO     Run:128 (trainer)
2022-09-12 16:22:57,665 mloop.controllers    INFO     params [ 1.8225783   1.21273069 -1.79860071]
2022-09-12 16:22:57,682 mloop.controllers    INFO     cost 0.3436778353875981 +/- 0.0
2022-09-12 16:22:57,683 mloop.controllers    INFO     Run:129 (trainer)
2022-09-12 16:22:57,685 mloop.controllers    INFO     params [-0.00307817 -0.65107347  0.42817216]
2022-09-12 16:22:57,700 mloop.controllers    INFO     cost -1.89895286463028 +/- 0.0
2022-09-12 16:22:57,701 mloop.controllers    INFO     Run:130 (trainer)
2022-09-12 16:22:57,703 mloop.controllers    INFO     params [-0.96451689 -0.22006143  1.44764915]
2022-09-12 16:22:57,722 mloop.controllers    INFO     cost -0.6731494320649054 +/- 0.0
2022-09-12 16:22:57,723 mloop.controllers    INFO     Run:131 (trainer)
2022-09-12 16:22:57,725 mloop.controllers    INFO     params [ 0.46863197 -0.07716366  1.5534611 ]
2022-09-12 16:22:57,742 mloop.controllers    INFO     cost -1.454532657641801 +/- 0.0
2022-09-12 16:22:57,742 mloop.controllers    INFO     Run:132 (trainer)
2022-09-12 16:22:57,744 mloop.controllers    INFO     params [ 1.99155532 -1.04120193  0.03564098]
2022-09-12 16:22:57,760 mloop.controllers    INFO     cost -0.8460569053256145 +/- 0.0
2022-09-12 16:22:57,760 mloop.controllers    INFO     Run:133 (trainer)
2022-09-12 16:22:57,762 mloop.controllers    INFO     params [ 1.61828176 -1.03674629 -0.84013234]
2022-09-12 16:22:57,782 mloop.controllers    INFO     cost -0.013484593846033122 +/- 0.0
2022-09-12 16:22:57,782 mloop.controllers    INFO     Run:134 (trainer)
2022-09-12 16:22:57,784 mloop.controllers    INFO     params [0.67795515 0.71500282 0.11001009]
2022-09-12 16:22:57,798 mloop.controllers    INFO     cost -1.8112069904252395 +/- 0.0
2022-09-12 16:22:57,799 mloop.controllers    INFO     Run:135 (trainer)
2022-09-12 16:22:57,801 mloop.controllers    INFO     params [-0.52848542 -0.81348496  0.05349211]
2022-09-12 16:22:57,816 mloop.controllers    INFO     cost -1.6551364957442107 +/- 0.0
2022-09-12 16:22:57,817 mloop.controllers    INFO     Run:136 (trainer)
2022-09-12 16:22:57,819 mloop.controllers    INFO     params [ 0.07397365  0.66204663 -1.77027334]
2022-09-12 16:22:57,836 mloop.controllers    INFO     cost -1.3826871853593896 +/- 0.0
2022-09-12 16:22:57,837 mloop.controllers    INFO     Run:137 (trainer)
2022-09-12 16:22:57,839 mloop.controllers    INFO     params [ 0.07569701 -0.41462373 -0.69283362]
2022-09-12 16:22:57,853 mloop.controllers    INFO     cost -2.122733932866596 +/- 0.0
2022-09-12 16:22:57,854 mloop.controllers    INFO     Run:138 (trainer)
2022-09-12 16:22:57,856 mloop.controllers    INFO     params [ 1.14138491 -0.37691983  0.79466588]
2022-09-12 16:22:57,871 mloop.controllers    INFO     cost -0.6614351631213669 +/- 0.0
2022-09-12 16:22:57,872 mloop.controllers    INFO     Run:139 (trainer)
2022-09-12 16:22:57,874 mloop.controllers    INFO     params [0.65108117 0.5322889  1.25387047]
2022-09-12 16:22:57,895 mloop.controllers    INFO     cost -0.9438229094242534 +/- 0.0
2022-09-12 16:22:57,896 mloop.controllers    INFO     Run:140 (trainer)
2022-09-12 16:22:57,898 mloop.controllers    INFO     params [ 0.83557742  1.25592308 -0.83074373]
2022-09-12 16:22:57,916 mloop.controllers    INFO     cost -0.38465432602825494 +/- 0.0
2022-09-12 16:22:57,917 mloop.controllers    INFO     Run:141 (trainer)
2022-09-12 16:22:57,918 mloop.controllers    INFO     params [ 0.95991701  0.96540881 -1.61709454]
2022-09-12 16:22:57,935 mloop.controllers    INFO     cost 0.016936234923391108 +/- 0.0
2022-09-12 16:22:57,936 mloop.controllers    INFO     Run:142 (trainer)
2022-09-12 16:22:57,938 mloop.controllers    INFO     params [0.30805496 1.18580594 0.10471921]
2022-09-12 16:22:57,956 mloop.controllers    INFO     cost -1.7054497945226044 +/- 0.0
2022-09-12 16:22:57,957 mloop.controllers    INFO     Run:143 (trainer)
2022-09-12 16:22:57,958 mloop.controllers    INFO     params [ 1.94025238 -1.07065498  0.18075984]
2022-09-12 16:22:57,978 mloop.controllers    INFO     cost -0.705780951857642 +/- 0.0
2022-09-12 16:22:57,978 mloop.controllers    INFO     Run:144 (trainer)
2022-09-12 16:22:57,980 mloop.controllers    INFO     params [-1.23641751 -0.70024805 -0.4475058 ]
2022-09-12 16:22:57,999 mloop.controllers    INFO     cost -0.8723033898326247 +/- 0.0
2022-09-12 16:22:58,000 mloop.controllers    INFO     Run:145 (trainer)
2022-09-12 16:22:58,002 mloop.controllers    INFO     params [ 1.48854742 -0.31838762 -0.3659509 ]
2022-09-12 16:22:58,018 mloop.controllers    INFO     cost -1.409878785622439 +/- 0.0
2022-09-12 16:22:58,019 mloop.controllers    INFO     Run:146 (trainer)
2022-09-12 16:22:58,021 mloop.controllers    INFO     params [ 0.81354588 -1.22223789  0.37625045]
2022-09-12 16:22:58,038 mloop.controllers    INFO     cost -0.6786489796348302 +/- 0.0
2022-09-12 16:22:58,039 mloop.controllers    INFO     Run:147 (trainer)
2022-09-12 16:22:58,041 mloop.controllers    INFO     params [-0.4342633   0.51608677  1.16891402]
2022-09-12 16:22:58,058 mloop.controllers    INFO     cost -1.2683923547131428 +/- 0.0
2022-09-12 16:22:58,059 mloop.controllers    INFO     Run:148 (trainer)
2022-09-12 16:22:58,061 mloop.controllers    INFO     params [-0.26324397 -0.67224269  1.55389751]
2022-09-12 16:22:58,080 mloop.controllers    INFO     cost -0.989844995052662 +/- 0.0
2022-09-12 16:22:58,081 mloop.controllers    INFO     Run:149 (trainer)
2022-09-12 16:22:58,082 mloop.controllers    INFO     params [ 1.82859085 -0.08111213 -1.536507  ]
2022-09-12 16:22:58,101 mloop.controllers    INFO     cost -0.6404445668051313 +/- 0.0
2022-09-12 16:22:58,101 mloop.controllers    INFO     Run:150 (trainer)
2022-09-12 16:22:58,103 mloop.controllers    INFO     params [ 0.44093341 -0.31385301  0.57207871]
2022-09-12 16:22:58,118 mloop.controllers    INFO     cost -1.856729565651371 +/- 0.0
2022-09-12 16:22:58,119 mloop.controllers    INFO     Run:151 (trainer)
2022-09-12 16:22:58,121 mloop.controllers    INFO     params [-1.23557715 -1.30383233 -0.18254081]
2022-09-12 16:22:58,139 mloop.controllers    INFO     cost -0.5986299020869522 +/- 0.0
2022-09-12 16:22:58,139 mloop.controllers    INFO     Run:152 (trainer)
2022-09-12 16:22:58,141 mloop.controllers    INFO     params [-0.96973758  0.41815226 -0.24637546]
2022-09-12 16:22:58,156 mloop.controllers    INFO     cost -1.8379067018095208 +/- 0.0
2022-09-12 16:22:58,157 mloop.controllers    INFO     Run:153 (trainer)
2022-09-12 16:22:58,159 mloop.controllers    INFO     params [ 1.92177202  1.47949325 -1.53568791]
2022-09-12 16:22:58,179 mloop.controllers    INFO     cost 0.4719050997591512 +/- 0.0
2022-09-12 16:22:58,179 mloop.controllers    INFO     Run:154 (trainer)
2022-09-12 16:22:58,181 mloop.controllers    INFO     params [0.59955932 1.87840427 1.1491131 ]
2022-09-12 16:22:58,201 mloop.controllers    INFO     cost -0.21068024357386386 +/- 0.0
2022-09-12 16:22:58,201 mloop.controllers    INFO     Run:155 (trainer)
2022-09-12 16:22:58,203 mloop.controllers    INFO     params [-0.47372655  0.84582692 -0.02414937]
2022-09-12 16:22:58,223 mloop.controllers    INFO     cost -1.965917866057763 +/- 0.0
2022-09-12 16:22:58,223 mloop.controllers    INFO     Run:156 (trainer)
2022-09-12 16:22:58,225 mloop.controllers    INFO     params [-1.05684341 -0.01907807 -0.32621436]
2022-09-12 16:22:58,246 mloop.controllers    INFO     cost -1.8412617679037147 +/- 0.0
2022-09-12 16:22:58,246 mloop.controllers    INFO     Run:157 (trainer)
2022-09-12 16:22:58,248 mloop.controllers    INFO     params [-0.321799    0.8003335   0.92866721]
2022-09-12 16:22:58,265 mloop.controllers    INFO     cost -1.1777525017146724 +/- 0.0
2022-09-12 16:22:58,265 mloop.controllers    INFO     Run:158 (trainer)
2022-09-12 16:22:58,267 mloop.controllers    INFO     params [0.48891028 0.9683192  1.09353677]
2022-09-12 16:22:58,285 mloop.controllers    INFO     cost -0.6456802228106597 +/- 0.0
2022-09-12 16:22:58,285 mloop.controllers    INFO     Run:159 (trainer)
2022-09-12 16:22:58,288 mloop.controllers    INFO     params [-0.12662334  1.93780415 -1.72886993]
2022-09-12 16:22:58,307 mloop.controllers    INFO     cost -0.7097287094555346 +/- 0.0
2022-09-12 16:22:58,308 mloop.controllers    INFO     Run:160 (trainer)
2022-09-12 16:22:58,309 mloop.controllers    INFO     params [-0.46578362  1.59629479 -1.01302723]
2022-09-12 16:22:58,328 mloop.controllers    INFO     cost -0.560800379693411 +/- 0.0
2022-09-12 16:22:58,329 mloop.controllers    INFO     Run:161 (trainer)
2022-09-12 16:22:58,331 mloop.controllers    INFO     params [ 1.52724557  1.47691598 -1.01291612]
2022-09-12 16:22:58,351 mloop.controllers    INFO     cost 0.327559869118043 +/- 0.0
2022-09-12 16:22:58,352 mloop.controllers    INFO     Run:162 (trainer)
2022-09-12 16:22:58,354 mloop.controllers    INFO     params [-1.25630156 -0.66141891  1.15264674]
2022-09-12 16:22:58,373 mloop.controllers    INFO     cost 0.07902970483086011 +/- 0.0
2022-09-12 16:22:58,373 mloop.controllers    INFO     Run:163 (trainer)
2022-09-12 16:22:58,375 mloop.controllers    INFO     params [-0.40285601 -1.45974957 -0.88805178]
2022-09-12 16:22:58,394 mloop.controllers    INFO     cost -0.8026431321277799 +/- 0.0
2022-09-12 16:22:58,395 mloop.controllers    INFO     Run:164 (trainer)
2022-09-12 16:22:58,397 mloop.controllers    INFO     params [-1.15702503 -0.23294878 -0.66247836]
2022-09-12 16:22:58,418 mloop.controllers    INFO     cost -1.2521335825682458 +/- 0.0
2022-09-12 16:22:58,419 mloop.controllers    INFO     Run:165 (trainer)
2022-09-12 16:22:58,422 mloop.controllers    INFO     params [ 1.10453089 -1.65888763  0.65998371]
2022-09-12 16:22:58,444 mloop.controllers    INFO     cost -0.06943908828767265 +/- 0.0
2022-09-12 16:22:58,445 mloop.controllers    INFO     Run:166 (trainer)
2022-09-12 16:22:58,448 mloop.controllers    INFO     params [-1.06144054  0.17269772  0.26483258]
2022-09-12 16:22:58,471 mloop.controllers    INFO     cost -1.7287979579608148 +/- 0.0
2022-09-12 16:22:58,472 mloop.controllers    INFO     Run:167 (trainer)
2022-09-12 16:22:58,474 mloop.controllers    INFO     params [-0.39790186  1.23399729  1.4110162 ]
2022-09-12 16:22:58,497 mloop.controllers    INFO     cost -0.43393370929617614 +/- 0.0
2022-09-12 16:22:58,497 mloop.controllers    INFO     Run:168 (trainer)
2022-09-12 16:22:58,499 mloop.controllers    INFO     params [ 0.21781953 -0.56241854 -0.94948879]
2022-09-12 16:22:58,517 mloop.controllers    INFO     cost -1.5137300531208762 +/- 0.0
2022-09-12 16:22:58,518 mloop.controllers    INFO     Run:169 (trainer)
2022-09-12 16:22:58,520 mloop.controllers    INFO     params [-0.08752015  0.43488858  0.63925326]
2022-09-12 16:22:58,542 mloop.controllers    INFO     cost -2.127484757090672 +/- 0.0
2022-09-12 16:22:58,543 mloop.controllers    INFO     Run:170 (trainer)
2022-09-12 16:22:58,544 mloop.controllers    INFO     params [ 1.17643635  0.73701522 -0.6394805 ]
2022-09-12 16:22:58,565 mloop.controllers    INFO     cost -0.8971928395379123 +/- 0.0
2022-09-12 16:22:58,565 mloop.controllers    INFO     Run:171 (trainer)
2022-09-12 16:22:58,567 mloop.controllers    INFO     params [-0.76071908 -0.50382687 -1.30934902]
2022-09-12 16:22:58,587 mloop.controllers    INFO     cost -0.6242099004105204 +/- 0.0
2022-09-12 16:22:58,588 mloop.controllers    INFO     Run:172 (trainer)
2022-09-12 16:22:58,590 mloop.controllers    INFO     params [ 0.20201481 -1.48774763  0.87778695]
2022-09-12 16:22:58,613 mloop.controllers    INFO     cost -0.7639989697549351 +/- 0.0
2022-09-12 16:22:58,614 mloop.controllers    INFO     Run:173 (trainer)
2022-09-12 16:22:58,615 mloop.controllers    INFO     params [ 1.20259811 -0.30643662 -0.26150086]
2022-09-12 16:22:58,640 mloop.controllers    INFO     cost -1.5499064440895203 +/- 0.0
2022-09-12 16:22:58,641 mloop.controllers    INFO     Run:174 (trainer)
2022-09-12 16:22:58,642 mloop.controllers    INFO     params [-1.87340517 -0.65107347  0.71709778]
2022-09-12 16:22:58,662 mloop.controllers    INFO     cost -0.4445845798540896 +/- 0.0
2022-09-12 16:22:58,663 mloop.controllers    INFO     Run:175 (trainer)
2022-09-12 16:22:58,664 mloop.controllers    INFO     params [ 1.86351421 -0.33519562  1.02819325]
2022-09-12 16:22:58,684 mloop.controllers    INFO     cost -0.5347145496629555 +/- 0.0
2022-09-12 16:22:58,684 mloop.controllers    INFO     Run:176 (trainer)
2022-09-12 16:22:58,686 mloop.controllers    INFO     params [1.66594484 0.01036449 0.28344713]
2022-09-12 16:22:58,711 mloop.controllers    INFO     cost -1.5962462873012941 +/- 0.0
2022-09-12 16:22:58,711 mloop.controllers    INFO     Run:177 (trainer)
2022-09-12 16:22:58,713 mloop.controllers    INFO     params [1.99155532 0.29140759 1.25247209]
2022-09-12 16:22:58,737 mloop.controllers    INFO     cost -0.7260497169134905 +/- 0.0
2022-09-12 16:22:58,738 mloop.controllers    INFO     Run:178 (trainer)
2022-09-12 16:22:58,740 mloop.controllers    INFO     params [-0.06868575 -0.58767759  0.77878575]
2022-09-12 16:22:58,765 mloop.controllers    INFO     cost -1.5116061808657413 +/- 0.0
2022-09-12 16:22:58,765 mloop.controllers    INFO     Run:179 (trainer)
2022-09-12 16:22:58,767 mloop.controllers    INFO     params [ 0.67795515 -0.50254022 -1.05383447]
2022-09-12 16:22:58,784 mloop.controllers    INFO     cost -0.9473680321479622 +/- 0.0
2022-09-12 16:22:58,785 mloop.controllers    INFO     Run:180 (trainer)
2022-09-12 16:22:58,787 mloop.controllers    INFO     params [-0.52848542  1.2272108   0.15568779]
2022-09-12 16:22:58,807 mloop.controllers    INFO     cost -1.385898469053945 +/- 0.0
2022-09-12 16:22:58,808 mloop.controllers    INFO     Run:181 (trainer)
2022-09-12 16:22:58,810 mloop.controllers    INFO     params [-1.37673036 -0.6708655  -0.82193237]
2022-09-12 16:22:58,829 mloop.controllers    INFO     cost -0.3961612768098372 +/- 0.0
2022-09-12 16:22:58,829 mloop.controllers    INFO     Run:182 (trainer)
2022-09-12 16:22:58,831 mloop.controllers    INFO     params [ 1.60299039  0.00373453 -1.08112622]
2022-09-12 16:22:58,852 mloop.controllers    INFO     cost -0.8157825536811096 +/- 0.0
2022-09-12 16:22:58,852 mloop.controllers    INFO     Run:183 (trainer)
2022-09-12 16:22:58,855 mloop.controllers    INFO     params [0.24144077 0.80991013 0.78204934]
2022-09-12 16:22:58,877 mloop.controllers    INFO     cost -1.3918835563956846 +/- 0.0
2022-09-12 16:22:58,877 mloop.controllers    INFO     Run:184 (trainer)
2022-09-12 16:22:58,879 mloop.controllers    INFO     params [ 0.88538938 -0.58366342  0.96045717]
2022-09-12 16:22:58,905 mloop.controllers    INFO     cost -0.46021652009528363 +/- 0.0
2022-09-12 16:22:58,906 mloop.controllers    INFO     Run:185 (trainer)
2022-09-12 16:22:58,908 mloop.controllers    INFO     params [-0.25612919 -1.68156302 -1.18262618]
2022-09-12 16:22:58,932 mloop.controllers    INFO     cost -0.7068524416129206 +/- 0.0
2022-09-12 16:22:58,933 mloop.controllers    INFO     Run:186 (trainer)
2022-09-12 16:22:58,935 mloop.controllers    INFO     params [ 1.82502883  0.638502   -0.05115017]
2022-09-12 16:22:58,959 mloop.controllers    INFO     cost -1.4917455552091976 +/- 0.0
2022-09-12 16:22:58,959 mloop.controllers    INFO     Run:187 (trainer)
2022-09-12 16:22:58,961 mloop.controllers    INFO     params [-0.61442149  1.678116   -0.58481771]
2022-09-12 16:22:58,982 mloop.controllers    INFO     cost -0.9451023030817641 +/- 0.0
2022-09-12 16:22:58,983 mloop.controllers    INFO     Run:188 (trainer)
2022-09-12 16:22:58,984 mloop.controllers    INFO     params [-1.15255203  0.6478709  -0.54503189]
2022-09-12 16:22:59,008 mloop.controllers    INFO     cost -1.1516988231175471 +/- 0.0
2022-09-12 16:22:59,008 mloop.controllers    INFO     Run:189 (trainer)
2022-09-12 16:22:59,010 mloop.controllers    INFO     params [ 1.13097588  0.55326362 -0.0338671 ]
2022-09-12 16:22:59,034 mloop.controllers    INFO     cost -1.57495983028407 +/- 0.0
2022-09-12 16:22:59,035 mloop.controllers    INFO     Run:190 (trainer)
2022-09-12 16:22:59,038 mloop.controllers    INFO     params [1.51854511 1.70840024 0.10593786]
2022-09-12 16:22:59,059 mloop.controllers    INFO     cost -0.5358846254901259 +/- 0.0
2022-09-12 16:22:59,060 mloop.controllers    INFO     Run:191 (trainer)
2022-09-12 16:22:59,062 mloop.controllers    INFO     params [-0.50393181  0.27855931 -1.16231096]
2022-09-12 16:22:59,084 mloop.controllers    INFO     cost -1.5216952555556682 +/- 0.0
2022-09-12 16:22:59,084 mloop.controllers    INFO     Run:192 (trainer)
2022-09-12 16:22:59,086 mloop.controllers    INFO     params [ 0.41844344 -1.93649361 -0.91808805]
2022-09-12 16:22:59,110 mloop.controllers    INFO     cost -0.9642021714464053 +/- 0.0
2022-09-12 16:22:59,111 mloop.controllers    INFO     Run:193 (trainer)
2022-09-12 16:22:59,113 mloop.controllers    INFO     params [-1.59474948  0.58148723 -1.087768  ]
2022-09-12 16:22:59,137 mloop.controllers    INFO     cost -0.4815387606648919 +/- 0.0
2022-09-12 16:22:59,138 mloop.controllers    INFO     Run:194 (trainer)
2022-09-12 16:22:59,140 mloop.controllers    INFO     params [-0.06017218 -0.36934423  0.58852794]
2022-09-12 16:22:59,162 mloop.controllers    INFO     cost -2.0526744606780887 +/- 0.0
2022-09-12 16:22:59,162 mloop.controllers    INFO     Run:195 (trainer)
2022-09-12 16:22:59,164 mloop.controllers    INFO     params [-1.76897822 -0.31385301  0.57207871]
2022-09-12 16:22:59,192 mloop.controllers    INFO     cost -1.0277935644467535 +/- 0.0
2022-09-12 16:22:59,193 mloop.controllers    INFO     Run:196 (trainer)
2022-09-12 16:22:59,194 mloop.controllers    INFO     params [0.01479245 1.74668391 0.58055489]
2022-09-12 16:22:59,214 mloop.controllers    INFO     cost -1.2209729743695288 +/- 0.0
2022-09-12 16:22:59,215 mloop.controllers    INFO     Run:197 (trainer)
2022-09-12 16:22:59,216 mloop.controllers    INFO     params [1.81372769 1.07672887 0.27959769]
2022-09-12 16:22:59,237 mloop.controllers    INFO     cost -0.7061341030149595 +/- 0.0
2022-09-12 16:22:59,237 mloop.controllers    INFO     Run:198 (trainer)
2022-09-12 16:22:59,239 mloop.controllers    INFO     params [-1.72947708 -0.16495262  1.65844053]
2022-09-12 16:22:59,266 mloop.controllers    INFO     cost -0.6256426492558623 +/- 0.0
2022-09-12 16:22:59,267 mloop.controllers    INFO     Run:199 (trainer)
2022-09-12 16:22:59,269 mloop.controllers    INFO     params [0.0141393  0.63089042 0.82141782]
2022-09-12 16:22:59,292 mloop.controllers    INFO     cost -1.6808477632938112 +/- 0.0
2022-09-12 16:22:59,292 mloop.controllers    INFO     Run:200 (trainer)
2022-09-12 16:22:59,294 mloop.controllers    INFO     params [ 0.7728782   1.21295458 -0.02414937]
2022-09-12 16:22:59,317 mloop.controllers    INFO     cost -1.1607456942174985 +/- 0.0
2022-09-12 16:22:59,317 mloop.controllers    INFO     Run:201 (trainer)
2022-09-12 16:22:59,319 mloop.controllers    INFO     params [-1.0706403  -0.01907807 -0.32621436]
2022-09-12 16:22:59,346 mloop.controllers    INFO     cost -1.8293231356284139 +/- 0.0
2022-09-12 16:22:59,347 mloop.controllers    INFO     Run:202 (trainer)
2022-09-12 16:22:59,349 mloop.controllers    INFO     params [-1.14065473 -0.27547234  0.2860693 ]
2022-09-12 16:22:59,376 mloop.controllers    INFO     cost -1.4366086706921508 +/- 0.0
2022-09-12 16:22:59,377 mloop.controllers    INFO     Run:203 (trainer)
2022-09-12 16:22:59,379 mloop.controllers    INFO     params [ 0.53827559 -1.40373005 -0.12313387]
2022-09-12 16:22:59,401 mloop.controllers    INFO     cost -1.374535298340815 +/- 0.0
2022-09-12 16:22:59,402 mloop.controllers    INFO     Run:204 (trainer)
2022-09-12 16:22:59,404 mloop.controllers    INFO     params [ 1.20240097 -0.66061497  0.85365253]
2022-09-12 16:22:59,435 mloop.controllers    INFO     cost -0.17710016433620712 +/- 0.0
2022-09-12 16:22:59,436 mloop.controllers    INFO     Run:205 (trainer)
2022-09-12 16:22:59,439 mloop.controllers    INFO     params [-0.28226389  1.80489471 -1.01302723]
2022-09-12 16:22:59,465 mloop.controllers    INFO     cost -0.8187363589733776 +/- 0.0
2022-09-12 16:22:59,466 mloop.controllers    INFO     Run:206 (trainer)
2022-09-12 16:22:59,467 mloop.controllers    INFO     params [-0.19709734 -0.07815494  0.04943437]
2022-09-12 16:22:59,494 mloop.controllers    INFO     cost -2.849585586202403 +/- 0.0
2022-09-12 16:22:59,495 mloop.controllers    INFO     Run:207 (trainer)
2022-09-12 16:22:59,497 mloop.controllers    INFO     params [-0.39390132  0.42085043 -0.85631963]
2022-09-12 16:22:59,540 mloop.controllers    INFO     cost -1.8943100993219737 +/- 0.0
2022-09-12 16:22:59,541 mloop.controllers    INFO     Run:208 (trainer)
2022-09-12 16:22:59,543 mloop.controllers    INFO     params [ 1.93919283 -1.70514337 -0.61832192]
2022-09-12 16:22:59,572 mloop.controllers    INFO     cost -0.4806040395613233 +/- 0.0
2022-09-12 16:22:59,573 mloop.controllers    INFO     Run:209 (trainer)
2022-09-12 16:22:59,575 mloop.controllers    INFO     params [-0.99995558  0.07863286  0.00407028]
2022-09-12 16:22:59,601 mloop.controllers    INFO     cost -1.9815729067553023 +/- 0.0
2022-09-12 16:22:59,602 mloop.controllers    INFO     Run:210 (trainer)
2022-09-12 16:22:59,604 mloop.controllers    INFO     params [ 0.7336027  -0.35201628 -1.59460809]
2022-09-12 16:22:59,630 mloop.controllers    INFO     cost -0.8054768340981988 +/- 0.0
2022-09-12 16:22:59,630 mloop.controllers    INFO     Run:211 (trainer)
2022-09-12 16:22:59,632 mloop.controllers    INFO     params [ 0.74462532  1.76512252 -0.37457861]
2022-09-12 16:22:59,657 mloop.controllers    INFO     cost -1.0218343418393738 +/- 0.0
2022-09-12 16:22:59,658 mloop.controllers    INFO     Run:212 (trainer)
2022-09-12 16:22:59,660 mloop.controllers    INFO     params [-1.10334302  1.86705008  1.31971961]
2022-09-12 16:22:59,685 mloop.controllers    INFO     cost 0.4295132585519913 +/- 0.0
2022-09-12 16:22:59,686 mloop.controllers    INFO     Run:213 (trainer)
2022-09-12 16:22:59,688 mloop.controllers    INFO     params [ 0.8991151  -0.75394645  1.04561195]
2022-09-12 16:22:59,713 mloop.controllers    INFO     cost -0.15271343979366445 +/- 0.0
2022-09-12 16:22:59,713 mloop.controllers    INFO     Run:214 (trainer)
2022-09-12 16:22:59,715 mloop.controllers    INFO     params [-0.03192566 -0.68005638 -1.04011128]
2022-09-12 16:22:59,743 mloop.controllers    INFO     cost -1.3217045388735904 +/- 0.0
2022-09-12 16:22:59,743 mloop.controllers    INFO     Run:215 (trainer)
2022-09-12 16:22:59,745 mloop.controllers    INFO     params [ 1.41189265 -1.27586169 -1.35088939]
2022-09-12 16:22:59,772 mloop.controllers    INFO     cost 0.6112860649435122 +/- 0.0
2022-09-12 16:22:59,772 mloop.controllers    INFO     Run:216 (trainer)
2022-09-12 16:22:59,774 mloop.controllers    INFO     params [-0.07138197  0.42855457 -0.67974061]
2022-09-12 16:22:59,797 mloop.controllers    INFO     cost -2.3552117986277064 +/- 0.0
2022-09-12 16:22:59,797 mloop.controllers    INFO     Run:217 (trainer)
2022-09-12 16:22:59,799 mloop.controllers    INFO     params [ 0.38387115 -1.17928907  0.51547371]
2022-09-12 16:22:59,832 mloop.controllers    INFO     cost -1.0667918504291274 +/- 0.0
2022-09-12 16:22:59,833 mloop.controllers    INFO     Run:218 (trainer)
2022-09-12 16:22:59,834 mloop.controllers    INFO     params [1.20259811 0.14571602 0.85544932]
2022-09-12 16:22:59,860 mloop.controllers    INFO     cost -0.8857209587087862 +/- 0.0
2022-09-12 16:22:59,861 mloop.controllers    INFO     Run:219 (trainer)
2022-09-12 16:22:59,863 mloop.controllers    INFO     params [-1.07189768 -0.65107347 -0.28557071]
2022-09-12 16:22:59,893 mloop.controllers    INFO     cost -1.1764670570726847 +/- 0.0
2022-09-12 16:22:59,894 mloop.controllers    INFO     Run:220 (trainer)
2022-09-12 16:22:59,895 mloop.controllers    INFO     params [0.04513746 1.5724212  0.20693002]
2022-09-12 16:22:59,921 mloop.controllers    INFO     cost -1.6333655038380035 +/- 0.0
2022-09-12 16:22:59,922 mloop.controllers    INFO     Run:221 (trainer)
2022-09-12 16:22:59,924 mloop.controllers    INFO     params [-0.48988784 -0.6676789  -1.64280497]
2022-09-12 16:22:59,953 mloop.controllers    INFO     cost -0.7214432483456097 +/- 0.0
2022-09-12 16:22:59,954 mloop.controllers    INFO     Run:222 (trainer)
2022-09-12 16:22:59,956 mloop.controllers    INFO     params [-0.82291094 -0.19831549  0.03564098]
2022-09-12 16:22:59,982 mloop.controllers    INFO     cost -2.0341866363483967 +/- 0.0
2022-09-12 16:22:59,983 mloop.controllers    INFO     Run:223 (trainer)
2022-09-12 16:22:59,985 mloop.controllers    INFO     params [-0.49893956 -0.28006989 -0.83476037]
2022-09-12 16:23:00,010 mloop.controllers    INFO     cost -1.7373674432178 +/- 0.0
2022-09-12 16:23:00,011 mloop.controllers    INFO     Run:224 (trainer)
2022-09-12 16:23:00,013 mloop.controllers    INFO     params [ 0.67795515 -0.15104367 -0.19380969]
2022-09-12 16:23:00,043 mloop.controllers    INFO     cost -2.283127454940529 +/- 0.0
2022-09-12 16:23:00,044 mloop.controllers    INFO     Run:225 (trainer)
2022-09-12 16:23:00,045 mloop.controllers    INFO     params [-0.72285875  0.2360076  -0.17070945]
2022-09-12 16:23:00,098 mloop.controllers    INFO     cost -2.2984042960628694 +/- 0.0
2022-09-12 16:23:00,099 mloop.controllers    INFO     Run:226 (trainer)
2022-09-12 16:23:00,122 mloop.controllers    INFO     params [-0.47049531  0.68346649 -1.70356575]
2022-09-12 16:23:00,167 mloop.controllers    INFO     cost -1.0124521607557484 +/- 0.0
2022-09-12 16:23:00,167 mloop.controllers    INFO     Run:227 (trainer)
2022-09-12 16:23:00,170 mloop.controllers    INFO     params [-1.47983782  0.28682856 -0.98698052]
2022-09-12 16:23:00,209 mloop.controllers    INFO     cost -0.8536581995502404 +/- 0.0
2022-09-12 16:23:00,209 mloop.controllers    INFO     Run:228 (trainer)
2022-09-12 16:23:00,212 mloop.controllers    INFO     params [0.6326662  0.80991013 1.1156259 ]
2022-09-12 16:23:00,246 mloop.controllers    INFO     cost -0.6503023196360982 +/- 0.0
2022-09-12 16:23:00,246 mloop.controllers    INFO     Run:229 (trainer)
2022-09-12 16:23:00,248 mloop.controllers    INFO     params [-1.39520232 -0.60406257 -1.44672462]
2022-09-12 16:23:00,277 mloop.controllers    INFO     cost 0.06303535984632258 +/- 0.0
2022-09-12 16:23:00,278 mloop.controllers    INFO     Run:230 (trainer)
2022-09-12 16:23:00,280 mloop.controllers    INFO     params [-0.09431295  0.66054484  1.08525645]
2022-09-12 16:23:00,315 mloop.controllers    INFO     cost -1.3954240993357068 +/- 0.0
2022-09-12 16:23:00,316 mloop.controllers    INFO     Run:231 (trainer)
2022-09-12 16:23:00,318 mloop.controllers    INFO     params [-0.41065329  0.638502   -1.35630145]
2022-09-12 16:23:00,350 mloop.controllers    INFO     cost -1.1489073204726388 +/- 0.0
2022-09-12 16:23:00,350 mloop.controllers    INFO     Run:232 (trainer)
2022-09-12 16:23:00,352 mloop.controllers    INFO     params [0.30805496 0.45440968 0.10471921]
2022-09-12 16:23:00,391 mloop.controllers    INFO     cost -2.589342576574897 +/- 0.0
2022-09-12 16:23:00,392 mloop.controllers    INFO     Run:233 (trainer)
2022-09-12 16:23:00,394 mloop.controllers    INFO     params [ 1.77700683  0.16766154 -0.55738146]
2022-09-12 16:23:00,431 mloop.controllers    INFO     cost -1.5667247740727834 +/- 0.0
2022-09-12 16:23:00,431 mloop.controllers    INFO     Run:234 (trainer)
2022-09-12 16:23:00,433 mloop.controllers    INFO     params [ 0.83909198  0.44221157 -0.0338671 ]
2022-09-12 16:23:00,472 mloop.controllers    INFO     cost -1.994717227867301 +/- 0.0
2022-09-12 16:23:00,473 mloop.controllers    INFO     Run:235 (trainer)
2022-09-12 16:23:00,475 mloop.controllers    INFO     params [ 0.10580874 -0.75754168  0.80717785]
2022-09-12 16:23:00,502 mloop.controllers    INFO     cost -1.2431949703917757 +/- 0.0
2022-09-12 16:23:00,504 mloop.controllers    INFO     Run:236 (trainer)
2022-09-12 16:23:00,507 mloop.controllers    INFO     params [-0.50393181  1.55455806 -0.76158872]
2022-09-12 16:23:00,541 mloop.controllers    INFO     cost -0.8354494901073308 +/- 0.0
2022-09-12 16:23:00,541 mloop.controllers    INFO     Run:237 (trainer)
2022-09-12 16:23:00,543 mloop.controllers    INFO     params [1.44771879 1.37121291 0.6941785 ]
2022-09-12 16:23:00,576 mloop.controllers    INFO     cost 0.1638900801638994 +/- 0.0
2022-09-12 16:23:00,577 mloop.controllers    INFO     Run:238 (trainer)
2022-09-12 16:23:00,579 mloop.controllers    INFO     params [-1.26159877  1.3362383   1.81997464]
2022-09-12 16:23:00,609 mloop.controllers    INFO     cost 0.4000602013029293 +/- 0.0
2022-09-12 16:23:00,609 mloop.controllers    INFO     Run:239 (trainer)
2022-09-12 16:23:00,611 mloop.controllers    INFO     params [1.15893169 1.32466893 0.58852794]
2022-09-12 16:23:00,640 mloop.controllers    INFO     cost -0.08345643560980204 +/- 0.0
2022-09-12 16:23:00,641 mloop.controllers    INFO     Run:240 (trainer)
2022-09-12 16:23:00,643 mloop.controllers    INFO     params [ 0.44093341 -0.13122371 -1.03733422]
2022-09-12 16:23:00,669 mloop.controllers    INFO     cost -1.6902771591144103 +/- 0.0
2022-09-12 16:23:00,671 mloop.controllers    INFO     Run:241 (trainer)
2022-09-12 16:23:00,674 mloop.controllers    INFO     params [0.01479245 0.32647389 0.96890041]
2022-09-12 16:23:00,709 mloop.controllers    INFO     cost -1.8534236668576138 +/- 0.0
2022-09-12 16:23:00,710 mloop.controllers    INFO     Run:242 (trainer)
2022-09-12 16:23:00,712 mloop.controllers    INFO     params [-0.11403197  1.05318501 -0.18306141]
2022-09-12 16:23:00,756 mloop.controllers    INFO     cost -2.0163745352271865 +/- 0.0
2022-09-12 16:23:00,763 mloop.controllers    INFO     Run:243 (trainer)
2022-09-12 16:23:00,769 mloop.controllers    INFO     params [-1.7789402   1.1418075  -1.32356503]
2022-09-12 16:23:01,152 mloop.controllers    INFO     cost 0.32258875284665334 +/- 0.0
2022-09-12 16:23:01,155 mloop.controllers    INFO     Run:244 (trainer)
2022-09-12 16:23:01,158 mloop.controllers    INFO     params [-0.3955437  -0.17604468  0.47803827]
2022-09-12 16:23:01,215 mloop.controllers    INFO     cost -2.1752879598554014 +/- 0.0
2022-09-12 16:23:01,217 mloop.controllers    INFO     Run:245 (trainer)
2022-09-12 16:23:01,219 mloop.controllers    INFO     params [ 1.5551901   0.84582692 -0.92967782]
2022-09-12 16:23:01,273 mloop.controllers    INFO     cost -0.29973825972206036 +/- 0.0
2022-09-12 16:23:01,274 mloop.controllers    INFO     Run:246 (trainer)
2022-09-12 16:23:01,277 mloop.controllers    INFO     params [ 0.37912856 -1.25313784 -0.07859207]
2022-09-12 16:23:01,317 mloop.controllers    INFO     cost -1.5683802782485943 +/- 0.0
2022-09-12 16:23:01,318 mloop.controllers    INFO     Run:247 (trainer)
2022-09-12 16:23:01,320 mloop.controllers    INFO     params [-1.71520858  1.70737026  0.46369325]
2022-09-12 16:23:01,364 mloop.controllers    INFO     cost -0.2217904946610018 +/- 0.0
2022-09-12 16:23:01,365 mloop.controllers    INFO     Run:248 (trainer)
2022-09-12 16:23:01,367 mloop.controllers    INFO     params [-0.38022823  0.35276542  0.03737264]
2022-09-12 16:23:01,400 mloop.controllers    INFO     cost -2.6460022339736087 +/- 0.0
2022-09-12 16:23:01,400 mloop.controllers    INFO     Run:249 (trainer)
2022-09-12 16:23:01,402 mloop.controllers    INFO     params [ 1.09902325  0.38488432 -1.40098842]
2022-09-12 16:23:01,439 mloop.controllers    INFO     cost -0.5847037733323419 +/- 0.0
2022-09-12 16:23:01,440 mloop.controllers    INFO     Run:250 (trainer)
2022-09-12 16:23:01,443 mloop.controllers    INFO     params [-0.28226389  0.80441291 -0.50761184]
2022-09-12 16:23:01,480 mloop.controllers    INFO     cost -1.9841130406906473 +/- 0.0
2022-09-12 16:23:01,481 mloop.controllers    INFO     Run:251 (trainer)
2022-09-12 16:23:01,483 mloop.controllers    INFO     params [-0.91877842  0.26600199 -0.39376068]
2022-09-12 16:23:01,516 mloop.controllers    INFO     cost -1.9067027530686675 +/- 0.0
2022-09-12 16:23:01,516 mloop.controllers    INFO     Run:252 (trainer)
2022-09-12 16:23:01,519 mloop.controllers    INFO     params [-0.39390132  0.57957457 -0.00581749]
2022-09-12 16:23:01,562 mloop.controllers    INFO     cost -2.4114597567031795 +/- 0.0
2022-09-12 16:23:01,562 mloop.controllers    INFO     Run:253 (trainer)
2022-09-12 16:23:01,564 mloop.controllers    INFO     params [-0.85448234  0.34025657 -0.88805178]
2022-09-12 16:23:01,596 mloop.controllers    INFO     cost -1.3216606051846502 +/- 0.0
2022-09-12 16:23:01,597 mloop.controllers    INFO     Run:254 (trainer)
2022-09-12 16:23:01,599 mloop.controllers    INFO     params [-1.33388077  0.9310462  -0.1060461 ]
2022-09-12 16:23:01,631 mloop.controllers    INFO     cost -0.9869614748437346 +/- 0.0
2022-09-12 16:23:01,632 mloop.controllers    INFO     Run:255 (trainer)
2022-09-12 16:23:01,633 mloop.controllers    INFO     params [ 1.60696301 -1.68796073 -1.39223919]
2022-09-12 16:23:01,668 mloop.controllers    INFO     cost 0.49270903741323024 +/- 0.0
2022-09-12 16:23:01,668 mloop.controllers    INFO     Run:256 (trainer)
2022-09-12 16:23:01,669 mloop.controllers    INFO     params [-1.06144054 -0.20717689  0.31515466]
2022-09-12 16:23:01,709 mloop.controllers    INFO     cost -1.5339810934097744 +/- 0.0
2022-09-12 16:23:01,710 mloop.controllers    INFO     Run:257 (trainer)
2022-09-12 16:23:01,714 mloop.controllers    INFO     params [ 0.08514882  1.86705008 -0.01141321]
2022-09-12 16:23:01,752 mloop.controllers    INFO     cost -1.8548839906203916 +/- 0.0
2022-09-12 16:23:01,754 mloop.controllers    INFO     Run:258 (trainer)
2022-09-12 16:23:01,757 mloop.controllers    INFO     params [-0.10452773  0.93965368 -0.19458082]
2022-09-12 16:23:01,793 mloop.controllers    INFO     cost -2.1504665636259896 +/- 0.0
2022-09-12 16:23:01,793 mloop.controllers    INFO     Run:259 (trainer)
2022-09-12 16:23:01,795 mloop.controllers    INFO     params [1.22181719 0.34798105 0.31842102]
2022-09-12 16:23:01,832 mloop.controllers    INFO     cost -1.47055814431909 +/- 0.0
2022-09-12 16:23:01,833 mloop.controllers    INFO     Run:260 (trainer)
2022-09-12 16:23:01,836 mloop.controllers    INFO     params [1.17643635 0.73701522 1.02733901]
2022-09-12 16:23:01,880 mloop.controllers    INFO     cost -0.20172856705596137 +/- 0.0
2022-09-12 16:23:01,882 mloop.controllers    INFO     Run:261 (trainer)
2022-09-12 16:23:01,885 mloop.controllers    INFO     params [ 1.22631775 -1.51122052  1.83965266]
2022-09-12 16:23:01,931 mloop.controllers    INFO     cost 0.3859372063464402 +/- 0.0
2022-09-12 16:23:01,931 mloop.controllers    INFO     Run:262 (trainer)
2022-09-12 16:23:01,934 mloop.controllers    INFO     params [-0.46424994 -1.98634317 -0.42248829]
2022-09-12 16:23:01,971 mloop.controllers    INFO     cost -1.559699885656016 +/- 0.0
2022-09-12 16:23:01,971 mloop.controllers    INFO     Run:263 (trainer)
2022-09-12 16:23:01,974 mloop.controllers    INFO     params [ 0.19887104 -0.30643662  1.09405088]
2022-09-12 16:23:02,011 mloop.controllers    INFO     cost -1.5331498228928524 +/- 0.0
2022-09-12 16:23:02,012 mloop.controllers    INFO     Run:264 (trainer)
2022-09-12 16:23:02,014 mloop.controllers    INFO     params [-1.02357134 -1.10100298  1.67791392]
2022-09-12 16:23:02,058 mloop.controllers    INFO     cost 0.2944902076845209 +/- 0.0
2022-09-12 16:23:02,059 mloop.controllers    INFO     Run:265 (trainer)
2022-09-12 16:23:02,062 mloop.controllers    INFO     params [ 0.92837052  1.5724212  -1.18070314]
2022-09-12 16:23:02,112 mloop.controllers    INFO     cost 0.21274280513573057 +/- 0.0
2022-09-12 16:23:02,113 mloop.controllers    INFO     Run:266 (trainer)
2022-09-12 16:23:02,115 mloop.controllers    INFO     params [0.400425   0.34541556 0.58129404]
2022-09-12 16:23:02,163 mloop.controllers    INFO     cost -2.053642175472513 +/- 0.0
2022-09-12 16:23:02,164 mloop.controllers    INFO     Run:267 (trainer)
2022-09-12 16:23:02,165 mloop.controllers    INFO     params [-0.06778615 -0.51599736 -1.52203012]
2022-09-12 16:23:02,208 mloop.controllers    INFO     cost -1.2581043892957933 +/- 0.0
2022-09-12 16:23:02,209 mloop.controllers    INFO     Run:268 (trainer)
2022-09-12 16:23:02,212 mloop.controllers    INFO     params [-1.16825475 -0.80320395 -0.83476037]
2022-09-12 16:23:02,255 mloop.controllers    INFO     cost -0.28875628914802387 +/- 0.0
2022-09-12 16:23:02,256 mloop.controllers    INFO     Run:269 (trainer)
2022-09-12 16:23:02,258 mloop.controllers    INFO     params [-1.60774713  1.81850397  0.08276861]
2022-09-12 16:23:02,310 mloop.controllers    INFO     cost -0.6159287815379115 +/- 0.0
2022-09-12 16:23:02,311 mloop.controllers    INFO     Run:270 (trainer)
2022-09-12 16:23:02,314 mloop.controllers    INFO     params [ 0.69233203  0.71697025 -0.49791732]
2022-09-12 16:23:02,361 mloop.controllers    INFO     cost -1.61899348645556 +/- 0.0
2022-09-12 16:23:02,362 mloop.controllers    INFO     Run:271 (trainer)
2022-09-12 16:23:02,364 mloop.controllers    INFO     params [-0.16139785 -0.13353805 -1.70356575]
2022-09-12 16:23:02,423 mloop.controllers    INFO     cost -1.6822803127310269 +/- 0.0
2022-09-12 16:23:02,424 mloop.controllers    INFO     Run:272 (trainer)
2022-09-12 16:23:02,428 mloop.controllers    INFO     params [-0.78457331 -0.41462373 -0.10576633]
2022-09-12 16:23:02,477 mloop.controllers    INFO     cost -1.871913954306133 +/- 0.0
2022-09-12 16:23:02,478 mloop.controllers    INFO     Run:273 (trainer)
2022-09-12 16:23:02,481 mloop.controllers    INFO     params [0.4506261  0.80991013 0.5266202 ]
2022-09-12 16:23:02,525 mloop.controllers    INFO     cost -1.520575418456607 +/- 0.0
2022-09-12 16:23:02,527 mloop.controllers    INFO     Run:274 (trainer)
2022-09-12 16:23:02,530 mloop.controllers    INFO     params [-0.00698343 -1.19303561  0.37823764]
2022-09-12 16:23:02,576 mloop.controllers    INFO     cost -1.468009669638398 +/- 0.0
2022-09-12 16:23:02,577 mloop.controllers    INFO     Run:275 (trainer)
2022-09-12 16:23:02,580 mloop.controllers    INFO     params [-0.09431295 -1.51402403  1.08525645]
2022-09-12 16:23:02,626 mloop.controllers    INFO     cost -0.653110803808494 +/- 0.0
2022-09-12 16:23:02,627 mloop.controllers    INFO     Run:276 (trainer)
2022-09-12 16:23:02,629 mloop.controllers    INFO     params [ 1.36703697  0.33572338 -0.44779728]
2022-09-12 16:23:02,669 mloop.controllers    INFO     cost -1.5108155109331574 +/- 0.0
2022-09-12 16:23:02,669 mloop.controllers    INFO     Run:277 (trainer)
2022-09-12 16:23:02,672 mloop.controllers    INFO     params [0.98176299 1.37698301 1.07745291]
2022-09-12 16:23:02,708 mloop.controllers    INFO     cost 0.31500651559722476 +/- 0.0
2022-09-12 16:23:02,708 mloop.controllers    INFO     Run:278 (trainer)
2022-09-12 16:23:02,711 mloop.controllers    INFO     params [-0.27553624  0.16766154 -0.40698227]
2022-09-12 16:23:02,748 mloop.controllers    INFO     cost -2.724234628316637 +/- 0.0
2022-09-12 16:23:02,749 mloop.controllers    INFO     Run:279 (trainer)
2022-09-12 16:23:02,752 mloop.controllers    INFO     params [-0.7047573   1.93896476  0.78604851]
2022-09-12 16:23:02,790 mloop.controllers    INFO     cost -0.40338778762641286 +/- 0.0
2022-09-12 16:23:02,790 mloop.controllers    INFO     Run:280 (trainer)
2022-09-12 16:23:02,793 mloop.controllers    INFO     params [-0.76309709 -1.30944161  0.64556023]
2022-09-12 16:23:02,826 mloop.controllers    INFO     cost -0.37188325237844266 +/- 0.0
2022-09-12 16:23:02,826 mloop.controllers    INFO     Run:281 (trainer)
2022-09-12 16:23:02,828 mloop.controllers    INFO     params [ 0.58307831  0.27855931 -0.23631758]
2022-09-12 16:23:02,862 mloop.controllers    INFO     cost -2.4455092750018883 +/- 0.0
2022-09-12 16:23:02,863 mloop.controllers    INFO     Run:282 (trainer)
2022-09-12 16:23:02,865 mloop.controllers    INFO     params [-0.20192489 -0.97501466  0.10001438]
2022-09-12 16:23:02,900 mloop.controllers    INFO     cost -1.800610855131795 +/- 0.0
2022-09-12 16:23:02,901 mloop.controllers    INFO     Run:283 (trainer)
2022-09-12 16:23:02,903 mloop.controllers    INFO     params [-0.01959023  0.58148723  0.14030149]
2022-09-12 16:23:02,946 mloop.controllers    INFO     cost -2.567032205016252 +/- 0.0
2022-09-12 16:23:02,947 mloop.controllers    INFO     Run:284 (trainer)
2022-09-12 16:23:02,949 mloop.controllers    INFO     params [-0.06017218 -0.63630271 -1.6535014 ]
2022-09-12 16:23:02,983 mloop.controllers    INFO     cost -1.1105992984787538 +/- 0.0
2022-09-12 16:23:02,983 mloop.controllers    INFO     Run:285 (trainer)
2022-09-12 16:23:02,985 mloop.controllers    INFO     params [-0.47891898  1.77230311  0.30142255]
2022-09-12 16:23:03,024 mloop.controllers    INFO     cost -1.2552874166080663 +/- 0.0
2022-09-12 16:23:03,024 mloop.controllers    INFO     Run:286 (trainer)
2022-09-12 16:23:03,027 mloop.controllers    INFO     params [0.10572274 1.12057618 0.96890041]
2022-09-12 16:23:03,067 mloop.controllers    INFO     cost -0.8976109613707782 +/- 0.0
2022-09-12 16:23:03,067 mloop.controllers    INFO     Run:287 (trainer)
2022-09-12 16:23:03,069 mloop.controllers    INFO     params [0.03707726 1.05318501 0.46976715]
2022-09-12 16:23:03,114 mloop.controllers    INFO     cost -1.591978724282742 +/- 0.0
2022-09-12 16:23:03,114 mloop.controllers    INFO     Run:288 (trainer)
2022-09-12 16:23:03,125 mloop.controllers    INFO     params [-0.47109407  0.23442503 -0.86197826]
2022-09-12 16:23:03,217 mloop.controllers    INFO     cost -1.9275035429264507 +/- 0.0
2022-09-12 16:23:03,218 mloop.controllers    INFO     Run:289 (trainer)
2022-09-12 16:23:03,220 mloop.controllers    INFO     params [1.13045121 1.36038012 0.24060717]
2022-09-12 16:23:03,259 mloop.controllers    INFO     cost -0.5232959387867149 +/- 0.0
2022-09-12 16:23:03,260 mloop.controllers    INFO     Run:290 (trainer)
2022-09-12 16:23:03,261 mloop.controllers    INFO     params [ 0.89412683 -1.4636891  -0.02414937]
2022-09-12 16:23:03,297 mloop.controllers    INFO     cost -0.9072990918627115 +/- 0.0
2022-09-12 16:23:03,298 mloop.controllers    INFO     Run:291 (trainer)
2022-09-12 16:23:03,299 mloop.controllers    INFO     params [ 1.32374458 -0.01907807 -0.96997164]
2022-09-12 16:23:03,332 mloop.controllers    INFO     cost -0.9176485078201645 +/- 0.0
2022-09-12 16:23:03,333 mloop.controllers    INFO     Run:292 (trainer)
2022-09-12 16:23:03,334 mloop.controllers    INFO     params [-1.17389181 -0.93855993  0.2860693 ]
2022-09-12 16:23:03,370 mloop.controllers    INFO     cost -0.5943266768028068 +/- 0.0
2022-09-12 16:23:03,371 mloop.controllers    INFO     Run:293 (trainer)
2022-09-12 16:23:03,373 mloop.controllers    INFO     params [ 0.81107961 -0.97390035 -0.17549674]
2022-09-12 16:23:03,410 mloop.controllers    INFO     cost -1.141940856408434 +/- 0.0
2022-09-12 16:23:03,410 mloop.controllers    INFO     Run:294 (trainer)
2022-09-12 16:23:03,412 mloop.controllers    INFO     params [ 0.24542479  0.41757496 -0.13983208]
2022-09-12 16:23:03,452 mloop.controllers    INFO     cost -2.7433817445519173 +/- 0.0
2022-09-12 16:23:03,452 mloop.controllers    INFO     Run:295 (trainer)
2022-09-12 16:23:03,454 mloop.controllers    INFO     params [-0.28226389 -1.68463736 -0.50761184]
2022-09-12 16:23:03,490 mloop.controllers    INFO     cost -1.5105745105055517 +/- 0.0
2022-09-12 16:23:03,491 mloop.controllers    INFO     Run:296 (trainer)
2022-09-12 16:23:03,493 mloop.controllers    INFO     params [ 0.23059778 -0.51409842  0.04943437]
2022-09-12 16:23:03,526 mloop.controllers    INFO     cost -2.3638593378430066 +/- 0.0
2022-09-12 16:23:03,527 mloop.controllers    INFO     Run:297 (trainer)
2022-09-12 16:23:03,529 mloop.controllers    INFO     params [ 0.09880455 -0.11388942 -0.00581749]
2022-09-12 16:23:03,561 mloop.controllers    INFO     cost -2.895918594594866 +/- 0.0
2022-09-12 16:23:03,561 mloop.controllers    INFO     Run:298 (trainer)
2022-09-12 16:23:03,563 mloop.controllers    INFO     params [-0.24259913 -0.59881839  0.48889467]
2022-09-12 16:23:03,597 mloop.controllers    INFO     cost -1.795037386582485 +/- 0.0
2022-09-12 16:23:03,598 mloop.controllers    INFO     Run:299 (trainer)
2022-09-12 16:23:03,600 mloop.controllers    INFO     params [-0.02741665 -0.75457423  0.00407028]
2022-09-12 16:23:03,632 mloop.controllers    INFO     cost -2.1453581506237893 +/- 0.0
2022-09-12 16:23:03,633 mloop.controllers    INFO     Run:300 (trainer)
2022-09-12 16:23:03,634 mloop.controllers    INFO     params [ 1.63250125  0.67063888 -0.55484051]
2022-09-12 16:23:03,669 mloop.controllers    INFO     cost -1.0585976963508077 +/- 0.0
2022-09-12 16:23:03,669 mloop.controllers    INFO     Run:301 (trainer)
2022-09-12 16:23:03,671 mloop.controllers    INFO     params [ 0.05720444  0.17269772 -1.50935649]
2022-09-12 16:23:03,701 mloop.controllers    INFO     cost -1.7691960459698823 +/- 0.0
2022-09-12 16:23:03,701 mloop.controllers    INFO     Run:302 (trainer)
2022-09-12 16:23:03,703 mloop.controllers    INFO     params [-1.13966148  0.12608033 -1.43208881]
2022-09-12 16:23:03,737 mloop.controllers    INFO     cost -0.6737565051666257 +/- 0.0
2022-09-12 16:23:03,738 mloop.controllers    INFO     Run:303 (trainer)
2022-09-12 16:23:03,739 mloop.controllers    INFO     params [ 1.59631686 -0.3030405  -0.19458082]
2022-09-12 16:23:03,776 mloop.controllers    INFO     cost -1.548420698677235 +/- 0.0
2022-09-12 16:23:03,777 mloop.controllers    INFO     Run:304 (trainer)
2022-09-12 16:23:03,779 mloop.controllers    INFO     params [ 1.054637    0.76030952 -1.21818589]
2022-09-12 16:23:03,817 mloop.controllers    INFO     cost -0.26737285098605784 +/- 0.0
2022-09-12 16:23:03,818 mloop.controllers    INFO     Run:305 (trainer)
2022-09-12 16:23:03,820 mloop.controllers    INFO     params [-0.07069246  0.12407298  0.11594712]
2022-09-12 16:23:03,859 mloop.controllers    INFO     cost -2.9158843979475666 +/- 0.0
2022-09-12 16:23:03,860 mloop.controllers    INFO     Run:306 (trainer)
2022-09-12 16:23:03,862 mloop.controllers    INFO     params [ 0.11415515 -1.78442732 -1.15111693]
2022-09-12 16:23:03,902 mloop.controllers    INFO     cost -0.8702875993589995 +/- 0.0
2022-09-12 16:23:03,903 mloop.controllers    INFO     Run:307 (trainer)
2022-09-12 16:23:03,905 mloop.controllers    INFO     params [-0.46424994  0.51021756 -0.37135928]
2022-09-12 16:23:03,946 mloop.controllers    INFO     cost -2.309814829956364 +/- 0.0
2022-09-12 16:23:03,947 mloop.controllers    INFO     Run:308 (trainer)
2022-09-12 16:23:03,949 mloop.controllers    INFO     params [-0.83622528 -0.78522786 -1.55775927]
2022-09-12 16:23:03,990 mloop.controllers    INFO     cost -0.09774837057766989 +/- 0.0
2022-09-12 16:23:03,991 mloop.controllers    INFO     Run:309 (trainer)
2022-09-12 16:23:03,993 mloop.controllers    INFO     params [ 1.4107484  -0.65107347  0.66079745]
2022-09-12 16:23:04,032 mloop.controllers    INFO     cost -0.3674863853144286 +/- 0.0
2022-09-12 16:23:04,033 mloop.controllers    INFO     Run:310 (trainer)
2022-09-12 16:23:04,035 mloop.controllers    INFO     params [0.73960381 1.5724212  0.19464917]
2022-09-12 16:23:04,078 mloop.controllers    INFO     cost -0.9619137635290058 +/- 0.0
2022-09-12 16:23:04,079 mloop.controllers    INFO     Run:311 (trainer)
2022-09-12 16:23:04,081 mloop.controllers    INFO     params [0.400425   0.99342801 0.92912491]
2022-09-12 16:23:04,114 mloop.controllers    INFO     cost -0.8451578722230442 +/- 0.0
2022-09-12 16:23:04,115 mloop.controllers    INFO     Run:312 (trainer)
2022-09-12 16:23:04,116 mloop.controllers    INFO     params [0.73697061 1.90667417 0.08004484]
2022-09-12 16:23:04,161 mloop.controllers    INFO     cost -1.1646293142182491 +/- 0.0
2022-09-12 16:23:04,161 mloop.controllers    INFO     Run:313 (trainer)
2022-09-12 16:23:04,163 mloop.controllers    INFO     params [ 1.2150613  -1.3572168   1.14426915]
2022-09-12 16:23:04,210 mloop.controllers    INFO     cost 0.5579077731738901 +/- 0.0
2022-09-12 16:23:04,211 mloop.controllers    INFO     Run:314 (trainer)
2022-09-12 16:23:04,213 mloop.controllers    INFO     params [0.67795515 0.17698583 1.65955936]
2022-09-12 16:23:04,257 mloop.controllers    INFO     cost -1.2642923751127255 +/- 0.0
2022-09-12 16:23:04,259 mloop.controllers    INFO     Run:315 (trainer)
2022-09-12 16:23:04,261 mloop.controllers    INFO     params [-0.80712393  0.37986476 -1.45039764]
2022-09-12 16:23:04,298 mloop.controllers    INFO     cost -0.8905030997053862 +/- 0.0
2022-09-12 16:23:04,299 mloop.controllers    INFO     Run:316 (trainer)
2022-09-12 16:23:04,301 mloop.controllers    INFO     params [ 0.96537193 -0.32322605 -0.76335578]
2022-09-12 16:23:04,340 mloop.controllers    INFO     cost -1.184166196822141 +/- 0.0
2022-09-12 16:23:04,341 mloop.controllers    INFO     Run:317 (trainer)
2022-09-12 16:23:04,343 mloop.controllers    INFO     params [ 0.0170686  -0.07034667  0.56352398]
2022-09-12 16:23:04,379 mloop.controllers    INFO     cost -2.3702700760450988 +/- 0.0
2022-09-12 16:23:04,380 mloop.controllers    INFO     Run:318 (machine learner)
2022-09-12 16:23:04,381 mloop.controllers    INFO     params [-0.14588211 -0.07704295 -0.26062158]
2022-09-12 16:23:04,422 mloop.controllers    INFO     cost -2.8726903980179483 +/- 0.0
2022-09-12 16:23:04,423 mloop.controllers    INFO     Run:319 (trainer)
2022-09-12 16:23:04,425 mloop.controllers    INFO     params [-0.34519473  0.72182178 -0.08979146]
2022-09-12 16:23:04,472 mloop.controllers    INFO     cost -2.2898928693491807 +/- 0.0
2022-09-12 16:23:04,473 mloop.controllers    INFO     Run:320 (trainer)
2022-09-12 16:23:04,475 mloop.controllers    INFO     params [-0.82049375 -0.32893313 -0.24384188]
2022-09-12 16:23:04,517 mloop.controllers    INFO     cost -1.8973545860755496 +/- 0.0
2022-09-12 16:23:04,518 mloop.controllers    INFO     Run:321 (machine learner)
2022-09-12 16:23:04,519 mloop.controllers    INFO     params [-0.10211595  0.07088895 -0.21103898]
2022-09-12 16:23:04,562 mloop.controllers    INFO     cost -2.961383379324223 +/- 0.0
2022-09-12 16:23:04,562 mloop.controllers    INFO     Run:322 (trainer)
2022-09-12 16:23:04,564 mloop.controllers    INFO     params [-1.48551339 -0.84752631  0.42558043]
2022-09-12 16:23:04,601 mloop.controllers    INFO     cost -0.4447553779122154 +/- 0.0
2022-09-12 16:23:04,601 mloop.controllers    INFO     Run:323 (trainer)
2022-09-12 16:23:04,603 mloop.controllers    INFO     params [-0.1985501  -0.46527086 -0.44779728]
2022-09-12 16:23:04,645 mloop.controllers    INFO     cost -2.300285521900485 +/- 0.0
2022-09-12 16:23:04,646 mloop.controllers    INFO     Run:324 (machine learner)
2022-09-12 16:23:04,647 mloop.controllers    INFO     params [-0.02971818  0.21331817 -0.15699965]
2022-09-12 16:23:04,693 mloop.controllers    INFO     cost -2.9722229475393713 +/- 0.0
2022-09-12 16:23:04,694 mloop.controllers    INFO     Run:325 (trainer)
2022-09-12 16:23:04,695 mloop.controllers    INFO     params [ 0.07804906  0.96927643 -0.52175892]
2022-09-12 16:23:04,739 mloop.controllers    INFO     cost -1.8682351091634062 +/- 0.0
2022-09-12 16:23:04,740 mloop.controllers    INFO     Run:326 (trainer)
2022-09-12 16:23:04,742 mloop.controllers    INFO     params [ 0.23208952 -0.27582367  0.30236862]
2022-09-12 16:23:04,800 mloop.controllers    INFO     cost -2.451220845347149 +/- 0.0
2022-09-12 16:23:04,801 mloop.controllers    INFO     Run:327 (trainer)
2022-09-12 16:23:04,822 mloop.controllers    INFO     params [-0.7047573  -1.25915907  0.92923455]
2022-09-12 16:23:04,872 mloop.controllers    INFO     cost -0.12138419886999256 +/- 0.0
2022-09-12 16:23:04,872 mloop.controllers    INFO     Run:328 (trainer)
2022-09-12 16:23:04,876 mloop.controllers    INFO     params [-0.75434332 -0.91700966  0.1100227 ]
2022-09-12 16:23:04,926 mloop.controllers    INFO     cost -1.2065671245372445 +/- 0.0
2022-09-12 16:23:04,927 mloop.controllers    INFO     Run:329 (machine learner)
2022-09-12 16:23:04,928 mloop.controllers    INFO     params [-0.14477251 -0.24317821 -0.29929767]
2022-09-12 16:23:05,022 mloop.controllers    INFO     cost -2.7190375401743427 +/- 0.0
2022-09-12 16:23:05,023 mloop.controllers    INFO     Run:330 (trainer)
2022-09-12 16:23:05,026 mloop.controllers    INFO     params [-0.5604549   1.96161455  0.48723744]
2022-09-12 16:23:05,079 mloop.controllers    INFO     cost -1.0075364567472214 +/- 0.0
2022-09-12 16:23:05,080 mloop.controllers    INFO     Run:331 (trainer)
2022-09-12 16:23:05,081 mloop.controllers    INFO     params [-0.22572574  1.1807636   0.6941785 ]
2022-09-12 16:23:05,130 mloop.controllers    INFO     cost -1.0858176097677665 +/- 0.0
2022-09-12 16:23:05,131 mloop.controllers    INFO     Run:332 (trainer)
2022-09-12 16:23:05,132 mloop.controllers    INFO     params [-0.81308594  0.58148723  0.14030149]
2022-09-12 16:23:05,182 mloop.controllers    INFO     cost -1.784560508262905 +/- 0.0
2022-09-12 16:23:05,183 mloop.controllers    INFO     Run:333 (trainer)
2022-09-12 16:23:05,185 mloop.controllers    INFO     params [-0.55673223 -0.56952238 -1.02780673]
2022-09-12 16:23:05,235 mloop.controllers    INFO     cost -1.0494189416682507 +/- 0.0
2022-09-12 16:23:05,236 mloop.controllers    INFO     Run:334 (trainer)
2022-09-12 16:23:05,239 mloop.controllers    INFO     params [-0.70584054  0.73629927  0.50647354]
2022-09-12 16:23:05,294 mloop.controllers    INFO     cost -1.310765277642685 +/- 0.0
2022-09-12 16:23:05,295 mloop.controllers    INFO     Run:335 (trainer)
2022-09-12 16:23:05,297 mloop.controllers    INFO     params [-0.60624767 -0.56390581  0.97273877]
2022-09-12 16:23:05,344 mloop.controllers    INFO     cost -0.8461327809390291 +/- 0.0
2022-09-12 16:23:05,345 mloop.controllers    INFO     Run:336 (trainer)
2022-09-12 16:23:05,347 mloop.controllers    INFO     params [0.75667972 1.05318501 0.04848356]
2022-09-12 16:23:05,393 mloop.controllers    INFO     cost -1.3042125422733366 +/- 0.0
2022-09-12 16:23:05,393 mloop.controllers    INFO     Run:337 (trainer)
2022-09-12 16:23:05,395 mloop.controllers    INFO     params [-0.47109407  0.47955803 -0.86197826]
2022-09-12 16:23:05,440 mloop.controllers    INFO     cost -1.736275544871857 +/- 0.0
2022-09-12 16:23:05,441 mloop.controllers    INFO     Run:338 (trainer)
2022-09-12 16:23:05,443 mloop.controllers    INFO     params [-0.72709935 -0.17604468 -0.74549558]
2022-09-12 16:23:05,486 mloop.controllers    INFO     cost -1.6527946997389904 +/- 0.0
2022-09-12 16:23:05,487 mloop.controllers    INFO     Run:339 (trainer)
2022-09-12 16:23:05,489 mloop.controllers    INFO     params [0.29977966 1.92134646 1.14482348]
2022-09-12 16:23:05,533 mloop.controllers    INFO     cost -0.5877251578861897 +/- 0.0
2022-09-12 16:23:05,534 mloop.controllers    INFO     Run:340 (trainer)
2022-09-12 16:23:05,537 mloop.controllers    INFO     params [-0.49841336 -0.22537193  1.15683698]
2022-09-12 16:23:05,580 mloop.controllers    INFO     cost -1.290480456398152 +/- 0.0
2022-09-12 16:23:05,581 mloop.controllers    INFO     Run:341 (trainer)
2022-09-12 16:23:05,583 mloop.controllers    INFO     params [-0.59975236 -0.19627692  0.2860693 ]
2022-09-12 16:23:05,623 mloop.controllers    INFO     cost -2.138859826961938 +/- 0.0
2022-09-12 16:23:05,624 mloop.controllers    INFO     Run:342 (trainer)
2022-09-12 16:23:05,626 mloop.controllers    INFO     params [ 0.30824021  0.35276542 -0.31524692]
2022-09-12 16:23:05,677 mloop.controllers    INFO     cost -2.674558376859009 +/- 0.0
2022-09-12 16:23:05,678 mloop.controllers    INFO     Run:343 (trainer)
2022-09-12 16:23:05,679 mloop.controllers    INFO     params [ 0.87227602  0.41757496 -0.13983208]
2022-09-12 16:23:05,726 mloop.controllers    INFO     cost -1.9820862335748886 +/- 0.0
2022-09-12 16:23:05,726 mloop.controllers    INFO     Run:344 (trainer)
2022-09-12 16:23:05,728 mloop.controllers    INFO     params [-0.28226389 -0.55446279 -1.34103024]
2022-09-12 16:23:05,774 mloop.controllers    INFO     cost -1.1280369938855004 +/- 0.0
2022-09-12 16:23:05,775 mloop.controllers    INFO     Run:345 (trainer)
2022-09-12 16:23:05,778 mloop.controllers    INFO     params [ 0.1680685   0.23922955 -0.55646974]
2022-09-12 16:23:05,826 mloop.controllers    INFO     cost -2.6134148947007043 +/- 0.0
2022-09-12 16:23:05,827 mloop.controllers    INFO     Run:346 (trainer)
2022-09-12 16:23:05,829 mloop.controllers    INFO     params [-0.92082849  0.33756424 -0.43416425]
2022-09-12 16:23:05,878 mloop.controllers    INFO     cost -1.820988950874094 +/- 0.0
2022-09-12 16:23:05,878 mloop.controllers    INFO     Run:347 (trainer)
2022-09-12 16:23:05,881 mloop.controllers    INFO     params [-0.87869031 -0.59881839  1.92809731]
2022-09-12 16:23:05,929 mloop.controllers    INFO     cost -0.5180720555700898 +/- 0.0
2022-09-12 16:23:05,929 mloop.controllers    INFO     Run:348 (trainer)
2022-09-12 16:23:05,931 mloop.controllers    INFO     params [ 0.01912864 -0.75457423  0.02579261]
2022-09-12 16:23:05,976 mloop.controllers    INFO     cost -2.1378864709393115 +/- 0.0
2022-09-12 16:23:05,977 mloop.controllers    INFO     Run:349 (trainer)
2022-09-12 16:23:05,979 mloop.controllers    INFO     params [0.10919736 0.67868758 0.39898893]
2022-09-12 16:23:06,021 mloop.controllers    INFO     cost -2.151740600907174 +/- 0.0
2022-09-12 16:23:06,022 mloop.controllers    INFO     Run:350 (machine learner)
2022-09-12 16:23:06,023 mloop.controllers    INFO     params [-0.00350398  0.10157488 -0.09645185]
2022-09-12 16:23:06,067 mloop.controllers    INFO     cost -2.999955015447192 +/- 0.0
2022-09-12 16:23:06,067 mloop.controllers    INFO     Controller finished. Closing down M-LOOP. Please wait a moment...
2022-09-12 16:23:06,067 mloop.controllers    DEBUG    ML learner end set.
2022-09-12 16:23:09,632 mloop.controllers    DEBUG    ML learner joined
2022-09-12 16:23:09,633 mloop.controllers    DEBUG    Learner end event set.
2022-09-12 16:23:09,633 mloop.controllers    DEBUG    Interface end event set.
2022-09-12 16:23:10,008 mloop.learners.1     DEBUG    Learner end signal received. Ending
2022-09-12 16:23:10,054 mloop.interfaces     DEBUG    Interface ended
2022-09-12 16:23:11,017 mloop.controllers    DEBUG    Learner joined.
2022-09-12 16:23:11,017 mloop.controllers    DEBUG    Interface joined.
2022-09-12 16:23:11,038 mloop.controllers    INFO     Optimization ended because:
2022-09-12 16:23:11,039 mloop.controllers    INFO     	* Target cost reached.
2022-09-12 16:23:11,039 mloop.controllers    INFO     Results:
2022-09-12 16:23:11,039 mloop.controllers    INFO     	* Best parameters found:[-0.00350398  0.10157488 -0.09645185]
2022-09-12 16:23:11,040 mloop.controllers    INFO     	* Best cost returned:-2.999955015447192 +/- 0.0
2022-09-12 16:23:11,040 mloop.controllers    INFO     	* Best run number:350
2022-09-12 16:23:11,041 mloop.controllers    INFO     	* Predicted best parameters:[ 7.26523188e-05  9.98937368e-02 -9.97445078e-02]
2022-09-12 16:23:11,041 mloop.controllers    INFO     	* Predicted best cost:-3.0001272716131018 +/- 0.00213554386558869
2022-09-12 16:23:11,042 mloop.controllers    INFO     M-LOOP Done.
2022-09-12 16:23:11,043 mloop.visualizations DEBUG    Creating controller visualizations.
2022-09-12 16:23:11,264 mloop.visualizations DEBUG    Creating learner visualizations.
2022-09-12 16:23:11,268 mloop.visualizations DEBUG    Creating Gaussian process visualizer.
2022-09-12 16:23:11,274 mloop.learners.3     DEBUG    Learner init completed.
2022-09-12 16:23:11,274 mloop.visualizations DEBUG    Fitting Gaussian process.
2022-09-12 16:23:11,346 mloop.visualizations INFO     Showing visualizations, close all to end M-LOOP.
