2022-09-12 19:00:03,530 mloop                INFO     M-LOOP version 3.3.1
2022-09-12 19:00:03,531 mloop                DEBUG    M-LOOP Logger configured.
2022-09-12 19:00:03,532 mloop.interfaces     DEBUG    Creating interface.
2022-09-12 19:00:03,538 mloop.controllers    DEBUG    Controller init completed.
2022-09-12 19:00:03,540 mloop.learners.1     DEBUG    Learner init completed.
2022-09-12 19:00:03,547 mloop.learners.2     DEBUG    Learner init completed.
2022-09-12 19:00:03,550 mloop.controllers    INFO     Optimization started.
2022-09-12 19:00:03,554 mloop.interfaces     DEBUG    Entering main loop of interface.
2022-09-12 19:00:03,555 mloop.controllers    DEBUG    ML learner started.
2022-09-12 19:00:03,563 mloop.controllers    DEBUG    Starting training optimization.
2022-09-12 19:00:03,565 mloop.controllers    INFO     Run:1 (training)
2022-09-12 19:00:03,572 mloop.controllers    INFO     params [-1.56987543 -0.94365125  0.6197689 ]
2022-09-12 19:00:03,588 mloop.controllers    INFO     cost -0.10136565577266948 +/- 0.0
2022-09-12 19:00:03,591 mloop.controllers    INFO     Run:2 (training)
2022-09-12 19:00:03,596 mloop.controllers    INFO     params [-0.57111178 -1.26108519 -0.45420169]
2022-09-12 19:00:03,610 mloop.controllers    INFO     cost -1.1375900384121402 +/- 0.0
2022-09-12 19:00:03,611 mloop.controllers    INFO     Run:3 (training)
2022-09-12 19:00:03,616 mloop.controllers    INFO     params [-1.46197569 -1.64415774 -0.49486016]
2022-09-12 19:00:03,631 mloop.controllers    INFO     cost -0.4149877088699368 +/- 0.0
2022-09-12 19:00:03,632 mloop.controllers    INFO     Run:4 (training)
2022-09-12 19:00:03,635 mloop.controllers    INFO     params [1.41835457 1.75029104 1.0070842 ]
2022-09-12 19:00:03,652 mloop.controllers    INFO     cost 0.48377018809842043 +/- 0.0
2022-09-12 19:00:03,653 mloop.controllers    INFO     Run:5 (training)
2022-09-12 19:00:03,656 mloop.controllers    INFO     params [-1.52676949 -1.94986498 -0.89708652]
2022-09-12 19:00:03,670 mloop.controllers    INFO     cost -0.054151934305861044 +/- 0.0
2022-09-12 19:00:03,671 mloop.controllers    INFO     Run:6 (training)
2022-09-12 19:00:03,674 mloop.controllers    INFO     params [-0.29221133 -0.15989149 -0.15169468]
2022-09-12 19:00:03,688 mloop.controllers    INFO     cost -2.7534945737563508 +/- 0.0
2022-09-12 19:00:03,689 mloop.controllers    INFO     Run:7 (training)
2022-09-12 19:00:03,692 mloop.controllers    INFO     params [ 1.94320677 -0.14690845  1.52397745]
2022-09-12 19:00:03,704 mloop.controllers    INFO     cost -0.6922946351715223 +/- 0.0
2022-09-12 19:00:03,704 mloop.controllers    INFO     Run:8 (training)
2022-09-12 19:00:03,707 mloop.controllers    INFO     params [ 1.89605964 -0.06694289  0.1064349 ]
2022-09-12 19:00:03,718 mloop.controllers    INFO     cost -1.8322921112750954 +/- 0.0
2022-09-12 19:00:03,718 mloop.controllers    INFO     Run:9 (training)
2022-09-12 19:00:03,721 mloop.controllers    INFO     params [ 1.48431339 -0.54433301  1.12511779]
2022-09-12 19:00:03,733 mloop.controllers    INFO     cost -0.061091667610816636 +/- 0.0
2022-09-12 19:00:03,733 mloop.controllers    INFO     Run:10 (training)
2022-09-12 19:00:03,735 mloop.controllers    INFO     params [-1.40842827  0.90533185  1.88966254]
2022-09-12 19:00:03,747 mloop.controllers    INFO     cost -0.0050247923957800885 +/- 0.0
2022-09-12 19:00:03,748 mloop.controllers    INFO     Run:11 (training)
2022-09-12 19:00:03,750 mloop.controllers    INFO     params [-1.86798331  1.63018454 -0.10326775]
2022-09-12 19:00:03,752 mloop.controllers    DEBUG    Starting ML optimization.
2022-09-12 19:00:03,752 mloop.controllers    INFO     cost -0.7242318082707297 +/- 0.0
2022-09-12 19:00:03,765 mloop.controllers    DEBUG    End training runs.
2022-09-12 19:00:03,766 mloop.controllers    INFO     Run:12 (machine learner)
2022-09-12 19:00:04,272 mloop.controllers    INFO     params [-0.07305209 -0.21867096 -0.30728696]
2022-09-12 19:00:04,289 mloop.controllers    INFO     cost -2.7631782115248598 +/- 0.0
2022-09-12 19:00:04,290 mloop.controllers    INFO     Run:13 (machine learner)
2022-09-12 19:00:04,727 mloop.controllers    INFO     params [ 0.17137635 -0.24252581 -0.30413914]
2022-09-12 19:00:04,740 mloop.controllers    INFO     cost -2.7031111552777842 +/- 0.0
2022-09-12 19:00:04,741 mloop.controllers    INFO     Run:14 (machine learner)
2022-09-12 19:00:05,134 mloop.controllers    INFO     params [ 0.36323593 -0.20256246 -0.28526631]
2022-09-12 19:00:05,148 mloop.controllers    INFO     cost -2.597230362129821 +/- 0.0
2022-09-12 19:00:05,149 mloop.controllers    INFO     Run:15 (machine learner)
2022-09-12 19:00:05,349 mloop.controllers    INFO     params [-0.2823766  -0.1650502  -0.16466733]
2022-09-12 19:00:05,362 mloop.controllers    INFO     cost -2.7554206897778304 +/- 0.0
2022-09-12 19:00:05,363 mloop.controllers    INFO     Run:16 (trainer)
2022-09-12 19:00:05,366 mloop.controllers    INFO     params [ 0.61932456 -1.80125259 -0.6964895 ]
2022-09-12 19:00:05,379 mloop.controllers    INFO     cost -0.9364703862331438 +/- 0.0
2022-09-12 19:00:05,380 mloop.controllers    INFO     Run:17 (machine learner)
2022-09-12 19:00:05,931 mloop.controllers    INFO     params [-0.11719605  0.29384491 -0.12687647]
2022-09-12 19:00:05,948 mloop.controllers    INFO     cost -2.9156981019443644 +/- 0.0
2022-09-12 19:00:05,950 mloop.controllers    INFO     Run:18 (machine learner)
2022-09-12 19:00:06,178 mloop.controllers    INFO     params [ 2.         -0.35382106 -1.26926456]
2022-09-12 19:00:06,191 mloop.controllers    INFO     cost -0.5559963230532569 +/- 0.0
2022-09-12 19:00:06,192 mloop.controllers    INFO     Run:19 (machine learner)
2022-09-12 19:00:06,361 mloop.controllers    INFO     params [ 2.         -0.51179474 -1.46858297]
2022-09-12 19:00:06,378 mloop.controllers    INFO     cost -0.2754868315405571 +/- 0.0
2022-09-12 19:00:06,379 mloop.controllers    INFO     Run:20 (machine learner)
2022-09-12 19:00:06,633 mloop.controllers    INFO     params [-0.11036875 -0.03180341 -0.1677688 ]
2022-09-12 19:00:06,647 mloop.controllers    INFO     cost -2.9442132515477546 +/- 0.0
2022-09-12 19:00:06,648 mloop.controllers    INFO     Run:21 (trainer)
2022-09-12 19:00:06,652 mloop.controllers    INFO     params [1.44558242 0.23130018 0.24391916]
2022-09-12 19:00:06,669 mloop.controllers    INFO     cost -1.5713795383999445 +/- 0.0
2022-09-12 19:00:06,670 mloop.controllers    INFO     Run:22 (machine learner)
2022-09-12 19:00:07,044 mloop.controllers    INFO     params [0.04876367 0.12199365 0.12017653]
2022-09-12 19:00:07,063 mloop.controllers    INFO     cost -2.9174410560408335 +/- 0.0
2022-09-12 19:00:07,064 mloop.controllers    INFO     Run:23 (machine learner)
2022-09-12 19:00:07,144 mloop.controllers    INFO     params [ 2.  2. -2.]
2022-09-12 19:00:07,154 mloop.controllers    INFO     cost 0.10354017295615445 +/- 0.0
2022-09-12 19:00:07,155 mloop.controllers    INFO     Run:24 (machine learner)
2022-09-12 19:00:07,270 mloop.controllers    INFO     params [ 2.  2. -2.]
2022-09-12 19:00:07,284 mloop.controllers    INFO     cost 0.10354017295615445 +/- 0.0
2022-09-12 19:00:07,284 mloop.controllers    INFO     Run:25 (machine learner)
2022-09-12 19:00:07,422 mloop.controllers    INFO     params [-0.00377095  0.08829671 -0.05396228]
2022-09-12 19:00:07,438 mloop.controllers    INFO     cost -2.9962685766242365 +/- 0.0
2022-09-12 19:00:07,439 mloop.controllers    INFO     Run:26 (trainer)
2022-09-12 19:00:07,442 mloop.controllers    INFO     params [-1.21628148  1.97578535  1.91368304]
2022-09-12 19:00:07,458 mloop.controllers    INFO     cost 0.22221079292237256 +/- 0.0
2022-09-12 19:00:07,459 mloop.controllers    INFO     Run:27 (machine learner)
2022-09-12 19:00:07,929 mloop.controllers    INFO     params [ 0.01705436  0.11072803 -0.11162316]
2022-09-12 19:00:07,940 mloop.controllers    INFO     cost -2.999110119637047 +/- 0.0
2022-09-12 19:00:07,941 mloop.controllers    INFO     Run:28 (machine learner)
2022-09-12 19:00:08,119 mloop.controllers    INFO     params [-2.  2. -2.]
2022-09-12 19:00:08,134 mloop.controllers    INFO     cost 0.10354017295615445 +/- 0.0
2022-09-12 19:00:08,135 mloop.controllers    INFO     Run:29 (machine learner)
2022-09-12 19:00:08,176 mloop.controllers    INFO     params [-2.  2. -2.]
2022-09-12 19:00:08,198 mloop.controllers    INFO     cost 0.10354017295615445 +/- 0.0
2022-09-12 19:00:08,199 mloop.controllers    INFO     Run:30 (machine learner)
2022-09-12 19:00:08,297 mloop.controllers    INFO     params [-0.00855971  0.09048053 -0.08917354]
2022-09-12 19:00:08,305 mloop.controllers    INFO     cost -2.9995376293155713 +/- 0.0
2022-09-12 19:00:08,307 mloop.controllers    INFO     Run:31 (trainer)
2022-09-12 19:00:08,312 mloop.controllers    INFO     params [-1.6304247  -1.49225928 -1.0808864 ]
2022-09-12 19:00:08,333 mloop.controllers    INFO     cost 0.3511688649081344 +/- 0.0
2022-09-12 19:00:08,334 mloop.controllers    INFO     Run:32 (machine learner)
2022-09-12 19:00:08,745 mloop.controllers    INFO     params [-0.00855963  0.09048046 -0.08917346]
2022-09-12 19:00:08,762 mloop.controllers    INFO     cost -2.9995376266385145 +/- 0.0
2022-09-12 19:00:08,763 mloop.controllers    INFO     Run:33 (machine learner)
2022-09-12 19:00:08,930 mloop.controllers    INFO     params [-0.47649118 -2.          2.        ]
2022-09-12 19:00:08,945 mloop.controllers    INFO     cost -0.7598870354139888 +/- 0.0
2022-09-12 19:00:08,946 mloop.controllers    INFO     Run:34 (machine learner)
2022-09-12 19:00:09,044 mloop.controllers    INFO     params [-0.00542314  2.         -2.        ]
2022-09-12 19:00:09,056 mloop.controllers    INFO     cost -0.896411449521154 +/- 0.0
2022-09-12 19:00:09,056 mloop.controllers    INFO     Run:35 (machine learner)
2022-09-12 19:00:09,168 mloop.controllers    INFO     params [-0.00099016  0.09621828 -0.09850781]
2022-09-12 19:00:09,185 mloop.controllers    INFO     cost -2.9999711999812053 +/- 0.0
2022-09-12 19:00:09,186 mloop.controllers    INFO     Run:36 (trainer)
2022-09-12 19:00:09,189 mloop.controllers    INFO     params [1.73479318 1.08959591 1.2971424 ]
2022-09-12 19:00:09,214 mloop.controllers    INFO     cost 0.3413181172829593 +/- 0.0
2022-09-12 19:00:09,215 mloop.controllers    INFO     Run:37 (machine learner)
2022-09-12 19:00:09,563 mloop.controllers    INFO     params [-0.0009911   0.09621729 -0.09850871]
2022-09-12 19:00:09,575 mloop.controllers    INFO     cost -2.9999711889531597 +/- 0.0
2022-09-12 19:00:09,578 mloop.controllers    INFO     Run:38 (machine learner)
2022-09-12 19:00:09,725 mloop.controllers    INFO     params [-0.00099019  0.09621825 -0.09850784]
2022-09-12 19:00:09,748 mloop.controllers    INFO     cost -2.999971199551286 +/- 0.0
2022-09-12 19:00:09,749 mloop.controllers    INFO     Run:39 (machine learner)
2022-09-12 19:00:09,961 mloop.controllers    INFO     params [ 2. -2.  2.]
2022-09-12 19:00:09,980 mloop.controllers    INFO     cost -0.09367920410318714 +/- 0.0
2022-09-12 19:00:09,982 mloop.controllers    INFO     Run:40 (machine learner)
2022-09-12 19:00:10,165 mloop.controllers    INFO     params [-0.00020188  0.09644334 -0.09946338]
2022-09-12 19:00:10,185 mloop.controllers    INFO     cost -2.999978651219985 +/- 0.0
2022-09-12 19:00:10,187 mloop.controllers    INFO     Run:41 (trainer)
2022-09-12 19:00:10,190 mloop.controllers    INFO     params [1.7516969  0.45522965 0.20822439]
2022-09-12 19:00:10,216 mloop.controllers    INFO     cost -1.5280650812437582 +/- 0.0
2022-09-12 19:00:10,217 mloop.controllers    INFO     Run:42 (machine learner)
2022-09-12 19:00:10,677 mloop.controllers    INFO     params [ 0.00039096  0.09582196 -0.10002669]
2022-09-12 19:00:10,688 mloop.controllers    INFO     cost -2.9999710336297567 +/- 0.0
2022-09-12 19:00:10,689 mloop.controllers    INFO     Run:43 (machine learner)
2022-09-12 19:00:10,890 mloop.controllers    INFO     params [ 0.00591077  0.09003965 -0.10526697]
2022-09-12 19:00:10,909 mloop.controllers    INFO     cost -2.999733716462943 +/- 0.0
2022-09-12 19:00:10,910 mloop.controllers    INFO     Run:44 (machine learner)
2022-09-12 19:00:11,044 mloop.controllers    INFO     params [ 0.56185373 -2.         -2.        ]
2022-09-12 19:00:11,063 mloop.controllers    INFO     cost -0.5509421116333441 +/- 0.0
2022-09-12 19:00:11,064 mloop.controllers    INFO     Run:45 (machine learner)
2022-09-12 19:00:11,218 mloop.controllers    INFO     params [ 0.00144189  0.09632636 -0.09837427]
2022-09-12 19:00:11,236 mloop.controllers    INFO     cost -2.9999700333034003 +/- 0.0
2022-09-12 19:00:11,238 mloop.controllers    INFO     Run:46 (trainer)
2022-09-12 19:00:11,241 mloop.controllers    INFO     params [-1.60327946  0.55972934 -0.63552859]
2022-09-12 19:00:11,270 mloop.controllers    INFO     cost -1.0893599715448554 +/- 0.0
2022-09-12 19:00:11,271 mloop.controllers    INFO     Run:47 (machine learner)
2022-09-12 19:00:11,600 mloop.controllers    INFO     params [ 0.0061641   0.09892276 -0.09769681]
2022-09-12 19:00:11,615 mloop.controllers    INFO     cost -2.999926865266942 +/- 0.0
2022-09-12 19:00:11,617 mloop.controllers    INFO     Run:48 (machine learner)
2022-09-12 19:00:11,755 mloop.controllers    INFO     params [-2. -2.  2.]
2022-09-12 19:00:11,770 mloop.controllers    INFO     cost -0.09367920410318714 +/- 0.0
2022-09-12 19:00:11,772 mloop.controllers    INFO     Run:49 (machine learner)
2022-09-12 19:00:11,858 mloop.controllers    INFO     params [-2. -2.  2.]
2022-09-12 19:00:11,883 mloop.controllers    INFO     cost -0.09367920410318714 +/- 0.0
2022-09-12 19:00:11,884 mloop.controllers    INFO     Run:50 (machine learner)
2022-09-12 19:00:12,044 mloop.controllers    INFO     params [ 0.00336154  0.09502269 -0.0963304 ]
2022-09-12 19:00:12,066 mloop.controllers    INFO     cost -2.9999185113642515 +/- 0.0
2022-09-12 19:00:12,067 mloop.controllers    INFO     Run:51 (trainer)
2022-09-12 19:00:12,071 mloop.controllers    INFO     params [ 0.29326357  0.42614707 -1.05944574]
2022-09-12 19:00:12,092 mloop.controllers    INFO     cost -1.7405520623666464 +/- 0.0
2022-09-12 19:00:12,093 mloop.controllers    INFO     Run:52 (machine learner)
2022-09-12 19:00:12,561 mloop.controllers    INFO     params [ 0.00320553  0.09759728 -0.0958865 ]
2022-09-12 19:00:12,581 mloop.controllers    INFO     cost -2.9999457678801544 +/- 0.0
2022-09-12 19:00:12,582 mloop.controllers    INFO     Run:53 (machine learner)
2022-09-12 19:00:12,816 mloop.controllers    INFO     params [ 0.00431678  0.09970444 -0.09472051]
2022-09-12 19:00:12,839 mloop.controllers    INFO     cost -2.9999233552826254 +/- 0.0
2022-09-12 19:00:12,841 mloop.controllers    INFO     Run:54 (machine learner)
2022-09-12 19:00:13,052 mloop.controllers    INFO     params [-2.          0.24846901 -2.        ]
2022-09-12 19:00:13,069 mloop.controllers    INFO     cost -0.9123629379031298 +/- 0.0
2022-09-12 19:00:13,070 mloop.controllers    INFO     Run:55 (machine learner)
2022-09-12 19:00:13,211 mloop.controllers    INFO     params [ 0.0068171   0.09397204 -0.09795292]
2022-09-12 19:00:13,236 mloop.controllers    INFO     cost -2.999856894099456 +/- 0.0
2022-09-12 19:00:13,237 mloop.controllers    INFO     Run:56 (trainer)
2022-09-12 19:00:13,240 mloop.controllers    INFO     params [ 0.98388586 -0.35564126 -0.02171909]
2022-09-12 19:00:13,268 mloop.controllers    INFO     cost -1.6981465482034532 +/- 0.0
2022-09-12 19:00:13,270 mloop.controllers    INFO     Run:57 (machine learner)
2022-09-12 19:00:13,542 mloop.controllers    INFO     params [-0.00020241  0.09644278 -0.09946389]
2022-09-12 19:00:13,557 mloop.controllers    INFO     cost -2.9999786452338184 +/- 0.0
2022-09-12 19:00:13,559 mloop.controllers    INFO     Run:58 (machine learner)
2022-09-12 19:00:13,726 mloop.controllers    INFO     params [-0.0002019   0.09644332 -0.0994634 ]
2022-09-12 19:00:13,755 mloop.controllers    INFO     cost -2.9999786510163755 +/- 0.0
2022-09-12 19:00:13,756 mloop.controllers    INFO     Run:59 (machine learner)
2022-09-12 19:00:13,934 mloop.controllers    INFO     params [ 2. -2. -2.]
2022-09-12 19:00:13,958 mloop.controllers    INFO     cost 0.004930484426483653 +/- 0.0
2022-09-12 19:00:13,959 mloop.controllers    INFO     Run:60 (machine learner)
2022-09-12 19:00:14,090 mloop.controllers    INFO     params [ 0.00717577  0.09360929 -0.09708991]
2022-09-12 19:00:14,115 mloop.controllers    INFO     cost -2.9998341918928695 +/- 0.0
2022-09-12 19:00:14,117 mloop.controllers    INFO     Run:61 (trainer)
2022-09-12 19:00:14,120 mloop.controllers    INFO     params [-0.43358362 -1.39824046  1.08007171]
2022-09-12 19:00:14,149 mloop.controllers    INFO     cost -0.36117780751846795 +/- 0.0
2022-09-12 19:00:14,151 mloop.controllers    INFO     Run:62 (machine learner)
2022-09-12 19:00:14,566 mloop.controllers    INFO     params [ 0.00410125  0.09193315 -0.1035521 ]
2022-09-12 19:00:14,581 mloop.controllers    INFO     cost -2.999844538149261 +/- 0.0
2022-09-12 19:00:14,582 mloop.controllers    INFO     Run:63 (machine learner)
2022-09-12 19:00:14,735 mloop.controllers    INFO     params [ 0.00327502  0.09279915 -0.10276705]
2022-09-12 19:00:14,757 mloop.controllers    INFO     cost -2.999884471093281 +/- 0.0
2022-09-12 19:00:14,758 mloop.controllers    INFO     Run:64 (machine learner)
2022-09-12 19:00:14,936 mloop.controllers    INFO     params [ 2.         -2.         -0.06429864]
2022-09-12 19:00:14,958 mloop.controllers    INFO     cost -1.0447443091242712 +/- 0.0
2022-09-12 19:00:14,959 mloop.controllers    INFO     Run:65 (machine learner)
2022-09-12 19:00:15,108 mloop.controllers    INFO     params [ 0.00696059  0.09392216 -0.09687553]
2022-09-12 19:00:15,137 mloop.controllers    INFO     cost -2.9998434837897743 +/- 0.0
2022-09-12 19:00:15,138 mloop.controllers    INFO     Run:66 (trainer)
2022-09-12 19:00:15,145 mloop.controllers    INFO     params [ 1.59961011  1.0966237  -0.03360192]
2022-09-12 19:00:15,168 mloop.controllers    INFO     cost -0.8068234344660142 +/- 0.0
2022-09-12 19:00:15,169 mloop.controllers    INFO     Run:67 (machine learner)
2022-09-12 19:00:15,551 mloop.controllers    INFO     params [-0.00020225  0.09644368 -0.09946373]
2022-09-12 19:00:15,568 mloop.controllers    INFO     cost -2.9999786556479386 +/- 0.0
2022-09-12 19:00:15,569 mloop.controllers    INFO     Run:68 (machine learner)
2022-09-12 19:00:15,774 mloop.controllers    INFO     params [-0.00020215  0.09644359 -0.09946364]
2022-09-12 19:00:15,806 mloop.controllers    INFO     cost -2.999978654490745 +/- 0.0
2022-09-12 19:00:15,807 mloop.controllers    INFO     Run:69 (machine learner)
2022-09-12 19:00:16,025 mloop.controllers    INFO     params [-0.06769516  2.         -0.59849949]
2022-09-12 19:00:16,047 mloop.controllers    INFO     cost -1.5792377421724542 +/- 0.0
2022-09-12 19:00:16,050 mloop.controllers    INFO     Run:70 (machine learner)
2022-09-12 19:00:16,235 mloop.controllers    INFO     params [ 0.00500086  0.09636378 -0.09598888]
2022-09-12 19:00:16,274 mloop.controllers    INFO     cost -2.999910648520521 +/- 0.0
2022-09-12 19:00:16,276 mloop.controllers    INFO     Run:71 (trainer)
2022-09-12 19:00:16,279 mloop.controllers    INFO     params [ 0.05953844 -1.22948944  1.24785713]
2022-09-12 19:00:16,381 mloop.controllers    INFO     cost -0.5786002655729336 +/- 0.0
2022-09-12 19:00:16,382 mloop.controllers    INFO     Run:72 (machine learner)
2022-09-12 19:00:16,836 mloop.controllers    INFO     params [-0.00020225  0.09644368 -0.09946373]
2022-09-12 19:00:16,851 mloop.controllers    INFO     cost -2.999978655647928 +/- 0.0
2022-09-12 19:00:16,851 mloop.controllers    INFO     Run:73 (machine learner)
2022-09-12 19:00:17,230 mloop.controllers    INFO     params [-0.00020237  0.09644356 -0.09946384]
2022-09-12 19:00:17,248 mloop.controllers    INFO     cost -2.9999786543005205 +/- 0.0
2022-09-12 19:00:17,248 mloop.controllers    INFO     Run:74 (machine learner)
2022-09-12 19:00:17,502 mloop.controllers    INFO     params [-0.00020225  0.09644368 -0.09946373]
2022-09-12 19:00:17,527 mloop.controllers    INFO     cost -2.9999786556479386 +/- 0.0
2022-09-12 19:00:17,528 mloop.controllers    INFO     Run:75 (machine learner)
2022-09-12 19:00:17,637 mloop.controllers    INFO     params [ 0.01026081  0.09123442 -0.09537657]
2022-09-12 19:00:17,663 mloop.controllers    INFO     cost -2.999665277065179 +/- 0.0
2022-09-12 19:00:17,665 mloop.controllers    INFO     Run:76 (trainer)
2022-09-12 19:00:17,668 mloop.controllers    INFO     params [-0.45614303  0.51709294 -1.94160743]
2022-09-12 19:00:17,715 mloop.controllers    INFO     cost -1.3461365592303232 +/- 0.0
2022-09-12 19:00:17,716 mloop.controllers    INFO     Run:77 (machine learner)
2022-09-12 19:00:18,136 mloop.controllers    INFO     params [ 0.00678262  0.0997146  -0.1031957 ]
2022-09-12 19:00:18,153 mloop.controllers    INFO     cost -2.9999073954098865 +/- 0.0
2022-09-12 19:00:18,153 mloop.controllers    INFO     Run:78 (machine learner)
2022-09-12 19:00:18,480 mloop.controllers    INFO     params [ 0.00249499  0.09901126 -0.10202682]
2022-09-12 19:00:18,518 mloop.controllers    INFO     cost -2.9999813948392906 +/- 0.0
2022-09-12 19:00:18,520 mloop.controllers    INFO     Run:79 (machine learner)
2022-09-12 19:00:18,818 mloop.controllers    INFO     params [-0.1677387  -0.20823025  2.        ]
2022-09-12 19:00:18,844 mloop.controllers    INFO     cost -1.8520826778815458 +/- 0.0
2022-09-12 19:00:18,845 mloop.controllers    INFO     Run:80 (machine learner)
2022-09-12 19:00:18,943 mloop.controllers    INFO     params [ 0.01188464  0.08926974 -0.09637745]
2022-09-12 19:00:18,960 mloop.controllers    INFO     cost -2.999556707482191 +/- 0.0
2022-09-12 19:00:18,961 mloop.controllers    INFO     Run:81 (trainer)
2022-09-12 19:00:18,963 mloop.controllers    INFO     params [ 0.12224924 -1.44149292 -1.68397006]
2022-09-12 19:00:18,989 mloop.controllers    INFO     cost -0.576849549642702 +/- 0.0
2022-09-12 19:00:18,991 mloop.controllers    INFO     Run:82 (machine learner)
2022-09-12 19:00:19,497 mloop.controllers    INFO     params [ 0.00249432  0.09901132 -0.10202745]
2022-09-12 19:00:19,517 mloop.controllers    INFO     cost -2.999981396314076 +/- 0.0
2022-09-12 19:00:19,518 mloop.controllers    INFO     Run:83 (machine learner)
2022-09-12 19:00:19,616 mloop.controllers    INFO     params [ 0.00249223  0.09901224 -0.10202944]
2022-09-12 19:00:19,637 mloop.controllers    INFO     cost -2.9999814032509016 +/- 0.0
2022-09-12 19:00:19,638 mloop.controllers    INFO     Run:84 (machine learner)
2022-09-12 19:00:19,937 mloop.controllers    INFO     params [ 0.00249334  0.09901227 -0.10202838]
2022-09-12 19:00:19,953 mloop.controllers    INFO     cost -2.999981401261877 +/- 0.0
2022-09-12 19:00:19,954 mloop.controllers    INFO     Run:85 (machine learner)
2022-09-12 19:00:20,073 mloop.controllers    INFO     params [ 0.01122046  0.08963769 -0.09861473]
2022-09-12 19:00:20,104 mloop.controllers    INFO     cost -2.9996131415028766 +/- 0.0
2022-09-12 19:00:20,106 mloop.controllers    INFO     Run:86 (trainer)
2022-09-12 19:00:20,110 mloop.controllers    INFO     params [-0.92169559  0.73772406  1.87369282]
2022-09-12 19:00:20,137 mloop.controllers    INFO     cost -0.5239269896752897 +/- 0.0
2022-09-12 19:00:20,138 mloop.controllers    INFO     Run:87 (machine learner)
2022-09-12 19:00:20,591 mloop.controllers    INFO     params [ 0.00249072  0.09901066 -0.10203087]
2022-09-12 19:00:20,610 mloop.controllers    INFO     cost -2.9999814009286907 +/- 0.0
2022-09-12 19:00:20,611 mloop.controllers    INFO     Run:88 (machine learner)
2022-09-12 19:00:20,764 mloop.controllers    INFO     params [ 0.00249071  0.09901065 -0.10203088]
2022-09-12 19:00:20,791 mloop.controllers    INFO     cost -2.9999814009120223 +/- 0.0
2022-09-12 19:00:20,792 mloop.controllers    INFO     Run:89 (machine learner)
2022-09-12 19:00:20,961 mloop.controllers    INFO     params [ 0.00249222  0.09901223 -0.10202945]
2022-09-12 19:00:20,990 mloop.controllers    INFO     cost -2.999981403236422 +/- 0.0
2022-09-12 19:00:20,991 mloop.controllers    INFO     Run:90 (machine learner)
2022-09-12 19:00:21,123 mloop.controllers    INFO     params [ 0.00964662  0.09073947 -0.09860203]
2022-09-12 19:00:21,150 mloop.controllers    INFO     cost -2.9997026600658767 +/- 0.0
2022-09-12 19:00:21,151 mloop.controllers    INFO     Run:91 (trainer)
2022-09-12 19:00:21,153 mloop.controllers    INFO     params [-1.72558895 -1.34527645 -1.97086548]
2022-09-12 19:00:21,176 mloop.controllers    INFO     cost 0.42418689166908835 +/- 0.0
2022-09-12 19:00:21,177 mloop.controllers    INFO     Run:92 (machine learner)
2022-09-12 19:00:21,574 mloop.controllers    INFO     params [ 0.00249223  0.09901224 -0.10202944]
2022-09-12 19:00:21,589 mloop.controllers    INFO     cost -2.9999814032509016 +/- 0.0
2022-09-12 19:00:21,590 mloop.controllers    INFO     Run:93 (machine learner)
2022-09-12 19:00:21,855 mloop.controllers    INFO     params [ 0.00249223  0.09901224 -0.10202944]
2022-09-12 19:00:21,883 mloop.controllers    INFO     cost -2.9999814032509016 +/- 0.0
2022-09-12 19:00:21,884 mloop.controllers    INFO     Run:94 (machine learner)
2022-09-12 19:00:22,090 mloop.controllers    INFO     params [ 0.00249223  0.09901224 -0.10202944]
2022-09-12 19:00:22,125 mloop.controllers    INFO     cost -2.999981403250817 +/- 0.0
2022-09-12 19:00:22,127 mloop.controllers    INFO     Run:95 (machine learner)
2022-09-12 19:00:22,284 mloop.controllers    INFO     params [ 0.00942821  0.09124438 -0.09908157]
2022-09-12 19:00:22,318 mloop.controllers    INFO     cost -2.99972630152084 +/- 0.0
2022-09-12 19:00:22,320 mloop.controllers    INFO     Run:96 (trainer)
2022-09-12 19:00:22,325 mloop.controllers    INFO     params [ 1.94858587 -0.55125912  1.86479978]
2022-09-12 19:00:22,356 mloop.controllers    INFO     cost -0.3904581583915963 +/- 0.0
2022-09-12 19:00:22,357 mloop.controllers    INFO     Run:97 (machine learner)
2022-09-12 19:00:22,801 mloop.controllers    INFO     params [ 0.00249211  0.0990124  -0.10202927]
2022-09-12 19:00:22,820 mloop.controllers    INFO     cost -2.999981405915936 +/- 0.0
2022-09-12 19:00:22,820 mloop.controllers    INFO     Run:98 (machine learner)
2022-09-12 19:00:23,084 mloop.controllers    INFO     params [ 0.00249154  0.09901289 -0.10202872]
2022-09-12 19:00:23,123 mloop.controllers    INFO     cost -2.999981415809219 +/- 0.0
2022-09-12 19:00:23,124 mloop.controllers    INFO     Run:99 (machine learner)
2022-09-12 19:00:23,463 mloop.controllers    INFO     params [ 0.0024913   0.09901312 -0.10202847]
2022-09-12 19:00:23,494 mloop.controllers    INFO     cost -2.9999814202089077 +/- 0.0
2022-09-12 19:00:23,495 mloop.controllers    INFO     Run:100 (machine learner)
2022-09-12 19:00:23,690 mloop.controllers    INFO     params [ 0.0096345   0.0913418  -0.09927819]
2022-09-12 19:00:23,726 mloop.controllers    INFO     cost -2.9997231543005736 +/- 0.0
2022-09-12 19:00:23,727 mloop.controllers    INFO     Controller finished. Closing down M-LOOP. Please wait a moment...
2022-09-12 19:00:23,728 mloop.controllers    DEBUG    ML learner end set.
2022-09-12 19:00:25,170 mloop.controllers    DEBUG    ML learner joined
2022-09-12 19:00:25,171 mloop.controllers    DEBUG    Learner end event set.
2022-09-12 19:00:25,171 mloop.controllers    DEBUG    Interface end event set.
2022-09-12 19:00:25,327 mloop.learners.1     DEBUG    Learner end signal received. Ending
2022-09-12 19:00:25,693 mloop.interfaces     DEBUG    Interface ended
2022-09-12 19:00:26,329 mloop.controllers    DEBUG    Learner joined.
2022-09-12 19:00:26,330 mloop.controllers    DEBUG    Interface joined.
2022-09-12 19:00:26,364 mloop.controllers    INFO     Optimization ended because:
2022-09-12 19:00:26,365 mloop.controllers    INFO     	* Maximum number of runs reached.
2022-09-12 19:00:26,366 mloop.controllers    INFO     Results:
2022-09-12 19:00:26,367 mloop.controllers    INFO     	* Best parameters found:[ 0.0024913   0.09901312 -0.10202847]
2022-09-12 19:00:26,368 mloop.controllers    INFO     	* Best cost returned:-2.9999814202089077 +/- 0.0
2022-09-12 19:00:26,369 mloop.controllers    INFO     	* Best run number:99
2022-09-12 19:00:26,370 mloop.controllers    INFO     	* Predicted best parameters:[ 0.00973658  0.09126899 -0.09960571]
2022-09-12 19:00:26,371 mloop.controllers    INFO     	* Predicted best cost:-3.000034867172131 +/- 0.0028807483286025074
2022-09-12 19:00:26,372 mloop.controllers    INFO     M-LOOP Done.
2022-09-12 19:00:26,374 mloop.visualizations DEBUG    Creating controller visualizations.
2022-09-12 19:00:26,660 mloop.visualizations DEBUG    Creating learner visualizations.
2022-09-12 19:00:26,675 mloop.visualizations DEBUG    Creating Gaussian process visualizer.
2022-09-12 19:00:26,692 mloop.learners.3     DEBUG    Learner init completed.
2022-09-12 19:00:26,696 mloop.visualizations DEBUG    Fitting Gaussian process.
2022-09-12 19:00:26,877 mloop.visualizations INFO     Showing visualizations, close all to end M-LOOP.
