2022-10-15 14:16:02,708 mloop                INFO     M-LOOP version 3.3.1
2022-10-15 14:16:02,708 mloop                DEBUG    M-LOOP Logger configured.
2022-10-15 14:16:02,708 mloop.interfaces     DEBUG    Creating interface.
2022-10-15 14:16:02,722 mloop.controllers    DEBUG    Controller init completed.
2022-10-15 14:16:02,723 mloop.learners.1     DEBUG    Learner init completed.
2022-10-15 14:16:02,723 mloop.learners.1     DEBUG    Random learner init completed.
2022-10-15 14:16:02,724 mloop.learners.2     DEBUG    Learner init completed.
2022-10-15 14:16:02,724 mloop.controllers    INFO     Optimization started.
2022-10-15 14:16:02,724 mloop.learners.1     DEBUG    Starting Random Learner
2022-10-15 14:16:02,724 mloop.interfaces     DEBUG    Entering main loop of interface.
2022-10-15 14:16:02,724 mloop.controllers    DEBUG    ML learner started.
2022-10-15 14:16:02,730 mloop.controllers    DEBUG    Starting training optimization.
2022-10-15 14:16:02,730 mloop.controllers    INFO     Run:1 (training)
2022-10-15 14:16:02,731 mloop.controllers    INFO     params [28.    0.3   0.06 32.   32.    1.    1.    1.    1.  ]
2022-10-15 14:16:09,010 mloop.controllers    INFO     cost -4.8571428571428585 +/- 0.0
2022-10-15 14:16:09,010 mloop.controllers    INFO     Run:2 (training)
2022-10-15 14:16:09,012 mloop.controllers    INFO     params [34.15974259  0.98340921  0.21635543 19.11066765 43.47403979  0.74756627
  0.32575138  0.07832761  0.66075158]
2022-10-15 14:16:14,894 mloop.controllers    INFO     cost -1.1724137931034484 +/- 0.0
2022-10-15 14:16:14,895 mloop.controllers    INFO     Run:3 (training)
2022-10-15 14:16:14,895 mloop.controllers    INFO     params [2.71989586e+01 7.92613616e-02 3.68266263e-01 4.27490385e+01
 3.60783606e+01 1.41989317e-01 7.16871809e-01 5.57612553e-01
 2.82698238e-02]
2022-10-15 14:16:20,373 mloop.controllers    INFO     cost -1.0303030303030303 +/- 0.0
2022-10-15 14:16:20,373 mloop.controllers    INFO     Run:4 (training)
2022-10-15 14:16:20,374 mloop.controllers    INFO     params [40.98041468  0.6626359   0.30848901 31.83253322 24.41411957  0.74840895
  0.40738657  0.97170456  0.19452424]
2022-10-15 14:16:25,767 mloop.controllers    INFO     cost -1.4782608695652173 +/- 0.0
2022-10-15 14:16:25,768 mloop.controllers    INFO     Run:5 (training)
2022-10-15 14:16:25,768 mloop.controllers    INFO     params [28.87610329  0.48382953  0.44722485 25.31655576 48.98201136  0.55502047
  0.98363704  0.68973149  0.1163457 ]
2022-10-15 14:16:31,392 mloop.controllers    INFO     cost -1.397260273972603 +/- 0.0
2022-10-15 14:16:31,392 mloop.controllers    INFO     Run:6 (training)
2022-10-15 14:16:31,393 mloop.controllers    INFO     params [21.61427926  0.34556248  0.86854193 46.86623917 28.21802753  0.18218734
  0.07337185  0.87068135  0.67662638]
2022-10-15 14:16:37,206 mloop.controllers    INFO     cost -1.00990099009901 +/- 0.0
2022-10-15 14:16:37,206 mloop.controllers    INFO     Run:7 (training)
2022-10-15 14:16:37,207 mloop.controllers    INFO     params [25.37887436  0.93842598  0.44894603 26.8529749  47.75712504  0.93436837
  0.70339426  0.19775937  0.7220766 ]
2022-10-15 14:16:42,815 mloop.controllers    INFO     cost -1.619047619047619 +/- 0.0
2022-10-15 14:16:42,815 mloop.controllers    INFO     Run:8 (training)
2022-10-15 14:16:42,816 mloop.controllers    INFO     params [25.96399538  0.77576568  0.83600044 27.86876029 39.50528323  0.9093845
  0.17428473  0.29878585  0.90623888]
2022-10-15 14:16:48,362 mloop.controllers    INFO     cost -1.1724137931034484 +/- 0.0
2022-10-15 14:16:48,362 mloop.controllers    INFO     Run:9 (training)
2022-10-15 14:16:48,363 mloop.controllers    INFO     params [12.3178146   0.3308059   0.62375791 28.54055402 37.86237495  0.51054779
  0.70097008  0.96138628  0.2336638 ]
2022-10-15 14:16:53,835 mloop.controllers    INFO     cost -1.619047619047619 +/- 0.0
2022-10-15 14:16:53,835 mloop.controllers    INFO     Run:10 (training)
2022-10-15 14:16:53,836 mloop.controllers    INFO     params [47.28368806  0.99283254  0.26828776 26.61315504 24.66234136  0.29812613
  0.8901077   0.05494693  0.6279414 ]
2022-10-15 14:16:59,233 mloop.controllers    INFO     cost -1.0303030303030303 +/- 0.0
2022-10-15 14:16:59,233 mloop.controllers    INFO     Run:11 (training)
2022-10-15 14:16:59,234 mloop.controllers    INFO     params [26.29454862  0.40347151  0.40147852 18.42719039 27.46130727  0.19296856
  0.44559535  0.14356131  0.13469652]
2022-10-15 14:16:59,234 mloop.controllers    DEBUG    Starting ML optimization.
2022-10-15 14:17:04,982 mloop.controllers    INFO     cost -1.00990099009901 +/- 0.0
2022-10-15 14:17:04,986 mloop.controllers    DEBUG    End training runs.
2022-10-15 14:17:04,986 mloop.controllers    INFO     Run:12 (machine learner)
2022-10-15 14:17:11,507 mloop.controllers    INFO     params [2.35287703e+01 2.54745063e-01 1.00000000e-02 2.67281630e+01
 2.91375510e+01 1.00000000e+00 1.00000000e+00 6.82181414e-01
 6.05244304e-01]
2022-10-15 14:17:17,408 mloop.controllers    INFO     cost -4.08 +/- 0.0
2022-10-15 14:17:17,408 mloop.controllers    INFO     Run:13 (machine learner)
2022-10-15 14:17:19,346 mloop.controllers    INFO     params [1.35677230e+01 1.00000000e-02 1.00000000e-02 2.71038076e+01
 1.00000000e+01 1.00000000e+00 1.00000000e+00 1.00000000e+00
 1.00000000e+00]
2022-10-15 14:17:25,270 mloop.controllers    INFO     cost -1.0736842105263158 +/- 0.0
2022-10-15 14:17:25,274 mloop.controllers    INFO     Run:14 (machine learner)
2022-10-15 14:17:27,864 mloop.controllers    INFO     params [1.00000000e+01 7.10107469e-01 1.00000000e-02 4.13690048e+01
 1.04246737e+01 1.00000000e+00 1.00000000e+00 1.00000000e+00
 1.00000000e+00]
2022-10-15 14:17:33,376 mloop.controllers    INFO     cost -2.914285714285714 +/- 0.0
2022-10-15 14:17:33,402 mloop.controllers    INFO     Run:15 (trainer)
2022-10-15 14:17:33,402 mloop.controllers    INFO     params [2.80288993e+01 1.59524970e-02 5.56025834e-01 4.67803859e+01
 2.39041642e+01 8.07004998e-01 3.69808262e-01 6.41210358e-01
 6.40112194e-01]
2022-10-15 14:17:39,413 mloop.controllers    INFO     cost -1.007035175879397 +/- 0.0
2022-10-15 14:17:39,414 mloop.controllers    INFO     Run:16 (machine learner)
2022-10-15 14:17:39,414 mloop.controllers    INFO     params [29.76143931  0.37915433  0.06699626 33.13087888 32.15129877  1.
  1.          1.          1.        ]
2022-10-15 14:17:45,337 mloop.controllers    INFO     cost -5.791907514450867 +/- 0.0
2022-10-15 14:17:45,337 mloop.controllers    INFO     Run:17 (machine learner)
2022-10-15 14:17:45,338 mloop.controllers    INFO     params [39.25172202  0.14893171  0.30625625 26.50597649 33.9962104   1.
  1.          1.          1.        ]
2022-10-15 14:17:51,482 mloop.controllers    INFO     cost -1.9456310679611648 +/- 0.0
2022-10-15 14:17:51,482 mloop.controllers    INFO     Run:18 (machine learner)
2022-10-15 14:17:51,483 mloop.controllers    INFO     params [3.18475866e+01 1.00000000e-02 1.00000000e-02 2.69864322e+01
 4.77477555e+01 1.00000000e+00 1.00000000e+00 1.00000000e-02
 6.46203000e-01]
2022-10-15 14:17:57,154 mloop.controllers    INFO     cost -1.0785791173304629 +/- 0.0
2022-10-15 14:17:57,176 mloop.controllers    INFO     Run:19 (trainer)
2022-10-15 14:17:57,177 mloop.controllers    INFO     params [25.96508171  0.1336755   0.80077333 12.92115465 44.72766052  0.37817837
  0.3350694   0.90472194  0.2342965 ]
2022-10-15 14:18:03,243 mloop.controllers    INFO     cost -1.007035175879397 +/- 0.0
2022-10-15 14:18:03,244 mloop.controllers    INFO     Run:20 (machine learner)
2022-10-15 14:18:04,956 mloop.controllers    INFO     params [3.21133372e+01 6.77552255e-01 1.00000000e-02 3.86044924e+01
 3.06379952e+01 9.77635981e-01 1.00000000e+00 1.00000000e+00
 1.00000000e+00]
2022-10-15 14:18:11,047 mloop.controllers    INFO     cost -5.859649122807015 +/- 0.0
2022-10-15 14:18:11,048 mloop.controllers    INFO     Run:21 (machine learner)
2022-10-15 14:18:11,872 mloop.controllers    INFO     params [2.85558892e+01 5.07081335e-01 3.28628157e-02 3.62353724e+01
 3.46850926e+01 1.00000000e+00 1.00000000e+00 1.00000000e+00
 1.00000000e+00]
2022-10-15 14:18:17,981 mloop.controllers    INFO     cost -6.816326530612245 +/- 0.0
2022-10-15 14:18:17,981 mloop.controllers    INFO     Run:22 (machine learner)
2022-10-15 14:18:17,982 mloop.controllers    INFO     params [2.99194940e+01 5.19310122e-01 1.00000000e-02 4.00564080e+01
 3.79387312e+01 9.88946775e-01 1.00000000e+00 1.00000000e+00
 1.00000000e+00]
2022-10-15 14:18:23,607 mloop.controllers    INFO     cost -6.223602484472049 +/- 0.0
2022-10-15 14:18:23,613 mloop.controllers    INFO     Run:23 (trainer)
2022-10-15 14:18:23,615 mloop.controllers    INFO     params [2.20955867e+01 7.10631481e-01 3.08221248e-01 3.58837782e+01
 2.68290535e+01 3.25823430e-02 2.19896342e-01 5.20952836e-02
 5.28174407e-02]
2022-10-15 14:18:29,709 mloop.controllers    INFO     cost -1.003003003003003 +/- 0.0
2022-10-15 14:18:29,710 mloop.controllers    INFO     Run:24 (machine learner)
2022-10-15 14:18:29,713 mloop.controllers    INFO     params [2.61966969e+01 6.60588657e-01 1.00000000e-02 3.61684083e+01
 3.45960956e+01 1.00000000e+00 1.00000000e+00 1.00000000e+00
 9.91117458e-01]
2022-10-15 14:18:35,851 mloop.controllers    INFO     cost -5.791907514450867 +/- 0.0
2022-10-15 14:18:35,852 mloop.controllers    INFO     Run:25 (machine learner)
2022-10-15 14:18:37,381 mloop.controllers    INFO     params [2.61801138e+01 5.32434106e-01 2.22253448e-02 3.54763397e+01
 3.46176686e+01 1.00000000e+00 1.00000000e+00 1.00000000e+00
 1.00000000e+00]
2022-10-15 14:18:43,339 mloop.controllers    INFO     cost -7.2086330935251794 +/- 0.0
2022-10-15 14:18:43,339 mloop.controllers    INFO     Run:26 (machine learner)
2022-10-15 14:18:44,597 mloop.controllers    INFO     params [2.65301579e+01 5.60046226e-01 1.00000000e-02 3.45967812e+01
 3.58727512e+01 1.00000000e+00 1.00000000e+00 1.00000000e+00
 1.00000000e+00]
2022-10-15 14:18:50,406 mloop.controllers    INFO     cost -7.533834586466168 +/- 0.0
2022-10-15 14:18:50,427 mloop.controllers    INFO     Run:27 (trainer)
2022-10-15 14:18:50,427 mloop.controllers    INFO     params [19.72151346  0.70048102  0.79929464 40.37551974 26.38833644  0.75867127
  0.64476079  0.87654624  0.59260711]
2022-10-15 14:18:56,482 mloop.controllers    INFO     cost -1.7548161120840629 +/- 0.0
2022-10-15 14:18:56,483 mloop.controllers    INFO     Run:28 (machine learner)
2022-10-15 14:18:59,886 mloop.controllers    INFO     params [2.67587447e+01 5.45412302e-01 1.00000000e-02 2.78120782e+01
 4.03145729e+01 1.00000000e+00 1.00000000e+00 9.72101776e-01
 1.00000000e+00]
2022-10-15 14:19:05,734 mloop.controllers    INFO     cost -8.280991735537192 +/- 0.0
2022-10-15 14:19:05,735 mloop.controllers    INFO     Run:29 (machine learner)
2022-10-15 14:19:06,593 mloop.controllers    INFO     params [2.47829605e+01 5.96060156e-01 1.00000000e-02 3.09807772e+01
 3.71882744e+01 1.00000000e+00 1.00000000e+00 1.00000000e+00
 1.00000000e+00]
2022-10-15 14:19:12,461 mloop.controllers    INFO     cost -8.146341463414632 +/- 0.0
2022-10-15 14:19:12,461 mloop.controllers    INFO     Run:30 (machine learner)
2022-10-15 14:19:12,887 mloop.controllers    INFO     params [2.47150630e+01 5.16528051e-01 1.00000000e-02 3.10440348e+01
 4.09372159e+01 9.73564390e-01 1.00000000e+00 9.92009707e-01
 1.00000000e+00]
2022-10-15 14:19:18,427 mloop.controllers    INFO     cost -8.867256637168143 +/- 0.0
2022-10-15 14:19:18,435 mloop.controllers    INFO     Run:31 (trainer)
2022-10-15 14:19:18,436 mloop.controllers    INFO     params [26.81921824  0.27939399  0.54416493 27.31696949 16.14949072  0.59208729
  0.91284878  0.56221725  0.33298803]
2022-10-15 14:19:24,753 mloop.controllers    INFO     cost -1.0832432432432433 +/- 0.0
2022-10-15 14:19:24,754 mloop.controllers    INFO     Run:32 (machine learner)
2022-10-15 14:19:24,754 mloop.controllers    INFO     params [2.32467332e+01 5.08505039e-01 1.00000000e-02 2.99725334e+01
 4.30419037e+01 1.00000000e+00 1.00000000e+00 1.00000000e+00
 1.00000000e+00]
2022-10-15 14:19:30,882 mloop.controllers    INFO     cost -7.313868613138683 +/- 0.0
2022-10-15 14:19:30,883 mloop.controllers    INFO     Run:33 (machine learner)
2022-10-15 14:19:30,883 mloop.controllers    INFO     params [1.85747384e+01 4.79151212e-01 1.00000000e-02 2.95204046e+01
 4.60439461e+01 1.00000000e+00 1.00000000e+00 1.00000000e+00
 1.00000000e+00]
2022-10-15 14:19:36,710 mloop.controllers    INFO     cost -5.138461538461541 +/- 0.0
2022-10-15 14:19:36,710 mloop.controllers    INFO     Run:34 (machine learner)
2022-10-15 14:19:36,710 mloop.controllers    INFO     params [2.17103595e+01 5.06912856e-01 1.00000000e-02 3.01337156e+01
 4.51186711e+01 8.79978235e-01 1.00000000e+00 1.00000000e+00
 1.00000000e+00]
2022-10-15 14:19:42,318 mloop.controllers    INFO     cost -6.816326530612245 +/- 0.0
2022-10-15 14:19:42,320 mloop.controllers    INFO     Run:35 (trainer)
2022-10-15 14:19:42,321 mloop.controllers    INFO     params [18.97010924  0.94700306  0.65983365 33.58957608 48.91142794  0.82239079
  0.56089032  0.64440927  0.57872821]
2022-10-15 14:19:48,362 mloop.controllers    INFO     cost -2.2119205298013247 +/- 0.0
2022-10-15 14:19:48,363 mloop.controllers    INFO     Run:36 (machine learner)
2022-10-15 14:19:48,363 mloop.controllers    INFO     params [2.63825305e+01 5.15695724e-01 1.00000000e-02 2.74053985e+01
 4.05718023e+01 1.00000000e+00 1.00000000e+00 1.00000000e+00
 1.00000000e+00]
2022-10-15 14:19:54,218 mloop.controllers    INFO     cost -7.106382978723402 +/- 0.0
2022-10-15 14:19:54,218 mloop.controllers    INFO     Run:37 (machine learner)
2022-10-15 14:19:54,218 mloop.controllers    INFO     params [2.92196903e+01 6.16815744e-01 1.00000000e-02 2.92195070e+01
 4.04209869e+01 1.00000000e+00 1.00000000e+00 1.00000000e+00
 1.00000000e+00]
2022-10-15 14:19:59,981 mloop.controllers    INFO     cost -7.313868613138683 +/- 0.0
2022-10-15 14:19:59,981 mloop.controllers    INFO     Run:38 (machine learner)
2022-10-15 14:19:59,981 mloop.controllers    INFO     params [2.66440907e+01 6.28213851e-01 1.00000000e-02 2.75687576e+01
 3.94229700e+01 8.50664147e-01 1.00000000e+00 1.00000000e+00
 1.00000000e+00]
2022-10-15 14:20:05,558 mloop.controllers    INFO     cost -6.635761589403974 +/- 0.0
2022-10-15 14:20:05,571 mloop.controllers    INFO     Run:39 (trainer)
2022-10-15 14:20:05,572 mloop.controllers    INFO     params [40.55693159  0.04660483  0.4657812  15.70647294 34.28269757  0.53820803
  0.82689899  0.56221722  0.45128706]
2022-10-15 14:20:11,632 mloop.controllers    INFO     cost -1.0255885363357216 +/- 0.0
2022-10-15 14:20:11,633 mloop.controllers    INFO     Run:40 (machine learner)
2022-10-15 14:20:11,903 mloop.controllers    INFO     params [2.62443969e+01 5.08329352e-01 1.00000000e-02 3.31121163e+01
 4.20838229e+01 1.00000000e+00 1.00000000e+00 8.51727907e-01
 1.00000000e+00]
2022-10-15 14:20:17,876 mloop.controllers    INFO     cost -6.301886792452827 +/- 0.0
2022-10-15 14:20:17,876 mloop.controllers    INFO     Run:41 (machine learner)
2022-10-15 14:20:18,282 mloop.controllers    INFO     params [2.31968931e+01 5.02445245e-01 1.00000000e-02 3.24435715e+01
 3.86138924e+01 1.00000000e+00 1.00000000e+00 1.00000000e+00
 1.00000000e+00]
2022-10-15 14:20:24,261 mloop.controllers    INFO     cost -7.7674418604651185 +/- 0.0
2022-10-15 14:20:24,261 mloop.controllers    INFO     Run:42 (machine learner)
2022-10-15 14:20:27,658 mloop.controllers    INFO     params [2.71594042e+01 4.71898192e-01 1.00000000e-02 3.24849456e+01
 3.98515870e+01 9.61929402e-01 1.00000000e+00 8.09963777e-01
 1.00000000e+00]
2022-10-15 14:20:33,361 mloop.controllers    INFO     cost -5.999999999999997 +/- 0.0
2022-10-15 14:20:33,383 mloop.controllers    INFO     Run:43 (trainer)
2022-10-15 14:20:33,384 mloop.controllers    INFO     params [11.29005578  0.8580627   0.62712759 12.81722023 32.32837619  0.26233323
  0.66989591  0.04730179  0.34189696]
2022-10-15 14:20:39,331 mloop.controllers    INFO     cost -1.0255885363357216 +/- 0.0
2022-10-15 14:20:39,331 mloop.controllers    INFO     Run:44 (machine learner)
2022-10-15 14:20:43,923 mloop.controllers    INFO     params [2.60257117e+01 5.36073464e-01 1.00000000e-02 3.07149288e+01
 3.99263154e+01 9.65634017e-01 1.00000000e+00 1.00000000e+00
 1.00000000e+00]
2022-10-15 14:20:50,202 mloop.controllers    INFO     cost -7.422222222222222 +/- 0.0
2022-10-15 14:20:50,202 mloop.controllers    INFO     Run:45 (machine learner)
2022-10-15 14:20:50,673 mloop.controllers    INFO     params [2.44468754e+01 5.61958083e-01 3.49852939e-02 2.99211848e+01
 3.92409436e+01 1.00000000e+00 1.00000000e+00 1.00000000e+00
 1.00000000e+00]
2022-10-15 14:20:56,954 mloop.controllers    INFO     cost -5.791907514450867 +/- 0.0
2022-10-15 14:20:56,955 mloop.controllers    INFO     Run:46 (machine learner)
2022-10-15 14:20:59,067 mloop.controllers    INFO     params [2.65013828e+01 5.31597765e-01 1.00000000e-02 3.11747611e+01
 4.07378063e+01 9.94530237e-01 1.00000000e+00 1.00000000e+00
 1.00000000e+00]
2022-10-15 14:21:04,960 mloop.controllers    INFO     cost -6.223602484472049 +/- 0.0
2022-10-15 14:21:04,969 mloop.controllers    INFO     Run:47 (trainer)
2022-10-15 14:21:04,970 mloop.controllers    INFO     params [41.21083458  0.54677298  0.2385394  33.22446958 16.9590862   0.14657319
  0.15504373  0.35228079  0.80566681]
2022-10-15 14:21:11,134 mloop.controllers    INFO     cost -1.017258883248731 +/- 0.0
2022-10-15 14:21:11,135 mloop.controllers    INFO     Run:48 (machine learner)
2022-10-15 14:21:11,147 mloop.controllers    INFO     params [2.59565430e+01 5.22942947e-01 1.00000000e-02 3.02503599e+01
 3.89658906e+01 1.00000000e+00 1.00000000e+00 9.57259921e-01
 1.00000000e+00]
2022-10-15 14:21:17,008 mloop.controllers    INFO     cost -6.724832214765098 +/- 0.0
2022-10-15 14:21:17,008 mloop.controllers    INFO     Run:49 (machine learner)
2022-10-15 14:21:17,009 mloop.controllers    INFO     params [2.42097227e+01 5.09939254e-01 1.00000000e-02 3.09610011e+01
 3.74840579e+01 1.00000000e+00 1.00000000e+00 1.00000000e+00
 1.00000000e+00]
2022-10-15 14:21:22,916 mloop.controllers    INFO     cost -6.072727272727272 +/- 0.0
2022-10-15 14:21:22,916 mloop.controllers    INFO     Run:50 (machine learner)
2022-10-15 14:21:22,916 mloop.controllers    INFO     params [2.55119188e+01 5.12731998e-01 1.00000000e-02 2.96171316e+01
 3.92126892e+01 1.00000000e+00 1.00000000e+00 9.46995074e-01
 1.00000000e+00]
2022-10-15 14:21:28,346 mloop.controllers    INFO     cost -7.7674418604651185 +/- 0.0
2022-10-15 14:21:28,362 mloop.controllers    INFO     Run:51 (trainer)
2022-10-15 14:21:28,363 mloop.controllers    INFO     params [22.88116543  0.28358615  0.71787295 30.05231045 43.57810196  0.38878851
  0.76660453  0.04671472  0.51674838]
2022-10-15 14:21:34,537 mloop.controllers    INFO     cost -1.053627760252366 +/- 0.0
2022-10-15 14:21:34,538 mloop.controllers    INFO     Run:52 (machine learner)
2022-10-15 14:21:34,538 mloop.controllers    INFO     params [2.70646801e+01 5.02687703e-01 1.00000000e-02 2.85111599e+01
 4.20218673e+01 1.00000000e+00 1.00000000e+00 9.92661382e-01
 1.00000000e+00]
2022-10-15 14:21:40,510 mloop.controllers    INFO     cost -8.42016806722689 +/- 0.0
2022-10-15 14:21:40,511 mloop.controllers    INFO     Run:53 (machine learner)
2022-10-15 14:21:40,511 mloop.controllers    INFO     params [2.61985555e+01 5.98110949e-01 1.00000000e-02 3.04344759e+01
 3.94314688e+01 1.00000000e+00 1.00000000e+00 1.00000000e+00
 1.00000000e+00]
2022-10-15 14:21:46,666 mloop.controllers    INFO     cost -8.146341463414632 +/- 0.0
2022-10-15 14:21:46,666 mloop.controllers    INFO     Run:54 (machine learner)
2022-10-15 14:21:46,667 mloop.controllers    INFO     params [2.75881643e+01 5.52682047e-01 1.00000000e-02 2.69218124e+01
 4.18393672e+01 1.00000000e+00 1.00000000e+00 9.29934146e-01
 1.00000000e+00]
2022-10-15 14:21:52,664 mloop.controllers    INFO     cost -6.464516129032259 +/- 0.0
2022-10-15 14:21:52,676 mloop.controllers    INFO     Run:55 (trainer)
2022-10-15 14:21:52,677 mloop.controllers    INFO     params [44.87591808  0.60276537  0.60858833 44.15118597 41.71926516  0.64325186
  0.13112883  0.14842412  0.78716444]
2022-10-15 14:21:58,997 mloop.controllers    INFO     cost -1.0762620837808807 +/- 0.0
2022-10-15 14:21:58,998 mloop.controllers    INFO     Run:56 (machine learner)
2022-10-15 14:22:01,010 mloop.controllers    INFO     params [2.51638278e+01 4.87470286e-01 1.00000000e-02 3.10940049e+01
 4.20932077e+01 1.00000000e+00 1.00000000e+00 1.00000000e+00
 8.63945156e-01]
2022-10-15 14:22:07,053 mloop.controllers    INFO     cost -5.725714285714283 +/- 0.0
2022-10-15 14:22:07,054 mloop.controllers    INFO     Run:57 (machine learner)
2022-10-15 14:22:07,054 mloop.controllers    INFO     params [2.87329424e+01 6.13537672e-01 1.00000000e-02 3.16018433e+01
 3.80760875e+01 1.00000000e+00 9.93239596e-01 1.00000000e+00
 9.69777416e-01]
2022-10-15 14:22:13,055 mloop.controllers    INFO     cost -6.799999999999999 +/- 0.0
2022-10-15 14:22:13,055 mloop.controllers    INFO     Run:58 (machine learner)
2022-10-15 14:22:13,056 mloop.controllers    INFO     params [2.72979277e+01 4.44541575e-01 1.00000000e-02 2.93125823e+01
 4.24360046e+01 1.00000000e+00 1.00000000e+00 1.00000000e+00
 1.00000000e+00]
2022-10-15 14:22:18,674 mloop.controllers    INFO     cost -7.846153846153847 +/- 0.0
2022-10-15 14:22:18,691 mloop.controllers    INFO     Run:59 (trainer)
2022-10-15 14:22:18,692 mloop.controllers    INFO     params [17.65589977  0.4767827   0.8258932  17.91800182 15.97226572  0.30313001
  0.56333945  0.74631501  0.84415835]
2022-10-15 14:22:24,440 mloop.controllers    INFO     cost -1.0736842105263158 +/- 0.0
2022-10-15 14:22:24,441 mloop.controllers    INFO     Run:60 (machine learner)
2022-10-15 14:22:28,109 mloop.controllers    INFO     params [2.36277064e+01 5.57181424e-01 1.00000000e-02 3.09927433e+01
 4.01425059e+01 8.63618981e-01 1.00000000e+00 1.00000000e+00
 1.00000000e+00]
2022-10-15 14:22:34,460 mloop.controllers    INFO     cost -6.799999999999999 +/- 0.0
2022-10-15 14:22:34,460 mloop.controllers    INFO     Run:61 (machine learner)
2022-10-15 14:22:34,461 mloop.controllers    INFO     params [2.64974569e+01 4.75904339e-01 1.00000000e-02 2.82208025e+01
 4.28031817e+01 9.71837900e-01 1.00000000e+00 1.00000000e+00
 1.00000000e+00]
2022-10-15 14:22:40,505 mloop.controllers    INFO     cost -5.999999999999997 +/- 0.0
2022-10-15 14:22:40,506 mloop.controllers    INFO     Run:62 (machine learner)
2022-10-15 14:22:40,506 mloop.controllers    INFO     params [2.30559195e+01 5.29640821e-01 1.00000000e-02 3.28817254e+01
 3.86352850e+01 9.00443489e-01 1.00000000e+00 9.92720510e-01
 1.00000000e+00]
2022-10-15 14:22:46,308 mloop.controllers    INFO     cost -5.368421052631579 +/- 0.0
2022-10-15 14:22:46,320 mloop.controllers    INFO     Run:63 (trainer)
2022-10-15 14:22:46,322 mloop.controllers    INFO     params [1.56475961e+01 1.42432558e-02 5.51233482e-01 2.88039979e+01
 4.09749152e+01 6.99616957e-01 6.72674695e-01 1.05407805e-01
 1.74544960e-01]
2022-10-15 14:22:52,436 mloop.controllers    INFO     cost -1.00990099009901 +/- 0.0
2022-10-15 14:22:52,437 mloop.controllers    INFO     Run:64 (machine learner)
2022-10-15 14:22:57,250 mloop.controllers    INFO     params [2.68795993e+01 5.32479510e-01 1.77899536e-02 2.94334999e+01
 4.09000003e+01 1.00000000e+00 1.00000000e+00 1.00000000e+00
 1.00000000e+00]
2022-10-15 14:23:03,411 mloop.controllers    INFO     cost -6.799999999999999 +/- 0.0
2022-10-15 14:23:03,412 mloop.controllers    INFO     Run:65 (machine learner)
2022-10-15 14:23:03,412 mloop.controllers    INFO     params [2.69416503e+01 6.56276772e-01 1.00000000e-02 3.00287821e+01
 3.70505033e+01 1.00000000e+00 1.00000000e+00 1.00000000e+00
 1.00000000e+00]
2022-10-15 14:23:09,629 mloop.controllers    INFO     cost -9.272727272727277 +/- 0.0
2022-10-15 14:23:09,629 mloop.controllers    INFO     Run:66 (machine learner)
2022-10-15 14:23:11,090 mloop.controllers    INFO     params [2.44468376e+01 6.11703618e-01 1.00000000e-02 3.10566628e+01
 3.78668373e+01 1.00000000e+00 1.00000000e+00 1.00000000e+00
 1.00000000e+00]
2022-10-15 14:23:17,163 mloop.controllers    INFO     cost -5.368421052631579 +/- 0.0
2022-10-15 14:23:17,166 mloop.controllers    INFO     Run:67 (trainer)
2022-10-15 14:23:17,167 mloop.controllers    INFO     params [14.44612191  0.39457797  0.10102186 43.94444922 43.21471956  0.10474833
  0.99516608  0.75375017  0.23124646]
2022-10-15 14:23:23,410 mloop.controllers    INFO     cost -2.7567567567567566 +/- 0.0
2022-10-15 14:23:23,411 mloop.controllers    INFO     Run:68 (machine learner)
2022-10-15 14:23:23,799 mloop.controllers    INFO     params [3.11623846e+01 7.89005211e-01 1.00000000e-02 2.77964312e+01
 3.28976153e+01 1.00000000e+00 1.00000000e+00 1.00000000e+00
 1.00000000e+00]
2022-10-15 14:23:30,216 mloop.controllers    INFO     cost -4.8571428571428585 +/- 0.0
2022-10-15 14:23:30,216 mloop.controllers    INFO     Run:69 (machine learner)
2022-10-15 14:23:30,217 mloop.controllers    INFO     params [2.96967406e+01 6.65076194e-01 1.00000000e-02 2.91640042e+01
 3.68260919e+01 1.00000000e+00 1.00000000e+00 1.00000000e+00
 1.00000000e+00]
2022-10-15 14:23:36,283 mloop.controllers    INFO     cost -14.571428571428552 +/- 0.0
2022-10-15 14:23:36,284 mloop.controllers    INFO     Run:70 (machine learner)
2022-10-15 14:23:36,284 mloop.controllers    INFO     params [2.80728033e+01 7.24391163e-01 1.00000000e-02 2.85850348e+01
 3.65580359e+01 1.00000000e+00 1.00000000e+00 1.00000000e+00
 1.00000000e+00]
2022-10-15 14:23:42,111 mloop.controllers    INFO     cost -11.33333333333333 +/- 0.0
2022-10-15 14:23:42,117 mloop.controllers    INFO     Run:71 (trainer)
2022-10-15 14:23:42,118 mloop.controllers    INFO     params [16.57594047  0.94980884  0.05196806 32.46235173 43.51239015  0.20458417
  0.57648456  0.75828622  0.15499691]
2022-10-15 14:23:48,114 mloop.controllers    INFO     cost -2.2666666666666666 +/- 0.0
2022-10-15 14:23:48,114 mloop.controllers    INFO     Run:72 (machine learner)
2022-10-15 14:23:52,266 mloop.controllers    INFO     params [2.99946887e+01 6.61342769e-01 1.00000000e-02 2.84552655e+01
 3.60219456e+01 1.00000000e+00 1.00000000e+00 1.00000000e+00
 1.00000000e+00]
2022-10-15 14:23:58,250 mloop.controllers    INFO     cost -6.799999999999999 +/- 0.0
2022-10-15 14:23:58,250 mloop.controllers    INFO     Run:73 (machine learner)
2022-10-15 14:24:01,662 mloop.controllers    INFO     params [3.23334571e+01 6.79775614e-01 1.00000000e-02 2.95359838e+01
 3.78476149e+01 1.00000000e+00 9.76432107e-01 1.00000000e+00
 1.00000000e+00]
2022-10-15 14:24:07,931 mloop.controllers    INFO     cost -11.33333333333333 +/- 0.0
2022-10-15 14:24:07,932 mloop.controllers    INFO     Run:74 (machine learner)
2022-10-15 14:24:12,283 mloop.controllers    INFO     params [3.04531952e+01 6.66061649e-01 1.00000000e-02 2.79858923e+01
 3.61301357e+01 1.00000000e+00 1.00000000e+00 1.00000000e+00
 1.00000000e+00]
2022-10-15 14:24:18,172 mloop.controllers    INFO     cost -4.8571428571428585 +/- 0.0
2022-10-15 14:24:18,195 mloop.controllers    INFO     Run:75 (trainer)
2022-10-15 14:24:18,196 mloop.controllers    INFO     params [44.44405253  0.63327005  0.99166988 38.51179364 27.86659736  0.70782366
  0.52223381  0.24751579  0.74200632]
2022-10-15 14:24:24,505 mloop.controllers    INFO     cost -1.096774193548387 +/- 0.0
2022-10-15 14:24:24,505 mloop.controllers    INFO     Run:76 (machine learner)
2022-10-15 14:24:28,310 mloop.controllers    INFO     params [2.96926069e+01 7.00301564e-01 1.00000000e-02 2.99566694e+01
 3.65215897e+01 1.00000000e+00 1.00000000e+00 9.92453612e-01
 1.00000000e+00]
2022-10-15 14:24:34,623 mloop.controllers    INFO     cost -4.08 +/- 0.0
2022-10-15 14:24:34,624 mloop.controllers    INFO     Run:77 (machine learner)
2022-10-15 14:24:38,948 mloop.controllers    INFO     params [2.95604960e+01 6.73765176e-01 1.00000000e-02 2.92575995e+01
 3.76130459e+01 1.00000000e+00 1.00000000e+00 1.00000000e+00
 1.00000000e+00]
2022-10-15 14:24:45,122 mloop.controllers    INFO     cost -6.799999999999999 +/- 0.0
2022-10-15 14:24:45,123 mloop.controllers    INFO     Run:78 (machine learner)
2022-10-15 14:24:53,939 mloop.controllers    INFO     params [2.96659230e+01 6.71441605e-01 1.00000000e-02 2.91704085e+01
 3.70262387e+01 1.00000000e+00 1.00000000e+00 1.00000000e+00
 1.00000000e+00]
2022-10-15 14:24:59,804 mloop.controllers    INFO     cost -9.272727272727277 +/- 0.0
2022-10-15 14:24:59,815 mloop.controllers    INFO     Run:79 (trainer)
2022-10-15 14:24:59,816 mloop.controllers    INFO     params [25.1989308   0.21493421  0.32179381 29.30749573 37.80633327  0.19162134
  0.9559422   0.69214835  0.47598192]
2022-10-15 14:25:05,947 mloop.controllers    INFO     cost -1.619047619047619 +/- 0.0
2022-10-15 14:25:05,948 mloop.controllers    INFO     Run:80 (machine learner)
2022-10-15 14:25:11,232 mloop.controllers    INFO     params [2.93789976e+01 6.55707873e-01 1.00000000e-02 2.97089789e+01
 3.60559404e+01 1.00000000e+00 1.00000000e+00 1.00000000e+00
 1.00000000e+00]
2022-10-15 14:25:17,515 mloop.controllers    INFO     cost -5.999999999999997 +/- 0.0
2022-10-15 14:25:17,516 mloop.controllers    INFO     Run:81 (machine learner)
2022-10-15 14:25:19,948 mloop.controllers    INFO     params [2.87361378e+01 6.83570627e-01 1.00000000e-02 2.84628455e+01
 3.69120634e+01 1.00000000e+00 1.00000000e+00 1.00000000e+00
 1.00000000e+00]
2022-10-15 14:25:26,267 mloop.controllers    INFO     cost -4.8571428571428585 +/- 0.0
2022-10-15 14:25:26,267 mloop.controllers    INFO     Run:82 (machine learner)
2022-10-15 14:25:29,532 mloop.controllers    INFO     params [3.04516945e+01 6.97505549e-01 1.00000000e-02 2.81974405e+01
 3.67793772e+01 1.00000000e+00 1.00000000e+00 1.00000000e+00
 1.00000000e+00]
2022-10-15 14:25:35,368 mloop.controllers    INFO     cost -5.368421052631579 +/- 0.0
2022-10-15 14:25:35,375 mloop.controllers    INFO     Run:83 (trainer)
2022-10-15 14:25:35,375 mloop.controllers    INFO     params [10.16801562  0.69160705  0.91276465 49.81459703 35.05701521  0.35938694
  0.99173061  0.78055986  0.56886561]
2022-10-15 14:25:41,663 mloop.controllers    INFO     cost -3.0909090909090913 +/- 0.0
2022-10-15 14:25:41,664 mloop.controllers    INFO     Run:84 (machine learner)
2022-10-15 14:25:44,293 mloop.controllers    INFO     params [2.67441243e+01 6.38165144e-01 1.00000000e-02 2.90411532e+01
 3.89255619e+01 1.00000000e+00 1.00000000e+00 1.00000000e+00
 1.00000000e+00]
2022-10-15 14:25:50,575 mloop.controllers    INFO     cost -4.8571428571428585 +/- 0.0
2022-10-15 14:25:50,576 mloop.controllers    INFO     Run:85 (machine learner)
2022-10-15 14:25:53,402 mloop.controllers    INFO     params [3.44931049e+01 5.78228292e-01 1.00000000e-02 2.98377284e+01
 3.89586523e+01 9.95363736e-01 1.00000000e+00 1.00000000e+00
 9.65621510e-01]
2022-10-15 14:25:59,647 mloop.controllers    INFO     cost -4.08 +/- 0.0
2022-10-15 14:25:59,648 mloop.controllers    INFO     Run:86 (machine learner)
2022-10-15 14:26:02,021 mloop.controllers    INFO     params [5.00000000e+01 8.77759663e-01 1.00000000e-02 2.98642334e+01
 5.00000000e+01 6.44764096e-01 1.00000000e+00 1.00000000e+00
 1.00000000e+00]
2022-10-15 14:26:07,859 mloop.controllers    INFO     cost -4.08 +/- 0.0
2022-10-15 14:26:07,873 mloop.controllers    INFO     Run:87 (trainer)
2022-10-15 14:26:07,874 mloop.controllers    INFO     params [14.87324313  0.2459961   0.2364415  28.39361758 19.06458922  0.81334221
  0.39368254  0.95619001  0.13408268]
2022-10-15 14:26:13,984 mloop.controllers    INFO     cost -1.3246753246753247 +/- 0.0
2022-10-15 14:26:13,985 mloop.controllers    INFO     Run:88 (machine learner)
2022-10-15 14:26:21,844 mloop.controllers    INFO     params [3.27714013e+01 7.41486403e-01 1.00000000e-02 2.96755660e+01
 3.77998943e+01 1.00000000e+00 9.93886345e-01 1.00000000e+00
 1.00000000e+00]
2022-10-15 14:26:28,102 mloop.controllers    INFO     cost -5.999999999999997 +/- 0.0
2022-10-15 14:26:28,103 mloop.controllers    INFO     Run:89 (machine learner)
2022-10-15 14:26:30,928 mloop.controllers    INFO     params [3.09126182e+01 7.36073756e-01 1.00000000e-02 2.93774998e+01
 3.78691848e+01 9.81715926e-01 1.00000000e+00 1.00000000e+00
 1.00000000e+00]
2022-10-15 14:26:37,355 mloop.controllers    INFO     cost -7.846153846153847 +/- 0.0
2022-10-15 14:26:37,355 mloop.controllers    INFO     Run:90 (machine learner)
2022-10-15 14:26:42,536 mloop.controllers    INFO     params [3.16272690e+01 6.38184138e-01 1.00000000e-02 2.96162197e+01
 3.70524900e+01 1.00000000e+00 1.00000000e+00 1.00000000e+00
 1.00000000e+00]
2022-10-15 14:26:48,579 mloop.controllers    INFO     cost -9.272727272727277 +/- 0.0
2022-10-15 14:26:48,586 mloop.controllers    INFO     Run:91 (trainer)
2022-10-15 14:26:48,587 mloop.controllers    INFO     params [22.20479268  0.67152697  0.82135602 33.19981394 39.08807672  0.3521113
  0.65095166  0.91010811  0.24606697]
2022-10-15 14:26:54,731 mloop.controllers    INFO     cost -1.397260273972603 +/- 0.0
2022-10-15 14:26:54,731 mloop.controllers    INFO     Run:92 (machine learner)
2022-10-15 14:26:59,570 mloop.controllers    INFO     params [2.98928340e+01 6.48818751e-01 1.00000000e-02 2.92352963e+01
 3.58817568e+01 1.00000000e+00 9.66028652e-01 1.00000000e+00
 1.00000000e+00]
2022-10-15 14:27:05,683 mloop.controllers    INFO     cost -3.777777777777777 +/- 0.0
2022-10-15 14:27:05,684 mloop.controllers    INFO     Run:93 (machine learner)
2022-10-15 14:27:07,336 mloop.controllers    INFO     params [2.96389513e+01 6.82231334e-01 1.00000000e-02 2.91748936e+01
 3.68143672e+01 9.70092257e-01 9.76726015e-01 1.00000000e+00
 1.00000000e+00]
2022-10-15 14:27:13,396 mloop.controllers    INFO     cost -6.799999999999999 +/- 0.0
2022-10-15 14:27:13,397 mloop.controllers    INFO     Run:94 (machine learner)
2022-10-15 14:27:16,006 mloop.controllers    INFO     params [3.06086594e+01 6.48888943e-01 1.00000000e-02 2.93510219e+01
 3.64132468e+01 1.00000000e+00 1.00000000e+00 1.00000000e+00
 1.00000000e+00]
2022-10-15 14:27:22,010 mloop.controllers    INFO     cost -6.799999999999999 +/- 0.0
2022-10-15 14:27:22,016 mloop.controllers    INFO     Run:95 (trainer)
2022-10-15 14:27:22,017 mloop.controllers    INFO     params [32.6598238   0.76565255  0.31024883 30.89823527 18.56610117  0.80843725
  0.44950286  0.7613754   0.91954964]
2022-10-15 14:27:28,198 mloop.controllers    INFO     cost -1.5692307692307694 +/- 0.0
2022-10-15 14:27:28,199 mloop.controllers    INFO     Run:96 (machine learner)
2022-10-15 14:27:30,579 mloop.controllers    INFO     params [2.58005532e+01 1.00000000e+00 1.00000000e-02 2.42405265e+01
 3.89345027e+01 1.00000000e+00 6.62082472e-01 1.00000000e+00
 1.00000000e+00]
2022-10-15 14:27:36,555 mloop.controllers    INFO     cost -11.33333333333333 +/- 0.0
2022-10-15 14:27:36,555 mloop.controllers    INFO     Run:97 (machine learner)
2022-10-15 14:27:38,394 mloop.controllers    INFO     params [2.70321505e+01 7.46747279e-01 1.00000000e-02 2.83373920e+01
 3.65012403e+01 1.00000000e+00 1.00000000e+00 1.00000000e+00
 1.00000000e+00]
2022-10-15 14:27:44,378 mloop.controllers    INFO     cost -9.272727272727277 +/- 0.0
2022-10-15 14:27:44,378 mloop.controllers    INFO     Run:98 (machine learner)
2022-10-15 14:27:48,240 mloop.controllers    INFO     params [3.23904040e+01 6.68624169e-01 1.00000000e-02 2.93137454e+01
 3.82681899e+01 1.00000000e+00 9.99823147e-01 1.00000000e+00
 1.00000000e+00]
2022-10-15 14:27:53,692 mloop.controllers    INFO     cost -6.799999999999999 +/- 0.0
2022-10-15 14:27:53,693 mloop.controllers    INFO     Run:99 (trainer)
2022-10-15 14:27:53,694 mloop.controllers    INFO     params [11.48016507  0.80511851  0.72392901 40.78347191 21.19853255  0.19546889
  0.35568239  0.08532482  0.42690947]
2022-10-15 14:27:59,630 mloop.controllers    INFO     cost -1.0303030303030303 +/- 0.0
2022-10-15 14:27:59,630 mloop.controllers    INFO     Run:100 (machine learner)
2022-10-15 14:28:00,579 mloop.controllers    INFO     params [2.76098101e+01 7.62613664e-01 1.00000000e-02 2.99770894e+01
 3.67962310e+01 1.00000000e+00 1.00000000e+00 8.51955476e-01
 1.00000000e+00]
2022-10-15 14:28:06,834 mloop.controllers    INFO     cost -14.571428571428552 +/- 0.0
2022-10-15 14:28:06,835 mloop.controllers    INFO     Controller finished. Closing down M-LOOP. Please wait a moment...
2022-10-15 14:28:06,835 mloop.controllers    DEBUG    ML learner end set.
2022-10-15 14:28:26,295 mloop.controllers    DEBUG    ML learner joined
2022-10-15 14:28:26,295 mloop.controllers    DEBUG    Learner end event set.
2022-10-15 14:28:26,295 mloop.controllers    DEBUG    Interface end event set.
2022-10-15 14:28:26,726 mloop.learners.1     DEBUG    Learner end signal received. Ending
2022-10-15 14:28:26,852 mloop.interfaces     DEBUG    Interface ended
2022-10-15 14:28:27,728 mloop.learners.1     DEBUG    Performing shut down of learner.
2022-10-15 14:28:27,729 mloop.learners.1     DEBUG    Ended Random Learner
2022-10-15 14:28:27,729 mloop.controllers    DEBUG    Learner joined.
2022-10-15 14:28:27,729 mloop.controllers    DEBUG    Interface joined.
2022-10-15 14:28:27,760 mloop.controllers    INFO     Optimization ended because:
2022-10-15 14:28:27,760 mloop.controllers    INFO     	* Maximum number of runs reached.
2022-10-15 14:28:27,760 mloop.controllers    INFO     Results:
2022-10-15 14:28:27,761 mloop.controllers    INFO     	* Best parameters found:[2.96967406e+01 6.65076194e-01 1.00000000e-02 2.91640042e+01
 3.68260919e+01 1.00000000e+00 1.00000000e+00 1.00000000e+00
 1.00000000e+00]
2022-10-15 14:28:27,761 mloop.controllers    INFO     	* Best cost returned:-14.571428571428552 +/- 0.0
2022-10-15 14:28:27,761 mloop.controllers    INFO     	* Best run number:69
2022-10-15 14:28:27,761 mloop.controllers    INFO     	* Predicted best parameters:[2.72795027e+01 8.29120512e-01 1.00000000e-02 2.95277999e+01
 3.60840790e+01 1.00000000e+00 1.00000000e+00 7.88331047e-01
 1.00000000e+00]
2022-10-15 14:28:27,761 mloop.controllers    INFO     	* Predicted best cost:-15.232343324833133
2022-10-15 14:28:27,761 mloop.controllers    INFO     M-LOOP Done.
2022-10-15 14:28:27,762 mloop.visualizations DEBUG    Creating controller visualizations.
2022-10-15 14:28:27,914 mloop.visualizations DEBUG    Creating learner visualizations.
2022-10-15 14:28:27,916 mloop.visualizations DEBUG    Creating neural net visualizer.
2022-10-15 14:28:27,919 mloop.learners.3     DEBUG    Learner init completed.
2022-10-15 14:28:27,920 mloop.neuralnet      INFO     Initialising neural network impl
2022-10-15 14:28:27,920 mloop.neuralnet      INFO     Initialising neural network impl
2022-10-15 14:28:27,920 mloop.neuralnet      INFO     Initialising neural network impl
2022-10-15 14:28:27,920 mloop.neuralnet      INFO     Constructing net
2022-10-15 14:28:28,453 mloop.neuralnet      DEBUG    Finished constructing net in: 0.5324709415435791
2022-10-15 14:28:28,453 mloop.neuralnet      INFO     Loading neural network
2022-10-15 14:28:28,499 mloop.neuralnet      INFO     Constructing net
2022-10-15 14:28:28,915 mloop.neuralnet      DEBUG    Finished constructing net in: 0.4159579277038574
2022-10-15 14:28:28,915 mloop.neuralnet      INFO     Loading neural network
2022-10-15 14:28:28,961 mloop.neuralnet      INFO     Constructing net
2022-10-15 14:28:29,401 mloop.neuralnet      DEBUG    Finished constructing net in: 0.4406399726867676
2022-10-15 14:28:29,401 mloop.neuralnet      INFO     Loading neural network
2022-10-15 14:28:39,848 mloop.visualizations INFO     Showing visualizations, close all to end M-LOOP.
