2022-10-15 13:27:01,697 mloop                INFO     M-LOOP version 3.3.1
2022-10-15 13:27:01,698 mloop                DEBUG    M-LOOP Logger configured.
2022-10-15 13:27:01,698 mloop.interfaces     DEBUG    Creating interface.
2022-10-15 13:27:01,709 mloop.controllers    DEBUG    Controller init completed.
2022-10-15 13:27:01,710 mloop.learners.1     DEBUG    Learner init completed.
2022-10-15 13:27:01,710 mloop.learners.1     DEBUG    Random learner init completed.
2022-10-15 13:27:01,711 mloop.learners.2     DEBUG    Learner init completed.
2022-10-15 13:27:01,711 mloop.controllers    INFO     Optimization started.
2022-10-15 13:27:01,711 mloop.learners.1     DEBUG    Starting Random Learner
2022-10-15 13:27:01,712 mloop.interfaces     DEBUG    Entering main loop of interface.
2022-10-15 13:27:01,712 mloop.controllers    DEBUG    ML learner started.
2022-10-15 13:27:01,716 mloop.controllers    DEBUG    Starting training optimization.
2022-10-15 13:27:01,717 mloop.controllers    INFO     Run:1 (training)
2022-10-15 13:27:01,718 mloop.controllers    INFO     params [28.    0.3   0.06 32.   32.    1.    1.    1.    1.  ]
2022-10-15 13:27:01,719 mloop.interfaces     DEBUG    Interface ended
2022-10-15 13:27:02,722 mloop.controllers    ERROR    The interface raised an error with traceback:
  File "/Users/jluke/Documents/Harvard/Rotations/NiGroup/MLOptimization/M-LOOP/mloop/interfaces.py", line 133, in run
    cost_dict = self.get_next_cost_dict(params_dict)

  File "SideBandML.py", line 63, in get_next_cost_dict
    passArg = ["julia", "runSideBandSeq.jl"] + params + [8, 20, 10, 12, 14, 40]

2022-10-15 13:27:02,722 mloop.controllers    WARNING  Controller ended due to exception of some kind. Starting shut down...
2022-10-15 13:27:02,722 mloop.controllers    DEBUG    ML learner end set.
2022-10-15 13:27:13,010 mloop.controllers    DEBUG    ML learner joined
2022-10-15 13:27:13,010 mloop.controllers    INFO     Machine learning learner did not provide best and/or all minima.
2022-10-15 13:27:13,010 mloop.controllers    DEBUG    Learner end event set.
2022-10-15 13:27:13,010 mloop.controllers    DEBUG    Interface end event set.
2022-10-15 13:27:13,726 mloop.learners.1     DEBUG    Learner end signal received. Ending
2022-10-15 13:27:14,728 mloop.learners.1     DEBUG    Performing shut down of learner.
2022-10-15 13:27:14,729 mloop.learners.1     DEBUG    Ended Random Learner
2022-10-15 13:27:14,729 mloop.controllers    DEBUG    Learner joined.
2022-10-15 13:27:14,730 mloop.controllers    DEBUG    Interface joined.
2022-10-15 13:27:14,735 mloop.controllers    WARNING  Safely shut down. Below are results found before exception.
2022-10-15 13:27:14,735 mloop.controllers    INFO     Optimization ended because:
2022-10-15 13:27:14,735 mloop.controllers    INFO     	* Error occurred.
2022-10-15 13:27:14,735 mloop.controllers    INFO     Results:
2022-10-15 13:27:14,735 mloop.controllers    INFO     	* Best parameters found:nan
2022-10-15 13:27:14,735 mloop.controllers    INFO     	* Best cost returned:inf +/- nan
2022-10-15 13:27:14,735 mloop.controllers    INFO     	* Best run number:nan
