2022-10-15 13:05:27,321 mloop                INFO     M-LOOP version 3.3.1
2022-10-15 13:05:27,321 mloop                DEBUG    M-LOOP Logger configured.
2022-10-15 13:05:27,321 mloop.interfaces     DEBUG    Creating interface.
2022-10-15 13:05:42,126 mloop.controllers    DEBUG    Controller init completed.
2022-10-15 13:05:42,127 mloop.learners.1     DEBUG    Learner init completed.
2022-10-15 13:05:42,127 mloop.learners.1     DEBUG    Random learner init completed.
2022-10-15 13:05:42,127 mloop.learners.2     DEBUG    Learner init completed.
2022-10-15 13:05:42,127 mloop.controllers    INFO     Optimization started.
2022-10-15 13:05:42,127 mloop.learners.1     DEBUG    Starting Random Learner
2022-10-15 13:05:42,128 mloop.interfaces     DEBUG    Entering main loop of interface.
2022-10-15 13:05:42,128 mloop.controllers    DEBUG    ML learner started.
2022-10-15 13:05:42,139 mloop.controllers    DEBUG    Starting training optimization.
2022-10-15 13:05:42,140 mloop.controllers    INFO     Run:1 (training)
2022-10-15 13:05:42,142 mloop.controllers    INFO     params [28.    0.3   0.06 32.   32.    1.    1.    1.    1.  ]
2022-10-15 13:05:42,152 mloop.controllers    INFO     cost -1.2 +/- 0.0
2022-10-15 13:05:42,152 mloop.controllers    INFO     Run:2 (training)
2022-10-15 13:05:42,154 mloop.controllers    INFO     params [4.89464310e+01 7.45108025e-01 9.73536338e-01 4.44731147e+01
 1.87872221e+01 1.63830800e-02 8.89978595e-01 9.01508112e-01
 7.92078432e-01]
2022-10-15 13:05:42,161 mloop.controllers    INFO     cost -1.2 +/- 0.0
2022-10-15 13:05:42,161 mloop.controllers    INFO     Run:3 (training)
2022-10-15 13:05:42,162 mloop.controllers    INFO     params [21.39974012  0.57605468  0.29626035 21.06868382 41.84821405  0.63102259
  0.39607149  0.66647562  0.35618217]
2022-10-15 13:05:42,181 mloop.controllers    INFO     cost -1.2 +/- 0.0
2022-10-15 13:05:42,184 mloop.controllers    INFO     Run:4 (training)
2022-10-15 13:05:42,204 mloop.controllers    INFO     params [43.71319429  0.05553176  0.18717153 20.60257764 15.11846816  0.84758559
  0.58839318  0.8569817   0.83187879]
2022-10-15 13:05:42,260 mloop.controllers    INFO     cost -1.2 +/- 0.0
2022-10-15 13:05:42,261 mloop.controllers    INFO     Run:5 (training)
2022-10-15 13:05:42,287 mloop.controllers    INFO     params [19.24733235  0.93953451  0.72808229 15.44178001 43.24322636  0.18029633
  0.46977348  0.07816243  0.8413245 ]
2022-10-15 13:05:42,370 mloop.controllers    INFO     cost -1.2 +/- 0.0
2022-10-15 13:05:42,371 mloop.controllers    INFO     Run:6 (training)
2022-10-15 13:05:42,382 mloop.controllers    INFO     params [2.77321397e+01 3.67252126e-01 5.13046120e-01 3.39621953e+01
 1.01292996e+01 3.37055744e-01 7.73504783e-01 1.97103063e-01
 2.26665321e-02]
2022-10-15 13:05:42,420 mloop.controllers    INFO     cost -1.2 +/- 0.0
2022-10-15 13:05:42,421 mloop.controllers    INFO     Run:7 (training)
2022-10-15 13:05:42,425 mloop.controllers    INFO     params [1.95151654e+01 8.94889193e-01 2.01833889e-01 4.26781761e+01
 4.29850174e+01 4.81312104e-01 1.00238249e-02 9.71246639e-01
 4.61449818e-01]
2022-10-15 13:05:42,479 mloop.controllers    INFO     cost -1.2 +/- 0.0
2022-10-15 13:05:42,480 mloop.controllers    INFO     Run:8 (training)
2022-10-15 13:05:42,496 mloop.controllers    INFO     params [39.24435348  0.47872446  0.28695737 27.06663026 20.95829508  0.14239217
  0.51519138  0.57547447  0.27209092]
2022-10-15 13:05:42,524 mloop.controllers    INFO     cost -1.2 +/- 0.0
2022-10-15 13:05:42,528 mloop.controllers    INFO     Run:9 (training)
2022-10-15 13:05:42,550 mloop.controllers    INFO     params [20.46502228  0.86640554  0.34346177 35.48741802 19.47417244  0.28272799
  0.82608801  0.14877363  0.04177392]
2022-10-15 13:05:42,573 mloop.controllers    INFO     cost -1.2 +/- 0.0
2022-10-15 13:05:42,573 mloop.controllers    INFO     Run:10 (training)
2022-10-15 13:05:42,575 mloop.controllers    INFO     params [15.11935723  0.75167034  0.85256242 49.29744008 20.47243083  0.80751278
  0.20827437  0.97100067  0.46265263]
2022-10-15 13:05:42,603 mloop.controllers    INFO     cost -1.2 +/- 0.0
2022-10-15 13:05:42,603 mloop.controllers    INFO     Run:11 (training)
2022-10-15 13:05:42,606 mloop.controllers    INFO     params [42.56829301  0.92192873  0.58422975 41.55992549 29.42520631  0.42558701
  0.46874117  0.4386762   0.06222422]
2022-10-15 13:05:42,606 mloop.controllers    DEBUG    Starting ML optimization.
2022-10-15 13:05:42,669 mloop.controllers    INFO     cost -1.2 +/- 0.0
2022-10-15 13:05:42,674 mloop.controllers    DEBUG    End training runs.
2022-10-15 13:05:42,674 mloop.controllers    INFO     Run:12 (machine learner)
2022-10-15 13:06:10,058 mloop.controllers    INFO     params [5.00000000e+01 1.00000000e-02 1.00000000e+00 3.85001689e+01
 4.68292656e+01 7.75828758e-01 1.00000000e+00 1.00000000e-02
 1.00000000e-02]
2022-10-15 13:06:10,067 mloop.controllers    INFO     cost -1.2 +/- 0.0
2022-10-15 13:06:10,068 mloop.controllers    INFO     Run:13 (machine learner)
2022-10-15 13:06:17,500 mloop.controllers    INFO     params [5.00000000e+01 1.00000000e+00 1.00000000e-02 4.41297636e+01
 1.00000000e+01 1.00000000e+00 1.00000000e-02 1.00000000e-02
 3.66174534e-01]
2022-10-15 13:06:17,508 mloop.controllers    INFO     cost -1.2 +/- 0.0
2022-10-15 13:06:17,509 mloop.controllers    INFO     Run:14 (machine learner)
2022-10-15 13:06:25,693 mloop.controllers    INFO     params [5.00000000e+01 3.43379170e-01 7.00520112e-01 5.00000000e+01
 1.43651467e+01 1.00000000e-02 2.01908639e-01 4.48027445e-01
 2.51114022e-02]
2022-10-15 13:06:25,703 mloop.controllers    INFO     cost -1.2 +/- 0.0
2022-10-15 13:06:25,704 mloop.controllers    INFO     Run:15 (trainer)
2022-10-15 13:06:25,706 mloop.controllers    INFO     params [25.14360815  0.46167946  0.73737447 30.0577176  24.55624564  0.82400482
  0.5653673   0.79109333  0.1224385 ]
2022-10-15 13:06:25,714 mloop.controllers    INFO     cost -1.2 +/- 0.0
2022-10-15 13:06:25,714 mloop.controllers    INFO     Run:16 (machine learner)
2022-10-15 13:06:31,879 mloop.controllers    INFO     params [1.00000000e+01 1.21849020e-01 1.00000000e-02 1.30613242e+01
 1.00000000e+01 9.33213552e-01 1.00000000e+00 7.70217880e-01
 1.00000000e-02]
2022-10-15 13:06:31,887 mloop.controllers    INFO     cost -1.2 +/- 0.0
2022-10-15 13:06:31,887 mloop.controllers    INFO     Run:17 (machine learner)
2022-10-15 13:06:38,030 mloop.controllers    INFO     params [1.00000000e+01 1.00000000e-02 2.98614099e-01 5.00000000e+01
 5.00000000e+01 1.68622531e-01 1.00000000e-02 1.00000000e-02
 8.77506582e-01]
2022-10-15 13:06:38,039 mloop.controllers    INFO     cost -1.2 +/- 0.0
2022-10-15 13:06:38,039 mloop.controllers    INFO     Run:18 (machine learner)
2022-10-15 13:06:43,714 mloop.controllers    INFO     params [1.00000000e+01 2.47027038e-01 1.00000000e-02 2.09603450e+01
 4.66209176e+01 8.84956364e-01 3.04330157e-01 8.48367003e-01
 8.36423025e-01]
2022-10-15 13:06:43,722 mloop.controllers    INFO     cost -1.2 +/- 0.0
2022-10-15 13:06:43,725 mloop.controllers    INFO     Run:19 (trainer)
2022-10-15 13:06:43,727 mloop.controllers    INFO     params [4.80647734e+01 5.96900412e-01 7.94805580e-01 4.70981383e+01
 3.61545114e+01 4.99572613e-01 8.52857593e-01 1.26027696e-02
 5.77804217e-01]
2022-10-15 13:06:43,734 mloop.controllers    INFO     cost -1.2 +/- 0.0
2022-10-15 13:06:43,735 mloop.controllers    INFO     Run:20 (machine learner)
2022-10-15 13:06:50,130 mloop.controllers    INFO     params [5.00000000e+01 1.00000000e-02 1.00000000e-02 5.00000000e+01
 1.00000000e+01 1.00000000e+00 1.00000000e-02 1.00000000e+00
 7.59406105e-01]
2022-10-15 13:06:50,139 mloop.controllers    INFO     cost -1.2 +/- 0.0
2022-10-15 13:06:50,139 mloop.controllers    INFO     Run:21 (machine learner)
2022-10-15 13:06:58,423 mloop.controllers    INFO     params [10.          0.15914534  1.         50.         50.          1.
  1.          1.          0.99160052]
2022-10-15 13:06:58,431 mloop.controllers    INFO     cost -1.2 +/- 0.0
2022-10-15 13:06:58,431 mloop.controllers    INFO     Run:22 (machine learner)
2022-10-15 13:07:07,868 mloop.controllers    INFO     params [1.12420071e+01 9.45892038e-01 1.54840193e-01 3.34414137e+01
 5.00000000e+01 1.00000000e+00 1.00000000e+00 1.00000000e-02
 1.00000000e-02]
2022-10-15 13:07:07,875 mloop.controllers    INFO     cost -1.2 +/- 0.0
2022-10-15 13:07:07,879 mloop.controllers    INFO     Run:23 (trainer)
2022-10-15 13:07:07,880 mloop.controllers    INFO     params [19.69398764  0.3104101   0.5959758  42.58538435 40.39264357  0.98059018
  0.54599358  0.3929588   0.15240647]
2022-10-15 13:07:07,888 mloop.controllers    INFO     cost -1.2 +/- 0.0
2022-10-15 13:07:07,889 mloop.controllers    INFO     Run:24 (machine learner)
2022-10-15 13:07:15,189 mloop.controllers    INFO     params [2.21577847e+01 7.58125407e-01 1.00000000e+00 2.52291710e+01
 1.00000000e+01 1.00000000e+00 6.28360369e-01 1.00000000e-02
 1.00000000e+00]
2022-10-15 13:07:15,196 mloop.controllers    INFO     cost -1.2 +/- 0.0
2022-10-15 13:07:15,197 mloop.controllers    INFO     Run:25 (machine learner)
2022-10-15 13:07:22,387 mloop.controllers    INFO     params [4.11283558e+01 1.00000000e-02 1.18854882e-01 2.19807883e+01
 5.00000000e+01 1.00000000e-02 1.00000000e+00 9.27606014e-01
 9.29532438e-01]
2022-10-15 13:07:22,395 mloop.controllers    INFO     cost -1.2 +/- 0.0
2022-10-15 13:07:22,395 mloop.controllers    INFO     Run:26 (machine learner)
2022-10-15 13:07:29,303 mloop.controllers    INFO     params [1.47161930e+01 9.34691065e-01 1.00000000e-02 5.00000000e+01
 2.11120869e+01 1.00000000e-02 1.00000000e-02 1.78351054e-01
 7.62802252e-01]
2022-10-15 13:07:29,311 mloop.controllers    INFO     cost -1.2 +/- 0.0
2022-10-15 13:07:29,314 mloop.controllers    INFO     Run:27 (trainer)
2022-10-15 13:07:29,315 mloop.controllers    INFO     params [29.16837255  0.79891049  0.20893418 34.28733983 15.65453058  0.04067483
  0.11960047  0.20866536  0.20562845]
2022-10-15 13:07:29,323 mloop.controllers    INFO     cost -1.2 +/- 0.0
2022-10-15 13:07:29,324 mloop.controllers    INFO     Run:28 (machine learner)
2022-10-15 13:07:36,200 mloop.controllers    INFO     params [4.32695136e+01 1.76395896e-01 1.00000000e-02 1.00000000e+01
 5.00000000e+01 1.00000000e-02 1.01443996e-01 1.00000000e-02
 1.00000000e-02]
2022-10-15 13:07:36,213 mloop.controllers    INFO     cost -1.2 +/- 0.0
2022-10-15 13:07:36,213 mloop.controllers    INFO     Run:29 (machine learner)
2022-10-15 13:07:42,194 mloop.controllers    INFO     params [5.00000000e+01 3.76455971e-01 1.00000000e+00 1.66215676e+01
 4.74448289e+01 1.00000000e-02 1.00000000e-02 1.00000000e-02
 4.25420105e-01]
2022-10-15 13:07:42,203 mloop.controllers    INFO     cost -1.2 +/- 0.0
2022-10-15 13:07:42,203 mloop.controllers    INFO     Run:30 (machine learner)
2022-10-15 13:07:48,794 mloop.controllers    INFO     params [5.00000000e+01 6.21719151e-01 2.61857188e-01 3.62213649e+01
 1.92483802e+01 3.38569380e-02 7.76767941e-01 9.91949430e-01
 6.83106783e-01]
2022-10-15 13:07:48,802 mloop.controllers    INFO     cost -1.2 +/- 0.0
2022-10-15 13:07:48,805 mloop.controllers    INFO     Run:31 (trainer)
2022-10-15 13:07:48,806 mloop.controllers    INFO     params [31.39766443  0.47659851  0.42629541 17.40344526 44.95537146  0.83513777
  0.43332883  0.44751637  0.88214474]
2022-10-15 13:07:48,817 mloop.controllers    INFO     cost -1.2 +/- 0.0
2022-10-15 13:07:48,817 mloop.controllers    INFO     Run:32 (machine learner)
2022-10-15 13:07:54,855 mloop.controllers    INFO     params [1.77866707e+01 1.00000000e-02 2.94029411e-01 5.00000000e+01
 1.54669880e+01 7.93216273e-01 7.35154645e-01 9.71487176e-01
 1.00000000e+00]
2022-10-15 13:07:54,865 mloop.controllers    INFO     cost -1.2 +/- 0.0
2022-10-15 13:07:54,865 mloop.controllers    INFO     Run:33 (machine learner)
2022-10-15 13:08:00,489 mloop.controllers    INFO     params [1.37175938e+01 1.00000000e-02 1.00000000e-02 1.00000000e+01
 1.00000000e+01 1.00000000e-02 1.00000000e+00 2.92454213e-02
 4.55074211e-01]
2022-10-15 13:08:00,499 mloop.controllers    INFO     cost -1.2 +/- 0.0
2022-10-15 13:08:00,500 mloop.controllers    INFO     Run:34 (machine learner)
2022-10-15 13:08:06,909 mloop.controllers    INFO     params [10.          0.73333124  0.15158998 35.25162976 10.          0.85285993
  0.81226025  0.74855943  0.19709115]
2022-10-15 13:08:06,917 mloop.controllers    INFO     cost -1.2 +/- 0.0
2022-10-15 13:08:06,921 mloop.controllers    INFO     Run:35 (trainer)
2022-10-15 13:08:06,922 mloop.controllers    INFO     params [2.47688569e+01 3.90225579e-01 2.63753341e-02 2.70462460e+01
 1.49199948e+01 3.31084149e-01 8.65270173e-01 2.60073951e-01
 1.26997811e-01]
2022-10-15 13:08:06,929 mloop.controllers    INFO     cost -1.2 +/- 0.0
2022-10-15 13:08:06,929 mloop.controllers    INFO     Run:36 (machine learner)
2022-10-15 13:08:16,717 mloop.controllers    INFO     params [5.00000000e+01 1.00000000e-02 1.00000000e-02 5.00000000e+01
 3.98805012e+01 8.22247483e-02 9.70389862e-01 1.00000000e-02
 1.00000000e-02]
2022-10-15 13:08:16,727 mloop.controllers    INFO     cost -1.2 +/- 0.0
2022-10-15 13:08:16,727 mloop.controllers    INFO     Run:37 (machine learner)
2022-10-15 13:08:25,337 mloop.controllers    INFO     params [5.00000000e+01 1.00000000e-02 8.62041088e-01 1.00000000e+01
 3.31537058e+01 7.21648574e-01 6.79530289e-01 1.00000000e+00
 5.62518532e-01]
2022-10-15 13:08:25,345 mloop.controllers    INFO     cost -1.2 +/- 0.0
2022-10-15 13:08:25,345 mloop.controllers    INFO     Run:38 (machine learner)
2022-10-15 13:08:31,221 mloop.controllers    INFO     params [32.77849732  0.68447862  1.         24.31157746 40.82205697  1.
  1.          1.          0.85063516]
2022-10-15 13:08:31,229 mloop.controllers    INFO     cost -1.2 +/- 0.0
2022-10-15 13:08:31,232 mloop.controllers    INFO     Run:39 (trainer)
2022-10-15 13:08:31,233 mloop.controllers    INFO     params [45.51621494  0.27233324  0.35976222 24.02076828 49.35716504  0.18561188
  0.38716334  0.38294171  0.49485354]
2022-10-15 13:08:31,240 mloop.controllers    INFO     cost -1.2 +/- 0.0
2022-10-15 13:08:31,241 mloop.controllers    INFO     Run:40 (machine learner)
2022-10-15 13:08:38,437 mloop.controllers    INFO     params [27.54465161  0.56783832  0.50572052 10.         10.          0.61596307
  0.8754738   0.72980346  0.78735663]
2022-10-15 13:08:38,445 mloop.controllers    INFO     cost -1.2 +/- 0.0
2022-10-15 13:08:38,446 mloop.controllers    INFO     Run:41 (machine learner)
2022-10-15 13:08:44,488 mloop.controllers    INFO     params [4.47009346e+01 1.00000000e-02 2.05526055e-01 2.48394907e+01
 1.00000000e+01 5.32067754e-01 2.57281443e-01 1.00000000e+00
 4.74147142e-01]
2022-10-15 13:08:44,496 mloop.controllers    INFO     cost -1.2 +/- 0.0
2022-10-15 13:08:44,496 mloop.controllers    INFO     Run:42 (machine learner)
2022-10-15 13:08:51,171 mloop.controllers    INFO     params [3.40160395e+01 1.00000000e+00 1.00242691e-01 2.78339597e+01
 5.00000000e+01 5.76524977e-01 1.00000000e-02 6.90966127e-02
 9.70871205e-01]
2022-10-15 13:08:51,179 mloop.controllers    INFO     cost -1.2 +/- 0.0
2022-10-15 13:08:51,183 mloop.controllers    INFO     Run:43 (trainer)
2022-10-15 13:08:51,184 mloop.controllers    INFO     params [20.1259354   0.44674965  0.28795032 38.30629166 24.04146089  0.50072381
  0.74462176  0.22068294  0.30326276]
2022-10-15 13:08:51,191 mloop.controllers    INFO     cost -1.2 +/- 0.0
2022-10-15 13:08:51,192 mloop.controllers    INFO     Run:44 (machine learner)
2022-10-15 13:08:57,337 mloop.controllers    INFO     params [3.34392843e+01 1.00000000e-02 8.21001755e-01 1.85948941e+01
 5.00000000e+01 1.00000000e-02 1.00000000e-02 7.05791376e-01
 1.00000000e+00]
2022-10-15 13:08:57,346 mloop.controllers    INFO     cost -1.2 +/- 0.0
2022-10-15 13:08:57,346 mloop.controllers    INFO     Run:45 (machine learner)
2022-10-15 13:09:04,157 mloop.controllers    INFO     params [5.00000000e+01 9.81567936e-01 1.00000000e+00 2.49124726e+01
 5.00000000e+01 3.78450633e-02 9.22548784e-01 1.00000000e-02
 1.00000000e+00]
2022-10-15 13:09:04,166 mloop.controllers    INFO     cost -1.2 +/- 0.0
2022-10-15 13:09:04,166 mloop.controllers    INFO     Run:46 (machine learner)
2022-10-15 13:09:09,897 mloop.controllers    INFO     params [30.48413635  0.22597327  0.09002302 50.         29.84365981  1.
  0.83238958  0.14998231  0.37401675]
2022-10-15 13:09:09,905 mloop.controllers    INFO     cost -1.2 +/- 0.0
2022-10-15 13:09:09,908 mloop.controllers    INFO     Run:47 (trainer)
2022-10-15 13:09:09,909 mloop.controllers    INFO     params [40.39254966  0.52869849  0.36359903 22.4737942  38.99257123  0.31246223
  0.53064364  0.17183808  0.84370962]
2022-10-15 13:09:09,917 mloop.controllers    INFO     cost -1.2 +/- 0.0
2022-10-15 13:09:09,918 mloop.controllers    INFO     Run:48 (machine learner)
2022-10-15 13:09:16,563 mloop.controllers    INFO     params [10.          0.91268045  1.         19.44469683 50.          0.43054942
  0.91398587  0.87992343  0.9448455 ]
2022-10-15 13:09:16,571 mloop.controllers    INFO     cost -1.2 +/- 0.0
2022-10-15 13:09:16,571 mloop.controllers    INFO     Run:49 (machine learner)
2022-10-15 13:09:22,161 mloop.controllers    INFO     params [10.          0.94357045  0.44648319 41.84321685 50.          1.
  0.97960891  1.          1.        ]
2022-10-15 13:09:22,170 mloop.controllers    INFO     cost -1.2 +/- 0.0
2022-10-15 13:09:22,170 mloop.controllers    INFO     Run:50 (machine learner)
2022-10-15 13:09:27,717 mloop.controllers    INFO     params [1.00502422e+01 9.21854169e-01 1.00000000e+00 5.00000000e+01
 1.65848212e+01 7.77349773e-02 1.00000000e-02 1.00000000e+00
 1.00000000e+00]
2022-10-15 13:09:27,726 mloop.controllers    INFO     cost -1.2 +/- 0.0
2022-10-15 13:09:27,728 mloop.controllers    INFO     Run:51 (trainer)
2022-10-15 13:09:27,729 mloop.controllers    INFO     params [4.45867448e+01 1.78600173e-01 5.34148484e-01 1.95309808e+01
 4.64161635e+01 1.52629435e-02 7.99096082e-01 3.14247147e-01
 8.53412928e-01]
2022-10-15 13:09:27,737 mloop.controllers    INFO     cost -1.2 +/- 0.0
2022-10-15 13:09:27,737 mloop.controllers    INFO     Run:52 (machine learner)
2022-10-15 13:09:36,401 mloop.controllers    INFO     params [3.66562121e+01 1.00000000e-02 7.20512478e-01 2.56707418e+01
 1.00000000e+01 1.00000000e-02 1.00000000e+00 1.00000000e+00
 9.93334318e-01]
2022-10-15 13:09:36,411 mloop.controllers    INFO     cost -1.2 +/- 0.0
2022-10-15 13:09:36,411 mloop.controllers    INFO     Run:53 (machine learner)
2022-10-15 13:09:45,403 mloop.controllers    INFO     params [10.          0.17007036  0.13054857 44.54296236 10.          0.25137162
  0.56239601  1.          0.54116492]
2022-10-15 13:09:45,412 mloop.controllers    INFO     cost -1.2 +/- 0.0
2022-10-15 13:09:45,412 mloop.controllers    INFO     Run:54 (machine learner)
2022-10-15 13:09:53,796 mloop.controllers    INFO     params [1.55601316e+01 7.76468411e-01 5.60369970e-01 5.00000000e+01
 2.90730207e+01 6.96898486e-01 3.93219481e-01 1.00000000e+00
 1.00000000e-02]
2022-10-15 13:09:53,807 mloop.controllers    INFO     cost -1.2 +/- 0.0
2022-10-15 13:09:53,814 mloop.controllers    INFO     Run:55 (trainer)
2022-10-15 13:09:53,815 mloop.controllers    INFO     params [21.20838414  0.78199109  0.44577269 47.95425085 31.58310401  0.8970563
  0.24163462  0.86924959  0.3620308 ]
2022-10-15 13:09:53,824 mloop.controllers    INFO     cost -1.2 +/- 0.0
2022-10-15 13:09:53,824 mloop.controllers    INFO     Run:56 (machine learner)
2022-10-15 13:10:01,875 mloop.controllers    INFO     params [29.86664022  0.77698119  0.59585891 50.         29.34321651  0.30116097
  0.29682353  1.          0.90713845]
2022-10-15 13:10:01,885 mloop.controllers    INFO     cost -1.2 +/- 0.0
2022-10-15 13:10:01,885 mloop.controllers    INFO     Run:57 (machine learner)
2022-10-15 13:10:08,831 mloop.controllers    INFO     params [4.02214928e+01 8.30862570e-01 6.52995591e-01 5.00000000e+01
 3.03421586e+01 1.00000000e-02 1.00000000e-02 9.19346389e-01
 6.80069951e-01]
2022-10-15 13:10:08,840 mloop.controllers    INFO     cost -1.2 +/- 0.0
2022-10-15 13:10:08,840 mloop.controllers    INFO     Run:58 (machine learner)
2022-10-15 13:10:15,411 mloop.controllers    INFO     params [5.00000000e+01 1.00000000e-02 1.00000000e-02 1.00000000e+01
 1.00000000e+01 1.00000000e-02 4.54789023e-01 9.02763088e-01
 1.00000000e+00]
2022-10-15 13:10:15,419 mloop.controllers    INFO     cost -1.2 +/- 0.0
2022-10-15 13:10:15,422 mloop.controllers    INFO     Run:59 (trainer)
2022-10-15 13:10:15,422 mloop.controllers    INFO     params [23.35518928  0.59133933  0.78217003 27.66940374 46.09558069  0.64845981
  0.29257297  0.53231587  0.57621949]
2022-10-15 13:10:15,432 mloop.controllers    INFO     cost -1.2 +/- 0.0
2022-10-15 13:10:15,432 mloop.controllers    INFO     Run:60 (machine learner)
2022-10-15 13:10:22,707 mloop.controllers    INFO     params [4.80127440e+01 4.80968603e-01 1.00000000e-02 5.00000000e+01
 4.72116492e+01 1.02961498e-01 7.40150411e-01 1.00000000e+00
 1.00000000e+00]
2022-10-15 13:10:22,716 mloop.controllers    INFO     cost -1.2 +/- 0.0
2022-10-15 13:10:22,716 mloop.controllers    INFO     Run:61 (machine learner)
2022-10-15 13:10:30,125 mloop.controllers    INFO     params [37.42420831  1.          0.53025829 18.78170958 10.61997403  0.57493493
  0.66623972  1.          0.78534504]
2022-10-15 13:10:30,134 mloop.controllers    INFO     cost -1.2 +/- 0.0
2022-10-15 13:10:30,134 mloop.controllers    INFO     Run:62 (machine learner)
2022-10-15 13:10:36,931 mloop.controllers    INFO     params [1.00000000e+01 1.00000000e+00 1.00000000e+00 1.00000000e+01
 3.14217955e+01 4.22127549e-01 1.00000000e+00 1.00000000e+00
 1.00000000e-02]
2022-10-15 13:10:36,940 mloop.controllers    INFO     cost -1.2 +/- 0.0
2022-10-15 13:10:36,943 mloop.controllers    INFO     Run:63 (trainer)
2022-10-15 13:10:36,945 mloop.controllers    INFO     params [3.36085030e+01 2.51504369e-02 7.17908608e-01 4.03427939e+01
 3.22720412e+01 4.30085093e-01 9.15127734e-01 6.29017406e-01
 2.65719119e-01]
2022-10-15 13:10:36,955 mloop.controllers    INFO     cost -1.2 +/- 0.0
2022-10-15 13:10:36,956 mloop.controllers    INFO     Run:64 (machine learner)
2022-10-15 13:10:43,716 mloop.controllers    INFO     params [20.58183459  1.          0.54472075 10.         10.          0.05210838
  1.          0.2594339   0.03666277]
2022-10-15 13:10:43,726 mloop.controllers    INFO     cost -1.2 +/- 0.0
2022-10-15 13:10:43,726 mloop.controllers    INFO     Run:65 (machine learner)
2022-10-15 13:10:50,376 mloop.controllers    INFO     params [5.00000000e+01 1.00000000e+00 1.00000000e-02 2.34538496e+01
 1.89193423e+01 7.36164393e-01 1.00000000e+00 1.00000000e-02
 1.00000000e+00]
2022-10-15 13:10:50,385 mloop.controllers    INFO     cost -1.2 +/- 0.0
2022-10-15 13:10:50,385 mloop.controllers    INFO     Run:66 (machine learner)
2022-10-15 13:10:57,545 mloop.controllers    INFO     params [1.00000000e+01 1.00000000e-02 4.69924756e-01 5.00000000e+01
 2.10403296e+01 6.00706457e-01 1.00000000e-02 2.25109029e-01
 6.77737447e-01]
2022-10-15 13:10:57,555 mloop.controllers    INFO     cost -1.2 +/- 0.0
2022-10-15 13:10:57,556 mloop.controllers    INFO     Run:67 (trainer)
2022-10-15 13:10:57,557 mloop.controllers    INFO     params [27.89244197  0.34507708  0.35976897 20.38540537 16.52443966  0.68087404
  0.9570228   0.84118695  0.5360757 ]
2022-10-15 13:10:57,571 mloop.controllers    INFO     cost -1.2 +/- 0.0
2022-10-15 13:10:57,571 mloop.controllers    INFO     Run:68 (machine learner)
2022-10-15 13:11:06,578 mloop.controllers    INFO     params [1.00000000e+01 1.00000000e+00 1.00000000e-02 2.41572069e+01
 1.38395740e+01 1.00000000e-02 4.33633485e-01 2.46611656e-01
 1.00000000e-02]
2022-10-15 13:11:06,589 mloop.controllers    INFO     cost -1.2 +/- 0.0
2022-10-15 13:11:06,589 mloop.controllers    INFO     Run:69 (machine learner)
2022-10-15 13:11:11,710 mloop.controllers    INFO     params [1.00000000e+01 1.00000000e-02 9.39426847e-02 4.70012262e+01
 5.00000000e+01 1.00000000e+00 1.00000000e+00 1.00000000e+00
 5.74048202e-02]
2022-10-15 13:11:11,718 mloop.controllers    INFO     cost -1.2 +/- 0.0
2022-10-15 13:11:11,719 mloop.controllers    INFO     Run:70 (machine learner)
2022-10-15 13:11:18,839 mloop.controllers    INFO     params [1.00000000e+01 1.51878676e-02 1.00000000e-02 1.07936694e+01
 1.00000000e+01 6.24869977e-01 1.00000000e-02 1.00000000e-02
 3.79455112e-01]
2022-10-15 13:11:18,848 mloop.controllers    INFO     cost -1.2 +/- 0.0
2022-10-15 13:11:18,851 mloop.controllers    INFO     Run:71 (trainer)
2022-10-15 13:11:18,852 mloop.controllers    INFO     params [47.14376168  0.78651857  0.78434679 15.84055548 26.8813785   0.47266939
  0.81494148  0.40640052  0.49907031]
2022-10-15 13:11:18,861 mloop.controllers    INFO     cost -1.2 +/- 0.0
2022-10-15 13:11:18,861 mloop.controllers    INFO     Run:72 (machine learner)
2022-10-15 13:11:26,320 mloop.controllers    INFO     params [4.19806684e+01 2.30572712e-01 4.20482869e-01 3.57494038e+01
 1.00000000e+01 1.00000000e+00 4.78461389e-01 1.00000000e+00
 1.00000000e-02]
2022-10-15 13:11:26,329 mloop.controllers    INFO     cost -1.2 +/- 0.0
2022-10-15 13:11:26,329 mloop.controllers    INFO     Run:73 (machine learner)
2022-10-15 13:11:34,589 mloop.controllers    INFO     params [3.27660385e+01 1.00000000e-02 3.05882569e-01 4.25791458e+01
 1.00000000e+01 6.28135867e-02 1.00000000e-02 7.57934500e-01
 1.00000000e+00]
2022-10-15 13:11:34,598 mloop.controllers    INFO     cost -1.2 +/- 0.0
2022-10-15 13:11:34,599 mloop.controllers    INFO     Run:74 (machine learner)
2022-10-15 13:11:42,007 mloop.controllers    INFO     params [5.00000000e+01 1.00000000e-02 1.00000000e+00 1.75077727e+01
 3.07137068e+01 4.96336843e-01 1.00000000e-02 2.98620254e-01
 7.51827336e-01]
2022-10-15 13:11:42,016 mloop.controllers    INFO     cost -1.2 +/- 0.0
2022-10-15 13:11:42,019 mloop.controllers    INFO     Run:75 (trainer)
2022-10-15 13:11:42,020 mloop.controllers    INFO     params [46.77243261  0.07519748  0.17240305 47.71232247 14.26013367  0.68582265
  0.76195814  0.65649337  0.59864704]
2022-10-15 13:11:42,029 mloop.controllers    INFO     cost -1.2 +/- 0.0
2022-10-15 13:11:42,029 mloop.controllers    INFO     Run:76 (machine learner)
2022-10-15 13:11:49,288 mloop.controllers    INFO     params [50.          0.05254571  1.         45.61388956 10.          0.4619761
  0.97149819  0.14639533  0.77241547]
2022-10-15 13:11:49,297 mloop.controllers    INFO     cost -1.2 +/- 0.0
2022-10-15 13:11:49,297 mloop.controllers    INFO     Run:77 (machine learner)
2022-10-15 13:11:56,389 mloop.controllers    INFO     params [1.78726156e+01 2.79749122e-02 5.65319426e-01 3.98879052e+01
 1.00000000e+01 2.00445882e-01 1.00000000e+00 7.60198886e-01
 2.89762800e-01]
2022-10-15 13:11:56,400 mloop.controllers    INFO     cost -1.2 +/- 0.0
2022-10-15 13:11:56,400 mloop.controllers    INFO     Run:78 (machine learner)
2022-10-15 13:12:05,490 mloop.controllers    INFO     params [2.46432573e+01 6.09788209e-01 4.35685394e-01 3.42403448e+01
 1.00000000e+01 1.00000000e-02 1.90830382e-01 7.07847304e-01
 6.04451459e-01]
2022-10-15 13:12:05,500 mloop.controllers    INFO     cost -1.2 +/- 0.0
2022-10-15 13:12:05,502 mloop.controllers    INFO     Run:79 (trainer)
2022-10-15 13:12:05,502 mloop.controllers    INFO     params [49.21949228  0.43646566  0.70278272 11.63631607 11.77413026  0.6401022
  0.7702944   0.40969565  0.10676849]
2022-10-15 13:12:05,512 mloop.controllers    INFO     cost -1.2 +/- 0.0
2022-10-15 13:12:05,512 mloop.controllers    INFO     Run:80 (machine learner)
2022-10-15 13:12:12,673 mloop.controllers    INFO     params [5.00000000e+01 1.00000000e+00 7.86907536e-01 1.00000000e+01
 1.64956284e+01 2.00676096e-01 1.15568171e-01 8.97158573e-01
 1.00000000e-02]
2022-10-15 13:12:12,683 mloop.controllers    INFO     cost -1.2 +/- 0.0
2022-10-15 13:12:12,683 mloop.controllers    INFO     Run:81 (machine learner)
2022-10-15 13:12:19,382 mloop.controllers    INFO     params [3.11458237e+01 6.17091715e-01 3.19172186e-01 1.00000000e+01
 3.73683291e+01 1.00000000e-02 1.00000000e+00 1.00000000e+00
 8.02714549e-01]
2022-10-15 13:12:19,391 mloop.controllers    INFO     cost -1.2 +/- 0.0
2022-10-15 13:12:19,391 mloop.controllers    INFO     Run:82 (machine learner)
2022-10-15 13:12:27,859 mloop.controllers    INFO     params [44.85112383  0.19644343  1.         47.554501   50.          0.74104601
  0.49831346  1.          0.87958552]
2022-10-15 13:12:27,869 mloop.controllers    INFO     cost -1.2 +/- 0.0
2022-10-15 13:12:27,871 mloop.controllers    INFO     Run:83 (trainer)
2022-10-15 13:12:27,872 mloop.controllers    INFO     params [3.19051064e+01 2.70226024e-01 3.22940239e-02 4.54270558e+01
 3.24667485e+01 8.25991049e-01 7.01384966e-01 7.53984895e-01
 7.95632320e-01]
2022-10-15 13:12:27,881 mloop.controllers    INFO     cost -1.2 +/- 0.0
2022-10-15 13:12:27,881 mloop.controllers    INFO     Run:84 (machine learner)
2022-10-15 13:12:37,090 mloop.controllers    INFO     params [2.70164803e+01 1.00000000e+00 2.72406841e-01 1.06247027e+01
 5.00000000e+01 1.00000000e-02 9.36847552e-01 1.00000000e-02
 1.00000000e-02]
2022-10-15 13:12:37,099 mloop.controllers    INFO     cost -1.2 +/- 0.0
2022-10-15 13:12:37,100 mloop.controllers    INFO     Run:85 (machine learner)
2022-10-15 13:12:47,535 mloop.controllers    INFO     params [3.71404440e+01 6.67627821e-01 8.93025809e-01 2.25734745e+01
 3.92813648e+01 8.37623973e-01 1.00000000e+00 1.97539671e-01
 1.00000000e-02]
2022-10-15 13:12:47,544 mloop.controllers    INFO     cost -1.2 +/- 0.0
2022-10-15 13:12:47,544 mloop.controllers    INFO     Run:86 (machine learner)
2022-10-15 13:12:56,718 mloop.controllers    INFO     params [3.50332704e+01 8.22028833e-01 8.15900032e-01 1.00000000e+01
 3.50335764e+01 1.00000000e-02 1.21490258e-01 2.76221025e-01
 9.24595462e-01]
2022-10-15 13:12:56,727 mloop.controllers    INFO     cost -1.2 +/- 0.0
2022-10-15 13:12:56,730 mloop.controllers    INFO     Run:87 (trainer)
2022-10-15 13:12:56,730 mloop.controllers    INFO     params [34.12657761  0.54771098  0.94763345 26.04208628 43.07750702  0.68655091
  0.57497526  0.39427143  0.32746017]
2022-10-15 13:12:56,741 mloop.controllers    INFO     cost -1.2 +/- 0.0
2022-10-15 13:12:56,741 mloop.controllers    INFO     Run:88 (machine learner)
2022-10-15 13:13:05,216 mloop.controllers    INFO     params [2.16308775e+01 1.00000000e-02 1.00000000e+00 3.51245136e+01
 4.74016740e+01 8.45676897e-01 4.26252294e-01 1.00000000e+00
 1.00000000e+00]
2022-10-15 13:13:05,227 mloop.controllers    INFO     cost -1.2 +/- 0.0
2022-10-15 13:13:05,227 mloop.controllers    INFO     Run:89 (machine learner)
2022-10-15 13:13:12,837 mloop.controllers    INFO     params [5.00000000e+01 4.47769813e-01 9.41581232e-01 2.98237548e+01
 1.22210985e+01 1.00000000e-02 1.00000000e+00 3.91023086e-01
 1.00000000e-02]
2022-10-15 13:13:12,847 mloop.controllers    INFO     cost -1.2 +/- 0.0
2022-10-15 13:13:12,847 mloop.controllers    INFO     Run:90 (machine learner)
2022-10-15 13:13:20,481 mloop.controllers    INFO     params [3.20722520e+01 1.00000000e-02 2.64908259e-01 2.35569485e+01
 2.97107514e+01 1.00000000e-02 5.55968889e-01 5.91186864e-01
 1.00000000e-02]
2022-10-15 13:13:20,491 mloop.controllers    INFO     cost -1.2 +/- 0.0
2022-10-15 13:13:20,493 mloop.controllers    INFO     Run:91 (trainer)
2022-10-15 13:13:20,494 mloop.controllers    INFO     params [29.2098108   0.06423041  0.86845381 32.83414584 11.8603413   0.19232062
  0.05887703  0.49643108  0.36032145]
2022-10-15 13:13:20,503 mloop.controllers    INFO     cost -1.2 +/- 0.0
2022-10-15 13:13:20,503 mloop.controllers    INFO     Run:92 (machine learner)
2022-10-15 13:13:28,502 mloop.controllers    INFO     params [5.00000000e+01 4.89563500e-01 1.00000000e-02 2.54222348e+01
 1.00000000e+01 1.00000000e-02 1.00000000e+00 5.96431156e-02
 1.00000000e+00]
2022-10-15 13:13:28,512 mloop.controllers    INFO     cost -1.2 +/- 0.0
2022-10-15 13:13:28,512 mloop.controllers    INFO     Run:93 (machine learner)
2022-10-15 13:13:36,534 mloop.controllers    INFO     params [4.37039184e+01 1.00000000e-02 1.00000000e+00 3.28813572e+01
 1.72155478e+01 1.00000000e+00 8.15871031e-01 1.00000000e-02
 6.93067011e-02]
2022-10-15 13:13:36,544 mloop.controllers    INFO     cost -1.2 +/- 0.0
2022-10-15 13:13:36,544 mloop.controllers    INFO     Run:94 (machine learner)
2022-10-15 13:13:44,687 mloop.controllers    INFO     params [5.00000000e+01 1.00000000e+00 1.75287000e-02 1.64706445e+01
 5.00000000e+01 1.00000000e-02 2.44211498e-01 6.46376628e-01
 6.49445651e-01]
2022-10-15 13:13:44,697 mloop.controllers    INFO     cost -1.2 +/- 0.0
2022-10-15 13:13:44,699 mloop.controllers    INFO     Run:95 (trainer)
2022-10-15 13:13:44,700 mloop.controllers    INFO     params [25.97434906  0.73153625  0.7939825  46.90141675 21.35448607  0.88869497
  0.22886285  0.25030525  0.86027403]
2022-10-15 13:13:44,709 mloop.controllers    INFO     cost -1.2 +/- 0.0
2022-10-15 13:13:44,709 mloop.controllers    INFO     Run:96 (machine learner)
2022-10-15 13:13:54,283 mloop.controllers    INFO     params [22.65927843  0.51369273  0.46751233 20.16698671 10.          1.
  0.52464834  0.13206346  0.79916765]
2022-10-15 13:13:54,293 mloop.controllers    INFO     cost -1.2 +/- 0.0
2022-10-15 13:13:54,294 mloop.controllers    INFO     Run:97 (machine learner)
2022-10-15 13:14:02,346 mloop.controllers    INFO     params [5.00000000e+01 8.56359037e-01 1.00000000e-02 5.00000000e+01
 4.40117428e+01 1.00000000e+00 6.38604734e-01 1.00000000e-02
 5.59156570e-02]
2022-10-15 13:14:02,359 mloop.controllers    INFO     cost -1.2 +/- 0.0
2022-10-15 13:14:02,359 mloop.controllers    INFO     Run:98 (machine learner)
2022-10-15 13:14:11,789 mloop.controllers    INFO     params [3.87449689e+01 1.42176476e-01 1.00000000e+00 5.00000000e+01
 4.30369674e+01 6.87188448e-01 3.68317629e-01 7.04284945e-01
 1.00000000e-02]
2022-10-15 13:14:11,798 mloop.controllers    INFO     cost -1.2 +/- 0.0
2022-10-15 13:14:11,800 mloop.controllers    INFO     Run:99 (trainer)
2022-10-15 13:14:11,801 mloop.controllers    INFO     params [21.10064926  0.55170936  0.9585634  26.62223283 47.01881686  0.38208661
  0.05456986  0.41576771  0.19796823]
2022-10-15 13:14:11,810 mloop.controllers    INFO     cost -1.2 +/- 0.0
2022-10-15 13:14:11,810 mloop.controllers    INFO     Run:100 (machine learner)
2022-10-15 13:14:18,889 mloop.controllers    INFO     params [5.00000000e+01 5.75410394e-01 1.25005316e-02 4.95043215e+01
 1.00000000e+01 1.00000000e-02 4.77751191e-02 1.98805160e-01
 1.00000000e+00]
2022-10-15 13:14:18,901 mloop.controllers    INFO     cost -1.2 +/- 0.0
2022-10-15 13:14:18,901 mloop.controllers    INFO     Controller finished. Closing down M-LOOP. Please wait a moment...
2022-10-15 13:14:18,901 mloop.controllers    DEBUG    ML learner end set.
2022-10-15 13:14:37,722 mloop.controllers    DEBUG    ML learner joined
2022-10-15 13:14:37,723 mloop.controllers    DEBUG    Learner end event set.
2022-10-15 13:14:37,723 mloop.controllers    DEBUG    Interface end event set.
2022-10-15 13:14:37,822 mloop.learners.1     DEBUG    Learner end signal received. Ending
2022-10-15 13:14:37,918 mloop.interfaces     DEBUG    Interface ended
2022-10-15 13:14:38,823 mloop.learners.1     DEBUG    Performing shut down of learner.
2022-10-15 13:14:38,823 mloop.learners.1     DEBUG    Ended Random Learner
2022-10-15 13:14:38,823 mloop.controllers    DEBUG    Learner joined.
2022-10-15 13:14:38,823 mloop.controllers    DEBUG    Interface joined.
2022-10-15 13:14:38,830 mloop.controllers    INFO     Optimization ended because:
2022-10-15 13:14:38,830 mloop.controllers    INFO     	* Maximum number of runs reached.
2022-10-15 13:14:38,830 mloop.controllers    INFO     Results:
2022-10-15 13:14:38,830 mloop.controllers    INFO     	* Best parameters found:[28.    0.3   0.06 32.   32.    1.    1.    1.    1.  ]
2022-10-15 13:14:38,830 mloop.controllers    INFO     	* Best cost returned:-1.2 +/- 0.0
2022-10-15 13:14:38,830 mloop.controllers    INFO     	* Best run number:1
2022-10-15 13:14:38,830 mloop.controllers    INFO     	* Predicted best parameters:[28.43325137  0.99610887  0.69059444 50.         22.11256522  0.91744897
  0.8124875   0.72247647  1.        ]
2022-10-15 13:14:38,830 mloop.controllers    INFO     	* Predicted best cost:-1.351097476482391
2022-10-15 13:14:38,830 mloop.controllers    INFO     M-LOOP Done.
2022-10-15 13:14:38,831 mloop.visualizations DEBUG    Creating controller visualizations.
2022-10-15 13:14:39,502 mloop.visualizations DEBUG    Creating learner visualizations.
2022-10-15 13:14:39,505 mloop.visualizations DEBUG    Creating neural net visualizer.
2022-10-15 13:14:39,507 mloop.learners.3     DEBUG    Learner init completed.
2022-10-15 13:14:39,508 mloop.neuralnet      INFO     Initialising neural network impl
2022-10-15 13:14:39,508 mloop.neuralnet      INFO     Initialising neural network impl
2022-10-15 13:14:39,508 mloop.neuralnet      INFO     Initialising neural network impl
2022-10-15 13:14:39,508 mloop.neuralnet      INFO     Constructing net
2022-10-15 13:14:40,035 mloop.neuralnet      DEBUG    Finished constructing net in: 0.5268881320953369
2022-10-15 13:14:40,035 mloop.neuralnet      INFO     Loading neural network
2022-10-15 13:14:40,085 mloop.neuralnet      INFO     Constructing net
2022-10-15 13:14:40,509 mloop.neuralnet      DEBUG    Finished constructing net in: 0.42408084869384766
2022-10-15 13:14:40,509 mloop.neuralnet      INFO     Loading neural network
2022-10-15 13:14:40,555 mloop.neuralnet      INFO     Constructing net
2022-10-15 13:14:40,975 mloop.neuralnet      DEBUG    Finished constructing net in: 0.42013096809387207
2022-10-15 13:14:40,975 mloop.neuralnet      INFO     Loading neural network
2022-10-15 13:14:51,200 mloop.visualizations INFO     Showing visualizations, close all to end M-LOOP.
