2022-10-15 13:44:29,819 mloop                INFO     M-LOOP version 3.3.1
2022-10-15 13:44:29,819 mloop                DEBUG    M-LOOP Logger configured.
2022-10-15 13:44:29,819 mloop.interfaces     DEBUG    Creating interface.
2022-10-15 13:44:29,832 mloop.controllers    DEBUG    Controller init completed.
2022-10-15 13:44:29,833 mloop.learners.1     DEBUG    Learner init completed.
2022-10-15 13:44:29,833 mloop.learners.1     DEBUG    Random learner init completed.
2022-10-15 13:44:29,833 mloop.learners.2     DEBUG    Learner init completed.
2022-10-15 13:44:29,833 mloop.controllers    INFO     Optimization started.
2022-10-15 13:44:29,834 mloop.learners.1     DEBUG    Starting Random Learner
2022-10-15 13:44:29,834 mloop.interfaces     DEBUG    Entering main loop of interface.
2022-10-15 13:44:29,834 mloop.controllers    DEBUG    ML learner started.
2022-10-15 13:44:29,838 mloop.controllers    DEBUG    Starting training optimization.
2022-10-15 13:44:29,838 mloop.controllers    INFO     Run:1 (training)
2022-10-15 13:44:29,840 mloop.controllers    INFO     params [28.    0.3   0.06 32.   32.    1.    1.    1.    1.  ]
2022-10-15 13:44:36,102 mloop.controllers    INFO     cost -1.0 +/- 0.0
2022-10-15 13:44:36,103 mloop.controllers    INFO     Run:2 (training)
2022-10-15 13:44:36,104 mloop.controllers    INFO     params [30.67676927  0.47013668  0.76358099 47.89780255 23.85055477  0.94928019
  0.60836604  0.23693765  0.51470714]
2022-10-15 13:44:42,098 mloop.controllers    INFO     cost -1.0 +/- 0.0
2022-10-15 13:44:42,098 mloop.controllers    INFO     Run:3 (training)
2022-10-15 13:44:42,099 mloop.controllers    INFO     params [42.27315353  0.53212981  0.65131104 29.16170383 42.4536224   0.107407
  0.56599116  0.08870456  0.68086632]
2022-10-15 13:44:47,964 mloop.controllers    INFO     cost -1.0 +/- 0.0
2022-10-15 13:44:47,964 mloop.controllers    INFO     Run:4 (training)
2022-10-15 13:44:47,966 mloop.controllers    INFO     params [4.22479231e+01 9.78902294e-01 2.20591042e-01 3.86707440e+01
 2.97528396e+01 5.29944375e-01 5.45359550e-01 9.51119347e-01
 1.58776061e-02]
2022-10-15 13:44:53,591 mloop.controllers    INFO     cost -1.0 +/- 0.0
2022-10-15 13:44:53,591 mloop.controllers    INFO     Run:5 (training)
2022-10-15 13:44:53,593 mloop.controllers    INFO     params [23.38319826  0.7257995   0.86481269 36.56509245 32.89431051  0.72880735
  0.4092419   0.84603863  0.99287371]
2022-10-15 13:44:59,040 mloop.controllers    INFO     cost -1.0 +/- 0.0
2022-10-15 13:44:59,041 mloop.controllers    INFO     Run:6 (training)
2022-10-15 13:44:59,042 mloop.controllers    INFO     params [13.725764    0.89091843  0.88293905 13.76021742 46.01246404  0.35666242
  0.78250365  0.60885722  0.85942251]
2022-10-15 13:44:59,897 mloop.controllers    INFO     cost -1.0 +/- 0.0
2022-10-15 13:44:59,897 mloop.controllers    INFO     Run:7 (training)
2022-10-15 13:44:59,898 mloop.controllers    INFO     params [29.29927462  0.47819813  0.2762725  36.49586022 21.06618268  0.73028756
  0.65999222  0.36361535  0.94102834]
2022-10-15 13:45:00,407 mloop.controllers    INFO     cost -1.0 +/- 0.0
2022-10-15 13:45:00,408 mloop.controllers    INFO     Run:8 (training)
2022-10-15 13:45:00,409 mloop.controllers    INFO     params [27.43158703  0.56986291  0.17016185 28.78884351 46.84119837  0.09518955
  0.27226387  0.77122218  0.93540176]
