2022-10-23 15:55:33,186 mloop                INFO     M-LOOP version 3.3.1
2022-10-23 15:55:33,186 mloop                DEBUG    M-LOOP Logger configured.
2022-10-23 15:55:33,186 mloop.interfaces     DEBUG    Creating interface.
2022-10-23 15:55:33,187 mloop.controllers    DEBUG    Controller init completed.
2022-10-23 15:55:33,187 mloop.learners.1     DEBUG    Learner init completed.
2022-10-23 15:55:33,187 mloop.learners.1     DEBUG    Random learner init completed.
2022-10-23 15:55:33,187 mloop.learners.2     DEBUG    Learner init completed.
2022-10-23 15:55:33,188 mloop.controllers    INFO     Optimization started.
2022-10-23 15:55:33,188 mloop.learners.1     DEBUG    Starting Random Learner
2022-10-23 15:55:33,188 mloop.interfaces     DEBUG    Entering main loop of interface.
2022-10-23 15:55:33,188 mloop.controllers    DEBUG    ML learner started.
2022-10-23 15:55:33,193 mloop.controllers    DEBUG    Starting training optimization.
2022-10-23 15:55:33,193 mloop.controllers    INFO     Run:1 (training)
2022-10-23 15:55:33,195 mloop.controllers    INFO     params [0.14588627 0.37797265 0.59487495 0.63868249 0.12168939 0.22733649]
2022-10-23 15:55:38,989 mloop.controllers    INFO     cost -1.131712832108536 +/- 0.0
2022-10-23 15:55:38,989 mloop.controllers    INFO     Run:2 (training)
2022-10-23 15:55:38,991 mloop.controllers    INFO     params [0.09581844 0.42573481 0.04777646 0.91585145 0.88322027 0.52108029]
2022-10-23 15:55:44,246 mloop.controllers    INFO     cost -1.1018161805173363 +/- 0.0
2022-10-23 15:55:44,246 mloop.controllers    INFO     Run:3 (training)
2022-10-23 15:55:44,247 mloop.controllers    INFO     params [0.27697571 0.2382513  0.42244156 0.90683382 0.10340815 0.06423002]
2022-10-23 15:55:44,248 mloop.controllers    DEBUG    Starting ML optimization.
2022-10-23 15:55:49,526 mloop.controllers    INFO     cost -1.127887323943662 +/- 0.0
2022-10-23 15:55:49,552 mloop.controllers    DEBUG    End training runs.
2022-10-23 15:55:49,552 mloop.controllers    INFO     Run:4 (machine learner)
2022-10-23 15:55:56,122 mloop.controllers    INFO     params [1.00000000e+00 9.73983873e-01 1.00000000e+00 1.00000000e+00
 5.55111512e-17 7.16559565e-01]
2022-10-23 15:56:01,828 mloop.controllers    INFO     cost -1.0598200105876125 +/- 0.0
2022-10-23 15:56:01,828 mloop.controllers    INFO     Run:5 (machine learner)
2022-10-23 15:56:02,885 mloop.controllers    INFO     params [1.         1.         1.         0.19901884 1.         0.        ]
2022-10-23 15:56:08,503 mloop.controllers    INFO     cost -1.0746108427267849 +/- 0.0
2022-10-23 15:56:08,504 mloop.controllers    INFO     Controller finished. Closing down M-LOOP. Please wait a moment...
2022-10-23 15:56:08,504 mloop.controllers    DEBUG    ML learner end set.
2022-10-23 15:56:17,538 mloop.controllers    DEBUG    ML learner joined
2022-10-23 15:56:17,538 mloop.controllers    DEBUG    Learner end event set.
2022-10-23 15:56:17,538 mloop.controllers    DEBUG    Interface end event set.
2022-10-23 15:56:18,292 mloop.learners.1     DEBUG    Learner end signal received. Ending
2022-10-23 15:56:18,514 mloop.interfaces     DEBUG    Interface ended
2022-10-23 15:56:19,294 mloop.learners.1     DEBUG    Performing shut down of learner.
2022-10-23 15:56:19,294 mloop.learners.1     DEBUG    Ended Random Learner
2022-10-23 15:56:19,295 mloop.controllers    DEBUG    Learner joined.
2022-10-23 15:56:19,295 mloop.controllers    DEBUG    Interface joined.
2022-10-23 15:56:19,299 mloop.controllers    INFO     Optimization ended because:
2022-10-23 15:56:19,299 mloop.controllers    INFO     	* Maximum number of runs reached.
2022-10-23 15:56:19,299 mloop.controllers    INFO     Results:
2022-10-23 15:56:19,300 mloop.controllers    INFO     	* Best parameters found:[0.14588627 0.37797265 0.59487495 0.63868249 0.12168939 0.22733649]
2022-10-23 15:56:19,300 mloop.controllers    INFO     	* Best cost returned:-1.131712832108536 +/- 0.0
2022-10-23 15:56:19,300 mloop.controllers    INFO     	* Best run number:1
2022-10-23 15:56:19,300 mloop.controllers    INFO     	* Predicted best parameters:[3.87855521e-01 5.55111512e-17 3.23508785e-01 0.00000000e+00
 5.55111512e-17 1.00000000e+00]
2022-10-23 15:56:19,300 mloop.controllers    INFO     	* Predicted best cost:-1.1802107744764945
2022-10-23 15:56:19,300 mloop.controllers    INFO     M-LOOP Done.
2022-10-23 15:56:30,259 mloop.interfaces     DEBUG    Creating interface.
2022-10-23 15:56:30,260 mloop.controllers    DEBUG    Controller init completed.
2022-10-23 15:56:30,260 mloop.learners.3     DEBUG    Learner init completed.
2022-10-23 15:56:30,260 mloop.learners.3     DEBUG    Random learner init completed.
2022-10-23 15:56:30,261 mloop.learners.4     DEBUG    Learner init completed.
2022-10-23 15:56:30,261 mloop.controllers    INFO     Optimization started.
2022-10-23 15:56:30,261 mloop.learners.3     DEBUG    Starting Random Learner
2022-10-23 15:56:30,261 mloop.interfaces     DEBUG    Entering main loop of interface.
2022-10-23 15:56:30,261 mloop.controllers    DEBUG    ML learner started.
2022-10-23 15:56:30,264 mloop.controllers    DEBUG    Starting training optimization.
2022-10-23 15:56:30,265 mloop.controllers    INFO     Run:1 (training)
2022-10-23 15:56:30,267 mloop.controllers    INFO     params [0.91661879 0.96456084 0.74857527 0.28336279 0.61032305 0.42832678]
2022-10-23 15:56:36,147 mloop.controllers    INFO     cost -1.1215686274509804 +/- 0.0
2022-10-23 15:56:36,148 mloop.controllers    INFO     Run:2 (training)
2022-10-23 15:56:36,149 mloop.controllers    INFO     params [0.85119599 0.98549817 0.51881116 0.63553138 0.08067531 0.92946353]
2022-10-23 15:56:41,381 mloop.controllers    INFO     cost -1.1619268717353453 +/- 0.0
2022-10-23 15:56:41,381 mloop.controllers    INFO     Run:3 (training)
2022-10-23 15:56:41,382 mloop.controllers    INFO     params [0.44249695 0.61816992 0.72539339 0.69385245 0.11388824 0.33920956]
2022-10-23 15:56:41,383 mloop.controllers    DEBUG    Starting ML optimization.
2022-10-23 15:56:46,508 mloop.controllers    INFO     cost -1.1952238805970148 +/- 0.0
2022-10-23 15:56:46,515 mloop.controllers    DEBUG    End training runs.
2022-10-23 15:56:46,515 mloop.controllers    INFO     Run:4 (machine learner)
2022-10-23 15:56:53,126 mloop.controllers    INFO     params [0.         0.40144859 0.27454348 1.         0.72556188 0.16029289]
2022-10-23 15:56:58,689 mloop.controllers    INFO     cost -1.1228266965787999 +/- 0.0
2022-10-23 15:56:58,689 mloop.controllers    INFO     Run:5 (machine learner)
2022-10-23 15:57:00,530 mloop.controllers    INFO     params [0.80387681 1.         1.         0.77274479 0.         0.31030992]
2022-10-23 15:57:06,095 mloop.controllers    INFO     cost -1.1459645105895822 +/- 0.0
2022-10-23 15:57:06,096 mloop.controllers    INFO     Controller finished. Closing down M-LOOP. Please wait a moment...
2022-10-23 15:57:06,096 mloop.controllers    DEBUG    ML learner end set.
2022-10-23 15:57:14,769 mloop.controllers    DEBUG    ML learner joined
2022-10-23 15:57:14,769 mloop.controllers    DEBUG    Learner end event set.
2022-10-23 15:57:14,769 mloop.controllers    DEBUG    Interface end event set.
2022-10-23 15:57:15,103 mloop.interfaces     DEBUG    Interface ended
2022-10-23 15:57:15,420 mloop.learners.3     DEBUG    Learner end signal received. Ending
2022-10-23 15:57:16,422 mloop.learners.3     DEBUG    Performing shut down of learner.
2022-10-23 15:57:16,422 mloop.learners.3     DEBUG    Ended Random Learner
2022-10-23 15:57:16,422 mloop.controllers    DEBUG    Learner joined.
2022-10-23 15:57:16,422 mloop.controllers    DEBUG    Interface joined.
2022-10-23 15:57:16,423 mloop.controllers    INFO     Optimization ended because:
2022-10-23 15:57:16,423 mloop.controllers    INFO     	* Maximum number of runs reached.
2022-10-23 15:57:16,423 mloop.controllers    INFO     Results:
2022-10-23 15:57:16,423 mloop.controllers    INFO     	* Best parameters found:[0.44249695 0.61816992 0.72539339 0.69385245 0.11388824 0.33920956]
2022-10-23 15:57:16,423 mloop.controllers    INFO     	* Best cost returned:-1.1952238805970148 +/- 0.0
2022-10-23 15:57:16,423 mloop.controllers    INFO     	* Best run number:3
2022-10-23 15:57:16,424 mloop.controllers    INFO     	* Predicted best parameters:[0.71542663 0.89623094 0.77473023 0.48859083 0.00931662 0.54523363]
2022-10-23 15:57:16,424 mloop.controllers    INFO     	* Predicted best cost:-1.208359847942157
2022-10-23 15:57:16,424 mloop.controllers    INFO     M-LOOP Done.
2022-10-23 15:57:27,754 mloop.interfaces     DEBUG    Creating interface.
2022-10-23 15:57:27,755 mloop.controllers    DEBUG    Controller init completed.
2022-10-23 15:57:27,755 mloop.learners.5     DEBUG    Learner init completed.
2022-10-23 15:57:27,755 mloop.learners.5     DEBUG    Random learner init completed.
2022-10-23 15:57:27,755 mloop.learners.6     DEBUG    Learner init completed.
2022-10-23 15:57:27,756 mloop.controllers    INFO     Optimization started.
2022-10-23 15:57:27,756 mloop.learners.5     DEBUG    Starting Random Learner
2022-10-23 15:57:27,756 mloop.interfaces     DEBUG    Entering main loop of interface.
2022-10-23 15:57:27,756 mloop.controllers    DEBUG    ML learner started.
2022-10-23 15:57:27,760 mloop.controllers    DEBUG    Starting training optimization.
2022-10-23 15:57:27,761 mloop.controllers    INFO     Run:1 (training)
2022-10-23 15:57:27,764 mloop.controllers    INFO     params [0.26776256 0.47236655 0.82197792 0.36221396 0.94044766 0.6731713 ]
2022-10-23 15:57:33,583 mloop.controllers    INFO     cost -1.1700759789596726 +/- 0.0
2022-10-23 15:57:33,583 mloop.controllers    INFO     Run:2 (training)
2022-10-23 15:57:33,584 mloop.controllers    INFO     params [0.53410004 0.35102071 0.7463802  0.65372233 0.15636032 0.95575096]
2022-10-23 15:57:38,963 mloop.controllers    INFO     cost -1.1619268717353453 +/- 0.0
2022-10-23 15:57:38,963 mloop.controllers    INFO     Run:3 (training)
2022-10-23 15:57:38,964 mloop.controllers    INFO     params [0.3068364  0.23930959 0.26937439 0.50010262 0.6292128  0.90404058]
2022-10-23 15:57:38,964 mloop.controllers    DEBUG    Starting ML optimization.
2022-10-23 15:57:44,477 mloop.controllers    INFO     cost -1.1797289334119034 +/- 0.0
2022-10-23 15:57:44,479 mloop.controllers    DEBUG    End training runs.
2022-10-23 15:57:44,479 mloop.controllers    INFO     Run:4 (machine learner)
2022-10-23 15:57:51,647 mloop.controllers    INFO     params [0.88323569 0.         0.32767794 0.81223637 0.26263092 0.16471763]
2022-10-23 15:57:57,320 mloop.controllers    INFO     cost -1.1755725190839694 +/- 0.0
2022-10-23 15:57:57,320 mloop.controllers    INFO     Run:5 (machine learner)
2022-10-23 15:57:59,005 mloop.controllers    INFO     params [1.        0.        1.        0.        0.        0.0900733]
2022-10-23 15:58:04,631 mloop.controllers    INFO     cost -1.1797289334119034 +/- 0.0
2022-10-23 15:58:04,632 mloop.controllers    INFO     Controller finished. Closing down M-LOOP. Please wait a moment...
2022-10-23 15:58:04,632 mloop.controllers    DEBUG    ML learner end set.
2022-10-23 15:58:12,968 mloop.controllers    DEBUG    ML learner joined
2022-10-23 15:58:12,968 mloop.controllers    DEBUG    Learner end event set.
2022-10-23 15:58:12,968 mloop.controllers    DEBUG    Interface end event set.
2022-10-23 15:58:13,007 mloop.learners.5     DEBUG    Learner end signal received. Ending
2022-10-23 15:58:13,640 mloop.interfaces     DEBUG    Interface ended
2022-10-23 15:58:14,008 mloop.learners.5     DEBUG    Performing shut down of learner.
2022-10-23 15:58:14,008 mloop.learners.5     DEBUG    Ended Random Learner
2022-10-23 15:58:14,008 mloop.controllers    DEBUG    Learner joined.
2022-10-23 15:58:14,008 mloop.controllers    DEBUG    Interface joined.
2022-10-23 15:58:14,009 mloop.controllers    INFO     Optimization ended because:
2022-10-23 15:58:14,009 mloop.controllers    INFO     	* Maximum number of runs reached.
2022-10-23 15:58:14,009 mloop.controllers    INFO     Results:
2022-10-23 15:58:14,010 mloop.controllers    INFO     	* Best parameters found:[0.3068364  0.23930959 0.26937439 0.50010262 0.6292128  0.90404058]
2022-10-23 15:58:14,010 mloop.controllers    INFO     	* Best cost returned:-1.1797289334119034 +/- 0.0
2022-10-23 15:58:14,010 mloop.controllers    INFO     	* Best run number:3
2022-10-23 15:58:14,010 mloop.controllers    INFO     	* Predicted best parameters:[0.31246702 0.0736339  0.         0.49676772 1.         1.        ]
2022-10-23 15:58:14,010 mloop.controllers    INFO     	* Predicted best cost:-1.189616745743439
2022-10-23 15:58:14,010 mloop.controllers    INFO     M-LOOP Done.
