2022-10-23 20:46:39,304 mloop                INFO     M-LOOP version 3.3.1
2022-10-23 20:46:39,305 mloop                DEBUG    M-LOOP Logger configured.
2022-10-23 20:46:39,305 mloop.interfaces     DEBUG    Creating interface.
2022-10-23 20:46:39,306 mloop.controllers    DEBUG    Controller init completed.
2022-10-23 20:46:39,306 mloop.learners.1     DEBUG    Learner init completed.
2022-10-23 20:46:39,307 mloop.learners.1     DEBUG    Random learner init completed.
2022-10-23 20:46:39,307 mloop.learners.2     DEBUG    Learner init completed.
2022-10-23 20:46:39,307 mloop.controllers    INFO     Optimization started.
2022-10-23 20:46:39,307 mloop.learners.1     DEBUG    Starting Random Learner
2022-10-23 20:46:39,308 mloop.interfaces     DEBUG    Entering main loop of interface.
2022-10-23 20:46:39,308 mloop.controllers    DEBUG    ML learner started.
2022-10-23 20:46:39,314 mloop.controllers    DEBUG    Starting training optimization.
2022-10-23 20:46:39,314 mloop.controllers    INFO     Run:1 (training)
2022-10-23 20:46:39,315 mloop.controllers    INFO     params [0.35809212 0.0884612  0.25549363 0.06136693 0.47790491 0.35417223]
2022-10-23 20:46:45,251 mloop.controllers    INFO     cost -1.0688734650293645 +/- 0.017705596143012592
2022-10-23 20:46:45,252 mloop.controllers    INFO     Run:2 (training)
2022-10-23 20:46:45,253 mloop.controllers    INFO     params [0.27804055 0.25977531 0.44792928 0.15657258 0.46769818 0.06816172]
2022-10-23 20:46:50,771 mloop.controllers    INFO     cost -1.0723085163363686 +/- 0.018201686735376033
2022-10-23 20:46:50,772 mloop.controllers    INFO     Run:3 (training)
2022-10-23 20:46:50,773 mloop.controllers    INFO     params [0.47981472 0.16970416 0.08687859 0.32199692 0.24563055 0.36367786]
2022-10-23 20:46:50,773 mloop.controllers    DEBUG    Starting ML optimization.
2022-10-23 20:46:56,158 mloop.controllers    INFO     cost -1.0769230769230769 +/- 0.0188563261728667
2022-10-23 20:46:56,175 mloop.controllers    DEBUG    End training runs.
2022-10-23 20:46:56,176 mloop.controllers    INFO     Run:4 (machine learner)
2022-10-23 20:47:03,879 mloop.controllers    INFO     params [0.22329173 0.15790883 0.05       0.49       0.05       0.49      ]
2022-10-23 20:47:03,880 mloop.interfaces     DEBUG    Interface ended
2022-10-23 20:47:04,883 mloop.controllers    ERROR    The interface raised an error with traceback:
  File "/Users/jluke/Documents/Harvard/Rotations/NiGroup/MLOptimization/M-LOOP/mloop/interfaces.py", line 133, in run
    cost_dict = self.get_next_cost_dict(params_dict)

  File "/Users/jluke/Documents/Harvard/Rotations/NiGroup/MLOptimization/MLSequenceMaker/MLSequenceBuilder.py", line 89, in get_next_cost_dict
    cost, uncer = self.cCST.eval(seq)

  File "/Users/jluke/Documents/Harvard/Rotations/NiGroup/MLOptimization/MLSequenceMaker/MLSequenceBuilder.py", line 32, in eval
    ground_state, gUNC = self.exec(gen_next)

  File "/Users/jluke/Documents/Harvard/Rotations/NiGroup/MLOptimization/MLSequenceMaker/MLSequenceBuilder.py", line 177, in InteractWithJulia
    seq = translator(preSeq, 1) + translator(seq, 1)

  File "/Users/jluke/Documents/Harvard/Rotations/NiGroup/MLOptimization/MLSequenceMaker/MLSequenceBuilder.py", line 214, in GroupTranslator
    return ArraytoSeq([int(i) for i in seq])

  File "/Users/jluke/Documents/Harvard/Rotations/NiGroup/MLOptimization/MLSequenceMaker/utils.py", line 11, in ArraytoSeq
    seqTransformed  = seqTransformed + Translator[int(i)]

2022-10-23 20:47:04,883 mloop.controllers    WARNING  Controller ended due to exception of some kind. Starting shut down...
2022-10-23 20:47:04,883 mloop.controllers    DEBUG    ML learner end set.
2022-10-23 20:47:15,614 mloop.controllers    DEBUG    ML learner joined
2022-10-23 20:47:15,614 mloop.controllers    DEBUG    Learner end event set.
2022-10-23 20:47:15,614 mloop.controllers    DEBUG    Interface end event set.
2022-10-23 20:47:15,798 mloop.learners.1     DEBUG    Learner end signal received. Ending
2022-10-23 20:47:16,799 mloop.learners.1     DEBUG    Performing shut down of learner.
2022-10-23 20:47:16,800 mloop.learners.1     DEBUG    Ended Random Learner
2022-10-23 20:47:16,801 mloop.controllers    DEBUG    Learner joined.
2022-10-23 20:47:16,801 mloop.controllers    DEBUG    Interface joined.
2022-10-23 20:47:16,804 mloop.controllers    WARNING  Safely shut down. Below are results found before exception.
2022-10-23 20:47:16,804 mloop.controllers    INFO     Optimization ended because:
2022-10-23 20:47:16,804 mloop.controllers    INFO     	* Error occurred.
2022-10-23 20:47:16,804 mloop.controllers    INFO     Results:
2022-10-23 20:47:16,805 mloop.controllers    INFO     	* Best parameters found:[0.47981472 0.16970416 0.08687859 0.32199692 0.24563055 0.36367786]
2022-10-23 20:47:16,805 mloop.controllers    INFO     	* Best cost returned:-1.0769230769230769 +/- 0.0188563261728667
2022-10-23 20:47:16,805 mloop.controllers    INFO     	* Best run number:3
2022-10-23 20:47:16,805 mloop.controllers    INFO     	* Predicted best parameters:[0.22331701 0.15792225 0.05       0.49       0.05       0.49      ]
2022-10-23 20:47:16,805 mloop.controllers    INFO     	* Predicted best cost:-1.0850063494306073
