2022-10-22 22:56:53,345 mloop                INFO     M-LOOP version 3.3.1
2022-10-22 22:56:53,346 mloop                DEBUG    M-LOOP Logger configured.
2022-10-22 22:56:53,346 mloop.interfaces     DEBUG    Creating interface.
2022-10-22 22:56:53,346 mloop.controllers    DEBUG    Controller init completed.
2022-10-22 22:56:53,347 mloop.learners.1     DEBUG    Learner init completed.
2022-10-22 22:56:53,347 mloop.learners.1     DEBUG    Random learner init completed.
2022-10-22 22:56:53,347 mloop.learners.2     DEBUG    Learner init completed.
2022-10-22 22:56:53,348 mloop.controllers    INFO     Optimization started.
2022-10-22 22:56:53,348 mloop.learners.1     DEBUG    Starting Random Learner
2022-10-22 22:56:53,348 mloop.interfaces     DEBUG    Entering main loop of interface.
2022-10-22 22:56:53,348 mloop.controllers    DEBUG    ML learner started.
2022-10-22 22:56:53,353 mloop.controllers    DEBUG    Starting training optimization.
2022-10-22 22:56:53,353 mloop.controllers    INFO     Run:1 (training)
2022-10-22 22:56:53,354 mloop.controllers    INFO     params [0.53430168 0.14849328]
2022-10-22 22:56:59,371 mloop.controllers    INFO     cost -1.0957854406130267 +/- 0.0
2022-10-22 22:56:59,371 mloop.controllers    INFO     Run:2 (training)
2022-10-22 22:56:59,372 mloop.controllers    INFO     params [0.60987943 0.43529027]
2022-10-22 22:57:05,075 mloop.controllers    INFO     cost -1.0886351277868407 +/- 0.0
2022-10-22 22:57:05,075 mloop.controllers    INFO     Run:3 (training)
2022-10-22 22:57:05,076 mloop.controllers    INFO     params [0.83205564 0.53622572]
2022-10-22 22:57:05,076 mloop.controllers    DEBUG    Starting ML optimization.
2022-10-22 22:57:10,732 mloop.controllers    INFO     cost -1.0734584450402145 +/- 0.0
2022-10-22 22:57:10,746 mloop.controllers    DEBUG    End training runs.
2022-10-22 22:57:10,746 mloop.controllers    INFO     Run:4 (machine learner)
2022-10-22 22:57:17,637 mloop.controllers    INFO     params [0.51656916 0.15093483]
2022-10-22 22:57:23,537 mloop.controllers    INFO     cost -1.1203133743704532 +/- 0.0
2022-10-22 22:57:23,537 mloop.controllers    INFO     Run:5 (machine learner)
2022-10-22 22:57:24,644 mloop.controllers    INFO     params [2.91346908e-01 5.55111512e-17]
2022-10-22 22:57:30,444 mloop.controllers    INFO     cost -1.1190609278926775 +/- 0.0
2022-10-22 22:57:30,444 mloop.controllers    INFO     Run:6 (machine learner)
2022-10-22 22:57:30,977 mloop.controllers    INFO     params [0.         0.07093739]
2022-10-22 22:57:36,476 mloop.controllers    INFO     cost -1.08041014570966 +/- 0.0
2022-10-22 22:57:36,494 mloop.controllers    INFO     Run:7 (trainer)
2022-10-22 22:57:36,495 mloop.controllers    INFO     params [0.78556095 0.74129156]
2022-10-22 22:57:42,181 mloop.controllers    INFO     cost -1.0993959362987369 +/- 0.0
2022-10-22 22:57:42,182 mloop.controllers    INFO     Run:8 (machine learner)
2022-10-22 22:57:42,182 mloop.controllers    INFO     params [4.19898787e-01 5.55111512e-17]
2022-10-22 22:57:47,972 mloop.controllers    INFO     cost -1.060943296237414 +/- 0.0
2022-10-22 22:57:47,973 mloop.controllers    INFO     Run:9 (machine learner)
2022-10-22 22:57:48,460 mloop.controllers    INFO     params [4.11414969e-01 5.55111512e-17]
2022-10-22 22:57:54,225 mloop.controllers    INFO     cost -1.0969863013698629 +/- 0.0
2022-10-22 22:57:54,225 mloop.controllers    INFO     Run:10 (machine learner)
2022-10-22 22:57:54,707 mloop.controllers    INFO     params [0.4448824  0.07887129]
2022-10-22 22:58:00,044 mloop.controllers    INFO     cost -1.04 +/- 0.0
2022-10-22 22:58:00,055 mloop.controllers    INFO     Run:11 (trainer)
2022-10-22 22:58:00,056 mloop.controllers    INFO     params [0.04377624 0.10487344]
2022-10-22 22:58:05,867 mloop.controllers    INFO     cost -1.0886351277868407 +/- 0.0
2022-10-22 22:58:05,867 mloop.controllers    INFO     Run:12 (machine learner)
2022-10-22 22:58:05,868 mloop.controllers    INFO     params [0.53259628 0.18771417]
2022-10-22 22:58:11,505 mloop.controllers    INFO     cost -1.1153203342618385 +/- 0.0
2022-10-22 22:58:11,505 mloop.controllers    INFO     Run:13 (machine learner)
2022-10-22 22:58:11,506 mloop.controllers    INFO     params [2.39628863e-01 5.55111512e-17]
2022-10-22 22:58:17,014 mloop.controllers    INFO     cost -1.0564643799472295 +/- 0.0
2022-10-22 22:58:17,014 mloop.controllers    INFO     Run:14 (machine learner)
2022-10-22 22:58:17,015 mloop.controllers    INFO     params [0.54920318 0.20541263]
2022-10-22 22:58:22,340 mloop.controllers    INFO     cost -1.0586991010047595 +/- 0.0
2022-10-22 22:58:22,346 mloop.controllers    INFO     Run:15 (trainer)
2022-10-22 22:58:22,347 mloop.controllers    INFO     params [0.11900238 0.25553972]
2022-10-22 22:58:28,011 mloop.controllers    INFO     cost -1.1407407407407408 +/- 0.0
2022-10-22 22:58:28,012 mloop.controllers    INFO     Run:16 (machine learner)
2022-10-22 22:58:28,013 mloop.controllers    INFO     params [0. 1.]
2022-10-22 22:58:33,704 mloop.controllers    INFO     cost -1.0509186351706037 +/- 0.0
2022-10-22 22:58:33,704 mloop.controllers    INFO     Run:17 (machine learner)
2022-10-22 22:58:33,705 mloop.controllers    INFO     params [1. 1.]
2022-10-22 22:58:39,137 mloop.controllers    INFO     cost -1.057580559957739 +/- 0.0
2022-10-22 22:58:39,137 mloop.controllers    INFO     Run:18 (machine learner)
2022-10-22 22:58:39,137 mloop.controllers    INFO     params [0.52448659 0.16712255]
2022-10-22 22:58:44,405 mloop.controllers    INFO     cost -1.1066887783305694 +/- 0.0
2022-10-22 22:58:44,409 mloop.controllers    INFO     Run:19 (trainer)
2022-10-22 22:58:44,410 mloop.controllers    INFO     params [0.31230319 0.87664664]
2022-10-22 22:58:50,168 mloop.controllers    INFO     cost -1.0886351277868407 +/- 0.0
2022-10-22 22:58:50,169 mloop.controllers    INFO     Run:20 (machine learner)
2022-10-22 22:58:50,170 mloop.controllers    INFO     params [0.         0.33773625]
2022-10-22 22:58:55,888 mloop.controllers    INFO     cost -1.064327485380117 +/- 0.0
2022-10-22 22:58:55,889 mloop.controllers    INFO     Run:21 (machine learner)
2022-10-22 22:58:55,890 mloop.controllers    INFO     params [0.         0.35042724]
2022-10-22 22:59:01,494 mloop.controllers    INFO     cost -1.063197026022305 +/- 0.0
2022-10-22 22:59:01,495 mloop.controllers    INFO     Run:22 (machine learner)
2022-10-22 22:59:01,495 mloop.controllers    INFO     params [0.         0.23027493]
2022-10-22 22:59:06,838 mloop.controllers    INFO     cost -1.0620689655172413 +/- 0.0
2022-10-22 22:59:06,854 mloop.controllers    INFO     Run:23 (trainer)
2022-10-22 22:59:06,855 mloop.controllers    INFO     params [0.08861662 0.21995183]
2022-10-22 22:59:12,593 mloop.controllers    INFO     cost -1.066595631326585 +/- 0.0
2022-10-22 22:59:12,594 mloop.controllers    INFO     Run:24 (machine learner)
2022-10-22 22:59:12,595 mloop.controllers    INFO     params [7.84152616e-01 5.55111512e-17]
2022-10-22 22:59:18,340 mloop.controllers    INFO     cost -1.0443401147626499 +/- 0.0
2022-10-22 22:59:18,341 mloop.controllers    INFO     Run:25 (machine learner)
2022-10-22 22:59:18,342 mloop.controllers    INFO     params [0.52284726 0.17228524]
2022-10-22 22:59:23,859 mloop.controllers    INFO     cost -1.1116046640755135 +/- 0.0
2022-10-22 22:59:23,859 mloop.controllers    INFO     Run:26 (machine learner)
2022-10-22 22:59:23,859 mloop.controllers    INFO     params [0.26372113 0.27194482]
2022-10-22 22:59:29,112 mloop.controllers    INFO     cost -1.083919870059556 +/- 0.0
2022-10-22 22:59:29,122 mloop.controllers    INFO     Run:27 (trainer)
2022-10-22 22:59:29,123 mloop.controllers    INFO     params [0.65178269 0.86693966]
2022-10-22 22:59:34,730 mloop.controllers    INFO     cost -1.0564643799472295 +/- 0.0
2022-10-22 22:59:34,731 mloop.controllers    INFO     Run:28 (machine learner)
2022-10-22 22:59:34,731 mloop.controllers    INFO     params [0.79021843 0.89656782]
2022-10-22 22:59:40,432 mloop.controllers    INFO     cost -1.046523784631469 +/- 0.0
2022-10-22 22:59:40,432 mloop.controllers    INFO     Run:29 (machine learner)
2022-10-22 22:59:40,432 mloop.controllers    INFO     params [0.52440907 0.17590547]
2022-10-22 22:59:45,722 mloop.controllers    INFO     cost -1.114079020589872 +/- 0.0
2022-10-22 22:59:45,723 mloop.controllers    INFO     Run:30 (machine learner)
2022-10-22 22:59:45,723 mloop.controllers    INFO     params [3.30321664e-01 5.55111512e-17]
2022-10-22 22:59:50,973 mloop.controllers    INFO     cost -1.0443401147626499 +/- 0.0
2022-10-22 22:59:50,985 mloop.controllers    INFO     Run:31 (trainer)
2022-10-22 22:59:50,985 mloop.controllers    INFO     params [0.67252417 0.01135447]
2022-10-22 22:59:56,731 mloop.controllers    INFO     cost -1.1240875912408759 +/- 0.0
2022-10-22 22:59:56,732 mloop.controllers    INFO     Run:32 (machine learner)
2022-10-22 22:59:56,732 mloop.controllers    INFO     params [0.78022941 0.700837  ]
2022-10-22 23:00:02,446 mloop.controllers    INFO     cost -1.1006047278724573 +/- 0.0
2022-10-22 23:00:02,446 mloop.controllers    INFO     Run:33 (machine learner)
2022-10-22 23:00:02,447 mloop.controllers    INFO     params [0.52053123 0.16308169]
2022-10-22 23:00:07,987 mloop.controllers    INFO     cost -1.168709865732633 +/- 0.0
2022-10-22 23:00:07,987 mloop.controllers    INFO     Run:34 (machine learner)
2022-10-22 23:00:07,987 mloop.controllers    INFO     params [0.13694219 0.26709192]
2022-10-22 23:00:13,305 mloop.controllers    INFO     cost -1.1266178953292065 +/- 0.0
2022-10-22 23:00:13,322 mloop.controllers    INFO     Run:35 (trainer)
2022-10-22 23:00:13,323 mloop.controllers    INFO     params [0.03488126 0.12469176]
2022-10-22 23:00:19,046 mloop.controllers    INFO     cost -1.1006047278724573 +/- 0.0
2022-10-22 23:00:19,048 mloop.controllers    INFO     Run:36 (machine learner)
2022-10-22 23:00:19,048 mloop.controllers    INFO     params [0.50700871 0.11628636]
2022-10-22 23:00:24,726 mloop.controllers    INFO     cost -1.1240875912408759 +/- 0.0
2022-10-22 23:00:24,726 mloop.controllers    INFO     Run:37 (machine learner)
2022-10-22 23:00:24,726 mloop.controllers    INFO     params [0.52076754 0.14647446]
2022-10-22 23:00:29,984 mloop.controllers    INFO     cost -1.1538904899135447 +/- 0.0
2022-10-22 23:00:29,984 mloop.controllers    INFO     Run:38 (machine learner)
2022-10-22 23:00:29,985 mloop.controllers    INFO     params [6.19070752e-01 5.55111512e-17]
2022-10-22 23:00:35,284 mloop.controllers    INFO     cost -1.0850948509485097 +/- 0.0
2022-10-22 23:00:35,303 mloop.controllers    INFO     Run:39 (trainer)
2022-10-22 23:00:35,304 mloop.controllers    INFO     params [0.11570546 0.82964998]
2022-10-22 23:00:40,995 mloop.controllers    INFO     cost -1.1103716028840822 +/- 0.0
2022-10-22 23:00:40,996 mloop.controllers    INFO     Run:40 (machine learner)
2022-10-22 23:00:40,997 mloop.controllers    INFO     params [0.51630665 0.12493245]
2022-10-22 23:00:46,699 mloop.controllers    INFO     cost -1.1253513209668353 +/- 0.0
2022-10-22 23:00:46,699 mloop.controllers    INFO     Controller finished. Closing down M-LOOP. Please wait a moment...
2022-10-22 23:00:46,699 mloop.controllers    DEBUG    ML learner end set.
2022-10-22 23:00:55,299 mloop.controllers    DEBUG    ML learner joined
2022-10-22 23:00:55,300 mloop.controllers    DEBUG    Learner end event set.
2022-10-22 23:00:55,300 mloop.controllers    DEBUG    Interface end event set.
2022-10-22 23:00:55,322 mloop.learners.1     DEBUG    Learner end signal received. Ending
2022-10-22 23:00:55,706 mloop.interfaces     DEBUG    Interface ended
2022-10-22 23:00:56,324 mloop.learners.1     DEBUG    Performing shut down of learner.
2022-10-22 23:00:56,325 mloop.learners.1     DEBUG    Ended Random Learner
2022-10-22 23:00:56,325 mloop.controllers    DEBUG    Learner joined.
2022-10-22 23:00:56,327 mloop.controllers    DEBUG    Interface joined.
2022-10-22 23:00:56,336 mloop.controllers    INFO     Optimization ended because:
2022-10-22 23:00:56,336 mloop.controllers    INFO     	* Maximum number of runs reached.
2022-10-22 23:00:56,336 mloop.controllers    INFO     Results:
2022-10-22 23:00:56,337 mloop.controllers    INFO     	* Best parameters found:[0.52053123 0.16308169]
2022-10-22 23:00:56,337 mloop.controllers    INFO     	* Best cost returned:-1.168709865732633 +/- 0.0
2022-10-22 23:00:56,337 mloop.controllers    INFO     	* Best run number:33
2022-10-22 23:00:56,337 mloop.controllers    INFO     	* Predicted best parameters:[0.51641715 0.13453639]
2022-10-22 23:00:56,337 mloop.controllers    INFO     	* Predicted best cost:-1.1341976736170247
2022-10-22 23:00:56,337 mloop.controllers    INFO     M-LOOP Done.
2022-10-22 23:02:13,139 mloop.interfaces     DEBUG    Creating interface.
2022-10-22 23:02:13,140 mloop.controllers    DEBUG    Controller init completed.
2022-10-22 23:02:13,140 mloop.learners.3     DEBUG    Learner init completed.
2022-10-22 23:02:13,140 mloop.learners.3     DEBUG    Random learner init completed.
2022-10-22 23:02:13,140 mloop.learners.4     DEBUG    Learner init completed.
2022-10-22 23:02:13,141 mloop.controllers    INFO     Optimization started.
2022-10-22 23:02:13,141 mloop.learners.3     DEBUG    Starting Random Learner
2022-10-22 23:02:13,141 mloop.interfaces     DEBUG    Entering main loop of interface.
2022-10-22 23:02:13,141 mloop.controllers    DEBUG    ML learner started.
2022-10-22 23:02:13,145 mloop.controllers    DEBUG    Starting training optimization.
2022-10-22 23:02:13,145 mloop.controllers    INFO     Run:1 (training)
2022-10-22 23:02:13,146 mloop.controllers    INFO     params [0.00054917 0.06696804]
2022-10-22 23:02:19,014 mloop.controllers    INFO     cost -1.1329937747594794 +/- 0.0
2022-10-22 23:02:19,015 mloop.controllers    INFO     Run:2 (training)
2022-10-22 23:02:19,016 mloop.controllers    INFO     params [0.69361762 0.06882487]
2022-10-22 23:02:24,356 mloop.controllers    INFO     cost -1.1018161805173363 +/- 0.0
2022-10-22 23:02:24,356 mloop.controllers    INFO     Run:3 (training)
2022-10-22 23:02:24,357 mloop.controllers    INFO     params [0.57274233 0.20224719]
2022-10-22 23:02:24,357 mloop.controllers    DEBUG    Starting ML optimization.
2022-10-22 23:02:29,720 mloop.controllers    INFO     cost -1.1190609278926775 +/- 0.0
2022-10-22 23:02:29,736 mloop.controllers    DEBUG    End training runs.
2022-10-22 23:02:29,736 mloop.controllers    INFO     Run:4 (machine learner)
2022-10-22 23:02:34,537 mloop.controllers    INFO     params [1. 1.]
2022-10-22 23:02:40,168 mloop.controllers    INFO     cost -1.0886351277868407 +/- 0.0
2022-10-22 23:02:40,168 mloop.controllers    INFO     Run:5 (machine learner)
2022-10-22 23:02:40,736 mloop.controllers    INFO     params [0.         0.03347303]
2022-10-22 23:02:46,492 mloop.controllers    INFO     cost -1.1006047278724573 +/- 0.0
2022-10-22 23:02:46,493 mloop.controllers    INFO     Run:6 (machine learner)
2022-10-22 23:02:47,272 mloop.controllers    INFO     params [0.72208021 1.        ]
2022-10-22 23:02:52,621 mloop.controllers    INFO     cost -1.1266178953292065 +/- 0.0
2022-10-22 23:02:52,627 mloop.controllers    INFO     Run:7 (trainer)
2022-10-22 23:02:52,628 mloop.controllers    INFO     params [0.38266322 0.2872317 ]
2022-10-22 23:02:58,222 mloop.controllers    INFO     cost -1.131712832108536 +/- 0.0
2022-10-22 23:02:58,222 mloop.controllers    INFO     Run:8 (machine learner)
2022-10-22 23:02:58,223 mloop.controllers    INFO     params [0.07187781 1.        ]
2022-10-22 23:03:03,793 mloop.controllers    INFO     cost -1.1018161805173363 +/- 0.0
2022-10-22 23:03:03,794 mloop.controllers    INFO     Run:9 (machine learner)
2022-10-22 23:03:03,794 mloop.controllers    INFO     params [0.19250157 1.        ]
2022-10-22 23:03:09,230 mloop.controllers    INFO     cost -1.1228266965787999 +/- 0.0
2022-10-22 23:03:09,230 mloop.controllers    INFO     Run:10 (machine learner)
2022-10-22 23:03:09,230 mloop.controllers    INFO     params [0. 1.]
2022-10-22 23:03:14,533 mloop.controllers    INFO     cost -1.0850948509485097 +/- 0.0
2022-10-22 23:03:14,550 mloop.controllers    INFO     Run:11 (trainer)
2022-10-22 23:03:14,551 mloop.controllers    INFO     params [0.17476642 0.94699189]
2022-10-22 23:03:20,139 mloop.controllers    INFO     cost -1.1266178953292065 +/- 0.0
2022-10-22 23:03:20,140 mloop.controllers    INFO     Run:12 (machine learner)
2022-10-22 23:03:20,140 mloop.controllers    INFO     params [0.44983381 1.        ]
2022-10-22 23:03:25,821 mloop.controllers    INFO     cost -1.1228266965787999 +/- 0.0
2022-10-22 23:03:25,821 mloop.controllers    INFO     Run:13 (machine learner)
2022-10-22 23:03:26,320 mloop.controllers    INFO     params [0.4298727 1.       ]
2022-10-22 23:03:31,925 mloop.controllers    INFO     cost -1.1079136690647482 +/- 0.0
2022-10-22 23:03:31,925 mloop.controllers    INFO     Run:14 (machine learner)
2022-10-22 23:03:31,926 mloop.controllers    INFO     params [0.         0.10213324]
2022-10-22 23:03:37,230 mloop.controllers    INFO     cost -1.1394422310756973 +/- 0.0
2022-10-22 23:03:37,238 mloop.controllers    INFO     Run:15 (trainer)
2022-10-22 23:03:37,239 mloop.controllers    INFO     params [0.72397102 0.17022342]
2022-10-22 23:03:42,949 mloop.controllers    INFO     cost -1.168709865732633 +/- 0.0
2022-10-22 23:03:42,949 mloop.controllers    INFO     Run:16 (machine learner)
2022-10-22 23:03:42,950 mloop.controllers    INFO     params [0.         0.09184888]
2022-10-22 23:03:48,716 mloop.controllers    INFO     cost -1.105466593042518 +/- 0.0
2022-10-22 23:03:48,716 mloop.controllers    INFO     Run:17 (machine learner)
2022-10-22 23:03:48,716 mloop.controllers    INFO     params [0.08857614 0.10555404]
2022-10-22 23:03:54,545 mloop.controllers    INFO     cost -1.2009598080383923 +/- 0.0
2022-10-22 23:03:54,545 mloop.controllers    INFO     Run:18 (machine learner)
2022-10-22 23:03:54,546 mloop.controllers    INFO     params [0.         0.09631858]
2022-10-22 23:04:00,088 mloop.controllers    INFO     cost -1.131712832108536 +/- 0.0
2022-10-22 23:04:00,091 mloop.controllers    INFO     Run:19 (trainer)
2022-10-22 23:04:00,092 mloop.controllers    INFO     params [0.73957408 0.60478844]
2022-10-22 23:04:05,999 mloop.controllers    INFO     cost -1.1178112786152987 +/- 0.0
2022-10-22 23:04:06,000 mloop.controllers    INFO     Run:20 (machine learner)
2022-10-22 23:04:06,001 mloop.controllers    INFO     params [0.06626879 0.12314533]
2022-10-22 23:04:11,826 mloop.controllers    INFO     cost -1.1769547325102883 +/- 0.0
2022-10-22 23:04:11,826 mloop.controllers    INFO     Run:21 (machine learner)
2022-10-22 23:04:12,975 mloop.controllers    INFO     params [0.08856    0.13012653]
2022-10-22 23:04:18,833 mloop.controllers    INFO     cost -1.1578947368421053 +/- 0.0
2022-10-22 23:04:18,834 mloop.controllers    INFO     Run:22 (machine learner)
2022-10-22 23:04:18,835 mloop.controllers    INFO     params [0.07988599 0.13221205]
2022-10-22 23:04:24,395 mloop.controllers    INFO     cost -1.1741935483870969 +/- 0.0
2022-10-22 23:04:24,404 mloop.controllers    INFO     Run:23 (trainer)
2022-10-22 23:04:24,406 mloop.controllers    INFO     params [0.61177572 0.15057439]
2022-10-22 23:04:30,280 mloop.controllers    INFO     cost -1.2536005009392612 +/- 0.0
2022-10-22 23:04:30,280 mloop.controllers    INFO     Run:24 (machine learner)
2022-10-22 23:04:30,280 mloop.controllers    INFO     params [0.14242548 0.10095835]
2022-10-22 23:04:36,684 mloop.controllers    INFO     cost -1.1980849790544583 +/- 0.0
2022-10-22 23:04:36,684 mloop.controllers    INFO     Run:25 (machine learner)
2022-10-22 23:04:36,685 mloop.controllers    INFO     params [0.12016915 0.1029549 ]
2022-10-22 23:04:42,536 mloop.controllers    INFO     cost -1.1619268717353453 +/- 0.0
2022-10-22 23:04:42,536 mloop.controllers    INFO     Run:26 (machine learner)
2022-10-22 23:04:42,537 mloop.controllers    INFO     params [0.09503657 0.10468475]
2022-10-22 23:04:48,191 mloop.controllers    INFO     cost -1.1240875912408759 +/- 0.0
2022-10-22 23:04:48,216 mloop.controllers    INFO     Run:27 (trainer)
2022-10-22 23:04:48,217 mloop.controllers    INFO     params [0.36455731 0.90316962]
2022-10-22 23:04:54,221 mloop.controllers    INFO     cost -1.1240875912408759 +/- 0.0
2022-10-22 23:04:54,221 mloop.controllers    INFO     Run:28 (machine learner)
2022-10-22 23:04:54,222 mloop.controllers    INFO     params [0.58453189 0.1346777 ]
2022-10-22 23:05:00,114 mloop.controllers    INFO     cost -1.164630599185573 +/- 0.0
2022-10-22 23:05:00,114 mloop.controllers    INFO     Run:29 (machine learner)
2022-10-22 23:05:00,115 mloop.controllers    INFO     params [0.60679626 0.1417361 ]
2022-10-22 23:05:05,727 mloop.controllers    INFO     cost -1.1605797101449276 +/- 0.0
2022-10-22 23:05:05,729 mloop.controllers    INFO     Run:30 (machine learner)
2022-10-22 23:05:05,729 mloop.controllers    INFO     params [0.60822824 0.1441492 ]
2022-10-22 23:05:11,547 mloop.controllers    INFO     cost -1.159235668789809 +/- 0.0
2022-10-22 23:05:11,553 mloop.controllers    INFO     Run:31 (trainer)
2022-10-22 23:05:11,553 mloop.controllers    INFO     params [0.02690099 0.20314789]
2022-10-22 23:05:17,570 mloop.controllers    INFO     cost -1.1420422133485455 +/- 0.0
2022-10-22 23:05:17,571 mloop.controllers    INFO     Run:32 (machine learner)
2022-10-22 23:05:17,572 mloop.controllers    INFO     params [0.60877228 0.15979333]
2022-10-22 23:05:23,896 mloop.controllers    INFO     cost -1.1783402001177163 +/- 0.0
2022-10-22 23:05:23,897 mloop.controllers    INFO     Run:33 (machine learner)
2022-10-22 23:05:23,897 mloop.controllers    INFO     params [0.64005999 0.15579701]
2022-10-22 23:05:29,826 mloop.controllers    INFO     cost -1.1605797101449276 +/- 0.0
2022-10-22 23:05:29,826 mloop.controllers    INFO     Run:34 (machine learner)
2022-10-22 23:05:29,827 mloop.controllers    INFO     params [0.60501998 0.15824803]
2022-10-22 23:05:35,579 mloop.controllers    INFO     cost -1.1538904899135447 +/- 0.0
2022-10-22 23:05:35,585 mloop.controllers    INFO     Run:35 (trainer)
2022-10-22 23:05:35,586 mloop.controllers    INFO     params [0.85869937 0.67422999]
2022-10-22 23:05:41,466 mloop.controllers    INFO     cost -1.1368540601930721 +/- 0.0
2022-10-22 23:05:41,467 mloop.controllers    INFO     Run:36 (machine learner)
2022-10-22 23:05:41,468 mloop.controllers    INFO     params [0.20415105 0.09697694]
2022-10-22 23:05:47,449 mloop.controllers    INFO     cost -1.1042471042471043 +/- 0.0
2022-10-22 23:05:47,449 mloop.controllers    INFO     Run:37 (machine learner)
2022-10-22 23:05:47,450 mloop.controllers    INFO     params [0.18642418 0.10071826]
2022-10-22 23:05:53,304 mloop.controllers    INFO     cost -1.2473520249221184 +/- 0.0
2022-10-22 23:05:53,304 mloop.controllers    INFO     Run:38 (machine learner)
2022-10-22 23:05:53,305 mloop.controllers    INFO     params [0.60979563 0.15001888]
2022-10-22 23:05:58,732 mloop.controllers    INFO     cost -1.1867219917012448 +/- 0.0
2022-10-22 23:05:58,744 mloop.controllers    INFO     Run:39 (trainer)
2022-10-22 23:05:58,745 mloop.controllers    INFO     params [0.40853592 0.2941306 ]
2022-10-22 23:06:04,708 mloop.controllers    INFO     cost -1.1342776203966005 +/- 0.0
2022-10-22 23:06:04,709 mloop.controllers    INFO     Run:40 (machine learner)
2022-10-22 23:06:04,710 mloop.controllers    INFO     params [0.6036092  0.14988328]
2022-10-22 23:06:10,580 mloop.controllers    INFO     cost -1.1304347826086958 +/- 0.0
2022-10-22 23:06:10,581 mloop.controllers    INFO     Controller finished. Closing down M-LOOP. Please wait a moment...
2022-10-22 23:06:10,581 mloop.controllers    DEBUG    ML learner end set.
2022-10-22 23:06:19,164 mloop.controllers    DEBUG    ML learner joined
2022-10-22 23:06:19,165 mloop.controllers    DEBUG    Learner end event set.
2022-10-22 23:06:19,165 mloop.controllers    DEBUG    Interface end event set.
2022-10-22 23:06:19,587 mloop.interfaces     DEBUG    Interface ended
2022-10-22 23:06:19,766 mloop.learners.3     DEBUG    Learner end signal received. Ending
