2022-10-22 22:53:04,573 mloop                INFO     M-LOOP version 3.3.1
2022-10-22 22:53:04,574 mloop                DEBUG    M-LOOP Logger configured.
2022-10-22 22:53:04,574 mloop.interfaces     DEBUG    Creating interface.
2022-10-22 22:53:04,575 mloop.controllers    DEBUG    Controller init completed.
2022-10-22 22:53:04,575 mloop.learners.1     DEBUG    Learner init completed.
2022-10-22 22:53:04,575 mloop.learners.1     DEBUG    Random learner init completed.
2022-10-22 22:53:04,575 mloop.learners.2     DEBUG    Learner init completed.
2022-10-22 22:53:04,576 mloop.controllers    INFO     Optimization started.
2022-10-22 22:53:04,576 mloop.learners.1     DEBUG    Starting Random Learner
2022-10-22 22:53:04,576 mloop.interfaces     DEBUG    Entering main loop of interface.
2022-10-22 22:53:04,576 mloop.controllers    DEBUG    ML learner started.
2022-10-22 22:53:04,581 mloop.controllers    DEBUG    Starting training optimization.
2022-10-22 22:53:04,582 mloop.controllers    INFO     Run:1 (training)
2022-10-22 22:53:04,583 mloop.controllers    INFO     params [0.2920478  0.65115463]
2022-10-22 22:53:10,170 mloop.controllers    INFO     cost -1.1368540601930721 +/- 0.0
2022-10-22 22:53:10,171 mloop.controllers    INFO     Run:2 (training)
2022-10-22 22:53:10,172 mloop.controllers    INFO     params [0.82459845 0.61912807]
2022-10-22 22:53:15,406 mloop.controllers    INFO     cost -1.1253513209668353 +/- 0.0
2022-10-22 22:53:15,407 mloop.controllers    INFO     Run:3 (training)
2022-10-22 22:53:15,408 mloop.controllers    INFO     params [0.17006997 0.97401694]
2022-10-22 22:53:15,408 mloop.controllers    DEBUG    Starting ML optimization.
2022-10-22 22:53:20,562 mloop.controllers    INFO     cost -1.0723085163363686 +/- 0.0
2022-10-22 22:53:20,568 mloop.controllers    DEBUG    End training runs.
2022-10-22 22:53:20,568 mloop.controllers    INFO     Run:4 (machine learner)
2022-10-22 22:53:26,355 mloop.controllers    INFO     params [0.05050859 0.43745335]
2022-10-22 22:53:31,966 mloop.controllers    INFO     cost -1.0874524714828897 +/- 0.0
2022-10-22 22:53:31,966 mloop.controllers    INFO     Run:5 (machine learner)
2022-10-22 22:53:32,336 mloop.controllers    INFO     params [0.         0.50449605]
2022-10-22 22:53:37,913 mloop.controllers    INFO     cost -1.0586991010047595 +/- 0.0
2022-10-22 22:53:37,913 mloop.controllers    INFO     Run:6 (machine learner)
2022-10-22 22:53:39,509 mloop.controllers    INFO     params [1.67602683e-01 1.11022302e-16]
2022-10-22 22:53:44,782 mloop.controllers    INFO     cost -1.0981897970378498 +/- 0.0
2022-10-22 22:53:44,805 mloop.controllers    INFO     Run:7 (trainer)
2022-10-22 22:53:44,806 mloop.controllers    INFO     params [0.74685    0.55945462]
2022-10-22 22:53:50,470 mloop.controllers    INFO     cost -1.0553505535055352 +/- 0.0
2022-10-22 22:53:50,471 mloop.controllers    INFO     Run:8 (machine learner)
2022-10-22 22:53:50,471 mloop.controllers    INFO     params [0.4276044  0.65617691]
2022-10-22 22:53:55,989 mloop.controllers    INFO     cost -1.0874524714828897 +/- 0.0
2022-10-22 22:53:55,989 mloop.controllers    INFO     Run:9 (machine learner)
2022-10-22 22:53:55,990 mloop.controllers    INFO     params [0.34032874 0.68440171]
2022-10-22 22:53:59,924 mloop.controllers    WARNING  !!! Do not give the interrupt signal again !!! 
 M-LOOP stopped with keyboard interupt or system exit. Please wait at least 1 minute for the threads to safely shut down. 
 
2022-10-22 22:53:59,927 mloop.controllers    WARNING  Closing down controller.
2022-10-22 22:53:59,928 mloop.controllers    DEBUG    ML learner end set.
2022-10-22 22:54:00,220 mloop.interfaces     DEBUG    Interface ended
