2022-10-22 22:47:11,064 mloop                INFO     M-LOOP version 3.3.1
2022-10-22 22:47:11,064 mloop                DEBUG    M-LOOP Logger configured.
2022-10-22 22:47:11,065 mloop.interfaces     DEBUG    Creating interface.
2022-10-22 22:47:11,065 mloop.controllers    DEBUG    Controller init completed.
2022-10-22 22:47:11,066 mloop.learners.1     DEBUG    Learner init completed.
2022-10-22 22:47:11,066 mloop.learners.1     DEBUG    Random learner init completed.
2022-10-22 22:47:11,066 mloop.learners.2     DEBUG    Learner init completed.
2022-10-22 22:47:11,066 mloop.controllers    INFO     Optimization started.
2022-10-22 22:47:11,067 mloop.learners.1     DEBUG    Starting Random Learner
2022-10-22 22:47:11,067 mloop.interfaces     DEBUG    Entering main loop of interface.
2022-10-22 22:47:11,067 mloop.controllers    DEBUG    ML learner started.
2022-10-22 22:47:11,073 mloop.controllers    DEBUG    Starting training optimization.
2022-10-22 22:47:11,073 mloop.controllers    INFO     Run:1 (training)
2022-10-22 22:47:11,074 mloop.controllers    INFO     params [0.98583178 0.92442915]
2022-10-22 22:47:17,258 mloop.controllers    INFO     cost -1.0620689655172413 +/- 0.0
2022-10-22 22:47:17,258 mloop.controllers    INFO     Run:2 (training)
2022-10-22 22:47:17,259 mloop.controllers    INFO     params [0.53758626 0.82117648]
2022-10-22 22:47:22,960 mloop.controllers    INFO     cost -1.1066887783305694 +/- 0.0
2022-10-22 22:47:22,960 mloop.controllers    INFO     Run:3 (training)
2022-10-22 22:47:22,962 mloop.controllers    INFO     params [0.71608661 0.34655411]
2022-10-22 22:47:22,962 mloop.controllers    DEBUG    Starting ML optimization.
2022-10-22 22:47:28,523 mloop.controllers    INFO     cost -1.0957854406130267 +/- 0.0
2022-10-22 22:47:28,530 mloop.controllers    DEBUG    End training runs.
2022-10-22 22:47:28,530 mloop.controllers    INFO     Run:4 (machine learner)
2022-10-22 22:47:35,406 mloop.controllers    INFO     params [0.37216157 1.        ]
2022-10-22 22:47:41,193 mloop.controllers    INFO     cost -1.0711610486891385 +/- 0.0
2022-10-22 22:47:41,193 mloop.controllers    INFO     Run:5 (machine learner)
2022-10-22 22:47:41,351 mloop.controllers    INFO     params [0.0995632 1.       ]
2022-10-22 22:47:46,957 mloop.controllers    INFO     cost -1.093391589295467 +/- 0.0
2022-10-22 22:47:46,958 mloop.controllers    INFO     Run:6 (machine learner)
2022-10-22 22:47:47,644 mloop.controllers    INFO     params [0.44981031 0.90485958]
2022-10-22 22:47:53,316 mloop.controllers    INFO     cost -1.054239073196419 +/- 0.0
2022-10-22 22:47:53,334 mloop.controllers    INFO     Run:7 (trainer)
2022-10-22 22:47:53,335 mloop.controllers    INFO     params [0.46174278 0.45532003]
2022-10-22 22:47:59,131 mloop.controllers    INFO     cost -1.057580559957739 +/- 0.0
2022-10-22 22:47:59,132 mloop.controllers    INFO     Run:8 (machine learner)
2022-10-22 22:47:59,133 mloop.controllers    INFO     params [0.58741059 0.67954334]
2022-10-22 22:48:05,120 mloop.controllers    INFO     cost -1.0598200105876125 +/- 0.0
2022-10-22 22:48:05,121 mloop.controllers    INFO     Run:9 (machine learner)
2022-10-22 22:48:05,121 mloop.controllers    INFO     params [0. 0.]
2022-10-22 22:48:10,714 mloop.controllers    INFO     cost -1.04 +/- 0.0
2022-10-22 22:48:10,715 mloop.controllers    INFO     Run:10 (machine learner)
2022-10-22 22:48:10,715 mloop.controllers    INFO     params [0.48538632 0.67173618]
2022-10-22 22:48:15,268 mloop.controllers    WARNING  !!! Do not give the interrupt signal again !!! 
 M-LOOP stopped with keyboard interupt or system exit. Please wait at least 1 minute for the threads to safely shut down. 
 
2022-10-22 22:48:15,271 mloop.controllers    WARNING  Closing down controller.
2022-10-22 22:48:15,271 mloop.controllers    DEBUG    ML learner end set.
2022-10-22 22:48:15,445 mloop.interfaces     DEBUG    Interface ended
2022-10-22 22:48:15,680 mloop.controllers    DEBUG    ML learner joined
2022-10-22 22:48:15,680 mloop.controllers    INFO     Machine learning learner did not provide best and/or all minima.
2022-10-22 22:48:15,681 mloop.controllers    DEBUG    Learner end event set.
2022-10-22 22:48:15,681 mloop.controllers    DEBUG    Interface end event set.
2022-10-22 22:48:16,359 mloop.learners.1     DEBUG    Learner end signal received. Ending
