2022-10-23 15:49:04,157 mloop                INFO     M-LOOP version 3.3.1
2022-10-23 15:49:04,158 mloop                DEBUG    M-LOOP Logger configured.
2022-10-23 15:49:04,158 mloop.interfaces     DEBUG    Creating interface.
2022-10-23 15:49:04,159 mloop.controllers    DEBUG    Controller init completed.
2022-10-23 15:49:04,159 mloop.learners.1     DEBUG    Learner init completed.
2022-10-23 15:49:04,159 mloop.learners.1     DEBUG    Random learner init completed.
2022-10-23 15:49:04,159 mloop.learners.2     DEBUG    Learner init completed.
2022-10-23 15:49:04,160 mloop.controllers    INFO     Optimization started.
2022-10-23 15:49:04,160 mloop.learners.1     DEBUG    Starting Random Learner
2022-10-23 15:49:04,160 mloop.interfaces     DEBUG    Entering main loop of interface.
2022-10-23 15:49:04,160 mloop.controllers    DEBUG    ML learner started.
2022-10-23 15:49:04,165 mloop.controllers    DEBUG    Starting training optimization.
2022-10-23 15:49:04,166 mloop.controllers    INFO     Run:1 (training)
2022-10-23 15:49:04,167 mloop.controllers    INFO     params [0.25180924 0.81539183 0.10304656 0.63954375 0.00522558 0.40064545]
2022-10-23 15:49:09,698 mloop.controllers    INFO     cost -1.0874524714828897 +/- 0.0
2022-10-23 15:49:09,698 mloop.controllers    INFO     Run:2 (training)
2022-10-23 15:49:09,700 mloop.controllers    INFO     params [0.16477243 0.21004135 0.64410376 0.67357962 0.85329798 0.375914  ]
2022-10-23 15:49:14,822 mloop.controllers    INFO     cost -1.07576571735626 +/- 0.0
2022-10-23 15:49:14,822 mloop.controllers    INFO     Run:3 (training)
2022-10-23 15:49:14,823 mloop.controllers    INFO     params [0.929037   0.56139367 0.6721856  0.69282847 0.74388928 0.40117304]
2022-10-23 15:49:14,823 mloop.controllers    DEBUG    Starting ML optimization.
2022-10-23 15:49:19,915 mloop.controllers    INFO     cost -1.054239073196419 +/- 0.0
2022-10-23 15:49:19,941 mloop.controllers    DEBUG    End training runs.
2022-10-23 15:49:19,941 mloop.controllers    INFO     Run:4 (machine learner)
2022-10-23 15:49:26,201 mloop.controllers    INFO     params [1.         0.         1.         0.         0.12434906 0.60395671]
2022-10-23 15:49:31,785 mloop.controllers    INFO     cost -1.0886351277868407 +/- 0.0
2022-10-23 15:49:31,785 mloop.controllers    INFO     Run:5 (machine learner)
2022-10-23 15:49:34,140 mloop.controllers    INFO     params [1.         0.         1.         1.         0.         0.02595127]
2022-10-23 15:49:39,710 mloop.controllers    INFO     cost -1.0454308093994777 +/- 0.0
2022-10-23 15:49:39,710 mloop.controllers    INFO     Controller finished. Closing down M-LOOP. Please wait a moment...
2022-10-23 15:49:39,710 mloop.controllers    DEBUG    ML learner end set.
2022-10-23 15:49:48,663 mloop.controllers    DEBUG    ML learner joined
2022-10-23 15:49:48,663 mloop.controllers    DEBUG    Learner end event set.
2022-10-23 15:49:48,663 mloop.controllers    DEBUG    Interface end event set.
2022-10-23 15:49:48,718 mloop.interfaces     DEBUG    Interface ended
2022-10-23 15:49:48,858 mloop.learners.1     DEBUG    Learner end signal received. Ending
2022-10-23 15:49:49,859 mloop.learners.1     DEBUG    Performing shut down of learner.
2022-10-23 15:49:49,859 mloop.learners.1     DEBUG    Ended Random Learner
2022-10-23 15:49:49,859 mloop.controllers    DEBUG    Learner joined.
2022-10-23 15:49:49,860 mloop.controllers    DEBUG    Interface joined.
2022-10-23 15:49:49,861 mloop.controllers    INFO     Optimization ended because:
2022-10-23 15:49:49,861 mloop.controllers    INFO     	* Maximum number of runs reached.
2022-10-23 15:49:49,861 mloop.controllers    INFO     Results:
2022-10-23 15:49:49,861 mloop.controllers    INFO     	* Best parameters found:[1.         0.         1.         0.         0.12434906 0.60395671]
2022-10-23 15:49:49,861 mloop.controllers    INFO     	* Best cost returned:-1.0886351277868407 +/- 0.0
2022-10-23 15:49:49,861 mloop.controllers    INFO     	* Best run number:4
2022-10-23 15:49:49,861 mloop.controllers    INFO     	* Predicted best parameters:[0.00000000e+00 1.00000000e+00 5.55111512e-17 3.83570162e-02
 0.00000000e+00 1.00000000e+00]
2022-10-23 15:49:49,861 mloop.controllers    INFO     	* Predicted best cost:-1.1517990961328455
2022-10-23 15:49:49,861 mloop.controllers    INFO     M-LOOP Done.
2022-10-23 15:50:01,107 mloop.interfaces     DEBUG    Creating interface.
2022-10-23 15:50:01,109 mloop.controllers    DEBUG    Controller init completed.
2022-10-23 15:50:01,109 mloop.learners.3     DEBUG    Learner init completed.
2022-10-23 15:50:01,109 mloop.learners.3     DEBUG    Random learner init completed.
2022-10-23 15:50:01,109 mloop.learners.4     DEBUG    Learner init completed.
2022-10-23 15:50:01,109 mloop.controllers    INFO     Optimization started.
2022-10-23 15:50:01,110 mloop.learners.3     DEBUG    Starting Random Learner
2022-10-23 15:50:01,110 mloop.interfaces     DEBUG    Entering main loop of interface.
2022-10-23 15:50:01,110 mloop.controllers    DEBUG    ML learner started.
2022-10-23 15:50:01,113 mloop.controllers    DEBUG    Starting training optimization.
2022-10-23 15:50:01,113 mloop.controllers    INFO     Run:1 (training)
2022-10-23 15:50:01,114 mloop.controllers    INFO     params [0.53693908 0.05959108 0.76187388 0.50805823 0.40242664 0.93968821]
2022-10-23 15:50:06,799 mloop.controllers    INFO     cost -1.1266178953292065 +/- 0.0
2022-10-23 15:50:06,799 mloop.controllers    INFO     Run:2 (training)
2022-10-23 15:50:06,800 mloop.controllers    INFO     params [0.2584746  0.78745151 0.45506615 0.19902907 0.28750533 0.15957962]
2022-10-23 15:50:12,088 mloop.controllers    INFO     cost -1.1091412742382272 +/- 0.0
2022-10-23 15:50:12,088 mloop.controllers    INFO     Run:3 (training)
2022-10-23 15:50:12,090 mloop.controllers    INFO     params [0.28411635 0.54551454 0.68734502 0.31083344 0.72849651 0.35429545]
2022-10-23 15:50:12,090 mloop.controllers    DEBUG    Starting ML optimization.
2022-10-23 15:50:17,339 mloop.controllers    INFO     cost -1.079245283018868 +/- 0.0
2022-10-23 15:50:17,364 mloop.controllers    DEBUG    End training runs.
2022-10-23 15:50:17,364 mloop.controllers    INFO     Run:4 (machine learner)
2022-10-23 15:50:23,089 mloop.controllers    INFO     params [0.92707965 0.         1.         0.         0.         0.40466498]
2022-10-23 15:50:28,820 mloop.controllers    INFO     cost -1.0874524714828897 +/- 0.0
2022-10-23 15:50:28,820 mloop.controllers    INFO     Run:5 (machine learner)
2022-10-23 15:50:31,254 mloop.controllers    INFO     params [0.99597998 1.         0.43776962 1.         1.         0.48742279]
2022-10-23 15:50:36,905 mloop.controllers    INFO     cost -1.0827474310438074 +/- 0.0
2022-10-23 15:50:36,906 mloop.controllers    INFO     Controller finished. Closing down M-LOOP. Please wait a moment...
2022-10-23 15:50:36,906 mloop.controllers    DEBUG    ML learner end set.
2022-10-23 15:50:46,311 mloop.controllers    DEBUG    ML learner joined
2022-10-23 15:50:46,312 mloop.controllers    DEBUG    Learner end event set.
2022-10-23 15:50:46,312 mloop.controllers    DEBUG    Interface end event set.
2022-10-23 15:50:46,914 mloop.interfaces     DEBUG    Interface ended
2022-10-23 15:50:47,124 mloop.learners.3     DEBUG    Learner end signal received. Ending
2022-10-23 15:50:48,126 mloop.learners.3     DEBUG    Performing shut down of learner.
2022-10-23 15:50:48,126 mloop.learners.3     DEBUG    Ended Random Learner
2022-10-23 15:50:48,127 mloop.controllers    DEBUG    Learner joined.
2022-10-23 15:50:48,127 mloop.controllers    DEBUG    Interface joined.
2022-10-23 15:50:48,129 mloop.controllers    INFO     Optimization ended because:
2022-10-23 15:50:48,130 mloop.controllers    INFO     	* Maximum number of runs reached.
2022-10-23 15:50:48,130 mloop.controllers    INFO     Results:
2022-10-23 15:50:48,130 mloop.controllers    INFO     	* Best parameters found:[0.53693908 0.05959108 0.76187388 0.50805823 0.40242664 0.93968821]
2022-10-23 15:50:48,130 mloop.controllers    INFO     	* Best cost returned:-1.1266178953292065 +/- 0.0
2022-10-23 15:50:48,130 mloop.controllers    INFO     	* Best run number:1
2022-10-23 15:50:48,130 mloop.controllers    INFO     	* Predicted best parameters:[ 8.63707280e-01 -5.55111512e-17  1.00000000e+00  1.00000000e+00
  7.54728269e-01  6.75109043e-01]
2022-10-23 15:50:48,130 mloop.controllers    INFO     	* Predicted best cost:-1.1605235075626523
2022-10-23 15:50:48,130 mloop.controllers    INFO     M-LOOP Done.
2022-10-23 15:50:59,462 mloop.interfaces     DEBUG    Creating interface.
2022-10-23 15:50:59,464 mloop.controllers    DEBUG    Controller init completed.
2022-10-23 15:50:59,464 mloop.learners.5     DEBUG    Learner init completed.
2022-10-23 15:50:59,464 mloop.learners.5     DEBUG    Random learner init completed.
2022-10-23 15:50:59,464 mloop.learners.6     DEBUG    Learner init completed.
2022-10-23 15:50:59,464 mloop.controllers    INFO     Optimization started.
2022-10-23 15:50:59,464 mloop.learners.5     DEBUG    Starting Random Learner
2022-10-23 15:50:59,465 mloop.interfaces     DEBUG    Entering main loop of interface.
2022-10-23 15:50:59,465 mloop.controllers    DEBUG    ML learner started.
2022-10-23 15:50:59,469 mloop.controllers    DEBUG    Starting training optimization.
2022-10-23 15:50:59,469 mloop.controllers    INFO     Run:1 (training)
2022-10-23 15:50:59,472 mloop.controllers    INFO     params [0.38033689 0.82559526 0.12275345 0.85070449 0.04808156 0.15673299]
2022-10-23 15:51:05,321 mloop.controllers    INFO     cost -1.1659871869539895 +/- 0.0
2022-10-23 15:51:05,322 mloop.controllers    INFO     Run:2 (training)
2022-10-23 15:51:05,323 mloop.controllers    INFO     params [0.1082913  0.69309104 0.35339066 0.00315235 0.05073869 0.74378049]
2022-10-23 15:51:07,552 mloop.controllers    WARNING  !!! Do not give the interrupt signal again !!! 
 M-LOOP stopped with keyboard interupt or system exit. Please wait at least 1 minute for the threads to safely shut down. 
 
2022-10-23 15:51:07,556 mloop.controllers    WARNING  Closing down controller.
2022-10-23 15:51:07,557 mloop.controllers    DEBUG    ML learner end set.
2022-10-23 15:51:07,678 mloop.interfaces     DEBUG    Interface ended
2022-10-23 15:51:07,919 mloop.controllers    DEBUG    ML learner joined
2022-10-23 15:51:07,919 mloop.controllers    INFO     Machine learning learner did not provide best and/or all minima.
2022-10-23 15:51:07,919 mloop.controllers    DEBUG    Learner end event set.
2022-10-23 15:51:07,919 mloop.controllers    DEBUG    Interface end event set.
2022-10-23 15:51:08,331 mloop.learners.5     DEBUG    Learner end signal received. Ending
2022-10-23 15:51:09,332 mloop.learners.5     DEBUG    Performing shut down of learner.
2022-10-23 15:51:09,332 mloop.learners.5     DEBUG    Ended Random Learner
