2022-10-23 20:53:50,563 mloop                INFO     M-LOOP version 3.3.1
2022-10-23 20:53:50,563 mloop                DEBUG    M-LOOP Logger configured.
2022-10-23 20:53:50,563 mloop.interfaces     DEBUG    Creating interface.
2022-10-23 20:53:50,564 mloop.controllers    DEBUG    Controller init completed.
2022-10-23 20:53:50,565 mloop.learners.1     DEBUG    Learner init completed.
2022-10-23 20:53:50,565 mloop.learners.1     DEBUG    Random learner init completed.
2022-10-23 20:53:50,565 mloop.learners.2     DEBUG    Learner init completed.
2022-10-23 20:53:50,565 mloop.controllers    INFO     Optimization started.
2022-10-23 20:53:50,566 mloop.learners.1     DEBUG    Starting Random Learner
2022-10-23 20:53:50,566 mloop.interfaces     DEBUG    Entering main loop of interface.
2022-10-23 20:53:50,566 mloop.controllers    DEBUG    ML learner started.
2022-10-23 20:53:50,572 mloop.controllers    DEBUG    Starting training optimization.
2022-10-23 20:53:50,573 mloop.controllers    INFO     Run:1 (training)
2022-10-23 20:53:50,574 mloop.controllers    INFO     params [0.7838013  0.4346873  0.06655626 0.81665315 0.78279518 0.29365834]
2022-10-23 20:53:56,517 mloop.controllers    INFO     cost -1.0654603512506653 +/- 0.017204506655464247
2022-10-23 20:53:56,517 mloop.controllers    INFO     Run:2 (training)
2022-10-23 20:53:56,519 mloop.controllers    INFO     params [0.32002864 0.62416349 0.35714281 0.84714211 0.38255186 0.82663779]
2022-10-23 20:54:01,976 mloop.controllers    INFO     cost -1.0454308093994777 +/- 0.014051139183692829
2022-10-23 20:54:01,976 mloop.controllers    INFO     Run:3 (training)
2022-10-23 20:54:01,977 mloop.controllers    INFO     params [0.2060549  0.82202047 0.70246207 0.33244723 0.35292863 0.78474787]
2022-10-23 20:54:01,977 mloop.controllers    DEBUG    Starting ML optimization.
2022-10-23 20:54:07,405 mloop.controllers    INFO     cost -1.060943296237414 +/- 0.016527513147422734
2022-10-23 20:54:07,409 mloop.controllers    DEBUG    End training runs.
2022-10-23 20:54:07,409 mloop.controllers    INFO     Run:4 (machine learner)
2022-10-23 20:54:13,903 mloop.controllers    INFO     params [0.59056832 0.051      0.949      0.051      0.42218882 0.30248951]
2022-10-23 20:54:19,652 mloop.controllers    INFO     cost -1.0677333333333334 +/- 0.017539151296312117
2022-10-23 20:54:19,653 mloop.controllers    INFO     Run:5 (machine learner)
2022-10-23 20:54:21,058 mloop.controllers    INFO     params [0.051      0.68486874 0.949      0.051      0.949      0.80038806]
2022-10-23 20:54:26,799 mloop.controllers    INFO     cost -1.105466593042518 +/- 0.022675111890848365
2022-10-23 20:54:26,799 mloop.controllers    INFO     Run:6 (machine learner)
2022-10-23 20:54:28,025 mloop.controllers    INFO     params [0.051 0.949 0.949 0.949 0.949 0.051]
2022-10-23 20:54:33,560 mloop.controllers    INFO     cost -1.0746108427267849 +/- 0.018529916188699813
2022-10-23 20:54:33,573 mloop.controllers    INFO     Run:7 (trainer)
2022-10-23 20:54:33,574 mloop.controllers    INFO     params [0.15566322 0.52667155 0.23467399 0.93804085 0.50558869 0.10119478]
2022-10-23 20:54:39,284 mloop.controllers    INFO     cost -1.0945872061235649 +/- 0.021259324864971507
2022-10-23 20:54:39,285 mloop.controllers    INFO     Run:8 (machine learner)
2022-10-23 20:54:39,596 mloop.controllers    INFO     params [0.051      0.51754149 0.949      0.051      0.949      0.949     ]
2022-10-23 20:54:45,369 mloop.controllers    INFO     cost -1.0723085163363686 +/- 0.018201686735376033
2022-10-23 20:54:45,369 mloop.controllers    INFO     Run:9 (machine learner)
2022-10-23 20:54:45,370 mloop.controllers    INFO     params [0.051      0.63135993 0.949      0.051      0.949      0.93758139]
2022-10-23 20:54:51,099 mloop.controllers    INFO     cost -1.0734584450402145 +/- 0.018366038125678275
2022-10-23 20:54:51,099 mloop.controllers    INFO     Run:10 (machine learner)
2022-10-23 20:54:51,100 mloop.controllers    INFO     params [0.051      0.051      0.949      0.71957925 0.949      0.949     ]
2022-10-23 20:54:56,841 mloop.controllers    INFO     cost -1.0723085163363686 +/- 0.018201686735376033
2022-10-23 20:54:56,853 mloop.controllers    INFO     Controller finished. Closing down M-LOOP. Please wait a moment...
2022-10-23 20:54:56,853 mloop.controllers    DEBUG    ML learner end set.
2022-10-23 20:55:07,010 mloop.controllers    DEBUG    ML learner joined
2022-10-23 20:55:07,010 mloop.controllers    DEBUG    Learner end event set.
2022-10-23 20:55:07,010 mloop.controllers    DEBUG    Interface end event set.
2022-10-23 20:55:07,603 mloop.learners.1     DEBUG    Learner end signal received. Ending
2022-10-23 20:55:07,851 mloop.interfaces     DEBUG    Interface ended
2022-10-23 20:55:08,604 mloop.learners.1     DEBUG    Performing shut down of learner.
2022-10-23 20:55:08,604 mloop.learners.1     DEBUG    Ended Random Learner
2022-10-23 20:55:08,604 mloop.controllers    DEBUG    Learner joined.
2022-10-23 20:55:08,604 mloop.controllers    DEBUG    Interface joined.
2022-10-23 20:55:08,605 mloop.controllers    INFO     Optimization ended because:
2022-10-23 20:55:08,606 mloop.controllers    INFO     	* Maximum number of runs reached.
2022-10-23 20:55:08,606 mloop.controllers    INFO     Results:
2022-10-23 20:55:08,606 mloop.controllers    INFO     	* Best parameters found:[0.051      0.68486874 0.949      0.051      0.949      0.80038806]
2022-10-23 20:55:08,606 mloop.controllers    INFO     	* Best cost returned:-1.105466593042518 +/- 0.022675111890848365
2022-10-23 20:55:08,606 mloop.controllers    INFO     	* Best run number:5
2022-10-23 20:55:08,606 mloop.controllers    INFO     	* Predicted best parameters:[0.051      0.84746834 0.70877974 0.051      0.949      0.50207246]
2022-10-23 20:55:08,606 mloop.controllers    INFO     	* Predicted best cost:-1.143101483358285
2022-10-23 20:55:08,606 mloop.controllers    INFO     M-LOOP Done.
2022-10-23 20:55:17,961 mloop.interfaces     DEBUG    Creating interface.
2022-10-23 20:55:17,962 mloop.controllers    DEBUG    Controller init completed.
2022-10-23 20:55:17,963 mloop.learners.3     DEBUG    Learner init completed.
2022-10-23 20:55:17,963 mloop.learners.3     DEBUG    Random learner init completed.
2022-10-23 20:55:17,963 mloop.learners.4     DEBUG    Learner init completed.
2022-10-23 20:55:17,963 mloop.controllers    INFO     Optimization started.
2022-10-23 20:55:17,964 mloop.learners.3     DEBUG    Starting Random Learner
2022-10-23 20:55:17,964 mloop.interfaces     DEBUG    Entering main loop of interface.
2022-10-23 20:55:17,964 mloop.controllers    DEBUG    ML learner started.
2022-10-23 20:55:17,967 mloop.controllers    DEBUG    Starting training optimization.
2022-10-23 20:55:17,968 mloop.controllers    INFO     Run:1 (training)
2022-10-23 20:55:17,969 mloop.controllers    INFO     params [0.27695724 0.63896869 0.33712315 0.12217169 0.91992099 0.42893677]
2022-10-23 20:55:23,941 mloop.controllers    INFO     cost -1.1215686274509804 +/- 0.024703436782677723
2022-10-23 20:55:23,941 mloop.controllers    INFO     Run:2 (training)
2022-10-23 20:55:23,942 mloop.controllers    INFO     params [0.62857355 0.07379033 0.46491053 0.78557779 0.57905386 0.47937737]
2022-10-23 20:55:29,491 mloop.controllers    INFO     cost -1.1512363427257044 +/- 0.028288656977139226
2022-10-23 20:55:29,491 mloop.controllers    INFO     Run:3 (training)
2022-10-23 20:55:29,492 mloop.controllers    INFO     params [0.81647025 0.14559166 0.54154684 0.40048029 0.51045872 0.13703953]
2022-10-23 20:55:29,492 mloop.controllers    DEBUG    Starting ML optimization.
2022-10-23 20:55:32,213 mloop.controllers    WARNING  !!! Do not give the interrupt signal again !!! 
 M-LOOP stopped with keyboard interupt or system exit. Please wait at least 1 minute for the threads to safely shut down. 
 
2022-10-23 20:55:32,215 mloop.controllers    WARNING  Closing down controller.
2022-10-23 20:55:32,219 mloop.controllers    DEBUG    ML learner end set.
2022-10-23 20:55:32,466 mloop.interfaces     DEBUG    Interface ended
2022-10-23 20:55:32,611 mloop.controllers    DEBUG    ML learner joined
2022-10-23 20:55:32,611 mloop.controllers    INFO     Machine learning learner did not provide best and/or all minima.
2022-10-23 20:55:32,611 mloop.controllers    DEBUG    Learner end event set.
2022-10-23 20:55:32,611 mloop.controllers    DEBUG    Interface end event set.
2022-10-23 20:55:33,497 mloop.learners.3     DEBUG    Learner end signal received. Ending
